[2023-08-01 00:00:59,865] {taskinstance.py:1179} INFO - Dependencies all met for <TaskInstance: dag_smtp_email_automatico.dag_envio scheduled__2023-07-31T00:53:00+00:00 [queued]>
[2023-08-01 00:00:59,908] {taskinstance.py:1179} INFO - Dependencies all met for <TaskInstance: dag_smtp_email_automatico.dag_envio scheduled__2023-07-31T00:53:00+00:00 [queued]>
[2023-08-01 00:00:59,908] {taskinstance.py:1376} INFO - 
--------------------------------------------------------------------------------
[2023-08-01 00:00:59,908] {taskinstance.py:1377} INFO - Starting attempt 1 of 11
[2023-08-01 00:00:59,908] {taskinstance.py:1378} INFO - 
--------------------------------------------------------------------------------
[2023-08-01 00:00:59,958] {taskinstance.py:1397} INFO - Executing <Task(PythonOperator): dag_envio> on 2023-07-31 00:53:00+00:00
[2023-08-01 00:00:59,966] {standard_task_runner.py:52} INFO - Started process 17840 to run task
[2023-08-01 00:00:59,973] {standard_task_runner.py:79} INFO - Running: ['***', 'tasks', 'run', 'dag_smtp_email_automatico', 'dag_envio', 'scheduled__2023-07-31T00:53:00+00:00', '--job-id', '495', '--raw', '--subdir', 'DAGS_FOLDER/dag_smtp_email.py', '--cfg-path', '/tmp/tmpxhadu4ux', '--error-file', '/tmp/tmpl0zpewqg']
[2023-08-01 00:00:59,974] {standard_task_runner.py:80} INFO - Job 495: Subtask dag_envio
[2023-08-01 00:01:00,168] {task_command.py:371} INFO - Running <TaskInstance: dag_smtp_email_automatico.dag_envio scheduled__2023-07-31T00:53:00+00:00 [running]> on host b0e2d990d7ae
[2023-08-01 00:01:00,311] {taskinstance.py:1591} INFO - Exporting the following env vars:
AIRFLOW_CTX_DAG_EMAIL=arielmfeldman.af@gmail.com
AIRFLOW_CTX_DAG_OWNER=Ariel Feldman
AIRFLOW_CTX_DAG_ID=dag_smtp_email_automatico
AIRFLOW_CTX_TASK_ID=dag_envio
AIRFLOW_CTX_EXECUTION_DATE=2023-07-31T00:53:00+00:00
AIRFLOW_CTX_TRY_NUMBER=1
AIRFLOW_CTX_DAG_RUN_ID=scheduled__2023-07-31T00:53:00+00:00
[2023-08-01 00:01:02,907] {logging_mixin.py:115} INFO - Exito
[2023-08-01 00:01:02,908] {python.py:173} INFO - Done. Returned value was: None
[2023-08-01 00:01:02,928] {taskinstance.py:1420} INFO - Marking task as SUCCESS. dag_id=dag_smtp_email_automatico, task_id=dag_envio, execution_date=20230731T005300, start_date=20230801T000059, end_date=20230801T000102
[2023-08-01 00:01:02,982] {local_task_job.py:156} INFO - Task exited with return code 0
[2023-08-01 00:01:03,041] {local_task_job.py:273} INFO - 0 downstream tasks scheduled from follow-on schedule check
