[2023-07-30 22:04:37,765] {taskinstance.py:1179} INFO - Dependencies all met for <TaskInstance: dag_smtp_email_automatico.dag_envio scheduled__2023-02-10T00:00:00+00:00 [queued]>
[2023-07-30 22:04:37,826] {taskinstance.py:1179} INFO - Dependencies all met for <TaskInstance: dag_smtp_email_automatico.dag_envio scheduled__2023-02-10T00:00:00+00:00 [queued]>
[2023-07-30 22:04:37,841] {taskinstance.py:1376} INFO - 
--------------------------------------------------------------------------------
[2023-07-30 22:04:37,841] {taskinstance.py:1377} INFO - Starting attempt 1 of 1
[2023-07-30 22:04:37,841] {taskinstance.py:1378} INFO - 
--------------------------------------------------------------------------------
[2023-07-30 22:04:37,938] {taskinstance.py:1397} INFO - Executing <Task(PythonOperator): dag_envio> on 2023-02-10 00:00:00+00:00
[2023-07-30 22:04:37,950] {standard_task_runner.py:52} INFO - Started process 1170 to run task
[2023-07-30 22:04:37,967] {standard_task_runner.py:79} INFO - Running: ['***', 'tasks', 'run', 'dag_smtp_email_automatico', 'dag_envio', 'scheduled__2023-02-10T00:00:00+00:00', '--job-id', '161', '--raw', '--subdir', 'DAGS_FOLDER/dag_smtp_email.py', '--cfg-path', '/tmp/tmp0ajg0l4o', '--error-file', '/tmp/tmp8htpeor7']
[2023-07-30 22:04:37,967] {standard_task_runner.py:80} INFO - Job 161: Subtask dag_envio
[2023-07-30 22:04:38,221] {task_command.py:371} INFO - Running <TaskInstance: dag_smtp_email_automatico.dag_envio scheduled__2023-02-10T00:00:00+00:00 [running]> on host b0e2d990d7ae
[2023-07-30 22:04:38,564] {taskinstance.py:1591} INFO - Exporting the following env vars:
AIRFLOW_CTX_DAG_OWNER=Ariel Feldman
AIRFLOW_CTX_DAG_ID=dag_smtp_email_automatico
AIRFLOW_CTX_TASK_ID=dag_envio
AIRFLOW_CTX_EXECUTION_DATE=2023-02-10T00:00:00+00:00
AIRFLOW_CTX_TRY_NUMBER=1
AIRFLOW_CTX_DAG_RUN_ID=scheduled__2023-02-10T00:00:00+00:00
[2023-07-30 22:04:39,190] {logging_mixin.py:115} INFO - 'EMAIL'
[2023-07-30 22:04:39,200] {logging_mixin.py:115} INFO - Failure
[2023-07-30 22:04:39,203] {python.py:173} INFO - Done. Returned value was: None
[2023-07-30 22:04:39,323] {taskinstance.py:1420} INFO - Marking task as SUCCESS. dag_id=dag_smtp_email_automatico, task_id=dag_envio, execution_date=20230210T000000, start_date=20230730T220437, end_date=20230730T220439
[2023-07-30 22:04:39,437] {local_task_job.py:156} INFO - Task exited with return code 0
[2023-07-30 22:04:39,599] {local_task_job.py:273} INFO - 0 downstream tasks scheduled from follow-on schedule check
