[2023-07-30 22:06:10,344] {taskinstance.py:1179} INFO - Dependencies all met for <TaskInstance: dag_smtp_email_automatico.dag_envio scheduled__2023-05-11T00:00:00+00:00 [queued]>
[2023-07-30 22:06:10,371] {taskinstance.py:1179} INFO - Dependencies all met for <TaskInstance: dag_smtp_email_automatico.dag_envio scheduled__2023-05-11T00:00:00+00:00 [queued]>
[2023-07-30 22:06:10,371] {taskinstance.py:1376} INFO - 
--------------------------------------------------------------------------------
[2023-07-30 22:06:10,371] {taskinstance.py:1377} INFO - Starting attempt 1 of 1
[2023-07-30 22:06:10,371] {taskinstance.py:1378} INFO - 
--------------------------------------------------------------------------------
[2023-07-30 22:06:10,430] {taskinstance.py:1397} INFO - Executing <Task(PythonOperator): dag_envio> on 2023-05-11 00:00:00+00:00
[2023-07-30 22:06:10,442] {standard_task_runner.py:52} INFO - Started process 1392 to run task
[2023-07-30 22:06:10,458] {standard_task_runner.py:79} INFO - Running: ['***', 'tasks', 'run', 'dag_smtp_email_automatico', 'dag_envio', 'scheduled__2023-05-11T00:00:00+00:00', '--job-id', '248', '--raw', '--subdir', 'DAGS_FOLDER/dag_smtp_email.py', '--cfg-path', '/tmp/tmpw383u0io', '--error-file', '/tmp/tmpyx8y679u']
[2023-07-30 22:06:10,458] {standard_task_runner.py:80} INFO - Job 248: Subtask dag_envio
[2023-07-30 22:06:10,653] {task_command.py:371} INFO - Running <TaskInstance: dag_smtp_email_automatico.dag_envio scheduled__2023-05-11T00:00:00+00:00 [running]> on host b0e2d990d7ae
[2023-07-30 22:06:10,887] {taskinstance.py:1591} INFO - Exporting the following env vars:
AIRFLOW_CTX_DAG_OWNER=Ariel Feldman
AIRFLOW_CTX_DAG_ID=dag_smtp_email_automatico
AIRFLOW_CTX_TASK_ID=dag_envio
AIRFLOW_CTX_EXECUTION_DATE=2023-05-11T00:00:00+00:00
AIRFLOW_CTX_TRY_NUMBER=1
AIRFLOW_CTX_DAG_RUN_ID=scheduled__2023-05-11T00:00:00+00:00
[2023-07-30 22:06:11,772] {logging_mixin.py:115} INFO - Connection unexpectedly closed
[2023-07-30 22:06:11,772] {logging_mixin.py:115} INFO - Failure
[2023-07-30 22:06:11,772] {python.py:173} INFO - Done. Returned value was: None
[2023-07-30 22:06:11,794] {taskinstance.py:1420} INFO - Marking task as SUCCESS. dag_id=dag_smtp_email_automatico, task_id=dag_envio, execution_date=20230511T000000, start_date=20230730T220610, end_date=20230730T220611
[2023-07-30 22:06:11,840] {local_task_job.py:156} INFO - Task exited with return code 0
[2023-07-30 22:06:11,912] {local_task_job.py:273} INFO - 0 downstream tasks scheduled from follow-on schedule check
