[2023-07-13 21:59:40,703] {taskinstance.py:1179} INFO - Dependencies all met for <TaskInstance: mi_primer_dag_v3.primera_tarea scheduled__2023-03-24T00:00:00+00:00 [queued]>
[2023-07-13 21:59:40,913] {taskinstance.py:1179} INFO - Dependencies all met for <TaskInstance: mi_primer_dag_v3.primera_tarea scheduled__2023-03-24T00:00:00+00:00 [queued]>
[2023-07-13 21:59:40,913] {taskinstance.py:1376} INFO - 
--------------------------------------------------------------------------------
[2023-07-13 21:59:40,914] {taskinstance.py:1377} INFO - Starting attempt 1 of 6
[2023-07-13 21:59:40,914] {taskinstance.py:1378} INFO - 
--------------------------------------------------------------------------------
[2023-07-13 21:59:41,279] {taskinstance.py:1397} INFO - Executing <Task(BashOperator): primera_tarea> on 2023-03-24 00:00:00+00:00
[2023-07-13 21:59:41,404] {standard_task_runner.py:52} INFO - Started process 1452 to run task
[2023-07-13 21:59:41,465] {standard_task_runner.py:79} INFO - Running: ['***', 'tasks', 'run', 'mi_primer_dag_v3', 'primera_tarea', 'scheduled__2023-03-24T00:00:00+00:00', '--job-id', '708', '--raw', '--subdir', 'DAGS_FOLDER/primer_dag_v3.py', '--cfg-path', '/tmp/tmp2nlpvvjc', '--error-file', '/tmp/tmpachrr37h']
[2023-07-13 21:59:41,524] {standard_task_runner.py:80} INFO - Job 708: Subtask primera_tarea
[2023-07-13 21:59:42,242] {task_command.py:371} INFO - Running <TaskInstance: mi_primer_dag_v3.primera_tarea scheduled__2023-03-24T00:00:00+00:00 [running]> on host 7a1b6d75866e
[2023-07-13 21:59:43,046] {taskinstance.py:1591} INFO - Exporting the following env vars:
AIRFLOW_CTX_DAG_OWNER=Ari Feldman
AIRFLOW_CTX_DAG_ID=mi_primer_dag_v3
AIRFLOW_CTX_TASK_ID=primera_tarea
AIRFLOW_CTX_EXECUTION_DATE=2023-03-24T00:00:00+00:00
AIRFLOW_CTX_TRY_NUMBER=1
AIRFLOW_CTX_DAG_RUN_ID=scheduled__2023-03-24T00:00:00+00:00
[2023-07-13 21:59:43,048] {subprocess.py:62} INFO - Tmp dir root location: 
 /tmp
[2023-07-13 21:59:43,059] {subprocess.py:74} INFO - Running command: ['bash', '-c', 'echo hola mundo, esta es nuestra primera tarea!']
[2023-07-13 21:59:43,261] {subprocess.py:85} INFO - Output:
[2023-07-13 21:59:43,317] {subprocess.py:92} INFO - hola mundo, esta es nuestra primera tarea!
[2023-07-13 21:59:43,319] {subprocess.py:96} INFO - Command exited with return code 0
[2023-07-13 21:59:43,582] {taskinstance.py:1420} INFO - Marking task as SUCCESS. dag_id=mi_primer_dag_v3, task_id=primera_tarea, execution_date=20230324T000000, start_date=20230713T215940, end_date=20230713T215943
[2023-07-13 21:59:43,765] {local_task_job.py:156} INFO - Task exited with return code 0
[2023-07-13 21:59:44,479] {local_task_job.py:273} INFO - 2 downstream tasks scheduled from follow-on schedule check
