[2023-07-31 00:01:36,897] {taskinstance.py:1179} INFO - Dependencies all met for <TaskInstance: hello_world.hello_task scheduled__2017-05-02T00:00:00+00:00 [queued]>
[2023-07-31 00:01:37,174] {taskinstance.py:1179} INFO - Dependencies all met for <TaskInstance: hello_world.hello_task scheduled__2017-05-02T00:00:00+00:00 [queued]>
[2023-07-31 00:01:37,175] {taskinstance.py:1376} INFO - 
--------------------------------------------------------------------------------
[2023-07-31 00:01:37,175] {taskinstance.py:1377} INFO - Starting attempt 1 of 1
[2023-07-31 00:01:37,175] {taskinstance.py:1378} INFO - 
--------------------------------------------------------------------------------
[2023-07-31 00:01:37,345] {taskinstance.py:1397} INFO - Executing <Task(PythonOperator): hello_task> on 2017-05-02 00:00:00+00:00
[2023-07-31 00:01:37,441] {standard_task_runner.py:52} INFO - Started process 6638 to run task
[2023-07-31 00:01:37,488] {standard_task_runner.py:79} INFO - Running: ['***', 'tasks', 'run', 'hello_world', 'hello_task', 'scheduled__2017-05-02T00:00:00+00:00', '--job-id', '416', '--raw', '--subdir', 'DAGS_FOLDER/dag_smtp_test.py', '--cfg-path', '/tmp/tmp60qqnayg', '--error-file', '/tmp/tmp3n7s2myr']
[2023-07-31 00:01:37,546] {standard_task_runner.py:80} INFO - Job 416: Subtask hello_task
[2023-07-31 00:01:38,086] {task_command.py:371} INFO - Running <TaskInstance: hello_world.hello_task scheduled__2017-05-02T00:00:00+00:00 [running]> on host b0e2d990d7ae
[2023-07-31 00:01:38,541] {taskinstance.py:1591} INFO - Exporting the following env vars:
AIRFLOW_CTX_DAG_OWNER=***
AIRFLOW_CTX_DAG_ID=hello_world
AIRFLOW_CTX_TASK_ID=hello_task
AIRFLOW_CTX_EXECUTION_DATE=2017-05-02T00:00:00+00:00
AIRFLOW_CTX_TRY_NUMBER=1
AIRFLOW_CTX_DAG_RUN_ID=scheduled__2017-05-02T00:00:00+00:00
[2023-07-31 00:01:38,542] {logging_mixin.py:115} INFO - Hello world!
[2023-07-31 00:01:38,542] {python.py:173} INFO - Done. Returned value was: None
[2023-07-31 00:01:38,666] {taskinstance.py:1420} INFO - Marking task as SUCCESS. dag_id=hello_world, task_id=hello_task, execution_date=20170502T000000, start_date=20230731T000136, end_date=20230731T000138
[2023-07-31 00:01:38,743] {local_task_job.py:156} INFO - Task exited with return code 0
[2023-07-31 00:01:39,090] {local_task_job.py:273} INFO - 0 downstream tasks scheduled from follow-on schedule check
