[2023-07-12 00:20:41,799] {processor.py:153} INFO - Started process (PID=42) to work on /home/airflow/.local/lib/python3.7/site-packages/airflow/example_dags/example_kubernetes_executor.py
[2023-07-12 00:20:41,800] {processor.py:641} INFO - Processing file /home/airflow/.local/lib/python3.7/site-packages/airflow/example_dags/example_kubernetes_executor.py for tasks to queue
[2023-07-12 00:20:41,801] {logging_mixin.py:115} INFO - [2023-07-12 00:20:41,801] {dagbag.py:508} INFO - Filling up the DagBag from /home/airflow/.local/lib/python3.7/site-packages/airflow/example_dags/example_kubernetes_executor.py
[2023-07-12 00:20:41,950] {processor.py:651} INFO - DAG(s) dict_keys(['example_kubernetes_executor']) retrieved from /home/airflow/.local/lib/python3.7/site-packages/airflow/example_dags/example_kubernetes_executor.py
[2023-07-12 00:20:42,294] {logging_mixin.py:115} INFO - [2023-07-12 00:20:42,294] {dag.py:2420} INFO - Sync 1 DAGs
[2023-07-12 00:20:42,358] {logging_mixin.py:115} INFO - [2023-07-12 00:20:42,358] {dag.py:2972} INFO - Setting next_dagrun for example_kubernetes_executor to None, run_after=None
[2023-07-12 00:20:42,390] {processor.py:161} INFO - Processing /home/airflow/.local/lib/python3.7/site-packages/airflow/example_dags/example_kubernetes_executor.py took 0.596 seconds
[2023-07-12 00:21:12,845] {processor.py:153} INFO - Started process (PID=94) to work on /home/airflow/.local/lib/python3.7/site-packages/airflow/example_dags/example_kubernetes_executor.py
[2023-07-12 00:21:12,846] {processor.py:641} INFO - Processing file /home/airflow/.local/lib/python3.7/site-packages/airflow/example_dags/example_kubernetes_executor.py for tasks to queue
[2023-07-12 00:21:12,847] {logging_mixin.py:115} INFO - [2023-07-12 00:21:12,847] {dagbag.py:508} INFO - Filling up the DagBag from /home/airflow/.local/lib/python3.7/site-packages/airflow/example_dags/example_kubernetes_executor.py
[2023-07-12 00:21:12,911] {processor.py:651} INFO - DAG(s) dict_keys(['example_kubernetes_executor']) retrieved from /home/airflow/.local/lib/python3.7/site-packages/airflow/example_dags/example_kubernetes_executor.py
[2023-07-12 00:21:13,294] {logging_mixin.py:115} INFO - [2023-07-12 00:21:13,294] {dag.py:2420} INFO - Sync 1 DAGs
[2023-07-12 00:21:13,353] {logging_mixin.py:115} INFO - [2023-07-12 00:21:13,352] {dag.py:2972} INFO - Setting next_dagrun for example_kubernetes_executor to None, run_after=None
[2023-07-12 00:21:13,394] {processor.py:161} INFO - Processing /home/airflow/.local/lib/python3.7/site-packages/airflow/example_dags/example_kubernetes_executor.py took 0.554 seconds
[2023-07-12 00:21:43,790] {processor.py:153} INFO - Started process (PID=146) to work on /home/airflow/.local/lib/python3.7/site-packages/airflow/example_dags/example_kubernetes_executor.py
[2023-07-12 00:21:43,791] {processor.py:641} INFO - Processing file /home/airflow/.local/lib/python3.7/site-packages/airflow/example_dags/example_kubernetes_executor.py for tasks to queue
[2023-07-12 00:21:43,791] {logging_mixin.py:115} INFO - [2023-07-12 00:21:43,791] {dagbag.py:508} INFO - Filling up the DagBag from /home/airflow/.local/lib/python3.7/site-packages/airflow/example_dags/example_kubernetes_executor.py
[2023-07-12 00:21:43,835] {processor.py:651} INFO - DAG(s) dict_keys(['example_kubernetes_executor']) retrieved from /home/airflow/.local/lib/python3.7/site-packages/airflow/example_dags/example_kubernetes_executor.py
[2023-07-12 00:21:44,078] {logging_mixin.py:115} INFO - [2023-07-12 00:21:44,078] {dag.py:2420} INFO - Sync 1 DAGs
[2023-07-12 00:21:44,120] {logging_mixin.py:115} INFO - [2023-07-12 00:21:44,120] {dag.py:2972} INFO - Setting next_dagrun for example_kubernetes_executor to None, run_after=None
[2023-07-12 00:21:44,182] {processor.py:161} INFO - Processing /home/airflow/.local/lib/python3.7/site-packages/airflow/example_dags/example_kubernetes_executor.py took 0.397 seconds
[2023-07-12 00:22:14,496] {processor.py:153} INFO - Started process (PID=197) to work on /home/airflow/.local/lib/python3.7/site-packages/airflow/example_dags/example_kubernetes_executor.py
[2023-07-12 00:22:14,498] {processor.py:641} INFO - Processing file /home/airflow/.local/lib/python3.7/site-packages/airflow/example_dags/example_kubernetes_executor.py for tasks to queue
[2023-07-12 00:22:14,499] {logging_mixin.py:115} INFO - [2023-07-12 00:22:14,498] {dagbag.py:508} INFO - Filling up the DagBag from /home/airflow/.local/lib/python3.7/site-packages/airflow/example_dags/example_kubernetes_executor.py
[2023-07-12 00:22:14,555] {processor.py:651} INFO - DAG(s) dict_keys(['example_kubernetes_executor']) retrieved from /home/airflow/.local/lib/python3.7/site-packages/airflow/example_dags/example_kubernetes_executor.py
[2023-07-12 00:22:14,767] {logging_mixin.py:115} INFO - [2023-07-12 00:22:14,767] {dag.py:2420} INFO - Sync 1 DAGs
[2023-07-12 00:22:14,805] {logging_mixin.py:115} INFO - [2023-07-12 00:22:14,805] {dag.py:2972} INFO - Setting next_dagrun for example_kubernetes_executor to None, run_after=None
[2023-07-12 00:22:14,819] {processor.py:161} INFO - Processing /home/airflow/.local/lib/python3.7/site-packages/airflow/example_dags/example_kubernetes_executor.py took 0.329 seconds
[2023-07-12 00:22:44,883] {processor.py:153} INFO - Started process (PID=249) to work on /home/airflow/.local/lib/python3.7/site-packages/airflow/example_dags/example_kubernetes_executor.py
[2023-07-12 00:22:44,883] {processor.py:641} INFO - Processing file /home/airflow/.local/lib/python3.7/site-packages/airflow/example_dags/example_kubernetes_executor.py for tasks to queue
[2023-07-12 00:22:44,884] {logging_mixin.py:115} INFO - [2023-07-12 00:22:44,884] {dagbag.py:508} INFO - Filling up the DagBag from /home/airflow/.local/lib/python3.7/site-packages/airflow/example_dags/example_kubernetes_executor.py
[2023-07-12 00:22:44,954] {processor.py:651} INFO - DAG(s) dict_keys(['example_kubernetes_executor']) retrieved from /home/airflow/.local/lib/python3.7/site-packages/airflow/example_dags/example_kubernetes_executor.py
[2023-07-12 00:22:45,270] {logging_mixin.py:115} INFO - [2023-07-12 00:22:45,270] {dag.py:2420} INFO - Sync 1 DAGs
[2023-07-12 00:22:45,330] {logging_mixin.py:115} INFO - [2023-07-12 00:22:45,330] {dag.py:2972} INFO - Setting next_dagrun for example_kubernetes_executor to None, run_after=None
[2023-07-12 00:22:45,357] {processor.py:161} INFO - Processing /home/airflow/.local/lib/python3.7/site-packages/airflow/example_dags/example_kubernetes_executor.py took 0.480 seconds
[2023-07-12 00:23:15,659] {processor.py:153} INFO - Started process (PID=300) to work on /home/airflow/.local/lib/python3.7/site-packages/airflow/example_dags/example_kubernetes_executor.py
[2023-07-12 00:23:15,660] {processor.py:641} INFO - Processing file /home/airflow/.local/lib/python3.7/site-packages/airflow/example_dags/example_kubernetes_executor.py for tasks to queue
[2023-07-12 00:23:15,661] {logging_mixin.py:115} INFO - [2023-07-12 00:23:15,661] {dagbag.py:508} INFO - Filling up the DagBag from /home/airflow/.local/lib/python3.7/site-packages/airflow/example_dags/example_kubernetes_executor.py
[2023-07-12 00:23:15,732] {processor.py:651} INFO - DAG(s) dict_keys(['example_kubernetes_executor']) retrieved from /home/airflow/.local/lib/python3.7/site-packages/airflow/example_dags/example_kubernetes_executor.py
[2023-07-12 00:23:16,087] {logging_mixin.py:115} INFO - [2023-07-12 00:23:16,086] {dag.py:2420} INFO - Sync 1 DAGs
[2023-07-12 00:23:16,151] {logging_mixin.py:115} INFO - [2023-07-12 00:23:16,151] {dag.py:2972} INFO - Setting next_dagrun for example_kubernetes_executor to None, run_after=None
[2023-07-12 00:23:16,184] {processor.py:161} INFO - Processing /home/airflow/.local/lib/python3.7/site-packages/airflow/example_dags/example_kubernetes_executor.py took 0.532 seconds
[2023-07-12 00:23:46,626] {processor.py:153} INFO - Started process (PID=353) to work on /home/airflow/.local/lib/python3.7/site-packages/airflow/example_dags/example_kubernetes_executor.py
[2023-07-12 00:23:46,627] {processor.py:641} INFO - Processing file /home/airflow/.local/lib/python3.7/site-packages/airflow/example_dags/example_kubernetes_executor.py for tasks to queue
[2023-07-12 00:23:46,627] {logging_mixin.py:115} INFO - [2023-07-12 00:23:46,627] {dagbag.py:508} INFO - Filling up the DagBag from /home/airflow/.local/lib/python3.7/site-packages/airflow/example_dags/example_kubernetes_executor.py
[2023-07-12 00:23:46,901] {processor.py:651} INFO - DAG(s) dict_keys(['example_kubernetes_executor']) retrieved from /home/airflow/.local/lib/python3.7/site-packages/airflow/example_dags/example_kubernetes_executor.py
[2023-07-12 00:23:47,393] {logging_mixin.py:115} INFO - [2023-07-12 00:23:47,393] {dag.py:2420} INFO - Sync 1 DAGs
[2023-07-12 00:23:47,464] {logging_mixin.py:115} INFO - [2023-07-12 00:23:47,464] {dag.py:2972} INFO - Setting next_dagrun for example_kubernetes_executor to None, run_after=None
[2023-07-12 00:23:47,492] {processor.py:161} INFO - Processing /home/airflow/.local/lib/python3.7/site-packages/airflow/example_dags/example_kubernetes_executor.py took 0.876 seconds
[2023-07-12 00:24:17,634] {processor.py:153} INFO - Started process (PID=405) to work on /home/airflow/.local/lib/python3.7/site-packages/airflow/example_dags/example_kubernetes_executor.py
[2023-07-12 00:24:17,634] {processor.py:641} INFO - Processing file /home/airflow/.local/lib/python3.7/site-packages/airflow/example_dags/example_kubernetes_executor.py for tasks to queue
[2023-07-12 00:24:17,635] {logging_mixin.py:115} INFO - [2023-07-12 00:24:17,635] {dagbag.py:508} INFO - Filling up the DagBag from /home/airflow/.local/lib/python3.7/site-packages/airflow/example_dags/example_kubernetes_executor.py
[2023-07-12 00:24:17,688] {processor.py:651} INFO - DAG(s) dict_keys(['example_kubernetes_executor']) retrieved from /home/airflow/.local/lib/python3.7/site-packages/airflow/example_dags/example_kubernetes_executor.py
[2023-07-12 00:24:18,005] {logging_mixin.py:115} INFO - [2023-07-12 00:24:18,004] {dag.py:2420} INFO - Sync 1 DAGs
[2023-07-12 00:24:18,094] {logging_mixin.py:115} INFO - [2023-07-12 00:24:18,094] {dag.py:2972} INFO - Setting next_dagrun for example_kubernetes_executor to None, run_after=None
[2023-07-12 00:24:18,141] {processor.py:161} INFO - Processing /home/airflow/.local/lib/python3.7/site-packages/airflow/example_dags/example_kubernetes_executor.py took 0.512 seconds
[2023-07-12 00:24:48,254] {processor.py:153} INFO - Started process (PID=466) to work on /home/airflow/.local/lib/python3.7/site-packages/airflow/example_dags/example_kubernetes_executor.py
[2023-07-12 00:24:48,255] {processor.py:641} INFO - Processing file /home/airflow/.local/lib/python3.7/site-packages/airflow/example_dags/example_kubernetes_executor.py for tasks to queue
[2023-07-12 00:24:48,256] {logging_mixin.py:115} INFO - [2023-07-12 00:24:48,256] {dagbag.py:508} INFO - Filling up the DagBag from /home/airflow/.local/lib/python3.7/site-packages/airflow/example_dags/example_kubernetes_executor.py
[2023-07-12 00:24:48,313] {processor.py:651} INFO - DAG(s) dict_keys(['example_kubernetes_executor']) retrieved from /home/airflow/.local/lib/python3.7/site-packages/airflow/example_dags/example_kubernetes_executor.py
[2023-07-12 00:24:48,570] {logging_mixin.py:115} INFO - [2023-07-12 00:24:48,570] {dag.py:2420} INFO - Sync 1 DAGs
[2023-07-12 00:24:48,615] {logging_mixin.py:115} INFO - [2023-07-12 00:24:48,615] {dag.py:2972} INFO - Setting next_dagrun for example_kubernetes_executor to None, run_after=None
[2023-07-12 00:24:48,632] {processor.py:161} INFO - Processing /home/airflow/.local/lib/python3.7/site-packages/airflow/example_dags/example_kubernetes_executor.py took 0.384 seconds
[2023-07-12 00:25:19,186] {processor.py:153} INFO - Started process (PID=518) to work on /home/airflow/.local/lib/python3.7/site-packages/airflow/example_dags/example_kubernetes_executor.py
[2023-07-12 00:25:19,189] {processor.py:641} INFO - Processing file /home/airflow/.local/lib/python3.7/site-packages/airflow/example_dags/example_kubernetes_executor.py for tasks to queue
[2023-07-12 00:25:19,190] {logging_mixin.py:115} INFO - [2023-07-12 00:25:19,190] {dagbag.py:508} INFO - Filling up the DagBag from /home/airflow/.local/lib/python3.7/site-packages/airflow/example_dags/example_kubernetes_executor.py
[2023-07-12 00:25:19,245] {processor.py:651} INFO - DAG(s) dict_keys(['example_kubernetes_executor']) retrieved from /home/airflow/.local/lib/python3.7/site-packages/airflow/example_dags/example_kubernetes_executor.py
[2023-07-12 00:25:19,532] {logging_mixin.py:115} INFO - [2023-07-12 00:25:19,532] {dag.py:2420} INFO - Sync 1 DAGs
[2023-07-12 00:25:19,610] {logging_mixin.py:115} INFO - [2023-07-12 00:25:19,610] {dag.py:2972} INFO - Setting next_dagrun for example_kubernetes_executor to None, run_after=None
[2023-07-12 00:25:19,644] {processor.py:161} INFO - Processing /home/airflow/.local/lib/python3.7/site-packages/airflow/example_dags/example_kubernetes_executor.py took 0.466 seconds
[2023-07-12 00:25:50,241] {processor.py:153} INFO - Started process (PID=570) to work on /home/airflow/.local/lib/python3.7/site-packages/airflow/example_dags/example_kubernetes_executor.py
[2023-07-12 00:25:50,242] {processor.py:641} INFO - Processing file /home/airflow/.local/lib/python3.7/site-packages/airflow/example_dags/example_kubernetes_executor.py for tasks to queue
[2023-07-12 00:25:50,242] {logging_mixin.py:115} INFO - [2023-07-12 00:25:50,242] {dagbag.py:508} INFO - Filling up the DagBag from /home/airflow/.local/lib/python3.7/site-packages/airflow/example_dags/example_kubernetes_executor.py
[2023-07-12 00:25:50,299] {processor.py:651} INFO - DAG(s) dict_keys(['example_kubernetes_executor']) retrieved from /home/airflow/.local/lib/python3.7/site-packages/airflow/example_dags/example_kubernetes_executor.py
[2023-07-12 00:25:50,598] {logging_mixin.py:115} INFO - [2023-07-12 00:25:50,598] {dag.py:2420} INFO - Sync 1 DAGs
[2023-07-12 00:25:50,635] {logging_mixin.py:115} INFO - [2023-07-12 00:25:50,635] {dag.py:2972} INFO - Setting next_dagrun for example_kubernetes_executor to None, run_after=None
[2023-07-12 00:25:50,659] {processor.py:161} INFO - Processing /home/airflow/.local/lib/python3.7/site-packages/airflow/example_dags/example_kubernetes_executor.py took 0.427 seconds
[2023-07-12 00:26:20,799] {processor.py:153} INFO - Started process (PID=622) to work on /home/airflow/.local/lib/python3.7/site-packages/airflow/example_dags/example_kubernetes_executor.py
[2023-07-12 00:26:20,808] {processor.py:641} INFO - Processing file /home/airflow/.local/lib/python3.7/site-packages/airflow/example_dags/example_kubernetes_executor.py for tasks to queue
[2023-07-12 00:26:20,808] {logging_mixin.py:115} INFO - [2023-07-12 00:26:20,808] {dagbag.py:508} INFO - Filling up the DagBag from /home/airflow/.local/lib/python3.7/site-packages/airflow/example_dags/example_kubernetes_executor.py
[2023-07-12 00:26:20,935] {processor.py:651} INFO - DAG(s) dict_keys(['example_kubernetes_executor']) retrieved from /home/airflow/.local/lib/python3.7/site-packages/airflow/example_dags/example_kubernetes_executor.py
[2023-07-12 00:26:21,176] {logging_mixin.py:115} INFO - [2023-07-12 00:26:21,175] {dag.py:2420} INFO - Sync 1 DAGs
[2023-07-12 00:26:21,214] {logging_mixin.py:115} INFO - [2023-07-12 00:26:21,214] {dag.py:2972} INFO - Setting next_dagrun for example_kubernetes_executor to None, run_after=None
[2023-07-12 00:26:21,234] {processor.py:161} INFO - Processing /home/airflow/.local/lib/python3.7/site-packages/airflow/example_dags/example_kubernetes_executor.py took 0.441 seconds
[2023-07-12 00:26:51,304] {processor.py:153} INFO - Started process (PID=683) to work on /home/airflow/.local/lib/python3.7/site-packages/airflow/example_dags/example_kubernetes_executor.py
[2023-07-12 00:26:51,304] {processor.py:641} INFO - Processing file /home/airflow/.local/lib/python3.7/site-packages/airflow/example_dags/example_kubernetes_executor.py for tasks to queue
[2023-07-12 00:26:51,305] {logging_mixin.py:115} INFO - [2023-07-12 00:26:51,305] {dagbag.py:508} INFO - Filling up the DagBag from /home/airflow/.local/lib/python3.7/site-packages/airflow/example_dags/example_kubernetes_executor.py
[2023-07-12 00:26:51,355] {processor.py:651} INFO - DAG(s) dict_keys(['example_kubernetes_executor']) retrieved from /home/airflow/.local/lib/python3.7/site-packages/airflow/example_dags/example_kubernetes_executor.py
[2023-07-12 00:26:51,608] {logging_mixin.py:115} INFO - [2023-07-12 00:26:51,608] {dag.py:2420} INFO - Sync 1 DAGs
[2023-07-12 00:26:51,650] {logging_mixin.py:115} INFO - [2023-07-12 00:26:51,650] {dag.py:2972} INFO - Setting next_dagrun for example_kubernetes_executor to None, run_after=None
[2023-07-12 00:26:51,691] {processor.py:161} INFO - Processing /home/airflow/.local/lib/python3.7/site-packages/airflow/example_dags/example_kubernetes_executor.py took 0.393 seconds
[2023-07-12 00:27:21,979] {processor.py:153} INFO - Started process (PID=735) to work on /home/airflow/.local/lib/python3.7/site-packages/airflow/example_dags/example_kubernetes_executor.py
[2023-07-12 00:27:21,980] {processor.py:641} INFO - Processing file /home/airflow/.local/lib/python3.7/site-packages/airflow/example_dags/example_kubernetes_executor.py for tasks to queue
[2023-07-12 00:27:21,980] {logging_mixin.py:115} INFO - [2023-07-12 00:27:21,980] {dagbag.py:508} INFO - Filling up the DagBag from /home/airflow/.local/lib/python3.7/site-packages/airflow/example_dags/example_kubernetes_executor.py
[2023-07-12 00:27:22,028] {processor.py:651} INFO - DAG(s) dict_keys(['example_kubernetes_executor']) retrieved from /home/airflow/.local/lib/python3.7/site-packages/airflow/example_dags/example_kubernetes_executor.py
[2023-07-12 00:27:22,258] {logging_mixin.py:115} INFO - [2023-07-12 00:27:22,258] {dag.py:2420} INFO - Sync 1 DAGs
[2023-07-12 00:27:22,296] {logging_mixin.py:115} INFO - [2023-07-12 00:27:22,296] {dag.py:2972} INFO - Setting next_dagrun for example_kubernetes_executor to None, run_after=None
[2023-07-12 00:27:22,322] {processor.py:161} INFO - Processing /home/airflow/.local/lib/python3.7/site-packages/airflow/example_dags/example_kubernetes_executor.py took 0.349 seconds
[2023-07-12 00:27:53,098] {processor.py:153} INFO - Started process (PID=788) to work on /home/airflow/.local/lib/python3.7/site-packages/airflow/example_dags/example_kubernetes_executor.py
[2023-07-12 00:27:53,099] {processor.py:641} INFO - Processing file /home/airflow/.local/lib/python3.7/site-packages/airflow/example_dags/example_kubernetes_executor.py for tasks to queue
[2023-07-12 00:27:53,099] {logging_mixin.py:115} INFO - [2023-07-12 00:27:53,099] {dagbag.py:508} INFO - Filling up the DagBag from /home/airflow/.local/lib/python3.7/site-packages/airflow/example_dags/example_kubernetes_executor.py
[2023-07-12 00:27:53,134] {processor.py:651} INFO - DAG(s) dict_keys(['example_kubernetes_executor']) retrieved from /home/airflow/.local/lib/python3.7/site-packages/airflow/example_dags/example_kubernetes_executor.py
[2023-07-12 00:27:53,309] {logging_mixin.py:115} INFO - [2023-07-12 00:27:53,309] {dag.py:2420} INFO - Sync 1 DAGs
[2023-07-12 00:27:53,342] {logging_mixin.py:115} INFO - [2023-07-12 00:27:53,341] {dag.py:2972} INFO - Setting next_dagrun for example_kubernetes_executor to None, run_after=None
[2023-07-12 00:27:53,357] {processor.py:161} INFO - Processing /home/airflow/.local/lib/python3.7/site-packages/airflow/example_dags/example_kubernetes_executor.py took 0.263 seconds
[2023-07-12 00:28:23,394] {processor.py:153} INFO - Started process (PID=848) to work on /home/airflow/.local/lib/python3.7/site-packages/airflow/example_dags/example_kubernetes_executor.py
[2023-07-12 00:28:23,394] {processor.py:641} INFO - Processing file /home/airflow/.local/lib/python3.7/site-packages/airflow/example_dags/example_kubernetes_executor.py for tasks to queue
[2023-07-12 00:28:23,395] {logging_mixin.py:115} INFO - [2023-07-12 00:28:23,395] {dagbag.py:508} INFO - Filling up the DagBag from /home/airflow/.local/lib/python3.7/site-packages/airflow/example_dags/example_kubernetes_executor.py
[2023-07-12 00:28:23,433] {processor.py:651} INFO - DAG(s) dict_keys(['example_kubernetes_executor']) retrieved from /home/airflow/.local/lib/python3.7/site-packages/airflow/example_dags/example_kubernetes_executor.py
[2023-07-12 00:28:23,648] {logging_mixin.py:115} INFO - [2023-07-12 00:28:23,648] {dag.py:2420} INFO - Sync 1 DAGs
[2023-07-12 00:28:23,673] {logging_mixin.py:115} INFO - [2023-07-12 00:28:23,673] {dag.py:2972} INFO - Setting next_dagrun for example_kubernetes_executor to None, run_after=None
[2023-07-12 00:28:23,687] {processor.py:161} INFO - Processing /home/airflow/.local/lib/python3.7/site-packages/airflow/example_dags/example_kubernetes_executor.py took 0.297 seconds
[2023-07-12 00:28:54,167] {processor.py:153} INFO - Started process (PID=901) to work on /home/airflow/.local/lib/python3.7/site-packages/airflow/example_dags/example_kubernetes_executor.py
[2023-07-12 00:28:54,168] {processor.py:641} INFO - Processing file /home/airflow/.local/lib/python3.7/site-packages/airflow/example_dags/example_kubernetes_executor.py for tasks to queue
[2023-07-12 00:28:54,170] {logging_mixin.py:115} INFO - [2023-07-12 00:28:54,170] {dagbag.py:508} INFO - Filling up the DagBag from /home/airflow/.local/lib/python3.7/site-packages/airflow/example_dags/example_kubernetes_executor.py
[2023-07-12 00:28:54,234] {processor.py:651} INFO - DAG(s) dict_keys(['example_kubernetes_executor']) retrieved from /home/airflow/.local/lib/python3.7/site-packages/airflow/example_dags/example_kubernetes_executor.py
[2023-07-12 00:28:54,570] {logging_mixin.py:115} INFO - [2023-07-12 00:28:54,570] {dag.py:2420} INFO - Sync 1 DAGs
[2023-07-12 00:28:54,625] {logging_mixin.py:115} INFO - [2023-07-12 00:28:54,625] {dag.py:2972} INFO - Setting next_dagrun for example_kubernetes_executor to None, run_after=None
[2023-07-12 00:28:54,655] {processor.py:161} INFO - Processing /home/airflow/.local/lib/python3.7/site-packages/airflow/example_dags/example_kubernetes_executor.py took 0.496 seconds
[2023-07-12 00:29:24,871] {processor.py:153} INFO - Started process (PID=961) to work on /home/airflow/.local/lib/python3.7/site-packages/airflow/example_dags/example_kubernetes_executor.py
[2023-07-12 00:29:24,877] {processor.py:641} INFO - Processing file /home/airflow/.local/lib/python3.7/site-packages/airflow/example_dags/example_kubernetes_executor.py for tasks to queue
[2023-07-12 00:29:24,879] {logging_mixin.py:115} INFO - [2023-07-12 00:29:24,879] {dagbag.py:508} INFO - Filling up the DagBag from /home/airflow/.local/lib/python3.7/site-packages/airflow/example_dags/example_kubernetes_executor.py
[2023-07-12 00:29:25,067] {processor.py:651} INFO - DAG(s) dict_keys(['example_kubernetes_executor']) retrieved from /home/airflow/.local/lib/python3.7/site-packages/airflow/example_dags/example_kubernetes_executor.py
[2023-07-12 00:29:25,484] {logging_mixin.py:115} INFO - [2023-07-12 00:29:25,483] {dag.py:2420} INFO - Sync 1 DAGs
[2023-07-12 00:29:25,574] {logging_mixin.py:115} INFO - [2023-07-12 00:29:25,574] {dag.py:2972} INFO - Setting next_dagrun for example_kubernetes_executor to None, run_after=None
[2023-07-12 00:29:25,627] {processor.py:161} INFO - Processing /home/airflow/.local/lib/python3.7/site-packages/airflow/example_dags/example_kubernetes_executor.py took 0.781 seconds
[2023-07-12 00:30:32,037] {processor.py:153} INFO - Started process (PID=44) to work on /home/airflow/.local/lib/python3.7/site-packages/airflow/example_dags/example_kubernetes_executor.py
[2023-07-12 00:30:32,038] {processor.py:641} INFO - Processing file /home/airflow/.local/lib/python3.7/site-packages/airflow/example_dags/example_kubernetes_executor.py for tasks to queue
[2023-07-12 00:30:32,039] {logging_mixin.py:115} INFO - [2023-07-12 00:30:32,039] {dagbag.py:508} INFO - Filling up the DagBag from /home/airflow/.local/lib/python3.7/site-packages/airflow/example_dags/example_kubernetes_executor.py
[2023-07-12 00:30:32,098] {processor.py:651} INFO - DAG(s) dict_keys(['example_kubernetes_executor']) retrieved from /home/airflow/.local/lib/python3.7/site-packages/airflow/example_dags/example_kubernetes_executor.py
[2023-07-12 00:30:32,398] {logging_mixin.py:115} INFO - [2023-07-12 00:30:32,398] {dag.py:2420} INFO - Sync 1 DAGs
[2023-07-12 00:30:32,443] {logging_mixin.py:115} INFO - [2023-07-12 00:30:32,443] {dag.py:2972} INFO - Setting next_dagrun for example_kubernetes_executor to None, run_after=None
[2023-07-12 00:30:32,506] {processor.py:161} INFO - Processing /home/airflow/.local/lib/python3.7/site-packages/airflow/example_dags/example_kubernetes_executor.py took 0.475 seconds
[2023-07-12 00:31:02,595] {processor.py:153} INFO - Started process (PID=97) to work on /home/airflow/.local/lib/python3.7/site-packages/airflow/example_dags/example_kubernetes_executor.py
[2023-07-12 00:31:02,596] {processor.py:641} INFO - Processing file /home/airflow/.local/lib/python3.7/site-packages/airflow/example_dags/example_kubernetes_executor.py for tasks to queue
[2023-07-12 00:31:02,596] {logging_mixin.py:115} INFO - [2023-07-12 00:31:02,596] {dagbag.py:508} INFO - Filling up the DagBag from /home/airflow/.local/lib/python3.7/site-packages/airflow/example_dags/example_kubernetes_executor.py
[2023-07-12 00:31:02,632] {processor.py:651} INFO - DAG(s) dict_keys(['example_kubernetes_executor']) retrieved from /home/airflow/.local/lib/python3.7/site-packages/airflow/example_dags/example_kubernetes_executor.py
[2023-07-12 00:31:02,823] {logging_mixin.py:115} INFO - [2023-07-12 00:31:02,823] {dag.py:2420} INFO - Sync 1 DAGs
[2023-07-12 00:31:02,852] {logging_mixin.py:115} INFO - [2023-07-12 00:31:02,851] {dag.py:2972} INFO - Setting next_dagrun for example_kubernetes_executor to None, run_after=None
[2023-07-12 00:31:02,869] {processor.py:161} INFO - Processing /home/airflow/.local/lib/python3.7/site-packages/airflow/example_dags/example_kubernetes_executor.py took 0.278 seconds
[2023-07-12 00:31:33,417] {processor.py:153} INFO - Started process (PID=149) to work on /home/airflow/.local/lib/python3.7/site-packages/airflow/example_dags/example_kubernetes_executor.py
[2023-07-12 00:31:33,417] {processor.py:641} INFO - Processing file /home/airflow/.local/lib/python3.7/site-packages/airflow/example_dags/example_kubernetes_executor.py for tasks to queue
[2023-07-12 00:31:33,418] {logging_mixin.py:115} INFO - [2023-07-12 00:31:33,418] {dagbag.py:508} INFO - Filling up the DagBag from /home/airflow/.local/lib/python3.7/site-packages/airflow/example_dags/example_kubernetes_executor.py
[2023-07-12 00:31:33,461] {processor.py:651} INFO - DAG(s) dict_keys(['example_kubernetes_executor']) retrieved from /home/airflow/.local/lib/python3.7/site-packages/airflow/example_dags/example_kubernetes_executor.py
[2023-07-12 00:31:33,678] {logging_mixin.py:115} INFO - [2023-07-12 00:31:33,678] {dag.py:2420} INFO - Sync 1 DAGs
[2023-07-12 00:31:33,722] {logging_mixin.py:115} INFO - [2023-07-12 00:31:33,721] {dag.py:2972} INFO - Setting next_dagrun for example_kubernetes_executor to None, run_after=None
[2023-07-12 00:31:33,745] {processor.py:161} INFO - Processing /home/airflow/.local/lib/python3.7/site-packages/airflow/example_dags/example_kubernetes_executor.py took 0.332 seconds
[2023-07-12 00:32:04,971] {processor.py:153} INFO - Started process (PID=210) to work on /home/airflow/.local/lib/python3.7/site-packages/airflow/example_dags/example_kubernetes_executor.py
[2023-07-12 00:32:04,981] {processor.py:641} INFO - Processing file /home/airflow/.local/lib/python3.7/site-packages/airflow/example_dags/example_kubernetes_executor.py for tasks to queue
[2023-07-12 00:32:04,982] {logging_mixin.py:115} INFO - [2023-07-12 00:32:04,982] {dagbag.py:508} INFO - Filling up the DagBag from /home/airflow/.local/lib/python3.7/site-packages/airflow/example_dags/example_kubernetes_executor.py
[2023-07-12 00:32:05,092] {processor.py:651} INFO - DAG(s) dict_keys(['example_kubernetes_executor']) retrieved from /home/airflow/.local/lib/python3.7/site-packages/airflow/example_dags/example_kubernetes_executor.py
[2023-07-12 00:32:05,632] {logging_mixin.py:115} INFO - [2023-07-12 00:32:05,632] {dag.py:2420} INFO - Sync 1 DAGs
[2023-07-12 00:32:05,707] {logging_mixin.py:115} INFO - [2023-07-12 00:32:05,707] {dag.py:2972} INFO - Setting next_dagrun for example_kubernetes_executor to None, run_after=None
[2023-07-12 00:32:05,819] {processor.py:161} INFO - Processing /home/airflow/.local/lib/python3.7/site-packages/airflow/example_dags/example_kubernetes_executor.py took 0.858 seconds
[2023-07-12 00:32:36,059] {processor.py:153} INFO - Started process (PID=264) to work on /home/airflow/.local/lib/python3.7/site-packages/airflow/example_dags/example_kubernetes_executor.py
[2023-07-12 00:32:36,062] {processor.py:641} INFO - Processing file /home/airflow/.local/lib/python3.7/site-packages/airflow/example_dags/example_kubernetes_executor.py for tasks to queue
[2023-07-12 00:32:36,065] {logging_mixin.py:115} INFO - [2023-07-12 00:32:36,064] {dagbag.py:508} INFO - Filling up the DagBag from /home/airflow/.local/lib/python3.7/site-packages/airflow/example_dags/example_kubernetes_executor.py
[2023-07-12 00:32:36,149] {processor.py:651} INFO - DAG(s) dict_keys(['example_kubernetes_executor']) retrieved from /home/airflow/.local/lib/python3.7/site-packages/airflow/example_dags/example_kubernetes_executor.py
[2023-07-12 00:32:36,437] {logging_mixin.py:115} INFO - [2023-07-12 00:32:36,437] {dag.py:2420} INFO - Sync 1 DAGs
[2023-07-12 00:32:36,480] {logging_mixin.py:115} INFO - [2023-07-12 00:32:36,480] {dag.py:2972} INFO - Setting next_dagrun for example_kubernetes_executor to None, run_after=None
[2023-07-12 00:32:36,520] {processor.py:161} INFO - Processing /home/airflow/.local/lib/python3.7/site-packages/airflow/example_dags/example_kubernetes_executor.py took 0.466 seconds
[2023-07-12 00:33:07,134] {processor.py:153} INFO - Started process (PID=354) to work on /home/airflow/.local/lib/python3.7/site-packages/airflow/example_dags/example_kubernetes_executor.py
[2023-07-12 00:33:07,136] {processor.py:641} INFO - Processing file /home/airflow/.local/lib/python3.7/site-packages/airflow/example_dags/example_kubernetes_executor.py for tasks to queue
[2023-07-12 00:33:07,137] {logging_mixin.py:115} INFO - [2023-07-12 00:33:07,137] {dagbag.py:508} INFO - Filling up the DagBag from /home/airflow/.local/lib/python3.7/site-packages/airflow/example_dags/example_kubernetes_executor.py
[2023-07-12 00:33:07,269] {processor.py:651} INFO - DAG(s) dict_keys(['example_kubernetes_executor']) retrieved from /home/airflow/.local/lib/python3.7/site-packages/airflow/example_dags/example_kubernetes_executor.py
[2023-07-12 00:33:09,339] {logging_mixin.py:115} INFO - [2023-07-12 00:33:09,338] {dag.py:2420} INFO - Sync 1 DAGs
[2023-07-12 00:33:09,474] {logging_mixin.py:115} INFO - [2023-07-12 00:33:09,473] {dag.py:2972} INFO - Setting next_dagrun for example_kubernetes_executor to None, run_after=None
[2023-07-12 00:33:09,651] {processor.py:161} INFO - Processing /home/airflow/.local/lib/python3.7/site-packages/airflow/example_dags/example_kubernetes_executor.py took 2.525 seconds
[2023-07-12 00:33:39,947] {processor.py:153} INFO - Started process (PID=410) to work on /home/airflow/.local/lib/python3.7/site-packages/airflow/example_dags/example_kubernetes_executor.py
[2023-07-12 00:33:39,948] {processor.py:641} INFO - Processing file /home/airflow/.local/lib/python3.7/site-packages/airflow/example_dags/example_kubernetes_executor.py for tasks to queue
[2023-07-12 00:33:39,950] {logging_mixin.py:115} INFO - [2023-07-12 00:33:39,950] {dagbag.py:508} INFO - Filling up the DagBag from /home/airflow/.local/lib/python3.7/site-packages/airflow/example_dags/example_kubernetes_executor.py
[2023-07-12 00:33:40,075] {processor.py:651} INFO - DAG(s) dict_keys(['example_kubernetes_executor']) retrieved from /home/airflow/.local/lib/python3.7/site-packages/airflow/example_dags/example_kubernetes_executor.py
[2023-07-12 00:33:40,642] {logging_mixin.py:115} INFO - [2023-07-12 00:33:40,641] {dag.py:2420} INFO - Sync 1 DAGs
[2023-07-12 00:33:40,885] {logging_mixin.py:115} INFO - [2023-07-12 00:33:40,885] {dag.py:2972} INFO - Setting next_dagrun for example_kubernetes_executor to None, run_after=None
[2023-07-12 00:33:40,971] {processor.py:161} INFO - Processing /home/airflow/.local/lib/python3.7/site-packages/airflow/example_dags/example_kubernetes_executor.py took 1.037 seconds
[2023-07-12 00:34:17,317] {processor.py:153} INFO - Started process (PID=509) to work on /home/airflow/.local/lib/python3.7/site-packages/airflow/example_dags/example_kubernetes_executor.py
[2023-07-12 00:34:17,321] {processor.py:641} INFO - Processing file /home/airflow/.local/lib/python3.7/site-packages/airflow/example_dags/example_kubernetes_executor.py for tasks to queue
[2023-07-12 00:34:17,322] {logging_mixin.py:115} INFO - [2023-07-12 00:34:17,322] {dagbag.py:508} INFO - Filling up the DagBag from /home/airflow/.local/lib/python3.7/site-packages/airflow/example_dags/example_kubernetes_executor.py
[2023-07-12 00:34:17,507] {processor.py:651} INFO - DAG(s) dict_keys(['example_kubernetes_executor']) retrieved from /home/airflow/.local/lib/python3.7/site-packages/airflow/example_dags/example_kubernetes_executor.py
[2023-07-12 00:34:18,088] {logging_mixin.py:115} INFO - [2023-07-12 00:34:18,087] {dag.py:2420} INFO - Sync 1 DAGs
[2023-07-12 00:34:18,187] {logging_mixin.py:115} INFO - [2023-07-12 00:34:18,186] {dag.py:2972} INFO - Setting next_dagrun for example_kubernetes_executor to None, run_after=None
[2023-07-12 00:34:18,264] {processor.py:161} INFO - Processing /home/airflow/.local/lib/python3.7/site-packages/airflow/example_dags/example_kubernetes_executor.py took 0.961 seconds
[2023-07-12 00:34:48,605] {processor.py:153} INFO - Started process (PID=561) to work on /home/airflow/.local/lib/python3.7/site-packages/airflow/example_dags/example_kubernetes_executor.py
[2023-07-12 00:34:48,606] {processor.py:641} INFO - Processing file /home/airflow/.local/lib/python3.7/site-packages/airflow/example_dags/example_kubernetes_executor.py for tasks to queue
[2023-07-12 00:34:48,607] {logging_mixin.py:115} INFO - [2023-07-12 00:34:48,607] {dagbag.py:508} INFO - Filling up the DagBag from /home/airflow/.local/lib/python3.7/site-packages/airflow/example_dags/example_kubernetes_executor.py
[2023-07-12 00:34:48,642] {processor.py:651} INFO - DAG(s) dict_keys(['example_kubernetes_executor']) retrieved from /home/airflow/.local/lib/python3.7/site-packages/airflow/example_dags/example_kubernetes_executor.py
[2023-07-12 00:34:48,811] {logging_mixin.py:115} INFO - [2023-07-12 00:34:48,811] {dag.py:2420} INFO - Sync 1 DAGs
[2023-07-12 00:34:48,839] {logging_mixin.py:115} INFO - [2023-07-12 00:34:48,839] {dag.py:2972} INFO - Setting next_dagrun for example_kubernetes_executor to None, run_after=None
[2023-07-12 00:34:48,854] {processor.py:161} INFO - Processing /home/airflow/.local/lib/python3.7/site-packages/airflow/example_dags/example_kubernetes_executor.py took 0.253 seconds
[2023-07-12 00:35:19,520] {processor.py:153} INFO - Started process (PID=615) to work on /home/airflow/.local/lib/python3.7/site-packages/airflow/example_dags/example_kubernetes_executor.py
[2023-07-12 00:35:19,525] {processor.py:641} INFO - Processing file /home/airflow/.local/lib/python3.7/site-packages/airflow/example_dags/example_kubernetes_executor.py for tasks to queue
[2023-07-12 00:35:19,525] {logging_mixin.py:115} INFO - [2023-07-12 00:35:19,525] {dagbag.py:508} INFO - Filling up the DagBag from /home/airflow/.local/lib/python3.7/site-packages/airflow/example_dags/example_kubernetes_executor.py
[2023-07-12 00:35:19,629] {processor.py:651} INFO - DAG(s) dict_keys(['example_kubernetes_executor']) retrieved from /home/airflow/.local/lib/python3.7/site-packages/airflow/example_dags/example_kubernetes_executor.py
[2023-07-12 00:35:20,205] {logging_mixin.py:115} INFO - [2023-07-12 00:35:20,205] {dag.py:2420} INFO - Sync 1 DAGs
[2023-07-12 00:35:20,266] {logging_mixin.py:115} INFO - [2023-07-12 00:35:20,266] {dag.py:2972} INFO - Setting next_dagrun for example_kubernetes_executor to None, run_after=None
[2023-07-12 00:35:20,293] {processor.py:161} INFO - Processing /home/airflow/.local/lib/python3.7/site-packages/airflow/example_dags/example_kubernetes_executor.py took 0.798 seconds
