[2023-07-12 00:20:47,969] {processor.py:153} INFO - Started process (PID=64) to work on /home/airflow/.local/lib/python3.7/site-packages/airflow/example_dags/example_nested_branch_dag.py
[2023-07-12 00:20:47,970] {processor.py:641} INFO - Processing file /home/airflow/.local/lib/python3.7/site-packages/airflow/example_dags/example_nested_branch_dag.py for tasks to queue
[2023-07-12 00:20:47,976] {logging_mixin.py:115} INFO - [2023-07-12 00:20:47,976] {dagbag.py:508} INFO - Filling up the DagBag from /home/airflow/.local/lib/python3.7/site-packages/airflow/example_dags/example_nested_branch_dag.py
[2023-07-12 00:20:48,054] {processor.py:651} INFO - DAG(s) dict_keys(['example_nested_branch_dag']) retrieved from /home/airflow/.local/lib/python3.7/site-packages/airflow/example_dags/example_nested_branch_dag.py
[2023-07-12 00:20:48,228] {logging_mixin.py:115} INFO - [2023-07-12 00:20:48,227] {dag.py:2420} INFO - Sync 1 DAGs
[2023-07-12 00:20:49,871] {logging_mixin.py:115} INFO - [2023-07-12 00:20:49,871] {dag.py:2972} INFO - Setting next_dagrun for example_nested_branch_dag to 2023-07-11T00:00:00+00:00, run_after=2023-07-12T00:00:00+00:00
[2023-07-12 00:20:50,110] {processor.py:161} INFO - Processing /home/airflow/.local/lib/python3.7/site-packages/airflow/example_dags/example_nested_branch_dag.py took 2.152 seconds
[2023-07-12 00:21:20,391] {processor.py:153} INFO - Started process (PID=114) to work on /home/airflow/.local/lib/python3.7/site-packages/airflow/example_dags/example_nested_branch_dag.py
[2023-07-12 00:21:20,393] {processor.py:641} INFO - Processing file /home/airflow/.local/lib/python3.7/site-packages/airflow/example_dags/example_nested_branch_dag.py for tasks to queue
[2023-07-12 00:21:20,394] {logging_mixin.py:115} INFO - [2023-07-12 00:21:20,394] {dagbag.py:508} INFO - Filling up the DagBag from /home/airflow/.local/lib/python3.7/site-packages/airflow/example_dags/example_nested_branch_dag.py
[2023-07-12 00:21:20,428] {processor.py:651} INFO - DAG(s) dict_keys(['example_nested_branch_dag']) retrieved from /home/airflow/.local/lib/python3.7/site-packages/airflow/example_dags/example_nested_branch_dag.py
[2023-07-12 00:21:20,541] {logging_mixin.py:115} INFO - [2023-07-12 00:21:20,540] {dag.py:2420} INFO - Sync 1 DAGs
[2023-07-12 00:21:21,131] {logging_mixin.py:115} INFO - [2023-07-12 00:21:21,131] {dag.py:2972} INFO - Setting next_dagrun for example_nested_branch_dag to 2023-07-11T00:00:00+00:00, run_after=2023-07-12T00:00:00+00:00
[2023-07-12 00:21:21,195] {processor.py:161} INFO - Processing /home/airflow/.local/lib/python3.7/site-packages/airflow/example_dags/example_nested_branch_dag.py took 0.812 seconds
[2023-07-12 00:21:51,569] {processor.py:153} INFO - Started process (PID=159) to work on /home/airflow/.local/lib/python3.7/site-packages/airflow/example_dags/example_nested_branch_dag.py
[2023-07-12 00:21:51,571] {processor.py:641} INFO - Processing file /home/airflow/.local/lib/python3.7/site-packages/airflow/example_dags/example_nested_branch_dag.py for tasks to queue
[2023-07-12 00:21:51,572] {logging_mixin.py:115} INFO - [2023-07-12 00:21:51,572] {dagbag.py:508} INFO - Filling up the DagBag from /home/airflow/.local/lib/python3.7/site-packages/airflow/example_dags/example_nested_branch_dag.py
[2023-07-12 00:21:51,600] {processor.py:651} INFO - DAG(s) dict_keys(['example_nested_branch_dag']) retrieved from /home/airflow/.local/lib/python3.7/site-packages/airflow/example_dags/example_nested_branch_dag.py
[2023-07-12 00:21:51,681] {logging_mixin.py:115} INFO - [2023-07-12 00:21:51,680] {dag.py:2420} INFO - Sync 1 DAGs
[2023-07-12 00:21:51,964] {logging_mixin.py:115} INFO - [2023-07-12 00:21:51,963] {dag.py:2972} INFO - Setting next_dagrun for example_nested_branch_dag to 2023-07-11T00:00:00+00:00, run_after=2023-07-12T00:00:00+00:00
[2023-07-12 00:21:52,002] {processor.py:161} INFO - Processing /home/airflow/.local/lib/python3.7/site-packages/airflow/example_dags/example_nested_branch_dag.py took 0.439 seconds
[2023-07-12 00:22:22,257] {processor.py:153} INFO - Started process (PID=219) to work on /home/airflow/.local/lib/python3.7/site-packages/airflow/example_dags/example_nested_branch_dag.py
[2023-07-12 00:22:22,259] {processor.py:641} INFO - Processing file /home/airflow/.local/lib/python3.7/site-packages/airflow/example_dags/example_nested_branch_dag.py for tasks to queue
[2023-07-12 00:22:22,260] {logging_mixin.py:115} INFO - [2023-07-12 00:22:22,259] {dagbag.py:508} INFO - Filling up the DagBag from /home/airflow/.local/lib/python3.7/site-packages/airflow/example_dags/example_nested_branch_dag.py
[2023-07-12 00:22:22,286] {processor.py:651} INFO - DAG(s) dict_keys(['example_nested_branch_dag']) retrieved from /home/airflow/.local/lib/python3.7/site-packages/airflow/example_dags/example_nested_branch_dag.py
[2023-07-12 00:22:22,351] {logging_mixin.py:115} INFO - [2023-07-12 00:22:22,351] {dag.py:2420} INFO - Sync 1 DAGs
[2023-07-12 00:22:22,612] {logging_mixin.py:115} INFO - [2023-07-12 00:22:22,612] {dag.py:2972} INFO - Setting next_dagrun for example_nested_branch_dag to 2023-07-11T00:00:00+00:00, run_after=2023-07-12T00:00:00+00:00
[2023-07-12 00:22:22,641] {processor.py:161} INFO - Processing /home/airflow/.local/lib/python3.7/site-packages/airflow/example_dags/example_nested_branch_dag.py took 0.393 seconds
[2023-07-12 00:22:52,838] {processor.py:153} INFO - Started process (PID=271) to work on /home/airflow/.local/lib/python3.7/site-packages/airflow/example_dags/example_nested_branch_dag.py
[2023-07-12 00:22:52,839] {processor.py:641} INFO - Processing file /home/airflow/.local/lib/python3.7/site-packages/airflow/example_dags/example_nested_branch_dag.py for tasks to queue
[2023-07-12 00:22:52,840] {logging_mixin.py:115} INFO - [2023-07-12 00:22:52,839] {dagbag.py:508} INFO - Filling up the DagBag from /home/airflow/.local/lib/python3.7/site-packages/airflow/example_dags/example_nested_branch_dag.py
[2023-07-12 00:22:52,861] {processor.py:651} INFO - DAG(s) dict_keys(['example_nested_branch_dag']) retrieved from /home/airflow/.local/lib/python3.7/site-packages/airflow/example_dags/example_nested_branch_dag.py
[2023-07-12 00:22:52,972] {logging_mixin.py:115} INFO - [2023-07-12 00:22:52,972] {dag.py:2420} INFO - Sync 1 DAGs
[2023-07-12 00:22:53,357] {logging_mixin.py:115} INFO - [2023-07-12 00:22:53,357] {dag.py:2972} INFO - Setting next_dagrun for example_nested_branch_dag to 2023-07-11T00:00:00+00:00, run_after=2023-07-12T00:00:00+00:00
[2023-07-12 00:22:53,406] {processor.py:161} INFO - Processing /home/airflow/.local/lib/python3.7/site-packages/airflow/example_dags/example_nested_branch_dag.py took 0.574 seconds
[2023-07-12 00:23:23,744] {processor.py:153} INFO - Started process (PID=323) to work on /home/airflow/.local/lib/python3.7/site-packages/airflow/example_dags/example_nested_branch_dag.py
[2023-07-12 00:23:23,748] {processor.py:641} INFO - Processing file /home/airflow/.local/lib/python3.7/site-packages/airflow/example_dags/example_nested_branch_dag.py for tasks to queue
[2023-07-12 00:23:23,749] {logging_mixin.py:115} INFO - [2023-07-12 00:23:23,749] {dagbag.py:508} INFO - Filling up the DagBag from /home/airflow/.local/lib/python3.7/site-packages/airflow/example_dags/example_nested_branch_dag.py
[2023-07-12 00:23:23,861] {processor.py:651} INFO - DAG(s) dict_keys(['example_nested_branch_dag']) retrieved from /home/airflow/.local/lib/python3.7/site-packages/airflow/example_dags/example_nested_branch_dag.py
[2023-07-12 00:23:24,103] {logging_mixin.py:115} INFO - [2023-07-12 00:23:24,102] {dag.py:2420} INFO - Sync 1 DAGs
[2023-07-12 00:23:24,544] {logging_mixin.py:115} INFO - [2023-07-12 00:23:24,544] {dag.py:2972} INFO - Setting next_dagrun for example_nested_branch_dag to 2023-07-11T00:00:00+00:00, run_after=2023-07-12T00:00:00+00:00
[2023-07-12 00:23:24,610] {processor.py:161} INFO - Processing /home/airflow/.local/lib/python3.7/site-packages/airflow/example_dags/example_nested_branch_dag.py took 0.890 seconds
[2023-07-12 00:23:55,426] {processor.py:153} INFO - Started process (PID=375) to work on /home/airflow/.local/lib/python3.7/site-packages/airflow/example_dags/example_nested_branch_dag.py
[2023-07-12 00:23:55,427] {processor.py:641} INFO - Processing file /home/airflow/.local/lib/python3.7/site-packages/airflow/example_dags/example_nested_branch_dag.py for tasks to queue
[2023-07-12 00:23:55,428] {logging_mixin.py:115} INFO - [2023-07-12 00:23:55,427] {dagbag.py:508} INFO - Filling up the DagBag from /home/airflow/.local/lib/python3.7/site-packages/airflow/example_dags/example_nested_branch_dag.py
[2023-07-12 00:23:55,462] {processor.py:651} INFO - DAG(s) dict_keys(['example_nested_branch_dag']) retrieved from /home/airflow/.local/lib/python3.7/site-packages/airflow/example_dags/example_nested_branch_dag.py
[2023-07-12 00:23:55,711] {logging_mixin.py:115} INFO - [2023-07-12 00:23:55,711] {dag.py:2420} INFO - Sync 1 DAGs
[2023-07-12 00:23:56,042] {logging_mixin.py:115} INFO - [2023-07-12 00:23:56,042] {dag.py:2972} INFO - Setting next_dagrun for example_nested_branch_dag to 2023-07-11T00:00:00+00:00, run_after=2023-07-12T00:00:00+00:00
[2023-07-12 00:23:56,089] {processor.py:161} INFO - Processing /home/airflow/.local/lib/python3.7/site-packages/airflow/example_dags/example_nested_branch_dag.py took 0.670 seconds
[2023-07-12 00:24:26,248] {processor.py:153} INFO - Started process (PID=427) to work on /home/airflow/.local/lib/python3.7/site-packages/airflow/example_dags/example_nested_branch_dag.py
[2023-07-12 00:24:26,249] {processor.py:641} INFO - Processing file /home/airflow/.local/lib/python3.7/site-packages/airflow/example_dags/example_nested_branch_dag.py for tasks to queue
[2023-07-12 00:24:26,253] {logging_mixin.py:115} INFO - [2023-07-12 00:24:26,252] {dagbag.py:508} INFO - Filling up the DagBag from /home/airflow/.local/lib/python3.7/site-packages/airflow/example_dags/example_nested_branch_dag.py
[2023-07-12 00:24:26,295] {processor.py:651} INFO - DAG(s) dict_keys(['example_nested_branch_dag']) retrieved from /home/airflow/.local/lib/python3.7/site-packages/airflow/example_dags/example_nested_branch_dag.py
[2023-07-12 00:24:26,441] {logging_mixin.py:115} INFO - [2023-07-12 00:24:26,440] {dag.py:2420} INFO - Sync 1 DAGs
[2023-07-12 00:24:27,039] {logging_mixin.py:115} INFO - [2023-07-12 00:24:27,038] {dag.py:2972} INFO - Setting next_dagrun for example_nested_branch_dag to 2023-07-11T00:00:00+00:00, run_after=2023-07-12T00:00:00+00:00
[2023-07-12 00:24:27,093] {processor.py:161} INFO - Processing /home/airflow/.local/lib/python3.7/site-packages/airflow/example_dags/example_nested_branch_dag.py took 0.855 seconds
[2023-07-12 00:24:57,246] {processor.py:153} INFO - Started process (PID=479) to work on /home/airflow/.local/lib/python3.7/site-packages/airflow/example_dags/example_nested_branch_dag.py
[2023-07-12 00:24:57,249] {processor.py:641} INFO - Processing file /home/airflow/.local/lib/python3.7/site-packages/airflow/example_dags/example_nested_branch_dag.py for tasks to queue
[2023-07-12 00:24:57,254] {logging_mixin.py:115} INFO - [2023-07-12 00:24:57,253] {dagbag.py:508} INFO - Filling up the DagBag from /home/airflow/.local/lib/python3.7/site-packages/airflow/example_dags/example_nested_branch_dag.py
[2023-07-12 00:24:57,290] {processor.py:651} INFO - DAG(s) dict_keys(['example_nested_branch_dag']) retrieved from /home/airflow/.local/lib/python3.7/site-packages/airflow/example_dags/example_nested_branch_dag.py
[2023-07-12 00:24:57,452] {logging_mixin.py:115} INFO - [2023-07-12 00:24:57,452] {dag.py:2420} INFO - Sync 1 DAGs
[2023-07-12 00:24:57,942] {logging_mixin.py:115} INFO - [2023-07-12 00:24:57,941] {dag.py:2972} INFO - Setting next_dagrun for example_nested_branch_dag to 2023-07-11T00:00:00+00:00, run_after=2023-07-12T00:00:00+00:00
[2023-07-12 00:24:57,991] {processor.py:161} INFO - Processing /home/airflow/.local/lib/python3.7/site-packages/airflow/example_dags/example_nested_branch_dag.py took 0.753 seconds
[2023-07-12 00:25:28,124] {processor.py:153} INFO - Started process (PID=539) to work on /home/airflow/.local/lib/python3.7/site-packages/airflow/example_dags/example_nested_branch_dag.py
[2023-07-12 00:25:28,128] {processor.py:641} INFO - Processing file /home/airflow/.local/lib/python3.7/site-packages/airflow/example_dags/example_nested_branch_dag.py for tasks to queue
[2023-07-12 00:25:28,130] {logging_mixin.py:115} INFO - [2023-07-12 00:25:28,129] {dagbag.py:508} INFO - Filling up the DagBag from /home/airflow/.local/lib/python3.7/site-packages/airflow/example_dags/example_nested_branch_dag.py
[2023-07-12 00:25:28,169] {processor.py:651} INFO - DAG(s) dict_keys(['example_nested_branch_dag']) retrieved from /home/airflow/.local/lib/python3.7/site-packages/airflow/example_dags/example_nested_branch_dag.py
[2023-07-12 00:25:28,234] {logging_mixin.py:115} INFO - [2023-07-12 00:25:28,233] {dag.py:2420} INFO - Sync 1 DAGs
[2023-07-12 00:25:28,743] {logging_mixin.py:115} INFO - [2023-07-12 00:25:28,743] {dag.py:2972} INFO - Setting next_dagrun for example_nested_branch_dag to 2023-07-11T00:00:00+00:00, run_after=2023-07-12T00:00:00+00:00
[2023-07-12 00:25:28,844] {processor.py:161} INFO - Processing /home/airflow/.local/lib/python3.7/site-packages/airflow/example_dags/example_nested_branch_dag.py took 0.735 seconds
[2023-07-12 00:25:58,940] {processor.py:153} INFO - Started process (PID=591) to work on /home/airflow/.local/lib/python3.7/site-packages/airflow/example_dags/example_nested_branch_dag.py
[2023-07-12 00:25:58,941] {processor.py:641} INFO - Processing file /home/airflow/.local/lib/python3.7/site-packages/airflow/example_dags/example_nested_branch_dag.py for tasks to queue
[2023-07-12 00:25:58,942] {logging_mixin.py:115} INFO - [2023-07-12 00:25:58,941] {dagbag.py:508} INFO - Filling up the DagBag from /home/airflow/.local/lib/python3.7/site-packages/airflow/example_dags/example_nested_branch_dag.py
[2023-07-12 00:25:58,962] {processor.py:651} INFO - DAG(s) dict_keys(['example_nested_branch_dag']) retrieved from /home/airflow/.local/lib/python3.7/site-packages/airflow/example_dags/example_nested_branch_dag.py
[2023-07-12 00:25:59,024] {logging_mixin.py:115} INFO - [2023-07-12 00:25:59,024] {dag.py:2420} INFO - Sync 1 DAGs
[2023-07-12 00:25:59,289] {logging_mixin.py:115} INFO - [2023-07-12 00:25:59,288] {dag.py:2972} INFO - Setting next_dagrun for example_nested_branch_dag to 2023-07-11T00:00:00+00:00, run_after=2023-07-12T00:00:00+00:00
[2023-07-12 00:25:59,305] {processor.py:161} INFO - Processing /home/airflow/.local/lib/python3.7/site-packages/airflow/example_dags/example_nested_branch_dag.py took 0.370 seconds
[2023-07-12 00:26:29,406] {processor.py:153} INFO - Started process (PID=644) to work on /home/airflow/.local/lib/python3.7/site-packages/airflow/example_dags/example_nested_branch_dag.py
[2023-07-12 00:26:29,407] {processor.py:641} INFO - Processing file /home/airflow/.local/lib/python3.7/site-packages/airflow/example_dags/example_nested_branch_dag.py for tasks to queue
[2023-07-12 00:26:29,408] {logging_mixin.py:115} INFO - [2023-07-12 00:26:29,407] {dagbag.py:508} INFO - Filling up the DagBag from /home/airflow/.local/lib/python3.7/site-packages/airflow/example_dags/example_nested_branch_dag.py
[2023-07-12 00:26:29,421] {processor.py:651} INFO - DAG(s) dict_keys(['example_nested_branch_dag']) retrieved from /home/airflow/.local/lib/python3.7/site-packages/airflow/example_dags/example_nested_branch_dag.py
[2023-07-12 00:26:29,462] {logging_mixin.py:115} INFO - [2023-07-12 00:26:29,462] {dag.py:2420} INFO - Sync 1 DAGs
[2023-07-12 00:26:29,696] {logging_mixin.py:115} INFO - [2023-07-12 00:26:29,696] {dag.py:2972} INFO - Setting next_dagrun for example_nested_branch_dag to 2023-07-11T00:00:00+00:00, run_after=2023-07-12T00:00:00+00:00
[2023-07-12 00:26:29,717] {processor.py:161} INFO - Processing /home/airflow/.local/lib/python3.7/site-packages/airflow/example_dags/example_nested_branch_dag.py took 0.316 seconds
[2023-07-12 00:27:00,534] {processor.py:153} INFO - Started process (PID=695) to work on /home/airflow/.local/lib/python3.7/site-packages/airflow/example_dags/example_nested_branch_dag.py
[2023-07-12 00:27:00,535] {processor.py:641} INFO - Processing file /home/airflow/.local/lib/python3.7/site-packages/airflow/example_dags/example_nested_branch_dag.py for tasks to queue
[2023-07-12 00:27:00,536] {logging_mixin.py:115} INFO - [2023-07-12 00:27:00,536] {dagbag.py:508} INFO - Filling up the DagBag from /home/airflow/.local/lib/python3.7/site-packages/airflow/example_dags/example_nested_branch_dag.py
[2023-07-12 00:27:00,555] {processor.py:651} INFO - DAG(s) dict_keys(['example_nested_branch_dag']) retrieved from /home/airflow/.local/lib/python3.7/site-packages/airflow/example_dags/example_nested_branch_dag.py
[2023-07-12 00:27:00,604] {logging_mixin.py:115} INFO - [2023-07-12 00:27:00,604] {dag.py:2420} INFO - Sync 1 DAGs
[2023-07-12 00:27:00,799] {logging_mixin.py:115} INFO - [2023-07-12 00:27:00,798] {dag.py:2972} INFO - Setting next_dagrun for example_nested_branch_dag to 2023-07-11T00:00:00+00:00, run_after=2023-07-12T00:00:00+00:00
[2023-07-12 00:27:00,827] {processor.py:161} INFO - Processing /home/airflow/.local/lib/python3.7/site-packages/airflow/example_dags/example_nested_branch_dag.py took 0.299 seconds
[2023-07-12 00:27:31,124] {processor.py:153} INFO - Started process (PID=757) to work on /home/airflow/.local/lib/python3.7/site-packages/airflow/example_dags/example_nested_branch_dag.py
[2023-07-12 00:27:31,125] {processor.py:641} INFO - Processing file /home/airflow/.local/lib/python3.7/site-packages/airflow/example_dags/example_nested_branch_dag.py for tasks to queue
[2023-07-12 00:27:31,126] {logging_mixin.py:115} INFO - [2023-07-12 00:27:31,126] {dagbag.py:508} INFO - Filling up the DagBag from /home/airflow/.local/lib/python3.7/site-packages/airflow/example_dags/example_nested_branch_dag.py
[2023-07-12 00:27:31,146] {processor.py:651} INFO - DAG(s) dict_keys(['example_nested_branch_dag']) retrieved from /home/airflow/.local/lib/python3.7/site-packages/airflow/example_dags/example_nested_branch_dag.py
[2023-07-12 00:27:31,204] {logging_mixin.py:115} INFO - [2023-07-12 00:27:31,204] {dag.py:2420} INFO - Sync 1 DAGs
[2023-07-12 00:27:31,435] {logging_mixin.py:115} INFO - [2023-07-12 00:27:31,435] {dag.py:2972} INFO - Setting next_dagrun for example_nested_branch_dag to 2023-07-11T00:00:00+00:00, run_after=2023-07-12T00:00:00+00:00
[2023-07-12 00:27:31,454] {processor.py:161} INFO - Processing /home/airflow/.local/lib/python3.7/site-packages/airflow/example_dags/example_nested_branch_dag.py took 0.335 seconds
[2023-07-12 00:28:02,421] {processor.py:153} INFO - Started process (PID=809) to work on /home/airflow/.local/lib/python3.7/site-packages/airflow/example_dags/example_nested_branch_dag.py
[2023-07-12 00:28:02,422] {processor.py:641} INFO - Processing file /home/airflow/.local/lib/python3.7/site-packages/airflow/example_dags/example_nested_branch_dag.py for tasks to queue
[2023-07-12 00:28:02,423] {logging_mixin.py:115} INFO - [2023-07-12 00:28:02,422] {dagbag.py:508} INFO - Filling up the DagBag from /home/airflow/.local/lib/python3.7/site-packages/airflow/example_dags/example_nested_branch_dag.py
[2023-07-12 00:28:02,439] {processor.py:651} INFO - DAG(s) dict_keys(['example_nested_branch_dag']) retrieved from /home/airflow/.local/lib/python3.7/site-packages/airflow/example_dags/example_nested_branch_dag.py
[2023-07-12 00:28:02,477] {logging_mixin.py:115} INFO - [2023-07-12 00:28:02,477] {dag.py:2420} INFO - Sync 1 DAGs
[2023-07-12 00:28:02,705] {logging_mixin.py:115} INFO - [2023-07-12 00:28:02,705] {dag.py:2972} INFO - Setting next_dagrun for example_nested_branch_dag to 2023-07-11T00:00:00+00:00, run_after=2023-07-12T00:00:00+00:00
[2023-07-12 00:28:02,724] {processor.py:161} INFO - Processing /home/airflow/.local/lib/python3.7/site-packages/airflow/example_dags/example_nested_branch_dag.py took 0.306 seconds
[2023-07-12 00:28:33,089] {processor.py:153} INFO - Started process (PID=870) to work on /home/airflow/.local/lib/python3.7/site-packages/airflow/example_dags/example_nested_branch_dag.py
[2023-07-12 00:28:33,089] {processor.py:641} INFO - Processing file /home/airflow/.local/lib/python3.7/site-packages/airflow/example_dags/example_nested_branch_dag.py for tasks to queue
[2023-07-12 00:28:33,090] {logging_mixin.py:115} INFO - [2023-07-12 00:28:33,089] {dagbag.py:508} INFO - Filling up the DagBag from /home/airflow/.local/lib/python3.7/site-packages/airflow/example_dags/example_nested_branch_dag.py
[2023-07-12 00:28:33,103] {processor.py:651} INFO - DAG(s) dict_keys(['example_nested_branch_dag']) retrieved from /home/airflow/.local/lib/python3.7/site-packages/airflow/example_dags/example_nested_branch_dag.py
[2023-07-12 00:28:33,149] {logging_mixin.py:115} INFO - [2023-07-12 00:28:33,149] {dag.py:2420} INFO - Sync 1 DAGs
[2023-07-12 00:28:33,363] {logging_mixin.py:115} INFO - [2023-07-12 00:28:33,363] {dag.py:2972} INFO - Setting next_dagrun for example_nested_branch_dag to 2023-07-11T00:00:00+00:00, run_after=2023-07-12T00:00:00+00:00
[2023-07-12 00:28:33,381] {processor.py:161} INFO - Processing /home/airflow/.local/lib/python3.7/site-packages/airflow/example_dags/example_nested_branch_dag.py took 0.298 seconds
[2023-07-12 00:29:03,876] {processor.py:153} INFO - Started process (PID=921) to work on /home/airflow/.local/lib/python3.7/site-packages/airflow/example_dags/example_nested_branch_dag.py
[2023-07-12 00:29:03,877] {processor.py:641} INFO - Processing file /home/airflow/.local/lib/python3.7/site-packages/airflow/example_dags/example_nested_branch_dag.py for tasks to queue
[2023-07-12 00:29:03,879] {logging_mixin.py:115} INFO - [2023-07-12 00:29:03,879] {dagbag.py:508} INFO - Filling up the DagBag from /home/airflow/.local/lib/python3.7/site-packages/airflow/example_dags/example_nested_branch_dag.py
[2023-07-12 00:29:03,955] {processor.py:651} INFO - DAG(s) dict_keys(['example_nested_branch_dag']) retrieved from /home/airflow/.local/lib/python3.7/site-packages/airflow/example_dags/example_nested_branch_dag.py
[2023-07-12 00:29:04,042] {logging_mixin.py:115} INFO - [2023-07-12 00:29:04,042] {dag.py:2420} INFO - Sync 1 DAGs
[2023-07-12 00:29:04,485] {logging_mixin.py:115} INFO - [2023-07-12 00:29:04,484] {dag.py:2972} INFO - Setting next_dagrun for example_nested_branch_dag to 2023-07-11T00:00:00+00:00, run_after=2023-07-12T00:00:00+00:00
[2023-07-12 00:29:04,521] {processor.py:161} INFO - Processing /home/airflow/.local/lib/python3.7/site-packages/airflow/example_dags/example_nested_branch_dag.py took 0.654 seconds
[2023-07-12 00:30:35,610] {processor.py:153} INFO - Started process (PID=57) to work on /home/airflow/.local/lib/python3.7/site-packages/airflow/example_dags/example_nested_branch_dag.py
[2023-07-12 00:30:35,617] {processor.py:641} INFO - Processing file /home/airflow/.local/lib/python3.7/site-packages/airflow/example_dags/example_nested_branch_dag.py for tasks to queue
[2023-07-12 00:30:35,617] {logging_mixin.py:115} INFO - [2023-07-12 00:30:35,617] {dagbag.py:508} INFO - Filling up the DagBag from /home/airflow/.local/lib/python3.7/site-packages/airflow/example_dags/example_nested_branch_dag.py
[2023-07-12 00:30:35,653] {processor.py:651} INFO - DAG(s) dict_keys(['example_nested_branch_dag']) retrieved from /home/airflow/.local/lib/python3.7/site-packages/airflow/example_dags/example_nested_branch_dag.py
[2023-07-12 00:30:35,743] {logging_mixin.py:115} INFO - [2023-07-12 00:30:35,743] {dag.py:2420} INFO - Sync 1 DAGs
[2023-07-12 00:30:36,107] {logging_mixin.py:115} INFO - [2023-07-12 00:30:36,107] {dag.py:2972} INFO - Setting next_dagrun for example_nested_branch_dag to 2023-07-11T00:00:00+00:00, run_after=2023-07-12T00:00:00+00:00
[2023-07-12 00:30:36,144] {processor.py:161} INFO - Processing /home/airflow/.local/lib/python3.7/site-packages/airflow/example_dags/example_nested_branch_dag.py took 0.541 seconds
[2023-07-12 00:31:06,625] {processor.py:153} INFO - Started process (PID=109) to work on /home/airflow/.local/lib/python3.7/site-packages/airflow/example_dags/example_nested_branch_dag.py
[2023-07-12 00:31:06,634] {processor.py:641} INFO - Processing file /home/airflow/.local/lib/python3.7/site-packages/airflow/example_dags/example_nested_branch_dag.py for tasks to queue
[2023-07-12 00:31:06,635] {logging_mixin.py:115} INFO - [2023-07-12 00:31:06,635] {dagbag.py:508} INFO - Filling up the DagBag from /home/airflow/.local/lib/python3.7/site-packages/airflow/example_dags/example_nested_branch_dag.py
[2023-07-12 00:31:06,658] {processor.py:651} INFO - DAG(s) dict_keys(['example_nested_branch_dag']) retrieved from /home/airflow/.local/lib/python3.7/site-packages/airflow/example_dags/example_nested_branch_dag.py
[2023-07-12 00:31:06,717] {logging_mixin.py:115} INFO - [2023-07-12 00:31:06,717] {dag.py:2420} INFO - Sync 1 DAGs
[2023-07-12 00:31:06,967] {logging_mixin.py:115} INFO - [2023-07-12 00:31:06,967] {dag.py:2972} INFO - Setting next_dagrun for example_nested_branch_dag to 2023-07-11T00:00:00+00:00, run_after=2023-07-12T00:00:00+00:00
[2023-07-12 00:31:06,991] {processor.py:161} INFO - Processing /home/airflow/.local/lib/python3.7/site-packages/airflow/example_dags/example_nested_branch_dag.py took 0.371 seconds
[2023-07-12 00:31:37,586] {processor.py:153} INFO - Started process (PID=170) to work on /home/airflow/.local/lib/python3.7/site-packages/airflow/example_dags/example_nested_branch_dag.py
[2023-07-12 00:31:37,587] {processor.py:641} INFO - Processing file /home/airflow/.local/lib/python3.7/site-packages/airflow/example_dags/example_nested_branch_dag.py for tasks to queue
[2023-07-12 00:31:37,588] {logging_mixin.py:115} INFO - [2023-07-12 00:31:37,588] {dagbag.py:508} INFO - Filling up the DagBag from /home/airflow/.local/lib/python3.7/site-packages/airflow/example_dags/example_nested_branch_dag.py
[2023-07-12 00:31:37,614] {processor.py:651} INFO - DAG(s) dict_keys(['example_nested_branch_dag']) retrieved from /home/airflow/.local/lib/python3.7/site-packages/airflow/example_dags/example_nested_branch_dag.py
[2023-07-12 00:31:37,691] {logging_mixin.py:115} INFO - [2023-07-12 00:31:37,691] {dag.py:2420} INFO - Sync 1 DAGs
[2023-07-12 00:31:38,051] {logging_mixin.py:115} INFO - [2023-07-12 00:31:38,051] {dag.py:2972} INFO - Setting next_dagrun for example_nested_branch_dag to 2023-07-11T00:00:00+00:00, run_after=2023-07-12T00:00:00+00:00
[2023-07-12 00:31:38,070] {processor.py:161} INFO - Processing /home/airflow/.local/lib/python3.7/site-packages/airflow/example_dags/example_nested_branch_dag.py took 0.489 seconds
[2023-07-12 00:32:08,136] {processor.py:153} INFO - Started process (PID=222) to work on /home/airflow/.local/lib/python3.7/site-packages/airflow/example_dags/example_nested_branch_dag.py
[2023-07-12 00:32:08,137] {processor.py:641} INFO - Processing file /home/airflow/.local/lib/python3.7/site-packages/airflow/example_dags/example_nested_branch_dag.py for tasks to queue
[2023-07-12 00:32:08,138] {logging_mixin.py:115} INFO - [2023-07-12 00:32:08,137] {dagbag.py:508} INFO - Filling up the DagBag from /home/airflow/.local/lib/python3.7/site-packages/airflow/example_dags/example_nested_branch_dag.py
[2023-07-12 00:32:08,150] {processor.py:651} INFO - DAG(s) dict_keys(['example_nested_branch_dag']) retrieved from /home/airflow/.local/lib/python3.7/site-packages/airflow/example_dags/example_nested_branch_dag.py
[2023-07-12 00:32:08,186] {logging_mixin.py:115} INFO - [2023-07-12 00:32:08,186] {dag.py:2420} INFO - Sync 1 DAGs
[2023-07-12 00:32:08,395] {logging_mixin.py:115} INFO - [2023-07-12 00:32:08,395] {dag.py:2972} INFO - Setting next_dagrun for example_nested_branch_dag to 2023-07-11T00:00:00+00:00, run_after=2023-07-12T00:00:00+00:00
[2023-07-12 00:32:08,413] {processor.py:161} INFO - Processing /home/airflow/.local/lib/python3.7/site-packages/airflow/example_dags/example_nested_branch_dag.py took 0.280 seconds
[2023-07-12 00:32:40,639] {processor.py:153} INFO - Started process (PID=277) to work on /home/airflow/.local/lib/python3.7/site-packages/airflow/example_dags/example_nested_branch_dag.py
[2023-07-12 00:32:40,640] {processor.py:641} INFO - Processing file /home/airflow/.local/lib/python3.7/site-packages/airflow/example_dags/example_nested_branch_dag.py for tasks to queue
[2023-07-12 00:32:40,640] {logging_mixin.py:115} INFO - [2023-07-12 00:32:40,640] {dagbag.py:508} INFO - Filling up the DagBag from /home/airflow/.local/lib/python3.7/site-packages/airflow/example_dags/example_nested_branch_dag.py
[2023-07-12 00:32:40,652] {processor.py:651} INFO - DAG(s) dict_keys(['example_nested_branch_dag']) retrieved from /home/airflow/.local/lib/python3.7/site-packages/airflow/example_dags/example_nested_branch_dag.py
[2023-07-12 00:32:40,689] {logging_mixin.py:115} INFO - [2023-07-12 00:32:40,688] {dag.py:2420} INFO - Sync 1 DAGs
[2023-07-12 00:32:40,887] {logging_mixin.py:115} INFO - [2023-07-12 00:32:40,887] {dag.py:2972} INFO - Setting next_dagrun for example_nested_branch_dag to 2023-07-11T00:00:00+00:00, run_after=2023-07-12T00:00:00+00:00
[2023-07-12 00:32:40,904] {processor.py:161} INFO - Processing /home/airflow/.local/lib/python3.7/site-packages/airflow/example_dags/example_nested_branch_dag.py took 0.268 seconds
[2023-07-12 00:33:19,719] {processor.py:153} INFO - Started process (PID=380) to work on /home/airflow/.local/lib/python3.7/site-packages/airflow/example_dags/example_nested_branch_dag.py
[2023-07-12 00:33:19,765] {processor.py:641} INFO - Processing file /home/airflow/.local/lib/python3.7/site-packages/airflow/example_dags/example_nested_branch_dag.py for tasks to queue
[2023-07-12 00:33:19,777] {logging_mixin.py:115} INFO - [2023-07-12 00:33:19,777] {dagbag.py:508} INFO - Filling up the DagBag from /home/airflow/.local/lib/python3.7/site-packages/airflow/example_dags/example_nested_branch_dag.py
[2023-07-12 00:33:19,933] {processor.py:651} INFO - DAG(s) dict_keys(['example_nested_branch_dag']) retrieved from /home/airflow/.local/lib/python3.7/site-packages/airflow/example_dags/example_nested_branch_dag.py
[2023-07-12 00:33:20,383] {logging_mixin.py:115} INFO - [2023-07-12 00:33:20,383] {dag.py:2420} INFO - Sync 1 DAGs
[2023-07-12 00:33:21,857] {logging_mixin.py:115} INFO - [2023-07-12 00:33:21,857] {dag.py:2972} INFO - Setting next_dagrun for example_nested_branch_dag to 2023-07-11T00:00:00+00:00, run_after=2023-07-12T00:00:00+00:00
[2023-07-12 00:33:22,047] {processor.py:161} INFO - Processing /home/airflow/.local/lib/python3.7/site-packages/airflow/example_dags/example_nested_branch_dag.py took 2.351 seconds
[2023-07-12 00:33:55,003] {processor.py:153} INFO - Started process (PID=457) to work on /home/airflow/.local/lib/python3.7/site-packages/airflow/example_dags/example_nested_branch_dag.py
[2023-07-12 00:33:55,006] {processor.py:641} INFO - Processing file /home/airflow/.local/lib/python3.7/site-packages/airflow/example_dags/example_nested_branch_dag.py for tasks to queue
[2023-07-12 00:33:55,007] {logging_mixin.py:115} INFO - [2023-07-12 00:33:55,007] {dagbag.py:508} INFO - Filling up the DagBag from /home/airflow/.local/lib/python3.7/site-packages/airflow/example_dags/example_nested_branch_dag.py
[2023-07-12 00:33:55,034] {processor.py:651} INFO - DAG(s) dict_keys(['example_nested_branch_dag']) retrieved from /home/airflow/.local/lib/python3.7/site-packages/airflow/example_dags/example_nested_branch_dag.py
[2023-07-12 00:33:55,167] {logging_mixin.py:115} INFO - [2023-07-12 00:33:55,167] {dag.py:2420} INFO - Sync 1 DAGs
[2023-07-12 00:33:56,077] {logging_mixin.py:115} INFO - [2023-07-12 00:33:56,076] {dag.py:2972} INFO - Setting next_dagrun for example_nested_branch_dag to 2023-07-11T00:00:00+00:00, run_after=2023-07-12T00:00:00+00:00
[2023-07-12 00:33:56,192] {processor.py:161} INFO - Processing /home/airflow/.local/lib/python3.7/site-packages/airflow/example_dags/example_nested_branch_dag.py took 1.195 seconds
[2023-07-12 00:34:27,097] {processor.py:153} INFO - Started process (PID=531) to work on /home/airflow/.local/lib/python3.7/site-packages/airflow/example_dags/example_nested_branch_dag.py
[2023-07-12 00:34:27,098] {processor.py:641} INFO - Processing file /home/airflow/.local/lib/python3.7/site-packages/airflow/example_dags/example_nested_branch_dag.py for tasks to queue
[2023-07-12 00:34:27,099] {logging_mixin.py:115} INFO - [2023-07-12 00:34:27,099] {dagbag.py:508} INFO - Filling up the DagBag from /home/airflow/.local/lib/python3.7/site-packages/airflow/example_dags/example_nested_branch_dag.py
[2023-07-12 00:34:27,187] {processor.py:651} INFO - DAG(s) dict_keys(['example_nested_branch_dag']) retrieved from /home/airflow/.local/lib/python3.7/site-packages/airflow/example_dags/example_nested_branch_dag.py
[2023-07-12 00:34:27,413] {logging_mixin.py:115} INFO - [2023-07-12 00:34:27,412] {dag.py:2420} INFO - Sync 1 DAGs
[2023-07-12 00:34:28,214] {logging_mixin.py:115} INFO - [2023-07-12 00:34:28,214] {dag.py:2972} INFO - Setting next_dagrun for example_nested_branch_dag to 2023-07-11T00:00:00+00:00, run_after=2023-07-12T00:00:00+00:00
[2023-07-12 00:34:28,263] {processor.py:161} INFO - Processing /home/airflow/.local/lib/python3.7/site-packages/airflow/example_dags/example_nested_branch_dag.py took 1.210 seconds
[2023-07-12 00:34:59,007] {processor.py:153} INFO - Started process (PID=584) to work on /home/airflow/.local/lib/python3.7/site-packages/airflow/example_dags/example_nested_branch_dag.py
[2023-07-12 00:34:59,011] {processor.py:641} INFO - Processing file /home/airflow/.local/lib/python3.7/site-packages/airflow/example_dags/example_nested_branch_dag.py for tasks to queue
[2023-07-12 00:34:59,012] {logging_mixin.py:115} INFO - [2023-07-12 00:34:59,012] {dagbag.py:508} INFO - Filling up the DagBag from /home/airflow/.local/lib/python3.7/site-packages/airflow/example_dags/example_nested_branch_dag.py
[2023-07-12 00:34:59,034] {processor.py:651} INFO - DAG(s) dict_keys(['example_nested_branch_dag']) retrieved from /home/airflow/.local/lib/python3.7/site-packages/airflow/example_dags/example_nested_branch_dag.py
[2023-07-12 00:34:59,091] {logging_mixin.py:115} INFO - [2023-07-12 00:34:59,091] {dag.py:2420} INFO - Sync 1 DAGs
[2023-07-12 00:34:59,409] {logging_mixin.py:115} INFO - [2023-07-12 00:34:59,409] {dag.py:2972} INFO - Setting next_dagrun for example_nested_branch_dag to 2023-07-11T00:00:00+00:00, run_after=2023-07-12T00:00:00+00:00
[2023-07-12 00:34:59,455] {processor.py:161} INFO - Processing /home/airflow/.local/lib/python3.7/site-packages/airflow/example_dags/example_nested_branch_dag.py took 0.452 seconds
