[2023-07-12 00:20:55,723] {processor.py:153} INFO - Started process (PID=73) to work on /home/airflow/.local/lib/python3.7/site-packages/airflow/example_dags/example_dag_decorator.py
[2023-07-12 00:20:55,723] {processor.py:641} INFO - Processing file /home/airflow/.local/lib/python3.7/site-packages/airflow/example_dags/example_dag_decorator.py for tasks to queue
[2023-07-12 00:20:55,745] {logging_mixin.py:115} INFO - [2023-07-12 00:20:55,744] {dagbag.py:508} INFO - Filling up the DagBag from /home/airflow/.local/lib/python3.7/site-packages/airflow/example_dags/example_dag_decorator.py
[2023-07-12 00:20:56,063] {processor.py:651} INFO - DAG(s) dict_keys(['example_dag_decorator']) retrieved from /home/airflow/.local/lib/python3.7/site-packages/airflow/example_dags/example_dag_decorator.py
[2023-07-12 00:20:57,369] {logging_mixin.py:115} INFO - [2023-07-12 00:20:57,369] {dag.py:2420} INFO - Sync 1 DAGs
[2023-07-12 00:20:57,530] {logging_mixin.py:115} INFO - [2023-07-12 00:20:57,529] {dag.py:2972} INFO - Setting next_dagrun for example_dag_decorator to None, run_after=None
[2023-07-12 00:20:57,707] {processor.py:161} INFO - Processing /home/airflow/.local/lib/python3.7/site-packages/airflow/example_dags/example_dag_decorator.py took 2.010 seconds
[2023-07-12 00:21:28,041] {processor.py:153} INFO - Started process (PID=125) to work on /home/airflow/.local/lib/python3.7/site-packages/airflow/example_dags/example_dag_decorator.py
[2023-07-12 00:21:28,047] {processor.py:641} INFO - Processing file /home/airflow/.local/lib/python3.7/site-packages/airflow/example_dags/example_dag_decorator.py for tasks to queue
[2023-07-12 00:21:28,050] {logging_mixin.py:115} INFO - [2023-07-12 00:21:28,050] {dagbag.py:508} INFO - Filling up the DagBag from /home/airflow/.local/lib/python3.7/site-packages/airflow/example_dags/example_dag_decorator.py
[2023-07-12 00:21:28,420] {processor.py:651} INFO - DAG(s) dict_keys(['example_dag_decorator']) retrieved from /home/airflow/.local/lib/python3.7/site-packages/airflow/example_dags/example_dag_decorator.py
[2023-07-12 00:21:29,567] {logging_mixin.py:115} INFO - [2023-07-12 00:21:29,567] {dag.py:2420} INFO - Sync 1 DAGs
[2023-07-12 00:21:29,721] {logging_mixin.py:115} INFO - [2023-07-12 00:21:29,721] {dag.py:2972} INFO - Setting next_dagrun for example_dag_decorator to None, run_after=None
[2023-07-12 00:21:29,793] {processor.py:161} INFO - Processing /home/airflow/.local/lib/python3.7/site-packages/airflow/example_dags/example_dag_decorator.py took 1.788 seconds
[2023-07-12 00:22:00,119] {processor.py:153} INFO - Started process (PID=178) to work on /home/airflow/.local/lib/python3.7/site-packages/airflow/example_dags/example_dag_decorator.py
[2023-07-12 00:22:00,120] {processor.py:641} INFO - Processing file /home/airflow/.local/lib/python3.7/site-packages/airflow/example_dags/example_dag_decorator.py for tasks to queue
[2023-07-12 00:22:00,120] {logging_mixin.py:115} INFO - [2023-07-12 00:22:00,120] {dagbag.py:508} INFO - Filling up the DagBag from /home/airflow/.local/lib/python3.7/site-packages/airflow/example_dags/example_dag_decorator.py
[2023-07-12 00:22:00,171] {processor.py:651} INFO - DAG(s) dict_keys(['example_dag_decorator']) retrieved from /home/airflow/.local/lib/python3.7/site-packages/airflow/example_dags/example_dag_decorator.py
[2023-07-12 00:22:00,444] {logging_mixin.py:115} INFO - [2023-07-12 00:22:00,444] {dag.py:2420} INFO - Sync 1 DAGs
[2023-07-12 00:22:00,477] {logging_mixin.py:115} INFO - [2023-07-12 00:22:00,477] {dag.py:2972} INFO - Setting next_dagrun for example_dag_decorator to None, run_after=None
[2023-07-12 00:22:00,495] {processor.py:161} INFO - Processing /home/airflow/.local/lib/python3.7/site-packages/airflow/example_dags/example_dag_decorator.py took 0.382 seconds
[2023-07-12 00:22:31,264] {processor.py:153} INFO - Started process (PID=229) to work on /home/airflow/.local/lib/python3.7/site-packages/airflow/example_dags/example_dag_decorator.py
[2023-07-12 00:22:31,265] {processor.py:641} INFO - Processing file /home/airflow/.local/lib/python3.7/site-packages/airflow/example_dags/example_dag_decorator.py for tasks to queue
[2023-07-12 00:22:31,266] {logging_mixin.py:115} INFO - [2023-07-12 00:22:31,266] {dagbag.py:508} INFO - Filling up the DagBag from /home/airflow/.local/lib/python3.7/site-packages/airflow/example_dags/example_dag_decorator.py
[2023-07-12 00:22:31,343] {processor.py:651} INFO - DAG(s) dict_keys(['example_dag_decorator']) retrieved from /home/airflow/.local/lib/python3.7/site-packages/airflow/example_dags/example_dag_decorator.py
[2023-07-12 00:22:32,053] {logging_mixin.py:115} INFO - [2023-07-12 00:22:32,053] {dag.py:2420} INFO - Sync 1 DAGs
[2023-07-12 00:22:32,201] {logging_mixin.py:115} INFO - [2023-07-12 00:22:32,201] {dag.py:2972} INFO - Setting next_dagrun for example_dag_decorator to None, run_after=None
[2023-07-12 00:22:32,317] {processor.py:161} INFO - Processing /home/airflow/.local/lib/python3.7/site-packages/airflow/example_dags/example_dag_decorator.py took 1.065 seconds
[2023-07-12 00:23:02,652] {processor.py:153} INFO - Started process (PID=281) to work on /home/airflow/.local/lib/python3.7/site-packages/airflow/example_dags/example_dag_decorator.py
[2023-07-12 00:23:02,661] {processor.py:641} INFO - Processing file /home/airflow/.local/lib/python3.7/site-packages/airflow/example_dags/example_dag_decorator.py for tasks to queue
[2023-07-12 00:23:02,662] {logging_mixin.py:115} INFO - [2023-07-12 00:23:02,662] {dagbag.py:508} INFO - Filling up the DagBag from /home/airflow/.local/lib/python3.7/site-packages/airflow/example_dags/example_dag_decorator.py
[2023-07-12 00:23:02,767] {processor.py:651} INFO - DAG(s) dict_keys(['example_dag_decorator']) retrieved from /home/airflow/.local/lib/python3.7/site-packages/airflow/example_dags/example_dag_decorator.py
[2023-07-12 00:23:03,522] {logging_mixin.py:115} INFO - [2023-07-12 00:23:03,521] {dag.py:2420} INFO - Sync 1 DAGs
[2023-07-12 00:23:03,600] {logging_mixin.py:115} INFO - [2023-07-12 00:23:03,600] {dag.py:2972} INFO - Setting next_dagrun for example_dag_decorator to None, run_after=None
[2023-07-12 00:23:03,655] {processor.py:161} INFO - Processing /home/airflow/.local/lib/python3.7/site-packages/airflow/example_dags/example_dag_decorator.py took 1.020 seconds
[2023-07-12 00:23:33,951] {processor.py:153} INFO - Started process (PID=334) to work on /home/airflow/.local/lib/python3.7/site-packages/airflow/example_dags/example_dag_decorator.py
[2023-07-12 00:23:33,952] {processor.py:641} INFO - Processing file /home/airflow/.local/lib/python3.7/site-packages/airflow/example_dags/example_dag_decorator.py for tasks to queue
[2023-07-12 00:23:33,952] {logging_mixin.py:115} INFO - [2023-07-12 00:23:33,952] {dagbag.py:508} INFO - Filling up the DagBag from /home/airflow/.local/lib/python3.7/site-packages/airflow/example_dags/example_dag_decorator.py
[2023-07-12 00:23:33,996] {processor.py:651} INFO - DAG(s) dict_keys(['example_dag_decorator']) retrieved from /home/airflow/.local/lib/python3.7/site-packages/airflow/example_dags/example_dag_decorator.py
[2023-07-12 00:23:34,323] {logging_mixin.py:115} INFO - [2023-07-12 00:23:34,322] {dag.py:2420} INFO - Sync 1 DAGs
[2023-07-12 00:23:34,357] {logging_mixin.py:115} INFO - [2023-07-12 00:23:34,357] {dag.py:2972} INFO - Setting next_dagrun for example_dag_decorator to None, run_after=None
[2023-07-12 00:23:34,385] {processor.py:161} INFO - Processing /home/airflow/.local/lib/python3.7/site-packages/airflow/example_dags/example_dag_decorator.py took 0.438 seconds
[2023-07-12 00:24:04,494] {processor.py:153} INFO - Started process (PID=386) to work on /home/airflow/.local/lib/python3.7/site-packages/airflow/example_dags/example_dag_decorator.py
[2023-07-12 00:24:04,495] {processor.py:641} INFO - Processing file /home/airflow/.local/lib/python3.7/site-packages/airflow/example_dags/example_dag_decorator.py for tasks to queue
[2023-07-12 00:24:04,496] {logging_mixin.py:115} INFO - [2023-07-12 00:24:04,496] {dagbag.py:508} INFO - Filling up the DagBag from /home/airflow/.local/lib/python3.7/site-packages/airflow/example_dags/example_dag_decorator.py
[2023-07-12 00:24:04,545] {processor.py:651} INFO - DAG(s) dict_keys(['example_dag_decorator']) retrieved from /home/airflow/.local/lib/python3.7/site-packages/airflow/example_dags/example_dag_decorator.py
[2023-07-12 00:24:04,836] {logging_mixin.py:115} INFO - [2023-07-12 00:24:04,836] {dag.py:2420} INFO - Sync 1 DAGs
[2023-07-12 00:24:04,865] {logging_mixin.py:115} INFO - [2023-07-12 00:24:04,865] {dag.py:2972} INFO - Setting next_dagrun for example_dag_decorator to None, run_after=None
[2023-07-12 00:24:04,888] {processor.py:161} INFO - Processing /home/airflow/.local/lib/python3.7/site-packages/airflow/example_dags/example_dag_decorator.py took 0.400 seconds
[2023-07-12 00:24:35,081] {processor.py:153} INFO - Started process (PID=446) to work on /home/airflow/.local/lib/python3.7/site-packages/airflow/example_dags/example_dag_decorator.py
[2023-07-12 00:24:35,082] {processor.py:641} INFO - Processing file /home/airflow/.local/lib/python3.7/site-packages/airflow/example_dags/example_dag_decorator.py for tasks to queue
[2023-07-12 00:24:35,084] {logging_mixin.py:115} INFO - [2023-07-12 00:24:35,083] {dagbag.py:508} INFO - Filling up the DagBag from /home/airflow/.local/lib/python3.7/site-packages/airflow/example_dags/example_dag_decorator.py
[2023-07-12 00:24:35,149] {processor.py:651} INFO - DAG(s) dict_keys(['example_dag_decorator']) retrieved from /home/airflow/.local/lib/python3.7/site-packages/airflow/example_dags/example_dag_decorator.py
[2023-07-12 00:24:35,956] {logging_mixin.py:115} INFO - [2023-07-12 00:24:35,955] {dag.py:2420} INFO - Sync 1 DAGs
[2023-07-12 00:24:36,040] {logging_mixin.py:115} INFO - [2023-07-12 00:24:36,040] {dag.py:2972} INFO - Setting next_dagrun for example_dag_decorator to None, run_after=None
[2023-07-12 00:24:36,112] {processor.py:161} INFO - Processing /home/airflow/.local/lib/python3.7/site-packages/airflow/example_dags/example_dag_decorator.py took 1.043 seconds
[2023-07-12 00:25:06,588] {processor.py:153} INFO - Started process (PID=498) to work on /home/airflow/.local/lib/python3.7/site-packages/airflow/example_dags/example_dag_decorator.py
[2023-07-12 00:25:06,589] {processor.py:641} INFO - Processing file /home/airflow/.local/lib/python3.7/site-packages/airflow/example_dags/example_dag_decorator.py for tasks to queue
[2023-07-12 00:25:06,590] {logging_mixin.py:115} INFO - [2023-07-12 00:25:06,590] {dagbag.py:508} INFO - Filling up the DagBag from /home/airflow/.local/lib/python3.7/site-packages/airflow/example_dags/example_dag_decorator.py
[2023-07-12 00:25:06,652] {processor.py:651} INFO - DAG(s) dict_keys(['example_dag_decorator']) retrieved from /home/airflow/.local/lib/python3.7/site-packages/airflow/example_dags/example_dag_decorator.py
[2023-07-12 00:25:06,951] {logging_mixin.py:115} INFO - [2023-07-12 00:25:06,951] {dag.py:2420} INFO - Sync 1 DAGs
[2023-07-12 00:25:07,002] {logging_mixin.py:115} INFO - [2023-07-12 00:25:07,001] {dag.py:2972} INFO - Setting next_dagrun for example_dag_decorator to None, run_after=None
[2023-07-12 00:25:07,029] {processor.py:161} INFO - Processing /home/airflow/.local/lib/python3.7/site-packages/airflow/example_dags/example_dag_decorator.py took 0.448 seconds
[2023-07-12 00:25:37,548] {processor.py:153} INFO - Started process (PID=550) to work on /home/airflow/.local/lib/python3.7/site-packages/airflow/example_dags/example_dag_decorator.py
[2023-07-12 00:25:37,550] {processor.py:641} INFO - Processing file /home/airflow/.local/lib/python3.7/site-packages/airflow/example_dags/example_dag_decorator.py for tasks to queue
[2023-07-12 00:25:37,551] {logging_mixin.py:115} INFO - [2023-07-12 00:25:37,550] {dagbag.py:508} INFO - Filling up the DagBag from /home/airflow/.local/lib/python3.7/site-packages/airflow/example_dags/example_dag_decorator.py
[2023-07-12 00:25:37,601] {processor.py:651} INFO - DAG(s) dict_keys(['example_dag_decorator']) retrieved from /home/airflow/.local/lib/python3.7/site-packages/airflow/example_dags/example_dag_decorator.py
[2023-07-12 00:25:37,875] {logging_mixin.py:115} INFO - [2023-07-12 00:25:37,874] {dag.py:2420} INFO - Sync 1 DAGs
[2023-07-12 00:25:37,914] {logging_mixin.py:115} INFO - [2023-07-12 00:25:37,914] {dag.py:2972} INFO - Setting next_dagrun for example_dag_decorator to None, run_after=None
[2023-07-12 00:25:37,939] {processor.py:161} INFO - Processing /home/airflow/.local/lib/python3.7/site-packages/airflow/example_dags/example_dag_decorator.py took 0.395 seconds
[2023-07-12 00:26:08,854] {processor.py:153} INFO - Started process (PID=602) to work on /home/airflow/.local/lib/python3.7/site-packages/airflow/example_dags/example_dag_decorator.py
[2023-07-12 00:26:08,855] {processor.py:641} INFO - Processing file /home/airflow/.local/lib/python3.7/site-packages/airflow/example_dags/example_dag_decorator.py for tasks to queue
[2023-07-12 00:26:08,856] {logging_mixin.py:115} INFO - [2023-07-12 00:26:08,856] {dagbag.py:508} INFO - Filling up the DagBag from /home/airflow/.local/lib/python3.7/site-packages/airflow/example_dags/example_dag_decorator.py
[2023-07-12 00:26:09,053] {processor.py:651} INFO - DAG(s) dict_keys(['example_dag_decorator']) retrieved from /home/airflow/.local/lib/python3.7/site-packages/airflow/example_dags/example_dag_decorator.py
[2023-07-12 00:26:09,159] {logging_mixin.py:115} INFO - [2023-07-12 00:26:09,159] {dag.py:2420} INFO - Sync 1 DAGs
[2023-07-12 00:26:09,189] {logging_mixin.py:115} INFO - [2023-07-12 00:26:09,189] {dag.py:2972} INFO - Setting next_dagrun for example_dag_decorator to None, run_after=None
[2023-07-12 00:26:09,210] {processor.py:161} INFO - Processing /home/airflow/.local/lib/python3.7/site-packages/airflow/example_dags/example_dag_decorator.py took 0.362 seconds
[2023-07-12 00:26:39,283] {processor.py:153} INFO - Started process (PID=663) to work on /home/airflow/.local/lib/python3.7/site-packages/airflow/example_dags/example_dag_decorator.py
[2023-07-12 00:26:39,283] {processor.py:641} INFO - Processing file /home/airflow/.local/lib/python3.7/site-packages/airflow/example_dags/example_dag_decorator.py for tasks to queue
[2023-07-12 00:26:39,284] {logging_mixin.py:115} INFO - [2023-07-12 00:26:39,284] {dagbag.py:508} INFO - Filling up the DagBag from /home/airflow/.local/lib/python3.7/site-packages/airflow/example_dags/example_dag_decorator.py
[2023-07-12 00:26:39,560] {processor.py:651} INFO - DAG(s) dict_keys(['example_dag_decorator']) retrieved from /home/airflow/.local/lib/python3.7/site-packages/airflow/example_dags/example_dag_decorator.py
[2023-07-12 00:26:39,727] {logging_mixin.py:115} INFO - [2023-07-12 00:26:39,727] {dag.py:2420} INFO - Sync 1 DAGs
[2023-07-12 00:26:39,779] {logging_mixin.py:115} INFO - [2023-07-12 00:26:39,779] {dag.py:2972} INFO - Setting next_dagrun for example_dag_decorator to None, run_after=None
[2023-07-12 00:26:39,817] {processor.py:161} INFO - Processing /home/airflow/.local/lib/python3.7/site-packages/airflow/example_dags/example_dag_decorator.py took 0.539 seconds
[2023-07-12 00:27:09,895] {processor.py:153} INFO - Started process (PID=715) to work on /home/airflow/.local/lib/python3.7/site-packages/airflow/example_dags/example_dag_decorator.py
[2023-07-12 00:27:09,896] {processor.py:641} INFO - Processing file /home/airflow/.local/lib/python3.7/site-packages/airflow/example_dags/example_dag_decorator.py for tasks to queue
[2023-07-12 00:27:09,897] {logging_mixin.py:115} INFO - [2023-07-12 00:27:09,897] {dagbag.py:508} INFO - Filling up the DagBag from /home/airflow/.local/lib/python3.7/site-packages/airflow/example_dags/example_dag_decorator.py
[2023-07-12 00:27:10,191] {processor.py:651} INFO - DAG(s) dict_keys(['example_dag_decorator']) retrieved from /home/airflow/.local/lib/python3.7/site-packages/airflow/example_dags/example_dag_decorator.py
[2023-07-12 00:27:10,403] {logging_mixin.py:115} INFO - [2023-07-12 00:27:10,402] {dag.py:2420} INFO - Sync 1 DAGs
[2023-07-12 00:27:10,463] {logging_mixin.py:115} INFO - [2023-07-12 00:27:10,463] {dag.py:2972} INFO - Setting next_dagrun for example_dag_decorator to None, run_after=None
[2023-07-12 00:27:10,503] {processor.py:161} INFO - Processing /home/airflow/.local/lib/python3.7/site-packages/airflow/example_dags/example_dag_decorator.py took 0.613 seconds
[2023-07-12 00:27:40,674] {processor.py:153} INFO - Started process (PID=775) to work on /home/airflow/.local/lib/python3.7/site-packages/airflow/example_dags/example_dag_decorator.py
[2023-07-12 00:27:40,676] {processor.py:641} INFO - Processing file /home/airflow/.local/lib/python3.7/site-packages/airflow/example_dags/example_dag_decorator.py for tasks to queue
[2023-07-12 00:27:40,679] {logging_mixin.py:115} INFO - [2023-07-12 00:27:40,678] {dagbag.py:508} INFO - Filling up the DagBag from /home/airflow/.local/lib/python3.7/site-packages/airflow/example_dags/example_dag_decorator.py
[2023-07-12 00:27:41,094] {processor.py:651} INFO - DAG(s) dict_keys(['example_dag_decorator']) retrieved from /home/airflow/.local/lib/python3.7/site-packages/airflow/example_dags/example_dag_decorator.py
[2023-07-12 00:27:41,280] {logging_mixin.py:115} INFO - [2023-07-12 00:27:41,280] {dag.py:2420} INFO - Sync 1 DAGs
[2023-07-12 00:27:41,354] {logging_mixin.py:115} INFO - [2023-07-12 00:27:41,354] {dag.py:2972} INFO - Setting next_dagrun for example_dag_decorator to None, run_after=None
[2023-07-12 00:27:41,406] {processor.py:161} INFO - Processing /home/airflow/.local/lib/python3.7/site-packages/airflow/example_dags/example_dag_decorator.py took 0.741 seconds
[2023-07-12 00:28:11,728] {processor.py:153} INFO - Started process (PID=828) to work on /home/airflow/.local/lib/python3.7/site-packages/airflow/example_dags/example_dag_decorator.py
[2023-07-12 00:28:11,729] {processor.py:641} INFO - Processing file /home/airflow/.local/lib/python3.7/site-packages/airflow/example_dags/example_dag_decorator.py for tasks to queue
[2023-07-12 00:28:11,729] {logging_mixin.py:115} INFO - [2023-07-12 00:28:11,729] {dagbag.py:508} INFO - Filling up the DagBag from /home/airflow/.local/lib/python3.7/site-packages/airflow/example_dags/example_dag_decorator.py
[2023-07-12 00:28:11,908] {processor.py:651} INFO - DAG(s) dict_keys(['example_dag_decorator']) retrieved from /home/airflow/.local/lib/python3.7/site-packages/airflow/example_dags/example_dag_decorator.py
[2023-07-12 00:28:11,933] {logging_mixin.py:115} INFO - [2023-07-12 00:28:11,933] {dag.py:2420} INFO - Sync 1 DAGs
[2023-07-12 00:28:11,958] {logging_mixin.py:115} INFO - [2023-07-12 00:28:11,958] {dag.py:2972} INFO - Setting next_dagrun for example_dag_decorator to None, run_after=None
[2023-07-12 00:28:11,973] {processor.py:161} INFO - Processing /home/airflow/.local/lib/python3.7/site-packages/airflow/example_dags/example_dag_decorator.py took 0.250 seconds
[2023-07-12 00:28:42,601] {processor.py:153} INFO - Started process (PID=881) to work on /home/airflow/.local/lib/python3.7/site-packages/airflow/example_dags/example_dag_decorator.py
[2023-07-12 00:28:42,601] {processor.py:641} INFO - Processing file /home/airflow/.local/lib/python3.7/site-packages/airflow/example_dags/example_dag_decorator.py for tasks to queue
[2023-07-12 00:28:42,602] {logging_mixin.py:115} INFO - [2023-07-12 00:28:42,602] {dagbag.py:508} INFO - Filling up the DagBag from /home/airflow/.local/lib/python3.7/site-packages/airflow/example_dags/example_dag_decorator.py
[2023-07-12 00:28:42,839] {processor.py:651} INFO - DAG(s) dict_keys(['example_dag_decorator']) retrieved from /home/airflow/.local/lib/python3.7/site-packages/airflow/example_dags/example_dag_decorator.py
[2023-07-12 00:28:42,886] {logging_mixin.py:115} INFO - [2023-07-12 00:28:42,886] {dag.py:2420} INFO - Sync 1 DAGs
[2023-07-12 00:28:42,921] {logging_mixin.py:115} INFO - [2023-07-12 00:28:42,921] {dag.py:2972} INFO - Setting next_dagrun for example_dag_decorator to None, run_after=None
[2023-07-12 00:28:42,935] {processor.py:161} INFO - Processing /home/airflow/.local/lib/python3.7/site-packages/airflow/example_dags/example_dag_decorator.py took 0.339 seconds
[2023-07-12 00:29:13,381] {processor.py:153} INFO - Started process (PID=941) to work on /home/airflow/.local/lib/python3.7/site-packages/airflow/example_dags/example_dag_decorator.py
[2023-07-12 00:29:13,387] {processor.py:641} INFO - Processing file /home/airflow/.local/lib/python3.7/site-packages/airflow/example_dags/example_dag_decorator.py for tasks to queue
[2023-07-12 00:29:13,388] {logging_mixin.py:115} INFO - [2023-07-12 00:29:13,388] {dagbag.py:508} INFO - Filling up the DagBag from /home/airflow/.local/lib/python3.7/site-packages/airflow/example_dags/example_dag_decorator.py
[2023-07-12 00:29:13,957] {processor.py:651} INFO - DAG(s) dict_keys(['example_dag_decorator']) retrieved from /home/airflow/.local/lib/python3.7/site-packages/airflow/example_dags/example_dag_decorator.py
[2023-07-12 00:29:14,221] {logging_mixin.py:115} INFO - [2023-07-12 00:29:14,220] {dag.py:2420} INFO - Sync 1 DAGs
[2023-07-12 00:29:14,295] {logging_mixin.py:115} INFO - [2023-07-12 00:29:14,295] {dag.py:2972} INFO - Setting next_dagrun for example_dag_decorator to None, run_after=None
[2023-07-12 00:29:14,333] {processor.py:161} INFO - Processing /home/airflow/.local/lib/python3.7/site-packages/airflow/example_dags/example_dag_decorator.py took 0.958 seconds
[2023-07-12 00:30:40,463] {processor.py:153} INFO - Started process (PID=75) to work on /home/airflow/.local/lib/python3.7/site-packages/airflow/example_dags/example_dag_decorator.py
[2023-07-12 00:30:40,466] {processor.py:641} INFO - Processing file /home/airflow/.local/lib/python3.7/site-packages/airflow/example_dags/example_dag_decorator.py for tasks to queue
[2023-07-12 00:30:40,467] {logging_mixin.py:115} INFO - [2023-07-12 00:30:40,467] {dagbag.py:508} INFO - Filling up the DagBag from /home/airflow/.local/lib/python3.7/site-packages/airflow/example_dags/example_dag_decorator.py
[2023-07-12 00:30:40,627] {processor.py:651} INFO - DAG(s) dict_keys(['example_dag_decorator']) retrieved from /home/airflow/.local/lib/python3.7/site-packages/airflow/example_dags/example_dag_decorator.py
[2023-07-12 00:30:41,462] {logging_mixin.py:115} INFO - [2023-07-12 00:30:41,462] {dag.py:2420} INFO - Sync 1 DAGs
[2023-07-12 00:30:41,579] {logging_mixin.py:115} INFO - [2023-07-12 00:30:41,568] {dag.py:2972} INFO - Setting next_dagrun for example_dag_decorator to None, run_after=None
[2023-07-12 00:30:41,653] {processor.py:161} INFO - Processing /home/airflow/.local/lib/python3.7/site-packages/airflow/example_dags/example_dag_decorator.py took 1.194 seconds
[2023-07-12 00:31:12,279] {processor.py:153} INFO - Started process (PID=127) to work on /home/airflow/.local/lib/python3.7/site-packages/airflow/example_dags/example_dag_decorator.py
[2023-07-12 00:31:12,281] {processor.py:641} INFO - Processing file /home/airflow/.local/lib/python3.7/site-packages/airflow/example_dags/example_dag_decorator.py for tasks to queue
[2023-07-12 00:31:12,282] {logging_mixin.py:115} INFO - [2023-07-12 00:31:12,281] {dagbag.py:508} INFO - Filling up the DagBag from /home/airflow/.local/lib/python3.7/site-packages/airflow/example_dags/example_dag_decorator.py
[2023-07-12 00:31:12,396] {processor.py:651} INFO - DAG(s) dict_keys(['example_dag_decorator']) retrieved from /home/airflow/.local/lib/python3.7/site-packages/airflow/example_dags/example_dag_decorator.py
[2023-07-12 00:31:12,898] {logging_mixin.py:115} INFO - [2023-07-12 00:31:12,898] {dag.py:2420} INFO - Sync 1 DAGs
[2023-07-12 00:31:12,935] {logging_mixin.py:115} INFO - [2023-07-12 00:31:12,935] {dag.py:2972} INFO - Setting next_dagrun for example_dag_decorator to None, run_after=None
[2023-07-12 00:31:12,963] {processor.py:161} INFO - Processing /home/airflow/.local/lib/python3.7/site-packages/airflow/example_dags/example_dag_decorator.py took 0.693 seconds
[2023-07-12 00:31:43,681] {processor.py:153} INFO - Started process (PID=180) to work on /home/airflow/.local/lib/python3.7/site-packages/airflow/example_dags/example_dag_decorator.py
[2023-07-12 00:31:43,682] {processor.py:641} INFO - Processing file /home/airflow/.local/lib/python3.7/site-packages/airflow/example_dags/example_dag_decorator.py for tasks to queue
[2023-07-12 00:31:43,682] {logging_mixin.py:115} INFO - [2023-07-12 00:31:43,682] {dagbag.py:508} INFO - Filling up the DagBag from /home/airflow/.local/lib/python3.7/site-packages/airflow/example_dags/example_dag_decorator.py
[2023-07-12 00:31:43,716] {processor.py:651} INFO - DAG(s) dict_keys(['example_dag_decorator']) retrieved from /home/airflow/.local/lib/python3.7/site-packages/airflow/example_dags/example_dag_decorator.py
[2023-07-12 00:31:43,948] {logging_mixin.py:115} INFO - [2023-07-12 00:31:43,948] {dag.py:2420} INFO - Sync 1 DAGs
[2023-07-12 00:31:43,988] {logging_mixin.py:115} INFO - [2023-07-12 00:31:43,988] {dag.py:2972} INFO - Setting next_dagrun for example_dag_decorator to None, run_after=None
[2023-07-12 00:31:44,012] {processor.py:161} INFO - Processing /home/airflow/.local/lib/python3.7/site-packages/airflow/example_dags/example_dag_decorator.py took 0.335 seconds
[2023-07-12 00:32:14,163] {processor.py:153} INFO - Started process (PID=232) to work on /home/airflow/.local/lib/python3.7/site-packages/airflow/example_dags/example_dag_decorator.py
[2023-07-12 00:32:14,163] {processor.py:641} INFO - Processing file /home/airflow/.local/lib/python3.7/site-packages/airflow/example_dags/example_dag_decorator.py for tasks to queue
[2023-07-12 00:32:14,164] {logging_mixin.py:115} INFO - [2023-07-12 00:32:14,164] {dagbag.py:508} INFO - Filling up the DagBag from /home/airflow/.local/lib/python3.7/site-packages/airflow/example_dags/example_dag_decorator.py
[2023-07-12 00:32:14,198] {processor.py:651} INFO - DAG(s) dict_keys(['example_dag_decorator']) retrieved from /home/airflow/.local/lib/python3.7/site-packages/airflow/example_dags/example_dag_decorator.py
[2023-07-12 00:32:14,435] {logging_mixin.py:115} INFO - [2023-07-12 00:32:14,435] {dag.py:2420} INFO - Sync 1 DAGs
[2023-07-12 00:32:14,462] {logging_mixin.py:115} INFO - [2023-07-12 00:32:14,462] {dag.py:2972} INFO - Setting next_dagrun for example_dag_decorator to None, run_after=None
[2023-07-12 00:32:14,484] {processor.py:161} INFO - Processing /home/airflow/.local/lib/python3.7/site-packages/airflow/example_dags/example_dag_decorator.py took 0.326 seconds
[2023-07-12 00:32:45,139] {processor.py:153} INFO - Started process (PID=294) to work on /home/airflow/.local/lib/python3.7/site-packages/airflow/example_dags/example_dag_decorator.py
[2023-07-12 00:32:45,156] {processor.py:641} INFO - Processing file /home/airflow/.local/lib/python3.7/site-packages/airflow/example_dags/example_dag_decorator.py for tasks to queue
[2023-07-12 00:32:45,157] {logging_mixin.py:115} INFO - [2023-07-12 00:32:45,157] {dagbag.py:508} INFO - Filling up the DagBag from /home/airflow/.local/lib/python3.7/site-packages/airflow/example_dags/example_dag_decorator.py
[2023-07-12 00:32:45,374] {processor.py:651} INFO - DAG(s) dict_keys(['example_dag_decorator']) retrieved from /home/airflow/.local/lib/python3.7/site-packages/airflow/example_dags/example_dag_decorator.py
[2023-07-12 00:32:47,130] {logging_mixin.py:115} INFO - [2023-07-12 00:32:47,130] {dag.py:2420} INFO - Sync 1 DAGs
[2023-07-12 00:32:47,354] {logging_mixin.py:115} INFO - [2023-07-12 00:32:47,354] {dag.py:2972} INFO - Setting next_dagrun for example_dag_decorator to None, run_after=None
[2023-07-12 00:32:47,459] {processor.py:161} INFO - Processing /home/airflow/.local/lib/python3.7/site-packages/airflow/example_dags/example_dag_decorator.py took 2.370 seconds
[2023-07-12 00:33:30,452] {processor.py:153} INFO - Started process (PID=398) to work on /home/airflow/.local/lib/python3.7/site-packages/airflow/example_dags/example_dag_decorator.py
[2023-07-12 00:33:30,458] {processor.py:641} INFO - Processing file /home/airflow/.local/lib/python3.7/site-packages/airflow/example_dags/example_dag_decorator.py for tasks to queue
[2023-07-12 00:33:30,459] {logging_mixin.py:115} INFO - [2023-07-12 00:33:30,459] {dagbag.py:508} INFO - Filling up the DagBag from /home/airflow/.local/lib/python3.7/site-packages/airflow/example_dags/example_dag_decorator.py
[2023-07-12 00:33:30,668] {processor.py:651} INFO - DAG(s) dict_keys(['example_dag_decorator']) retrieved from /home/airflow/.local/lib/python3.7/site-packages/airflow/example_dags/example_dag_decorator.py
[2023-07-12 00:33:31,395] {logging_mixin.py:115} INFO - [2023-07-12 00:33:31,395] {dag.py:2420} INFO - Sync 1 DAGs
[2023-07-12 00:33:31,729] {logging_mixin.py:115} INFO - [2023-07-12 00:33:31,729] {dag.py:2972} INFO - Setting next_dagrun for example_dag_decorator to None, run_after=None
[2023-07-12 00:33:31,958] {processor.py:161} INFO - Processing /home/airflow/.local/lib/python3.7/site-packages/airflow/example_dags/example_dag_decorator.py took 1.512 seconds
[2023-07-12 00:34:02,969] {processor.py:153} INFO - Started process (PID=479) to work on /home/airflow/.local/lib/python3.7/site-packages/airflow/example_dags/example_dag_decorator.py
[2023-07-12 00:34:03,023] {processor.py:641} INFO - Processing file /home/airflow/.local/lib/python3.7/site-packages/airflow/example_dags/example_dag_decorator.py for tasks to queue
[2023-07-12 00:34:03,024] {logging_mixin.py:115} INFO - [2023-07-12 00:34:03,024] {dagbag.py:508} INFO - Filling up the DagBag from /home/airflow/.local/lib/python3.7/site-packages/airflow/example_dags/example_dag_decorator.py
[2023-07-12 00:34:03,419] {processor.py:651} INFO - DAG(s) dict_keys(['example_dag_decorator']) retrieved from /home/airflow/.local/lib/python3.7/site-packages/airflow/example_dags/example_dag_decorator.py
[2023-07-12 00:34:05,390] {logging_mixin.py:115} INFO - [2023-07-12 00:34:05,389] {dag.py:2420} INFO - Sync 1 DAGs
[2023-07-12 00:34:05,669] {logging_mixin.py:115} INFO - [2023-07-12 00:34:05,669] {dag.py:2972} INFO - Setting next_dagrun for example_dag_decorator to None, run_after=None
[2023-07-12 00:34:05,960] {processor.py:161} INFO - Processing /home/airflow/.local/lib/python3.7/site-packages/airflow/example_dags/example_dag_decorator.py took 3.044 seconds
[2023-07-12 00:34:36,422] {processor.py:153} INFO - Started process (PID=541) to work on /home/airflow/.local/lib/python3.7/site-packages/airflow/example_dags/example_dag_decorator.py
[2023-07-12 00:34:36,423] {processor.py:641} INFO - Processing file /home/airflow/.local/lib/python3.7/site-packages/airflow/example_dags/example_dag_decorator.py for tasks to queue
[2023-07-12 00:34:36,424] {logging_mixin.py:115} INFO - [2023-07-12 00:34:36,424] {dagbag.py:508} INFO - Filling up the DagBag from /home/airflow/.local/lib/python3.7/site-packages/airflow/example_dags/example_dag_decorator.py
[2023-07-12 00:34:36,463] {processor.py:651} INFO - DAG(s) dict_keys(['example_dag_decorator']) retrieved from /home/airflow/.local/lib/python3.7/site-packages/airflow/example_dags/example_dag_decorator.py
[2023-07-12 00:34:36,773] {logging_mixin.py:115} INFO - [2023-07-12 00:34:36,773] {dag.py:2420} INFO - Sync 1 DAGs
[2023-07-12 00:34:36,805] {logging_mixin.py:115} INFO - [2023-07-12 00:34:36,804] {dag.py:2972} INFO - Setting next_dagrun for example_dag_decorator to None, run_after=None
[2023-07-12 00:34:36,830] {processor.py:161} INFO - Processing /home/airflow/.local/lib/python3.7/site-packages/airflow/example_dags/example_dag_decorator.py took 0.411 seconds
[2023-07-12 00:35:07,200] {processor.py:153} INFO - Started process (PID=594) to work on /home/airflow/.local/lib/python3.7/site-packages/airflow/example_dags/example_dag_decorator.py
[2023-07-12 00:35:07,215] {processor.py:641} INFO - Processing file /home/airflow/.local/lib/python3.7/site-packages/airflow/example_dags/example_dag_decorator.py for tasks to queue
[2023-07-12 00:35:07,217] {logging_mixin.py:115} INFO - [2023-07-12 00:35:07,216] {dagbag.py:508} INFO - Filling up the DagBag from /home/airflow/.local/lib/python3.7/site-packages/airflow/example_dags/example_dag_decorator.py
[2023-07-12 00:35:07,288] {processor.py:651} INFO - DAG(s) dict_keys(['example_dag_decorator']) retrieved from /home/airflow/.local/lib/python3.7/site-packages/airflow/example_dags/example_dag_decorator.py
[2023-07-12 00:35:07,716] {logging_mixin.py:115} INFO - [2023-07-12 00:35:07,715] {dag.py:2420} INFO - Sync 1 DAGs
[2023-07-12 00:35:07,752] {logging_mixin.py:115} INFO - [2023-07-12 00:35:07,752] {dag.py:2972} INFO - Setting next_dagrun for example_dag_decorator to None, run_after=None
[2023-07-12 00:35:07,773] {processor.py:161} INFO - Processing /home/airflow/.local/lib/python3.7/site-packages/airflow/example_dags/example_dag_decorator.py took 0.578 seconds
