[2023-07-12 00:20:45,912] {processor.py:153} INFO - Started process (PID=59) to work on /home/airflow/.local/lib/python3.7/site-packages/airflow/example_dags/example_latest_only.py
[2023-07-12 00:20:45,913] {processor.py:641} INFO - Processing file /home/airflow/.local/lib/python3.7/site-packages/airflow/example_dags/example_latest_only.py for tasks to queue
[2023-07-12 00:20:45,914] {logging_mixin.py:115} INFO - [2023-07-12 00:20:45,914] {dagbag.py:508} INFO - Filling up the DagBag from /home/airflow/.local/lib/python3.7/site-packages/airflow/example_dags/example_latest_only.py
[2023-07-12 00:20:45,930] {processor.py:651} INFO - DAG(s) dict_keys(['latest_only']) retrieved from /home/airflow/.local/lib/python3.7/site-packages/airflow/example_dags/example_latest_only.py
[2023-07-12 00:20:45,991] {logging_mixin.py:115} INFO - [2023-07-12 00:20:45,991] {dag.py:2420} INFO - Sync 1 DAGs
[2023-07-12 00:20:46,395] {logging_mixin.py:115} INFO - [2023-07-12 00:20:46,395] {dag.py:2972} INFO - Setting next_dagrun for latest_only to 2023-07-11T20:20:46.395060+00:00, run_after=2023-07-12T00:20:46.395060+00:00
[2023-07-12 00:20:46,441] {processor.py:161} INFO - Processing /home/airflow/.local/lib/python3.7/site-packages/airflow/example_dags/example_latest_only.py took 0.539 seconds
[2023-07-12 00:21:16,796] {processor.py:153} INFO - Started process (PID=102) to work on /home/airflow/.local/lib/python3.7/site-packages/airflow/example_dags/example_latest_only.py
[2023-07-12 00:21:16,799] {processor.py:641} INFO - Processing file /home/airflow/.local/lib/python3.7/site-packages/airflow/example_dags/example_latest_only.py for tasks to queue
[2023-07-12 00:21:16,800] {logging_mixin.py:115} INFO - [2023-07-12 00:21:16,800] {dagbag.py:508} INFO - Filling up the DagBag from /home/airflow/.local/lib/python3.7/site-packages/airflow/example_dags/example_latest_only.py
[2023-07-12 00:21:16,830] {processor.py:651} INFO - DAG(s) dict_keys(['latest_only']) retrieved from /home/airflow/.local/lib/python3.7/site-packages/airflow/example_dags/example_latest_only.py
[2023-07-12 00:21:16,912] {logging_mixin.py:115} INFO - [2023-07-12 00:21:16,912] {dag.py:2420} INFO - Sync 1 DAGs
[2023-07-12 00:21:17,248] {logging_mixin.py:115} INFO - [2023-07-12 00:21:17,248] {dag.py:2972} INFO - Setting next_dagrun for latest_only to 2023-07-11T20:21:17.248235+00:00, run_after=2023-07-12T00:21:17.248235+00:00
[2023-07-12 00:21:17,291] {processor.py:161} INFO - Processing /home/airflow/.local/lib/python3.7/site-packages/airflow/example_dags/example_latest_only.py took 0.500 seconds
[2023-07-12 00:21:47,499] {processor.py:153} INFO - Started process (PID=154) to work on /home/airflow/.local/lib/python3.7/site-packages/airflow/example_dags/example_latest_only.py
[2023-07-12 00:21:47,500] {processor.py:641} INFO - Processing file /home/airflow/.local/lib/python3.7/site-packages/airflow/example_dags/example_latest_only.py for tasks to queue
[2023-07-12 00:21:47,501] {logging_mixin.py:115} INFO - [2023-07-12 00:21:47,501] {dagbag.py:508} INFO - Filling up the DagBag from /home/airflow/.local/lib/python3.7/site-packages/airflow/example_dags/example_latest_only.py
[2023-07-12 00:21:47,511] {processor.py:651} INFO - DAG(s) dict_keys(['latest_only']) retrieved from /home/airflow/.local/lib/python3.7/site-packages/airflow/example_dags/example_latest_only.py
[2023-07-12 00:21:47,550] {logging_mixin.py:115} INFO - [2023-07-12 00:21:47,550] {dag.py:2420} INFO - Sync 1 DAGs
[2023-07-12 00:21:47,774] {logging_mixin.py:115} INFO - [2023-07-12 00:21:47,774] {dag.py:2972} INFO - Setting next_dagrun for latest_only to 2023-07-11T20:21:47.774028+00:00, run_after=2023-07-12T00:21:47.774028+00:00
[2023-07-12 00:21:47,796] {processor.py:161} INFO - Processing /home/airflow/.local/lib/python3.7/site-packages/airflow/example_dags/example_latest_only.py took 0.302 seconds
[2023-07-12 00:22:18,650] {processor.py:153} INFO - Started process (PID=205) to work on /home/airflow/.local/lib/python3.7/site-packages/airflow/example_dags/example_latest_only.py
[2023-07-12 00:22:18,653] {processor.py:641} INFO - Processing file /home/airflow/.local/lib/python3.7/site-packages/airflow/example_dags/example_latest_only.py for tasks to queue
[2023-07-12 00:22:18,654] {logging_mixin.py:115} INFO - [2023-07-12 00:22:18,653] {dagbag.py:508} INFO - Filling up the DagBag from /home/airflow/.local/lib/python3.7/site-packages/airflow/example_dags/example_latest_only.py
[2023-07-12 00:22:18,677] {processor.py:651} INFO - DAG(s) dict_keys(['latest_only']) retrieved from /home/airflow/.local/lib/python3.7/site-packages/airflow/example_dags/example_latest_only.py
[2023-07-12 00:22:18,933] {logging_mixin.py:115} INFO - [2023-07-12 00:22:18,932] {dag.py:2420} INFO - Sync 1 DAGs
[2023-07-12 00:22:19,371] {logging_mixin.py:115} INFO - [2023-07-12 00:22:19,371] {dag.py:2972} INFO - Setting next_dagrun for latest_only to 2023-07-11T20:22:19.370986+00:00, run_after=2023-07-12T00:22:19.370986+00:00
[2023-07-12 00:22:19,427] {processor.py:161} INFO - Processing /home/airflow/.local/lib/python3.7/site-packages/airflow/example_dags/example_latest_only.py took 0.786 seconds
[2023-07-12 00:22:50,534] {processor.py:153} INFO - Started process (PID=266) to work on /home/airflow/.local/lib/python3.7/site-packages/airflow/example_dags/example_latest_only.py
[2023-07-12 00:22:50,540] {processor.py:641} INFO - Processing file /home/airflow/.local/lib/python3.7/site-packages/airflow/example_dags/example_latest_only.py for tasks to queue
[2023-07-12 00:22:50,541] {logging_mixin.py:115} INFO - [2023-07-12 00:22:50,540] {dagbag.py:508} INFO - Filling up the DagBag from /home/airflow/.local/lib/python3.7/site-packages/airflow/example_dags/example_latest_only.py
[2023-07-12 00:22:50,556] {processor.py:651} INFO - DAG(s) dict_keys(['latest_only']) retrieved from /home/airflow/.local/lib/python3.7/site-packages/airflow/example_dags/example_latest_only.py
[2023-07-12 00:22:50,639] {logging_mixin.py:115} INFO - [2023-07-12 00:22:50,638] {dag.py:2420} INFO - Sync 1 DAGs
[2023-07-12 00:22:50,971] {logging_mixin.py:115} INFO - [2023-07-12 00:22:50,971] {dag.py:2972} INFO - Setting next_dagrun for latest_only to 2023-07-11T20:22:50.970863+00:00, run_after=2023-07-12T00:22:50.970863+00:00
[2023-07-12 00:22:51,006] {processor.py:161} INFO - Processing /home/airflow/.local/lib/python3.7/site-packages/airflow/example_dags/example_latest_only.py took 0.481 seconds
[2023-07-12 00:23:21,573] {processor.py:153} INFO - Started process (PID=318) to work on /home/airflow/.local/lib/python3.7/site-packages/airflow/example_dags/example_latest_only.py
[2023-07-12 00:23:21,573] {processor.py:641} INFO - Processing file /home/airflow/.local/lib/python3.7/site-packages/airflow/example_dags/example_latest_only.py for tasks to queue
[2023-07-12 00:23:21,574] {logging_mixin.py:115} INFO - [2023-07-12 00:23:21,574] {dagbag.py:508} INFO - Filling up the DagBag from /home/airflow/.local/lib/python3.7/site-packages/airflow/example_dags/example_latest_only.py
[2023-07-12 00:23:21,588] {processor.py:651} INFO - DAG(s) dict_keys(['latest_only']) retrieved from /home/airflow/.local/lib/python3.7/site-packages/airflow/example_dags/example_latest_only.py
[2023-07-12 00:23:21,654] {logging_mixin.py:115} INFO - [2023-07-12 00:23:21,654] {dag.py:2420} INFO - Sync 1 DAGs
[2023-07-12 00:23:22,034] {logging_mixin.py:115} INFO - [2023-07-12 00:23:22,034] {dag.py:2972} INFO - Setting next_dagrun for latest_only to 2023-07-11T20:23:22.033720+00:00, run_after=2023-07-12T00:23:22.033720+00:00
[2023-07-12 00:23:22,091] {processor.py:161} INFO - Processing /home/airflow/.local/lib/python3.7/site-packages/airflow/example_dags/example_latest_only.py took 0.531 seconds
[2023-07-12 00:23:52,975] {processor.py:153} INFO - Started process (PID=370) to work on /home/airflow/.local/lib/python3.7/site-packages/airflow/example_dags/example_latest_only.py
[2023-07-12 00:23:52,977] {processor.py:641} INFO - Processing file /home/airflow/.local/lib/python3.7/site-packages/airflow/example_dags/example_latest_only.py for tasks to queue
[2023-07-12 00:23:52,978] {logging_mixin.py:115} INFO - [2023-07-12 00:23:52,977] {dagbag.py:508} INFO - Filling up the DagBag from /home/airflow/.local/lib/python3.7/site-packages/airflow/example_dags/example_latest_only.py
[2023-07-12 00:23:52,994] {processor.py:651} INFO - DAG(s) dict_keys(['latest_only']) retrieved from /home/airflow/.local/lib/python3.7/site-packages/airflow/example_dags/example_latest_only.py
[2023-07-12 00:23:53,071] {logging_mixin.py:115} INFO - [2023-07-12 00:23:53,071] {dag.py:2420} INFO - Sync 1 DAGs
[2023-07-12 00:23:53,440] {logging_mixin.py:115} INFO - [2023-07-12 00:23:53,439] {dag.py:2972} INFO - Setting next_dagrun for latest_only to 2023-07-11T20:23:53.439029+00:00, run_after=2023-07-12T00:23:53.439029+00:00
[2023-07-12 00:23:53,485] {processor.py:161} INFO - Processing /home/airflow/.local/lib/python3.7/site-packages/airflow/example_dags/example_latest_only.py took 0.528 seconds
[2023-07-12 00:24:23,716] {processor.py:153} INFO - Started process (PID=421) to work on /home/airflow/.local/lib/python3.7/site-packages/airflow/example_dags/example_latest_only.py
[2023-07-12 00:24:23,717] {processor.py:641} INFO - Processing file /home/airflow/.local/lib/python3.7/site-packages/airflow/example_dags/example_latest_only.py for tasks to queue
[2023-07-12 00:24:23,718] {logging_mixin.py:115} INFO - [2023-07-12 00:24:23,718] {dagbag.py:508} INFO - Filling up the DagBag from /home/airflow/.local/lib/python3.7/site-packages/airflow/example_dags/example_latest_only.py
[2023-07-12 00:24:23,732] {processor.py:651} INFO - DAG(s) dict_keys(['latest_only']) retrieved from /home/airflow/.local/lib/python3.7/site-packages/airflow/example_dags/example_latest_only.py
[2023-07-12 00:24:23,789] {logging_mixin.py:115} INFO - [2023-07-12 00:24:23,789] {dag.py:2420} INFO - Sync 1 DAGs
[2023-07-12 00:24:24,032] {logging_mixin.py:115} INFO - [2023-07-12 00:24:24,032] {dag.py:2972} INFO - Setting next_dagrun for latest_only to 2023-07-11T20:24:24.031731+00:00, run_after=2023-07-12T00:24:24.031731+00:00
[2023-07-12 00:24:24,057] {processor.py:161} INFO - Processing /home/airflow/.local/lib/python3.7/site-packages/airflow/example_dags/example_latest_only.py took 0.345 seconds
[2023-07-12 00:24:55,066] {processor.py:153} INFO - Started process (PID=474) to work on /home/airflow/.local/lib/python3.7/site-packages/airflow/example_dags/example_latest_only.py
[2023-07-12 00:24:55,069] {processor.py:641} INFO - Processing file /home/airflow/.local/lib/python3.7/site-packages/airflow/example_dags/example_latest_only.py for tasks to queue
[2023-07-12 00:24:55,070] {logging_mixin.py:115} INFO - [2023-07-12 00:24:55,070] {dagbag.py:508} INFO - Filling up the DagBag from /home/airflow/.local/lib/python3.7/site-packages/airflow/example_dags/example_latest_only.py
[2023-07-12 00:24:55,080] {processor.py:651} INFO - DAG(s) dict_keys(['latest_only']) retrieved from /home/airflow/.local/lib/python3.7/site-packages/airflow/example_dags/example_latest_only.py
[2023-07-12 00:24:55,129] {logging_mixin.py:115} INFO - [2023-07-12 00:24:55,129] {dag.py:2420} INFO - Sync 1 DAGs
[2023-07-12 00:24:55,530] {logging_mixin.py:115} INFO - [2023-07-12 00:24:55,529] {dag.py:2972} INFO - Setting next_dagrun for latest_only to 2023-07-11T20:24:55.529330+00:00, run_after=2023-07-12T00:24:55.529330+00:00
[2023-07-12 00:24:55,589] {processor.py:161} INFO - Processing /home/airflow/.local/lib/python3.7/site-packages/airflow/example_dags/example_latest_only.py took 0.530 seconds
[2023-07-12 00:25:26,596] {processor.py:153} INFO - Started process (PID=526) to work on /home/airflow/.local/lib/python3.7/site-packages/airflow/example_dags/example_latest_only.py
[2023-07-12 00:25:26,599] {processor.py:641} INFO - Processing file /home/airflow/.local/lib/python3.7/site-packages/airflow/example_dags/example_latest_only.py for tasks to queue
[2023-07-12 00:25:26,601] {logging_mixin.py:115} INFO - [2023-07-12 00:25:26,600] {dagbag.py:508} INFO - Filling up the DagBag from /home/airflow/.local/lib/python3.7/site-packages/airflow/example_dags/example_latest_only.py
[2023-07-12 00:25:26,609] {processor.py:651} INFO - DAG(s) dict_keys(['latest_only']) retrieved from /home/airflow/.local/lib/python3.7/site-packages/airflow/example_dags/example_latest_only.py
[2023-07-12 00:25:26,671] {logging_mixin.py:115} INFO - [2023-07-12 00:25:26,671] {dag.py:2420} INFO - Sync 1 DAGs
[2023-07-12 00:25:27,010] {logging_mixin.py:115} INFO - [2023-07-12 00:25:27,010] {dag.py:2972} INFO - Setting next_dagrun for latest_only to 2023-07-11T20:25:27.009974+00:00, run_after=2023-07-12T00:25:27.009974+00:00
[2023-07-12 00:25:27,044] {processor.py:161} INFO - Processing /home/airflow/.local/lib/python3.7/site-packages/airflow/example_dags/example_latest_only.py took 0.454 seconds
[2023-07-12 00:25:58,075] {processor.py:153} INFO - Started process (PID=587) to work on /home/airflow/.local/lib/python3.7/site-packages/airflow/example_dags/example_latest_only.py
[2023-07-12 00:25:58,078] {processor.py:641} INFO - Processing file /home/airflow/.local/lib/python3.7/site-packages/airflow/example_dags/example_latest_only.py for tasks to queue
[2023-07-12 00:25:58,079] {logging_mixin.py:115} INFO - [2023-07-12 00:25:58,079] {dagbag.py:508} INFO - Filling up the DagBag from /home/airflow/.local/lib/python3.7/site-packages/airflow/example_dags/example_latest_only.py
[2023-07-12 00:25:58,092] {processor.py:651} INFO - DAG(s) dict_keys(['latest_only']) retrieved from /home/airflow/.local/lib/python3.7/site-packages/airflow/example_dags/example_latest_only.py
[2023-07-12 00:25:58,148] {logging_mixin.py:115} INFO - [2023-07-12 00:25:58,148] {dag.py:2420} INFO - Sync 1 DAGs
[2023-07-12 00:25:58,375] {logging_mixin.py:115} INFO - [2023-07-12 00:25:58,375] {dag.py:2972} INFO - Setting next_dagrun for latest_only to 2023-07-11T20:25:58.375409+00:00, run_after=2023-07-12T00:25:58.375409+00:00
[2023-07-12 00:25:58,404] {processor.py:161} INFO - Processing /home/airflow/.local/lib/python3.7/site-packages/airflow/example_dags/example_latest_only.py took 0.336 seconds
[2023-07-12 00:26:28,439] {processor.py:153} INFO - Started process (PID=639) to work on /home/airflow/.local/lib/python3.7/site-packages/airflow/example_dags/example_latest_only.py
[2023-07-12 00:26:28,440] {processor.py:641} INFO - Processing file /home/airflow/.local/lib/python3.7/site-packages/airflow/example_dags/example_latest_only.py for tasks to queue
[2023-07-12 00:26:28,440] {logging_mixin.py:115} INFO - [2023-07-12 00:26:28,440] {dagbag.py:508} INFO - Filling up the DagBag from /home/airflow/.local/lib/python3.7/site-packages/airflow/example_dags/example_latest_only.py
[2023-07-12 00:26:28,445] {processor.py:651} INFO - DAG(s) dict_keys(['latest_only']) retrieved from /home/airflow/.local/lib/python3.7/site-packages/airflow/example_dags/example_latest_only.py
[2023-07-12 00:26:28,477] {logging_mixin.py:115} INFO - [2023-07-12 00:26:28,477] {dag.py:2420} INFO - Sync 1 DAGs
[2023-07-12 00:26:28,636] {logging_mixin.py:115} INFO - [2023-07-12 00:26:28,636] {dag.py:2972} INFO - Setting next_dagrun for latest_only to 2023-07-11T20:26:28.636008+00:00, run_after=2023-07-12T00:26:28.636008+00:00
[2023-07-12 00:26:28,650] {processor.py:161} INFO - Processing /home/airflow/.local/lib/python3.7/site-packages/airflow/example_dags/example_latest_only.py took 0.214 seconds
[2023-07-12 00:26:59,860] {processor.py:153} INFO - Started process (PID=691) to work on /home/airflow/.local/lib/python3.7/site-packages/airflow/example_dags/example_latest_only.py
[2023-07-12 00:26:59,860] {processor.py:641} INFO - Processing file /home/airflow/.local/lib/python3.7/site-packages/airflow/example_dags/example_latest_only.py for tasks to queue
[2023-07-12 00:26:59,861] {logging_mixin.py:115} INFO - [2023-07-12 00:26:59,861] {dagbag.py:508} INFO - Filling up the DagBag from /home/airflow/.local/lib/python3.7/site-packages/airflow/example_dags/example_latest_only.py
[2023-07-12 00:26:59,866] {processor.py:651} INFO - DAG(s) dict_keys(['latest_only']) retrieved from /home/airflow/.local/lib/python3.7/site-packages/airflow/example_dags/example_latest_only.py
[2023-07-12 00:26:59,916] {logging_mixin.py:115} INFO - [2023-07-12 00:26:59,916] {dag.py:2420} INFO - Sync 1 DAGs
[2023-07-12 00:27:00,132] {logging_mixin.py:115} INFO - [2023-07-12 00:27:00,132] {dag.py:2972} INFO - Setting next_dagrun for latest_only to 2023-07-11T20:27:00.132126+00:00, run_after=2023-07-12T00:27:00.132126+00:00
[2023-07-12 00:27:00,148] {processor.py:161} INFO - Processing /home/airflow/.local/lib/python3.7/site-packages/airflow/example_dags/example_latest_only.py took 0.292 seconds
[2023-07-12 00:27:30,430] {processor.py:153} INFO - Started process (PID=753) to work on /home/airflow/.local/lib/python3.7/site-packages/airflow/example_dags/example_latest_only.py
[2023-07-12 00:27:30,431] {processor.py:641} INFO - Processing file /home/airflow/.local/lib/python3.7/site-packages/airflow/example_dags/example_latest_only.py for tasks to queue
[2023-07-12 00:27:30,431] {logging_mixin.py:115} INFO - [2023-07-12 00:27:30,431] {dagbag.py:508} INFO - Filling up the DagBag from /home/airflow/.local/lib/python3.7/site-packages/airflow/example_dags/example_latest_only.py
[2023-07-12 00:27:30,439] {processor.py:651} INFO - DAG(s) dict_keys(['latest_only']) retrieved from /home/airflow/.local/lib/python3.7/site-packages/airflow/example_dags/example_latest_only.py
[2023-07-12 00:27:30,480] {logging_mixin.py:115} INFO - [2023-07-12 00:27:30,480] {dag.py:2420} INFO - Sync 1 DAGs
[2023-07-12 00:27:30,651] {logging_mixin.py:115} INFO - [2023-07-12 00:27:30,651] {dag.py:2972} INFO - Setting next_dagrun for latest_only to 2023-07-11T20:27:30.651201+00:00, run_after=2023-07-12T00:27:30.651201+00:00
[2023-07-12 00:27:30,667] {processor.py:161} INFO - Processing /home/airflow/.local/lib/python3.7/site-packages/airflow/example_dags/example_latest_only.py took 0.242 seconds
[2023-07-12 00:28:00,913] {processor.py:153} INFO - Started process (PID=805) to work on /home/airflow/.local/lib/python3.7/site-packages/airflow/example_dags/example_latest_only.py
[2023-07-12 00:28:00,914] {processor.py:641} INFO - Processing file /home/airflow/.local/lib/python3.7/site-packages/airflow/example_dags/example_latest_only.py for tasks to queue
[2023-07-12 00:28:00,915] {logging_mixin.py:115} INFO - [2023-07-12 00:28:00,914] {dagbag.py:508} INFO - Filling up the DagBag from /home/airflow/.local/lib/python3.7/site-packages/airflow/example_dags/example_latest_only.py
[2023-07-12 00:28:00,920] {processor.py:651} INFO - DAG(s) dict_keys(['latest_only']) retrieved from /home/airflow/.local/lib/python3.7/site-packages/airflow/example_dags/example_latest_only.py
[2023-07-12 00:28:00,953] {logging_mixin.py:115} INFO - [2023-07-12 00:28:00,953] {dag.py:2420} INFO - Sync 1 DAGs
[2023-07-12 00:28:01,106] {logging_mixin.py:115} INFO - [2023-07-12 00:28:01,106] {dag.py:2972} INFO - Setting next_dagrun for latest_only to 2023-07-11T20:28:01.106478+00:00, run_after=2023-07-12T00:28:01.106478+00:00
[2023-07-12 00:28:01,121] {processor.py:161} INFO - Processing /home/airflow/.local/lib/python3.7/site-packages/airflow/example_dags/example_latest_only.py took 0.211 seconds
[2023-07-12 00:28:31,336] {processor.py:153} INFO - Started process (PID=866) to work on /home/airflow/.local/lib/python3.7/site-packages/airflow/example_dags/example_latest_only.py
[2023-07-12 00:28:31,340] {processor.py:641} INFO - Processing file /home/airflow/.local/lib/python3.7/site-packages/airflow/example_dags/example_latest_only.py for tasks to queue
[2023-07-12 00:28:31,341] {logging_mixin.py:115} INFO - [2023-07-12 00:28:31,341] {dagbag.py:508} INFO - Filling up the DagBag from /home/airflow/.local/lib/python3.7/site-packages/airflow/example_dags/example_latest_only.py
[2023-07-12 00:28:31,350] {processor.py:651} INFO - DAG(s) dict_keys(['latest_only']) retrieved from /home/airflow/.local/lib/python3.7/site-packages/airflow/example_dags/example_latest_only.py
[2023-07-12 00:28:31,397] {logging_mixin.py:115} INFO - [2023-07-12 00:28:31,396] {dag.py:2420} INFO - Sync 1 DAGs
[2023-07-12 00:28:31,694] {logging_mixin.py:115} INFO - [2023-07-12 00:28:31,694] {dag.py:2972} INFO - Setting next_dagrun for latest_only to 2023-07-11T20:28:31.693721+00:00, run_after=2023-07-12T00:28:31.693721+00:00
[2023-07-12 00:28:31,720] {processor.py:161} INFO - Processing /home/airflow/.local/lib/python3.7/site-packages/airflow/example_dags/example_latest_only.py took 0.387 seconds
[2023-07-12 00:29:02,749] {processor.py:153} INFO - Started process (PID=917) to work on /home/airflow/.local/lib/python3.7/site-packages/airflow/example_dags/example_latest_only.py
[2023-07-12 00:29:02,750] {processor.py:641} INFO - Processing file /home/airflow/.local/lib/python3.7/site-packages/airflow/example_dags/example_latest_only.py for tasks to queue
[2023-07-12 00:29:02,751] {logging_mixin.py:115} INFO - [2023-07-12 00:29:02,750] {dagbag.py:508} INFO - Filling up the DagBag from /home/airflow/.local/lib/python3.7/site-packages/airflow/example_dags/example_latest_only.py
[2023-07-12 00:29:02,762] {processor.py:651} INFO - DAG(s) dict_keys(['latest_only']) retrieved from /home/airflow/.local/lib/python3.7/site-packages/airflow/example_dags/example_latest_only.py
[2023-07-12 00:29:02,819] {logging_mixin.py:115} INFO - [2023-07-12 00:29:02,819] {dag.py:2420} INFO - Sync 1 DAGs
[2023-07-12 00:29:03,266] {logging_mixin.py:115} INFO - [2023-07-12 00:29:03,266] {dag.py:2972} INFO - Setting next_dagrun for latest_only to 2023-07-11T20:29:03.265832+00:00, run_after=2023-07-12T00:29:03.265832+00:00
[2023-07-12 00:29:03,300] {processor.py:161} INFO - Processing /home/airflow/.local/lib/python3.7/site-packages/airflow/example_dags/example_latest_only.py took 0.557 seconds
[2023-07-12 00:30:34,114] {processor.py:153} INFO - Started process (PID=52) to work on /home/airflow/.local/lib/python3.7/site-packages/airflow/example_dags/example_latest_only.py
[2023-07-12 00:30:34,120] {processor.py:641} INFO - Processing file /home/airflow/.local/lib/python3.7/site-packages/airflow/example_dags/example_latest_only.py for tasks to queue
[2023-07-12 00:30:34,121] {logging_mixin.py:115} INFO - [2023-07-12 00:30:34,121] {dagbag.py:508} INFO - Filling up the DagBag from /home/airflow/.local/lib/python3.7/site-packages/airflow/example_dags/example_latest_only.py
[2023-07-12 00:30:34,148] {processor.py:651} INFO - DAG(s) dict_keys(['latest_only']) retrieved from /home/airflow/.local/lib/python3.7/site-packages/airflow/example_dags/example_latest_only.py
[2023-07-12 00:30:34,287] {logging_mixin.py:115} INFO - [2023-07-12 00:30:34,287] {dag.py:2420} INFO - Sync 1 DAGs
[2023-07-12 00:30:34,692] {logging_mixin.py:115} INFO - [2023-07-12 00:30:34,692] {dag.py:2972} INFO - Setting next_dagrun for latest_only to 2023-07-11T20:30:34.692114+00:00, run_after=2023-07-12T00:30:34.692114+00:00
[2023-07-12 00:30:34,749] {processor.py:161} INFO - Processing /home/airflow/.local/lib/python3.7/site-packages/airflow/example_dags/example_latest_only.py took 0.646 seconds
[2023-07-12 00:31:05,003] {processor.py:153} INFO - Started process (PID=105) to work on /home/airflow/.local/lib/python3.7/site-packages/airflow/example_dags/example_latest_only.py
[2023-07-12 00:31:05,004] {processor.py:641} INFO - Processing file /home/airflow/.local/lib/python3.7/site-packages/airflow/example_dags/example_latest_only.py for tasks to queue
[2023-07-12 00:31:05,005] {logging_mixin.py:115} INFO - [2023-07-12 00:31:05,005] {dagbag.py:508} INFO - Filling up the DagBag from /home/airflow/.local/lib/python3.7/site-packages/airflow/example_dags/example_latest_only.py
[2023-07-12 00:31:05,011] {processor.py:651} INFO - DAG(s) dict_keys(['latest_only']) retrieved from /home/airflow/.local/lib/python3.7/site-packages/airflow/example_dags/example_latest_only.py
[2023-07-12 00:31:05,043] {logging_mixin.py:115} INFO - [2023-07-12 00:31:05,043] {dag.py:2420} INFO - Sync 1 DAGs
[2023-07-12 00:31:05,222] {logging_mixin.py:115} INFO - [2023-07-12 00:31:05,222] {dag.py:2972} INFO - Setting next_dagrun for latest_only to 2023-07-11T20:31:05.221863+00:00, run_after=2023-07-12T00:31:05.221863+00:00
[2023-07-12 00:31:05,236] {processor.py:161} INFO - Processing /home/airflow/.local/lib/python3.7/site-packages/airflow/example_dags/example_latest_only.py took 0.237 seconds
[2023-07-12 00:31:35,814] {processor.py:153} INFO - Started process (PID=164) to work on /home/airflow/.local/lib/python3.7/site-packages/airflow/example_dags/example_latest_only.py
[2023-07-12 00:31:35,815] {processor.py:641} INFO - Processing file /home/airflow/.local/lib/python3.7/site-packages/airflow/example_dags/example_latest_only.py for tasks to queue
[2023-07-12 00:31:35,815] {logging_mixin.py:115} INFO - [2023-07-12 00:31:35,815] {dagbag.py:508} INFO - Filling up the DagBag from /home/airflow/.local/lib/python3.7/site-packages/airflow/example_dags/example_latest_only.py
[2023-07-12 00:31:35,824] {processor.py:651} INFO - DAG(s) dict_keys(['latest_only']) retrieved from /home/airflow/.local/lib/python3.7/site-packages/airflow/example_dags/example_latest_only.py
[2023-07-12 00:31:35,871] {logging_mixin.py:115} INFO - [2023-07-12 00:31:35,871] {dag.py:2420} INFO - Sync 1 DAGs
[2023-07-12 00:31:36,115] {logging_mixin.py:115} INFO - [2023-07-12 00:31:36,115] {dag.py:2972} INFO - Setting next_dagrun for latest_only to 2023-07-11T20:31:36.115043+00:00, run_after=2023-07-12T00:31:36.115043+00:00
[2023-07-12 00:31:36,135] {processor.py:161} INFO - Processing /home/airflow/.local/lib/python3.7/site-packages/airflow/example_dags/example_latest_only.py took 0.327 seconds
[2023-07-12 00:32:07,414] {processor.py:153} INFO - Started process (PID=218) to work on /home/airflow/.local/lib/python3.7/site-packages/airflow/example_dags/example_latest_only.py
[2023-07-12 00:32:07,415] {processor.py:641} INFO - Processing file /home/airflow/.local/lib/python3.7/site-packages/airflow/example_dags/example_latest_only.py for tasks to queue
[2023-07-12 00:32:07,416] {logging_mixin.py:115} INFO - [2023-07-12 00:32:07,416] {dagbag.py:508} INFO - Filling up the DagBag from /home/airflow/.local/lib/python3.7/site-packages/airflow/example_dags/example_latest_only.py
[2023-07-12 00:32:07,432] {processor.py:651} INFO - DAG(s) dict_keys(['latest_only']) retrieved from /home/airflow/.local/lib/python3.7/site-packages/airflow/example_dags/example_latest_only.py
[2023-07-12 00:32:07,479] {logging_mixin.py:115} INFO - [2023-07-12 00:32:07,479] {dag.py:2420} INFO - Sync 1 DAGs
[2023-07-12 00:32:07,720] {logging_mixin.py:115} INFO - [2023-07-12 00:32:07,720] {dag.py:2972} INFO - Setting next_dagrun for latest_only to 2023-07-11T20:32:07.719787+00:00, run_after=2023-07-12T00:32:07.719787+00:00
[2023-07-12 00:32:07,747] {processor.py:161} INFO - Processing /home/airflow/.local/lib/python3.7/site-packages/airflow/example_dags/example_latest_only.py took 0.349 seconds
[2023-07-12 00:32:39,063] {processor.py:153} INFO - Started process (PID=272) to work on /home/airflow/.local/lib/python3.7/site-packages/airflow/example_dags/example_latest_only.py
[2023-07-12 00:32:39,065] {processor.py:641} INFO - Processing file /home/airflow/.local/lib/python3.7/site-packages/airflow/example_dags/example_latest_only.py for tasks to queue
[2023-07-12 00:32:39,067] {logging_mixin.py:115} INFO - [2023-07-12 00:32:39,067] {dagbag.py:508} INFO - Filling up the DagBag from /home/airflow/.local/lib/python3.7/site-packages/airflow/example_dags/example_latest_only.py
[2023-07-12 00:32:39,083] {processor.py:651} INFO - DAG(s) dict_keys(['latest_only']) retrieved from /home/airflow/.local/lib/python3.7/site-packages/airflow/example_dags/example_latest_only.py
[2023-07-12 00:32:39,152] {logging_mixin.py:115} INFO - [2023-07-12 00:32:39,151] {dag.py:2420} INFO - Sync 1 DAGs
[2023-07-12 00:32:39,440] {logging_mixin.py:115} INFO - [2023-07-12 00:32:39,440] {dag.py:2972} INFO - Setting next_dagrun for latest_only to 2023-07-11T20:32:39.439938+00:00, run_after=2023-07-12T00:32:39.439938+00:00
[2023-07-12 00:32:39,470] {processor.py:161} INFO - Processing /home/airflow/.local/lib/python3.7/site-packages/airflow/example_dags/example_latest_only.py took 0.416 seconds
[2023-07-12 00:33:16,829] {processor.py:153} INFO - Started process (PID=370) to work on /home/airflow/.local/lib/python3.7/site-packages/airflow/example_dags/example_latest_only.py
[2023-07-12 00:33:16,839] {processor.py:641} INFO - Processing file /home/airflow/.local/lib/python3.7/site-packages/airflow/example_dags/example_latest_only.py for tasks to queue
[2023-07-12 00:33:16,842] {logging_mixin.py:115} INFO - [2023-07-12 00:33:16,841] {dagbag.py:508} INFO - Filling up the DagBag from /home/airflow/.local/lib/python3.7/site-packages/airflow/example_dags/example_latest_only.py
[2023-07-12 00:33:16,917] {processor.py:651} INFO - DAG(s) dict_keys(['latest_only']) retrieved from /home/airflow/.local/lib/python3.7/site-packages/airflow/example_dags/example_latest_only.py
[2023-07-12 00:33:17,213] {logging_mixin.py:115} INFO - [2023-07-12 00:33:17,213] {dag.py:2420} INFO - Sync 1 DAGs
[2023-07-12 00:33:18,145] {logging_mixin.py:115} INFO - [2023-07-12 00:33:18,145] {dag.py:2972} INFO - Setting next_dagrun for latest_only to 2023-07-11T20:33:18.144983+00:00, run_after=2023-07-12T00:33:18.144983+00:00
[2023-07-12 00:33:18,271] {processor.py:161} INFO - Processing /home/airflow/.local/lib/python3.7/site-packages/airflow/example_dags/example_latest_only.py took 1.483 seconds
[2023-07-12 00:33:52,526] {processor.py:153} INFO - Started process (PID=443) to work on /home/airflow/.local/lib/python3.7/site-packages/airflow/example_dags/example_latest_only.py
[2023-07-12 00:33:52,539] {processor.py:641} INFO - Processing file /home/airflow/.local/lib/python3.7/site-packages/airflow/example_dags/example_latest_only.py for tasks to queue
[2023-07-12 00:33:52,552] {logging_mixin.py:115} INFO - [2023-07-12 00:33:52,551] {dagbag.py:508} INFO - Filling up the DagBag from /home/airflow/.local/lib/python3.7/site-packages/airflow/example_dags/example_latest_only.py
[2023-07-12 00:33:52,571] {processor.py:651} INFO - DAG(s) dict_keys(['latest_only']) retrieved from /home/airflow/.local/lib/python3.7/site-packages/airflow/example_dags/example_latest_only.py
[2023-07-12 00:33:52,794] {logging_mixin.py:115} INFO - [2023-07-12 00:33:52,794] {dag.py:2420} INFO - Sync 1 DAGs
[2023-07-12 00:33:53,616] {logging_mixin.py:115} INFO - [2023-07-12 00:33:53,615] {dag.py:2972} INFO - Setting next_dagrun for latest_only to 2023-07-11T20:33:53.615481+00:00, run_after=2023-07-12T00:33:53.615481+00:00
[2023-07-12 00:33:53,673] {processor.py:161} INFO - Processing /home/airflow/.local/lib/python3.7/site-packages/airflow/example_dags/example_latest_only.py took 1.160 seconds
[2023-07-12 00:34:24,197] {processor.py:153} INFO - Started process (PID=518) to work on /home/airflow/.local/lib/python3.7/site-packages/airflow/example_dags/example_latest_only.py
[2023-07-12 00:34:24,199] {processor.py:641} INFO - Processing file /home/airflow/.local/lib/python3.7/site-packages/airflow/example_dags/example_latest_only.py for tasks to queue
[2023-07-12 00:34:24,200] {logging_mixin.py:115} INFO - [2023-07-12 00:34:24,200] {dagbag.py:508} INFO - Filling up the DagBag from /home/airflow/.local/lib/python3.7/site-packages/airflow/example_dags/example_latest_only.py
[2023-07-12 00:34:24,222] {processor.py:651} INFO - DAG(s) dict_keys(['latest_only']) retrieved from /home/airflow/.local/lib/python3.7/site-packages/airflow/example_dags/example_latest_only.py
[2023-07-12 00:34:24,435] {logging_mixin.py:115} INFO - [2023-07-12 00:34:24,435] {dag.py:2420} INFO - Sync 1 DAGs
[2023-07-12 00:34:25,720] {logging_mixin.py:115} INFO - [2023-07-12 00:34:25,720] {dag.py:2972} INFO - Setting next_dagrun for latest_only to 2023-07-11T20:34:25.719725+00:00, run_after=2023-07-12T00:34:25.719725+00:00
[2023-07-12 00:34:25,790] {processor.py:161} INFO - Processing /home/airflow/.local/lib/python3.7/site-packages/airflow/example_dags/example_latest_only.py took 1.649 seconds
[2023-07-12 00:34:56,140] {processor.py:153} INFO - Started process (PID=570) to work on /home/airflow/.local/lib/python3.7/site-packages/airflow/example_dags/example_latest_only.py
[2023-07-12 00:34:56,141] {processor.py:641} INFO - Processing file /home/airflow/.local/lib/python3.7/site-packages/airflow/example_dags/example_latest_only.py for tasks to queue
[2023-07-12 00:34:56,142] {logging_mixin.py:115} INFO - [2023-07-12 00:34:56,142] {dagbag.py:508} INFO - Filling up the DagBag from /home/airflow/.local/lib/python3.7/site-packages/airflow/example_dags/example_latest_only.py
[2023-07-12 00:34:56,149] {processor.py:651} INFO - DAG(s) dict_keys(['latest_only']) retrieved from /home/airflow/.local/lib/python3.7/site-packages/airflow/example_dags/example_latest_only.py
[2023-07-12 00:34:56,179] {logging_mixin.py:115} INFO - [2023-07-12 00:34:56,179] {dag.py:2420} INFO - Sync 1 DAGs
[2023-07-12 00:34:56,362] {logging_mixin.py:115} INFO - [2023-07-12 00:34:56,362] {dag.py:2972} INFO - Setting next_dagrun for latest_only to 2023-07-11T20:34:56.362571+00:00, run_after=2023-07-12T00:34:56.362571+00:00
[2023-07-12 00:34:56,376] {processor.py:161} INFO - Processing /home/airflow/.local/lib/python3.7/site-packages/airflow/example_dags/example_latest_only.py took 0.241 seconds
