[2023-07-12 00:20:43,968] {processor.py:153} INFO - Started process (PID=55) to work on /home/airflow/.local/lib/python3.7/site-packages/airflow/example_dags/example_branch_operator.py
[2023-07-12 00:20:43,977] {processor.py:641} INFO - Processing file /home/airflow/.local/lib/python3.7/site-packages/airflow/example_dags/example_branch_operator.py for tasks to queue
[2023-07-12 00:20:43,978] {logging_mixin.py:115} INFO - [2023-07-12 00:20:43,978] {dagbag.py:508} INFO - Filling up the DagBag from /home/airflow/.local/lib/python3.7/site-packages/airflow/example_dags/example_branch_operator.py
[2023-07-12 00:20:44,051] {processor.py:651} INFO - DAG(s) dict_keys(['example_branch_operator']) retrieved from /home/airflow/.local/lib/python3.7/site-packages/airflow/example_dags/example_branch_operator.py
[2023-07-12 00:20:44,162] {logging_mixin.py:115} INFO - [2023-07-12 00:20:44,162] {dag.py:2420} INFO - Sync 1 DAGs
[2023-07-12 00:20:45,747] {logging_mixin.py:115} INFO - [2023-07-12 00:20:45,747] {dag.py:2972} INFO - Setting next_dagrun for example_branch_operator to 2023-07-11T00:00:00+00:00, run_after=2023-07-12T00:00:00+00:00
[2023-07-12 00:20:45,793] {processor.py:161} INFO - Processing /home/airflow/.local/lib/python3.7/site-packages/airflow/example_dags/example_branch_operator.py took 1.843 seconds
[2023-07-12 00:21:16,314] {processor.py:153} INFO - Started process (PID=100) to work on /home/airflow/.local/lib/python3.7/site-packages/airflow/example_dags/example_branch_operator.py
[2023-07-12 00:21:16,315] {processor.py:641} INFO - Processing file /home/airflow/.local/lib/python3.7/site-packages/airflow/example_dags/example_branch_operator.py for tasks to queue
[2023-07-12 00:21:16,316] {logging_mixin.py:115} INFO - [2023-07-12 00:21:16,315] {dagbag.py:508} INFO - Filling up the DagBag from /home/airflow/.local/lib/python3.7/site-packages/airflow/example_dags/example_branch_operator.py
[2023-07-12 00:21:16,341] {processor.py:651} INFO - DAG(s) dict_keys(['example_branch_operator']) retrieved from /home/airflow/.local/lib/python3.7/site-packages/airflow/example_dags/example_branch_operator.py
[2023-07-12 00:21:16,395] {logging_mixin.py:115} INFO - [2023-07-12 00:21:16,395] {dag.py:2420} INFO - Sync 1 DAGs
[2023-07-12 00:21:16,634] {logging_mixin.py:115} INFO - [2023-07-12 00:21:16,634] {dag.py:2972} INFO - Setting next_dagrun for example_branch_operator to 2023-07-11T00:00:00+00:00, run_after=2023-07-12T00:00:00+00:00
[2023-07-12 00:21:16,667] {processor.py:161} INFO - Processing /home/airflow/.local/lib/python3.7/site-packages/airflow/example_dags/example_branch_operator.py took 0.358 seconds
[2023-07-12 00:21:47,097] {processor.py:153} INFO - Started process (PID=152) to work on /home/airflow/.local/lib/python3.7/site-packages/airflow/example_dags/example_branch_operator.py
[2023-07-12 00:21:47,098] {processor.py:641} INFO - Processing file /home/airflow/.local/lib/python3.7/site-packages/airflow/example_dags/example_branch_operator.py for tasks to queue
[2023-07-12 00:21:47,098] {logging_mixin.py:115} INFO - [2023-07-12 00:21:47,098] {dagbag.py:508} INFO - Filling up the DagBag from /home/airflow/.local/lib/python3.7/site-packages/airflow/example_dags/example_branch_operator.py
[2023-07-12 00:21:47,119] {processor.py:651} INFO - DAG(s) dict_keys(['example_branch_operator']) retrieved from /home/airflow/.local/lib/python3.7/site-packages/airflow/example_dags/example_branch_operator.py
[2023-07-12 00:21:47,178] {logging_mixin.py:115} INFO - [2023-07-12 00:21:47,178] {dag.py:2420} INFO - Sync 1 DAGs
[2023-07-12 00:21:47,401] {logging_mixin.py:115} INFO - [2023-07-12 00:21:47,401] {dag.py:2972} INFO - Setting next_dagrun for example_branch_operator to 2023-07-11T00:00:00+00:00, run_after=2023-07-12T00:00:00+00:00
[2023-07-12 00:21:47,421] {processor.py:161} INFO - Processing /home/airflow/.local/lib/python3.7/site-packages/airflow/example_dags/example_branch_operator.py took 0.330 seconds
[2023-07-12 00:22:18,049] {processor.py:153} INFO - Started process (PID=203) to work on /home/airflow/.local/lib/python3.7/site-packages/airflow/example_dags/example_branch_operator.py
[2023-07-12 00:22:18,050] {processor.py:641} INFO - Processing file /home/airflow/.local/lib/python3.7/site-packages/airflow/example_dags/example_branch_operator.py for tasks to queue
[2023-07-12 00:22:18,052] {logging_mixin.py:115} INFO - [2023-07-12 00:22:18,051] {dagbag.py:508} INFO - Filling up the DagBag from /home/airflow/.local/lib/python3.7/site-packages/airflow/example_dags/example_branch_operator.py
[2023-07-12 00:22:18,072] {processor.py:651} INFO - DAG(s) dict_keys(['example_branch_operator']) retrieved from /home/airflow/.local/lib/python3.7/site-packages/airflow/example_dags/example_branch_operator.py
[2023-07-12 00:22:18,150] {logging_mixin.py:115} INFO - [2023-07-12 00:22:18,150] {dag.py:2420} INFO - Sync 1 DAGs
[2023-07-12 00:22:18,498] {logging_mixin.py:115} INFO - [2023-07-12 00:22:18,498] {dag.py:2972} INFO - Setting next_dagrun for example_branch_operator to 2023-07-11T00:00:00+00:00, run_after=2023-07-12T00:00:00+00:00
[2023-07-12 00:22:18,556] {processor.py:161} INFO - Processing /home/airflow/.local/lib/python3.7/site-packages/airflow/example_dags/example_branch_operator.py took 0.518 seconds
[2023-07-12 00:22:49,533] {processor.py:153} INFO - Started process (PID=262) to work on /home/airflow/.local/lib/python3.7/site-packages/airflow/example_dags/example_branch_operator.py
[2023-07-12 00:22:49,536] {processor.py:641} INFO - Processing file /home/airflow/.local/lib/python3.7/site-packages/airflow/example_dags/example_branch_operator.py for tasks to queue
[2023-07-12 00:22:49,537] {logging_mixin.py:115} INFO - [2023-07-12 00:22:49,537] {dagbag.py:508} INFO - Filling up the DagBag from /home/airflow/.local/lib/python3.7/site-packages/airflow/example_dags/example_branch_operator.py
[2023-07-12 00:22:49,597] {processor.py:651} INFO - DAG(s) dict_keys(['example_branch_operator']) retrieved from /home/airflow/.local/lib/python3.7/site-packages/airflow/example_dags/example_branch_operator.py
[2023-07-12 00:22:49,841] {logging_mixin.py:115} INFO - [2023-07-12 00:22:49,840] {dag.py:2420} INFO - Sync 1 DAGs
[2023-07-12 00:22:50,287] {logging_mixin.py:115} INFO - [2023-07-12 00:22:50,287] {dag.py:2972} INFO - Setting next_dagrun for example_branch_operator to 2023-07-11T00:00:00+00:00, run_after=2023-07-12T00:00:00+00:00
[2023-07-12 00:22:50,366] {processor.py:161} INFO - Processing /home/airflow/.local/lib/python3.7/site-packages/airflow/example_dags/example_branch_operator.py took 0.851 seconds
[2023-07-12 00:23:20,547] {processor.py:153} INFO - Started process (PID=314) to work on /home/airflow/.local/lib/python3.7/site-packages/airflow/example_dags/example_branch_operator.py
[2023-07-12 00:23:20,548] {processor.py:641} INFO - Processing file /home/airflow/.local/lib/python3.7/site-packages/airflow/example_dags/example_branch_operator.py for tasks to queue
[2023-07-12 00:23:20,550] {logging_mixin.py:115} INFO - [2023-07-12 00:23:20,549] {dagbag.py:508} INFO - Filling up the DagBag from /home/airflow/.local/lib/python3.7/site-packages/airflow/example_dags/example_branch_operator.py
[2023-07-12 00:23:20,582] {processor.py:651} INFO - DAG(s) dict_keys(['example_branch_operator']) retrieved from /home/airflow/.local/lib/python3.7/site-packages/airflow/example_dags/example_branch_operator.py
[2023-07-12 00:23:20,714] {logging_mixin.py:115} INFO - [2023-07-12 00:23:20,713] {dag.py:2420} INFO - Sync 1 DAGs
[2023-07-12 00:23:21,097] {logging_mixin.py:115} INFO - [2023-07-12 00:23:21,097] {dag.py:2972} INFO - Setting next_dagrun for example_branch_operator to 2023-07-11T00:00:00+00:00, run_after=2023-07-12T00:00:00+00:00
[2023-07-12 00:23:21,148] {processor.py:161} INFO - Processing /home/airflow/.local/lib/python3.7/site-packages/airflow/example_dags/example_branch_operator.py took 0.607 seconds
[2023-07-12 00:23:52,012] {processor.py:153} INFO - Started process (PID=368) to work on /home/airflow/.local/lib/python3.7/site-packages/airflow/example_dags/example_branch_operator.py
[2023-07-12 00:23:52,013] {processor.py:641} INFO - Processing file /home/airflow/.local/lib/python3.7/site-packages/airflow/example_dags/example_branch_operator.py for tasks to queue
[2023-07-12 00:23:52,014] {logging_mixin.py:115} INFO - [2023-07-12 00:23:52,013] {dagbag.py:508} INFO - Filling up the DagBag from /home/airflow/.local/lib/python3.7/site-packages/airflow/example_dags/example_branch_operator.py
[2023-07-12 00:23:52,041] {processor.py:651} INFO - DAG(s) dict_keys(['example_branch_operator']) retrieved from /home/airflow/.local/lib/python3.7/site-packages/airflow/example_dags/example_branch_operator.py
[2023-07-12 00:23:52,174] {logging_mixin.py:115} INFO - [2023-07-12 00:23:52,174] {dag.py:2420} INFO - Sync 1 DAGs
[2023-07-12 00:23:52,839] {logging_mixin.py:115} INFO - [2023-07-12 00:23:52,839] {dag.py:2972} INFO - Setting next_dagrun for example_branch_operator to 2023-07-11T00:00:00+00:00, run_after=2023-07-12T00:00:00+00:00
[2023-07-12 00:23:52,896] {processor.py:161} INFO - Processing /home/airflow/.local/lib/python3.7/site-packages/airflow/example_dags/example_branch_operator.py took 0.891 seconds
[2023-07-12 00:24:23,218] {processor.py:153} INFO - Started process (PID=420) to work on /home/airflow/.local/lib/python3.7/site-packages/airflow/example_dags/example_branch_operator.py
[2023-07-12 00:24:23,219] {processor.py:641} INFO - Processing file /home/airflow/.local/lib/python3.7/site-packages/airflow/example_dags/example_branch_operator.py for tasks to queue
[2023-07-12 00:24:23,220] {logging_mixin.py:115} INFO - [2023-07-12 00:24:23,220] {dagbag.py:508} INFO - Filling up the DagBag from /home/airflow/.local/lib/python3.7/site-packages/airflow/example_dags/example_branch_operator.py
[2023-07-12 00:24:23,260] {processor.py:651} INFO - DAG(s) dict_keys(['example_branch_operator']) retrieved from /home/airflow/.local/lib/python3.7/site-packages/airflow/example_dags/example_branch_operator.py
[2023-07-12 00:24:23,339] {logging_mixin.py:115} INFO - [2023-07-12 00:24:23,339] {dag.py:2420} INFO - Sync 1 DAGs
[2023-07-12 00:24:23,648] {logging_mixin.py:115} INFO - [2023-07-12 00:24:23,648] {dag.py:2972} INFO - Setting next_dagrun for example_branch_operator to 2023-07-11T00:00:00+00:00, run_after=2023-07-12T00:00:00+00:00
[2023-07-12 00:24:23,672] {processor.py:161} INFO - Processing /home/airflow/.local/lib/python3.7/site-packages/airflow/example_dags/example_branch_operator.py took 0.468 seconds
[2023-07-12 00:24:54,553] {processor.py:153} INFO - Started process (PID=472) to work on /home/airflow/.local/lib/python3.7/site-packages/airflow/example_dags/example_branch_operator.py
[2023-07-12 00:24:54,553] {processor.py:641} INFO - Processing file /home/airflow/.local/lib/python3.7/site-packages/airflow/example_dags/example_branch_operator.py for tasks to queue
[2023-07-12 00:24:54,554] {logging_mixin.py:115} INFO - [2023-07-12 00:24:54,554] {dagbag.py:508} INFO - Filling up the DagBag from /home/airflow/.local/lib/python3.7/site-packages/airflow/example_dags/example_branch_operator.py
[2023-07-12 00:24:54,585] {processor.py:651} INFO - DAG(s) dict_keys(['example_branch_operator']) retrieved from /home/airflow/.local/lib/python3.7/site-packages/airflow/example_dags/example_branch_operator.py
[2023-07-12 00:24:54,645] {logging_mixin.py:115} INFO - [2023-07-12 00:24:54,645] {dag.py:2420} INFO - Sync 1 DAGs
[2023-07-12 00:24:54,982] {logging_mixin.py:115} INFO - [2023-07-12 00:24:54,981] {dag.py:2972} INFO - Setting next_dagrun for example_branch_operator to 2023-07-11T00:00:00+00:00, run_after=2023-07-12T00:00:00+00:00
[2023-07-12 00:24:55,015] {processor.py:161} INFO - Processing /home/airflow/.local/lib/python3.7/site-packages/airflow/example_dags/example_branch_operator.py took 0.470 seconds
[2023-07-12 00:25:25,840] {processor.py:153} INFO - Started process (PID=524) to work on /home/airflow/.local/lib/python3.7/site-packages/airflow/example_dags/example_branch_operator.py
[2023-07-12 00:25:25,843] {processor.py:641} INFO - Processing file /home/airflow/.local/lib/python3.7/site-packages/airflow/example_dags/example_branch_operator.py for tasks to queue
[2023-07-12 00:25:25,847] {logging_mixin.py:115} INFO - [2023-07-12 00:25:25,846] {dagbag.py:508} INFO - Filling up the DagBag from /home/airflow/.local/lib/python3.7/site-packages/airflow/example_dags/example_branch_operator.py
[2023-07-12 00:25:25,879] {processor.py:651} INFO - DAG(s) dict_keys(['example_branch_operator']) retrieved from /home/airflow/.local/lib/python3.7/site-packages/airflow/example_dags/example_branch_operator.py
[2023-07-12 00:25:26,020] {logging_mixin.py:115} INFO - [2023-07-12 00:25:26,020] {dag.py:2420} INFO - Sync 1 DAGs
[2023-07-12 00:25:26,473] {logging_mixin.py:115} INFO - [2023-07-12 00:25:26,473] {dag.py:2972} INFO - Setting next_dagrun for example_branch_operator to 2023-07-11T00:00:00+00:00, run_after=2023-07-12T00:00:00+00:00
[2023-07-12 00:25:26,536] {processor.py:161} INFO - Processing /home/airflow/.local/lib/python3.7/site-packages/airflow/example_dags/example_branch_operator.py took 0.700 seconds
[2023-07-12 00:25:56,682] {processor.py:153} INFO - Started process (PID=585) to work on /home/airflow/.local/lib/python3.7/site-packages/airflow/example_dags/example_branch_operator.py
[2023-07-12 00:25:56,689] {processor.py:641} INFO - Processing file /home/airflow/.local/lib/python3.7/site-packages/airflow/example_dags/example_branch_operator.py for tasks to queue
[2023-07-12 00:25:56,690] {logging_mixin.py:115} INFO - [2023-07-12 00:25:56,689] {dagbag.py:508} INFO - Filling up the DagBag from /home/airflow/.local/lib/python3.7/site-packages/airflow/example_dags/example_branch_operator.py
[2023-07-12 00:25:56,757] {processor.py:651} INFO - DAG(s) dict_keys(['example_branch_operator']) retrieved from /home/airflow/.local/lib/python3.7/site-packages/airflow/example_dags/example_branch_operator.py
[2023-07-12 00:25:56,978] {logging_mixin.py:115} INFO - [2023-07-12 00:25:56,978] {dag.py:2420} INFO - Sync 1 DAGs
[2023-07-12 00:25:57,790] {logging_mixin.py:115} INFO - [2023-07-12 00:25:57,790] {dag.py:2972} INFO - Setting next_dagrun for example_branch_operator to 2023-07-11T00:00:00+00:00, run_after=2023-07-12T00:00:00+00:00
[2023-07-12 00:25:57,863] {processor.py:161} INFO - Processing /home/airflow/.local/lib/python3.7/site-packages/airflow/example_dags/example_branch_operator.py took 1.188 seconds
[2023-07-12 00:26:28,142] {processor.py:153} INFO - Started process (PID=638) to work on /home/airflow/.local/lib/python3.7/site-packages/airflow/example_dags/example_branch_operator.py
[2023-07-12 00:26:28,142] {processor.py:641} INFO - Processing file /home/airflow/.local/lib/python3.7/site-packages/airflow/example_dags/example_branch_operator.py for tasks to queue
[2023-07-12 00:26:28,143] {logging_mixin.py:115} INFO - [2023-07-12 00:26:28,143] {dagbag.py:508} INFO - Filling up the DagBag from /home/airflow/.local/lib/python3.7/site-packages/airflow/example_dags/example_branch_operator.py
[2023-07-12 00:26:28,157] {processor.py:651} INFO - DAG(s) dict_keys(['example_branch_operator']) retrieved from /home/airflow/.local/lib/python3.7/site-packages/airflow/example_dags/example_branch_operator.py
[2023-07-12 00:26:28,200] {logging_mixin.py:115} INFO - [2023-07-12 00:26:28,200] {dag.py:2420} INFO - Sync 1 DAGs
[2023-07-12 00:26:28,397] {logging_mixin.py:115} INFO - [2023-07-12 00:26:28,397] {dag.py:2972} INFO - Setting next_dagrun for example_branch_operator to 2023-07-11T00:00:00+00:00, run_after=2023-07-12T00:00:00+00:00
[2023-07-12 00:26:28,415] {processor.py:161} INFO - Processing /home/airflow/.local/lib/python3.7/site-packages/airflow/example_dags/example_branch_operator.py took 0.276 seconds
[2023-07-12 00:26:59,146] {processor.py:153} INFO - Started process (PID=689) to work on /home/airflow/.local/lib/python3.7/site-packages/airflow/example_dags/example_branch_operator.py
[2023-07-12 00:26:59,147] {processor.py:641} INFO - Processing file /home/airflow/.local/lib/python3.7/site-packages/airflow/example_dags/example_branch_operator.py for tasks to queue
[2023-07-12 00:26:59,148] {logging_mixin.py:115} INFO - [2023-07-12 00:26:59,148] {dagbag.py:508} INFO - Filling up the DagBag from /home/airflow/.local/lib/python3.7/site-packages/airflow/example_dags/example_branch_operator.py
[2023-07-12 00:26:59,169] {processor.py:651} INFO - DAG(s) dict_keys(['example_branch_operator']) retrieved from /home/airflow/.local/lib/python3.7/site-packages/airflow/example_dags/example_branch_operator.py
[2023-07-12 00:26:59,212] {logging_mixin.py:115} INFO - [2023-07-12 00:26:59,212] {dag.py:2420} INFO - Sync 1 DAGs
[2023-07-12 00:26:59,439] {logging_mixin.py:115} INFO - [2023-07-12 00:26:59,439] {dag.py:2972} INFO - Setting next_dagrun for example_branch_operator to 2023-07-11T00:00:00+00:00, run_after=2023-07-12T00:00:00+00:00
[2023-07-12 00:26:59,456] {processor.py:161} INFO - Processing /home/airflow/.local/lib/python3.7/site-packages/airflow/example_dags/example_branch_operator.py took 0.313 seconds
[2023-07-12 00:27:29,711] {processor.py:153} INFO - Started process (PID=751) to work on /home/airflow/.local/lib/python3.7/site-packages/airflow/example_dags/example_branch_operator.py
[2023-07-12 00:27:29,712] {processor.py:641} INFO - Processing file /home/airflow/.local/lib/python3.7/site-packages/airflow/example_dags/example_branch_operator.py for tasks to queue
[2023-07-12 00:27:29,713] {logging_mixin.py:115} INFO - [2023-07-12 00:27:29,713] {dagbag.py:508} INFO - Filling up the DagBag from /home/airflow/.local/lib/python3.7/site-packages/airflow/example_dags/example_branch_operator.py
[2023-07-12 00:27:29,735] {processor.py:651} INFO - DAG(s) dict_keys(['example_branch_operator']) retrieved from /home/airflow/.local/lib/python3.7/site-packages/airflow/example_dags/example_branch_operator.py
[2023-07-12 00:27:29,785] {logging_mixin.py:115} INFO - [2023-07-12 00:27:29,785] {dag.py:2420} INFO - Sync 1 DAGs
[2023-07-12 00:27:30,001] {logging_mixin.py:115} INFO - [2023-07-12 00:27:30,001] {dag.py:2972} INFO - Setting next_dagrun for example_branch_operator to 2023-07-11T00:00:00+00:00, run_after=2023-07-12T00:00:00+00:00
[2023-07-12 00:27:30,021] {processor.py:161} INFO - Processing /home/airflow/.local/lib/python3.7/site-packages/airflow/example_dags/example_branch_operator.py took 0.322 seconds
[2023-07-12 00:28:00,330] {processor.py:153} INFO - Started process (PID=803) to work on /home/airflow/.local/lib/python3.7/site-packages/airflow/example_dags/example_branch_operator.py
[2023-07-12 00:28:00,331] {processor.py:641} INFO - Processing file /home/airflow/.local/lib/python3.7/site-packages/airflow/example_dags/example_branch_operator.py for tasks to queue
[2023-07-12 00:28:00,331] {logging_mixin.py:115} INFO - [2023-07-12 00:28:00,331] {dagbag.py:508} INFO - Filling up the DagBag from /home/airflow/.local/lib/python3.7/site-packages/airflow/example_dags/example_branch_operator.py
[2023-07-12 00:28:00,346] {processor.py:651} INFO - DAG(s) dict_keys(['example_branch_operator']) retrieved from /home/airflow/.local/lib/python3.7/site-packages/airflow/example_dags/example_branch_operator.py
[2023-07-12 00:28:00,385] {logging_mixin.py:115} INFO - [2023-07-12 00:28:00,385] {dag.py:2420} INFO - Sync 1 DAGs
[2023-07-12 00:28:00,620] {logging_mixin.py:115} INFO - [2023-07-12 00:28:00,619] {dag.py:2972} INFO - Setting next_dagrun for example_branch_operator to 2023-07-11T00:00:00+00:00, run_after=2023-07-12T00:00:00+00:00
[2023-07-12 00:28:00,639] {processor.py:161} INFO - Processing /home/airflow/.local/lib/python3.7/site-packages/airflow/example_dags/example_branch_operator.py took 0.313 seconds
[2023-07-12 00:28:31,005] {processor.py:153} INFO - Started process (PID=864) to work on /home/airflow/.local/lib/python3.7/site-packages/airflow/example_dags/example_branch_operator.py
[2023-07-12 00:28:31,005] {processor.py:641} INFO - Processing file /home/airflow/.local/lib/python3.7/site-packages/airflow/example_dags/example_branch_operator.py for tasks to queue
[2023-07-12 00:28:31,006] {logging_mixin.py:115} INFO - [2023-07-12 00:28:31,006] {dagbag.py:508} INFO - Filling up the DagBag from /home/airflow/.local/lib/python3.7/site-packages/airflow/example_dags/example_branch_operator.py
[2023-07-12 00:28:31,026] {processor.py:651} INFO - DAG(s) dict_keys(['example_branch_operator']) retrieved from /home/airflow/.local/lib/python3.7/site-packages/airflow/example_dags/example_branch_operator.py
[2023-07-12 00:28:31,078] {logging_mixin.py:115} INFO - [2023-07-12 00:28:31,078] {dag.py:2420} INFO - Sync 1 DAGs
[2023-07-12 00:28:31,265] {logging_mixin.py:115} INFO - [2023-07-12 00:28:31,264] {dag.py:2972} INFO - Setting next_dagrun for example_branch_operator to 2023-07-11T00:00:00+00:00, run_after=2023-07-12T00:00:00+00:00
[2023-07-12 00:28:31,283] {processor.py:161} INFO - Processing /home/airflow/.local/lib/python3.7/site-packages/airflow/example_dags/example_branch_operator.py took 0.283 seconds
[2023-07-12 00:29:02,237] {processor.py:153} INFO - Started process (PID=915) to work on /home/airflow/.local/lib/python3.7/site-packages/airflow/example_dags/example_branch_operator.py
[2023-07-12 00:29:02,238] {processor.py:641} INFO - Processing file /home/airflow/.local/lib/python3.7/site-packages/airflow/example_dags/example_branch_operator.py for tasks to queue
[2023-07-12 00:29:02,239] {logging_mixin.py:115} INFO - [2023-07-12 00:29:02,239] {dagbag.py:508} INFO - Filling up the DagBag from /home/airflow/.local/lib/python3.7/site-packages/airflow/example_dags/example_branch_operator.py
[2023-07-12 00:29:02,280] {processor.py:651} INFO - DAG(s) dict_keys(['example_branch_operator']) retrieved from /home/airflow/.local/lib/python3.7/site-packages/airflow/example_dags/example_branch_operator.py
[2023-07-12 00:29:02,358] {logging_mixin.py:115} INFO - [2023-07-12 00:29:02,358] {dag.py:2420} INFO - Sync 1 DAGs
[2023-07-12 00:29:02,681] {logging_mixin.py:115} INFO - [2023-07-12 00:29:02,681] {dag.py:2972} INFO - Setting next_dagrun for example_branch_operator to 2023-07-11T00:00:00+00:00, run_after=2023-07-12T00:00:00+00:00
[2023-07-12 00:29:02,706] {processor.py:161} INFO - Processing /home/airflow/.local/lib/python3.7/site-packages/airflow/example_dags/example_branch_operator.py took 0.476 seconds
[2023-07-12 00:30:33,453] {processor.py:153} INFO - Started process (PID=50) to work on /home/airflow/.local/lib/python3.7/site-packages/airflow/example_dags/example_branch_operator.py
[2023-07-12 00:30:33,456] {processor.py:641} INFO - Processing file /home/airflow/.local/lib/python3.7/site-packages/airflow/example_dags/example_branch_operator.py for tasks to queue
[2023-07-12 00:30:33,457] {logging_mixin.py:115} INFO - [2023-07-12 00:30:33,457] {dagbag.py:508} INFO - Filling up the DagBag from /home/airflow/.local/lib/python3.7/site-packages/airflow/example_dags/example_branch_operator.py
[2023-07-12 00:30:33,486] {processor.py:651} INFO - DAG(s) dict_keys(['example_branch_operator']) retrieved from /home/airflow/.local/lib/python3.7/site-packages/airflow/example_dags/example_branch_operator.py
[2023-07-12 00:30:33,542] {logging_mixin.py:115} INFO - [2023-07-12 00:30:33,542] {dag.py:2420} INFO - Sync 1 DAGs
[2023-07-12 00:30:33,994] {logging_mixin.py:115} INFO - [2023-07-12 00:30:33,994] {dag.py:2972} INFO - Setting next_dagrun for example_branch_operator to 2023-07-11T00:00:00+00:00, run_after=2023-07-12T00:00:00+00:00
[2023-07-12 00:30:34,043] {processor.py:161} INFO - Processing /home/airflow/.local/lib/python3.7/site-packages/airflow/example_dags/example_branch_operator.py took 0.595 seconds
[2023-07-12 00:31:04,492] {processor.py:153} INFO - Started process (PID=103) to work on /home/airflow/.local/lib/python3.7/site-packages/airflow/example_dags/example_branch_operator.py
[2023-07-12 00:31:04,493] {processor.py:641} INFO - Processing file /home/airflow/.local/lib/python3.7/site-packages/airflow/example_dags/example_branch_operator.py for tasks to queue
[2023-07-12 00:31:04,493] {logging_mixin.py:115} INFO - [2023-07-12 00:31:04,493] {dagbag.py:508} INFO - Filling up the DagBag from /home/airflow/.local/lib/python3.7/site-packages/airflow/example_dags/example_branch_operator.py
[2023-07-12 00:31:04,505] {processor.py:651} INFO - DAG(s) dict_keys(['example_branch_operator']) retrieved from /home/airflow/.local/lib/python3.7/site-packages/airflow/example_dags/example_branch_operator.py
[2023-07-12 00:31:04,537] {logging_mixin.py:115} INFO - [2023-07-12 00:31:04,537] {dag.py:2420} INFO - Sync 1 DAGs
[2023-07-12 00:31:04,690] {logging_mixin.py:115} INFO - [2023-07-12 00:31:04,690] {dag.py:2972} INFO - Setting next_dagrun for example_branch_operator to 2023-07-11T00:00:00+00:00, run_after=2023-07-12T00:00:00+00:00
[2023-07-12 00:31:04,704] {processor.py:161} INFO - Processing /home/airflow/.local/lib/python3.7/site-packages/airflow/example_dags/example_branch_operator.py took 0.217 seconds
[2023-07-12 00:31:35,385] {processor.py:153} INFO - Started process (PID=155) to work on /home/airflow/.local/lib/python3.7/site-packages/airflow/example_dags/example_branch_operator.py
[2023-07-12 00:31:35,386] {processor.py:641} INFO - Processing file /home/airflow/.local/lib/python3.7/site-packages/airflow/example_dags/example_branch_operator.py for tasks to queue
[2023-07-12 00:31:35,387] {logging_mixin.py:115} INFO - [2023-07-12 00:31:35,387] {dagbag.py:508} INFO - Filling up the DagBag from /home/airflow/.local/lib/python3.7/site-packages/airflow/example_dags/example_branch_operator.py
[2023-07-12 00:31:35,404] {processor.py:651} INFO - DAG(s) dict_keys(['example_branch_operator']) retrieved from /home/airflow/.local/lib/python3.7/site-packages/airflow/example_dags/example_branch_operator.py
[2023-07-12 00:31:35,469] {logging_mixin.py:115} INFO - [2023-07-12 00:31:35,468] {dag.py:2420} INFO - Sync 1 DAGs
[2023-07-12 00:31:35,750] {logging_mixin.py:115} INFO - [2023-07-12 00:31:35,750] {dag.py:2972} INFO - Setting next_dagrun for example_branch_operator to 2023-07-11T00:00:00+00:00, run_after=2023-07-12T00:00:00+00:00
[2023-07-12 00:31:35,773] {processor.py:161} INFO - Processing /home/airflow/.local/lib/python3.7/site-packages/airflow/example_dags/example_branch_operator.py took 0.391 seconds
[2023-07-12 00:32:06,890] {processor.py:153} INFO - Started process (PID=216) to work on /home/airflow/.local/lib/python3.7/site-packages/airflow/example_dags/example_branch_operator.py
[2023-07-12 00:32:06,891] {processor.py:641} INFO - Processing file /home/airflow/.local/lib/python3.7/site-packages/airflow/example_dags/example_branch_operator.py for tasks to queue
[2023-07-12 00:32:06,892] {logging_mixin.py:115} INFO - [2023-07-12 00:32:06,892] {dagbag.py:508} INFO - Filling up the DagBag from /home/airflow/.local/lib/python3.7/site-packages/airflow/example_dags/example_branch_operator.py
[2023-07-12 00:32:06,917] {processor.py:651} INFO - DAG(s) dict_keys(['example_branch_operator']) retrieved from /home/airflow/.local/lib/python3.7/site-packages/airflow/example_dags/example_branch_operator.py
[2023-07-12 00:32:06,964] {logging_mixin.py:115} INFO - [2023-07-12 00:32:06,964] {dag.py:2420} INFO - Sync 1 DAGs
[2023-07-12 00:32:07,303] {logging_mixin.py:115} INFO - [2023-07-12 00:32:07,303] {dag.py:2972} INFO - Setting next_dagrun for example_branch_operator to 2023-07-11T00:00:00+00:00, run_after=2023-07-12T00:00:00+00:00
[2023-07-12 00:32:07,348] {processor.py:161} INFO - Processing /home/airflow/.local/lib/python3.7/site-packages/airflow/example_dags/example_branch_operator.py took 0.464 seconds
[2023-07-12 00:32:38,308] {processor.py:153} INFO - Started process (PID=270) to work on /home/airflow/.local/lib/python3.7/site-packages/airflow/example_dags/example_branch_operator.py
[2023-07-12 00:32:38,310] {processor.py:641} INFO - Processing file /home/airflow/.local/lib/python3.7/site-packages/airflow/example_dags/example_branch_operator.py for tasks to queue
[2023-07-12 00:32:38,311] {logging_mixin.py:115} INFO - [2023-07-12 00:32:38,311] {dagbag.py:508} INFO - Filling up the DagBag from /home/airflow/.local/lib/python3.7/site-packages/airflow/example_dags/example_branch_operator.py
[2023-07-12 00:32:38,344] {processor.py:651} INFO - DAG(s) dict_keys(['example_branch_operator']) retrieved from /home/airflow/.local/lib/python3.7/site-packages/airflow/example_dags/example_branch_operator.py
[2023-07-12 00:32:38,501] {logging_mixin.py:115} INFO - [2023-07-12 00:32:38,501] {dag.py:2420} INFO - Sync 1 DAGs
[2023-07-12 00:32:38,946] {logging_mixin.py:115} INFO - [2023-07-12 00:32:38,946] {dag.py:2972} INFO - Setting next_dagrun for example_branch_operator to 2023-07-11T00:00:00+00:00, run_after=2023-07-12T00:00:00+00:00
[2023-07-12 00:32:39,003] {processor.py:161} INFO - Processing /home/airflow/.local/lib/python3.7/site-packages/airflow/example_dags/example_branch_operator.py took 0.701 seconds
[2023-07-12 00:33:15,844] {processor.py:153} INFO - Started process (PID=368) to work on /home/airflow/.local/lib/python3.7/site-packages/airflow/example_dags/example_branch_operator.py
[2023-07-12 00:33:15,848] {processor.py:641} INFO - Processing file /home/airflow/.local/lib/python3.7/site-packages/airflow/example_dags/example_branch_operator.py for tasks to queue
[2023-07-12 00:33:15,849] {logging_mixin.py:115} INFO - [2023-07-12 00:33:15,849] {dagbag.py:508} INFO - Filling up the DagBag from /home/airflow/.local/lib/python3.7/site-packages/airflow/example_dags/example_branch_operator.py
[2023-07-12 00:33:15,876] {processor.py:651} INFO - DAG(s) dict_keys(['example_branch_operator']) retrieved from /home/airflow/.local/lib/python3.7/site-packages/airflow/example_dags/example_branch_operator.py
[2023-07-12 00:33:16,019] {logging_mixin.py:115} INFO - [2023-07-12 00:33:16,019] {dag.py:2420} INFO - Sync 1 DAGs
[2023-07-12 00:33:16,645] {logging_mixin.py:115} INFO - [2023-07-12 00:33:16,645] {dag.py:2972} INFO - Setting next_dagrun for example_branch_operator to 2023-07-11T00:00:00+00:00, run_after=2023-07-12T00:00:00+00:00
[2023-07-12 00:33:16,707] {processor.py:161} INFO - Processing /home/airflow/.local/lib/python3.7/site-packages/airflow/example_dags/example_branch_operator.py took 0.869 seconds
[2023-07-12 00:33:50,521] {processor.py:153} INFO - Started process (PID=440) to work on /home/airflow/.local/lib/python3.7/site-packages/airflow/example_dags/example_branch_operator.py
[2023-07-12 00:33:50,547] {processor.py:641} INFO - Processing file /home/airflow/.local/lib/python3.7/site-packages/airflow/example_dags/example_branch_operator.py for tasks to queue
[2023-07-12 00:33:50,548] {logging_mixin.py:115} INFO - [2023-07-12 00:33:50,548] {dagbag.py:508} INFO - Filling up the DagBag from /home/airflow/.local/lib/python3.7/site-packages/airflow/example_dags/example_branch_operator.py
[2023-07-12 00:33:50,669] {processor.py:651} INFO - DAG(s) dict_keys(['example_branch_operator']) retrieved from /home/airflow/.local/lib/python3.7/site-packages/airflow/example_dags/example_branch_operator.py
[2023-07-12 00:33:50,887] {logging_mixin.py:115} INFO - [2023-07-12 00:33:50,887] {dag.py:2420} INFO - Sync 1 DAGs
[2023-07-12 00:33:52,071] {logging_mixin.py:115} INFO - [2023-07-12 00:33:52,071] {dag.py:2972} INFO - Setting next_dagrun for example_branch_operator to 2023-07-11T00:00:00+00:00, run_after=2023-07-12T00:00:00+00:00
[2023-07-12 00:33:52,130] {processor.py:161} INFO - Processing /home/airflow/.local/lib/python3.7/site-packages/airflow/example_dags/example_branch_operator.py took 1.652 seconds
[2023-07-12 00:34:22,571] {processor.py:153} INFO - Started process (PID=515) to work on /home/airflow/.local/lib/python3.7/site-packages/airflow/example_dags/example_branch_operator.py
[2023-07-12 00:34:22,596] {processor.py:641} INFO - Processing file /home/airflow/.local/lib/python3.7/site-packages/airflow/example_dags/example_branch_operator.py for tasks to queue
[2023-07-12 00:34:22,597] {logging_mixin.py:115} INFO - [2023-07-12 00:34:22,597] {dagbag.py:508} INFO - Filling up the DagBag from /home/airflow/.local/lib/python3.7/site-packages/airflow/example_dags/example_branch_operator.py
[2023-07-12 00:34:22,831] {processor.py:651} INFO - DAG(s) dict_keys(['example_branch_operator']) retrieved from /home/airflow/.local/lib/python3.7/site-packages/airflow/example_dags/example_branch_operator.py
[2023-07-12 00:34:23,067] {logging_mixin.py:115} INFO - [2023-07-12 00:34:23,066] {dag.py:2420} INFO - Sync 1 DAGs
[2023-07-12 00:34:23,785] {logging_mixin.py:115} INFO - [2023-07-12 00:34:23,785] {dag.py:2972} INFO - Setting next_dagrun for example_branch_operator to 2023-07-11T00:00:00+00:00, run_after=2023-07-12T00:00:00+00:00
[2023-07-12 00:34:23,924] {processor.py:161} INFO - Processing /home/airflow/.local/lib/python3.7/site-packages/airflow/example_dags/example_branch_operator.py took 1.375 seconds
[2023-07-12 00:34:54,131] {processor.py:153} INFO - Started process (PID=569) to work on /home/airflow/.local/lib/python3.7/site-packages/airflow/example_dags/example_branch_operator.py
[2023-07-12 00:34:54,132] {processor.py:641} INFO - Processing file /home/airflow/.local/lib/python3.7/site-packages/airflow/example_dags/example_branch_operator.py for tasks to queue
[2023-07-12 00:34:54,132] {logging_mixin.py:115} INFO - [2023-07-12 00:34:54,132] {dagbag.py:508} INFO - Filling up the DagBag from /home/airflow/.local/lib/python3.7/site-packages/airflow/example_dags/example_branch_operator.py
[2023-07-12 00:34:54,148] {processor.py:651} INFO - DAG(s) dict_keys(['example_branch_operator']) retrieved from /home/airflow/.local/lib/python3.7/site-packages/airflow/example_dags/example_branch_operator.py
[2023-07-12 00:34:54,198] {logging_mixin.py:115} INFO - [2023-07-12 00:34:54,198] {dag.py:2420} INFO - Sync 1 DAGs
[2023-07-12 00:34:54,426] {logging_mixin.py:115} INFO - [2023-07-12 00:34:54,426] {dag.py:2972} INFO - Setting next_dagrun for example_branch_operator to 2023-07-11T00:00:00+00:00, run_after=2023-07-12T00:00:00+00:00
[2023-07-12 00:34:54,444] {processor.py:161} INFO - Processing /home/airflow/.local/lib/python3.7/site-packages/airflow/example_dags/example_branch_operator.py took 0.320 seconds
[2023-07-12 00:35:25,014] {processor.py:153} INFO - Started process (PID=621) to work on /home/airflow/.local/lib/python3.7/site-packages/airflow/example_dags/example_branch_operator.py
[2023-07-12 00:35:25,015] {processor.py:641} INFO - Processing file /home/airflow/.local/lib/python3.7/site-packages/airflow/example_dags/example_branch_operator.py for tasks to queue
[2023-07-12 00:35:25,034] {logging_mixin.py:115} INFO - [2023-07-12 00:35:25,034] {dagbag.py:508} INFO - Filling up the DagBag from /home/airflow/.local/lib/python3.7/site-packages/airflow/example_dags/example_branch_operator.py
[2023-07-12 00:35:25,110] {processor.py:651} INFO - DAG(s) dict_keys(['example_branch_operator']) retrieved from /home/airflow/.local/lib/python3.7/site-packages/airflow/example_dags/example_branch_operator.py
[2023-07-12 00:35:25,378] {logging_mixin.py:115} INFO - [2023-07-12 00:35:25,377] {dag.py:2420} INFO - Sync 1 DAGs
