[2023-07-12 00:20:42,430] {processor.py:153} INFO - Started process (PID=43) to work on /home/airflow/.local/lib/python3.7/site-packages/airflow/example_dags/example_skip_dag.py
[2023-07-12 00:20:42,431] {processor.py:641} INFO - Processing file /home/airflow/.local/lib/python3.7/site-packages/airflow/example_dags/example_skip_dag.py for tasks to queue
[2023-07-12 00:20:42,432] {logging_mixin.py:115} INFO - [2023-07-12 00:20:42,432] {dagbag.py:508} INFO - Filling up the DagBag from /home/airflow/.local/lib/python3.7/site-packages/airflow/example_dags/example_skip_dag.py
[2023-07-12 00:20:42,443] {processor.py:651} INFO - DAG(s) dict_keys(['example_skip_dag']) retrieved from /home/airflow/.local/lib/python3.7/site-packages/airflow/example_dags/example_skip_dag.py
[2023-07-12 00:20:42,504] {logging_mixin.py:115} INFO - [2023-07-12 00:20:42,503] {dag.py:2420} INFO - Sync 1 DAGs
[2023-07-12 00:20:42,814] {logging_mixin.py:115} INFO - [2023-07-12 00:20:42,814] {dag.py:2972} INFO - Setting next_dagrun for example_skip_dag to 2023-07-11T00:20:42.813835+00:00, run_after=2023-07-12T00:20:42.813835+00:00
[2023-07-12 00:20:42,850] {processor.py:161} INFO - Processing /home/airflow/.local/lib/python3.7/site-packages/airflow/example_dags/example_skip_dag.py took 0.426 seconds
[2023-07-12 00:21:13,293] {processor.py:153} INFO - Started process (PID=95) to work on /home/airflow/.local/lib/python3.7/site-packages/airflow/example_dags/example_skip_dag.py
[2023-07-12 00:21:13,306] {processor.py:641} INFO - Processing file /home/airflow/.local/lib/python3.7/site-packages/airflow/example_dags/example_skip_dag.py for tasks to queue
[2023-07-12 00:21:13,307] {logging_mixin.py:115} INFO - [2023-07-12 00:21:13,307] {dagbag.py:508} INFO - Filling up the DagBag from /home/airflow/.local/lib/python3.7/site-packages/airflow/example_dags/example_skip_dag.py
[2023-07-12 00:21:13,318] {processor.py:651} INFO - DAG(s) dict_keys(['example_skip_dag']) retrieved from /home/airflow/.local/lib/python3.7/site-packages/airflow/example_dags/example_skip_dag.py
[2023-07-12 00:21:13,387] {logging_mixin.py:115} INFO - [2023-07-12 00:21:13,387] {dag.py:2420} INFO - Sync 1 DAGs
[2023-07-12 00:21:13,755] {logging_mixin.py:115} INFO - [2023-07-12 00:21:13,754] {dag.py:2972} INFO - Setting next_dagrun for example_skip_dag to 2023-07-11T00:21:13.754486+00:00, run_after=2023-07-12T00:21:13.754486+00:00
[2023-07-12 00:21:13,817] {processor.py:161} INFO - Processing /home/airflow/.local/lib/python3.7/site-packages/airflow/example_dags/example_skip_dag.py took 0.529 seconds
[2023-07-12 00:21:44,277] {processor.py:153} INFO - Started process (PID=147) to work on /home/airflow/.local/lib/python3.7/site-packages/airflow/example_dags/example_skip_dag.py
[2023-07-12 00:21:44,280] {processor.py:641} INFO - Processing file /home/airflow/.local/lib/python3.7/site-packages/airflow/example_dags/example_skip_dag.py for tasks to queue
[2023-07-12 00:21:44,281] {logging_mixin.py:115} INFO - [2023-07-12 00:21:44,281] {dagbag.py:508} INFO - Filling up the DagBag from /home/airflow/.local/lib/python3.7/site-packages/airflow/example_dags/example_skip_dag.py
[2023-07-12 00:21:44,298] {processor.py:651} INFO - DAG(s) dict_keys(['example_skip_dag']) retrieved from /home/airflow/.local/lib/python3.7/site-packages/airflow/example_dags/example_skip_dag.py
[2023-07-12 00:21:44,385] {logging_mixin.py:115} INFO - [2023-07-12 00:21:44,384] {dag.py:2420} INFO - Sync 1 DAGs
[2023-07-12 00:21:44,672] {logging_mixin.py:115} INFO - [2023-07-12 00:21:44,672] {dag.py:2972} INFO - Setting next_dagrun for example_skip_dag to 2023-07-11T00:21:44.672417+00:00, run_after=2023-07-12T00:21:44.672417+00:00
[2023-07-12 00:21:44,692] {processor.py:161} INFO - Processing /home/airflow/.local/lib/python3.7/site-packages/airflow/example_dags/example_skip_dag.py took 0.428 seconds
[2023-07-12 00:22:14,849] {processor.py:153} INFO - Started process (PID=198) to work on /home/airflow/.local/lib/python3.7/site-packages/airflow/example_dags/example_skip_dag.py
[2023-07-12 00:22:14,850] {processor.py:641} INFO - Processing file /home/airflow/.local/lib/python3.7/site-packages/airflow/example_dags/example_skip_dag.py for tasks to queue
[2023-07-12 00:22:14,851] {logging_mixin.py:115} INFO - [2023-07-12 00:22:14,851] {dagbag.py:508} INFO - Filling up the DagBag from /home/airflow/.local/lib/python3.7/site-packages/airflow/example_dags/example_skip_dag.py
[2023-07-12 00:22:14,858] {processor.py:651} INFO - DAG(s) dict_keys(['example_skip_dag']) retrieved from /home/airflow/.local/lib/python3.7/site-packages/airflow/example_dags/example_skip_dag.py
[2023-07-12 00:22:14,903] {logging_mixin.py:115} INFO - [2023-07-12 00:22:14,903] {dag.py:2420} INFO - Sync 1 DAGs
[2023-07-12 00:22:15,205] {logging_mixin.py:115} INFO - [2023-07-12 00:22:15,205] {dag.py:2972} INFO - Setting next_dagrun for example_skip_dag to 2023-07-11T00:22:15.204996+00:00, run_after=2023-07-12T00:22:15.204996+00:00
[2023-07-12 00:22:15,234] {processor.py:161} INFO - Processing /home/airflow/.local/lib/python3.7/site-packages/airflow/example_dags/example_skip_dag.py took 0.389 seconds
[2023-07-12 00:22:45,316] {processor.py:153} INFO - Started process (PID=250) to work on /home/airflow/.local/lib/python3.7/site-packages/airflow/example_dags/example_skip_dag.py
[2023-07-12 00:22:45,317] {processor.py:641} INFO - Processing file /home/airflow/.local/lib/python3.7/site-packages/airflow/example_dags/example_skip_dag.py for tasks to queue
[2023-07-12 00:22:45,318] {logging_mixin.py:115} INFO - [2023-07-12 00:22:45,318] {dagbag.py:508} INFO - Filling up the DagBag from /home/airflow/.local/lib/python3.7/site-packages/airflow/example_dags/example_skip_dag.py
[2023-07-12 00:22:45,332] {processor.py:651} INFO - DAG(s) dict_keys(['example_skip_dag']) retrieved from /home/airflow/.local/lib/python3.7/site-packages/airflow/example_dags/example_skip_dag.py
[2023-07-12 00:22:45,380] {logging_mixin.py:115} INFO - [2023-07-12 00:22:45,380] {dag.py:2420} INFO - Sync 1 DAGs
[2023-07-12 00:22:45,671] {logging_mixin.py:115} INFO - [2023-07-12 00:22:45,671] {dag.py:2972} INFO - Setting next_dagrun for example_skip_dag to 2023-07-11T00:22:45.671341+00:00, run_after=2023-07-12T00:22:45.671341+00:00
[2023-07-12 00:22:45,701] {processor.py:161} INFO - Processing /home/airflow/.local/lib/python3.7/site-packages/airflow/example_dags/example_skip_dag.py took 0.392 seconds
[2023-07-12 00:23:15,931] {processor.py:153} INFO - Started process (PID=301) to work on /home/airflow/.local/lib/python3.7/site-packages/airflow/example_dags/example_skip_dag.py
[2023-07-12 00:23:15,935] {processor.py:641} INFO - Processing file /home/airflow/.local/lib/python3.7/site-packages/airflow/example_dags/example_skip_dag.py for tasks to queue
[2023-07-12 00:23:15,937] {logging_mixin.py:115} INFO - [2023-07-12 00:23:15,937] {dagbag.py:508} INFO - Filling up the DagBag from /home/airflow/.local/lib/python3.7/site-packages/airflow/example_dags/example_skip_dag.py
[2023-07-12 00:23:15,953] {processor.py:651} INFO - DAG(s) dict_keys(['example_skip_dag']) retrieved from /home/airflow/.local/lib/python3.7/site-packages/airflow/example_dags/example_skip_dag.py
[2023-07-12 00:23:16,045] {logging_mixin.py:115} INFO - [2023-07-12 00:23:16,044] {dag.py:2420} INFO - Sync 1 DAGs
[2023-07-12 00:23:16,464] {logging_mixin.py:115} INFO - [2023-07-12 00:23:16,464] {dag.py:2972} INFO - Setting next_dagrun for example_skip_dag to 2023-07-11T00:23:16.464350+00:00, run_after=2023-07-12T00:23:16.464350+00:00
[2023-07-12 00:23:16,511] {processor.py:161} INFO - Processing /home/airflow/.local/lib/python3.7/site-packages/airflow/example_dags/example_skip_dag.py took 0.589 seconds
[2023-07-12 00:23:46,706] {processor.py:153} INFO - Started process (PID=354) to work on /home/airflow/.local/lib/python3.7/site-packages/airflow/example_dags/example_skip_dag.py
[2023-07-12 00:23:46,707] {processor.py:641} INFO - Processing file /home/airflow/.local/lib/python3.7/site-packages/airflow/example_dags/example_skip_dag.py for tasks to queue
[2023-07-12 00:23:46,708] {logging_mixin.py:115} INFO - [2023-07-12 00:23:46,708] {dagbag.py:508} INFO - Filling up the DagBag from /home/airflow/.local/lib/python3.7/site-packages/airflow/example_dags/example_skip_dag.py
[2023-07-12 00:23:46,721] {processor.py:651} INFO - DAG(s) dict_keys(['example_skip_dag']) retrieved from /home/airflow/.local/lib/python3.7/site-packages/airflow/example_dags/example_skip_dag.py
[2023-07-12 00:23:46,812] {logging_mixin.py:115} INFO - [2023-07-12 00:23:46,811] {dag.py:2420} INFO - Sync 1 DAGs
[2023-07-12 00:23:47,203] {logging_mixin.py:115} INFO - [2023-07-12 00:23:47,203] {dag.py:2972} INFO - Setting next_dagrun for example_skip_dag to 2023-07-11T00:23:47.202624+00:00, run_after=2023-07-12T00:23:47.202624+00:00
[2023-07-12 00:23:47,247] {processor.py:161} INFO - Processing /home/airflow/.local/lib/python3.7/site-packages/airflow/example_dags/example_skip_dag.py took 0.547 seconds
[2023-07-12 00:24:18,108] {processor.py:153} INFO - Started process (PID=406) to work on /home/airflow/.local/lib/python3.7/site-packages/airflow/example_dags/example_skip_dag.py
[2023-07-12 00:24:18,112] {processor.py:641} INFO - Processing file /home/airflow/.local/lib/python3.7/site-packages/airflow/example_dags/example_skip_dag.py for tasks to queue
[2023-07-12 00:24:18,113] {logging_mixin.py:115} INFO - [2023-07-12 00:24:18,113] {dagbag.py:508} INFO - Filling up the DagBag from /home/airflow/.local/lib/python3.7/site-packages/airflow/example_dags/example_skip_dag.py
[2023-07-12 00:24:18,130] {processor.py:651} INFO - DAG(s) dict_keys(['example_skip_dag']) retrieved from /home/airflow/.local/lib/python3.7/site-packages/airflow/example_dags/example_skip_dag.py
[2023-07-12 00:24:18,212] {logging_mixin.py:115} INFO - [2023-07-12 00:24:18,211] {dag.py:2420} INFO - Sync 1 DAGs
[2023-07-12 00:24:18,562] {logging_mixin.py:115} INFO - [2023-07-12 00:24:18,562] {dag.py:2972} INFO - Setting next_dagrun for example_skip_dag to 2023-07-11T00:24:18.561950+00:00, run_after=2023-07-12T00:24:18.561950+00:00
[2023-07-12 00:24:18,609] {processor.py:161} INFO - Processing /home/airflow/.local/lib/python3.7/site-packages/airflow/example_dags/example_skip_dag.py took 0.507 seconds
[2023-07-12 00:24:48,657] {processor.py:153} INFO - Started process (PID=467) to work on /home/airflow/.local/lib/python3.7/site-packages/airflow/example_dags/example_skip_dag.py
[2023-07-12 00:24:48,657] {processor.py:641} INFO - Processing file /home/airflow/.local/lib/python3.7/site-packages/airflow/example_dags/example_skip_dag.py for tasks to queue
[2023-07-12 00:24:48,658] {logging_mixin.py:115} INFO - [2023-07-12 00:24:48,658] {dagbag.py:508} INFO - Filling up the DagBag from /home/airflow/.local/lib/python3.7/site-packages/airflow/example_dags/example_skip_dag.py
[2023-07-12 00:24:48,665] {processor.py:651} INFO - DAG(s) dict_keys(['example_skip_dag']) retrieved from /home/airflow/.local/lib/python3.7/site-packages/airflow/example_dags/example_skip_dag.py
[2023-07-12 00:24:48,697] {logging_mixin.py:115} INFO - [2023-07-12 00:24:48,697] {dag.py:2420} INFO - Sync 1 DAGs
[2023-07-12 00:24:48,862] {logging_mixin.py:115} INFO - [2023-07-12 00:24:48,862] {dag.py:2972} INFO - Setting next_dagrun for example_skip_dag to 2023-07-11T00:24:48.862122+00:00, run_after=2023-07-12T00:24:48.862122+00:00
[2023-07-12 00:24:48,879] {processor.py:161} INFO - Processing /home/airflow/.local/lib/python3.7/site-packages/airflow/example_dags/example_skip_dag.py took 0.225 seconds
[2023-07-12 00:25:19,706] {processor.py:153} INFO - Started process (PID=519) to work on /home/airflow/.local/lib/python3.7/site-packages/airflow/example_dags/example_skip_dag.py
[2023-07-12 00:25:19,717] {processor.py:641} INFO - Processing file /home/airflow/.local/lib/python3.7/site-packages/airflow/example_dags/example_skip_dag.py for tasks to queue
[2023-07-12 00:25:19,718] {logging_mixin.py:115} INFO - [2023-07-12 00:25:19,718] {dagbag.py:508} INFO - Filling up the DagBag from /home/airflow/.local/lib/python3.7/site-packages/airflow/example_dags/example_skip_dag.py
[2023-07-12 00:25:19,749] {processor.py:651} INFO - DAG(s) dict_keys(['example_skip_dag']) retrieved from /home/airflow/.local/lib/python3.7/site-packages/airflow/example_dags/example_skip_dag.py
[2023-07-12 00:25:19,856] {logging_mixin.py:115} INFO - [2023-07-12 00:25:19,856] {dag.py:2420} INFO - Sync 1 DAGs
[2023-07-12 00:25:20,249] {logging_mixin.py:115} INFO - [2023-07-12 00:25:20,249] {dag.py:2972} INFO - Setting next_dagrun for example_skip_dag to 2023-07-11T00:25:20.248970+00:00, run_after=2023-07-12T00:25:20.248970+00:00
[2023-07-12 00:25:20,277] {processor.py:161} INFO - Processing /home/airflow/.local/lib/python3.7/site-packages/airflow/example_dags/example_skip_dag.py took 0.589 seconds
[2023-07-12 00:25:50,676] {processor.py:153} INFO - Started process (PID=571) to work on /home/airflow/.local/lib/python3.7/site-packages/airflow/example_dags/example_skip_dag.py
[2023-07-12 00:25:50,677] {processor.py:641} INFO - Processing file /home/airflow/.local/lib/python3.7/site-packages/airflow/example_dags/example_skip_dag.py for tasks to queue
[2023-07-12 00:25:50,677] {logging_mixin.py:115} INFO - [2023-07-12 00:25:50,677] {dagbag.py:508} INFO - Filling up the DagBag from /home/airflow/.local/lib/python3.7/site-packages/airflow/example_dags/example_skip_dag.py
[2023-07-12 00:25:50,687] {processor.py:651} INFO - DAG(s) dict_keys(['example_skip_dag']) retrieved from /home/airflow/.local/lib/python3.7/site-packages/airflow/example_dags/example_skip_dag.py
[2023-07-12 00:25:50,748] {logging_mixin.py:115} INFO - [2023-07-12 00:25:50,748] {dag.py:2420} INFO - Sync 1 DAGs
[2023-07-12 00:25:50,983] {logging_mixin.py:115} INFO - [2023-07-12 00:25:50,983] {dag.py:2972} INFO - Setting next_dagrun for example_skip_dag to 2023-07-11T00:25:50.982836+00:00, run_after=2023-07-12T00:25:50.982836+00:00
[2023-07-12 00:25:51,011] {processor.py:161} INFO - Processing /home/airflow/.local/lib/python3.7/site-packages/airflow/example_dags/example_skip_dag.py took 0.340 seconds
[2023-07-12 00:26:21,276] {processor.py:153} INFO - Started process (PID=623) to work on /home/airflow/.local/lib/python3.7/site-packages/airflow/example_dags/example_skip_dag.py
[2023-07-12 00:26:21,277] {processor.py:641} INFO - Processing file /home/airflow/.local/lib/python3.7/site-packages/airflow/example_dags/example_skip_dag.py for tasks to queue
[2023-07-12 00:26:21,277] {logging_mixin.py:115} INFO - [2023-07-12 00:26:21,277] {dagbag.py:508} INFO - Filling up the DagBag from /home/airflow/.local/lib/python3.7/site-packages/airflow/example_dags/example_skip_dag.py
[2023-07-12 00:26:21,286] {processor.py:651} INFO - DAG(s) dict_keys(['example_skip_dag']) retrieved from /home/airflow/.local/lib/python3.7/site-packages/airflow/example_dags/example_skip_dag.py
[2023-07-12 00:26:21,346] {logging_mixin.py:115} INFO - [2023-07-12 00:26:21,346] {dag.py:2420} INFO - Sync 1 DAGs
[2023-07-12 00:26:21,532] {logging_mixin.py:115} INFO - [2023-07-12 00:26:21,532] {dag.py:2972} INFO - Setting next_dagrun for example_skip_dag to 2023-07-11T00:26:21.532539+00:00, run_after=2023-07-12T00:26:21.532539+00:00
[2023-07-12 00:26:21,549] {processor.py:161} INFO - Processing /home/airflow/.local/lib/python3.7/site-packages/airflow/example_dags/example_skip_dag.py took 0.279 seconds
[2023-07-12 00:26:51,630] {processor.py:153} INFO - Started process (PID=684) to work on /home/airflow/.local/lib/python3.7/site-packages/airflow/example_dags/example_skip_dag.py
[2023-07-12 00:26:51,631] {processor.py:641} INFO - Processing file /home/airflow/.local/lib/python3.7/site-packages/airflow/example_dags/example_skip_dag.py for tasks to queue
[2023-07-12 00:26:51,632] {logging_mixin.py:115} INFO - [2023-07-12 00:26:51,632] {dagbag.py:508} INFO - Filling up the DagBag from /home/airflow/.local/lib/python3.7/site-packages/airflow/example_dags/example_skip_dag.py
[2023-07-12 00:26:51,640] {processor.py:651} INFO - DAG(s) dict_keys(['example_skip_dag']) retrieved from /home/airflow/.local/lib/python3.7/site-packages/airflow/example_dags/example_skip_dag.py
[2023-07-12 00:26:51,694] {logging_mixin.py:115} INFO - [2023-07-12 00:26:51,694] {dag.py:2420} INFO - Sync 1 DAGs
[2023-07-12 00:26:51,964] {logging_mixin.py:115} INFO - [2023-07-12 00:26:51,964] {dag.py:2972} INFO - Setting next_dagrun for example_skip_dag to 2023-07-11T00:26:51.963542+00:00, run_after=2023-07-12T00:26:51.963542+00:00
[2023-07-12 00:26:51,988] {processor.py:161} INFO - Processing /home/airflow/.local/lib/python3.7/site-packages/airflow/example_dags/example_skip_dag.py took 0.363 seconds
[2023-07-12 00:27:22,354] {processor.py:153} INFO - Started process (PID=736) to work on /home/airflow/.local/lib/python3.7/site-packages/airflow/example_dags/example_skip_dag.py
[2023-07-12 00:27:22,356] {processor.py:641} INFO - Processing file /home/airflow/.local/lib/python3.7/site-packages/airflow/example_dags/example_skip_dag.py for tasks to queue
[2023-07-12 00:27:22,357] {logging_mixin.py:115} INFO - [2023-07-12 00:27:22,357] {dagbag.py:508} INFO - Filling up the DagBag from /home/airflow/.local/lib/python3.7/site-packages/airflow/example_dags/example_skip_dag.py
[2023-07-12 00:27:22,366] {processor.py:651} INFO - DAG(s) dict_keys(['example_skip_dag']) retrieved from /home/airflow/.local/lib/python3.7/site-packages/airflow/example_dags/example_skip_dag.py
[2023-07-12 00:27:22,419] {logging_mixin.py:115} INFO - [2023-07-12 00:27:22,419] {dag.py:2420} INFO - Sync 1 DAGs
[2023-07-12 00:27:22,611] {logging_mixin.py:115} INFO - [2023-07-12 00:27:22,611] {dag.py:2972} INFO - Setting next_dagrun for example_skip_dag to 2023-07-11T00:27:22.611449+00:00, run_after=2023-07-12T00:27:22.611449+00:00
[2023-07-12 00:27:22,630] {processor.py:161} INFO - Processing /home/airflow/.local/lib/python3.7/site-packages/airflow/example_dags/example_skip_dag.py took 0.281 seconds
[2023-07-12 00:27:53,366] {processor.py:153} INFO - Started process (PID=789) to work on /home/airflow/.local/lib/python3.7/site-packages/airflow/example_dags/example_skip_dag.py
[2023-07-12 00:27:53,366] {processor.py:641} INFO - Processing file /home/airflow/.local/lib/python3.7/site-packages/airflow/example_dags/example_skip_dag.py for tasks to queue
[2023-07-12 00:27:53,367] {logging_mixin.py:115} INFO - [2023-07-12 00:27:53,367] {dagbag.py:508} INFO - Filling up the DagBag from /home/airflow/.local/lib/python3.7/site-packages/airflow/example_dags/example_skip_dag.py
[2023-07-12 00:27:53,373] {processor.py:651} INFO - DAG(s) dict_keys(['example_skip_dag']) retrieved from /home/airflow/.local/lib/python3.7/site-packages/airflow/example_dags/example_skip_dag.py
[2023-07-12 00:27:53,411] {logging_mixin.py:115} INFO - [2023-07-12 00:27:53,410] {dag.py:2420} INFO - Sync 1 DAGs
[2023-07-12 00:27:53,583] {logging_mixin.py:115} INFO - [2023-07-12 00:27:53,583] {dag.py:2972} INFO - Setting next_dagrun for example_skip_dag to 2023-07-11T00:27:53.583049+00:00, run_after=2023-07-12T00:27:53.583049+00:00
[2023-07-12 00:27:53,598] {processor.py:161} INFO - Processing /home/airflow/.local/lib/python3.7/site-packages/airflow/example_dags/example_skip_dag.py took 0.236 seconds
[2023-07-12 00:28:23,702] {processor.py:153} INFO - Started process (PID=849) to work on /home/airflow/.local/lib/python3.7/site-packages/airflow/example_dags/example_skip_dag.py
[2023-07-12 00:28:23,702] {processor.py:641} INFO - Processing file /home/airflow/.local/lib/python3.7/site-packages/airflow/example_dags/example_skip_dag.py for tasks to queue
[2023-07-12 00:28:23,703] {logging_mixin.py:115} INFO - [2023-07-12 00:28:23,703] {dagbag.py:508} INFO - Filling up the DagBag from /home/airflow/.local/lib/python3.7/site-packages/airflow/example_dags/example_skip_dag.py
[2023-07-12 00:28:23,709] {processor.py:651} INFO - DAG(s) dict_keys(['example_skip_dag']) retrieved from /home/airflow/.local/lib/python3.7/site-packages/airflow/example_dags/example_skip_dag.py
[2023-07-12 00:28:23,746] {logging_mixin.py:115} INFO - [2023-07-12 00:28:23,745] {dag.py:2420} INFO - Sync 1 DAGs
[2023-07-12 00:28:23,918] {logging_mixin.py:115} INFO - [2023-07-12 00:28:23,918] {dag.py:2972} INFO - Setting next_dagrun for example_skip_dag to 2023-07-11T00:28:23.918553+00:00, run_after=2023-07-12T00:28:23.918553+00:00
[2023-07-12 00:28:23,933] {processor.py:161} INFO - Processing /home/airflow/.local/lib/python3.7/site-packages/airflow/example_dags/example_skip_dag.py took 0.235 seconds
[2023-07-12 00:28:54,665] {processor.py:153} INFO - Started process (PID=902) to work on /home/airflow/.local/lib/python3.7/site-packages/airflow/example_dags/example_skip_dag.py
[2023-07-12 00:28:54,666] {processor.py:641} INFO - Processing file /home/airflow/.local/lib/python3.7/site-packages/airflow/example_dags/example_skip_dag.py for tasks to queue
[2023-07-12 00:28:54,668] {logging_mixin.py:115} INFO - [2023-07-12 00:28:54,667] {dagbag.py:508} INFO - Filling up the DagBag from /home/airflow/.local/lib/python3.7/site-packages/airflow/example_dags/example_skip_dag.py
[2023-07-12 00:28:54,677] {processor.py:651} INFO - DAG(s) dict_keys(['example_skip_dag']) retrieved from /home/airflow/.local/lib/python3.7/site-packages/airflow/example_dags/example_skip_dag.py
[2023-07-12 00:28:54,741] {logging_mixin.py:115} INFO - [2023-07-12 00:28:54,741] {dag.py:2420} INFO - Sync 1 DAGs
[2023-07-12 00:28:55,123] {logging_mixin.py:115} INFO - [2023-07-12 00:28:55,123] {dag.py:2972} INFO - Setting next_dagrun for example_skip_dag to 2023-07-11T00:28:55.122867+00:00, run_after=2023-07-12T00:28:55.122867+00:00
[2023-07-12 00:28:55,174] {processor.py:161} INFO - Processing /home/airflow/.local/lib/python3.7/site-packages/airflow/example_dags/example_skip_dag.py took 0.516 seconds
[2023-07-12 00:29:25,735] {processor.py:153} INFO - Started process (PID=962) to work on /home/airflow/.local/lib/python3.7/site-packages/airflow/example_dags/example_skip_dag.py
[2023-07-12 00:29:25,737] {processor.py:641} INFO - Processing file /home/airflow/.local/lib/python3.7/site-packages/airflow/example_dags/example_skip_dag.py for tasks to queue
[2023-07-12 00:29:25,738] {logging_mixin.py:115} INFO - [2023-07-12 00:29:25,738] {dagbag.py:508} INFO - Filling up the DagBag from /home/airflow/.local/lib/python3.7/site-packages/airflow/example_dags/example_skip_dag.py
[2023-07-12 00:29:25,759] {processor.py:651} INFO - DAG(s) dict_keys(['example_skip_dag']) retrieved from /home/airflow/.local/lib/python3.7/site-packages/airflow/example_dags/example_skip_dag.py
[2023-07-12 00:29:25,909] {logging_mixin.py:115} INFO - [2023-07-12 00:29:25,909] {dag.py:2420} INFO - Sync 1 DAGs
[2023-07-12 00:29:26,292] {logging_mixin.py:115} INFO - [2023-07-12 00:29:26,292] {dag.py:2972} INFO - Setting next_dagrun for example_skip_dag to 2023-07-11T00:29:26.291824+00:00, run_after=2023-07-12T00:29:26.291824+00:00
[2023-07-12 00:29:26,333] {processor.py:161} INFO - Processing /home/airflow/.local/lib/python3.7/site-packages/airflow/example_dags/example_skip_dag.py took 0.631 seconds
[2023-07-12 00:30:32,119] {processor.py:153} INFO - Started process (PID=45) to work on /home/airflow/.local/lib/python3.7/site-packages/airflow/example_dags/example_skip_dag.py
[2023-07-12 00:30:32,122] {processor.py:641} INFO - Processing file /home/airflow/.local/lib/python3.7/site-packages/airflow/example_dags/example_skip_dag.py for tasks to queue
[2023-07-12 00:30:32,123] {logging_mixin.py:115} INFO - [2023-07-12 00:30:32,123] {dagbag.py:508} INFO - Filling up the DagBag from /home/airflow/.local/lib/python3.7/site-packages/airflow/example_dags/example_skip_dag.py
[2023-07-12 00:30:32,133] {processor.py:651} INFO - DAG(s) dict_keys(['example_skip_dag']) retrieved from /home/airflow/.local/lib/python3.7/site-packages/airflow/example_dags/example_skip_dag.py
[2023-07-12 00:30:32,189] {logging_mixin.py:115} INFO - [2023-07-12 00:30:32,189] {dag.py:2420} INFO - Sync 1 DAGs
[2023-07-12 00:30:32,509] {logging_mixin.py:115} INFO - [2023-07-12 00:30:32,509] {dag.py:2972} INFO - Setting next_dagrun for example_skip_dag to 2023-07-11T00:30:32.508893+00:00, run_after=2023-07-12T00:30:32.508893+00:00
[2023-07-12 00:30:32,558] {processor.py:161} INFO - Processing /home/airflow/.local/lib/python3.7/site-packages/airflow/example_dags/example_skip_dag.py took 0.444 seconds
[2023-07-12 00:31:02,600] {processor.py:153} INFO - Started process (PID=98) to work on /home/airflow/.local/lib/python3.7/site-packages/airflow/example_dags/example_skip_dag.py
[2023-07-12 00:31:02,601] {processor.py:641} INFO - Processing file /home/airflow/.local/lib/python3.7/site-packages/airflow/example_dags/example_skip_dag.py for tasks to queue
[2023-07-12 00:31:02,602] {logging_mixin.py:115} INFO - [2023-07-12 00:31:02,602] {dagbag.py:508} INFO - Filling up the DagBag from /home/airflow/.local/lib/python3.7/site-packages/airflow/example_dags/example_skip_dag.py
[2023-07-12 00:31:02,608] {processor.py:651} INFO - DAG(s) dict_keys(['example_skip_dag']) retrieved from /home/airflow/.local/lib/python3.7/site-packages/airflow/example_dags/example_skip_dag.py
[2023-07-12 00:31:02,640] {logging_mixin.py:115} INFO - [2023-07-12 00:31:02,640] {dag.py:2420} INFO - Sync 1 DAGs
[2023-07-12 00:31:02,835] {logging_mixin.py:115} INFO - [2023-07-12 00:31:02,835] {dag.py:2972} INFO - Setting next_dagrun for example_skip_dag to 2023-07-11T00:31:02.834455+00:00, run_after=2023-07-12T00:31:02.834455+00:00
[2023-07-12 00:31:02,851] {processor.py:161} INFO - Processing /home/airflow/.local/lib/python3.7/site-packages/airflow/example_dags/example_skip_dag.py took 0.254 seconds
[2023-07-12 00:31:33,474] {processor.py:153} INFO - Started process (PID=150) to work on /home/airflow/.local/lib/python3.7/site-packages/airflow/example_dags/example_skip_dag.py
[2023-07-12 00:31:33,475] {processor.py:641} INFO - Processing file /home/airflow/.local/lib/python3.7/site-packages/airflow/example_dags/example_skip_dag.py for tasks to queue
[2023-07-12 00:31:33,475] {logging_mixin.py:115} INFO - [2023-07-12 00:31:33,475] {dagbag.py:508} INFO - Filling up the DagBag from /home/airflow/.local/lib/python3.7/site-packages/airflow/example_dags/example_skip_dag.py
[2023-07-12 00:31:33,484] {processor.py:651} INFO - DAG(s) dict_keys(['example_skip_dag']) retrieved from /home/airflow/.local/lib/python3.7/site-packages/airflow/example_dags/example_skip_dag.py
[2023-07-12 00:31:33,536] {logging_mixin.py:115} INFO - [2023-07-12 00:31:33,536] {dag.py:2420} INFO - Sync 1 DAGs
[2023-07-12 00:31:33,754] {logging_mixin.py:115} INFO - [2023-07-12 00:31:33,754] {dag.py:2972} INFO - Setting next_dagrun for example_skip_dag to 2023-07-11T00:31:33.754067+00:00, run_after=2023-07-12T00:31:33.754067+00:00
[2023-07-12 00:31:33,774] {processor.py:161} INFO - Processing /home/airflow/.local/lib/python3.7/site-packages/airflow/example_dags/example_skip_dag.py took 0.307 seconds
[2023-07-12 00:32:05,191] {processor.py:153} INFO - Started process (PID=211) to work on /home/airflow/.local/lib/python3.7/site-packages/airflow/example_dags/example_skip_dag.py
[2023-07-12 00:32:05,195] {processor.py:641} INFO - Processing file /home/airflow/.local/lib/python3.7/site-packages/airflow/example_dags/example_skip_dag.py for tasks to queue
[2023-07-12 00:32:05,196] {logging_mixin.py:115} INFO - [2023-07-12 00:32:05,196] {dagbag.py:508} INFO - Filling up the DagBag from /home/airflow/.local/lib/python3.7/site-packages/airflow/example_dags/example_skip_dag.py
[2023-07-12 00:32:05,215] {processor.py:651} INFO - DAG(s) dict_keys(['example_skip_dag']) retrieved from /home/airflow/.local/lib/python3.7/site-packages/airflow/example_dags/example_skip_dag.py
[2023-07-12 00:32:05,383] {logging_mixin.py:115} INFO - [2023-07-12 00:32:05,383] {dag.py:2420} INFO - Sync 1 DAGs
[2023-07-12 00:32:06,024] {logging_mixin.py:115} INFO - [2023-07-12 00:32:06,023] {dag.py:2972} INFO - Setting next_dagrun for example_skip_dag to 2023-07-11T00:32:06.022795+00:00, run_after=2023-07-12T00:32:06.022795+00:00
[2023-07-12 00:32:06,056] {processor.py:161} INFO - Processing /home/airflow/.local/lib/python3.7/site-packages/airflow/example_dags/example_skip_dag.py took 0.872 seconds
[2023-07-12 00:32:36,515] {processor.py:153} INFO - Started process (PID=265) to work on /home/airflow/.local/lib/python3.7/site-packages/airflow/example_dags/example_skip_dag.py
[2023-07-12 00:32:36,516] {processor.py:641} INFO - Processing file /home/airflow/.local/lib/python3.7/site-packages/airflow/example_dags/example_skip_dag.py for tasks to queue
[2023-07-12 00:32:36,517] {logging_mixin.py:115} INFO - [2023-07-12 00:32:36,517] {dagbag.py:508} INFO - Filling up the DagBag from /home/airflow/.local/lib/python3.7/site-packages/airflow/example_dags/example_skip_dag.py
[2023-07-12 00:32:36,527] {processor.py:651} INFO - DAG(s) dict_keys(['example_skip_dag']) retrieved from /home/airflow/.local/lib/python3.7/site-packages/airflow/example_dags/example_skip_dag.py
[2023-07-12 00:32:36,591] {logging_mixin.py:115} INFO - [2023-07-12 00:32:36,590] {dag.py:2420} INFO - Sync 1 DAGs
[2023-07-12 00:32:36,942] {logging_mixin.py:115} INFO - [2023-07-12 00:32:36,942] {dag.py:2972} INFO - Setting next_dagrun for example_skip_dag to 2023-07-11T00:32:36.941649+00:00, run_after=2023-07-12T00:32:36.941649+00:00
[2023-07-12 00:32:37,012] {processor.py:161} INFO - Processing /home/airflow/.local/lib/python3.7/site-packages/airflow/example_dags/example_skip_dag.py took 0.504 seconds
[2023-07-12 00:33:09,907] {processor.py:153} INFO - Started process (PID=359) to work on /home/airflow/.local/lib/python3.7/site-packages/airflow/example_dags/example_skip_dag.py
[2023-07-12 00:33:09,910] {processor.py:641} INFO - Processing file /home/airflow/.local/lib/python3.7/site-packages/airflow/example_dags/example_skip_dag.py for tasks to queue
[2023-07-12 00:33:09,911] {logging_mixin.py:115} INFO - [2023-07-12 00:33:09,911] {dagbag.py:508} INFO - Filling up the DagBag from /home/airflow/.local/lib/python3.7/site-packages/airflow/example_dags/example_skip_dag.py
[2023-07-12 00:33:09,942] {processor.py:651} INFO - DAG(s) dict_keys(['example_skip_dag']) retrieved from /home/airflow/.local/lib/python3.7/site-packages/airflow/example_dags/example_skip_dag.py
[2023-07-12 00:33:10,467] {logging_mixin.py:115} INFO - [2023-07-12 00:33:10,466] {dag.py:2420} INFO - Sync 1 DAGs
[2023-07-12 00:33:12,079] {logging_mixin.py:115} INFO - [2023-07-12 00:33:12,078] {dag.py:2972} INFO - Setting next_dagrun for example_skip_dag to 2023-07-11T00:33:12.078516+00:00, run_after=2023-07-12T00:33:12.078516+00:00
[2023-07-12 00:33:12,121] {processor.py:161} INFO - Processing /home/airflow/.local/lib/python3.7/site-packages/airflow/example_dags/example_skip_dag.py took 2.230 seconds
[2023-07-12 00:33:42,814] {processor.py:153} INFO - Started process (PID=416) to work on /home/airflow/.local/lib/python3.7/site-packages/airflow/example_dags/example_skip_dag.py
[2023-07-12 00:33:42,825] {processor.py:641} INFO - Processing file /home/airflow/.local/lib/python3.7/site-packages/airflow/example_dags/example_skip_dag.py for tasks to queue
[2023-07-12 00:33:42,828] {logging_mixin.py:115} INFO - [2023-07-12 00:33:42,828] {dagbag.py:508} INFO - Filling up the DagBag from /home/airflow/.local/lib/python3.7/site-packages/airflow/example_dags/example_skip_dag.py
[2023-07-12 00:33:42,856] {processor.py:651} INFO - DAG(s) dict_keys(['example_skip_dag']) retrieved from /home/airflow/.local/lib/python3.7/site-packages/airflow/example_dags/example_skip_dag.py
[2023-07-12 00:33:43,139] {logging_mixin.py:115} INFO - [2023-07-12 00:33:43,139] {dag.py:2420} INFO - Sync 1 DAGs
[2023-07-12 00:33:44,490] {logging_mixin.py:115} INFO - [2023-07-12 00:33:44,490] {dag.py:2972} INFO - Setting next_dagrun for example_skip_dag to 2023-07-11T00:33:44.489662+00:00, run_after=2023-07-12T00:33:44.489662+00:00
[2023-07-12 00:33:44,743] {processor.py:161} INFO - Processing /home/airflow/.local/lib/python3.7/site-packages/airflow/example_dags/example_skip_dag.py took 1.934 seconds
[2023-07-12 00:34:18,349] {processor.py:153} INFO - Started process (PID=510) to work on /home/airflow/.local/lib/python3.7/site-packages/airflow/example_dags/example_skip_dag.py
[2023-07-12 00:34:18,352] {processor.py:641} INFO - Processing file /home/airflow/.local/lib/python3.7/site-packages/airflow/example_dags/example_skip_dag.py for tasks to queue
[2023-07-12 00:34:18,359] {logging_mixin.py:115} INFO - [2023-07-12 00:34:18,359] {dagbag.py:508} INFO - Filling up the DagBag from /home/airflow/.local/lib/python3.7/site-packages/airflow/example_dags/example_skip_dag.py
[2023-07-12 00:34:18,394] {processor.py:651} INFO - DAG(s) dict_keys(['example_skip_dag']) retrieved from /home/airflow/.local/lib/python3.7/site-packages/airflow/example_dags/example_skip_dag.py
[2023-07-12 00:34:18,711] {logging_mixin.py:115} INFO - [2023-07-12 00:34:18,710] {dag.py:2420} INFO - Sync 1 DAGs
[2023-07-12 00:34:20,247] {logging_mixin.py:115} INFO - [2023-07-12 00:34:20,247] {dag.py:2972} INFO - Setting next_dagrun for example_skip_dag to 2023-07-11T00:34:20.246695+00:00, run_after=2023-07-12T00:34:20.246695+00:00
[2023-07-12 00:34:20,376] {processor.py:161} INFO - Processing /home/airflow/.local/lib/python3.7/site-packages/airflow/example_dags/example_skip_dag.py took 2.041 seconds
[2023-07-12 00:34:50,516] {processor.py:153} INFO - Started process (PID=564) to work on /home/airflow/.local/lib/python3.7/site-packages/airflow/example_dags/example_skip_dag.py
[2023-07-12 00:34:50,517] {processor.py:641} INFO - Processing file /home/airflow/.local/lib/python3.7/site-packages/airflow/example_dags/example_skip_dag.py for tasks to queue
[2023-07-12 00:34:50,518] {logging_mixin.py:115} INFO - [2023-07-12 00:34:50,517] {dagbag.py:508} INFO - Filling up the DagBag from /home/airflow/.local/lib/python3.7/site-packages/airflow/example_dags/example_skip_dag.py
[2023-07-12 00:34:50,524] {processor.py:651} INFO - DAG(s) dict_keys(['example_skip_dag']) retrieved from /home/airflow/.local/lib/python3.7/site-packages/airflow/example_dags/example_skip_dag.py
[2023-07-12 00:34:50,570] {logging_mixin.py:115} INFO - [2023-07-12 00:34:50,569] {dag.py:2420} INFO - Sync 1 DAGs
[2023-07-12 00:34:51,007] {logging_mixin.py:115} INFO - [2023-07-12 00:34:51,007] {dag.py:2972} INFO - Setting next_dagrun for example_skip_dag to 2023-07-11T00:34:51.007050+00:00, run_after=2023-07-12T00:34:51.007050+00:00
[2023-07-12 00:34:51,038] {processor.py:161} INFO - Processing /home/airflow/.local/lib/python3.7/site-packages/airflow/example_dags/example_skip_dag.py took 0.525 seconds
[2023-07-12 00:35:21,134] {processor.py:153} INFO - Started process (PID=616) to work on /home/airflow/.local/lib/python3.7/site-packages/airflow/example_dags/example_skip_dag.py
[2023-07-12 00:35:21,143] {processor.py:641} INFO - Processing file /home/airflow/.local/lib/python3.7/site-packages/airflow/example_dags/example_skip_dag.py for tasks to queue
[2023-07-12 00:35:21,144] {logging_mixin.py:115} INFO - [2023-07-12 00:35:21,144] {dagbag.py:508} INFO - Filling up the DagBag from /home/airflow/.local/lib/python3.7/site-packages/airflow/example_dags/example_skip_dag.py
[2023-07-12 00:35:21,179] {processor.py:651} INFO - DAG(s) dict_keys(['example_skip_dag']) retrieved from /home/airflow/.local/lib/python3.7/site-packages/airflow/example_dags/example_skip_dag.py
[2023-07-12 00:35:21,265] {logging_mixin.py:115} INFO - [2023-07-12 00:35:21,265] {dag.py:2420} INFO - Sync 1 DAGs
[2023-07-12 00:35:21,568] {logging_mixin.py:115} INFO - [2023-07-12 00:35:21,567] {dag.py:2972} INFO - Setting next_dagrun for example_skip_dag to 2023-07-11T00:35:21.567560+00:00, run_after=2023-07-12T00:35:21.567560+00:00
[2023-07-12 00:35:21,620] {processor.py:161} INFO - Processing /home/airflow/.local/lib/python3.7/site-packages/airflow/example_dags/example_skip_dag.py took 0.502 seconds
