[2023-07-12 00:20:41,856] {processor.py:153} INFO - Started process (PID=41) to work on /home/airflow/.local/lib/python3.7/site-packages/airflow/example_dags/example_sla_dag.py
[2023-07-12 00:20:41,858] {processor.py:641} INFO - Processing file /home/airflow/.local/lib/python3.7/site-packages/airflow/example_dags/example_sla_dag.py for tasks to queue
[2023-07-12 00:20:41,859] {logging_mixin.py:115} INFO - [2023-07-12 00:20:41,859] {dagbag.py:508} INFO - Filling up the DagBag from /home/airflow/.local/lib/python3.7/site-packages/airflow/example_dags/example_sla_dag.py
[2023-07-12 00:20:42,020] {processor.py:651} INFO - DAG(s) dict_keys(['example_sla_dag']) retrieved from /home/airflow/.local/lib/python3.7/site-packages/airflow/example_dags/example_sla_dag.py
[2023-07-12 00:20:42,141] {logging_mixin.py:115} INFO - [2023-07-12 00:20:42,141] {dag.py:2420} INFO - Sync 1 DAGs
[2023-07-12 00:20:42,525] {logging_mixin.py:115} INFO - [2023-07-12 00:20:42,525] {dag.py:2972} INFO - Setting next_dagrun for example_sla_dag to 2023-07-12T00:18:00+00:00, run_after=2023-07-12T00:20:00+00:00
[2023-07-12 00:20:42,558] {processor.py:161} INFO - Processing /home/airflow/.local/lib/python3.7/site-packages/airflow/example_dags/example_sla_dag.py took 0.771 seconds
[2023-07-12 00:21:12,832] {processor.py:153} INFO - Started process (PID=93) to work on /home/airflow/.local/lib/python3.7/site-packages/airflow/example_dags/example_sla_dag.py
[2023-07-12 00:21:12,835] {processor.py:641} INFO - Processing file /home/airflow/.local/lib/python3.7/site-packages/airflow/example_dags/example_sla_dag.py for tasks to queue
[2023-07-12 00:21:12,836] {logging_mixin.py:115} INFO - [2023-07-12 00:21:12,836] {dagbag.py:508} INFO - Filling up the DagBag from /home/airflow/.local/lib/python3.7/site-packages/airflow/example_dags/example_sla_dag.py
[2023-07-12 00:21:12,878] {processor.py:651} INFO - DAG(s) dict_keys(['example_sla_dag']) retrieved from /home/airflow/.local/lib/python3.7/site-packages/airflow/example_dags/example_sla_dag.py
[2023-07-12 00:21:13,168] {logging_mixin.py:115} INFO - [2023-07-12 00:21:13,168] {dag.py:2420} INFO - Sync 1 DAGs
[2023-07-12 00:21:13,213] {logging_mixin.py:115} INFO - [2023-07-12 00:21:13,212] {dag.py:2972} INFO - Setting next_dagrun for example_sla_dag to 2023-07-12T00:18:00+00:00, run_after=2023-07-12T00:20:00+00:00
[2023-07-12 00:21:13,246] {processor.py:161} INFO - Processing /home/airflow/.local/lib/python3.7/site-packages/airflow/example_dags/example_sla_dag.py took 0.418 seconds
[2023-07-12 00:21:43,376] {processor.py:153} INFO - Started process (PID=145) to work on /home/airflow/.local/lib/python3.7/site-packages/airflow/example_dags/example_sla_dag.py
[2023-07-12 00:21:43,377] {processor.py:641} INFO - Processing file /home/airflow/.local/lib/python3.7/site-packages/airflow/example_dags/example_sla_dag.py for tasks to queue
[2023-07-12 00:21:43,378] {logging_mixin.py:115} INFO - [2023-07-12 00:21:43,378] {dagbag.py:508} INFO - Filling up the DagBag from /home/airflow/.local/lib/python3.7/site-packages/airflow/example_dags/example_sla_dag.py
[2023-07-12 00:21:43,417] {processor.py:651} INFO - DAG(s) dict_keys(['example_sla_dag']) retrieved from /home/airflow/.local/lib/python3.7/site-packages/airflow/example_dags/example_sla_dag.py
[2023-07-12 00:21:43,668] {logging_mixin.py:115} INFO - [2023-07-12 00:21:43,668] {dag.py:2420} INFO - Sync 1 DAGs
[2023-07-12 00:21:43,725] {logging_mixin.py:115} INFO - [2023-07-12 00:21:43,724] {dag.py:2972} INFO - Setting next_dagrun for example_sla_dag to 2023-07-12T00:18:00+00:00, run_after=2023-07-12T00:20:00+00:00
[2023-07-12 00:21:43,750] {processor.py:161} INFO - Processing /home/airflow/.local/lib/python3.7/site-packages/airflow/example_dags/example_sla_dag.py took 0.380 seconds
[2023-07-12 00:22:14,064] {processor.py:153} INFO - Started process (PID=196) to work on /home/airflow/.local/lib/python3.7/site-packages/airflow/example_dags/example_sla_dag.py
[2023-07-12 00:22:14,066] {processor.py:641} INFO - Processing file /home/airflow/.local/lib/python3.7/site-packages/airflow/example_dags/example_sla_dag.py for tasks to queue
[2023-07-12 00:22:14,067] {logging_mixin.py:115} INFO - [2023-07-12 00:22:14,067] {dagbag.py:508} INFO - Filling up the DagBag from /home/airflow/.local/lib/python3.7/site-packages/airflow/example_dags/example_sla_dag.py
[2023-07-12 00:22:14,103] {processor.py:651} INFO - DAG(s) dict_keys(['example_sla_dag']) retrieved from /home/airflow/.local/lib/python3.7/site-packages/airflow/example_dags/example_sla_dag.py
[2023-07-12 00:22:14,390] {logging_mixin.py:115} INFO - [2023-07-12 00:22:14,390] {dag.py:2420} INFO - Sync 1 DAGs
[2023-07-12 00:22:14,437] {logging_mixin.py:115} INFO - [2023-07-12 00:22:14,437] {dag.py:2972} INFO - Setting next_dagrun for example_sla_dag to 2023-07-12T00:20:00+00:00, run_after=2023-07-12T00:22:00+00:00
[2023-07-12 00:22:14,457] {processor.py:161} INFO - Processing /home/airflow/.local/lib/python3.7/site-packages/airflow/example_dags/example_sla_dag.py took 0.397 seconds
[2023-07-12 00:22:44,807] {processor.py:153} INFO - Started process (PID=248) to work on /home/airflow/.local/lib/python3.7/site-packages/airflow/example_dags/example_sla_dag.py
[2023-07-12 00:22:44,807] {processor.py:641} INFO - Processing file /home/airflow/.local/lib/python3.7/site-packages/airflow/example_dags/example_sla_dag.py for tasks to queue
[2023-07-12 00:22:44,808] {logging_mixin.py:115} INFO - [2023-07-12 00:22:44,808] {dagbag.py:508} INFO - Filling up the DagBag from /home/airflow/.local/lib/python3.7/site-packages/airflow/example_dags/example_sla_dag.py
[2023-07-12 00:22:44,840] {processor.py:651} INFO - DAG(s) dict_keys(['example_sla_dag']) retrieved from /home/airflow/.local/lib/python3.7/site-packages/airflow/example_dags/example_sla_dag.py
[2023-07-12 00:22:45,152] {logging_mixin.py:115} INFO - [2023-07-12 00:22:45,152] {dag.py:2420} INFO - Sync 1 DAGs
[2023-07-12 00:22:45,219] {logging_mixin.py:115} INFO - [2023-07-12 00:22:45,219] {dag.py:2972} INFO - Setting next_dagrun for example_sla_dag to 2023-07-12T00:20:00+00:00, run_after=2023-07-12T00:22:00+00:00
[2023-07-12 00:22:45,255] {processor.py:161} INFO - Processing /home/airflow/.local/lib/python3.7/site-packages/airflow/example_dags/example_sla_dag.py took 0.453 seconds
[2023-07-12 00:23:15,366] {processor.py:153} INFO - Started process (PID=299) to work on /home/airflow/.local/lib/python3.7/site-packages/airflow/example_dags/example_sla_dag.py
[2023-07-12 00:23:15,367] {processor.py:641} INFO - Processing file /home/airflow/.local/lib/python3.7/site-packages/airflow/example_dags/example_sla_dag.py for tasks to queue
[2023-07-12 00:23:15,369] {logging_mixin.py:115} INFO - [2023-07-12 00:23:15,368] {dagbag.py:508} INFO - Filling up the DagBag from /home/airflow/.local/lib/python3.7/site-packages/airflow/example_dags/example_sla_dag.py
[2023-07-12 00:23:15,412] {processor.py:651} INFO - DAG(s) dict_keys(['example_sla_dag']) retrieved from /home/airflow/.local/lib/python3.7/site-packages/airflow/example_dags/example_sla_dag.py
[2023-07-12 00:23:15,735] {logging_mixin.py:115} INFO - [2023-07-12 00:23:15,734] {dag.py:2420} INFO - Sync 1 DAGs
[2023-07-12 00:23:15,823] {logging_mixin.py:115} INFO - [2023-07-12 00:23:15,822] {dag.py:2972} INFO - Setting next_dagrun for example_sla_dag to 2023-07-12T00:20:00+00:00, run_after=2023-07-12T00:22:00+00:00
[2023-07-12 00:23:15,859] {processor.py:161} INFO - Processing /home/airflow/.local/lib/python3.7/site-packages/airflow/example_dags/example_sla_dag.py took 0.501 seconds
[2023-07-12 00:23:46,115] {processor.py:153} INFO - Started process (PID=352) to work on /home/airflow/.local/lib/python3.7/site-packages/airflow/example_dags/example_sla_dag.py
[2023-07-12 00:23:46,116] {processor.py:641} INFO - Processing file /home/airflow/.local/lib/python3.7/site-packages/airflow/example_dags/example_sla_dag.py for tasks to queue
[2023-07-12 00:23:46,117] {logging_mixin.py:115} INFO - [2023-07-12 00:23:46,117] {dagbag.py:508} INFO - Filling up the DagBag from /home/airflow/.local/lib/python3.7/site-packages/airflow/example_dags/example_sla_dag.py
[2023-07-12 00:23:46,142] {processor.py:651} INFO - DAG(s) dict_keys(['example_sla_dag']) retrieved from /home/airflow/.local/lib/python3.7/site-packages/airflow/example_dags/example_sla_dag.py
[2023-07-12 00:23:46,460] {logging_mixin.py:115} INFO - [2023-07-12 00:23:46,460] {dag.py:2420} INFO - Sync 1 DAGs
[2023-07-12 00:23:46,597] {logging_mixin.py:115} INFO - [2023-07-12 00:23:46,597] {dag.py:2972} INFO - Setting next_dagrun for example_sla_dag to 2023-07-12T00:20:00+00:00, run_after=2023-07-12T00:22:00+00:00
[2023-07-12 00:23:46,639] {processor.py:161} INFO - Processing /home/airflow/.local/lib/python3.7/site-packages/airflow/example_dags/example_sla_dag.py took 0.528 seconds
[2023-07-12 00:24:17,625] {processor.py:153} INFO - Started process (PID=404) to work on /home/airflow/.local/lib/python3.7/site-packages/airflow/example_dags/example_sla_dag.py
[2023-07-12 00:24:17,626] {processor.py:641} INFO - Processing file /home/airflow/.local/lib/python3.7/site-packages/airflow/example_dags/example_sla_dag.py for tasks to queue
[2023-07-12 00:24:17,627] {logging_mixin.py:115} INFO - [2023-07-12 00:24:17,626] {dagbag.py:508} INFO - Filling up the DagBag from /home/airflow/.local/lib/python3.7/site-packages/airflow/example_dags/example_sla_dag.py
[2023-07-12 00:24:17,659] {processor.py:651} INFO - DAG(s) dict_keys(['example_sla_dag']) retrieved from /home/airflow/.local/lib/python3.7/site-packages/airflow/example_dags/example_sla_dag.py
[2023-07-12 00:24:17,965] {logging_mixin.py:115} INFO - [2023-07-12 00:24:17,965] {dag.py:2420} INFO - Sync 1 DAGs
[2023-07-12 00:24:18,032] {logging_mixin.py:115} INFO - [2023-07-12 00:24:18,032] {dag.py:2972} INFO - Setting next_dagrun for example_sla_dag to 2023-07-12T00:22:00+00:00, run_after=2023-07-12T00:24:00+00:00
[2023-07-12 00:24:18,059] {processor.py:161} INFO - Processing /home/airflow/.local/lib/python3.7/site-packages/airflow/example_dags/example_sla_dag.py took 0.440 seconds
[2023-07-12 00:24:48,241] {processor.py:153} INFO - Started process (PID=465) to work on /home/airflow/.local/lib/python3.7/site-packages/airflow/example_dags/example_sla_dag.py
[2023-07-12 00:24:48,242] {processor.py:641} INFO - Processing file /home/airflow/.local/lib/python3.7/site-packages/airflow/example_dags/example_sla_dag.py for tasks to queue
[2023-07-12 00:24:48,243] {logging_mixin.py:115} INFO - [2023-07-12 00:24:48,243] {dagbag.py:508} INFO - Filling up the DagBag from /home/airflow/.local/lib/python3.7/site-packages/airflow/example_dags/example_sla_dag.py
[2023-07-12 00:24:48,268] {processor.py:651} INFO - DAG(s) dict_keys(['example_sla_dag']) retrieved from /home/airflow/.local/lib/python3.7/site-packages/airflow/example_dags/example_sla_dag.py
[2023-07-12 00:24:48,492] {logging_mixin.py:115} INFO - [2023-07-12 00:24:48,492] {dag.py:2420} INFO - Sync 1 DAGs
[2023-07-12 00:24:48,546] {logging_mixin.py:115} INFO - [2023-07-12 00:24:48,546] {dag.py:2972} INFO - Setting next_dagrun for example_sla_dag to 2023-07-12T00:22:00+00:00, run_after=2023-07-12T00:24:00+00:00
[2023-07-12 00:24:48,569] {processor.py:161} INFO - Processing /home/airflow/.local/lib/python3.7/site-packages/airflow/example_dags/example_sla_dag.py took 0.331 seconds
[2023-07-12 00:25:19,169] {processor.py:153} INFO - Started process (PID=517) to work on /home/airflow/.local/lib/python3.7/site-packages/airflow/example_dags/example_sla_dag.py
[2023-07-12 00:25:19,170] {processor.py:641} INFO - Processing file /home/airflow/.local/lib/python3.7/site-packages/airflow/example_dags/example_sla_dag.py for tasks to queue
[2023-07-12 00:25:19,170] {logging_mixin.py:115} INFO - [2023-07-12 00:25:19,170] {dagbag.py:508} INFO - Filling up the DagBag from /home/airflow/.local/lib/python3.7/site-packages/airflow/example_dags/example_sla_dag.py
[2023-07-12 00:25:19,219] {processor.py:651} INFO - DAG(s) dict_keys(['example_sla_dag']) retrieved from /home/airflow/.local/lib/python3.7/site-packages/airflow/example_dags/example_sla_dag.py
[2023-07-12 00:25:19,690] {logging_mixin.py:115} INFO - [2023-07-12 00:25:19,690] {dag.py:2420} INFO - Sync 1 DAGs
[2023-07-12 00:25:19,784] {logging_mixin.py:115} INFO - [2023-07-12 00:25:19,784] {dag.py:2972} INFO - Setting next_dagrun for example_sla_dag to 2023-07-12T00:22:00+00:00, run_after=2023-07-12T00:24:00+00:00
[2023-07-12 00:25:19,832] {processor.py:161} INFO - Processing /home/airflow/.local/lib/python3.7/site-packages/airflow/example_dags/example_sla_dag.py took 0.668 seconds
[2023-07-12 00:25:50,228] {processor.py:153} INFO - Started process (PID=569) to work on /home/airflow/.local/lib/python3.7/site-packages/airflow/example_dags/example_sla_dag.py
[2023-07-12 00:25:50,229] {processor.py:641} INFO - Processing file /home/airflow/.local/lib/python3.7/site-packages/airflow/example_dags/example_sla_dag.py for tasks to queue
[2023-07-12 00:25:50,229] {logging_mixin.py:115} INFO - [2023-07-12 00:25:50,229] {dagbag.py:508} INFO - Filling up the DagBag from /home/airflow/.local/lib/python3.7/site-packages/airflow/example_dags/example_sla_dag.py
[2023-07-12 00:25:50,279] {processor.py:651} INFO - DAG(s) dict_keys(['example_sla_dag']) retrieved from /home/airflow/.local/lib/python3.7/site-packages/airflow/example_dags/example_sla_dag.py
[2023-07-12 00:25:50,567] {logging_mixin.py:115} INFO - [2023-07-12 00:25:50,567] {dag.py:2420} INFO - Sync 1 DAGs
[2023-07-12 00:25:50,623] {logging_mixin.py:115} INFO - [2023-07-12 00:25:50,623] {dag.py:2972} INFO - Setting next_dagrun for example_sla_dag to 2023-07-12T00:22:00+00:00, run_after=2023-07-12T00:24:00+00:00
[2023-07-12 00:25:50,641] {processor.py:161} INFO - Processing /home/airflow/.local/lib/python3.7/site-packages/airflow/example_dags/example_sla_dag.py took 0.417 seconds
[2023-07-12 00:26:20,781] {processor.py:153} INFO - Started process (PID=621) to work on /home/airflow/.local/lib/python3.7/site-packages/airflow/example_dags/example_sla_dag.py
[2023-07-12 00:26:20,782] {processor.py:641} INFO - Processing file /home/airflow/.local/lib/python3.7/site-packages/airflow/example_dags/example_sla_dag.py for tasks to queue
[2023-07-12 00:26:20,782] {logging_mixin.py:115} INFO - [2023-07-12 00:26:20,782] {dagbag.py:508} INFO - Filling up the DagBag from /home/airflow/.local/lib/python3.7/site-packages/airflow/example_dags/example_sla_dag.py
[2023-07-12 00:26:20,873] {processor.py:651} INFO - DAG(s) dict_keys(['example_sla_dag']) retrieved from /home/airflow/.local/lib/python3.7/site-packages/airflow/example_dags/example_sla_dag.py
[2023-07-12 00:26:21,199] {logging_mixin.py:115} INFO - [2023-07-12 00:26:21,199] {dag.py:2420} INFO - Sync 1 DAGs
[2023-07-12 00:26:21,244] {logging_mixin.py:115} INFO - [2023-07-12 00:26:21,244] {dag.py:2972} INFO - Setting next_dagrun for example_sla_dag to 2023-07-12T00:24:00+00:00, run_after=2023-07-12T00:26:00+00:00
[2023-07-12 00:26:21,262] {processor.py:161} INFO - Processing /home/airflow/.local/lib/python3.7/site-packages/airflow/example_dags/example_sla_dag.py took 0.485 seconds
[2023-07-12 00:26:51,291] {processor.py:153} INFO - Started process (PID=682) to work on /home/airflow/.local/lib/python3.7/site-packages/airflow/example_dags/example_sla_dag.py
[2023-07-12 00:26:51,292] {processor.py:641} INFO - Processing file /home/airflow/.local/lib/python3.7/site-packages/airflow/example_dags/example_sla_dag.py for tasks to queue
[2023-07-12 00:26:51,293] {logging_mixin.py:115} INFO - [2023-07-12 00:26:51,292] {dagbag.py:508} INFO - Filling up the DagBag from /home/airflow/.local/lib/python3.7/site-packages/airflow/example_dags/example_sla_dag.py
[2023-07-12 00:26:51,320] {processor.py:651} INFO - DAG(s) dict_keys(['example_sla_dag']) retrieved from /home/airflow/.local/lib/python3.7/site-packages/airflow/example_dags/example_sla_dag.py
[2023-07-12 00:26:51,533] {logging_mixin.py:115} INFO - [2023-07-12 00:26:51,533] {dag.py:2420} INFO - Sync 1 DAGs
[2023-07-12 00:26:51,581] {logging_mixin.py:115} INFO - [2023-07-12 00:26:51,581] {dag.py:2972} INFO - Setting next_dagrun for example_sla_dag to 2023-07-12T00:24:00+00:00, run_after=2023-07-12T00:26:00+00:00
[2023-07-12 00:26:51,601] {processor.py:161} INFO - Processing /home/airflow/.local/lib/python3.7/site-packages/airflow/example_dags/example_sla_dag.py took 0.313 seconds
[2023-07-12 00:27:21,961] {processor.py:153} INFO - Started process (PID=734) to work on /home/airflow/.local/lib/python3.7/site-packages/airflow/example_dags/example_sla_dag.py
[2023-07-12 00:27:21,963] {processor.py:641} INFO - Processing file /home/airflow/.local/lib/python3.7/site-packages/airflow/example_dags/example_sla_dag.py for tasks to queue
[2023-07-12 00:27:21,963] {logging_mixin.py:115} INFO - [2023-07-12 00:27:21,963] {dagbag.py:508} INFO - Filling up the DagBag from /home/airflow/.local/lib/python3.7/site-packages/airflow/example_dags/example_sla_dag.py
[2023-07-12 00:27:22,005] {processor.py:651} INFO - DAG(s) dict_keys(['example_sla_dag']) retrieved from /home/airflow/.local/lib/python3.7/site-packages/airflow/example_dags/example_sla_dag.py
[2023-07-12 00:27:22,232] {logging_mixin.py:115} INFO - [2023-07-12 00:27:22,232] {dag.py:2420} INFO - Sync 1 DAGs
[2023-07-12 00:27:22,282] {logging_mixin.py:115} INFO - [2023-07-12 00:27:22,282] {dag.py:2972} INFO - Setting next_dagrun for example_sla_dag to 2023-07-12T00:24:00+00:00, run_after=2023-07-12T00:26:00+00:00
[2023-07-12 00:27:22,304] {processor.py:161} INFO - Processing /home/airflow/.local/lib/python3.7/site-packages/airflow/example_dags/example_sla_dag.py took 0.348 seconds
[2023-07-12 00:27:53,091] {processor.py:153} INFO - Started process (PID=787) to work on /home/airflow/.local/lib/python3.7/site-packages/airflow/example_dags/example_sla_dag.py
[2023-07-12 00:27:53,092] {processor.py:641} INFO - Processing file /home/airflow/.local/lib/python3.7/site-packages/airflow/example_dags/example_sla_dag.py for tasks to queue
[2023-07-12 00:27:53,093] {logging_mixin.py:115} INFO - [2023-07-12 00:27:53,092] {dagbag.py:508} INFO - Filling up the DagBag from /home/airflow/.local/lib/python3.7/site-packages/airflow/example_dags/example_sla_dag.py
[2023-07-12 00:27:53,118] {processor.py:651} INFO - DAG(s) dict_keys(['example_sla_dag']) retrieved from /home/airflow/.local/lib/python3.7/site-packages/airflow/example_dags/example_sla_dag.py
[2023-07-12 00:27:53,290] {logging_mixin.py:115} INFO - [2023-07-12 00:27:53,290] {dag.py:2420} INFO - Sync 1 DAGs
[2023-07-12 00:27:53,322] {logging_mixin.py:115} INFO - [2023-07-12 00:27:53,322] {dag.py:2972} INFO - Setting next_dagrun for example_sla_dag to 2023-07-12T00:24:00+00:00, run_after=2023-07-12T00:26:00+00:00
[2023-07-12 00:27:53,338] {processor.py:161} INFO - Processing /home/airflow/.local/lib/python3.7/site-packages/airflow/example_dags/example_sla_dag.py took 0.250 seconds
[2023-07-12 00:28:23,388] {processor.py:153} INFO - Started process (PID=847) to work on /home/airflow/.local/lib/python3.7/site-packages/airflow/example_dags/example_sla_dag.py
[2023-07-12 00:28:23,388] {processor.py:641} INFO - Processing file /home/airflow/.local/lib/python3.7/site-packages/airflow/example_dags/example_sla_dag.py for tasks to queue
[2023-07-12 00:28:23,389] {logging_mixin.py:115} INFO - [2023-07-12 00:28:23,389] {dagbag.py:508} INFO - Filling up the DagBag from /home/airflow/.local/lib/python3.7/site-packages/airflow/example_dags/example_sla_dag.py
[2023-07-12 00:28:23,415] {processor.py:651} INFO - DAG(s) dict_keys(['example_sla_dag']) retrieved from /home/airflow/.local/lib/python3.7/site-packages/airflow/example_dags/example_sla_dag.py
[2023-07-12 00:28:23,625] {logging_mixin.py:115} INFO - [2023-07-12 00:28:23,625] {dag.py:2420} INFO - Sync 1 DAGs
[2023-07-12 00:28:23,661] {logging_mixin.py:115} INFO - [2023-07-12 00:28:23,661] {dag.py:2972} INFO - Setting next_dagrun for example_sla_dag to 2023-07-12T00:26:00+00:00, run_after=2023-07-12T00:28:00+00:00
[2023-07-12 00:28:23,674] {processor.py:161} INFO - Processing /home/airflow/.local/lib/python3.7/site-packages/airflow/example_dags/example_sla_dag.py took 0.290 seconds
[2023-07-12 00:28:54,156] {processor.py:153} INFO - Started process (PID=900) to work on /home/airflow/.local/lib/python3.7/site-packages/airflow/example_dags/example_sla_dag.py
[2023-07-12 00:28:54,157] {processor.py:641} INFO - Processing file /home/airflow/.local/lib/python3.7/site-packages/airflow/example_dags/example_sla_dag.py for tasks to queue
[2023-07-12 00:28:54,158] {logging_mixin.py:115} INFO - [2023-07-12 00:28:54,157] {dagbag.py:508} INFO - Filling up the DagBag from /home/airflow/.local/lib/python3.7/site-packages/airflow/example_dags/example_sla_dag.py
[2023-07-12 00:28:54,204] {processor.py:651} INFO - DAG(s) dict_keys(['example_sla_dag']) retrieved from /home/airflow/.local/lib/python3.7/site-packages/airflow/example_dags/example_sla_dag.py
[2023-07-12 00:28:54,519] {logging_mixin.py:115} INFO - [2023-07-12 00:28:54,519] {dag.py:2420} INFO - Sync 1 DAGs
[2023-07-12 00:28:54,594] {logging_mixin.py:115} INFO - [2023-07-12 00:28:54,594] {dag.py:2972} INFO - Setting next_dagrun for example_sla_dag to 2023-07-12T00:26:00+00:00, run_after=2023-07-12T00:28:00+00:00
[2023-07-12 00:28:54,623] {processor.py:161} INFO - Processing /home/airflow/.local/lib/python3.7/site-packages/airflow/example_dags/example_sla_dag.py took 0.471 seconds
[2023-07-12 00:29:24,813] {processor.py:153} INFO - Started process (PID=960) to work on /home/airflow/.local/lib/python3.7/site-packages/airflow/example_dags/example_sla_dag.py
[2023-07-12 00:29:24,825] {processor.py:641} INFO - Processing file /home/airflow/.local/lib/python3.7/site-packages/airflow/example_dags/example_sla_dag.py for tasks to queue
[2023-07-12 00:29:24,827] {logging_mixin.py:115} INFO - [2023-07-12 00:29:24,826] {dagbag.py:508} INFO - Filling up the DagBag from /home/airflow/.local/lib/python3.7/site-packages/airflow/example_dags/example_sla_dag.py
[2023-07-12 00:29:24,942] {processor.py:651} INFO - DAG(s) dict_keys(['example_sla_dag']) retrieved from /home/airflow/.local/lib/python3.7/site-packages/airflow/example_dags/example_sla_dag.py
[2023-07-12 00:29:25,512] {logging_mixin.py:115} INFO - [2023-07-12 00:29:25,512] {dag.py:2420} INFO - Sync 1 DAGs
[2023-07-12 00:29:25,625] {logging_mixin.py:115} INFO - [2023-07-12 00:29:25,625] {dag.py:2972} INFO - Setting next_dagrun for example_sla_dag to 2023-07-12T00:26:00+00:00, run_after=2023-07-12T00:28:00+00:00
[2023-07-12 00:29:25,676] {processor.py:161} INFO - Processing /home/airflow/.local/lib/python3.7/site-packages/airflow/example_dags/example_sla_dag.py took 0.916 seconds
[2023-07-12 00:30:31,300] {processor.py:153} INFO - Started process (PID=43) to work on /home/airflow/.local/lib/python3.7/site-packages/airflow/example_dags/example_sla_dag.py
[2023-07-12 00:30:31,302] {processor.py:641} INFO - Processing file /home/airflow/.local/lib/python3.7/site-packages/airflow/example_dags/example_sla_dag.py for tasks to queue
[2023-07-12 00:30:31,303] {logging_mixin.py:115} INFO - [2023-07-12 00:30:31,303] {dagbag.py:508} INFO - Filling up the DagBag from /home/airflow/.local/lib/python3.7/site-packages/airflow/example_dags/example_sla_dag.py
[2023-07-12 00:30:31,337] {processor.py:651} INFO - DAG(s) dict_keys(['example_sla_dag']) retrieved from /home/airflow/.local/lib/python3.7/site-packages/airflow/example_dags/example_sla_dag.py
[2023-07-12 00:30:31,404] {logging_mixin.py:115} INFO - [2023-07-12 00:30:31,403] {dag.py:2420} INFO - Sync 1 DAGs
[2023-07-12 00:30:31,963] {logging_mixin.py:115} INFO - [2023-07-12 00:30:31,962] {dag.py:2972} INFO - Setting next_dagrun for example_sla_dag to 2023-07-12T00:28:00+00:00, run_after=2023-07-12T00:30:00+00:00
[2023-07-12 00:30:31,995] {processor.py:161} INFO - Processing /home/airflow/.local/lib/python3.7/site-packages/airflow/example_dags/example_sla_dag.py took 0.699 seconds
[2023-07-12 00:31:02,050] {processor.py:153} INFO - Started process (PID=95) to work on /home/airflow/.local/lib/python3.7/site-packages/airflow/example_dags/example_sla_dag.py
[2023-07-12 00:31:02,051] {processor.py:641} INFO - Processing file /home/airflow/.local/lib/python3.7/site-packages/airflow/example_dags/example_sla_dag.py for tasks to queue
[2023-07-12 00:31:02,052] {logging_mixin.py:115} INFO - [2023-07-12 00:31:02,052] {dagbag.py:508} INFO - Filling up the DagBag from /home/airflow/.local/lib/python3.7/site-packages/airflow/example_dags/example_sla_dag.py
[2023-07-12 00:31:02,075] {processor.py:651} INFO - DAG(s) dict_keys(['example_sla_dag']) retrieved from /home/airflow/.local/lib/python3.7/site-packages/airflow/example_dags/example_sla_dag.py
[2023-07-12 00:31:02,291] {logging_mixin.py:115} INFO - [2023-07-12 00:31:02,291] {dag.py:2420} INFO - Sync 1 DAGs
[2023-07-12 00:31:02,322] {logging_mixin.py:115} INFO - [2023-07-12 00:31:02,322] {dag.py:2972} INFO - Setting next_dagrun for example_sla_dag to 2023-07-12T00:28:00+00:00, run_after=2023-07-12T00:30:00+00:00
[2023-07-12 00:31:02,335] {processor.py:161} INFO - Processing /home/airflow/.local/lib/python3.7/site-packages/airflow/example_dags/example_sla_dag.py took 0.289 seconds
[2023-07-12 00:31:33,087] {processor.py:153} INFO - Started process (PID=148) to work on /home/airflow/.local/lib/python3.7/site-packages/airflow/example_dags/example_sla_dag.py
[2023-07-12 00:31:33,088] {processor.py:641} INFO - Processing file /home/airflow/.local/lib/python3.7/site-packages/airflow/example_dags/example_sla_dag.py for tasks to queue
[2023-07-12 00:31:33,088] {logging_mixin.py:115} INFO - [2023-07-12 00:31:33,088] {dagbag.py:508} INFO - Filling up the DagBag from /home/airflow/.local/lib/python3.7/site-packages/airflow/example_dags/example_sla_dag.py
[2023-07-12 00:31:33,117] {processor.py:651} INFO - DAG(s) dict_keys(['example_sla_dag']) retrieved from /home/airflow/.local/lib/python3.7/site-packages/airflow/example_dags/example_sla_dag.py
[2023-07-12 00:31:33,346] {logging_mixin.py:115} INFO - [2023-07-12 00:31:33,346] {dag.py:2420} INFO - Sync 1 DAGs
[2023-07-12 00:31:33,379] {logging_mixin.py:115} INFO - [2023-07-12 00:31:33,379] {dag.py:2972} INFO - Setting next_dagrun for example_sla_dag to 2023-07-12T00:28:00+00:00, run_after=2023-07-12T00:30:00+00:00
[2023-07-12 00:31:33,393] {processor.py:161} INFO - Processing /home/airflow/.local/lib/python3.7/site-packages/airflow/example_dags/example_sla_dag.py took 0.310 seconds
[2023-07-12 00:32:04,218] {processor.py:153} INFO - Started process (PID=209) to work on /home/airflow/.local/lib/python3.7/site-packages/airflow/example_dags/example_sla_dag.py
[2023-07-12 00:32:04,225] {processor.py:641} INFO - Processing file /home/airflow/.local/lib/python3.7/site-packages/airflow/example_dags/example_sla_dag.py for tasks to queue
[2023-07-12 00:32:04,226] {logging_mixin.py:115} INFO - [2023-07-12 00:32:04,226] {dagbag.py:508} INFO - Filling up the DagBag from /home/airflow/.local/lib/python3.7/site-packages/airflow/example_dags/example_sla_dag.py
[2023-07-12 00:32:04,332] {processor.py:651} INFO - DAG(s) dict_keys(['example_sla_dag']) retrieved from /home/airflow/.local/lib/python3.7/site-packages/airflow/example_dags/example_sla_dag.py
[2023-07-12 00:32:04,815] {logging_mixin.py:115} INFO - [2023-07-12 00:32:04,814] {dag.py:2420} INFO - Sync 1 DAGs
[2023-07-12 00:32:04,873] {logging_mixin.py:115} INFO - [2023-07-12 00:32:04,873] {dag.py:2972} INFO - Setting next_dagrun for example_sla_dag to 2023-07-12T00:30:00+00:00, run_after=2023-07-12T00:32:00+00:00
[2023-07-12 00:32:04,919] {processor.py:161} INFO - Processing /home/airflow/.local/lib/python3.7/site-packages/airflow/example_dags/example_sla_dag.py took 0.724 seconds
[2023-07-12 00:32:35,098] {processor.py:153} INFO - Started process (PID=262) to work on /home/airflow/.local/lib/python3.7/site-packages/airflow/example_dags/example_sla_dag.py
[2023-07-12 00:32:35,099] {processor.py:641} INFO - Processing file /home/airflow/.local/lib/python3.7/site-packages/airflow/example_dags/example_sla_dag.py for tasks to queue
[2023-07-12 00:32:35,099] {logging_mixin.py:115} INFO - [2023-07-12 00:32:35,099] {dagbag.py:508} INFO - Filling up the DagBag from /home/airflow/.local/lib/python3.7/site-packages/airflow/example_dags/example_sla_dag.py
[2023-07-12 00:32:35,125] {processor.py:651} INFO - DAG(s) dict_keys(['example_sla_dag']) retrieved from /home/airflow/.local/lib/python3.7/site-packages/airflow/example_dags/example_sla_dag.py
[2023-07-12 00:32:35,367] {logging_mixin.py:115} INFO - [2023-07-12 00:32:35,367] {dag.py:2420} INFO - Sync 1 DAGs
[2023-07-12 00:32:35,420] {logging_mixin.py:115} INFO - [2023-07-12 00:32:35,420] {dag.py:2972} INFO - Setting next_dagrun for example_sla_dag to 2023-07-12T00:30:00+00:00, run_after=2023-07-12T00:32:00+00:00
[2023-07-12 00:32:35,451] {processor.py:161} INFO - Processing /home/airflow/.local/lib/python3.7/site-packages/airflow/example_dags/example_sla_dag.py took 0.357 seconds
[2023-07-12 00:33:05,777] {processor.py:153} INFO - Started process (PID=352) to work on /home/airflow/.local/lib/python3.7/site-packages/airflow/example_dags/example_sla_dag.py
[2023-07-12 00:33:05,780] {processor.py:641} INFO - Processing file /home/airflow/.local/lib/python3.7/site-packages/airflow/example_dags/example_sla_dag.py for tasks to queue
[2023-07-12 00:33:05,781] {logging_mixin.py:115} INFO - [2023-07-12 00:33:05,781] {dagbag.py:508} INFO - Filling up the DagBag from /home/airflow/.local/lib/python3.7/site-packages/airflow/example_dags/example_sla_dag.py
[2023-07-12 00:33:05,828] {processor.py:651} INFO - DAG(s) dict_keys(['example_sla_dag']) retrieved from /home/airflow/.local/lib/python3.7/site-packages/airflow/example_dags/example_sla_dag.py
[2023-07-12 00:33:06,774] {logging_mixin.py:115} INFO - [2023-07-12 00:33:06,774] {dag.py:2420} INFO - Sync 1 DAGs
[2023-07-12 00:33:06,880] {logging_mixin.py:115} INFO - [2023-07-12 00:33:06,880] {dag.py:2972} INFO - Setting next_dagrun for example_sla_dag to 2023-07-12T00:30:00+00:00, run_after=2023-07-12T00:32:00+00:00
[2023-07-12 00:33:06,995] {processor.py:161} INFO - Processing /home/airflow/.local/lib/python3.7/site-packages/airflow/example_dags/example_sla_dag.py took 1.226 seconds
[2023-07-12 00:33:38,612] {processor.py:153} INFO - Started process (PID=407) to work on /home/airflow/.local/lib/python3.7/site-packages/airflow/example_dags/example_sla_dag.py
[2023-07-12 00:33:38,620] {processor.py:641} INFO - Processing file /home/airflow/.local/lib/python3.7/site-packages/airflow/example_dags/example_sla_dag.py for tasks to queue
[2023-07-12 00:33:38,621] {logging_mixin.py:115} INFO - [2023-07-12 00:33:38,621] {dagbag.py:508} INFO - Filling up the DagBag from /home/airflow/.local/lib/python3.7/site-packages/airflow/example_dags/example_sla_dag.py
[2023-07-12 00:33:38,711] {processor.py:651} INFO - DAG(s) dict_keys(['example_sla_dag']) retrieved from /home/airflow/.local/lib/python3.7/site-packages/airflow/example_dags/example_sla_dag.py
[2023-07-12 00:33:39,207] {logging_mixin.py:115} INFO - [2023-07-12 00:33:39,192] {dag.py:2420} INFO - Sync 1 DAGs
[2023-07-12 00:33:39,463] {logging_mixin.py:115} INFO - [2023-07-12 00:33:39,462] {dag.py:2972} INFO - Setting next_dagrun for example_sla_dag to 2023-07-12T00:30:00+00:00, run_after=2023-07-12T00:32:00+00:00
[2023-07-12 00:33:39,603] {processor.py:161} INFO - Processing /home/airflow/.local/lib/python3.7/site-packages/airflow/example_dags/example_sla_dag.py took 1.002 seconds
[2023-07-12 00:34:11,722] {processor.py:153} INFO - Started process (PID=499) to work on /home/airflow/.local/lib/python3.7/site-packages/airflow/example_dags/example_sla_dag.py
[2023-07-12 00:34:11,723] {processor.py:641} INFO - Processing file /home/airflow/.local/lib/python3.7/site-packages/airflow/example_dags/example_sla_dag.py for tasks to queue
[2023-07-12 00:34:11,792] {logging_mixin.py:115} INFO - [2023-07-12 00:34:11,792] {dagbag.py:508} INFO - Filling up the DagBag from /home/airflow/.local/lib/python3.7/site-packages/airflow/example_dags/example_sla_dag.py
[2023-07-12 00:34:12,327] {processor.py:651} INFO - DAG(s) dict_keys(['example_sla_dag']) retrieved from /home/airflow/.local/lib/python3.7/site-packages/airflow/example_dags/example_sla_dag.py
[2023-07-12 00:34:14,788] {logging_mixin.py:115} INFO - [2023-07-12 00:34:14,787] {dag.py:2420} INFO - Sync 1 DAGs
[2023-07-12 00:34:15,279] {logging_mixin.py:115} INFO - [2023-07-12 00:34:15,279] {dag.py:2972} INFO - Setting next_dagrun for example_sla_dag to 2023-07-12T00:32:00+00:00, run_after=2023-07-12T00:34:00+00:00
[2023-07-12 00:34:15,452] {processor.py:161} INFO - Processing /home/airflow/.local/lib/python3.7/site-packages/airflow/example_dags/example_sla_dag.py took 3.861 seconds
[2023-07-12 00:34:45,736] {processor.py:153} INFO - Started process (PID=556) to work on /home/airflow/.local/lib/python3.7/site-packages/airflow/example_dags/example_sla_dag.py
[2023-07-12 00:34:45,737] {processor.py:641} INFO - Processing file /home/airflow/.local/lib/python3.7/site-packages/airflow/example_dags/example_sla_dag.py for tasks to queue
[2023-07-12 00:34:45,738] {logging_mixin.py:115} INFO - [2023-07-12 00:34:45,738] {dagbag.py:508} INFO - Filling up the DagBag from /home/airflow/.local/lib/python3.7/site-packages/airflow/example_dags/example_sla_dag.py
[2023-07-12 00:34:45,927] {processor.py:651} INFO - DAG(s) dict_keys(['example_sla_dag']) retrieved from /home/airflow/.local/lib/python3.7/site-packages/airflow/example_dags/example_sla_dag.py
[2023-07-12 00:34:47,116] {logging_mixin.py:115} INFO - [2023-07-12 00:34:47,116] {dag.py:2420} INFO - Sync 1 DAGs
[2023-07-12 00:34:47,303] {logging_mixin.py:115} INFO - [2023-07-12 00:34:47,303] {dag.py:2972} INFO - Setting next_dagrun for example_sla_dag to 2023-07-12T00:32:00+00:00, run_after=2023-07-12T00:34:00+00:00
[2023-07-12 00:34:47,384] {processor.py:161} INFO - Processing /home/airflow/.local/lib/python3.7/site-packages/airflow/example_dags/example_sla_dag.py took 1.673 seconds
[2023-07-12 00:35:17,704] {processor.py:153} INFO - Started process (PID=609) to work on /home/airflow/.local/lib/python3.7/site-packages/airflow/example_dags/example_sla_dag.py
[2023-07-12 00:35:17,712] {processor.py:641} INFO - Processing file /home/airflow/.local/lib/python3.7/site-packages/airflow/example_dags/example_sla_dag.py for tasks to queue
[2023-07-12 00:35:17,713] {logging_mixin.py:115} INFO - [2023-07-12 00:35:17,713] {dagbag.py:508} INFO - Filling up the DagBag from /home/airflow/.local/lib/python3.7/site-packages/airflow/example_dags/example_sla_dag.py
[2023-07-12 00:35:17,867] {processor.py:651} INFO - DAG(s) dict_keys(['example_sla_dag']) retrieved from /home/airflow/.local/lib/python3.7/site-packages/airflow/example_dags/example_sla_dag.py
[2023-07-12 00:35:18,230] {logging_mixin.py:115} INFO - [2023-07-12 00:35:18,230] {dag.py:2420} INFO - Sync 1 DAGs
[2023-07-12 00:35:18,301] {logging_mixin.py:115} INFO - [2023-07-12 00:35:18,300] {dag.py:2972} INFO - Setting next_dagrun for example_sla_dag to 2023-07-12T00:32:00+00:00, run_after=2023-07-12T00:34:00+00:00
[2023-07-12 00:35:18,356] {processor.py:161} INFO - Processing /home/airflow/.local/lib/python3.7/site-packages/airflow/example_dags/example_sla_dag.py took 0.659 seconds
