[2023-07-12 00:20:43,487] {processor.py:153} INFO - Started process (PID=54) to work on /home/airflow/.local/lib/python3.7/site-packages/airflow/example_dags/example_branch_datetime_operator.py
[2023-07-12 00:20:43,487] {processor.py:641} INFO - Processing file /home/airflow/.local/lib/python3.7/site-packages/airflow/example_dags/example_branch_datetime_operator.py for tasks to queue
[2023-07-12 00:20:43,496] {logging_mixin.py:115} INFO - [2023-07-12 00:20:43,496] {dagbag.py:508} INFO - Filling up the DagBag from /home/airflow/.local/lib/python3.7/site-packages/airflow/example_dags/example_branch_datetime_operator.py
[2023-07-12 00:20:43,563] {processor.py:651} INFO - DAG(s) dict_keys(['example_branch_datetime_operator', 'example_branch_datetime_operator_2']) retrieved from /home/airflow/.local/lib/python3.7/site-packages/airflow/example_dags/example_branch_datetime_operator.py
[2023-07-12 00:20:43,907] {logging_mixin.py:115} INFO - [2023-07-12 00:20:43,906] {dag.py:2420} INFO - Sync 2 DAGs
[2023-07-12 00:20:45,109] {logging_mixin.py:115} INFO - [2023-07-12 00:20:45,109] {dag.py:2972} INFO - Setting next_dagrun for example_branch_datetime_operator to 2023-07-11T00:00:00+00:00, run_after=2023-07-12T00:00:00+00:00
[2023-07-12 00:20:45,145] {logging_mixin.py:115} INFO - [2023-07-12 00:20:45,145] {dag.py:2972} INFO - Setting next_dagrun for example_branch_datetime_operator_2 to 2023-07-11T00:00:00+00:00, run_after=2023-07-12T00:00:00+00:00
[2023-07-12 00:20:45,288] {processor.py:161} INFO - Processing /home/airflow/.local/lib/python3.7/site-packages/airflow/example_dags/example_branch_datetime_operator.py took 1.818 seconds
[2023-07-12 00:21:16,306] {processor.py:153} INFO - Started process (PID=99) to work on /home/airflow/.local/lib/python3.7/site-packages/airflow/example_dags/example_branch_datetime_operator.py
[2023-07-12 00:21:16,307] {processor.py:641} INFO - Processing file /home/airflow/.local/lib/python3.7/site-packages/airflow/example_dags/example_branch_datetime_operator.py for tasks to queue
[2023-07-12 00:21:16,307] {logging_mixin.py:115} INFO - [2023-07-12 00:21:16,307] {dagbag.py:508} INFO - Filling up the DagBag from /home/airflow/.local/lib/python3.7/site-packages/airflow/example_dags/example_branch_datetime_operator.py
[2023-07-12 00:21:16,323] {processor.py:651} INFO - DAG(s) dict_keys(['example_branch_datetime_operator', 'example_branch_datetime_operator_2']) retrieved from /home/airflow/.local/lib/python3.7/site-packages/airflow/example_dags/example_branch_datetime_operator.py
[2023-07-12 00:21:16,403] {logging_mixin.py:115} INFO - [2023-07-12 00:21:16,403] {dag.py:2420} INFO - Sync 2 DAGs
[2023-07-12 00:21:16,718] {logging_mixin.py:115} INFO - [2023-07-12 00:21:16,718] {dag.py:2972} INFO - Setting next_dagrun for example_branch_datetime_operator to 2023-07-11T00:00:00+00:00, run_after=2023-07-12T00:00:00+00:00
[2023-07-12 00:21:16,722] {logging_mixin.py:115} INFO - [2023-07-12 00:21:16,722] {dag.py:2972} INFO - Setting next_dagrun for example_branch_datetime_operator_2 to 2023-07-11T00:00:00+00:00, run_after=2023-07-12T00:00:00+00:00
[2023-07-12 00:21:16,752] {processor.py:161} INFO - Processing /home/airflow/.local/lib/python3.7/site-packages/airflow/example_dags/example_branch_datetime_operator.py took 0.450 seconds
[2023-07-12 00:21:47,087] {processor.py:153} INFO - Started process (PID=151) to work on /home/airflow/.local/lib/python3.7/site-packages/airflow/example_dags/example_branch_datetime_operator.py
[2023-07-12 00:21:47,088] {processor.py:641} INFO - Processing file /home/airflow/.local/lib/python3.7/site-packages/airflow/example_dags/example_branch_datetime_operator.py for tasks to queue
[2023-07-12 00:21:47,089] {logging_mixin.py:115} INFO - [2023-07-12 00:21:47,088] {dagbag.py:508} INFO - Filling up the DagBag from /home/airflow/.local/lib/python3.7/site-packages/airflow/example_dags/example_branch_datetime_operator.py
[2023-07-12 00:21:47,108] {processor.py:651} INFO - DAG(s) dict_keys(['example_branch_datetime_operator', 'example_branch_datetime_operator_2']) retrieved from /home/airflow/.local/lib/python3.7/site-packages/airflow/example_dags/example_branch_datetime_operator.py
[2023-07-12 00:21:47,162] {logging_mixin.py:115} INFO - [2023-07-12 00:21:47,162] {dag.py:2420} INFO - Sync 2 DAGs
[2023-07-12 00:21:47,403] {logging_mixin.py:115} INFO - [2023-07-12 00:21:47,402] {dag.py:2972} INFO - Setting next_dagrun for example_branch_datetime_operator to 2023-07-11T00:00:00+00:00, run_after=2023-07-12T00:00:00+00:00
[2023-07-12 00:21:47,410] {logging_mixin.py:115} INFO - [2023-07-12 00:21:47,410] {dag.py:2972} INFO - Setting next_dagrun for example_branch_datetime_operator_2 to 2023-07-11T00:00:00+00:00, run_after=2023-07-12T00:00:00+00:00
[2023-07-12 00:21:47,444] {processor.py:161} INFO - Processing /home/airflow/.local/lib/python3.7/site-packages/airflow/example_dags/example_branch_datetime_operator.py took 0.362 seconds
[2023-07-12 00:22:18,025] {processor.py:153} INFO - Started process (PID=202) to work on /home/airflow/.local/lib/python3.7/site-packages/airflow/example_dags/example_branch_datetime_operator.py
[2023-07-12 00:22:18,029] {processor.py:641} INFO - Processing file /home/airflow/.local/lib/python3.7/site-packages/airflow/example_dags/example_branch_datetime_operator.py for tasks to queue
[2023-07-12 00:22:18,030] {logging_mixin.py:115} INFO - [2023-07-12 00:22:18,030] {dagbag.py:508} INFO - Filling up the DagBag from /home/airflow/.local/lib/python3.7/site-packages/airflow/example_dags/example_branch_datetime_operator.py
[2023-07-12 00:22:18,059] {processor.py:651} INFO - DAG(s) dict_keys(['example_branch_datetime_operator', 'example_branch_datetime_operator_2']) retrieved from /home/airflow/.local/lib/python3.7/site-packages/airflow/example_dags/example_branch_datetime_operator.py
[2023-07-12 00:22:18,182] {logging_mixin.py:115} INFO - [2023-07-12 00:22:18,182] {dag.py:2420} INFO - Sync 2 DAGs
[2023-07-12 00:22:18,515] {logging_mixin.py:115} INFO - [2023-07-12 00:22:18,515] {dag.py:2972} INFO - Setting next_dagrun for example_branch_datetime_operator to 2023-07-11T00:00:00+00:00, run_after=2023-07-12T00:00:00+00:00
[2023-07-12 00:22:18,525] {logging_mixin.py:115} INFO - [2023-07-12 00:22:18,524] {dag.py:2972} INFO - Setting next_dagrun for example_branch_datetime_operator_2 to 2023-07-11T00:00:00+00:00, run_after=2023-07-12T00:00:00+00:00
[2023-07-12 00:22:18,587] {processor.py:161} INFO - Processing /home/airflow/.local/lib/python3.7/site-packages/airflow/example_dags/example_branch_datetime_operator.py took 0.568 seconds
[2023-07-12 00:22:49,475] {processor.py:153} INFO - Started process (PID=261) to work on /home/airflow/.local/lib/python3.7/site-packages/airflow/example_dags/example_branch_datetime_operator.py
[2023-07-12 00:22:49,499] {processor.py:641} INFO - Processing file /home/airflow/.local/lib/python3.7/site-packages/airflow/example_dags/example_branch_datetime_operator.py for tasks to queue
[2023-07-12 00:22:49,500] {logging_mixin.py:115} INFO - [2023-07-12 00:22:49,500] {dagbag.py:508} INFO - Filling up the DagBag from /home/airflow/.local/lib/python3.7/site-packages/airflow/example_dags/example_branch_datetime_operator.py
[2023-07-12 00:22:49,624] {processor.py:651} INFO - DAG(s) dict_keys(['example_branch_datetime_operator', 'example_branch_datetime_operator_2']) retrieved from /home/airflow/.local/lib/python3.7/site-packages/airflow/example_dags/example_branch_datetime_operator.py
[2023-07-12 00:22:49,837] {logging_mixin.py:115} INFO - [2023-07-12 00:22:49,837] {dag.py:2420} INFO - Sync 2 DAGs
[2023-07-12 00:22:50,406] {logging_mixin.py:115} INFO - [2023-07-12 00:22:50,405] {dag.py:2972} INFO - Setting next_dagrun for example_branch_datetime_operator to 2023-07-11T00:00:00+00:00, run_after=2023-07-12T00:00:00+00:00
[2023-07-12 00:22:50,411] {logging_mixin.py:115} INFO - [2023-07-12 00:22:50,411] {dag.py:2972} INFO - Setting next_dagrun for example_branch_datetime_operator_2 to 2023-07-11T00:00:00+00:00, run_after=2023-07-12T00:00:00+00:00
[2023-07-12 00:22:50,452] {processor.py:161} INFO - Processing /home/airflow/.local/lib/python3.7/site-packages/airflow/example_dags/example_branch_datetime_operator.py took 0.998 seconds
[2023-07-12 00:23:20,538] {processor.py:153} INFO - Started process (PID=313) to work on /home/airflow/.local/lib/python3.7/site-packages/airflow/example_dags/example_branch_datetime_operator.py
[2023-07-12 00:23:20,540] {processor.py:641} INFO - Processing file /home/airflow/.local/lib/python3.7/site-packages/airflow/example_dags/example_branch_datetime_operator.py for tasks to queue
[2023-07-12 00:23:20,542] {logging_mixin.py:115} INFO - [2023-07-12 00:23:20,541] {dagbag.py:508} INFO - Filling up the DagBag from /home/airflow/.local/lib/python3.7/site-packages/airflow/example_dags/example_branch_datetime_operator.py
[2023-07-12 00:23:20,576] {processor.py:651} INFO - DAG(s) dict_keys(['example_branch_datetime_operator', 'example_branch_datetime_operator_2']) retrieved from /home/airflow/.local/lib/python3.7/site-packages/airflow/example_dags/example_branch_datetime_operator.py
[2023-07-12 00:23:20,753] {logging_mixin.py:115} INFO - [2023-07-12 00:23:20,752] {dag.py:2420} INFO - Sync 2 DAGs
[2023-07-12 00:23:21,063] {logging_mixin.py:115} INFO - [2023-07-12 00:23:21,063] {dag.py:2972} INFO - Setting next_dagrun for example_branch_datetime_operator to 2023-07-11T00:00:00+00:00, run_after=2023-07-12T00:00:00+00:00
[2023-07-12 00:23:21,076] {logging_mixin.py:115} INFO - [2023-07-12 00:23:21,076] {dag.py:2972} INFO - Setting next_dagrun for example_branch_datetime_operator_2 to 2023-07-11T00:00:00+00:00, run_after=2023-07-12T00:00:00+00:00
[2023-07-12 00:23:21,140] {processor.py:161} INFO - Processing /home/airflow/.local/lib/python3.7/site-packages/airflow/example_dags/example_branch_datetime_operator.py took 0.611 seconds
[2023-07-12 00:23:51,993] {processor.py:153} INFO - Started process (PID=367) to work on /home/airflow/.local/lib/python3.7/site-packages/airflow/example_dags/example_branch_datetime_operator.py
[2023-07-12 00:23:51,994] {processor.py:641} INFO - Processing file /home/airflow/.local/lib/python3.7/site-packages/airflow/example_dags/example_branch_datetime_operator.py for tasks to queue
[2023-07-12 00:23:51,995] {logging_mixin.py:115} INFO - [2023-07-12 00:23:51,995] {dagbag.py:508} INFO - Filling up the DagBag from /home/airflow/.local/lib/python3.7/site-packages/airflow/example_dags/example_branch_datetime_operator.py
[2023-07-12 00:23:52,045] {processor.py:651} INFO - DAG(s) dict_keys(['example_branch_datetime_operator', 'example_branch_datetime_operator_2']) retrieved from /home/airflow/.local/lib/python3.7/site-packages/airflow/example_dags/example_branch_datetime_operator.py
[2023-07-12 00:23:52,174] {logging_mixin.py:115} INFO - [2023-07-12 00:23:52,173] {dag.py:2420} INFO - Sync 2 DAGs
[2023-07-12 00:23:52,720] {logging_mixin.py:115} INFO - [2023-07-12 00:23:52,720] {dag.py:2972} INFO - Setting next_dagrun for example_branch_datetime_operator to 2023-07-11T00:00:00+00:00, run_after=2023-07-12T00:00:00+00:00
[2023-07-12 00:23:52,739] {logging_mixin.py:115} INFO - [2023-07-12 00:23:52,739] {dag.py:2972} INFO - Setting next_dagrun for example_branch_datetime_operator_2 to 2023-07-11T00:00:00+00:00, run_after=2023-07-12T00:00:00+00:00
[2023-07-12 00:23:52,833] {processor.py:161} INFO - Processing /home/airflow/.local/lib/python3.7/site-packages/airflow/example_dags/example_branch_datetime_operator.py took 0.845 seconds
[2023-07-12 00:24:23,221] {processor.py:153} INFO - Started process (PID=419) to work on /home/airflow/.local/lib/python3.7/site-packages/airflow/example_dags/example_branch_datetime_operator.py
[2023-07-12 00:24:23,223] {processor.py:641} INFO - Processing file /home/airflow/.local/lib/python3.7/site-packages/airflow/example_dags/example_branch_datetime_operator.py for tasks to queue
[2023-07-12 00:24:23,224] {logging_mixin.py:115} INFO - [2023-07-12 00:24:23,224] {dagbag.py:508} INFO - Filling up the DagBag from /home/airflow/.local/lib/python3.7/site-packages/airflow/example_dags/example_branch_datetime_operator.py
[2023-07-12 00:24:23,263] {processor.py:651} INFO - DAG(s) dict_keys(['example_branch_datetime_operator', 'example_branch_datetime_operator_2']) retrieved from /home/airflow/.local/lib/python3.7/site-packages/airflow/example_dags/example_branch_datetime_operator.py
[2023-07-12 00:24:23,382] {logging_mixin.py:115} INFO - [2023-07-12 00:24:23,382] {dag.py:2420} INFO - Sync 2 DAGs
[2023-07-12 00:24:23,691] {logging_mixin.py:115} INFO - [2023-07-12 00:24:23,691] {dag.py:2972} INFO - Setting next_dagrun for example_branch_datetime_operator to 2023-07-11T00:00:00+00:00, run_after=2023-07-12T00:00:00+00:00
[2023-07-12 00:24:23,695] {logging_mixin.py:115} INFO - [2023-07-12 00:24:23,695] {dag.py:2972} INFO - Setting next_dagrun for example_branch_datetime_operator_2 to 2023-07-11T00:00:00+00:00, run_after=2023-07-12T00:00:00+00:00
[2023-07-12 00:24:23,720] {processor.py:161} INFO - Processing /home/airflow/.local/lib/python3.7/site-packages/airflow/example_dags/example_branch_datetime_operator.py took 0.504 seconds
[2023-07-12 00:24:54,538] {processor.py:153} INFO - Started process (PID=471) to work on /home/airflow/.local/lib/python3.7/site-packages/airflow/example_dags/example_branch_datetime_operator.py
[2023-07-12 00:24:54,539] {processor.py:641} INFO - Processing file /home/airflow/.local/lib/python3.7/site-packages/airflow/example_dags/example_branch_datetime_operator.py for tasks to queue
[2023-07-12 00:24:54,541] {logging_mixin.py:115} INFO - [2023-07-12 00:24:54,540] {dagbag.py:508} INFO - Filling up the DagBag from /home/airflow/.local/lib/python3.7/site-packages/airflow/example_dags/example_branch_datetime_operator.py
[2023-07-12 00:24:54,564] {processor.py:651} INFO - DAG(s) dict_keys(['example_branch_datetime_operator', 'example_branch_datetime_operator_2']) retrieved from /home/airflow/.local/lib/python3.7/site-packages/airflow/example_dags/example_branch_datetime_operator.py
[2023-07-12 00:24:54,628] {logging_mixin.py:115} INFO - [2023-07-12 00:24:54,628] {dag.py:2420} INFO - Sync 2 DAGs
[2023-07-12 00:24:54,966] {logging_mixin.py:115} INFO - [2023-07-12 00:24:54,966] {dag.py:2972} INFO - Setting next_dagrun for example_branch_datetime_operator to 2023-07-11T00:00:00+00:00, run_after=2023-07-12T00:00:00+00:00
[2023-07-12 00:24:54,971] {logging_mixin.py:115} INFO - [2023-07-12 00:24:54,971] {dag.py:2972} INFO - Setting next_dagrun for example_branch_datetime_operator_2 to 2023-07-11T00:00:00+00:00, run_after=2023-07-12T00:00:00+00:00
[2023-07-12 00:24:54,998] {processor.py:161} INFO - Processing /home/airflow/.local/lib/python3.7/site-packages/airflow/example_dags/example_branch_datetime_operator.py took 0.466 seconds
[2023-07-12 00:25:25,815] {processor.py:153} INFO - Started process (PID=523) to work on /home/airflow/.local/lib/python3.7/site-packages/airflow/example_dags/example_branch_datetime_operator.py
[2023-07-12 00:25:25,817] {processor.py:641} INFO - Processing file /home/airflow/.local/lib/python3.7/site-packages/airflow/example_dags/example_branch_datetime_operator.py for tasks to queue
[2023-07-12 00:25:25,818] {logging_mixin.py:115} INFO - [2023-07-12 00:25:25,818] {dagbag.py:508} INFO - Filling up the DagBag from /home/airflow/.local/lib/python3.7/site-packages/airflow/example_dags/example_branch_datetime_operator.py
[2023-07-12 00:25:25,853] {processor.py:651} INFO - DAG(s) dict_keys(['example_branch_datetime_operator', 'example_branch_datetime_operator_2']) retrieved from /home/airflow/.local/lib/python3.7/site-packages/airflow/example_dags/example_branch_datetime_operator.py
[2023-07-12 00:25:25,985] {logging_mixin.py:115} INFO - [2023-07-12 00:25:25,984] {dag.py:2420} INFO - Sync 2 DAGs
[2023-07-12 00:25:26,376] {logging_mixin.py:115} INFO - [2023-07-12 00:25:26,376] {dag.py:2972} INFO - Setting next_dagrun for example_branch_datetime_operator to 2023-07-11T00:00:00+00:00, run_after=2023-07-12T00:00:00+00:00
[2023-07-12 00:25:26,381] {logging_mixin.py:115} INFO - [2023-07-12 00:25:26,380] {dag.py:2972} INFO - Setting next_dagrun for example_branch_datetime_operator_2 to 2023-07-11T00:00:00+00:00, run_after=2023-07-12T00:00:00+00:00
[2023-07-12 00:25:26,406] {processor.py:161} INFO - Processing /home/airflow/.local/lib/python3.7/site-packages/airflow/example_dags/example_branch_datetime_operator.py took 0.597 seconds
[2023-07-12 00:25:56,670] {processor.py:153} INFO - Started process (PID=584) to work on /home/airflow/.local/lib/python3.7/site-packages/airflow/example_dags/example_branch_datetime_operator.py
[2023-07-12 00:25:56,684] {processor.py:641} INFO - Processing file /home/airflow/.local/lib/python3.7/site-packages/airflow/example_dags/example_branch_datetime_operator.py for tasks to queue
[2023-07-12 00:25:56,686] {logging_mixin.py:115} INFO - [2023-07-12 00:25:56,685] {dagbag.py:508} INFO - Filling up the DagBag from /home/airflow/.local/lib/python3.7/site-packages/airflow/example_dags/example_branch_datetime_operator.py
[2023-07-12 00:25:56,813] {processor.py:651} INFO - DAG(s) dict_keys(['example_branch_datetime_operator', 'example_branch_datetime_operator_2']) retrieved from /home/airflow/.local/lib/python3.7/site-packages/airflow/example_dags/example_branch_datetime_operator.py
[2023-07-12 00:25:56,902] {logging_mixin.py:115} INFO - [2023-07-12 00:25:56,902] {dag.py:2420} INFO - Sync 2 DAGs
[2023-07-12 00:25:57,920] {logging_mixin.py:115} INFO - [2023-07-12 00:25:57,920] {dag.py:2972} INFO - Setting next_dagrun for example_branch_datetime_operator to 2023-07-11T00:00:00+00:00, run_after=2023-07-12T00:00:00+00:00
[2023-07-12 00:25:57,933] {logging_mixin.py:115} INFO - [2023-07-12 00:25:57,933] {dag.py:2972} INFO - Setting next_dagrun for example_branch_datetime_operator_2 to 2023-07-11T00:00:00+00:00, run_after=2023-07-12T00:00:00+00:00
[2023-07-12 00:25:57,994] {processor.py:161} INFO - Processing /home/airflow/.local/lib/python3.7/site-packages/airflow/example_dags/example_branch_datetime_operator.py took 1.341 seconds
[2023-07-12 00:26:28,136] {processor.py:153} INFO - Started process (PID=637) to work on /home/airflow/.local/lib/python3.7/site-packages/airflow/example_dags/example_branch_datetime_operator.py
[2023-07-12 00:26:28,137] {processor.py:641} INFO - Processing file /home/airflow/.local/lib/python3.7/site-packages/airflow/example_dags/example_branch_datetime_operator.py for tasks to queue
[2023-07-12 00:26:28,137] {logging_mixin.py:115} INFO - [2023-07-12 00:26:28,137] {dagbag.py:508} INFO - Filling up the DagBag from /home/airflow/.local/lib/python3.7/site-packages/airflow/example_dags/example_branch_datetime_operator.py
[2023-07-12 00:26:28,148] {processor.py:651} INFO - DAG(s) dict_keys(['example_branch_datetime_operator', 'example_branch_datetime_operator_2']) retrieved from /home/airflow/.local/lib/python3.7/site-packages/airflow/example_dags/example_branch_datetime_operator.py
[2023-07-12 00:26:28,194] {logging_mixin.py:115} INFO - [2023-07-12 00:26:28,194] {dag.py:2420} INFO - Sync 2 DAGs
[2023-07-12 00:26:28,392] {logging_mixin.py:115} INFO - [2023-07-12 00:26:28,392] {dag.py:2972} INFO - Setting next_dagrun for example_branch_datetime_operator to 2023-07-11T00:00:00+00:00, run_after=2023-07-12T00:00:00+00:00
[2023-07-12 00:26:28,395] {logging_mixin.py:115} INFO - [2023-07-12 00:26:28,395] {dag.py:2972} INFO - Setting next_dagrun for example_branch_datetime_operator_2 to 2023-07-11T00:00:00+00:00, run_after=2023-07-12T00:00:00+00:00
[2023-07-12 00:26:28,411] {processor.py:161} INFO - Processing /home/airflow/.local/lib/python3.7/site-packages/airflow/example_dags/example_branch_datetime_operator.py took 0.279 seconds
[2023-07-12 00:26:59,141] {processor.py:153} INFO - Started process (PID=688) to work on /home/airflow/.local/lib/python3.7/site-packages/airflow/example_dags/example_branch_datetime_operator.py
[2023-07-12 00:26:59,142] {processor.py:641} INFO - Processing file /home/airflow/.local/lib/python3.7/site-packages/airflow/example_dags/example_branch_datetime_operator.py for tasks to queue
[2023-07-12 00:26:59,143] {logging_mixin.py:115} INFO - [2023-07-12 00:26:59,143] {dagbag.py:508} INFO - Filling up the DagBag from /home/airflow/.local/lib/python3.7/site-packages/airflow/example_dags/example_branch_datetime_operator.py
[2023-07-12 00:26:59,157] {processor.py:651} INFO - DAG(s) dict_keys(['example_branch_datetime_operator', 'example_branch_datetime_operator_2']) retrieved from /home/airflow/.local/lib/python3.7/site-packages/airflow/example_dags/example_branch_datetime_operator.py
[2023-07-12 00:26:59,209] {logging_mixin.py:115} INFO - [2023-07-12 00:26:59,208] {dag.py:2420} INFO - Sync 2 DAGs
[2023-07-12 00:26:59,433] {logging_mixin.py:115} INFO - [2023-07-12 00:26:59,433] {dag.py:2972} INFO - Setting next_dagrun for example_branch_datetime_operator to 2023-07-11T00:00:00+00:00, run_after=2023-07-12T00:00:00+00:00
[2023-07-12 00:26:59,438] {logging_mixin.py:115} INFO - [2023-07-12 00:26:59,438] {dag.py:2972} INFO - Setting next_dagrun for example_branch_datetime_operator_2 to 2023-07-11T00:00:00+00:00, run_after=2023-07-12T00:00:00+00:00
[2023-07-12 00:26:59,456] {processor.py:161} INFO - Processing /home/airflow/.local/lib/python3.7/site-packages/airflow/example_dags/example_branch_datetime_operator.py took 0.321 seconds
[2023-07-12 00:27:29,707] {processor.py:153} INFO - Started process (PID=750) to work on /home/airflow/.local/lib/python3.7/site-packages/airflow/example_dags/example_branch_datetime_operator.py
[2023-07-12 00:27:29,710] {processor.py:641} INFO - Processing file /home/airflow/.local/lib/python3.7/site-packages/airflow/example_dags/example_branch_datetime_operator.py for tasks to queue
[2023-07-12 00:27:29,711] {logging_mixin.py:115} INFO - [2023-07-12 00:27:29,711] {dagbag.py:508} INFO - Filling up the DagBag from /home/airflow/.local/lib/python3.7/site-packages/airflow/example_dags/example_branch_datetime_operator.py
[2023-07-12 00:27:29,730] {processor.py:651} INFO - DAG(s) dict_keys(['example_branch_datetime_operator', 'example_branch_datetime_operator_2']) retrieved from /home/airflow/.local/lib/python3.7/site-packages/airflow/example_dags/example_branch_datetime_operator.py
[2023-07-12 00:27:29,805] {logging_mixin.py:115} INFO - [2023-07-12 00:27:29,805] {dag.py:2420} INFO - Sync 2 DAGs
[2023-07-12 00:27:30,033] {logging_mixin.py:115} INFO - [2023-07-12 00:27:30,033] {dag.py:2972} INFO - Setting next_dagrun for example_branch_datetime_operator to 2023-07-11T00:00:00+00:00, run_after=2023-07-12T00:00:00+00:00
[2023-07-12 00:27:30,038] {logging_mixin.py:115} INFO - [2023-07-12 00:27:30,038] {dag.py:2972} INFO - Setting next_dagrun for example_branch_datetime_operator_2 to 2023-07-11T00:00:00+00:00, run_after=2023-07-12T00:00:00+00:00
[2023-07-12 00:27:30,058] {processor.py:161} INFO - Processing /home/airflow/.local/lib/python3.7/site-packages/airflow/example_dags/example_branch_datetime_operator.py took 0.356 seconds
[2023-07-12 00:28:00,324] {processor.py:153} INFO - Started process (PID=802) to work on /home/airflow/.local/lib/python3.7/site-packages/airflow/example_dags/example_branch_datetime_operator.py
[2023-07-12 00:28:00,325] {processor.py:641} INFO - Processing file /home/airflow/.local/lib/python3.7/site-packages/airflow/example_dags/example_branch_datetime_operator.py for tasks to queue
[2023-07-12 00:28:00,325] {logging_mixin.py:115} INFO - [2023-07-12 00:28:00,325] {dagbag.py:508} INFO - Filling up the DagBag from /home/airflow/.local/lib/python3.7/site-packages/airflow/example_dags/example_branch_datetime_operator.py
[2023-07-12 00:28:00,337] {processor.py:651} INFO - DAG(s) dict_keys(['example_branch_datetime_operator', 'example_branch_datetime_operator_2']) retrieved from /home/airflow/.local/lib/python3.7/site-packages/airflow/example_dags/example_branch_datetime_operator.py
[2023-07-12 00:28:00,378] {logging_mixin.py:115} INFO - [2023-07-12 00:28:00,378] {dag.py:2420} INFO - Sync 2 DAGs
[2023-07-12 00:28:00,640] {logging_mixin.py:115} INFO - [2023-07-12 00:28:00,639] {dag.py:2972} INFO - Setting next_dagrun for example_branch_datetime_operator to 2023-07-11T00:00:00+00:00, run_after=2023-07-12T00:00:00+00:00
[2023-07-12 00:28:00,644] {logging_mixin.py:115} INFO - [2023-07-12 00:28:00,644] {dag.py:2972} INFO - Setting next_dagrun for example_branch_datetime_operator_2 to 2023-07-11T00:00:00+00:00, run_after=2023-07-12T00:00:00+00:00
[2023-07-12 00:28:00,660] {processor.py:161} INFO - Processing /home/airflow/.local/lib/python3.7/site-packages/airflow/example_dags/example_branch_datetime_operator.py took 0.340 seconds
[2023-07-12 00:28:30,994] {processor.py:153} INFO - Started process (PID=863) to work on /home/airflow/.local/lib/python3.7/site-packages/airflow/example_dags/example_branch_datetime_operator.py
[2023-07-12 00:28:30,994] {processor.py:641} INFO - Processing file /home/airflow/.local/lib/python3.7/site-packages/airflow/example_dags/example_branch_datetime_operator.py for tasks to queue
[2023-07-12 00:28:30,995] {logging_mixin.py:115} INFO - [2023-07-12 00:28:30,995] {dagbag.py:508} INFO - Filling up the DagBag from /home/airflow/.local/lib/python3.7/site-packages/airflow/example_dags/example_branch_datetime_operator.py
[2023-07-12 00:28:31,008] {processor.py:651} INFO - DAG(s) dict_keys(['example_branch_datetime_operator', 'example_branch_datetime_operator_2']) retrieved from /home/airflow/.local/lib/python3.7/site-packages/airflow/example_dags/example_branch_datetime_operator.py
[2023-07-12 00:28:31,053] {logging_mixin.py:115} INFO - [2023-07-12 00:28:31,053] {dag.py:2420} INFO - Sync 2 DAGs
[2023-07-12 00:28:31,279] {logging_mixin.py:115} INFO - [2023-07-12 00:28:31,278] {dag.py:2972} INFO - Setting next_dagrun for example_branch_datetime_operator to 2023-07-11T00:00:00+00:00, run_after=2023-07-12T00:00:00+00:00
[2023-07-12 00:28:31,281] {logging_mixin.py:115} INFO - [2023-07-12 00:28:31,281] {dag.py:2972} INFO - Setting next_dagrun for example_branch_datetime_operator_2 to 2023-07-11T00:00:00+00:00, run_after=2023-07-12T00:00:00+00:00
[2023-07-12 00:28:31,299] {processor.py:161} INFO - Processing /home/airflow/.local/lib/python3.7/site-packages/airflow/example_dags/example_branch_datetime_operator.py took 0.310 seconds
[2023-07-12 00:29:02,231] {processor.py:153} INFO - Started process (PID=914) to work on /home/airflow/.local/lib/python3.7/site-packages/airflow/example_dags/example_branch_datetime_operator.py
[2023-07-12 00:29:02,237] {processor.py:641} INFO - Processing file /home/airflow/.local/lib/python3.7/site-packages/airflow/example_dags/example_branch_datetime_operator.py for tasks to queue
[2023-07-12 00:29:02,238] {logging_mixin.py:115} INFO - [2023-07-12 00:29:02,238] {dagbag.py:508} INFO - Filling up the DagBag from /home/airflow/.local/lib/python3.7/site-packages/airflow/example_dags/example_branch_datetime_operator.py
[2023-07-12 00:29:02,268] {processor.py:651} INFO - DAG(s) dict_keys(['example_branch_datetime_operator', 'example_branch_datetime_operator_2']) retrieved from /home/airflow/.local/lib/python3.7/site-packages/airflow/example_dags/example_branch_datetime_operator.py
[2023-07-12 00:29:02,346] {logging_mixin.py:115} INFO - [2023-07-12 00:29:02,346] {dag.py:2420} INFO - Sync 2 DAGs
[2023-07-12 00:29:02,662] {logging_mixin.py:115} INFO - [2023-07-12 00:29:02,662] {dag.py:2972} INFO - Setting next_dagrun for example_branch_datetime_operator to 2023-07-11T00:00:00+00:00, run_after=2023-07-12T00:00:00+00:00
[2023-07-12 00:29:02,666] {logging_mixin.py:115} INFO - [2023-07-12 00:29:02,666] {dag.py:2972} INFO - Setting next_dagrun for example_branch_datetime_operator_2 to 2023-07-11T00:00:00+00:00, run_after=2023-07-12T00:00:00+00:00
[2023-07-12 00:29:02,688] {processor.py:161} INFO - Processing /home/airflow/.local/lib/python3.7/site-packages/airflow/example_dags/example_branch_datetime_operator.py took 0.468 seconds
[2023-07-12 00:30:33,094] {processor.py:153} INFO - Started process (PID=49) to work on /home/airflow/.local/lib/python3.7/site-packages/airflow/example_dags/example_branch_datetime_operator.py
[2023-07-12 00:30:33,096] {processor.py:641} INFO - Processing file /home/airflow/.local/lib/python3.7/site-packages/airflow/example_dags/example_branch_datetime_operator.py for tasks to queue
[2023-07-12 00:30:33,096] {logging_mixin.py:115} INFO - [2023-07-12 00:30:33,096] {dagbag.py:508} INFO - Filling up the DagBag from /home/airflow/.local/lib/python3.7/site-packages/airflow/example_dags/example_branch_datetime_operator.py
[2023-07-12 00:30:33,153] {processor.py:651} INFO - DAG(s) dict_keys(['example_branch_datetime_operator', 'example_branch_datetime_operator_2']) retrieved from /home/airflow/.local/lib/python3.7/site-packages/airflow/example_dags/example_branch_datetime_operator.py
[2023-07-12 00:30:33,238] {logging_mixin.py:115} INFO - [2023-07-12 00:30:33,237] {dag.py:2420} INFO - Sync 2 DAGs
[2023-07-12 00:30:33,479] {logging_mixin.py:115} INFO - [2023-07-12 00:30:33,479] {dag.py:2972} INFO - Setting next_dagrun for example_branch_datetime_operator to 2023-07-11T00:00:00+00:00, run_after=2023-07-12T00:00:00+00:00
[2023-07-12 00:30:33,484] {logging_mixin.py:115} INFO - [2023-07-12 00:30:33,483] {dag.py:2972} INFO - Setting next_dagrun for example_branch_datetime_operator_2 to 2023-07-11T00:00:00+00:00, run_after=2023-07-12T00:00:00+00:00
[2023-07-12 00:30:33,506] {processor.py:161} INFO - Processing /home/airflow/.local/lib/python3.7/site-packages/airflow/example_dags/example_branch_datetime_operator.py took 0.417 seconds
[2023-07-12 00:31:04,174] {processor.py:153} INFO - Started process (PID=102) to work on /home/airflow/.local/lib/python3.7/site-packages/airflow/example_dags/example_branch_datetime_operator.py
[2023-07-12 00:31:04,175] {processor.py:641} INFO - Processing file /home/airflow/.local/lib/python3.7/site-packages/airflow/example_dags/example_branch_datetime_operator.py for tasks to queue
[2023-07-12 00:31:04,175] {logging_mixin.py:115} INFO - [2023-07-12 00:31:04,175] {dagbag.py:508} INFO - Filling up the DagBag from /home/airflow/.local/lib/python3.7/site-packages/airflow/example_dags/example_branch_datetime_operator.py
[2023-07-12 00:31:04,187] {processor.py:651} INFO - DAG(s) dict_keys(['example_branch_datetime_operator', 'example_branch_datetime_operator_2']) retrieved from /home/airflow/.local/lib/python3.7/site-packages/airflow/example_dags/example_branch_datetime_operator.py
[2023-07-12 00:31:04,238] {logging_mixin.py:115} INFO - [2023-07-12 00:31:04,238] {dag.py:2420} INFO - Sync 2 DAGs
[2023-07-12 00:31:04,448] {logging_mixin.py:115} INFO - [2023-07-12 00:31:04,448] {dag.py:2972} INFO - Setting next_dagrun for example_branch_datetime_operator to 2023-07-11T00:00:00+00:00, run_after=2023-07-12T00:00:00+00:00
[2023-07-12 00:31:04,451] {logging_mixin.py:115} INFO - [2023-07-12 00:31:04,451] {dag.py:2972} INFO - Setting next_dagrun for example_branch_datetime_operator_2 to 2023-07-11T00:00:00+00:00, run_after=2023-07-12T00:00:00+00:00
[2023-07-12 00:31:04,465] {processor.py:161} INFO - Processing /home/airflow/.local/lib/python3.7/site-packages/airflow/example_dags/example_branch_datetime_operator.py took 0.295 seconds
[2023-07-12 00:31:35,067] {processor.py:153} INFO - Started process (PID=154) to work on /home/airflow/.local/lib/python3.7/site-packages/airflow/example_dags/example_branch_datetime_operator.py
[2023-07-12 00:31:35,068] {processor.py:641} INFO - Processing file /home/airflow/.local/lib/python3.7/site-packages/airflow/example_dags/example_branch_datetime_operator.py for tasks to queue
[2023-07-12 00:31:35,068] {logging_mixin.py:115} INFO - [2023-07-12 00:31:35,068] {dagbag.py:508} INFO - Filling up the DagBag from /home/airflow/.local/lib/python3.7/site-packages/airflow/example_dags/example_branch_datetime_operator.py
[2023-07-12 00:31:35,080] {processor.py:651} INFO - DAG(s) dict_keys(['example_branch_datetime_operator', 'example_branch_datetime_operator_2']) retrieved from /home/airflow/.local/lib/python3.7/site-packages/airflow/example_dags/example_branch_datetime_operator.py
[2023-07-12 00:31:35,139] {logging_mixin.py:115} INFO - [2023-07-12 00:31:35,138] {dag.py:2420} INFO - Sync 2 DAGs
[2023-07-12 00:31:35,344] {logging_mixin.py:115} INFO - [2023-07-12 00:31:35,344] {dag.py:2972} INFO - Setting next_dagrun for example_branch_datetime_operator to 2023-07-11T00:00:00+00:00, run_after=2023-07-12T00:00:00+00:00
[2023-07-12 00:31:35,348] {logging_mixin.py:115} INFO - [2023-07-12 00:31:35,348] {dag.py:2972} INFO - Setting next_dagrun for example_branch_datetime_operator_2 to 2023-07-11T00:00:00+00:00, run_after=2023-07-12T00:00:00+00:00
[2023-07-12 00:31:35,362] {processor.py:161} INFO - Processing /home/airflow/.local/lib/python3.7/site-packages/airflow/example_dags/example_branch_datetime_operator.py took 0.298 seconds
[2023-07-12 00:32:06,530] {processor.py:153} INFO - Started process (PID=215) to work on /home/airflow/.local/lib/python3.7/site-packages/airflow/example_dags/example_branch_datetime_operator.py
[2023-07-12 00:32:06,531] {processor.py:641} INFO - Processing file /home/airflow/.local/lib/python3.7/site-packages/airflow/example_dags/example_branch_datetime_operator.py for tasks to queue
[2023-07-12 00:32:06,532] {logging_mixin.py:115} INFO - [2023-07-12 00:32:06,531] {dagbag.py:508} INFO - Filling up the DagBag from /home/airflow/.local/lib/python3.7/site-packages/airflow/example_dags/example_branch_datetime_operator.py
[2023-07-12 00:32:06,552] {processor.py:651} INFO - DAG(s) dict_keys(['example_branch_datetime_operator', 'example_branch_datetime_operator_2']) retrieved from /home/airflow/.local/lib/python3.7/site-packages/airflow/example_dags/example_branch_datetime_operator.py
[2023-07-12 00:32:06,621] {logging_mixin.py:115} INFO - [2023-07-12 00:32:06,621] {dag.py:2420} INFO - Sync 2 DAGs
[2023-07-12 00:32:06,939] {logging_mixin.py:115} INFO - [2023-07-12 00:32:06,938] {dag.py:2972} INFO - Setting next_dagrun for example_branch_datetime_operator to 2023-07-11T00:00:00+00:00, run_after=2023-07-12T00:00:00+00:00
[2023-07-12 00:32:06,943] {logging_mixin.py:115} INFO - [2023-07-12 00:32:06,943] {dag.py:2972} INFO - Setting next_dagrun for example_branch_datetime_operator_2 to 2023-07-11T00:00:00+00:00, run_after=2023-07-12T00:00:00+00:00
[2023-07-12 00:32:06,965] {processor.py:161} INFO - Processing /home/airflow/.local/lib/python3.7/site-packages/airflow/example_dags/example_branch_datetime_operator.py took 0.441 seconds
[2023-07-12 00:32:38,078] {processor.py:153} INFO - Started process (PID=269) to work on /home/airflow/.local/lib/python3.7/site-packages/airflow/example_dags/example_branch_datetime_operator.py
[2023-07-12 00:32:38,079] {processor.py:641} INFO - Processing file /home/airflow/.local/lib/python3.7/site-packages/airflow/example_dags/example_branch_datetime_operator.py for tasks to queue
[2023-07-12 00:32:38,081] {logging_mixin.py:115} INFO - [2023-07-12 00:32:38,080] {dagbag.py:508} INFO - Filling up the DagBag from /home/airflow/.local/lib/python3.7/site-packages/airflow/example_dags/example_branch_datetime_operator.py
[2023-07-12 00:32:38,143] {processor.py:651} INFO - DAG(s) dict_keys(['example_branch_datetime_operator', 'example_branch_datetime_operator_2']) retrieved from /home/airflow/.local/lib/python3.7/site-packages/airflow/example_dags/example_branch_datetime_operator.py
[2023-07-12 00:32:38,295] {logging_mixin.py:115} INFO - [2023-07-12 00:32:38,294] {dag.py:2420} INFO - Sync 2 DAGs
[2023-07-12 00:32:38,758] {logging_mixin.py:115} INFO - [2023-07-12 00:32:38,758] {dag.py:2972} INFO - Setting next_dagrun for example_branch_datetime_operator to 2023-07-11T00:00:00+00:00, run_after=2023-07-12T00:00:00+00:00
[2023-07-12 00:32:38,765] {logging_mixin.py:115} INFO - [2023-07-12 00:32:38,764] {dag.py:2972} INFO - Setting next_dagrun for example_branch_datetime_operator_2 to 2023-07-11T00:00:00+00:00, run_after=2023-07-12T00:00:00+00:00
[2023-07-12 00:32:38,811] {processor.py:161} INFO - Processing /home/airflow/.local/lib/python3.7/site-packages/airflow/example_dags/example_branch_datetime_operator.py took 0.756 seconds
[2023-07-12 00:33:14,176] {processor.py:153} INFO - Started process (PID=364) to work on /home/airflow/.local/lib/python3.7/site-packages/airflow/example_dags/example_branch_datetime_operator.py
[2023-07-12 00:33:14,184] {processor.py:641} INFO - Processing file /home/airflow/.local/lib/python3.7/site-packages/airflow/example_dags/example_branch_datetime_operator.py for tasks to queue
[2023-07-12 00:33:14,185] {logging_mixin.py:115} INFO - [2023-07-12 00:33:14,185] {dagbag.py:508} INFO - Filling up the DagBag from /home/airflow/.local/lib/python3.7/site-packages/airflow/example_dags/example_branch_datetime_operator.py
[2023-07-12 00:33:14,465] {processor.py:651} INFO - DAG(s) dict_keys(['example_branch_datetime_operator', 'example_branch_datetime_operator_2']) retrieved from /home/airflow/.local/lib/python3.7/site-packages/airflow/example_dags/example_branch_datetime_operator.py
[2023-07-12 00:33:15,020] {logging_mixin.py:115} INFO - [2023-07-12 00:33:15,020] {dag.py:2420} INFO - Sync 2 DAGs
[2023-07-12 00:33:16,193] {logging_mixin.py:115} INFO - [2023-07-12 00:33:16,193] {dag.py:2972} INFO - Setting next_dagrun for example_branch_datetime_operator to 2023-07-11T00:00:00+00:00, run_after=2023-07-12T00:00:00+00:00
[2023-07-12 00:33:16,213] {logging_mixin.py:115} INFO - [2023-07-12 00:33:16,213] {dag.py:2972} INFO - Setting next_dagrun for example_branch_datetime_operator_2 to 2023-07-11T00:00:00+00:00, run_after=2023-07-12T00:00:00+00:00
[2023-07-12 00:33:16,264] {processor.py:161} INFO - Processing /home/airflow/.local/lib/python3.7/site-packages/airflow/example_dags/example_branch_datetime_operator.py took 2.182 seconds
[2023-07-12 00:33:48,470] {processor.py:153} INFO - Started process (PID=439) to work on /home/airflow/.local/lib/python3.7/site-packages/airflow/example_dags/example_branch_datetime_operator.py
[2023-07-12 00:33:48,475] {processor.py:641} INFO - Processing file /home/airflow/.local/lib/python3.7/site-packages/airflow/example_dags/example_branch_datetime_operator.py for tasks to queue
[2023-07-12 00:33:48,475] {logging_mixin.py:115} INFO - [2023-07-12 00:33:48,475] {dagbag.py:508} INFO - Filling up the DagBag from /home/airflow/.local/lib/python3.7/site-packages/airflow/example_dags/example_branch_datetime_operator.py
[2023-07-12 00:33:48,594] {processor.py:651} INFO - DAG(s) dict_keys(['example_branch_datetime_operator', 'example_branch_datetime_operator_2']) retrieved from /home/airflow/.local/lib/python3.7/site-packages/airflow/example_dags/example_branch_datetime_operator.py
[2023-07-12 00:33:49,391] {logging_mixin.py:115} INFO - [2023-07-12 00:33:49,391] {dag.py:2420} INFO - Sync 2 DAGs
[2023-07-12 00:33:51,180] {logging_mixin.py:115} INFO - [2023-07-12 00:33:51,179] {dag.py:2972} INFO - Setting next_dagrun for example_branch_datetime_operator to 2023-07-11T00:00:00+00:00, run_after=2023-07-12T00:00:00+00:00
[2023-07-12 00:33:51,257] {logging_mixin.py:115} INFO - [2023-07-12 00:33:51,257] {dag.py:2972} INFO - Setting next_dagrun for example_branch_datetime_operator_2 to 2023-07-11T00:00:00+00:00, run_after=2023-07-12T00:00:00+00:00
[2023-07-12 00:33:51,340] {processor.py:161} INFO - Processing /home/airflow/.local/lib/python3.7/site-packages/airflow/example_dags/example_branch_datetime_operator.py took 2.893 seconds
[2023-07-12 00:34:21,881] {processor.py:153} INFO - Started process (PID=514) to work on /home/airflow/.local/lib/python3.7/site-packages/airflow/example_dags/example_branch_datetime_operator.py
[2023-07-12 00:34:21,882] {processor.py:641} INFO - Processing file /home/airflow/.local/lib/python3.7/site-packages/airflow/example_dags/example_branch_datetime_operator.py for tasks to queue
[2023-07-12 00:34:21,883] {logging_mixin.py:115} INFO - [2023-07-12 00:34:21,882] {dagbag.py:508} INFO - Filling up the DagBag from /home/airflow/.local/lib/python3.7/site-packages/airflow/example_dags/example_branch_datetime_operator.py
[2023-07-12 00:34:21,906] {processor.py:651} INFO - DAG(s) dict_keys(['example_branch_datetime_operator', 'example_branch_datetime_operator_2']) retrieved from /home/airflow/.local/lib/python3.7/site-packages/airflow/example_dags/example_branch_datetime_operator.py
[2023-07-12 00:34:22,043] {logging_mixin.py:115} INFO - [2023-07-12 00:34:22,043] {dag.py:2420} INFO - Sync 2 DAGs
[2023-07-12 00:34:22,378] {logging_mixin.py:115} INFO - [2023-07-12 00:34:22,378] {dag.py:2972} INFO - Setting next_dagrun for example_branch_datetime_operator to 2023-07-11T00:00:00+00:00, run_after=2023-07-12T00:00:00+00:00
[2023-07-12 00:34:22,385] {logging_mixin.py:115} INFO - [2023-07-12 00:34:22,384] {dag.py:2972} INFO - Setting next_dagrun for example_branch_datetime_operator_2 to 2023-07-11T00:00:00+00:00, run_after=2023-07-12T00:00:00+00:00
[2023-07-12 00:34:22,449] {processor.py:161} INFO - Processing /home/airflow/.local/lib/python3.7/site-packages/airflow/example_dags/example_branch_datetime_operator.py took 0.584 seconds
[2023-07-12 00:34:53,444] {processor.py:153} INFO - Started process (PID=567) to work on /home/airflow/.local/lib/python3.7/site-packages/airflow/example_dags/example_branch_datetime_operator.py
[2023-07-12 00:34:53,445] {processor.py:641} INFO - Processing file /home/airflow/.local/lib/python3.7/site-packages/airflow/example_dags/example_branch_datetime_operator.py for tasks to queue
[2023-07-12 00:34:53,446] {logging_mixin.py:115} INFO - [2023-07-12 00:34:53,445] {dagbag.py:508} INFO - Filling up the DagBag from /home/airflow/.local/lib/python3.7/site-packages/airflow/example_dags/example_branch_datetime_operator.py
[2023-07-12 00:34:53,457] {processor.py:651} INFO - DAG(s) dict_keys(['example_branch_datetime_operator', 'example_branch_datetime_operator_2']) retrieved from /home/airflow/.local/lib/python3.7/site-packages/airflow/example_dags/example_branch_datetime_operator.py
[2023-07-12 00:34:53,498] {logging_mixin.py:115} INFO - [2023-07-12 00:34:53,498] {dag.py:2420} INFO - Sync 2 DAGs
[2023-07-12 00:34:53,718] {logging_mixin.py:115} INFO - [2023-07-12 00:34:53,717] {dag.py:2972} INFO - Setting next_dagrun for example_branch_datetime_operator to 2023-07-11T00:00:00+00:00, run_after=2023-07-12T00:00:00+00:00
[2023-07-12 00:34:53,722] {logging_mixin.py:115} INFO - [2023-07-12 00:34:53,722] {dag.py:2972} INFO - Setting next_dagrun for example_branch_datetime_operator_2 to 2023-07-11T00:00:00+00:00, run_after=2023-07-12T00:00:00+00:00
[2023-07-12 00:34:53,753] {processor.py:161} INFO - Processing /home/airflow/.local/lib/python3.7/site-packages/airflow/example_dags/example_branch_datetime_operator.py took 0.313 seconds
[2023-07-12 00:35:24,023] {processor.py:153} INFO - Started process (PID=620) to work on /home/airflow/.local/lib/python3.7/site-packages/airflow/example_dags/example_branch_datetime_operator.py
[2023-07-12 00:35:24,025] {processor.py:641} INFO - Processing file /home/airflow/.local/lib/python3.7/site-packages/airflow/example_dags/example_branch_datetime_operator.py for tasks to queue
[2023-07-12 00:35:24,028] {logging_mixin.py:115} INFO - [2023-07-12 00:35:24,027] {dagbag.py:508} INFO - Filling up the DagBag from /home/airflow/.local/lib/python3.7/site-packages/airflow/example_dags/example_branch_datetime_operator.py
[2023-07-12 00:35:24,091] {processor.py:651} INFO - DAG(s) dict_keys(['example_branch_datetime_operator', 'example_branch_datetime_operator_2']) retrieved from /home/airflow/.local/lib/python3.7/site-packages/airflow/example_dags/example_branch_datetime_operator.py
[2023-07-12 00:35:24,249] {logging_mixin.py:115} INFO - [2023-07-12 00:35:24,248] {dag.py:2420} INFO - Sync 2 DAGs
[2023-07-12 00:35:24,833] {logging_mixin.py:115} INFO - [2023-07-12 00:35:24,833] {dag.py:2972} INFO - Setting next_dagrun for example_branch_datetime_operator to 2023-07-11T00:00:00+00:00, run_after=2023-07-12T00:00:00+00:00
[2023-07-12 00:35:24,840] {logging_mixin.py:115} INFO - [2023-07-12 00:35:24,840] {dag.py:2972} INFO - Setting next_dagrun for example_branch_datetime_operator_2 to 2023-07-11T00:00:00+00:00, run_after=2023-07-12T00:00:00+00:00
[2023-07-12 00:35:24,886] {processor.py:161} INFO - Processing /home/airflow/.local/lib/python3.7/site-packages/airflow/example_dags/example_branch_datetime_operator.py took 0.875 seconds
