[2023-08-01 04:29:42,995] {taskinstance.py:1179} INFO - Dependencies all met for <TaskInstance: etl_api_marvel_hacia_aws_redshift_multitask.transformar_data scheduled__2023-08-01T04:27:35.277444+00:00 [queued]>
[2023-08-01 04:29:43,033] {taskinstance.py:1179} INFO - Dependencies all met for <TaskInstance: etl_api_marvel_hacia_aws_redshift_multitask.transformar_data scheduled__2023-08-01T04:27:35.277444+00:00 [queued]>
[2023-08-01 04:29:43,034] {taskinstance.py:1376} INFO - 
--------------------------------------------------------------------------------
[2023-08-01 04:29:43,034] {taskinstance.py:1377} INFO - Starting attempt 1 of 11
[2023-08-01 04:29:43,034] {taskinstance.py:1378} INFO - 
--------------------------------------------------------------------------------
[2023-08-01 04:29:43,080] {taskinstance.py:1397} INFO - Executing <Task(PythonOperator): transformar_data> on 2023-08-01 04:27:35.277444+00:00
[2023-08-01 04:29:43,094] {standard_task_runner.py:52} INFO - Started process 8962 to run task
[2023-08-01 04:29:43,097] {standard_task_runner.py:79} INFO - Running: ['***', 'tasks', 'run', 'etl_api_marvel_hacia_aws_redshift_multitask', 'transformar_data', 'scheduled__2023-08-01T04:27:35.277444+00:00', '--job-id', '891', '--raw', '--subdir', 'DAGS_FOLDER/dag_etl_multiple_tasks.py', '--cfg-path', '/tmp/tmp92cy8f7d', '--error-file', '/tmp/tmp07u2vvy2']
[2023-08-01 04:29:43,099] {standard_task_runner.py:80} INFO - Job 891: Subtask transformar_data
[2023-08-01 04:29:43,244] {task_command.py:371} INFO - Running <TaskInstance: etl_api_marvel_hacia_aws_redshift_multitask.transformar_data scheduled__2023-08-01T04:27:35.277444+00:00 [running]> on host 24cbf2f01ed0
[2023-08-01 04:29:43,392] {taskinstance.py:1591} INFO - Exporting the following env vars:
AIRFLOW_CTX_DAG_EMAIL=arielmfeldman.af@gmail.com
AIRFLOW_CTX_DAG_OWNER=Ariel Feldman
AIRFLOW_CTX_DAG_ID=etl_api_marvel_hacia_aws_redshift_multitask
AIRFLOW_CTX_TASK_ID=transformar_data
AIRFLOW_CTX_EXECUTION_DATE=2023-08-01T04:27:35.277444+00:00
AIRFLOW_CTX_TRY_NUMBER=1
AIRFLOW_CTX_DAG_RUN_ID=scheduled__2023-08-01T04:27:35.277444+00:00
[2023-08-01 04:29:43,431] {logging_mixin.py:115} INFO - <TaskInstance: etl_api_marvel_hacia_aws_redshift_multitask.transformar_data scheduled__2023-08-01T04:27:35.277444+00:00 [running]>
[2023-08-01 04:29:43,521] {python.py:173} INFO - Done. Returned value was: None
[2023-08-01 04:29:43,558] {taskinstance.py:1420} INFO - Marking task as SUCCESS. dag_id=etl_api_marvel_hacia_aws_redshift_multitask, task_id=transformar_data, execution_date=20230801T042735, start_date=20230801T042942, end_date=20230801T042943
[2023-08-01 04:29:43,612] {local_task_job.py:156} INFO - Task exited with return code 0
[2023-08-01 04:29:43,677] {warnings.py:110} WARNING - /home/***/.local/lib/python3.7/site-packages/***/utils/context.py:202: AirflowContextDeprecationWarning: Accessing 'execution_date' from the template is deprecated and will be removed in a future version. Please use 'data_interval_start' or 'logical_date' instead.
  warnings.warn(_create_deprecation_warning(key, self._deprecation_replacements[key]))

[2023-08-01 04:29:43,678] {warnings.py:110} WARNING - /home/***/.local/lib/python3.7/site-packages/***/utils/context.py:202: AirflowContextDeprecationWarning: Accessing 'next_execution_date' from the template is deprecated and will be removed in a future version. Please use 'data_interval_end' instead.
  warnings.warn(_create_deprecation_warning(key, self._deprecation_replacements[key]))

[2023-08-01 04:29:46,163] {local_task_job.py:273} INFO - 0 downstream tasks scheduled from follow-on schedule check
