[2023-07-30 22:05:04,120] {taskinstance.py:1179} INFO - Dependencies all met for <TaskInstance: dag_smtp_email_automatico.dag_envio scheduled__2023-03-04T00:00:00+00:00 [queued]>
[2023-07-30 22:05:04,152] {taskinstance.py:1179} INFO - Dependencies all met for <TaskInstance: dag_smtp_email_automatico.dag_envio scheduled__2023-03-04T00:00:00+00:00 [queued]>
[2023-07-30 22:05:04,152] {taskinstance.py:1376} INFO - 
--------------------------------------------------------------------------------
[2023-07-30 22:05:04,153] {taskinstance.py:1377} INFO - Starting attempt 1 of 1
[2023-07-30 22:05:04,153] {taskinstance.py:1378} INFO - 
--------------------------------------------------------------------------------
[2023-07-30 22:05:04,211] {taskinstance.py:1397} INFO - Executing <Task(PythonOperator): dag_envio> on 2023-03-04 00:00:00+00:00
[2023-07-30 22:05:04,225] {standard_task_runner.py:79} INFO - Running: ['***', 'tasks', 'run', 'dag_smtp_email_automatico', 'dag_envio', 'scheduled__2023-03-04T00:00:00+00:00', '--job-id', '180', '--raw', '--subdir', 'DAGS_FOLDER/dag_smtp_email.py', '--cfg-path', '/tmp/tmp8tqk89md', '--error-file', '/tmp/tmp649heduc']
[2023-07-30 22:05:04,226] {standard_task_runner.py:80} INFO - Job 180: Subtask dag_envio
[2023-07-30 22:05:04,219] {standard_task_runner.py:52} INFO - Started process 1219 to run task
[2023-07-30 22:05:04,406] {task_command.py:371} INFO - Running <TaskInstance: dag_smtp_email_automatico.dag_envio scheduled__2023-03-04T00:00:00+00:00 [running]> on host b0e2d990d7ae
[2023-07-30 22:05:04,614] {taskinstance.py:1591} INFO - Exporting the following env vars:
AIRFLOW_CTX_DAG_OWNER=Ariel Feldman
AIRFLOW_CTX_DAG_ID=dag_smtp_email_automatico
AIRFLOW_CTX_TASK_ID=dag_envio
AIRFLOW_CTX_EXECUTION_DATE=2023-03-04T00:00:00+00:00
AIRFLOW_CTX_TRY_NUMBER=1
AIRFLOW_CTX_DAG_RUN_ID=scheduled__2023-03-04T00:00:00+00:00
[2023-07-30 22:05:06,620] {logging_mixin.py:115} INFO - (535, b'5.7.8 Username and Password not accepted. Learn more at\n5.7.8  https://support.google.com/mail/?p=BadCredentials o1-20020a544781000000b003a463ded3a3sm3568202oic.53 - gsmtp')
[2023-07-30 22:05:06,621] {logging_mixin.py:115} INFO - Failure
[2023-07-30 22:05:06,621] {python.py:173} INFO - Done. Returned value was: None
[2023-07-30 22:05:06,653] {taskinstance.py:1420} INFO - Marking task as SUCCESS. dag_id=dag_smtp_email_automatico, task_id=dag_envio, execution_date=20230304T000000, start_date=20230730T220504, end_date=20230730T220506
[2023-07-30 22:05:06,725] {local_task_job.py:156} INFO - Task exited with return code 0
[2023-07-30 22:05:06,827] {local_task_job.py:273} INFO - 0 downstream tasks scheduled from follow-on schedule check
