[2023-07-30 22:03:32,992] {taskinstance.py:1179} INFO - Dependencies all met for <TaskInstance: dag_smtp_email_automatico.dag_envio scheduled__2022-12-04T00:00:00+00:00 [queued]>
[2023-07-30 22:03:33,024] {taskinstance.py:1179} INFO - Dependencies all met for <TaskInstance: dag_smtp_email_automatico.dag_envio scheduled__2022-12-04T00:00:00+00:00 [queued]>
[2023-07-30 22:03:33,024] {taskinstance.py:1376} INFO - 
--------------------------------------------------------------------------------
[2023-07-30 22:03:33,024] {taskinstance.py:1377} INFO - Starting attempt 1 of 1
[2023-07-30 22:03:33,024] {taskinstance.py:1378} INFO - 
--------------------------------------------------------------------------------
[2023-07-30 22:03:33,104] {taskinstance.py:1397} INFO - Executing <Task(PythonOperator): dag_envio> on 2022-12-04 00:00:00+00:00
[2023-07-30 22:03:33,113] {standard_task_runner.py:52} INFO - Started process 1002 to run task
[2023-07-30 22:03:33,120] {standard_task_runner.py:79} INFO - Running: ['***', 'tasks', 'run', 'dag_smtp_email_automatico', 'dag_envio', 'scheduled__2022-12-04T00:00:00+00:00', '--job-id', '93', '--raw', '--subdir', 'DAGS_FOLDER/dag_smtp_email.py', '--cfg-path', '/tmp/tmp74qmsxki', '--error-file', '/tmp/tmpv9rorsxk']
[2023-07-30 22:03:33,121] {standard_task_runner.py:80} INFO - Job 93: Subtask dag_envio
[2023-07-30 22:03:33,374] {task_command.py:371} INFO - Running <TaskInstance: dag_smtp_email_automatico.dag_envio scheduled__2022-12-04T00:00:00+00:00 [running]> on host b0e2d990d7ae
[2023-07-30 22:03:33,861] {taskinstance.py:1591} INFO - Exporting the following env vars:
AIRFLOW_CTX_DAG_OWNER=Ariel Feldman
AIRFLOW_CTX_DAG_ID=dag_smtp_email_automatico
AIRFLOW_CTX_TASK_ID=dag_envio
AIRFLOW_CTX_EXECUTION_DATE=2022-12-04T00:00:00+00:00
AIRFLOW_CTX_TRY_NUMBER=1
AIRFLOW_CTX_DAG_RUN_ID=scheduled__2022-12-04T00:00:00+00:00
[2023-07-30 22:03:34,507] {logging_mixin.py:115} INFO - 'EMAIL'
[2023-07-30 22:03:34,517] {logging_mixin.py:115} INFO - Failure
[2023-07-30 22:03:34,517] {python.py:173} INFO - Done. Returned value was: None
[2023-07-30 22:03:34,645] {taskinstance.py:1420} INFO - Marking task as SUCCESS. dag_id=dag_smtp_email_automatico, task_id=dag_envio, execution_date=20221204T000000, start_date=20230730T220332, end_date=20230730T220334
[2023-07-30 22:03:34,858] {local_task_job.py:156} INFO - Task exited with return code 0
[2023-07-30 22:03:35,070] {local_task_job.py:273} INFO - 0 downstream tasks scheduled from follow-on schedule check
