[2023-08-01 00:01:29,147] {taskinstance.py:1179} INFO - Dependencies all met for <TaskInstance: dag_smtp_email_automatico.dag_envio scheduled__2023-07-31T21:11:00+00:00 [queued]>
[2023-08-01 00:01:29,167] {taskinstance.py:1179} INFO - Dependencies all met for <TaskInstance: dag_smtp_email_automatico.dag_envio scheduled__2023-07-31T21:11:00+00:00 [queued]>
[2023-08-01 00:01:29,169] {taskinstance.py:1376} INFO - 
--------------------------------------------------------------------------------
[2023-08-01 00:01:29,171] {taskinstance.py:1377} INFO - Starting attempt 1 of 11
[2023-08-01 00:01:29,172] {taskinstance.py:1378} INFO - 
--------------------------------------------------------------------------------
[2023-08-01 00:01:29,228] {taskinstance.py:1397} INFO - Executing <Task(PythonOperator): dag_envio> on 2023-07-31 21:11:00+00:00
[2023-08-01 00:01:29,278] {standard_task_runner.py:52} INFO - Started process 17912 to run task
[2023-08-01 00:01:29,288] {standard_task_runner.py:79} INFO - Running: ['***', 'tasks', 'run', 'dag_smtp_email_automatico', 'dag_envio', 'scheduled__2023-07-31T21:11:00+00:00', '--job-id', '520', '--raw', '--subdir', 'DAGS_FOLDER/dag_smtp_email.py', '--cfg-path', '/tmp/tmpvoou5f2w', '--error-file', '/tmp/tmpluk6t6_p']
[2023-08-01 00:01:29,292] {standard_task_runner.py:80} INFO - Job 520: Subtask dag_envio
[2023-08-01 00:01:29,899] {task_command.py:371} INFO - Running <TaskInstance: dag_smtp_email_automatico.dag_envio scheduled__2023-07-31T21:11:00+00:00 [running]> on host b0e2d990d7ae
[2023-08-01 00:01:30,260] {taskinstance.py:1591} INFO - Exporting the following env vars:
AIRFLOW_CTX_DAG_EMAIL=arielmfeldman.af@gmail.com
AIRFLOW_CTX_DAG_OWNER=Ariel Feldman
AIRFLOW_CTX_DAG_ID=dag_smtp_email_automatico
AIRFLOW_CTX_TASK_ID=dag_envio
AIRFLOW_CTX_EXECUTION_DATE=2023-07-31T21:11:00+00:00
AIRFLOW_CTX_TRY_NUMBER=1
AIRFLOW_CTX_DAG_RUN_ID=scheduled__2023-07-31T21:11:00+00:00
[2023-08-01 00:01:32,523] {logging_mixin.py:115} INFO - Exito
[2023-08-01 00:01:32,523] {python.py:173} INFO - Done. Returned value was: None
[2023-08-01 00:01:32,724] {taskinstance.py:1420} INFO - Marking task as SUCCESS. dag_id=dag_smtp_email_automatico, task_id=dag_envio, execution_date=20230731T211100, start_date=20230801T000129, end_date=20230801T000132
[2023-08-01 00:01:32,915] {local_task_job.py:156} INFO - Task exited with return code 0
[2023-08-01 00:01:33,173] {local_task_job.py:273} INFO - 0 downstream tasks scheduled from follow-on schedule check
