[2023-08-01 04:15:40,227] {taskinstance.py:1179} INFO - Dependencies all met for <TaskInstance: etl_api_marvel_hacia_aws_redshift_multitask.transformar_data scheduled__2023-08-01T04:13:35.277444+00:00 [queued]>
[2023-08-01 04:15:40,243] {taskinstance.py:1179} INFO - Dependencies all met for <TaskInstance: etl_api_marvel_hacia_aws_redshift_multitask.transformar_data scheduled__2023-08-01T04:13:35.277444+00:00 [queued]>
[2023-08-01 04:15:40,243] {taskinstance.py:1376} INFO - 
--------------------------------------------------------------------------------
[2023-08-01 04:15:40,243] {taskinstance.py:1377} INFO - Starting attempt 1 of 11
[2023-08-01 04:15:40,244] {taskinstance.py:1378} INFO - 
--------------------------------------------------------------------------------
[2023-08-01 04:15:40,262] {taskinstance.py:1397} INFO - Executing <Task(PythonOperator): transformar_data> on 2023-08-01 04:13:35.277444+00:00
[2023-08-01 04:15:40,271] {standard_task_runner.py:52} INFO - Started process 8302 to run task
[2023-08-01 04:15:40,274] {standard_task_runner.py:79} INFO - Running: ['***', 'tasks', 'run', 'etl_api_marvel_hacia_aws_redshift_multitask', 'transformar_data', 'scheduled__2023-08-01T04:13:35.277444+00:00', '--job-id', '870', '--raw', '--subdir', 'DAGS_FOLDER/dag_etl_multiple_tasks.py', '--cfg-path', '/tmp/tmpsh8mk_ms', '--error-file', '/tmp/tmpgzndc59z']
[2023-08-01 04:15:40,276] {standard_task_runner.py:80} INFO - Job 870: Subtask transformar_data
[2023-08-01 04:15:40,375] {task_command.py:371} INFO - Running <TaskInstance: etl_api_marvel_hacia_aws_redshift_multitask.transformar_data scheduled__2023-08-01T04:13:35.277444+00:00 [running]> on host 24cbf2f01ed0
[2023-08-01 04:15:40,503] {taskinstance.py:1591} INFO - Exporting the following env vars:
AIRFLOW_CTX_DAG_EMAIL=arielmfeldman.af@gmail.com
AIRFLOW_CTX_DAG_OWNER=Ariel Feldman
AIRFLOW_CTX_DAG_ID=etl_api_marvel_hacia_aws_redshift_multitask
AIRFLOW_CTX_TASK_ID=transformar_data
AIRFLOW_CTX_EXECUTION_DATE=2023-08-01T04:13:35.277444+00:00
AIRFLOW_CTX_TRY_NUMBER=1
AIRFLOW_CTX_DAG_RUN_ID=scheduled__2023-08-01T04:13:35.277444+00:00
[2023-08-01 04:15:40,521] {logging_mixin.py:115} INFO - <TaskInstance: etl_api_marvel_hacia_aws_redshift_multitask.transformar_data scheduled__2023-08-01T04:13:35.277444+00:00 [running]>
[2023-08-01 04:15:40,560] {python.py:173} INFO - Done. Returned value was: None
[2023-08-01 04:15:40,576] {taskinstance.py:1420} INFO - Marking task as SUCCESS. dag_id=etl_api_marvel_hacia_aws_redshift_multitask, task_id=transformar_data, execution_date=20230801T041335, start_date=20230801T041540, end_date=20230801T041540
[2023-08-01 04:15:40,607] {local_task_job.py:156} INFO - Task exited with return code 0
[2023-08-01 04:15:40,645] {warnings.py:110} WARNING - /home/***/.local/lib/python3.7/site-packages/***/utils/context.py:202: AirflowContextDeprecationWarning: Accessing 'execution_date' from the template is deprecated and will be removed in a future version. Please use 'data_interval_start' or 'logical_date' instead.
  warnings.warn(_create_deprecation_warning(key, self._deprecation_replacements[key]))

[2023-08-01 04:15:40,646] {warnings.py:110} WARNING - /home/***/.local/lib/python3.7/site-packages/***/utils/context.py:202: AirflowContextDeprecationWarning: Accessing 'next_execution_date' from the template is deprecated and will be removed in a future version. Please use 'data_interval_end' instead.
  warnings.warn(_create_deprecation_warning(key, self._deprecation_replacements[key]))

[2023-08-01 04:15:40,646] {logging_mixin.py:115} INFO - conf
[2023-08-01 04:15:40,646] {logging_mixin.py:115} INFO - dag
[2023-08-01 04:15:40,646] {logging_mixin.py:115} INFO - dag_run
[2023-08-01 04:15:40,646] {logging_mixin.py:115} INFO - data_interval_end
[2023-08-01 04:15:40,646] {logging_mixin.py:115} INFO - data_interval_start
[2023-08-01 04:15:40,646] {logging_mixin.py:115} INFO - ds
[2023-08-01 04:15:40,646] {logging_mixin.py:115} INFO - ds_nodash
[2023-08-01 04:15:40,646] {logging_mixin.py:115} INFO - execution_date
[2023-08-01 04:15:40,646] {logging_mixin.py:115} INFO - inlets
[2023-08-01 04:15:40,646] {logging_mixin.py:115} INFO - logical_date
[2023-08-01 04:15:40,646] {logging_mixin.py:115} INFO - macros
[2023-08-01 04:15:40,647] {logging_mixin.py:115} INFO - next_ds
[2023-08-01 04:15:40,647] {logging_mixin.py:115} INFO - next_ds_nodash
[2023-08-01 04:15:40,647] {logging_mixin.py:115} INFO - next_execution_date
[2023-08-01 04:15:40,647] {logging_mixin.py:115} INFO - outlets
[2023-08-01 04:15:40,647] {logging_mixin.py:115} INFO - params
[2023-08-01 04:15:40,647] {logging_mixin.py:115} INFO - prev_data_interval_start_success
[2023-08-01 04:15:40,647] {logging_mixin.py:115} INFO - prev_data_interval_end_success
[2023-08-01 04:15:40,647] {logging_mixin.py:115} INFO - prev_ds
[2023-08-01 04:15:40,647] {logging_mixin.py:115} INFO - prev_ds_nodash
[2023-08-01 04:15:40,647] {logging_mixin.py:115} INFO - prev_execution_date
[2023-08-01 04:15:40,647] {logging_mixin.py:115} INFO - prev_execution_date_success
[2023-08-01 04:15:40,647] {logging_mixin.py:115} INFO - prev_start_date_success
[2023-08-01 04:15:40,647] {logging_mixin.py:115} INFO - run_id
[2023-08-01 04:15:40,647] {logging_mixin.py:115} INFO - task
[2023-08-01 04:15:40,647] {logging_mixin.py:115} INFO - task_instance
[2023-08-01 04:15:40,647] {logging_mixin.py:115} INFO - task_instance_key_str
[2023-08-01 04:15:40,647] {logging_mixin.py:115} INFO - test_mode
[2023-08-01 04:15:40,647] {logging_mixin.py:115} INFO - ti
[2023-08-01 04:15:40,648] {logging_mixin.py:115} INFO - tomorrow_ds
[2023-08-01 04:15:40,648] {logging_mixin.py:115} INFO - tomorrow_ds_nodash
[2023-08-01 04:15:40,648] {logging_mixin.py:115} INFO - ts
[2023-08-01 04:15:40,648] {logging_mixin.py:115} INFO - ts_nodash
[2023-08-01 04:15:40,648] {logging_mixin.py:115} INFO - ts_nodash_with_tz
[2023-08-01 04:15:40,648] {logging_mixin.py:115} INFO - var
[2023-08-01 04:15:40,648] {logging_mixin.py:115} INFO - conn
[2023-08-01 04:15:40,648] {logging_mixin.py:115} INFO - yesterday_ds
[2023-08-01 04:15:40,648] {logging_mixin.py:115} INFO - yesterday_ds_nodash
[2023-08-01 04:15:43,873] {local_task_job.py:273} INFO - 0 downstream tasks scheduled from follow-on schedule check
