[2023-07-15 22:40:29,630] {taskinstance.py:1179} INFO - Dependencies all met for <TaskInstance: prueba_task_groups.tarea_de_grupo_numero_1 manual__2023-07-15T22:40:26.715590+00:00 [queued]>
[2023-07-15 22:40:29,651] {taskinstance.py:1179} INFO - Dependencies all met for <TaskInstance: prueba_task_groups.tarea_de_grupo_numero_1 manual__2023-07-15T22:40:26.715590+00:00 [queued]>
[2023-07-15 22:40:29,651] {taskinstance.py:1376} INFO - 
--------------------------------------------------------------------------------
[2023-07-15 22:40:29,651] {taskinstance.py:1377} INFO - Starting attempt 1 of 6
[2023-07-15 22:40:29,651] {taskinstance.py:1378} INFO - 
--------------------------------------------------------------------------------
[2023-07-15 22:40:29,670] {taskinstance.py:1397} INFO - Executing <Task(BashOperator): tarea_de_grupo_numero_1> on 2023-07-15 22:40:26.715590+00:00
[2023-07-15 22:40:29,677] {standard_task_runner.py:52} INFO - Started process 1759 to run task
[2023-07-15 22:40:29,681] {standard_task_runner.py:79} INFO - Running: ['***', 'tasks', 'run', 'prueba_task_groups', 'tarea_de_grupo_numero_1', 'manual__2023-07-15T22:40:26.715590+00:00', '--job-id', '837', '--raw', '--subdir', 'DAGS_FOLDER/taskgroups.py', '--cfg-path', '/tmp/tmpickzerkm', '--error-file', '/tmp/tmp3ppnptze']
[2023-07-15 22:40:29,682] {standard_task_runner.py:80} INFO - Job 837: Subtask tarea_de_grupo_numero_1
[2023-07-15 22:40:29,805] {task_command.py:371} INFO - Running <TaskInstance: prueba_task_groups.tarea_de_grupo_numero_1 manual__2023-07-15T22:40:26.715590+00:00 [running]> on host 7a1b6d75866e
[2023-07-15 22:40:30,037] {taskinstance.py:1591} INFO - Exporting the following env vars:
AIRFLOW_CTX_DAG_EMAIL=arielmfeldman.af@gmail.com
AIRFLOW_CTX_DAG_OWNER=Ariel Feldman
AIRFLOW_CTX_DAG_ID=prueba_task_groups
AIRFLOW_CTX_TASK_ID=tarea_de_grupo_numero_1
AIRFLOW_CTX_EXECUTION_DATE=2023-07-15T22:40:26.715590+00:00
AIRFLOW_CTX_TRY_NUMBER=1
AIRFLOW_CTX_DAG_RUN_ID=manual__2023-07-15T22:40:26.715590+00:00
[2023-07-15 22:40:30,041] {subprocess.py:62} INFO - Tmp dir root location: 
 /tmp
[2023-07-15 22:40:30,042] {subprocess.py:74} INFO - Running command: ['bash', '-c', 'echo tarea 2 rrope']
[2023-07-15 22:40:30,065] {subprocess.py:85} INFO - Output:
[2023-07-15 22:40:30,069] {subprocess.py:92} INFO - tarea 2 rrope
[2023-07-15 22:40:30,072] {subprocess.py:96} INFO - Command exited with return code 0
[2023-07-15 22:40:30,160] {taskinstance.py:1420} INFO - Marking task as SUCCESS. dag_id=prueba_task_groups, task_id=tarea_de_grupo_numero_1, execution_date=20230715T224026, start_date=20230715T224029, end_date=20230715T224030
[2023-07-15 22:40:30,247] {local_task_job.py:156} INFO - Task exited with return code 0
[2023-07-15 22:40:30,360] {local_task_job.py:273} INFO - 0 downstream tasks scheduled from follow-on schedule check
