[2023-07-31 00:00:57,395] {taskinstance.py:1179} INFO - Dependencies all met for <TaskInstance: hello_world.hello_task scheduled__2017-04-10T00:00:00+00:00 [queued]>
[2023-07-31 00:00:57,440] {taskinstance.py:1179} INFO - Dependencies all met for <TaskInstance: hello_world.hello_task scheduled__2017-04-10T00:00:00+00:00 [queued]>
[2023-07-31 00:00:57,441] {taskinstance.py:1376} INFO - 
--------------------------------------------------------------------------------
[2023-07-31 00:00:57,441] {taskinstance.py:1377} INFO - Starting attempt 1 of 1
[2023-07-31 00:00:57,441] {taskinstance.py:1378} INFO - 
--------------------------------------------------------------------------------
[2023-07-31 00:00:57,609] {taskinstance.py:1397} INFO - Executing <Task(PythonOperator): hello_task> on 2017-04-10 00:00:00+00:00
[2023-07-31 00:00:57,722] {standard_task_runner.py:52} INFO - Started process 6530 to run task
[2023-07-31 00:00:57,766] {standard_task_runner.py:79} INFO - Running: ['***', 'tasks', 'run', 'hello_world', 'hello_task', 'scheduled__2017-04-10T00:00:00+00:00', '--job-id', '369', '--raw', '--subdir', 'DAGS_FOLDER/dag_smtp_test.py', '--cfg-path', '/tmp/tmpadb1mayl', '--error-file', '/tmp/tmpd2eq9vq1']
[2023-07-31 00:00:57,777] {standard_task_runner.py:80} INFO - Job 369: Subtask hello_task
[2023-07-31 00:00:58,618] {task_command.py:371} INFO - Running <TaskInstance: hello_world.hello_task scheduled__2017-04-10T00:00:00+00:00 [running]> on host b0e2d990d7ae
[2023-07-31 00:01:00,017] {taskinstance.py:1591} INFO - Exporting the following env vars:
AIRFLOW_CTX_DAG_OWNER=***
AIRFLOW_CTX_DAG_ID=hello_world
AIRFLOW_CTX_TASK_ID=hello_task
AIRFLOW_CTX_EXECUTION_DATE=2017-04-10T00:00:00+00:00
AIRFLOW_CTX_TRY_NUMBER=1
AIRFLOW_CTX_DAG_RUN_ID=scheduled__2017-04-10T00:00:00+00:00
[2023-07-31 00:01:00,019] {logging_mixin.py:115} INFO - Hello world!
[2023-07-31 00:01:00,019] {python.py:173} INFO - Done. Returned value was: None
[2023-07-31 00:01:00,098] {taskinstance.py:1420} INFO - Marking task as SUCCESS. dag_id=hello_world, task_id=hello_task, execution_date=20170410T000000, start_date=20230731T000057, end_date=20230731T000100
[2023-07-31 00:01:00,229] {local_task_job.py:156} INFO - Task exited with return code 0
[2023-07-31 00:01:00,931] {local_task_job.py:273} INFO - 0 downstream tasks scheduled from follow-on schedule check
