[2023-07-11 00:43:01,536] {processor.py:153} INFO - Started process (PID=74) to work on /home/airflow/.local/lib/python3.7/site-packages/airflow/example_dags/example_dag_decorator.py
[2023-07-11 00:43:01,536] {processor.py:641} INFO - Processing file /home/airflow/.local/lib/python3.7/site-packages/airflow/example_dags/example_dag_decorator.py for tasks to queue
[2023-07-11 00:43:01,542] {logging_mixin.py:115} INFO - [2023-07-11 00:43:01,541] {dagbag.py:508} INFO - Filling up the DagBag from /home/airflow/.local/lib/python3.7/site-packages/airflow/example_dags/example_dag_decorator.py
[2023-07-11 00:43:01,653] {processor.py:651} INFO - DAG(s) dict_keys(['example_dag_decorator']) retrieved from /home/airflow/.local/lib/python3.7/site-packages/airflow/example_dags/example_dag_decorator.py
[2023-07-11 00:43:01,892] {logging_mixin.py:115} INFO - [2023-07-11 00:43:01,892] {manager.py:508} INFO - Created Permission View: can delete on DAG:example_dag_decorator
[2023-07-11 00:43:01,936] {logging_mixin.py:115} INFO - [2023-07-11 00:43:01,936] {manager.py:508} INFO - Created Permission View: can read on DAG:example_dag_decorator
[2023-07-11 00:43:01,964] {logging_mixin.py:115} INFO - [2023-07-11 00:43:01,964] {manager.py:508} INFO - Created Permission View: can edit on DAG:example_dag_decorator
[2023-07-11 00:43:01,965] {logging_mixin.py:115} INFO - [2023-07-11 00:43:01,965] {dag.py:2420} INFO - Sync 1 DAGs
[2023-07-11 00:43:02,025] {logging_mixin.py:115} INFO - [2023-07-11 00:43:02,025] {dag.py:2439} INFO - Creating ORM DAG for example_dag_decorator
[2023-07-11 00:43:02,102] {logging_mixin.py:115} INFO - [2023-07-11 00:43:02,102] {dag.py:2972} INFO - Setting next_dagrun for example_dag_decorator to None, run_after=None
[2023-07-11 00:43:02,168] {processor.py:161} INFO - Processing /home/airflow/.local/lib/python3.7/site-packages/airflow/example_dags/example_dag_decorator.py took 0.647 seconds
[2023-07-11 00:43:32,840] {processor.py:153} INFO - Started process (PID=126) to work on /home/airflow/.local/lib/python3.7/site-packages/airflow/example_dags/example_dag_decorator.py
[2023-07-11 00:43:32,841] {processor.py:641} INFO - Processing file /home/airflow/.local/lib/python3.7/site-packages/airflow/example_dags/example_dag_decorator.py for tasks to queue
[2023-07-11 00:43:32,841] {logging_mixin.py:115} INFO - [2023-07-11 00:43:32,841] {dagbag.py:508} INFO - Filling up the DagBag from /home/airflow/.local/lib/python3.7/site-packages/airflow/example_dags/example_dag_decorator.py
[2023-07-11 00:43:32,883] {processor.py:651} INFO - DAG(s) dict_keys(['example_dag_decorator']) retrieved from /home/airflow/.local/lib/python3.7/site-packages/airflow/example_dags/example_dag_decorator.py
[2023-07-11 00:43:33,019] {logging_mixin.py:115} INFO - [2023-07-11 00:43:33,019] {dag.py:2420} INFO - Sync 1 DAGs
[2023-07-11 00:43:33,049] {logging_mixin.py:115} INFO - [2023-07-11 00:43:33,049] {dag.py:2972} INFO - Setting next_dagrun for example_dag_decorator to None, run_after=None
[2023-07-11 00:43:33,065] {processor.py:161} INFO - Processing /home/airflow/.local/lib/python3.7/site-packages/airflow/example_dags/example_dag_decorator.py took 0.231 seconds
[2023-07-11 00:44:03,288] {processor.py:153} INFO - Started process (PID=185) to work on /home/airflow/.local/lib/python3.7/site-packages/airflow/example_dags/example_dag_decorator.py
[2023-07-11 00:44:03,290] {processor.py:641} INFO - Processing file /home/airflow/.local/lib/python3.7/site-packages/airflow/example_dags/example_dag_decorator.py for tasks to queue
[2023-07-11 00:44:03,291] {logging_mixin.py:115} INFO - [2023-07-11 00:44:03,291] {dagbag.py:508} INFO - Filling up the DagBag from /home/airflow/.local/lib/python3.7/site-packages/airflow/example_dags/example_dag_decorator.py
[2023-07-11 00:44:03,336] {processor.py:651} INFO - DAG(s) dict_keys(['example_dag_decorator']) retrieved from /home/airflow/.local/lib/python3.7/site-packages/airflow/example_dags/example_dag_decorator.py
[2023-07-11 00:44:03,602] {logging_mixin.py:115} INFO - [2023-07-11 00:44:03,602] {dag.py:2420} INFO - Sync 1 DAGs
[2023-07-11 00:44:03,653] {logging_mixin.py:115} INFO - [2023-07-11 00:44:03,653] {dag.py:2972} INFO - Setting next_dagrun for example_dag_decorator to None, run_after=None
[2023-07-11 00:44:03,686] {processor.py:161} INFO - Processing /home/airflow/.local/lib/python3.7/site-packages/airflow/example_dags/example_dag_decorator.py took 0.402 seconds
[2023-07-11 00:44:34,123] {processor.py:153} INFO - Started process (PID=237) to work on /home/airflow/.local/lib/python3.7/site-packages/airflow/example_dags/example_dag_decorator.py
[2023-07-11 00:44:34,124] {processor.py:641} INFO - Processing file /home/airflow/.local/lib/python3.7/site-packages/airflow/example_dags/example_dag_decorator.py for tasks to queue
[2023-07-11 00:44:34,125] {logging_mixin.py:115} INFO - [2023-07-11 00:44:34,125] {dagbag.py:508} INFO - Filling up the DagBag from /home/airflow/.local/lib/python3.7/site-packages/airflow/example_dags/example_dag_decorator.py
[2023-07-11 00:44:34,167] {processor.py:651} INFO - DAG(s) dict_keys(['example_dag_decorator']) retrieved from /home/airflow/.local/lib/python3.7/site-packages/airflow/example_dags/example_dag_decorator.py
[2023-07-11 00:44:34,288] {logging_mixin.py:115} INFO - [2023-07-11 00:44:34,288] {dag.py:2420} INFO - Sync 1 DAGs
[2023-07-11 00:44:34,324] {logging_mixin.py:115} INFO - [2023-07-11 00:44:34,324] {dag.py:2972} INFO - Setting next_dagrun for example_dag_decorator to None, run_after=None
[2023-07-11 00:44:34,351] {processor.py:161} INFO - Processing /home/airflow/.local/lib/python3.7/site-packages/airflow/example_dags/example_dag_decorator.py took 0.233 seconds
[2023-07-11 00:45:04,937] {processor.py:153} INFO - Started process (PID=298) to work on /home/airflow/.local/lib/python3.7/site-packages/airflow/example_dags/example_dag_decorator.py
[2023-07-11 00:45:04,937] {processor.py:641} INFO - Processing file /home/airflow/.local/lib/python3.7/site-packages/airflow/example_dags/example_dag_decorator.py for tasks to queue
[2023-07-11 00:45:04,938] {logging_mixin.py:115} INFO - [2023-07-11 00:45:04,938] {dagbag.py:508} INFO - Filling up the DagBag from /home/airflow/.local/lib/python3.7/site-packages/airflow/example_dags/example_dag_decorator.py
[2023-07-11 00:45:04,983] {processor.py:651} INFO - DAG(s) dict_keys(['example_dag_decorator']) retrieved from /home/airflow/.local/lib/python3.7/site-packages/airflow/example_dags/example_dag_decorator.py
[2023-07-11 00:45:05,084] {logging_mixin.py:115} INFO - [2023-07-11 00:45:05,083] {dag.py:2420} INFO - Sync 1 DAGs
[2023-07-11 00:45:05,114] {logging_mixin.py:115} INFO - [2023-07-11 00:45:05,114] {dag.py:2972} INFO - Setting next_dagrun for example_dag_decorator to None, run_after=None
[2023-07-11 00:45:05,134] {processor.py:161} INFO - Processing /home/airflow/.local/lib/python3.7/site-packages/airflow/example_dags/example_dag_decorator.py took 0.203 seconds
[2023-07-11 00:45:35,666] {processor.py:153} INFO - Started process (PID=350) to work on /home/airflow/.local/lib/python3.7/site-packages/airflow/example_dags/example_dag_decorator.py
[2023-07-11 00:45:35,666] {processor.py:641} INFO - Processing file /home/airflow/.local/lib/python3.7/site-packages/airflow/example_dags/example_dag_decorator.py for tasks to queue
[2023-07-11 00:45:35,667] {logging_mixin.py:115} INFO - [2023-07-11 00:45:35,667] {dagbag.py:508} INFO - Filling up the DagBag from /home/airflow/.local/lib/python3.7/site-packages/airflow/example_dags/example_dag_decorator.py
[2023-07-11 00:45:35,696] {processor.py:651} INFO - DAG(s) dict_keys(['example_dag_decorator']) retrieved from /home/airflow/.local/lib/python3.7/site-packages/airflow/example_dags/example_dag_decorator.py
[2023-07-11 00:45:35,812] {logging_mixin.py:115} INFO - [2023-07-11 00:45:35,812] {dag.py:2420} INFO - Sync 1 DAGs
[2023-07-11 00:45:35,839] {logging_mixin.py:115} INFO - [2023-07-11 00:45:35,839] {dag.py:2972} INFO - Setting next_dagrun for example_dag_decorator to None, run_after=None
[2023-07-11 00:45:35,858] {processor.py:161} INFO - Processing /home/airflow/.local/lib/python3.7/site-packages/airflow/example_dags/example_dag_decorator.py took 0.196 seconds
[2023-07-11 00:46:06,168] {processor.py:153} INFO - Started process (PID=412) to work on /home/airflow/.local/lib/python3.7/site-packages/airflow/example_dags/example_dag_decorator.py
[2023-07-11 00:46:06,169] {processor.py:641} INFO - Processing file /home/airflow/.local/lib/python3.7/site-packages/airflow/example_dags/example_dag_decorator.py for tasks to queue
[2023-07-11 00:46:06,171] {logging_mixin.py:115} INFO - [2023-07-11 00:46:06,170] {dagbag.py:508} INFO - Filling up the DagBag from /home/airflow/.local/lib/python3.7/site-packages/airflow/example_dags/example_dag_decorator.py
[2023-07-11 00:46:06,198] {processor.py:651} INFO - DAG(s) dict_keys(['example_dag_decorator']) retrieved from /home/airflow/.local/lib/python3.7/site-packages/airflow/example_dags/example_dag_decorator.py
[2023-07-11 00:46:06,236] {logging_mixin.py:115} INFO - [2023-07-11 00:46:06,236] {dag.py:2420} INFO - Sync 1 DAGs
[2023-07-11 00:46:06,272] {logging_mixin.py:115} INFO - [2023-07-11 00:46:06,272] {dag.py:2972} INFO - Setting next_dagrun for example_dag_decorator to None, run_after=None
[2023-07-11 00:46:06,288] {processor.py:161} INFO - Processing /home/airflow/.local/lib/python3.7/site-packages/airflow/example_dags/example_dag_decorator.py took 0.124 seconds
[2023-07-11 00:46:36,942] {processor.py:153} INFO - Started process (PID=465) to work on /home/airflow/.local/lib/python3.7/site-packages/airflow/example_dags/example_dag_decorator.py
[2023-07-11 00:46:36,943] {processor.py:641} INFO - Processing file /home/airflow/.local/lib/python3.7/site-packages/airflow/example_dags/example_dag_decorator.py for tasks to queue
[2023-07-11 00:46:36,944] {logging_mixin.py:115} INFO - [2023-07-11 00:46:36,944] {dagbag.py:508} INFO - Filling up the DagBag from /home/airflow/.local/lib/python3.7/site-packages/airflow/example_dags/example_dag_decorator.py
[2023-07-11 00:46:36,972] {processor.py:651} INFO - DAG(s) dict_keys(['example_dag_decorator']) retrieved from /home/airflow/.local/lib/python3.7/site-packages/airflow/example_dags/example_dag_decorator.py
[2023-07-11 00:46:37,088] {logging_mixin.py:115} INFO - [2023-07-11 00:46:37,088] {dag.py:2420} INFO - Sync 1 DAGs
[2023-07-11 00:46:37,120] {logging_mixin.py:115} INFO - [2023-07-11 00:46:37,120] {dag.py:2972} INFO - Setting next_dagrun for example_dag_decorator to None, run_after=None
[2023-07-11 00:46:37,143] {processor.py:161} INFO - Processing /home/airflow/.local/lib/python3.7/site-packages/airflow/example_dags/example_dag_decorator.py took 0.205 seconds
[2023-07-11 00:47:08,000] {processor.py:153} INFO - Started process (PID=526) to work on /home/airflow/.local/lib/python3.7/site-packages/airflow/example_dags/example_dag_decorator.py
[2023-07-11 00:47:08,000] {processor.py:641} INFO - Processing file /home/airflow/.local/lib/python3.7/site-packages/airflow/example_dags/example_dag_decorator.py for tasks to queue
[2023-07-11 00:47:08,001] {logging_mixin.py:115} INFO - [2023-07-11 00:47:08,001] {dagbag.py:508} INFO - Filling up the DagBag from /home/airflow/.local/lib/python3.7/site-packages/airflow/example_dags/example_dag_decorator.py
[2023-07-11 00:47:08,029] {processor.py:651} INFO - DAG(s) dict_keys(['example_dag_decorator']) retrieved from /home/airflow/.local/lib/python3.7/site-packages/airflow/example_dags/example_dag_decorator.py
[2023-07-11 00:47:08,117] {logging_mixin.py:115} INFO - [2023-07-11 00:47:08,117] {dag.py:2420} INFO - Sync 1 DAGs
[2023-07-11 00:47:08,146] {logging_mixin.py:115} INFO - [2023-07-11 00:47:08,146] {dag.py:2972} INFO - Setting next_dagrun for example_dag_decorator to None, run_after=None
[2023-07-11 00:47:08,165] {processor.py:161} INFO - Processing /home/airflow/.local/lib/python3.7/site-packages/airflow/example_dags/example_dag_decorator.py took 0.169 seconds
[2023-07-11 00:47:38,897] {processor.py:153} INFO - Started process (PID=578) to work on /home/airflow/.local/lib/python3.7/site-packages/airflow/example_dags/example_dag_decorator.py
[2023-07-11 00:47:38,898] {processor.py:641} INFO - Processing file /home/airflow/.local/lib/python3.7/site-packages/airflow/example_dags/example_dag_decorator.py for tasks to queue
[2023-07-11 00:47:38,899] {logging_mixin.py:115} INFO - [2023-07-11 00:47:38,899] {dagbag.py:508} INFO - Filling up the DagBag from /home/airflow/.local/lib/python3.7/site-packages/airflow/example_dags/example_dag_decorator.py
[2023-07-11 00:47:38,931] {processor.py:651} INFO - DAG(s) dict_keys(['example_dag_decorator']) retrieved from /home/airflow/.local/lib/python3.7/site-packages/airflow/example_dags/example_dag_decorator.py
[2023-07-11 00:47:39,047] {logging_mixin.py:115} INFO - [2023-07-11 00:47:39,047] {dag.py:2420} INFO - Sync 1 DAGs
[2023-07-11 00:47:39,085] {logging_mixin.py:115} INFO - [2023-07-11 00:47:39,085] {dag.py:2972} INFO - Setting next_dagrun for example_dag_decorator to None, run_after=None
[2023-07-11 00:47:39,105] {processor.py:161} INFO - Processing /home/airflow/.local/lib/python3.7/site-packages/airflow/example_dags/example_dag_decorator.py took 0.213 seconds
[2023-07-11 00:48:09,183] {processor.py:153} INFO - Started process (PID=640) to work on /home/airflow/.local/lib/python3.7/site-packages/airflow/example_dags/example_dag_decorator.py
[2023-07-11 00:48:09,184] {processor.py:641} INFO - Processing file /home/airflow/.local/lib/python3.7/site-packages/airflow/example_dags/example_dag_decorator.py for tasks to queue
[2023-07-11 00:48:09,184] {logging_mixin.py:115} INFO - [2023-07-11 00:48:09,184] {dagbag.py:508} INFO - Filling up the DagBag from /home/airflow/.local/lib/python3.7/site-packages/airflow/example_dags/example_dag_decorator.py
[2023-07-11 00:48:09,212] {processor.py:651} INFO - DAG(s) dict_keys(['example_dag_decorator']) retrieved from /home/airflow/.local/lib/python3.7/site-packages/airflow/example_dags/example_dag_decorator.py
[2023-07-11 00:48:09,301] {logging_mixin.py:115} INFO - [2023-07-11 00:48:09,301] {dag.py:2420} INFO - Sync 1 DAGs
[2023-07-11 00:48:09,327] {logging_mixin.py:115} INFO - [2023-07-11 00:48:09,327] {dag.py:2972} INFO - Setting next_dagrun for example_dag_decorator to None, run_after=None
[2023-07-11 00:48:09,343] {processor.py:161} INFO - Processing /home/airflow/.local/lib/python3.7/site-packages/airflow/example_dags/example_dag_decorator.py took 0.164 seconds
[2023-07-11 00:48:39,643] {processor.py:153} INFO - Started process (PID=701) to work on /home/airflow/.local/lib/python3.7/site-packages/airflow/example_dags/example_dag_decorator.py
[2023-07-11 00:48:39,644] {processor.py:641} INFO - Processing file /home/airflow/.local/lib/python3.7/site-packages/airflow/example_dags/example_dag_decorator.py for tasks to queue
[2023-07-11 00:48:39,645] {logging_mixin.py:115} INFO - [2023-07-11 00:48:39,645] {dagbag.py:508} INFO - Filling up the DagBag from /home/airflow/.local/lib/python3.7/site-packages/airflow/example_dags/example_dag_decorator.py
[2023-07-11 00:48:39,688] {processor.py:651} INFO - DAG(s) dict_keys(['example_dag_decorator']) retrieved from /home/airflow/.local/lib/python3.7/site-packages/airflow/example_dags/example_dag_decorator.py
[2023-07-11 00:48:39,808] {logging_mixin.py:115} INFO - [2023-07-11 00:48:39,808] {dag.py:2420} INFO - Sync 1 DAGs
[2023-07-11 00:48:39,832] {logging_mixin.py:115} INFO - [2023-07-11 00:48:39,832] {dag.py:2972} INFO - Setting next_dagrun for example_dag_decorator to None, run_after=None
[2023-07-11 00:48:39,848] {processor.py:161} INFO - Processing /home/airflow/.local/lib/python3.7/site-packages/airflow/example_dags/example_dag_decorator.py took 0.210 seconds
[2023-07-11 00:49:10,211] {processor.py:153} INFO - Started process (PID=755) to work on /home/airflow/.local/lib/python3.7/site-packages/airflow/example_dags/example_dag_decorator.py
[2023-07-11 00:49:10,212] {processor.py:641} INFO - Processing file /home/airflow/.local/lib/python3.7/site-packages/airflow/example_dags/example_dag_decorator.py for tasks to queue
[2023-07-11 00:49:10,213] {logging_mixin.py:115} INFO - [2023-07-11 00:49:10,213] {dagbag.py:508} INFO - Filling up the DagBag from /home/airflow/.local/lib/python3.7/site-packages/airflow/example_dags/example_dag_decorator.py
[2023-07-11 00:49:10,236] {processor.py:651} INFO - DAG(s) dict_keys(['example_dag_decorator']) retrieved from /home/airflow/.local/lib/python3.7/site-packages/airflow/example_dags/example_dag_decorator.py
[2023-07-11 00:49:10,308] {logging_mixin.py:115} INFO - [2023-07-11 00:49:10,307] {dag.py:2420} INFO - Sync 1 DAGs
[2023-07-11 00:49:10,329] {logging_mixin.py:115} INFO - [2023-07-11 00:49:10,329] {dag.py:2972} INFO - Setting next_dagrun for example_dag_decorator to None, run_after=None
[2023-07-11 00:49:10,345] {processor.py:161} INFO - Processing /home/airflow/.local/lib/python3.7/site-packages/airflow/example_dags/example_dag_decorator.py took 0.137 seconds
[2023-07-11 00:49:40,388] {processor.py:153} INFO - Started process (PID=807) to work on /home/airflow/.local/lib/python3.7/site-packages/airflow/example_dags/example_dag_decorator.py
[2023-07-11 00:49:40,389] {processor.py:641} INFO - Processing file /home/airflow/.local/lib/python3.7/site-packages/airflow/example_dags/example_dag_decorator.py for tasks to queue
[2023-07-11 00:49:40,389] {logging_mixin.py:115} INFO - [2023-07-11 00:49:40,389] {dagbag.py:508} INFO - Filling up the DagBag from /home/airflow/.local/lib/python3.7/site-packages/airflow/example_dags/example_dag_decorator.py
[2023-07-11 00:49:40,413] {processor.py:651} INFO - DAG(s) dict_keys(['example_dag_decorator']) retrieved from /home/airflow/.local/lib/python3.7/site-packages/airflow/example_dags/example_dag_decorator.py
[2023-07-11 00:49:40,489] {logging_mixin.py:115} INFO - [2023-07-11 00:49:40,489] {dag.py:2420} INFO - Sync 1 DAGs
[2023-07-11 00:49:40,536] {logging_mixin.py:115} INFO - [2023-07-11 00:49:40,536] {dag.py:2972} INFO - Setting next_dagrun for example_dag_decorator to None, run_after=None
[2023-07-11 00:49:40,557] {processor.py:161} INFO - Processing /home/airflow/.local/lib/python3.7/site-packages/airflow/example_dags/example_dag_decorator.py took 0.173 seconds
[2023-07-11 00:50:10,879] {processor.py:153} INFO - Started process (PID=864) to work on /home/airflow/.local/lib/python3.7/site-packages/airflow/example_dags/example_dag_decorator.py
[2023-07-11 00:50:10,880] {processor.py:641} INFO - Processing file /home/airflow/.local/lib/python3.7/site-packages/airflow/example_dags/example_dag_decorator.py for tasks to queue
[2023-07-11 00:50:10,881] {logging_mixin.py:115} INFO - [2023-07-11 00:50:10,880] {dagbag.py:508} INFO - Filling up the DagBag from /home/airflow/.local/lib/python3.7/site-packages/airflow/example_dags/example_dag_decorator.py
[2023-07-11 00:50:10,916] {processor.py:651} INFO - DAG(s) dict_keys(['example_dag_decorator']) retrieved from /home/airflow/.local/lib/python3.7/site-packages/airflow/example_dags/example_dag_decorator.py
[2023-07-11 00:50:10,946] {logging_mixin.py:115} INFO - [2023-07-11 00:50:10,946] {dag.py:2420} INFO - Sync 1 DAGs
[2023-07-11 00:50:10,985] {logging_mixin.py:115} INFO - [2023-07-11 00:50:10,985] {dag.py:2972} INFO - Setting next_dagrun for example_dag_decorator to None, run_after=None
[2023-07-11 00:50:11,006] {processor.py:161} INFO - Processing /home/airflow/.local/lib/python3.7/site-packages/airflow/example_dags/example_dag_decorator.py took 0.130 seconds
[2023-07-11 00:50:41,551] {processor.py:153} INFO - Started process (PID=923) to work on /home/airflow/.local/lib/python3.7/site-packages/airflow/example_dags/example_dag_decorator.py
[2023-07-11 00:50:41,552] {processor.py:641} INFO - Processing file /home/airflow/.local/lib/python3.7/site-packages/airflow/example_dags/example_dag_decorator.py for tasks to queue
[2023-07-11 00:50:41,553] {logging_mixin.py:115} INFO - [2023-07-11 00:50:41,553] {dagbag.py:508} INFO - Filling up the DagBag from /home/airflow/.local/lib/python3.7/site-packages/airflow/example_dags/example_dag_decorator.py
[2023-07-11 00:50:41,600] {processor.py:651} INFO - DAG(s) dict_keys(['example_dag_decorator']) retrieved from /home/airflow/.local/lib/python3.7/site-packages/airflow/example_dags/example_dag_decorator.py
[2023-07-11 00:50:41,750] {logging_mixin.py:115} INFO - [2023-07-11 00:50:41,750] {dag.py:2420} INFO - Sync 1 DAGs
[2023-07-11 00:50:41,785] {logging_mixin.py:115} INFO - [2023-07-11 00:50:41,785] {dag.py:2972} INFO - Setting next_dagrun for example_dag_decorator to None, run_after=None
[2023-07-11 00:50:41,811] {processor.py:161} INFO - Processing /home/airflow/.local/lib/python3.7/site-packages/airflow/example_dags/example_dag_decorator.py took 0.265 seconds
[2023-07-11 00:51:12,072] {processor.py:153} INFO - Started process (PID=975) to work on /home/airflow/.local/lib/python3.7/site-packages/airflow/example_dags/example_dag_decorator.py
[2023-07-11 00:51:12,072] {processor.py:641} INFO - Processing file /home/airflow/.local/lib/python3.7/site-packages/airflow/example_dags/example_dag_decorator.py for tasks to queue
[2023-07-11 00:51:12,073] {logging_mixin.py:115} INFO - [2023-07-11 00:51:12,073] {dagbag.py:508} INFO - Filling up the DagBag from /home/airflow/.local/lib/python3.7/site-packages/airflow/example_dags/example_dag_decorator.py
[2023-07-11 00:51:12,111] {processor.py:651} INFO - DAG(s) dict_keys(['example_dag_decorator']) retrieved from /home/airflow/.local/lib/python3.7/site-packages/airflow/example_dags/example_dag_decorator.py
[2023-07-11 00:51:12,238] {logging_mixin.py:115} INFO - [2023-07-11 00:51:12,238] {dag.py:2420} INFO - Sync 1 DAGs
[2023-07-11 00:51:12,277] {logging_mixin.py:115} INFO - [2023-07-11 00:51:12,277] {dag.py:2972} INFO - Setting next_dagrun for example_dag_decorator to None, run_after=None
[2023-07-11 00:51:12,300] {processor.py:161} INFO - Processing /home/airflow/.local/lib/python3.7/site-packages/airflow/example_dags/example_dag_decorator.py took 0.233 seconds
[2023-07-11 00:51:42,783] {processor.py:153} INFO - Started process (PID=1036) to work on /home/airflow/.local/lib/python3.7/site-packages/airflow/example_dags/example_dag_decorator.py
[2023-07-11 00:51:42,784] {processor.py:641} INFO - Processing file /home/airflow/.local/lib/python3.7/site-packages/airflow/example_dags/example_dag_decorator.py for tasks to queue
[2023-07-11 00:51:42,785] {logging_mixin.py:115} INFO - [2023-07-11 00:51:42,785] {dagbag.py:508} INFO - Filling up the DagBag from /home/airflow/.local/lib/python3.7/site-packages/airflow/example_dags/example_dag_decorator.py
[2023-07-11 00:51:42,823] {processor.py:651} INFO - DAG(s) dict_keys(['example_dag_decorator']) retrieved from /home/airflow/.local/lib/python3.7/site-packages/airflow/example_dags/example_dag_decorator.py
[2023-07-11 00:51:42,936] {logging_mixin.py:115} INFO - [2023-07-11 00:51:42,936] {dag.py:2420} INFO - Sync 1 DAGs
[2023-07-11 00:51:42,963] {logging_mixin.py:115} INFO - [2023-07-11 00:51:42,963] {dag.py:2972} INFO - Setting next_dagrun for example_dag_decorator to None, run_after=None
[2023-07-11 00:51:42,984] {processor.py:161} INFO - Processing /home/airflow/.local/lib/python3.7/site-packages/airflow/example_dags/example_dag_decorator.py took 0.206 seconds
[2023-07-11 22:50:13,291] {processor.py:153} INFO - Started process (PID=1078) to work on /home/airflow/.local/lib/python3.7/site-packages/airflow/example_dags/example_dag_decorator.py
[2023-07-11 22:50:13,304] {processor.py:641} INFO - Processing file /home/airflow/.local/lib/python3.7/site-packages/airflow/example_dags/example_dag_decorator.py for tasks to queue
[2023-07-11 22:50:13,311] {logging_mixin.py:115} INFO - [2023-07-11 22:50:13,311] {dagbag.py:508} INFO - Filling up the DagBag from /home/airflow/.local/lib/python3.7/site-packages/airflow/example_dags/example_dag_decorator.py
[2023-07-11 22:50:13,579] {processor.py:651} INFO - DAG(s) dict_keys(['example_dag_decorator']) retrieved from /home/airflow/.local/lib/python3.7/site-packages/airflow/example_dags/example_dag_decorator.py
[2023-07-11 22:50:14,260] {logging_mixin.py:115} INFO - [2023-07-11 22:50:14,260] {dag.py:2420} INFO - Sync 1 DAGs
[2023-07-11 22:50:14,430] {logging_mixin.py:115} INFO - [2023-07-11 22:50:14,430] {dag.py:2972} INFO - Setting next_dagrun for example_dag_decorator to None, run_after=None
[2023-07-11 22:50:14,529] {processor.py:161} INFO - Processing /home/airflow/.local/lib/python3.7/site-packages/airflow/example_dags/example_dag_decorator.py took 1.269 seconds
[2023-07-11 22:50:44,705] {processor.py:153} INFO - Started process (PID=1131) to work on /home/airflow/.local/lib/python3.7/site-packages/airflow/example_dags/example_dag_decorator.py
[2023-07-11 22:50:44,706] {processor.py:641} INFO - Processing file /home/airflow/.local/lib/python3.7/site-packages/airflow/example_dags/example_dag_decorator.py for tasks to queue
[2023-07-11 22:50:44,706] {logging_mixin.py:115} INFO - [2023-07-11 22:50:44,706] {dagbag.py:508} INFO - Filling up the DagBag from /home/airflow/.local/lib/python3.7/site-packages/airflow/example_dags/example_dag_decorator.py
[2023-07-11 22:50:44,745] {processor.py:651} INFO - DAG(s) dict_keys(['example_dag_decorator']) retrieved from /home/airflow/.local/lib/python3.7/site-packages/airflow/example_dags/example_dag_decorator.py
[2023-07-11 22:50:44,832] {logging_mixin.py:115} INFO - [2023-07-11 22:50:44,832] {dag.py:2420} INFO - Sync 1 DAGs
[2023-07-11 22:50:44,858] {logging_mixin.py:115} INFO - [2023-07-11 22:50:44,858] {dag.py:2972} INFO - Setting next_dagrun for example_dag_decorator to None, run_after=None
[2023-07-11 22:50:44,873] {processor.py:161} INFO - Processing /home/airflow/.local/lib/python3.7/site-packages/airflow/example_dags/example_dag_decorator.py took 0.173 seconds
[2023-07-11 22:51:15,399] {processor.py:153} INFO - Started process (PID=1182) to work on /home/airflow/.local/lib/python3.7/site-packages/airflow/example_dags/example_dag_decorator.py
[2023-07-11 22:51:15,400] {processor.py:641} INFO - Processing file /home/airflow/.local/lib/python3.7/site-packages/airflow/example_dags/example_dag_decorator.py for tasks to queue
[2023-07-11 22:51:15,400] {logging_mixin.py:115} INFO - [2023-07-11 22:51:15,400] {dagbag.py:508} INFO - Filling up the DagBag from /home/airflow/.local/lib/python3.7/site-packages/airflow/example_dags/example_dag_decorator.py
[2023-07-11 22:51:15,429] {processor.py:651} INFO - DAG(s) dict_keys(['example_dag_decorator']) retrieved from /home/airflow/.local/lib/python3.7/site-packages/airflow/example_dags/example_dag_decorator.py
[2023-07-11 22:51:15,580] {logging_mixin.py:115} INFO - [2023-07-11 22:51:15,580] {dag.py:2420} INFO - Sync 1 DAGs
[2023-07-11 22:51:15,609] {logging_mixin.py:115} INFO - [2023-07-11 22:51:15,609] {dag.py:2972} INFO - Setting next_dagrun for example_dag_decorator to None, run_after=None
[2023-07-11 22:51:15,632] {processor.py:161} INFO - Processing /home/airflow/.local/lib/python3.7/site-packages/airflow/example_dags/example_dag_decorator.py took 0.236 seconds
[2023-07-11 22:51:45,891] {processor.py:153} INFO - Started process (PID=1243) to work on /home/airflow/.local/lib/python3.7/site-packages/airflow/example_dags/example_dag_decorator.py
[2023-07-11 22:51:45,892] {processor.py:641} INFO - Processing file /home/airflow/.local/lib/python3.7/site-packages/airflow/example_dags/example_dag_decorator.py for tasks to queue
[2023-07-11 22:51:45,893] {logging_mixin.py:115} INFO - [2023-07-11 22:51:45,893] {dagbag.py:508} INFO - Filling up the DagBag from /home/airflow/.local/lib/python3.7/site-packages/airflow/example_dags/example_dag_decorator.py
[2023-07-11 22:51:45,967] {processor.py:651} INFO - DAG(s) dict_keys(['example_dag_decorator']) retrieved from /home/airflow/.local/lib/python3.7/site-packages/airflow/example_dags/example_dag_decorator.py
[2023-07-11 22:51:46,098] {logging_mixin.py:115} INFO - [2023-07-11 22:51:46,098] {dag.py:2420} INFO - Sync 1 DAGs
[2023-07-11 22:51:46,142] {logging_mixin.py:115} INFO - [2023-07-11 22:51:46,142] {dag.py:2972} INFO - Setting next_dagrun for example_dag_decorator to None, run_after=None
[2023-07-11 22:51:46,179] {processor.py:161} INFO - Processing /home/airflow/.local/lib/python3.7/site-packages/airflow/example_dags/example_dag_decorator.py took 0.292 seconds
[2023-07-11 22:52:16,273] {processor.py:153} INFO - Started process (PID=1293) to work on /home/airflow/.local/lib/python3.7/site-packages/airflow/example_dags/example_dag_decorator.py
[2023-07-11 22:52:16,274] {processor.py:641} INFO - Processing file /home/airflow/.local/lib/python3.7/site-packages/airflow/example_dags/example_dag_decorator.py for tasks to queue
[2023-07-11 22:52:16,275] {logging_mixin.py:115} INFO - [2023-07-11 22:52:16,275] {dagbag.py:508} INFO - Filling up the DagBag from /home/airflow/.local/lib/python3.7/site-packages/airflow/example_dags/example_dag_decorator.py
[2023-07-11 22:52:16,315] {processor.py:651} INFO - DAG(s) dict_keys(['example_dag_decorator']) retrieved from /home/airflow/.local/lib/python3.7/site-packages/airflow/example_dags/example_dag_decorator.py
[2023-07-11 22:52:16,459] {logging_mixin.py:115} INFO - [2023-07-11 22:52:16,459] {dag.py:2420} INFO - Sync 1 DAGs
[2023-07-11 22:52:16,500] {logging_mixin.py:115} INFO - [2023-07-11 22:52:16,500] {dag.py:2972} INFO - Setting next_dagrun for example_dag_decorator to None, run_after=None
[2023-07-11 22:52:16,533] {processor.py:161} INFO - Processing /home/airflow/.local/lib/python3.7/site-packages/airflow/example_dags/example_dag_decorator.py took 0.265 seconds
[2023-07-11 22:52:47,126] {processor.py:153} INFO - Started process (PID=1344) to work on /home/airflow/.local/lib/python3.7/site-packages/airflow/example_dags/example_dag_decorator.py
[2023-07-11 22:52:47,131] {processor.py:641} INFO - Processing file /home/airflow/.local/lib/python3.7/site-packages/airflow/example_dags/example_dag_decorator.py for tasks to queue
[2023-07-11 22:52:47,133] {logging_mixin.py:115} INFO - [2023-07-11 22:52:47,133] {dagbag.py:508} INFO - Filling up the DagBag from /home/airflow/.local/lib/python3.7/site-packages/airflow/example_dags/example_dag_decorator.py
[2023-07-11 22:52:47,190] {processor.py:651} INFO - DAG(s) dict_keys(['example_dag_decorator']) retrieved from /home/airflow/.local/lib/python3.7/site-packages/airflow/example_dags/example_dag_decorator.py
[2023-07-11 22:52:47,321] {logging_mixin.py:115} INFO - [2023-07-11 22:52:47,321] {dag.py:2420} INFO - Sync 1 DAGs
[2023-07-11 22:52:47,401] {logging_mixin.py:115} INFO - [2023-07-11 22:52:47,401] {dag.py:2972} INFO - Setting next_dagrun for example_dag_decorator to None, run_after=None
[2023-07-11 22:52:47,444] {processor.py:161} INFO - Processing /home/airflow/.local/lib/python3.7/site-packages/airflow/example_dags/example_dag_decorator.py took 0.322 seconds
[2023-07-11 22:53:18,171] {processor.py:153} INFO - Started process (PID=1395) to work on /home/airflow/.local/lib/python3.7/site-packages/airflow/example_dags/example_dag_decorator.py
[2023-07-11 22:53:18,171] {processor.py:641} INFO - Processing file /home/airflow/.local/lib/python3.7/site-packages/airflow/example_dags/example_dag_decorator.py for tasks to queue
[2023-07-11 22:53:18,172] {logging_mixin.py:115} INFO - [2023-07-11 22:53:18,172] {dagbag.py:508} INFO - Filling up the DagBag from /home/airflow/.local/lib/python3.7/site-packages/airflow/example_dags/example_dag_decorator.py
[2023-07-11 22:53:18,209] {processor.py:651} INFO - DAG(s) dict_keys(['example_dag_decorator']) retrieved from /home/airflow/.local/lib/python3.7/site-packages/airflow/example_dags/example_dag_decorator.py
[2023-07-11 22:53:18,393] {logging_mixin.py:115} INFO - [2023-07-11 22:53:18,393] {dag.py:2420} INFO - Sync 1 DAGs
[2023-07-11 22:53:18,445] {logging_mixin.py:115} INFO - [2023-07-11 22:53:18,445] {dag.py:2972} INFO - Setting next_dagrun for example_dag_decorator to None, run_after=None
[2023-07-11 22:53:18,481] {processor.py:161} INFO - Processing /home/airflow/.local/lib/python3.7/site-packages/airflow/example_dags/example_dag_decorator.py took 0.317 seconds
[2023-07-11 22:53:49,188] {processor.py:153} INFO - Started process (PID=1457) to work on /home/airflow/.local/lib/python3.7/site-packages/airflow/example_dags/example_dag_decorator.py
[2023-07-11 22:53:49,189] {processor.py:641} INFO - Processing file /home/airflow/.local/lib/python3.7/site-packages/airflow/example_dags/example_dag_decorator.py for tasks to queue
[2023-07-11 22:53:49,190] {logging_mixin.py:115} INFO - [2023-07-11 22:53:49,190] {dagbag.py:508} INFO - Filling up the DagBag from /home/airflow/.local/lib/python3.7/site-packages/airflow/example_dags/example_dag_decorator.py
[2023-07-11 22:53:49,268] {processor.py:651} INFO - DAG(s) dict_keys(['example_dag_decorator']) retrieved from /home/airflow/.local/lib/python3.7/site-packages/airflow/example_dags/example_dag_decorator.py
[2023-07-11 22:53:49,508] {logging_mixin.py:115} INFO - [2023-07-11 22:53:49,508] {dag.py:2420} INFO - Sync 1 DAGs
[2023-07-11 22:53:49,558] {logging_mixin.py:115} INFO - [2023-07-11 22:53:49,558] {dag.py:2972} INFO - Setting next_dagrun for example_dag_decorator to None, run_after=None
[2023-07-11 22:53:49,599] {processor.py:161} INFO - Processing /home/airflow/.local/lib/python3.7/site-packages/airflow/example_dags/example_dag_decorator.py took 0.418 seconds
[2023-07-11 22:54:19,756] {processor.py:153} INFO - Started process (PID=1507) to work on /home/airflow/.local/lib/python3.7/site-packages/airflow/example_dags/example_dag_decorator.py
[2023-07-11 22:54:19,759] {processor.py:641} INFO - Processing file /home/airflow/.local/lib/python3.7/site-packages/airflow/example_dags/example_dag_decorator.py for tasks to queue
[2023-07-11 22:54:19,760] {logging_mixin.py:115} INFO - [2023-07-11 22:54:19,760] {dagbag.py:508} INFO - Filling up the DagBag from /home/airflow/.local/lib/python3.7/site-packages/airflow/example_dags/example_dag_decorator.py
[2023-07-11 22:54:19,856] {processor.py:651} INFO - DAG(s) dict_keys(['example_dag_decorator']) retrieved from /home/airflow/.local/lib/python3.7/site-packages/airflow/example_dags/example_dag_decorator.py
[2023-07-11 22:54:20,073] {logging_mixin.py:115} INFO - [2023-07-11 22:54:20,073] {dag.py:2420} INFO - Sync 1 DAGs
[2023-07-11 22:54:20,143] {logging_mixin.py:115} INFO - [2023-07-11 22:54:20,143] {dag.py:2972} INFO - Setting next_dagrun for example_dag_decorator to None, run_after=None
[2023-07-11 22:54:20,196] {processor.py:161} INFO - Processing /home/airflow/.local/lib/python3.7/site-packages/airflow/example_dags/example_dag_decorator.py took 0.455 seconds
[2023-07-11 22:54:50,676] {processor.py:153} INFO - Started process (PID=1558) to work on /home/airflow/.local/lib/python3.7/site-packages/airflow/example_dags/example_dag_decorator.py
[2023-07-11 22:54:50,677] {processor.py:641} INFO - Processing file /home/airflow/.local/lib/python3.7/site-packages/airflow/example_dags/example_dag_decorator.py for tasks to queue
[2023-07-11 22:54:50,678] {logging_mixin.py:115} INFO - [2023-07-11 22:54:50,678] {dagbag.py:508} INFO - Filling up the DagBag from /home/airflow/.local/lib/python3.7/site-packages/airflow/example_dags/example_dag_decorator.py
[2023-07-11 22:54:50,783] {processor.py:651} INFO - DAG(s) dict_keys(['example_dag_decorator']) retrieved from /home/airflow/.local/lib/python3.7/site-packages/airflow/example_dags/example_dag_decorator.py
[2023-07-11 22:54:51,093] {logging_mixin.py:115} INFO - [2023-07-11 22:54:51,092] {dag.py:2420} INFO - Sync 1 DAGs
[2023-07-11 22:54:51,195] {logging_mixin.py:115} INFO - [2023-07-11 22:54:51,194] {dag.py:2972} INFO - Setting next_dagrun for example_dag_decorator to None, run_after=None
[2023-07-11 22:54:51,252] {processor.py:161} INFO - Processing /home/airflow/.local/lib/python3.7/site-packages/airflow/example_dags/example_dag_decorator.py took 0.585 seconds
[2023-07-11 22:55:21,823] {processor.py:153} INFO - Started process (PID=1611) to work on /home/airflow/.local/lib/python3.7/site-packages/airflow/example_dags/example_dag_decorator.py
[2023-07-11 22:55:21,827] {processor.py:641} INFO - Processing file /home/airflow/.local/lib/python3.7/site-packages/airflow/example_dags/example_dag_decorator.py for tasks to queue
[2023-07-11 22:55:21,828] {logging_mixin.py:115} INFO - [2023-07-11 22:55:21,828] {dagbag.py:508} INFO - Filling up the DagBag from /home/airflow/.local/lib/python3.7/site-packages/airflow/example_dags/example_dag_decorator.py
[2023-07-11 22:55:21,936] {processor.py:651} INFO - DAG(s) dict_keys(['example_dag_decorator']) retrieved from /home/airflow/.local/lib/python3.7/site-packages/airflow/example_dags/example_dag_decorator.py
[2023-07-11 22:55:22,299] {logging_mixin.py:115} INFO - [2023-07-11 22:55:22,298] {dag.py:2420} INFO - Sync 1 DAGs
[2023-07-11 22:55:22,357] {logging_mixin.py:115} INFO - [2023-07-11 22:55:22,357] {dag.py:2972} INFO - Setting next_dagrun for example_dag_decorator to None, run_after=None
[2023-07-11 22:55:22,451] {processor.py:161} INFO - Processing /home/airflow/.local/lib/python3.7/site-packages/airflow/example_dags/example_dag_decorator.py took 0.637 seconds
[2023-07-11 22:55:54,142] {processor.py:153} INFO - Started process (PID=1669) to work on /home/airflow/.local/lib/python3.7/site-packages/airflow/example_dags/example_dag_decorator.py
[2023-07-11 22:55:54,143] {processor.py:641} INFO - Processing file /home/airflow/.local/lib/python3.7/site-packages/airflow/example_dags/example_dag_decorator.py for tasks to queue
[2023-07-11 22:55:54,144] {logging_mixin.py:115} INFO - [2023-07-11 22:55:54,143] {dagbag.py:508} INFO - Filling up the DagBag from /home/airflow/.local/lib/python3.7/site-packages/airflow/example_dags/example_dag_decorator.py
[2023-07-11 22:55:54,204] {processor.py:651} INFO - DAG(s) dict_keys(['example_dag_decorator']) retrieved from /home/airflow/.local/lib/python3.7/site-packages/airflow/example_dags/example_dag_decorator.py
[2023-07-11 22:55:54,671] {logging_mixin.py:115} INFO - [2023-07-11 22:55:54,671] {dag.py:2420} INFO - Sync 1 DAGs
[2023-07-11 22:55:54,769] {logging_mixin.py:115} INFO - [2023-07-11 22:55:54,769] {dag.py:2972} INFO - Setting next_dagrun for example_dag_decorator to None, run_after=None
[2023-07-11 22:55:54,840] {processor.py:161} INFO - Processing /home/airflow/.local/lib/python3.7/site-packages/airflow/example_dags/example_dag_decorator.py took 0.707 seconds
[2023-07-11 22:56:25,006] {processor.py:153} INFO - Started process (PID=1723) to work on /home/airflow/.local/lib/python3.7/site-packages/airflow/example_dags/example_dag_decorator.py
[2023-07-11 22:56:25,011] {processor.py:641} INFO - Processing file /home/airflow/.local/lib/python3.7/site-packages/airflow/example_dags/example_dag_decorator.py for tasks to queue
[2023-07-11 22:56:25,012] {logging_mixin.py:115} INFO - [2023-07-11 22:56:25,012] {dagbag.py:508} INFO - Filling up the DagBag from /home/airflow/.local/lib/python3.7/site-packages/airflow/example_dags/example_dag_decorator.py
[2023-07-11 22:56:25,126] {processor.py:651} INFO - DAG(s) dict_keys(['example_dag_decorator']) retrieved from /home/airflow/.local/lib/python3.7/site-packages/airflow/example_dags/example_dag_decorator.py
[2023-07-11 22:56:25,365] {logging_mixin.py:115} INFO - [2023-07-11 22:56:25,365] {dag.py:2420} INFO - Sync 1 DAGs
[2023-07-11 22:56:25,413] {logging_mixin.py:115} INFO - [2023-07-11 22:56:25,413] {dag.py:2972} INFO - Setting next_dagrun for example_dag_decorator to None, run_after=None
[2023-07-11 22:56:25,447] {processor.py:161} INFO - Processing /home/airflow/.local/lib/python3.7/site-packages/airflow/example_dags/example_dag_decorator.py took 0.459 seconds
[2023-07-11 22:56:55,759] {processor.py:153} INFO - Started process (PID=1775) to work on /home/airflow/.local/lib/python3.7/site-packages/airflow/example_dags/example_dag_decorator.py
[2023-07-11 22:56:55,759] {processor.py:641} INFO - Processing file /home/airflow/.local/lib/python3.7/site-packages/airflow/example_dags/example_dag_decorator.py for tasks to queue
[2023-07-11 22:56:55,761] {logging_mixin.py:115} INFO - [2023-07-11 22:56:55,761] {dagbag.py:508} INFO - Filling up the DagBag from /home/airflow/.local/lib/python3.7/site-packages/airflow/example_dags/example_dag_decorator.py
[2023-07-11 22:56:55,818] {processor.py:651} INFO - DAG(s) dict_keys(['example_dag_decorator']) retrieved from /home/airflow/.local/lib/python3.7/site-packages/airflow/example_dags/example_dag_decorator.py
[2023-07-11 22:56:56,053] {logging_mixin.py:115} INFO - [2023-07-11 22:56:56,052] {dag.py:2420} INFO - Sync 1 DAGs
[2023-07-11 22:56:56,121] {logging_mixin.py:115} INFO - [2023-07-11 22:56:56,120] {dag.py:2972} INFO - Setting next_dagrun for example_dag_decorator to None, run_after=None
[2023-07-11 22:56:56,180] {processor.py:161} INFO - Processing /home/airflow/.local/lib/python3.7/site-packages/airflow/example_dags/example_dag_decorator.py took 0.428 seconds
[2023-07-11 22:57:26,401] {processor.py:153} INFO - Started process (PID=1826) to work on /home/airflow/.local/lib/python3.7/site-packages/airflow/example_dags/example_dag_decorator.py
[2023-07-11 22:57:26,402] {processor.py:641} INFO - Processing file /home/airflow/.local/lib/python3.7/site-packages/airflow/example_dags/example_dag_decorator.py for tasks to queue
[2023-07-11 22:57:26,408] {logging_mixin.py:115} INFO - [2023-07-11 22:57:26,408] {dagbag.py:508} INFO - Filling up the DagBag from /home/airflow/.local/lib/python3.7/site-packages/airflow/example_dags/example_dag_decorator.py
[2023-07-11 22:57:26,547] {processor.py:651} INFO - DAG(s) dict_keys(['example_dag_decorator']) retrieved from /home/airflow/.local/lib/python3.7/site-packages/airflow/example_dags/example_dag_decorator.py
[2023-07-11 22:57:26,636] {logging_mixin.py:115} INFO - [2023-07-11 22:57:26,636] {dag.py:2420} INFO - Sync 1 DAGs
[2023-07-11 22:57:26,714] {logging_mixin.py:115} INFO - [2023-07-11 22:57:26,714] {dag.py:2972} INFO - Setting next_dagrun for example_dag_decorator to None, run_after=None
[2023-07-11 22:57:26,775] {processor.py:161} INFO - Processing /home/airflow/.local/lib/python3.7/site-packages/airflow/example_dags/example_dag_decorator.py took 0.393 seconds
[2023-07-11 22:57:56,942] {processor.py:153} INFO - Started process (PID=1878) to work on /home/airflow/.local/lib/python3.7/site-packages/airflow/example_dags/example_dag_decorator.py
[2023-07-11 22:57:56,943] {processor.py:641} INFO - Processing file /home/airflow/.local/lib/python3.7/site-packages/airflow/example_dags/example_dag_decorator.py for tasks to queue
[2023-07-11 22:57:56,944] {logging_mixin.py:115} INFO - [2023-07-11 22:57:56,944] {dagbag.py:508} INFO - Filling up the DagBag from /home/airflow/.local/lib/python3.7/site-packages/airflow/example_dags/example_dag_decorator.py
[2023-07-11 22:57:56,991] {processor.py:651} INFO - DAG(s) dict_keys(['example_dag_decorator']) retrieved from /home/airflow/.local/lib/python3.7/site-packages/airflow/example_dags/example_dag_decorator.py
[2023-07-11 22:57:57,076] {logging_mixin.py:115} INFO - [2023-07-11 22:57:57,076] {dag.py:2420} INFO - Sync 1 DAGs
[2023-07-11 22:57:57,141] {logging_mixin.py:115} INFO - [2023-07-11 22:57:57,141] {dag.py:2972} INFO - Setting next_dagrun for example_dag_decorator to None, run_after=None
[2023-07-11 22:57:57,178] {processor.py:161} INFO - Processing /home/airflow/.local/lib/python3.7/site-packages/airflow/example_dags/example_dag_decorator.py took 0.241 seconds
[2023-07-11 22:58:27,632] {processor.py:153} INFO - Started process (PID=1937) to work on /home/airflow/.local/lib/python3.7/site-packages/airflow/example_dags/example_dag_decorator.py
[2023-07-11 22:58:27,634] {processor.py:641} INFO - Processing file /home/airflow/.local/lib/python3.7/site-packages/airflow/example_dags/example_dag_decorator.py for tasks to queue
[2023-07-11 22:58:27,635] {logging_mixin.py:115} INFO - [2023-07-11 22:58:27,635] {dagbag.py:508} INFO - Filling up the DagBag from /home/airflow/.local/lib/python3.7/site-packages/airflow/example_dags/example_dag_decorator.py
[2023-07-11 22:58:27,682] {processor.py:651} INFO - DAG(s) dict_keys(['example_dag_decorator']) retrieved from /home/airflow/.local/lib/python3.7/site-packages/airflow/example_dags/example_dag_decorator.py
[2023-07-11 22:58:27,729] {logging_mixin.py:115} INFO - [2023-07-11 22:58:27,728] {dag.py:2420} INFO - Sync 1 DAGs
[2023-07-11 22:58:27,789] {logging_mixin.py:115} INFO - [2023-07-11 22:58:27,788] {dag.py:2972} INFO - Setting next_dagrun for example_dag_decorator to None, run_after=None
[2023-07-11 22:58:27,814] {processor.py:161} INFO - Processing /home/airflow/.local/lib/python3.7/site-packages/airflow/example_dags/example_dag_decorator.py took 0.187 seconds
[2023-07-11 22:58:58,154] {processor.py:153} INFO - Started process (PID=1990) to work on /home/airflow/.local/lib/python3.7/site-packages/airflow/example_dags/example_dag_decorator.py
[2023-07-11 22:58:58,158] {processor.py:641} INFO - Processing file /home/airflow/.local/lib/python3.7/site-packages/airflow/example_dags/example_dag_decorator.py for tasks to queue
[2023-07-11 22:58:58,160] {logging_mixin.py:115} INFO - [2023-07-11 22:58:58,160] {dagbag.py:508} INFO - Filling up the DagBag from /home/airflow/.local/lib/python3.7/site-packages/airflow/example_dags/example_dag_decorator.py
[2023-07-11 22:58:58,222] {processor.py:651} INFO - DAG(s) dict_keys(['example_dag_decorator']) retrieved from /home/airflow/.local/lib/python3.7/site-packages/airflow/example_dags/example_dag_decorator.py
[2023-07-11 22:58:58,414] {logging_mixin.py:115} INFO - [2023-07-11 22:58:58,413] {dag.py:2420} INFO - Sync 1 DAGs
[2023-07-11 22:58:58,474] {logging_mixin.py:115} INFO - [2023-07-11 22:58:58,474] {dag.py:2972} INFO - Setting next_dagrun for example_dag_decorator to None, run_after=None
[2023-07-11 22:58:58,513] {processor.py:161} INFO - Processing /home/airflow/.local/lib/python3.7/site-packages/airflow/example_dags/example_dag_decorator.py took 0.368 seconds
[2023-07-11 22:59:29,339] {processor.py:153} INFO - Started process (PID=2042) to work on /home/airflow/.local/lib/python3.7/site-packages/airflow/example_dags/example_dag_decorator.py
[2023-07-11 22:59:29,340] {processor.py:641} INFO - Processing file /home/airflow/.local/lib/python3.7/site-packages/airflow/example_dags/example_dag_decorator.py for tasks to queue
[2023-07-11 22:59:29,341] {logging_mixin.py:115} INFO - [2023-07-11 22:59:29,341] {dagbag.py:508} INFO - Filling up the DagBag from /home/airflow/.local/lib/python3.7/site-packages/airflow/example_dags/example_dag_decorator.py
[2023-07-11 22:59:29,421] {processor.py:651} INFO - DAG(s) dict_keys(['example_dag_decorator']) retrieved from /home/airflow/.local/lib/python3.7/site-packages/airflow/example_dags/example_dag_decorator.py
[2023-07-11 22:59:29,765] {logging_mixin.py:115} INFO - [2023-07-11 22:59:29,765] {dag.py:2420} INFO - Sync 1 DAGs
[2023-07-11 22:59:29,848] {logging_mixin.py:115} INFO - [2023-07-11 22:59:29,847] {dag.py:2972} INFO - Setting next_dagrun for example_dag_decorator to None, run_after=None
[2023-07-11 22:59:29,895] {processor.py:161} INFO - Processing /home/airflow/.local/lib/python3.7/site-packages/airflow/example_dags/example_dag_decorator.py took 0.562 seconds
[2023-07-11 23:00:00,197] {processor.py:153} INFO - Started process (PID=2094) to work on /home/airflow/.local/lib/python3.7/site-packages/airflow/example_dags/example_dag_decorator.py
[2023-07-11 23:00:00,198] {processor.py:641} INFO - Processing file /home/airflow/.local/lib/python3.7/site-packages/airflow/example_dags/example_dag_decorator.py for tasks to queue
[2023-07-11 23:00:00,199] {logging_mixin.py:115} INFO - [2023-07-11 23:00:00,199] {dagbag.py:508} INFO - Filling up the DagBag from /home/airflow/.local/lib/python3.7/site-packages/airflow/example_dags/example_dag_decorator.py
[2023-07-11 23:00:00,238] {processor.py:651} INFO - DAG(s) dict_keys(['example_dag_decorator']) retrieved from /home/airflow/.local/lib/python3.7/site-packages/airflow/example_dags/example_dag_decorator.py
[2023-07-11 23:00:00,272] {logging_mixin.py:115} INFO - [2023-07-11 23:00:00,271] {dag.py:2420} INFO - Sync 1 DAGs
[2023-07-11 23:00:00,302] {logging_mixin.py:115} INFO - [2023-07-11 23:00:00,301] {dag.py:2972} INFO - Setting next_dagrun for example_dag_decorator to None, run_after=None
[2023-07-11 23:00:00,317] {processor.py:161} INFO - Processing /home/airflow/.local/lib/python3.7/site-packages/airflow/example_dags/example_dag_decorator.py took 0.125 seconds
[2023-07-11 23:00:31,114] {processor.py:153} INFO - Started process (PID=2146) to work on /home/airflow/.local/lib/python3.7/site-packages/airflow/example_dags/example_dag_decorator.py
[2023-07-11 23:00:31,115] {processor.py:641} INFO - Processing file /home/airflow/.local/lib/python3.7/site-packages/airflow/example_dags/example_dag_decorator.py for tasks to queue
[2023-07-11 23:00:31,116] {logging_mixin.py:115} INFO - [2023-07-11 23:00:31,116] {dagbag.py:508} INFO - Filling up the DagBag from /home/airflow/.local/lib/python3.7/site-packages/airflow/example_dags/example_dag_decorator.py
[2023-07-11 23:00:31,215] {processor.py:651} INFO - DAG(s) dict_keys(['example_dag_decorator']) retrieved from /home/airflow/.local/lib/python3.7/site-packages/airflow/example_dags/example_dag_decorator.py
[2023-07-11 23:00:31,559] {logging_mixin.py:115} INFO - [2023-07-11 23:00:31,558] {dag.py:2420} INFO - Sync 1 DAGs
[2023-07-11 23:00:31,625] {logging_mixin.py:115} INFO - [2023-07-11 23:00:31,625] {dag.py:2972} INFO - Setting next_dagrun for example_dag_decorator to None, run_after=None
[2023-07-11 23:00:31,693] {processor.py:161} INFO - Processing /home/airflow/.local/lib/python3.7/site-packages/airflow/example_dags/example_dag_decorator.py took 0.586 seconds
[2023-07-11 23:01:02,020] {processor.py:153} INFO - Started process (PID=2208) to work on /home/airflow/.local/lib/python3.7/site-packages/airflow/example_dags/example_dag_decorator.py
[2023-07-11 23:01:02,021] {processor.py:641} INFO - Processing file /home/airflow/.local/lib/python3.7/site-packages/airflow/example_dags/example_dag_decorator.py for tasks to queue
[2023-07-11 23:01:02,023] {logging_mixin.py:115} INFO - [2023-07-11 23:01:02,023] {dagbag.py:508} INFO - Filling up the DagBag from /home/airflow/.local/lib/python3.7/site-packages/airflow/example_dags/example_dag_decorator.py
[2023-07-11 23:01:02,099] {processor.py:651} INFO - DAG(s) dict_keys(['example_dag_decorator']) retrieved from /home/airflow/.local/lib/python3.7/site-packages/airflow/example_dags/example_dag_decorator.py
[2023-07-11 23:01:02,521] {logging_mixin.py:115} INFO - [2023-07-11 23:01:02,520] {dag.py:2420} INFO - Sync 1 DAGs
[2023-07-11 23:01:02,733] {logging_mixin.py:115} INFO - [2023-07-11 23:01:02,733] {dag.py:2972} INFO - Setting next_dagrun for example_dag_decorator to None, run_after=None
[2023-07-11 23:01:02,899] {processor.py:161} INFO - Processing /home/airflow/.local/lib/python3.7/site-packages/airflow/example_dags/example_dag_decorator.py took 0.892 seconds
[2023-07-11 23:01:33,687] {processor.py:153} INFO - Started process (PID=2260) to work on /home/airflow/.local/lib/python3.7/site-packages/airflow/example_dags/example_dag_decorator.py
[2023-07-11 23:01:33,691] {processor.py:641} INFO - Processing file /home/airflow/.local/lib/python3.7/site-packages/airflow/example_dags/example_dag_decorator.py for tasks to queue
[2023-07-11 23:01:33,702] {logging_mixin.py:115} INFO - [2023-07-11 23:01:33,692] {dagbag.py:508} INFO - Filling up the DagBag from /home/airflow/.local/lib/python3.7/site-packages/airflow/example_dags/example_dag_decorator.py
[2023-07-11 23:01:33,867] {processor.py:651} INFO - DAG(s) dict_keys(['example_dag_decorator']) retrieved from /home/airflow/.local/lib/python3.7/site-packages/airflow/example_dags/example_dag_decorator.py
[2023-07-11 23:01:33,971] {logging_mixin.py:115} INFO - [2023-07-11 23:01:33,971] {dag.py:2420} INFO - Sync 1 DAGs
[2023-07-11 23:01:34,085] {logging_mixin.py:115} INFO - [2023-07-11 23:01:34,085] {dag.py:2972} INFO - Setting next_dagrun for example_dag_decorator to None, run_after=None
[2023-07-11 23:01:34,127] {processor.py:161} INFO - Processing /home/airflow/.local/lib/python3.7/site-packages/airflow/example_dags/example_dag_decorator.py took 0.452 seconds
[2023-07-11 23:02:04,300] {processor.py:153} INFO - Started process (PID=2311) to work on /home/airflow/.local/lib/python3.7/site-packages/airflow/example_dags/example_dag_decorator.py
[2023-07-11 23:02:04,303] {processor.py:641} INFO - Processing file /home/airflow/.local/lib/python3.7/site-packages/airflow/example_dags/example_dag_decorator.py for tasks to queue
[2023-07-11 23:02:04,305] {logging_mixin.py:115} INFO - [2023-07-11 23:02:04,305] {dagbag.py:508} INFO - Filling up the DagBag from /home/airflow/.local/lib/python3.7/site-packages/airflow/example_dags/example_dag_decorator.py
[2023-07-11 23:02:04,364] {processor.py:651} INFO - DAG(s) dict_keys(['example_dag_decorator']) retrieved from /home/airflow/.local/lib/python3.7/site-packages/airflow/example_dags/example_dag_decorator.py
[2023-07-11 23:02:04,693] {logging_mixin.py:115} INFO - [2023-07-11 23:02:04,693] {dag.py:2420} INFO - Sync 1 DAGs
[2023-07-11 23:02:04,781] {logging_mixin.py:115} INFO - [2023-07-11 23:02:04,781] {dag.py:2972} INFO - Setting next_dagrun for example_dag_decorator to None, run_after=None
[2023-07-11 23:02:04,879] {processor.py:161} INFO - Processing /home/airflow/.local/lib/python3.7/site-packages/airflow/example_dags/example_dag_decorator.py took 0.599 seconds
[2023-07-11 23:02:35,312] {processor.py:153} INFO - Started process (PID=2363) to work on /home/airflow/.local/lib/python3.7/site-packages/airflow/example_dags/example_dag_decorator.py
[2023-07-11 23:02:35,321] {processor.py:641} INFO - Processing file /home/airflow/.local/lib/python3.7/site-packages/airflow/example_dags/example_dag_decorator.py for tasks to queue
[2023-07-11 23:02:35,322] {logging_mixin.py:115} INFO - [2023-07-11 23:02:35,322] {dagbag.py:508} INFO - Filling up the DagBag from /home/airflow/.local/lib/python3.7/site-packages/airflow/example_dags/example_dag_decorator.py
[2023-07-11 23:02:35,472] {processor.py:651} INFO - DAG(s) dict_keys(['example_dag_decorator']) retrieved from /home/airflow/.local/lib/python3.7/site-packages/airflow/example_dags/example_dag_decorator.py
[2023-07-11 23:02:35,614] {logging_mixin.py:115} INFO - [2023-07-11 23:02:35,614] {dag.py:2420} INFO - Sync 1 DAGs
[2023-07-11 23:02:35,710] {logging_mixin.py:115} INFO - [2023-07-11 23:02:35,710] {dag.py:2972} INFO - Setting next_dagrun for example_dag_decorator to None, run_after=None
[2023-07-11 23:02:35,853] {processor.py:161} INFO - Processing /home/airflow/.local/lib/python3.7/site-packages/airflow/example_dags/example_dag_decorator.py took 0.562 seconds
[2023-07-11 23:03:06,061] {processor.py:153} INFO - Started process (PID=2416) to work on /home/airflow/.local/lib/python3.7/site-packages/airflow/example_dags/example_dag_decorator.py
[2023-07-11 23:03:06,062] {processor.py:641} INFO - Processing file /home/airflow/.local/lib/python3.7/site-packages/airflow/example_dags/example_dag_decorator.py for tasks to queue
[2023-07-11 23:03:06,063] {logging_mixin.py:115} INFO - [2023-07-11 23:03:06,063] {dagbag.py:508} INFO - Filling up the DagBag from /home/airflow/.local/lib/python3.7/site-packages/airflow/example_dags/example_dag_decorator.py
[2023-07-11 23:03:06,120] {processor.py:651} INFO - DAG(s) dict_keys(['example_dag_decorator']) retrieved from /home/airflow/.local/lib/python3.7/site-packages/airflow/example_dags/example_dag_decorator.py
[2023-07-11 23:03:06,303] {logging_mixin.py:115} INFO - [2023-07-11 23:03:06,303] {dag.py:2420} INFO - Sync 1 DAGs
[2023-07-11 23:03:06,359] {logging_mixin.py:115} INFO - [2023-07-11 23:03:06,358] {dag.py:2972} INFO - Setting next_dagrun for example_dag_decorator to None, run_after=None
[2023-07-11 23:03:06,400] {processor.py:161} INFO - Processing /home/airflow/.local/lib/python3.7/site-packages/airflow/example_dags/example_dag_decorator.py took 0.345 seconds
[2023-07-11 23:03:36,721] {processor.py:153} INFO - Started process (PID=2475) to work on /home/airflow/.local/lib/python3.7/site-packages/airflow/example_dags/example_dag_decorator.py
[2023-07-11 23:03:36,723] {processor.py:641} INFO - Processing file /home/airflow/.local/lib/python3.7/site-packages/airflow/example_dags/example_dag_decorator.py for tasks to queue
[2023-07-11 23:03:36,725] {logging_mixin.py:115} INFO - [2023-07-11 23:03:36,725] {dagbag.py:508} INFO - Filling up the DagBag from /home/airflow/.local/lib/python3.7/site-packages/airflow/example_dags/example_dag_decorator.py
[2023-07-11 23:03:36,843] {processor.py:651} INFO - DAG(s) dict_keys(['example_dag_decorator']) retrieved from /home/airflow/.local/lib/python3.7/site-packages/airflow/example_dags/example_dag_decorator.py
[2023-07-11 23:03:37,114] {logging_mixin.py:115} INFO - [2023-07-11 23:03:37,113] {dag.py:2420} INFO - Sync 1 DAGs
[2023-07-11 23:03:37,222] {logging_mixin.py:115} INFO - [2023-07-11 23:03:37,222] {dag.py:2972} INFO - Setting next_dagrun for example_dag_decorator to None, run_after=None
[2023-07-11 23:03:37,295] {processor.py:161} INFO - Processing /home/airflow/.local/lib/python3.7/site-packages/airflow/example_dags/example_dag_decorator.py took 0.586 seconds
[2023-07-11 23:04:07,648] {processor.py:153} INFO - Started process (PID=2527) to work on /home/airflow/.local/lib/python3.7/site-packages/airflow/example_dags/example_dag_decorator.py
[2023-07-11 23:04:07,655] {processor.py:641} INFO - Processing file /home/airflow/.local/lib/python3.7/site-packages/airflow/example_dags/example_dag_decorator.py for tasks to queue
[2023-07-11 23:04:07,660] {logging_mixin.py:115} INFO - [2023-07-11 23:04:07,659] {dagbag.py:508} INFO - Filling up the DagBag from /home/airflow/.local/lib/python3.7/site-packages/airflow/example_dags/example_dag_decorator.py
[2023-07-11 23:04:07,747] {processor.py:651} INFO - DAG(s) dict_keys(['example_dag_decorator']) retrieved from /home/airflow/.local/lib/python3.7/site-packages/airflow/example_dags/example_dag_decorator.py
[2023-07-11 23:04:08,025] {logging_mixin.py:115} INFO - [2023-07-11 23:04:08,024] {dag.py:2420} INFO - Sync 1 DAGs
[2023-07-11 23:04:08,141] {logging_mixin.py:115} INFO - [2023-07-11 23:04:08,141] {dag.py:2972} INFO - Setting next_dagrun for example_dag_decorator to None, run_after=None
[2023-07-11 23:04:08,189] {processor.py:161} INFO - Processing /home/airflow/.local/lib/python3.7/site-packages/airflow/example_dags/example_dag_decorator.py took 0.554 seconds
[2023-07-11 23:04:39,081] {processor.py:153} INFO - Started process (PID=2580) to work on /home/airflow/.local/lib/python3.7/site-packages/airflow/example_dags/example_dag_decorator.py
[2023-07-11 23:04:39,082] {processor.py:641} INFO - Processing file /home/airflow/.local/lib/python3.7/site-packages/airflow/example_dags/example_dag_decorator.py for tasks to queue
[2023-07-11 23:04:39,083] {logging_mixin.py:115} INFO - [2023-07-11 23:04:39,083] {dagbag.py:508} INFO - Filling up the DagBag from /home/airflow/.local/lib/python3.7/site-packages/airflow/example_dags/example_dag_decorator.py
[2023-07-11 23:04:39,143] {processor.py:651} INFO - DAG(s) dict_keys(['example_dag_decorator']) retrieved from /home/airflow/.local/lib/python3.7/site-packages/airflow/example_dags/example_dag_decorator.py
[2023-07-11 23:04:39,324] {logging_mixin.py:115} INFO - [2023-07-11 23:04:39,323] {dag.py:2420} INFO - Sync 1 DAGs
[2023-07-11 23:04:39,385] {logging_mixin.py:115} INFO - [2023-07-11 23:04:39,385] {dag.py:2972} INFO - Setting next_dagrun for example_dag_decorator to None, run_after=None
[2023-07-11 23:04:39,421] {processor.py:161} INFO - Processing /home/airflow/.local/lib/python3.7/site-packages/airflow/example_dags/example_dag_decorator.py took 0.347 seconds
[2023-07-11 23:05:09,913] {processor.py:153} INFO - Started process (PID=2632) to work on /home/airflow/.local/lib/python3.7/site-packages/airflow/example_dags/example_dag_decorator.py
[2023-07-11 23:05:09,914] {processor.py:641} INFO - Processing file /home/airflow/.local/lib/python3.7/site-packages/airflow/example_dags/example_dag_decorator.py for tasks to queue
[2023-07-11 23:05:09,916] {logging_mixin.py:115} INFO - [2023-07-11 23:05:09,916] {dagbag.py:508} INFO - Filling up the DagBag from /home/airflow/.local/lib/python3.7/site-packages/airflow/example_dags/example_dag_decorator.py
[2023-07-11 23:05:09,991] {processor.py:651} INFO - DAG(s) dict_keys(['example_dag_decorator']) retrieved from /home/airflow/.local/lib/python3.7/site-packages/airflow/example_dags/example_dag_decorator.py
[2023-07-11 23:05:10,167] {logging_mixin.py:115} INFO - [2023-07-11 23:05:10,167] {dag.py:2420} INFO - Sync 1 DAGs
[2023-07-11 23:05:10,262] {logging_mixin.py:115} INFO - [2023-07-11 23:05:10,262] {dag.py:2972} INFO - Setting next_dagrun for example_dag_decorator to None, run_after=None
[2023-07-11 23:05:10,333] {processor.py:161} INFO - Processing /home/airflow/.local/lib/python3.7/site-packages/airflow/example_dags/example_dag_decorator.py took 0.427 seconds
[2023-07-11 23:05:40,404] {processor.py:153} INFO - Started process (PID=2684) to work on /home/airflow/.local/lib/python3.7/site-packages/airflow/example_dags/example_dag_decorator.py
[2023-07-11 23:05:40,404] {processor.py:641} INFO - Processing file /home/airflow/.local/lib/python3.7/site-packages/airflow/example_dags/example_dag_decorator.py for tasks to queue
[2023-07-11 23:05:40,405] {logging_mixin.py:115} INFO - [2023-07-11 23:05:40,405] {dagbag.py:508} INFO - Filling up the DagBag from /home/airflow/.local/lib/python3.7/site-packages/airflow/example_dags/example_dag_decorator.py
[2023-07-11 23:05:40,444] {processor.py:651} INFO - DAG(s) dict_keys(['example_dag_decorator']) retrieved from /home/airflow/.local/lib/python3.7/site-packages/airflow/example_dags/example_dag_decorator.py
[2023-07-11 23:05:40,487] {logging_mixin.py:115} INFO - [2023-07-11 23:05:40,487] {dag.py:2420} INFO - Sync 1 DAGs
[2023-07-11 23:05:40,535] {logging_mixin.py:115} INFO - [2023-07-11 23:05:40,534] {dag.py:2972} INFO - Setting next_dagrun for example_dag_decorator to None, run_after=None
[2023-07-11 23:05:40,571] {processor.py:161} INFO - Processing /home/airflow/.local/lib/python3.7/site-packages/airflow/example_dags/example_dag_decorator.py took 0.171 seconds
[2023-07-11 23:06:10,969] {processor.py:153} INFO - Started process (PID=2736) to work on /home/airflow/.local/lib/python3.7/site-packages/airflow/example_dags/example_dag_decorator.py
[2023-07-11 23:06:10,970] {processor.py:641} INFO - Processing file /home/airflow/.local/lib/python3.7/site-packages/airflow/example_dags/example_dag_decorator.py for tasks to queue
[2023-07-11 23:06:10,971] {logging_mixin.py:115} INFO - [2023-07-11 23:06:10,970] {dagbag.py:508} INFO - Filling up the DagBag from /home/airflow/.local/lib/python3.7/site-packages/airflow/example_dags/example_dag_decorator.py
[2023-07-11 23:06:11,050] {processor.py:651} INFO - DAG(s) dict_keys(['example_dag_decorator']) retrieved from /home/airflow/.local/lib/python3.7/site-packages/airflow/example_dags/example_dag_decorator.py
[2023-07-11 23:06:11,314] {logging_mixin.py:115} INFO - [2023-07-11 23:06:11,314] {dag.py:2420} INFO - Sync 1 DAGs
[2023-07-11 23:06:11,484] {logging_mixin.py:115} INFO - [2023-07-11 23:06:11,483] {dag.py:2972} INFO - Setting next_dagrun for example_dag_decorator to None, run_after=None
[2023-07-11 23:06:11,520] {processor.py:161} INFO - Processing /home/airflow/.local/lib/python3.7/site-packages/airflow/example_dags/example_dag_decorator.py took 0.561 seconds
[2023-07-11 23:06:41,697] {processor.py:153} INFO - Started process (PID=2787) to work on /home/airflow/.local/lib/python3.7/site-packages/airflow/example_dags/example_dag_decorator.py
[2023-07-11 23:06:41,698] {processor.py:641} INFO - Processing file /home/airflow/.local/lib/python3.7/site-packages/airflow/example_dags/example_dag_decorator.py for tasks to queue
[2023-07-11 23:06:41,701] {logging_mixin.py:115} INFO - [2023-07-11 23:06:41,698] {dagbag.py:508} INFO - Filling up the DagBag from /home/airflow/.local/lib/python3.7/site-packages/airflow/example_dags/example_dag_decorator.py
[2023-07-11 23:06:41,771] {processor.py:651} INFO - DAG(s) dict_keys(['example_dag_decorator']) retrieved from /home/airflow/.local/lib/python3.7/site-packages/airflow/example_dags/example_dag_decorator.py
[2023-07-11 23:06:42,061] {logging_mixin.py:115} INFO - [2023-07-11 23:06:42,061] {dag.py:2420} INFO - Sync 1 DAGs
[2023-07-11 23:06:42,120] {logging_mixin.py:115} INFO - [2023-07-11 23:06:42,119] {dag.py:2972} INFO - Setting next_dagrun for example_dag_decorator to None, run_after=None
[2023-07-11 23:06:42,158] {processor.py:161} INFO - Processing /home/airflow/.local/lib/python3.7/site-packages/airflow/example_dags/example_dag_decorator.py took 0.473 seconds
[2023-07-11 23:07:12,810] {processor.py:153} INFO - Started process (PID=2848) to work on /home/airflow/.local/lib/python3.7/site-packages/airflow/example_dags/example_dag_decorator.py
[2023-07-11 23:07:12,812] {processor.py:641} INFO - Processing file /home/airflow/.local/lib/python3.7/site-packages/airflow/example_dags/example_dag_decorator.py for tasks to queue
[2023-07-11 23:07:12,813] {logging_mixin.py:115} INFO - [2023-07-11 23:07:12,813] {dagbag.py:508} INFO - Filling up the DagBag from /home/airflow/.local/lib/python3.7/site-packages/airflow/example_dags/example_dag_decorator.py
[2023-07-11 23:07:12,879] {processor.py:651} INFO - DAG(s) dict_keys(['example_dag_decorator']) retrieved from /home/airflow/.local/lib/python3.7/site-packages/airflow/example_dags/example_dag_decorator.py
[2023-07-11 23:07:12,961] {logging_mixin.py:115} INFO - [2023-07-11 23:07:12,961] {dag.py:2420} INFO - Sync 1 DAGs
[2023-07-11 23:07:13,029] {logging_mixin.py:115} INFO - [2023-07-11 23:07:13,028] {dag.py:2972} INFO - Setting next_dagrun for example_dag_decorator to None, run_after=None
[2023-07-11 23:07:13,057] {processor.py:161} INFO - Processing /home/airflow/.local/lib/python3.7/site-packages/airflow/example_dags/example_dag_decorator.py took 0.259 seconds
[2023-07-11 23:07:43,164] {processor.py:153} INFO - Started process (PID=2898) to work on /home/airflow/.local/lib/python3.7/site-packages/airflow/example_dags/example_dag_decorator.py
[2023-07-11 23:07:43,164] {processor.py:641} INFO - Processing file /home/airflow/.local/lib/python3.7/site-packages/airflow/example_dags/example_dag_decorator.py for tasks to queue
[2023-07-11 23:07:43,165] {logging_mixin.py:115} INFO - [2023-07-11 23:07:43,165] {dagbag.py:508} INFO - Filling up the DagBag from /home/airflow/.local/lib/python3.7/site-packages/airflow/example_dags/example_dag_decorator.py
[2023-07-11 23:07:43,209] {processor.py:651} INFO - DAG(s) dict_keys(['example_dag_decorator']) retrieved from /home/airflow/.local/lib/python3.7/site-packages/airflow/example_dags/example_dag_decorator.py
[2023-07-11 23:07:43,450] {logging_mixin.py:115} INFO - [2023-07-11 23:07:43,449] {dag.py:2420} INFO - Sync 1 DAGs
[2023-07-11 23:07:43,523] {logging_mixin.py:115} INFO - [2023-07-11 23:07:43,523] {dag.py:2972} INFO - Setting next_dagrun for example_dag_decorator to None, run_after=None
[2023-07-11 23:07:43,561] {processor.py:161} INFO - Processing /home/airflow/.local/lib/python3.7/site-packages/airflow/example_dags/example_dag_decorator.py took 0.405 seconds
[2023-07-11 23:08:14,118] {processor.py:153} INFO - Started process (PID=2950) to work on /home/airflow/.local/lib/python3.7/site-packages/airflow/example_dags/example_dag_decorator.py
[2023-07-11 23:08:14,124] {processor.py:641} INFO - Processing file /home/airflow/.local/lib/python3.7/site-packages/airflow/example_dags/example_dag_decorator.py for tasks to queue
[2023-07-11 23:08:14,126] {logging_mixin.py:115} INFO - [2023-07-11 23:08:14,126] {dagbag.py:508} INFO - Filling up the DagBag from /home/airflow/.local/lib/python3.7/site-packages/airflow/example_dags/example_dag_decorator.py
[2023-07-11 23:08:14,277] {processor.py:651} INFO - DAG(s) dict_keys(['example_dag_decorator']) retrieved from /home/airflow/.local/lib/python3.7/site-packages/airflow/example_dags/example_dag_decorator.py
[2023-07-11 23:08:14,370] {logging_mixin.py:115} INFO - [2023-07-11 23:08:14,369] {dag.py:2420} INFO - Sync 1 DAGs
[2023-07-11 23:08:14,462] {logging_mixin.py:115} INFO - [2023-07-11 23:08:14,461] {dag.py:2972} INFO - Setting next_dagrun for example_dag_decorator to None, run_after=None
[2023-07-11 23:08:14,489] {processor.py:161} INFO - Processing /home/airflow/.local/lib/python3.7/site-packages/airflow/example_dags/example_dag_decorator.py took 0.386 seconds
[2023-07-11 23:08:44,796] {processor.py:153} INFO - Started process (PID=3002) to work on /home/airflow/.local/lib/python3.7/site-packages/airflow/example_dags/example_dag_decorator.py
[2023-07-11 23:08:44,797] {processor.py:641} INFO - Processing file /home/airflow/.local/lib/python3.7/site-packages/airflow/example_dags/example_dag_decorator.py for tasks to queue
[2023-07-11 23:08:44,798] {logging_mixin.py:115} INFO - [2023-07-11 23:08:44,798] {dagbag.py:508} INFO - Filling up the DagBag from /home/airflow/.local/lib/python3.7/site-packages/airflow/example_dags/example_dag_decorator.py
[2023-07-11 23:08:44,916] {processor.py:651} INFO - DAG(s) dict_keys(['example_dag_decorator']) retrieved from /home/airflow/.local/lib/python3.7/site-packages/airflow/example_dags/example_dag_decorator.py
[2023-07-11 23:08:45,291] {logging_mixin.py:115} INFO - [2023-07-11 23:08:45,291] {dag.py:2420} INFO - Sync 1 DAGs
[2023-07-11 23:08:45,363] {logging_mixin.py:115} INFO - [2023-07-11 23:08:45,362] {dag.py:2972} INFO - Setting next_dagrun for example_dag_decorator to None, run_after=None
[2023-07-11 23:08:45,408] {processor.py:161} INFO - Processing /home/airflow/.local/lib/python3.7/site-packages/airflow/example_dags/example_dag_decorator.py took 0.624 seconds
[2023-07-11 23:09:15,802] {processor.py:153} INFO - Started process (PID=3054) to work on /home/airflow/.local/lib/python3.7/site-packages/airflow/example_dags/example_dag_decorator.py
[2023-07-11 23:09:15,803] {processor.py:641} INFO - Processing file /home/airflow/.local/lib/python3.7/site-packages/airflow/example_dags/example_dag_decorator.py for tasks to queue
[2023-07-11 23:09:15,804] {logging_mixin.py:115} INFO - [2023-07-11 23:09:15,804] {dagbag.py:508} INFO - Filling up the DagBag from /home/airflow/.local/lib/python3.7/site-packages/airflow/example_dags/example_dag_decorator.py
[2023-07-11 23:09:15,895] {processor.py:651} INFO - DAG(s) dict_keys(['example_dag_decorator']) retrieved from /home/airflow/.local/lib/python3.7/site-packages/airflow/example_dags/example_dag_decorator.py
[2023-07-11 23:09:16,084] {logging_mixin.py:115} INFO - [2023-07-11 23:09:16,083] {dag.py:2420} INFO - Sync 1 DAGs
[2023-07-11 23:09:16,243] {logging_mixin.py:115} INFO - [2023-07-11 23:09:16,243] {dag.py:2972} INFO - Setting next_dagrun for example_dag_decorator to None, run_after=None
[2023-07-11 23:09:16,309] {processor.py:161} INFO - Processing /home/airflow/.local/lib/python3.7/site-packages/airflow/example_dags/example_dag_decorator.py took 0.516 seconds
[2023-07-11 23:09:46,661] {processor.py:153} INFO - Started process (PID=3115) to work on /home/airflow/.local/lib/python3.7/site-packages/airflow/example_dags/example_dag_decorator.py
[2023-07-11 23:09:46,663] {processor.py:641} INFO - Processing file /home/airflow/.local/lib/python3.7/site-packages/airflow/example_dags/example_dag_decorator.py for tasks to queue
[2023-07-11 23:09:46,664] {logging_mixin.py:115} INFO - [2023-07-11 23:09:46,663] {dagbag.py:508} INFO - Filling up the DagBag from /home/airflow/.local/lib/python3.7/site-packages/airflow/example_dags/example_dag_decorator.py
[2023-07-11 23:09:46,726] {processor.py:651} INFO - DAG(s) dict_keys(['example_dag_decorator']) retrieved from /home/airflow/.local/lib/python3.7/site-packages/airflow/example_dags/example_dag_decorator.py
[2023-07-11 23:09:47,013] {logging_mixin.py:115} INFO - [2023-07-11 23:09:47,013] {dag.py:2420} INFO - Sync 1 DAGs
[2023-07-11 23:09:47,095] {logging_mixin.py:115} INFO - [2023-07-11 23:09:47,095] {dag.py:2972} INFO - Setting next_dagrun for example_dag_decorator to None, run_after=None
[2023-07-11 23:09:47,131] {processor.py:161} INFO - Processing /home/airflow/.local/lib/python3.7/site-packages/airflow/example_dags/example_dag_decorator.py took 0.476 seconds
[2023-07-11 23:10:17,259] {processor.py:153} INFO - Started process (PID=3168) to work on /home/airflow/.local/lib/python3.7/site-packages/airflow/example_dags/example_dag_decorator.py
[2023-07-11 23:10:17,260] {processor.py:641} INFO - Processing file /home/airflow/.local/lib/python3.7/site-packages/airflow/example_dags/example_dag_decorator.py for tasks to queue
[2023-07-11 23:10:17,261] {logging_mixin.py:115} INFO - [2023-07-11 23:10:17,261] {dagbag.py:508} INFO - Filling up the DagBag from /home/airflow/.local/lib/python3.7/site-packages/airflow/example_dags/example_dag_decorator.py
[2023-07-11 23:10:17,300] {processor.py:651} INFO - DAG(s) dict_keys(['example_dag_decorator']) retrieved from /home/airflow/.local/lib/python3.7/site-packages/airflow/example_dags/example_dag_decorator.py
[2023-07-11 23:10:17,436] {logging_mixin.py:115} INFO - [2023-07-11 23:10:17,435] {dag.py:2420} INFO - Sync 1 DAGs
[2023-07-11 23:10:17,482] {logging_mixin.py:115} INFO - [2023-07-11 23:10:17,482] {dag.py:2972} INFO - Setting next_dagrun for example_dag_decorator to None, run_after=None
[2023-07-11 23:10:17,512] {processor.py:161} INFO - Processing /home/airflow/.local/lib/python3.7/site-packages/airflow/example_dags/example_dag_decorator.py took 0.261 seconds
[2023-07-11 23:10:47,754] {processor.py:153} INFO - Started process (PID=3219) to work on /home/airflow/.local/lib/python3.7/site-packages/airflow/example_dags/example_dag_decorator.py
[2023-07-11 23:10:47,756] {processor.py:641} INFO - Processing file /home/airflow/.local/lib/python3.7/site-packages/airflow/example_dags/example_dag_decorator.py for tasks to queue
[2023-07-11 23:10:47,757] {logging_mixin.py:115} INFO - [2023-07-11 23:10:47,757] {dagbag.py:508} INFO - Filling up the DagBag from /home/airflow/.local/lib/python3.7/site-packages/airflow/example_dags/example_dag_decorator.py
[2023-07-11 23:10:47,818] {processor.py:651} INFO - DAG(s) dict_keys(['example_dag_decorator']) retrieved from /home/airflow/.local/lib/python3.7/site-packages/airflow/example_dags/example_dag_decorator.py
[2023-07-11 23:10:48,037] {logging_mixin.py:115} INFO - [2023-07-11 23:10:48,037] {dag.py:2420} INFO - Sync 1 DAGs
[2023-07-11 23:10:48,073] {logging_mixin.py:115} INFO - [2023-07-11 23:10:48,073] {dag.py:2972} INFO - Setting next_dagrun for example_dag_decorator to None, run_after=None
[2023-07-11 23:10:48,097] {processor.py:161} INFO - Processing /home/airflow/.local/lib/python3.7/site-packages/airflow/example_dags/example_dag_decorator.py took 0.349 seconds
[2023-07-11 23:11:18,714] {processor.py:153} INFO - Started process (PID=3270) to work on /home/airflow/.local/lib/python3.7/site-packages/airflow/example_dags/example_dag_decorator.py
[2023-07-11 23:11:18,714] {processor.py:641} INFO - Processing file /home/airflow/.local/lib/python3.7/site-packages/airflow/example_dags/example_dag_decorator.py for tasks to queue
[2023-07-11 23:11:18,716] {logging_mixin.py:115} INFO - [2023-07-11 23:11:18,715] {dagbag.py:508} INFO - Filling up the DagBag from /home/airflow/.local/lib/python3.7/site-packages/airflow/example_dags/example_dag_decorator.py
[2023-07-11 23:11:18,835] {processor.py:651} INFO - DAG(s) dict_keys(['example_dag_decorator']) retrieved from /home/airflow/.local/lib/python3.7/site-packages/airflow/example_dags/example_dag_decorator.py
[2023-07-11 23:11:18,917] {logging_mixin.py:115} INFO - [2023-07-11 23:11:18,917] {dag.py:2420} INFO - Sync 1 DAGs
[2023-07-11 23:11:19,031] {logging_mixin.py:115} INFO - [2023-07-11 23:11:19,031] {dag.py:2972} INFO - Setting next_dagrun for example_dag_decorator to None, run_after=None
[2023-07-11 23:11:19,058] {processor.py:161} INFO - Processing /home/airflow/.local/lib/python3.7/site-packages/airflow/example_dags/example_dag_decorator.py took 0.357 seconds
[2023-07-11 23:11:49,541] {processor.py:153} INFO - Started process (PID=3330) to work on /home/airflow/.local/lib/python3.7/site-packages/airflow/example_dags/example_dag_decorator.py
[2023-07-11 23:11:49,542] {processor.py:641} INFO - Processing file /home/airflow/.local/lib/python3.7/site-packages/airflow/example_dags/example_dag_decorator.py for tasks to queue
[2023-07-11 23:11:49,543] {logging_mixin.py:115} INFO - [2023-07-11 23:11:49,543] {dagbag.py:508} INFO - Filling up the DagBag from /home/airflow/.local/lib/python3.7/site-packages/airflow/example_dags/example_dag_decorator.py
[2023-07-11 23:11:49,627] {processor.py:651} INFO - DAG(s) dict_keys(['example_dag_decorator']) retrieved from /home/airflow/.local/lib/python3.7/site-packages/airflow/example_dags/example_dag_decorator.py
[2023-07-11 23:11:49,677] {logging_mixin.py:115} INFO - [2023-07-11 23:11:49,677] {dag.py:2420} INFO - Sync 1 DAGs
[2023-07-11 23:11:49,757] {logging_mixin.py:115} INFO - [2023-07-11 23:11:49,757] {dag.py:2972} INFO - Setting next_dagrun for example_dag_decorator to None, run_after=None
[2023-07-11 23:11:49,787] {processor.py:161} INFO - Processing /home/airflow/.local/lib/python3.7/site-packages/airflow/example_dags/example_dag_decorator.py took 0.256 seconds
[2023-07-11 23:12:20,109] {processor.py:153} INFO - Started process (PID=3382) to work on /home/airflow/.local/lib/python3.7/site-packages/airflow/example_dags/example_dag_decorator.py
[2023-07-11 23:12:20,110] {processor.py:641} INFO - Processing file /home/airflow/.local/lib/python3.7/site-packages/airflow/example_dags/example_dag_decorator.py for tasks to queue
[2023-07-11 23:12:20,114] {logging_mixin.py:115} INFO - [2023-07-11 23:12:20,114] {dagbag.py:508} INFO - Filling up the DagBag from /home/airflow/.local/lib/python3.7/site-packages/airflow/example_dags/example_dag_decorator.py
[2023-07-11 23:12:20,193] {processor.py:651} INFO - DAG(s) dict_keys(['example_dag_decorator']) retrieved from /home/airflow/.local/lib/python3.7/site-packages/airflow/example_dags/example_dag_decorator.py
[2023-07-11 23:12:20,390] {logging_mixin.py:115} INFO - [2023-07-11 23:12:20,389] {dag.py:2420} INFO - Sync 1 DAGs
[2023-07-11 23:12:20,418] {logging_mixin.py:115} INFO - [2023-07-11 23:12:20,418] {dag.py:2972} INFO - Setting next_dagrun for example_dag_decorator to None, run_after=None
[2023-07-11 23:12:20,436] {processor.py:161} INFO - Processing /home/airflow/.local/lib/python3.7/site-packages/airflow/example_dags/example_dag_decorator.py took 0.334 seconds
[2023-07-11 23:12:50,529] {processor.py:153} INFO - Started process (PID=3435) to work on /home/airflow/.local/lib/python3.7/site-packages/airflow/example_dags/example_dag_decorator.py
[2023-07-11 23:12:50,529] {processor.py:641} INFO - Processing file /home/airflow/.local/lib/python3.7/site-packages/airflow/example_dags/example_dag_decorator.py for tasks to queue
[2023-07-11 23:12:50,530] {logging_mixin.py:115} INFO - [2023-07-11 23:12:50,530] {dagbag.py:508} INFO - Filling up the DagBag from /home/airflow/.local/lib/python3.7/site-packages/airflow/example_dags/example_dag_decorator.py
[2023-07-11 23:12:50,579] {processor.py:651} INFO - DAG(s) dict_keys(['example_dag_decorator']) retrieved from /home/airflow/.local/lib/python3.7/site-packages/airflow/example_dags/example_dag_decorator.py
[2023-07-11 23:12:50,691] {logging_mixin.py:115} INFO - [2023-07-11 23:12:50,691] {dag.py:2420} INFO - Sync 1 DAGs
[2023-07-11 23:12:50,724] {logging_mixin.py:115} INFO - [2023-07-11 23:12:50,724] {dag.py:2972} INFO - Setting next_dagrun for example_dag_decorator to None, run_after=None
[2023-07-11 23:12:50,749] {processor.py:161} INFO - Processing /home/airflow/.local/lib/python3.7/site-packages/airflow/example_dags/example_dag_decorator.py took 0.228 seconds
[2023-07-11 23:13:20,921] {processor.py:153} INFO - Started process (PID=3487) to work on /home/airflow/.local/lib/python3.7/site-packages/airflow/example_dags/example_dag_decorator.py
[2023-07-11 23:13:20,922] {processor.py:641} INFO - Processing file /home/airflow/.local/lib/python3.7/site-packages/airflow/example_dags/example_dag_decorator.py for tasks to queue
[2023-07-11 23:13:20,922] {logging_mixin.py:115} INFO - [2023-07-11 23:13:20,922] {dagbag.py:508} INFO - Filling up the DagBag from /home/airflow/.local/lib/python3.7/site-packages/airflow/example_dags/example_dag_decorator.py
[2023-07-11 23:13:20,978] {processor.py:651} INFO - DAG(s) dict_keys(['example_dag_decorator']) retrieved from /home/airflow/.local/lib/python3.7/site-packages/airflow/example_dags/example_dag_decorator.py
[2023-07-11 23:13:21,192] {logging_mixin.py:115} INFO - [2023-07-11 23:13:21,192] {dag.py:2420} INFO - Sync 1 DAGs
[2023-07-11 23:13:21,288] {logging_mixin.py:115} INFO - [2023-07-11 23:13:21,287] {dag.py:2972} INFO - Setting next_dagrun for example_dag_decorator to None, run_after=None
[2023-07-11 23:13:21,347] {processor.py:161} INFO - Processing /home/airflow/.local/lib/python3.7/site-packages/airflow/example_dags/example_dag_decorator.py took 0.430 seconds
[2023-07-11 23:13:51,536] {processor.py:153} INFO - Started process (PID=3539) to work on /home/airflow/.local/lib/python3.7/site-packages/airflow/example_dags/example_dag_decorator.py
[2023-07-11 23:13:51,537] {processor.py:641} INFO - Processing file /home/airflow/.local/lib/python3.7/site-packages/airflow/example_dags/example_dag_decorator.py for tasks to queue
[2023-07-11 23:13:51,538] {logging_mixin.py:115} INFO - [2023-07-11 23:13:51,538] {dagbag.py:508} INFO - Filling up the DagBag from /home/airflow/.local/lib/python3.7/site-packages/airflow/example_dags/example_dag_decorator.py
[2023-07-11 23:13:51,609] {processor.py:651} INFO - DAG(s) dict_keys(['example_dag_decorator']) retrieved from /home/airflow/.local/lib/python3.7/site-packages/airflow/example_dags/example_dag_decorator.py
[2023-07-11 23:13:51,763] {logging_mixin.py:115} INFO - [2023-07-11 23:13:51,763] {dag.py:2420} INFO - Sync 1 DAGs
[2023-07-11 23:13:51,790] {logging_mixin.py:115} INFO - [2023-07-11 23:13:51,790] {dag.py:2972} INFO - Setting next_dagrun for example_dag_decorator to None, run_after=None
[2023-07-11 23:13:51,837] {processor.py:161} INFO - Processing /home/airflow/.local/lib/python3.7/site-packages/airflow/example_dags/example_dag_decorator.py took 0.317 seconds
