[2023-07-11 00:42:56,293] {processor.py:153} INFO - Started process (PID=60) to work on /home/airflow/.local/lib/python3.7/site-packages/airflow/example_dags/example_latest_only.py
[2023-07-11 00:42:56,294] {processor.py:641} INFO - Processing file /home/airflow/.local/lib/python3.7/site-packages/airflow/example_dags/example_latest_only.py for tasks to queue
[2023-07-11 00:42:56,295] {logging_mixin.py:115} INFO - [2023-07-11 00:42:56,294] {dagbag.py:508} INFO - Filling up the DagBag from /home/airflow/.local/lib/python3.7/site-packages/airflow/example_dags/example_latest_only.py
[2023-07-11 00:42:56,318] {processor.py:651} INFO - DAG(s) dict_keys(['latest_only']) retrieved from /home/airflow/.local/lib/python3.7/site-packages/airflow/example_dags/example_latest_only.py
[2023-07-11 00:42:56,704] {logging_mixin.py:115} INFO - [2023-07-11 00:42:56,704] {manager.py:508} INFO - Created Permission View: can delete on DAG:latest_only
[2023-07-11 00:42:56,784] {logging_mixin.py:115} INFO - [2023-07-11 00:42:56,784] {manager.py:508} INFO - Created Permission View: can read on DAG:latest_only
[2023-07-11 00:42:56,825] {logging_mixin.py:115} INFO - [2023-07-11 00:42:56,825] {manager.py:508} INFO - Created Permission View: can edit on DAG:latest_only
[2023-07-11 00:42:56,825] {logging_mixin.py:115} INFO - [2023-07-11 00:42:56,825] {dag.py:2420} INFO - Sync 1 DAGs
[2023-07-11 00:42:56,863] {logging_mixin.py:115} INFO - [2023-07-11 00:42:56,863] {dag.py:2439} INFO - Creating ORM DAG for latest_only
[2023-07-11 00:42:56,914] {logging_mixin.py:115} INFO - [2023-07-11 00:42:56,914] {dag.py:2972} INFO - Setting next_dagrun for latest_only to 2023-07-10T20:42:56.913799+00:00, run_after=2023-07-11T00:42:56.913799+00:00
[2023-07-11 00:42:56,982] {processor.py:161} INFO - Processing /home/airflow/.local/lib/python3.7/site-packages/airflow/example_dags/example_latest_only.py took 0.702 seconds
[2023-07-11 00:43:28,008] {processor.py:153} INFO - Started process (PID=112) to work on /home/airflow/.local/lib/python3.7/site-packages/airflow/example_dags/example_latest_only.py
[2023-07-11 00:43:28,008] {processor.py:641} INFO - Processing file /home/airflow/.local/lib/python3.7/site-packages/airflow/example_dags/example_latest_only.py for tasks to queue
[2023-07-11 00:43:28,009] {logging_mixin.py:115} INFO - [2023-07-11 00:43:28,009] {dagbag.py:508} INFO - Filling up the DagBag from /home/airflow/.local/lib/python3.7/site-packages/airflow/example_dags/example_latest_only.py
[2023-07-11 00:43:28,017] {processor.py:651} INFO - DAG(s) dict_keys(['latest_only']) retrieved from /home/airflow/.local/lib/python3.7/site-packages/airflow/example_dags/example_latest_only.py
[2023-07-11 00:43:28,064] {logging_mixin.py:115} INFO - [2023-07-11 00:43:28,063] {dag.py:2420} INFO - Sync 1 DAGs
[2023-07-11 00:43:28,105] {logging_mixin.py:115} INFO - [2023-07-11 00:43:28,105] {dag.py:2972} INFO - Setting next_dagrun for latest_only to 2023-07-10T20:43:28.105294+00:00, run_after=2023-07-11T00:43:28.105294+00:00
[2023-07-11 00:43:28,129] {processor.py:161} INFO - Processing /home/airflow/.local/lib/python3.7/site-packages/airflow/example_dags/example_latest_only.py took 0.126 seconds
[2023-07-11 00:43:58,622] {processor.py:153} INFO - Started process (PID=163) to work on /home/airflow/.local/lib/python3.7/site-packages/airflow/example_dags/example_latest_only.py
[2023-07-11 00:43:58,629] {processor.py:641} INFO - Processing file /home/airflow/.local/lib/python3.7/site-packages/airflow/example_dags/example_latest_only.py for tasks to queue
[2023-07-11 00:43:58,630] {logging_mixin.py:115} INFO - [2023-07-11 00:43:58,630] {dagbag.py:508} INFO - Filling up the DagBag from /home/airflow/.local/lib/python3.7/site-packages/airflow/example_dags/example_latest_only.py
[2023-07-11 00:43:58,647] {processor.py:651} INFO - DAG(s) dict_keys(['latest_only']) retrieved from /home/airflow/.local/lib/python3.7/site-packages/airflow/example_dags/example_latest_only.py
[2023-07-11 00:43:58,761] {logging_mixin.py:115} INFO - [2023-07-11 00:43:58,761] {dag.py:2420} INFO - Sync 1 DAGs
[2023-07-11 00:43:58,813] {logging_mixin.py:115} INFO - [2023-07-11 00:43:58,812] {dag.py:2972} INFO - Setting next_dagrun for latest_only to 2023-07-10T20:43:58.812522+00:00, run_after=2023-07-11T00:43:58.812522+00:00
[2023-07-11 00:43:58,838] {processor.py:161} INFO - Processing /home/airflow/.local/lib/python3.7/site-packages/airflow/example_dags/example_latest_only.py took 0.223 seconds
[2023-07-11 00:44:28,980] {processor.py:153} INFO - Started process (PID=223) to work on /home/airflow/.local/lib/python3.7/site-packages/airflow/example_dags/example_latest_only.py
[2023-07-11 00:44:28,982] {processor.py:641} INFO - Processing file /home/airflow/.local/lib/python3.7/site-packages/airflow/example_dags/example_latest_only.py for tasks to queue
[2023-07-11 00:44:28,983] {logging_mixin.py:115} INFO - [2023-07-11 00:44:28,983] {dagbag.py:508} INFO - Filling up the DagBag from /home/airflow/.local/lib/python3.7/site-packages/airflow/example_dags/example_latest_only.py
[2023-07-11 00:44:28,994] {processor.py:651} INFO - DAG(s) dict_keys(['latest_only']) retrieved from /home/airflow/.local/lib/python3.7/site-packages/airflow/example_dags/example_latest_only.py
[2023-07-11 00:44:29,058] {logging_mixin.py:115} INFO - [2023-07-11 00:44:29,058] {dag.py:2420} INFO - Sync 1 DAGs
[2023-07-11 00:44:29,104] {logging_mixin.py:115} INFO - [2023-07-11 00:44:29,104] {dag.py:2972} INFO - Setting next_dagrun for latest_only to 2023-07-10T20:44:29.104464+00:00, run_after=2023-07-11T00:44:29.104464+00:00
[2023-07-11 00:44:29,121] {processor.py:161} INFO - Processing /home/airflow/.local/lib/python3.7/site-packages/airflow/example_dags/example_latest_only.py took 0.146 seconds
[2023-07-11 00:44:59,969] {processor.py:153} INFO - Started process (PID=275) to work on /home/airflow/.local/lib/python3.7/site-packages/airflow/example_dags/example_latest_only.py
[2023-07-11 00:44:59,970] {processor.py:641} INFO - Processing file /home/airflow/.local/lib/python3.7/site-packages/airflow/example_dags/example_latest_only.py for tasks to queue
[2023-07-11 00:44:59,971] {logging_mixin.py:115} INFO - [2023-07-11 00:44:59,971] {dagbag.py:508} INFO - Filling up the DagBag from /home/airflow/.local/lib/python3.7/site-packages/airflow/example_dags/example_latest_only.py
[2023-07-11 00:44:59,977] {processor.py:651} INFO - DAG(s) dict_keys(['latest_only']) retrieved from /home/airflow/.local/lib/python3.7/site-packages/airflow/example_dags/example_latest_only.py
[2023-07-11 00:45:00,009] {logging_mixin.py:115} INFO - [2023-07-11 00:45:00,009] {dag.py:2420} INFO - Sync 1 DAGs
[2023-07-11 00:45:00,044] {logging_mixin.py:115} INFO - [2023-07-11 00:45:00,043] {dag.py:2972} INFO - Setting next_dagrun for latest_only to 2023-07-10T20:45:00.043508+00:00, run_after=2023-07-11T00:45:00.043508+00:00
[2023-07-11 00:45:00,060] {processor.py:161} INFO - Processing /home/airflow/.local/lib/python3.7/site-packages/airflow/example_dags/example_latest_only.py took 0.095 seconds
[2023-07-11 00:45:30,611] {processor.py:153} INFO - Started process (PID=336) to work on /home/airflow/.local/lib/python3.7/site-packages/airflow/example_dags/example_latest_only.py
[2023-07-11 00:45:30,612] {processor.py:641} INFO - Processing file /home/airflow/.local/lib/python3.7/site-packages/airflow/example_dags/example_latest_only.py for tasks to queue
[2023-07-11 00:45:30,612] {logging_mixin.py:115} INFO - [2023-07-11 00:45:30,612] {dagbag.py:508} INFO - Filling up the DagBag from /home/airflow/.local/lib/python3.7/site-packages/airflow/example_dags/example_latest_only.py
[2023-07-11 00:45:30,623] {processor.py:651} INFO - DAG(s) dict_keys(['latest_only']) retrieved from /home/airflow/.local/lib/python3.7/site-packages/airflow/example_dags/example_latest_only.py
[2023-07-11 00:45:30,661] {logging_mixin.py:115} INFO - [2023-07-11 00:45:30,661] {dag.py:2420} INFO - Sync 1 DAGs
[2023-07-11 00:45:30,699] {logging_mixin.py:115} INFO - [2023-07-11 00:45:30,699] {dag.py:2972} INFO - Setting next_dagrun for latest_only to 2023-07-10T20:45:30.699169+00:00, run_after=2023-07-11T00:45:30.699169+00:00
[2023-07-11 00:45:30,722] {processor.py:161} INFO - Processing /home/airflow/.local/lib/python3.7/site-packages/airflow/example_dags/example_latest_only.py took 0.114 seconds
[2023-07-11 00:46:01,274] {processor.py:153} INFO - Started process (PID=388) to work on /home/airflow/.local/lib/python3.7/site-packages/airflow/example_dags/example_latest_only.py
[2023-07-11 00:46:01,274] {processor.py:641} INFO - Processing file /home/airflow/.local/lib/python3.7/site-packages/airflow/example_dags/example_latest_only.py for tasks to queue
[2023-07-11 00:46:01,275] {logging_mixin.py:115} INFO - [2023-07-11 00:46:01,275] {dagbag.py:508} INFO - Filling up the DagBag from /home/airflow/.local/lib/python3.7/site-packages/airflow/example_dags/example_latest_only.py
[2023-07-11 00:46:01,282] {processor.py:651} INFO - DAG(s) dict_keys(['latest_only']) retrieved from /home/airflow/.local/lib/python3.7/site-packages/airflow/example_dags/example_latest_only.py
[2023-07-11 00:46:01,312] {logging_mixin.py:115} INFO - [2023-07-11 00:46:01,311] {dag.py:2420} INFO - Sync 1 DAGs
[2023-07-11 00:46:01,346] {logging_mixin.py:115} INFO - [2023-07-11 00:46:01,345] {dag.py:2972} INFO - Setting next_dagrun for latest_only to 2023-07-10T20:46:01.345571+00:00, run_after=2023-07-11T00:46:01.345571+00:00
[2023-07-11 00:46:01,362] {processor.py:161} INFO - Processing /home/airflow/.local/lib/python3.7/site-packages/airflow/example_dags/example_latest_only.py took 0.092 seconds
[2023-07-11 00:46:31,671] {processor.py:153} INFO - Started process (PID=451) to work on /home/airflow/.local/lib/python3.7/site-packages/airflow/example_dags/example_latest_only.py
[2023-07-11 00:46:31,672] {processor.py:641} INFO - Processing file /home/airflow/.local/lib/python3.7/site-packages/airflow/example_dags/example_latest_only.py for tasks to queue
[2023-07-11 00:46:31,672] {logging_mixin.py:115} INFO - [2023-07-11 00:46:31,672] {dagbag.py:508} INFO - Filling up the DagBag from /home/airflow/.local/lib/python3.7/site-packages/airflow/example_dags/example_latest_only.py
[2023-07-11 00:46:31,681] {processor.py:651} INFO - DAG(s) dict_keys(['latest_only']) retrieved from /home/airflow/.local/lib/python3.7/site-packages/airflow/example_dags/example_latest_only.py
[2023-07-11 00:46:31,726] {logging_mixin.py:115} INFO - [2023-07-11 00:46:31,725] {dag.py:2420} INFO - Sync 1 DAGs
[2023-07-11 00:46:31,769] {logging_mixin.py:115} INFO - [2023-07-11 00:46:31,769] {dag.py:2972} INFO - Setting next_dagrun for latest_only to 2023-07-10T20:46:31.769071+00:00, run_after=2023-07-11T00:46:31.769071+00:00
[2023-07-11 00:46:31,790] {processor.py:161} INFO - Processing /home/airflow/.local/lib/python3.7/site-packages/airflow/example_dags/example_latest_only.py took 0.125 seconds
[2023-07-11 00:47:02,010] {processor.py:153} INFO - Started process (PID=503) to work on /home/airflow/.local/lib/python3.7/site-packages/airflow/example_dags/example_latest_only.py
[2023-07-11 00:47:02,010] {processor.py:641} INFO - Processing file /home/airflow/.local/lib/python3.7/site-packages/airflow/example_dags/example_latest_only.py for tasks to queue
[2023-07-11 00:47:02,011] {logging_mixin.py:115} INFO - [2023-07-11 00:47:02,011] {dagbag.py:508} INFO - Filling up the DagBag from /home/airflow/.local/lib/python3.7/site-packages/airflow/example_dags/example_latest_only.py
[2023-07-11 00:47:02,019] {processor.py:651} INFO - DAG(s) dict_keys(['latest_only']) retrieved from /home/airflow/.local/lib/python3.7/site-packages/airflow/example_dags/example_latest_only.py
[2023-07-11 00:47:02,056] {logging_mixin.py:115} INFO - [2023-07-11 00:47:02,056] {dag.py:2420} INFO - Sync 1 DAGs
[2023-07-11 00:47:02,083] {logging_mixin.py:115} INFO - [2023-07-11 00:47:02,083] {dag.py:2972} INFO - Setting next_dagrun for latest_only to 2023-07-10T20:47:02.082976+00:00, run_after=2023-07-11T00:47:02.082976+00:00
[2023-07-11 00:47:02,097] {processor.py:161} INFO - Processing /home/airflow/.local/lib/python3.7/site-packages/airflow/example_dags/example_latest_only.py took 0.092 seconds
[2023-07-11 00:47:32,867] {processor.py:153} INFO - Started process (PID=564) to work on /home/airflow/.local/lib/python3.7/site-packages/airflow/example_dags/example_latest_only.py
[2023-07-11 00:47:32,868] {processor.py:641} INFO - Processing file /home/airflow/.local/lib/python3.7/site-packages/airflow/example_dags/example_latest_only.py for tasks to queue
[2023-07-11 00:47:32,869] {logging_mixin.py:115} INFO - [2023-07-11 00:47:32,869] {dagbag.py:508} INFO - Filling up the DagBag from /home/airflow/.local/lib/python3.7/site-packages/airflow/example_dags/example_latest_only.py
[2023-07-11 00:47:32,878] {processor.py:651} INFO - DAG(s) dict_keys(['latest_only']) retrieved from /home/airflow/.local/lib/python3.7/site-packages/airflow/example_dags/example_latest_only.py
[2023-07-11 00:47:32,923] {logging_mixin.py:115} INFO - [2023-07-11 00:47:32,923] {dag.py:2420} INFO - Sync 1 DAGs
[2023-07-11 00:47:32,957] {logging_mixin.py:115} INFO - [2023-07-11 00:47:32,957] {dag.py:2972} INFO - Setting next_dagrun for latest_only to 2023-07-10T20:47:32.957000+00:00, run_after=2023-07-11T00:47:32.957000+00:00
[2023-07-11 00:47:32,975] {processor.py:161} INFO - Processing /home/airflow/.local/lib/python3.7/site-packages/airflow/example_dags/example_latest_only.py took 0.114 seconds
[2023-07-11 00:48:03,099] {processor.py:153} INFO - Started process (PID=617) to work on /home/airflow/.local/lib/python3.7/site-packages/airflow/example_dags/example_latest_only.py
[2023-07-11 00:48:03,099] {processor.py:641} INFO - Processing file /home/airflow/.local/lib/python3.7/site-packages/airflow/example_dags/example_latest_only.py for tasks to queue
[2023-07-11 00:48:03,100] {logging_mixin.py:115} INFO - [2023-07-11 00:48:03,100] {dagbag.py:508} INFO - Filling up the DagBag from /home/airflow/.local/lib/python3.7/site-packages/airflow/example_dags/example_latest_only.py
[2023-07-11 00:48:03,105] {processor.py:651} INFO - DAG(s) dict_keys(['latest_only']) retrieved from /home/airflow/.local/lib/python3.7/site-packages/airflow/example_dags/example_latest_only.py
[2023-07-11 00:48:03,134] {logging_mixin.py:115} INFO - [2023-07-11 00:48:03,134] {dag.py:2420} INFO - Sync 1 DAGs
[2023-07-11 00:48:03,160] {logging_mixin.py:115} INFO - [2023-07-11 00:48:03,160] {dag.py:2972} INFO - Setting next_dagrun for latest_only to 2023-07-10T20:48:03.160129+00:00, run_after=2023-07-11T00:48:03.160129+00:00
[2023-07-11 00:48:03,173] {processor.py:161} INFO - Processing /home/airflow/.local/lib/python3.7/site-packages/airflow/example_dags/example_latest_only.py took 0.077 seconds
[2023-07-11 00:48:33,452] {processor.py:153} INFO - Started process (PID=678) to work on /home/airflow/.local/lib/python3.7/site-packages/airflow/example_dags/example_latest_only.py
[2023-07-11 00:48:33,453] {processor.py:641} INFO - Processing file /home/airflow/.local/lib/python3.7/site-packages/airflow/example_dags/example_latest_only.py for tasks to queue
[2023-07-11 00:48:33,454] {logging_mixin.py:115} INFO - [2023-07-11 00:48:33,454] {dagbag.py:508} INFO - Filling up the DagBag from /home/airflow/.local/lib/python3.7/site-packages/airflow/example_dags/example_latest_only.py
[2023-07-11 00:48:33,460] {processor.py:651} INFO - DAG(s) dict_keys(['latest_only']) retrieved from /home/airflow/.local/lib/python3.7/site-packages/airflow/example_dags/example_latest_only.py
[2023-07-11 00:48:33,487] {logging_mixin.py:115} INFO - [2023-07-11 00:48:33,487] {dag.py:2420} INFO - Sync 1 DAGs
[2023-07-11 00:48:33,522] {logging_mixin.py:115} INFO - [2023-07-11 00:48:33,522] {dag.py:2972} INFO - Setting next_dagrun for latest_only to 2023-07-10T20:48:33.522424+00:00, run_after=2023-07-11T00:48:33.522424+00:00
[2023-07-11 00:48:33,539] {processor.py:161} INFO - Processing /home/airflow/.local/lib/python3.7/site-packages/airflow/example_dags/example_latest_only.py took 0.091 seconds
[2023-07-11 00:49:04,064] {processor.py:153} INFO - Started process (PID=739) to work on /home/airflow/.local/lib/python3.7/site-packages/airflow/example_dags/example_latest_only.py
[2023-07-11 00:49:04,065] {processor.py:641} INFO - Processing file /home/airflow/.local/lib/python3.7/site-packages/airflow/example_dags/example_latest_only.py for tasks to queue
[2023-07-11 00:49:04,066] {logging_mixin.py:115} INFO - [2023-07-11 00:49:04,065] {dagbag.py:508} INFO - Filling up the DagBag from /home/airflow/.local/lib/python3.7/site-packages/airflow/example_dags/example_latest_only.py
[2023-07-11 00:49:04,073] {processor.py:651} INFO - DAG(s) dict_keys(['latest_only']) retrieved from /home/airflow/.local/lib/python3.7/site-packages/airflow/example_dags/example_latest_only.py
[2023-07-11 00:49:04,116] {logging_mixin.py:115} INFO - [2023-07-11 00:49:04,115] {dag.py:2420} INFO - Sync 1 DAGs
[2023-07-11 00:49:04,158] {logging_mixin.py:115} INFO - [2023-07-11 00:49:04,158] {dag.py:2972} INFO - Setting next_dagrun for latest_only to 2023-07-10T20:49:04.158200+00:00, run_after=2023-07-11T00:49:04.158200+00:00
[2023-07-11 00:49:04,179] {processor.py:161} INFO - Processing /home/airflow/.local/lib/python3.7/site-packages/airflow/example_dags/example_latest_only.py took 0.120 seconds
[2023-07-11 00:49:34,388] {processor.py:153} INFO - Started process (PID=791) to work on /home/airflow/.local/lib/python3.7/site-packages/airflow/example_dags/example_latest_only.py
[2023-07-11 00:49:34,389] {processor.py:641} INFO - Processing file /home/airflow/.local/lib/python3.7/site-packages/airflow/example_dags/example_latest_only.py for tasks to queue
[2023-07-11 00:49:34,390] {logging_mixin.py:115} INFO - [2023-07-11 00:49:34,390] {dagbag.py:508} INFO - Filling up the DagBag from /home/airflow/.local/lib/python3.7/site-packages/airflow/example_dags/example_latest_only.py
[2023-07-11 00:49:34,399] {processor.py:651} INFO - DAG(s) dict_keys(['latest_only']) retrieved from /home/airflow/.local/lib/python3.7/site-packages/airflow/example_dags/example_latest_only.py
[2023-07-11 00:49:34,431] {logging_mixin.py:115} INFO - [2023-07-11 00:49:34,431] {dag.py:2420} INFO - Sync 1 DAGs
[2023-07-11 00:49:34,459] {logging_mixin.py:115} INFO - [2023-07-11 00:49:34,458] {dag.py:2972} INFO - Setting next_dagrun for latest_only to 2023-07-10T20:49:34.458684+00:00, run_after=2023-07-11T00:49:34.458684+00:00
[2023-07-11 00:49:34,473] {processor.py:161} INFO - Processing /home/airflow/.local/lib/python3.7/site-packages/airflow/example_dags/example_latest_only.py took 0.088 seconds
[2023-07-11 00:50:04,788] {processor.py:153} INFO - Started process (PID=842) to work on /home/airflow/.local/lib/python3.7/site-packages/airflow/example_dags/example_latest_only.py
[2023-07-11 00:50:04,789] {processor.py:641} INFO - Processing file /home/airflow/.local/lib/python3.7/site-packages/airflow/example_dags/example_latest_only.py for tasks to queue
[2023-07-11 00:50:04,789] {logging_mixin.py:115} INFO - [2023-07-11 00:50:04,789] {dagbag.py:508} INFO - Filling up the DagBag from /home/airflow/.local/lib/python3.7/site-packages/airflow/example_dags/example_latest_only.py
[2023-07-11 00:50:04,795] {processor.py:651} INFO - DAG(s) dict_keys(['latest_only']) retrieved from /home/airflow/.local/lib/python3.7/site-packages/airflow/example_dags/example_latest_only.py
[2023-07-11 00:50:04,822] {logging_mixin.py:115} INFO - [2023-07-11 00:50:04,822] {dag.py:2420} INFO - Sync 1 DAGs
[2023-07-11 00:50:04,848] {logging_mixin.py:115} INFO - [2023-07-11 00:50:04,848] {dag.py:2972} INFO - Setting next_dagrun for latest_only to 2023-07-10T20:50:04.848045+00:00, run_after=2023-07-11T00:50:04.848045+00:00
[2023-07-11 00:50:04,866] {processor.py:161} INFO - Processing /home/airflow/.local/lib/python3.7/site-packages/airflow/example_dags/example_latest_only.py took 0.082 seconds
[2023-07-11 00:50:35,449] {processor.py:153} INFO - Started process (PID=901) to work on /home/airflow/.local/lib/python3.7/site-packages/airflow/example_dags/example_latest_only.py
[2023-07-11 00:50:35,452] {processor.py:641} INFO - Processing file /home/airflow/.local/lib/python3.7/site-packages/airflow/example_dags/example_latest_only.py for tasks to queue
[2023-07-11 00:50:35,453] {logging_mixin.py:115} INFO - [2023-07-11 00:50:35,452] {dagbag.py:508} INFO - Filling up the DagBag from /home/airflow/.local/lib/python3.7/site-packages/airflow/example_dags/example_latest_only.py
[2023-07-11 00:50:35,461] {processor.py:651} INFO - DAG(s) dict_keys(['latest_only']) retrieved from /home/airflow/.local/lib/python3.7/site-packages/airflow/example_dags/example_latest_only.py
[2023-07-11 00:50:35,504] {logging_mixin.py:115} INFO - [2023-07-11 00:50:35,504] {dag.py:2420} INFO - Sync 1 DAGs
[2023-07-11 00:50:35,547] {logging_mixin.py:115} INFO - [2023-07-11 00:50:35,547] {dag.py:2972} INFO - Setting next_dagrun for latest_only to 2023-07-10T20:50:35.547309+00:00, run_after=2023-07-11T00:50:35.547309+00:00
[2023-07-11 00:50:35,568] {processor.py:161} INFO - Processing /home/airflow/.local/lib/python3.7/site-packages/airflow/example_dags/example_latest_only.py took 0.124 seconds
[2023-07-11 00:51:06,243] {processor.py:153} INFO - Started process (PID=961) to work on /home/airflow/.local/lib/python3.7/site-packages/airflow/example_dags/example_latest_only.py
[2023-07-11 00:51:06,244] {processor.py:641} INFO - Processing file /home/airflow/.local/lib/python3.7/site-packages/airflow/example_dags/example_latest_only.py for tasks to queue
[2023-07-11 00:51:06,244] {logging_mixin.py:115} INFO - [2023-07-11 00:51:06,244] {dagbag.py:508} INFO - Filling up the DagBag from /home/airflow/.local/lib/python3.7/site-packages/airflow/example_dags/example_latest_only.py
[2023-07-11 00:51:06,253] {processor.py:651} INFO - DAG(s) dict_keys(['latest_only']) retrieved from /home/airflow/.local/lib/python3.7/site-packages/airflow/example_dags/example_latest_only.py
[2023-07-11 00:51:06,305] {logging_mixin.py:115} INFO - [2023-07-11 00:51:06,305] {dag.py:2420} INFO - Sync 1 DAGs
[2023-07-11 00:51:06,347] {logging_mixin.py:115} INFO - [2023-07-11 00:51:06,347] {dag.py:2972} INFO - Setting next_dagrun for latest_only to 2023-07-10T20:51:06.347063+00:00, run_after=2023-07-11T00:51:06.347063+00:00
[2023-07-11 00:51:06,363] {processor.py:161} INFO - Processing /home/airflow/.local/lib/python3.7/site-packages/airflow/example_dags/example_latest_only.py took 0.125 seconds
[2023-07-11 00:51:36,640] {processor.py:153} INFO - Started process (PID=1013) to work on /home/airflow/.local/lib/python3.7/site-packages/airflow/example_dags/example_latest_only.py
[2023-07-11 00:51:36,641] {processor.py:641} INFO - Processing file /home/airflow/.local/lib/python3.7/site-packages/airflow/example_dags/example_latest_only.py for tasks to queue
[2023-07-11 00:51:36,642] {logging_mixin.py:115} INFO - [2023-07-11 00:51:36,641] {dagbag.py:508} INFO - Filling up the DagBag from /home/airflow/.local/lib/python3.7/site-packages/airflow/example_dags/example_latest_only.py
[2023-07-11 00:51:36,647] {processor.py:651} INFO - DAG(s) dict_keys(['latest_only']) retrieved from /home/airflow/.local/lib/python3.7/site-packages/airflow/example_dags/example_latest_only.py
[2023-07-11 00:51:36,677] {logging_mixin.py:115} INFO - [2023-07-11 00:51:36,677] {dag.py:2420} INFO - Sync 1 DAGs
[2023-07-11 00:51:36,707] {logging_mixin.py:115} INFO - [2023-07-11 00:51:36,707] {dag.py:2972} INFO - Setting next_dagrun for latest_only to 2023-07-10T20:51:36.707516+00:00, run_after=2023-07-11T00:51:36.707516+00:00
[2023-07-11 00:51:36,722] {processor.py:161} INFO - Processing /home/airflow/.local/lib/python3.7/site-packages/airflow/example_dags/example_latest_only.py took 0.085 seconds
[2023-07-11 22:50:09,390] {processor.py:153} INFO - Started process (PID=1064) to work on /home/airflow/.local/lib/python3.7/site-packages/airflow/example_dags/example_latest_only.py
[2023-07-11 22:50:09,391] {processor.py:641} INFO - Processing file /home/airflow/.local/lib/python3.7/site-packages/airflow/example_dags/example_latest_only.py for tasks to queue
[2023-07-11 22:50:09,392] {logging_mixin.py:115} INFO - [2023-07-11 22:50:09,392] {dagbag.py:508} INFO - Filling up the DagBag from /home/airflow/.local/lib/python3.7/site-packages/airflow/example_dags/example_latest_only.py
[2023-07-11 22:50:09,400] {processor.py:651} INFO - DAG(s) dict_keys(['latest_only']) retrieved from /home/airflow/.local/lib/python3.7/site-packages/airflow/example_dags/example_latest_only.py
[2023-07-11 22:50:09,567] {logging_mixin.py:115} INFO - [2023-07-11 22:50:09,567] {dag.py:2420} INFO - Sync 1 DAGs
[2023-07-11 22:50:09,683] {logging_mixin.py:115} INFO - [2023-07-11 22:50:09,683] {dag.py:2972} INFO - Setting next_dagrun for latest_only to 2023-07-11T18:50:09.683365+00:00, run_after=2023-07-11T22:50:09.683365+00:00
[2023-07-11 22:50:09,755] {processor.py:161} INFO - Processing /home/airflow/.local/lib/python3.7/site-packages/airflow/example_dags/example_latest_only.py took 0.371 seconds
[2023-07-11 22:50:40,865] {processor.py:153} INFO - Started process (PID=1114) to work on /home/airflow/.local/lib/python3.7/site-packages/airflow/example_dags/example_latest_only.py
[2023-07-11 22:50:40,865] {processor.py:641} INFO - Processing file /home/airflow/.local/lib/python3.7/site-packages/airflow/example_dags/example_latest_only.py for tasks to queue
[2023-07-11 22:50:40,866] {logging_mixin.py:115} INFO - [2023-07-11 22:50:40,866] {dagbag.py:508} INFO - Filling up the DagBag from /home/airflow/.local/lib/python3.7/site-packages/airflow/example_dags/example_latest_only.py
[2023-07-11 22:50:40,894] {processor.py:651} INFO - DAG(s) dict_keys(['latest_only']) retrieved from /home/airflow/.local/lib/python3.7/site-packages/airflow/example_dags/example_latest_only.py
[2023-07-11 22:50:41,033] {logging_mixin.py:115} INFO - [2023-07-11 22:50:41,033] {dag.py:2420} INFO - Sync 1 DAGs
[2023-07-11 22:50:41,143] {logging_mixin.py:115} INFO - [2023-07-11 22:50:41,142] {dag.py:2972} INFO - Setting next_dagrun for latest_only to 2023-07-11T18:50:41.142416+00:00, run_after=2023-07-11T22:50:41.142416+00:00
[2023-07-11 22:50:41,188] {processor.py:161} INFO - Processing /home/airflow/.local/lib/python3.7/site-packages/airflow/example_dags/example_latest_only.py took 0.350 seconds
[2023-07-11 22:51:11,535] {processor.py:153} INFO - Started process (PID=1168) to work on /home/airflow/.local/lib/python3.7/site-packages/airflow/example_dags/example_latest_only.py
[2023-07-11 22:51:11,535] {processor.py:641} INFO - Processing file /home/airflow/.local/lib/python3.7/site-packages/airflow/example_dags/example_latest_only.py for tasks to queue
[2023-07-11 22:51:11,536] {logging_mixin.py:115} INFO - [2023-07-11 22:51:11,536] {dagbag.py:508} INFO - Filling up the DagBag from /home/airflow/.local/lib/python3.7/site-packages/airflow/example_dags/example_latest_only.py
[2023-07-11 22:51:11,542] {processor.py:651} INFO - DAG(s) dict_keys(['latest_only']) retrieved from /home/airflow/.local/lib/python3.7/site-packages/airflow/example_dags/example_latest_only.py
[2023-07-11 22:51:11,569] {logging_mixin.py:115} INFO - [2023-07-11 22:51:11,569] {dag.py:2420} INFO - Sync 1 DAGs
[2023-07-11 22:51:11,592] {logging_mixin.py:115} INFO - [2023-07-11 22:51:11,592] {dag.py:2972} INFO - Setting next_dagrun for latest_only to 2023-07-11T18:51:11.592321+00:00, run_after=2023-07-11T22:51:11.592321+00:00
[2023-07-11 22:51:11,608] {processor.py:161} INFO - Processing /home/airflow/.local/lib/python3.7/site-packages/airflow/example_dags/example_latest_only.py took 0.077 seconds
[2023-07-11 22:51:41,967] {processor.py:153} INFO - Started process (PID=1220) to work on /home/airflow/.local/lib/python3.7/site-packages/airflow/example_dags/example_latest_only.py
[2023-07-11 22:51:41,967] {processor.py:641} INFO - Processing file /home/airflow/.local/lib/python3.7/site-packages/airflow/example_dags/example_latest_only.py for tasks to queue
[2023-07-11 22:51:41,968] {logging_mixin.py:115} INFO - [2023-07-11 22:51:41,968] {dagbag.py:508} INFO - Filling up the DagBag from /home/airflow/.local/lib/python3.7/site-packages/airflow/example_dags/example_latest_only.py
[2023-07-11 22:51:41,976] {processor.py:651} INFO - DAG(s) dict_keys(['latest_only']) retrieved from /home/airflow/.local/lib/python3.7/site-packages/airflow/example_dags/example_latest_only.py
[2023-07-11 22:51:42,018] {logging_mixin.py:115} INFO - [2023-07-11 22:51:42,017] {dag.py:2420} INFO - Sync 1 DAGs
[2023-07-11 22:51:42,057] {logging_mixin.py:115} INFO - [2023-07-11 22:51:42,057] {dag.py:2972} INFO - Setting next_dagrun for latest_only to 2023-07-11T18:51:42.056585+00:00, run_after=2023-07-11T22:51:42.056585+00:00
[2023-07-11 22:51:42,080] {processor.py:161} INFO - Processing /home/airflow/.local/lib/python3.7/site-packages/airflow/example_dags/example_latest_only.py took 0.118 seconds
[2023-07-11 22:52:13,000] {processor.py:153} INFO - Started process (PID=1279) to work on /home/airflow/.local/lib/python3.7/site-packages/airflow/example_dags/example_latest_only.py
[2023-07-11 22:52:13,001] {processor.py:641} INFO - Processing file /home/airflow/.local/lib/python3.7/site-packages/airflow/example_dags/example_latest_only.py for tasks to queue
[2023-07-11 22:52:13,002] {logging_mixin.py:115} INFO - [2023-07-11 22:52:13,002] {dagbag.py:508} INFO - Filling up the DagBag from /home/airflow/.local/lib/python3.7/site-packages/airflow/example_dags/example_latest_only.py
[2023-07-11 22:52:13,009] {processor.py:651} INFO - DAG(s) dict_keys(['latest_only']) retrieved from /home/airflow/.local/lib/python3.7/site-packages/airflow/example_dags/example_latest_only.py
[2023-07-11 22:52:13,038] {logging_mixin.py:115} INFO - [2023-07-11 22:52:13,038] {dag.py:2420} INFO - Sync 1 DAGs
[2023-07-11 22:52:13,070] {logging_mixin.py:115} INFO - [2023-07-11 22:52:13,070] {dag.py:2972} INFO - Setting next_dagrun for latest_only to 2023-07-11T18:52:13.070306+00:00, run_after=2023-07-11T22:52:13.070306+00:00
[2023-07-11 22:52:13,085] {processor.py:161} INFO - Processing /home/airflow/.local/lib/python3.7/site-packages/airflow/example_dags/example_latest_only.py took 0.088 seconds
[2023-07-11 22:52:43,751] {processor.py:153} INFO - Started process (PID=1330) to work on /home/airflow/.local/lib/python3.7/site-packages/airflow/example_dags/example_latest_only.py
[2023-07-11 22:52:43,754] {processor.py:641} INFO - Processing file /home/airflow/.local/lib/python3.7/site-packages/airflow/example_dags/example_latest_only.py for tasks to queue
[2023-07-11 22:52:43,755] {logging_mixin.py:115} INFO - [2023-07-11 22:52:43,755] {dagbag.py:508} INFO - Filling up the DagBag from /home/airflow/.local/lib/python3.7/site-packages/airflow/example_dags/example_latest_only.py
[2023-07-11 22:52:43,775] {processor.py:651} INFO - DAG(s) dict_keys(['latest_only']) retrieved from /home/airflow/.local/lib/python3.7/site-packages/airflow/example_dags/example_latest_only.py
[2023-07-11 22:52:43,852] {logging_mixin.py:115} INFO - [2023-07-11 22:52:43,851] {dag.py:2420} INFO - Sync 1 DAGs
[2023-07-11 22:52:43,920] {logging_mixin.py:115} INFO - [2023-07-11 22:52:43,919] {dag.py:2972} INFO - Setting next_dagrun for latest_only to 2023-07-11T18:52:43.919563+00:00, run_after=2023-07-11T22:52:43.919563+00:00
[2023-07-11 22:52:43,948] {processor.py:161} INFO - Processing /home/airflow/.local/lib/python3.7/site-packages/airflow/example_dags/example_latest_only.py took 0.205 seconds
[2023-07-11 22:53:14,026] {processor.py:153} INFO - Started process (PID=1381) to work on /home/airflow/.local/lib/python3.7/site-packages/airflow/example_dags/example_latest_only.py
[2023-07-11 22:53:14,027] {processor.py:641} INFO - Processing file /home/airflow/.local/lib/python3.7/site-packages/airflow/example_dags/example_latest_only.py for tasks to queue
[2023-07-11 22:53:14,028] {logging_mixin.py:115} INFO - [2023-07-11 22:53:14,028] {dagbag.py:508} INFO - Filling up the DagBag from /home/airflow/.local/lib/python3.7/site-packages/airflow/example_dags/example_latest_only.py
[2023-07-11 22:53:14,035] {processor.py:651} INFO - DAG(s) dict_keys(['latest_only']) retrieved from /home/airflow/.local/lib/python3.7/site-packages/airflow/example_dags/example_latest_only.py
[2023-07-11 22:53:14,075] {logging_mixin.py:115} INFO - [2023-07-11 22:53:14,075] {dag.py:2420} INFO - Sync 1 DAGs
[2023-07-11 22:53:14,102] {logging_mixin.py:115} INFO - [2023-07-11 22:53:14,102] {dag.py:2972} INFO - Setting next_dagrun for latest_only to 2023-07-11T18:53:14.101948+00:00, run_after=2023-07-11T22:53:14.101948+00:00
[2023-07-11 22:53:14,116] {processor.py:161} INFO - Processing /home/airflow/.local/lib/python3.7/site-packages/airflow/example_dags/example_latest_only.py took 0.093 seconds
[2023-07-11 22:53:45,513] {processor.py:153} INFO - Started process (PID=1440) to work on /home/airflow/.local/lib/python3.7/site-packages/airflow/example_dags/example_latest_only.py
[2023-07-11 22:53:45,515] {processor.py:641} INFO - Processing file /home/airflow/.local/lib/python3.7/site-packages/airflow/example_dags/example_latest_only.py for tasks to queue
[2023-07-11 22:53:45,523] {logging_mixin.py:115} INFO - [2023-07-11 22:53:45,523] {dagbag.py:508} INFO - Filling up the DagBag from /home/airflow/.local/lib/python3.7/site-packages/airflow/example_dags/example_latest_only.py
[2023-07-11 22:53:45,581] {processor.py:651} INFO - DAG(s) dict_keys(['latest_only']) retrieved from /home/airflow/.local/lib/python3.7/site-packages/airflow/example_dags/example_latest_only.py
[2023-07-11 22:53:45,720] {logging_mixin.py:115} INFO - [2023-07-11 22:53:45,720] {dag.py:2420} INFO - Sync 1 DAGs
[2023-07-11 22:53:45,882] {logging_mixin.py:115} INFO - [2023-07-11 22:53:45,882] {dag.py:2972} INFO - Setting next_dagrun for latest_only to 2023-07-11T18:53:45.881882+00:00, run_after=2023-07-11T22:53:45.881882+00:00
[2023-07-11 22:53:45,946] {processor.py:161} INFO - Processing /home/airflow/.local/lib/python3.7/site-packages/airflow/example_dags/example_latest_only.py took 0.438 seconds
[2023-07-11 22:54:16,177] {processor.py:153} INFO - Started process (PID=1493) to work on /home/airflow/.local/lib/python3.7/site-packages/airflow/example_dags/example_latest_only.py
[2023-07-11 22:54:16,179] {processor.py:641} INFO - Processing file /home/airflow/.local/lib/python3.7/site-packages/airflow/example_dags/example_latest_only.py for tasks to queue
[2023-07-11 22:54:16,182] {logging_mixin.py:115} INFO - [2023-07-11 22:54:16,182] {dagbag.py:508} INFO - Filling up the DagBag from /home/airflow/.local/lib/python3.7/site-packages/airflow/example_dags/example_latest_only.py
[2023-07-11 22:54:16,208] {processor.py:651} INFO - DAG(s) dict_keys(['latest_only']) retrieved from /home/airflow/.local/lib/python3.7/site-packages/airflow/example_dags/example_latest_only.py
[2023-07-11 22:54:16,348] {logging_mixin.py:115} INFO - [2023-07-11 22:54:16,347] {dag.py:2420} INFO - Sync 1 DAGs
[2023-07-11 22:54:16,443] {logging_mixin.py:115} INFO - [2023-07-11 22:54:16,443] {dag.py:2972} INFO - Setting next_dagrun for latest_only to 2023-07-11T18:54:16.442608+00:00, run_after=2023-07-11T22:54:16.442608+00:00
[2023-07-11 22:54:16,502] {processor.py:161} INFO - Processing /home/airflow/.local/lib/python3.7/site-packages/airflow/example_dags/example_latest_only.py took 0.339 seconds
[2023-07-11 22:54:46,952] {processor.py:153} INFO - Started process (PID=1544) to work on /home/airflow/.local/lib/python3.7/site-packages/airflow/example_dags/example_latest_only.py
[2023-07-11 22:54:46,954] {processor.py:641} INFO - Processing file /home/airflow/.local/lib/python3.7/site-packages/airflow/example_dags/example_latest_only.py for tasks to queue
[2023-07-11 22:54:46,955] {logging_mixin.py:115} INFO - [2023-07-11 22:54:46,955] {dagbag.py:508} INFO - Filling up the DagBag from /home/airflow/.local/lib/python3.7/site-packages/airflow/example_dags/example_latest_only.py
[2023-07-11 22:54:46,976] {processor.py:651} INFO - DAG(s) dict_keys(['latest_only']) retrieved from /home/airflow/.local/lib/python3.7/site-packages/airflow/example_dags/example_latest_only.py
[2023-07-11 22:54:47,118] {logging_mixin.py:115} INFO - [2023-07-11 22:54:47,118] {dag.py:2420} INFO - Sync 1 DAGs
[2023-07-11 22:54:47,190] {logging_mixin.py:115} INFO - [2023-07-11 22:54:47,190] {dag.py:2972} INFO - Setting next_dagrun for latest_only to 2023-07-11T18:54:47.189486+00:00, run_after=2023-07-11T22:54:47.189486+00:00
[2023-07-11 22:54:47,223] {processor.py:161} INFO - Processing /home/airflow/.local/lib/python3.7/site-packages/airflow/example_dags/example_latest_only.py took 0.305 seconds
[2023-07-11 22:55:18,080] {processor.py:153} INFO - Started process (PID=1596) to work on /home/airflow/.local/lib/python3.7/site-packages/airflow/example_dags/example_latest_only.py
[2023-07-11 22:55:18,081] {processor.py:641} INFO - Processing file /home/airflow/.local/lib/python3.7/site-packages/airflow/example_dags/example_latest_only.py for tasks to queue
[2023-07-11 22:55:18,082] {logging_mixin.py:115} INFO - [2023-07-11 22:55:18,082] {dagbag.py:508} INFO - Filling up the DagBag from /home/airflow/.local/lib/python3.7/site-packages/airflow/example_dags/example_latest_only.py
[2023-07-11 22:55:18,093] {processor.py:651} INFO - DAG(s) dict_keys(['latest_only']) retrieved from /home/airflow/.local/lib/python3.7/site-packages/airflow/example_dags/example_latest_only.py
[2023-07-11 22:55:18,192] {logging_mixin.py:115} INFO - [2023-07-11 22:55:18,192] {dag.py:2420} INFO - Sync 1 DAGs
[2023-07-11 22:55:18,271] {logging_mixin.py:115} INFO - [2023-07-11 22:55:18,271] {dag.py:2972} INFO - Setting next_dagrun for latest_only to 2023-07-11T18:55:18.270818+00:00, run_after=2023-07-11T22:55:18.270818+00:00
[2023-07-11 22:55:18,319] {processor.py:161} INFO - Processing /home/airflow/.local/lib/python3.7/site-packages/airflow/example_dags/example_latest_only.py took 0.247 seconds
[2023-07-11 22:55:49,385] {processor.py:153} INFO - Started process (PID=1648) to work on /home/airflow/.local/lib/python3.7/site-packages/airflow/example_dags/example_latest_only.py
[2023-07-11 22:55:49,388] {processor.py:641} INFO - Processing file /home/airflow/.local/lib/python3.7/site-packages/airflow/example_dags/example_latest_only.py for tasks to queue
[2023-07-11 22:55:49,396] {logging_mixin.py:115} INFO - [2023-07-11 22:55:49,396] {dagbag.py:508} INFO - Filling up the DagBag from /home/airflow/.local/lib/python3.7/site-packages/airflow/example_dags/example_latest_only.py
[2023-07-11 22:55:49,436] {processor.py:651} INFO - DAG(s) dict_keys(['latest_only']) retrieved from /home/airflow/.local/lib/python3.7/site-packages/airflow/example_dags/example_latest_only.py
[2023-07-11 22:55:49,709] {logging_mixin.py:115} INFO - [2023-07-11 22:55:49,709] {dag.py:2420} INFO - Sync 1 DAGs
[2023-07-11 22:55:49,851] {logging_mixin.py:115} INFO - [2023-07-11 22:55:49,850] {dag.py:2972} INFO - Setting next_dagrun for latest_only to 2023-07-11T18:55:49.848183+00:00, run_after=2023-07-11T22:55:49.848183+00:00
[2023-07-11 22:55:49,925] {processor.py:161} INFO - Processing /home/airflow/.local/lib/python3.7/site-packages/airflow/example_dags/example_latest_only.py took 0.594 seconds
[2023-07-11 22:56:20,847] {processor.py:153} INFO - Started process (PID=1700) to work on /home/airflow/.local/lib/python3.7/site-packages/airflow/example_dags/example_latest_only.py
[2023-07-11 22:56:20,848] {processor.py:641} INFO - Processing file /home/airflow/.local/lib/python3.7/site-packages/airflow/example_dags/example_latest_only.py for tasks to queue
[2023-07-11 22:56:20,849] {logging_mixin.py:115} INFO - [2023-07-11 22:56:20,849] {dagbag.py:508} INFO - Filling up the DagBag from /home/airflow/.local/lib/python3.7/site-packages/airflow/example_dags/example_latest_only.py
[2023-07-11 22:56:20,872] {processor.py:651} INFO - DAG(s) dict_keys(['latest_only']) retrieved from /home/airflow/.local/lib/python3.7/site-packages/airflow/example_dags/example_latest_only.py
[2023-07-11 22:56:20,955] {logging_mixin.py:115} INFO - [2023-07-11 22:56:20,955] {dag.py:2420} INFO - Sync 1 DAGs
[2023-07-11 22:56:21,084] {logging_mixin.py:115} INFO - [2023-07-11 22:56:21,084] {dag.py:2972} INFO - Setting next_dagrun for latest_only to 2023-07-11T18:56:21.083866+00:00, run_after=2023-07-11T22:56:21.083866+00:00
[2023-07-11 22:56:21,179] {processor.py:161} INFO - Processing /home/airflow/.local/lib/python3.7/site-packages/airflow/example_dags/example_latest_only.py took 0.351 seconds
[2023-07-11 22:56:51,704] {processor.py:153} INFO - Started process (PID=1761) to work on /home/airflow/.local/lib/python3.7/site-packages/airflow/example_dags/example_latest_only.py
[2023-07-11 22:56:51,708] {processor.py:641} INFO - Processing file /home/airflow/.local/lib/python3.7/site-packages/airflow/example_dags/example_latest_only.py for tasks to queue
[2023-07-11 22:56:51,710] {logging_mixin.py:115} INFO - [2023-07-11 22:56:51,710] {dagbag.py:508} INFO - Filling up the DagBag from /home/airflow/.local/lib/python3.7/site-packages/airflow/example_dags/example_latest_only.py
[2023-07-11 22:56:51,729] {processor.py:651} INFO - DAG(s) dict_keys(['latest_only']) retrieved from /home/airflow/.local/lib/python3.7/site-packages/airflow/example_dags/example_latest_only.py
[2023-07-11 22:56:51,800] {logging_mixin.py:115} INFO - [2023-07-11 22:56:51,800] {dag.py:2420} INFO - Sync 1 DAGs
[2023-07-11 22:56:51,932] {logging_mixin.py:115} INFO - [2023-07-11 22:56:51,932] {dag.py:2972} INFO - Setting next_dagrun for latest_only to 2023-07-11T18:56:51.932307+00:00, run_after=2023-07-11T22:56:51.932307+00:00
[2023-07-11 22:56:52,001] {processor.py:161} INFO - Processing /home/airflow/.local/lib/python3.7/site-packages/airflow/example_dags/example_latest_only.py took 0.309 seconds
[2023-07-11 22:57:22,439] {processor.py:153} INFO - Started process (PID=1812) to work on /home/airflow/.local/lib/python3.7/site-packages/airflow/example_dags/example_latest_only.py
[2023-07-11 22:57:22,440] {processor.py:641} INFO - Processing file /home/airflow/.local/lib/python3.7/site-packages/airflow/example_dags/example_latest_only.py for tasks to queue
[2023-07-11 22:57:22,441] {logging_mixin.py:115} INFO - [2023-07-11 22:57:22,440] {dagbag.py:508} INFO - Filling up the DagBag from /home/airflow/.local/lib/python3.7/site-packages/airflow/example_dags/example_latest_only.py
[2023-07-11 22:57:22,450] {processor.py:651} INFO - DAG(s) dict_keys(['latest_only']) retrieved from /home/airflow/.local/lib/python3.7/site-packages/airflow/example_dags/example_latest_only.py
[2023-07-11 22:57:22,512] {logging_mixin.py:115} INFO - [2023-07-11 22:57:22,511] {dag.py:2420} INFO - Sync 1 DAGs
[2023-07-11 22:57:22,575] {logging_mixin.py:115} INFO - [2023-07-11 22:57:22,575] {dag.py:2972} INFO - Setting next_dagrun for latest_only to 2023-07-11T18:57:22.575496+00:00, run_after=2023-07-11T22:57:22.575496+00:00
[2023-07-11 22:57:22,599] {processor.py:161} INFO - Processing /home/airflow/.local/lib/python3.7/site-packages/airflow/example_dags/example_latest_only.py took 0.167 seconds
[2023-07-11 22:57:53,093] {processor.py:153} INFO - Started process (PID=1864) to work on /home/airflow/.local/lib/python3.7/site-packages/airflow/example_dags/example_latest_only.py
[2023-07-11 22:57:53,095] {processor.py:641} INFO - Processing file /home/airflow/.local/lib/python3.7/site-packages/airflow/example_dags/example_latest_only.py for tasks to queue
[2023-07-11 22:57:53,096] {logging_mixin.py:115} INFO - [2023-07-11 22:57:53,096] {dagbag.py:508} INFO - Filling up the DagBag from /home/airflow/.local/lib/python3.7/site-packages/airflow/example_dags/example_latest_only.py
[2023-07-11 22:57:53,106] {processor.py:651} INFO - DAG(s) dict_keys(['latest_only']) retrieved from /home/airflow/.local/lib/python3.7/site-packages/airflow/example_dags/example_latest_only.py
[2023-07-11 22:57:53,138] {logging_mixin.py:115} INFO - [2023-07-11 22:57:53,138] {dag.py:2420} INFO - Sync 1 DAGs
[2023-07-11 22:57:53,177] {logging_mixin.py:115} INFO - [2023-07-11 22:57:53,177] {dag.py:2972} INFO - Setting next_dagrun for latest_only to 2023-07-11T18:57:53.176657+00:00, run_after=2023-07-11T22:57:53.176657+00:00
[2023-07-11 22:57:53,202] {processor.py:161} INFO - Processing /home/airflow/.local/lib/python3.7/site-packages/airflow/example_dags/example_latest_only.py took 0.118 seconds
[2023-07-11 22:58:23,838] {processor.py:153} INFO - Started process (PID=1916) to work on /home/airflow/.local/lib/python3.7/site-packages/airflow/example_dags/example_latest_only.py
[2023-07-11 22:58:23,840] {processor.py:641} INFO - Processing file /home/airflow/.local/lib/python3.7/site-packages/airflow/example_dags/example_latest_only.py for tasks to queue
[2023-07-11 22:58:23,841] {logging_mixin.py:115} INFO - [2023-07-11 22:58:23,841] {dagbag.py:508} INFO - Filling up the DagBag from /home/airflow/.local/lib/python3.7/site-packages/airflow/example_dags/example_latest_only.py
[2023-07-11 22:58:23,853] {processor.py:651} INFO - DAG(s) dict_keys(['latest_only']) retrieved from /home/airflow/.local/lib/python3.7/site-packages/airflow/example_dags/example_latest_only.py
[2023-07-11 22:58:23,935] {logging_mixin.py:115} INFO - [2023-07-11 22:58:23,935] {dag.py:2420} INFO - Sync 1 DAGs
[2023-07-11 22:58:24,000] {logging_mixin.py:115} INFO - [2023-07-11 22:58:23,999] {dag.py:2972} INFO - Setting next_dagrun for latest_only to 2023-07-11T18:58:23.999061+00:00, run_after=2023-07-11T22:58:23.999061+00:00
[2023-07-11 22:58:24,030] {processor.py:161} INFO - Processing /home/airflow/.local/lib/python3.7/site-packages/airflow/example_dags/example_latest_only.py took 0.208 seconds
[2023-07-11 22:58:54,335] {processor.py:153} INFO - Started process (PID=1968) to work on /home/airflow/.local/lib/python3.7/site-packages/airflow/example_dags/example_latest_only.py
[2023-07-11 22:58:54,337] {processor.py:641} INFO - Processing file /home/airflow/.local/lib/python3.7/site-packages/airflow/example_dags/example_latest_only.py for tasks to queue
[2023-07-11 22:58:54,342] {logging_mixin.py:115} INFO - [2023-07-11 22:58:54,340] {dagbag.py:508} INFO - Filling up the DagBag from /home/airflow/.local/lib/python3.7/site-packages/airflow/example_dags/example_latest_only.py
[2023-07-11 22:58:54,356] {processor.py:651} INFO - DAG(s) dict_keys(['latest_only']) retrieved from /home/airflow/.local/lib/python3.7/site-packages/airflow/example_dags/example_latest_only.py
[2023-07-11 22:58:54,415] {logging_mixin.py:115} INFO - [2023-07-11 22:58:54,415] {dag.py:2420} INFO - Sync 1 DAGs
[2023-07-11 22:58:54,555] {logging_mixin.py:115} INFO - [2023-07-11 22:58:54,554] {dag.py:2972} INFO - Setting next_dagrun for latest_only to 2023-07-11T18:58:54.554506+00:00, run_after=2023-07-11T22:58:54.554506+00:00
[2023-07-11 22:58:54,675] {processor.py:161} INFO - Processing /home/airflow/.local/lib/python3.7/site-packages/airflow/example_dags/example_latest_only.py took 0.348 seconds
[2023-07-11 22:59:24,756] {processor.py:153} INFO - Started process (PID=2028) to work on /home/airflow/.local/lib/python3.7/site-packages/airflow/example_dags/example_latest_only.py
[2023-07-11 22:59:24,757] {processor.py:641} INFO - Processing file /home/airflow/.local/lib/python3.7/site-packages/airflow/example_dags/example_latest_only.py for tasks to queue
[2023-07-11 22:59:24,758] {logging_mixin.py:115} INFO - [2023-07-11 22:59:24,758] {dagbag.py:508} INFO - Filling up the DagBag from /home/airflow/.local/lib/python3.7/site-packages/airflow/example_dags/example_latest_only.py
[2023-07-11 22:59:24,768] {processor.py:651} INFO - DAG(s) dict_keys(['latest_only']) retrieved from /home/airflow/.local/lib/python3.7/site-packages/airflow/example_dags/example_latest_only.py
[2023-07-11 22:59:24,827] {logging_mixin.py:115} INFO - [2023-07-11 22:59:24,827] {dag.py:2420} INFO - Sync 1 DAGs
[2023-07-11 22:59:24,875] {logging_mixin.py:115} INFO - [2023-07-11 22:59:24,875] {dag.py:2972} INFO - Setting next_dagrun for latest_only to 2023-07-11T18:59:24.875053+00:00, run_after=2023-07-11T22:59:24.875053+00:00
[2023-07-11 22:59:24,905] {processor.py:161} INFO - Processing /home/airflow/.local/lib/python3.7/site-packages/airflow/example_dags/example_latest_only.py took 0.154 seconds
[2023-07-11 22:59:55,881] {processor.py:153} INFO - Started process (PID=2080) to work on /home/airflow/.local/lib/python3.7/site-packages/airflow/example_dags/example_latest_only.py
[2023-07-11 22:59:55,891] {processor.py:641} INFO - Processing file /home/airflow/.local/lib/python3.7/site-packages/airflow/example_dags/example_latest_only.py for tasks to queue
[2023-07-11 22:59:55,899] {logging_mixin.py:115} INFO - [2023-07-11 22:59:55,899] {dagbag.py:508} INFO - Filling up the DagBag from /home/airflow/.local/lib/python3.7/site-packages/airflow/example_dags/example_latest_only.py
[2023-07-11 22:59:55,933] {processor.py:651} INFO - DAG(s) dict_keys(['latest_only']) retrieved from /home/airflow/.local/lib/python3.7/site-packages/airflow/example_dags/example_latest_only.py
[2023-07-11 22:59:56,054] {logging_mixin.py:115} INFO - [2023-07-11 22:59:56,054] {dag.py:2420} INFO - Sync 1 DAGs
[2023-07-11 22:59:56,143] {logging_mixin.py:115} INFO - [2023-07-11 22:59:56,143] {dag.py:2972} INFO - Setting next_dagrun for latest_only to 2023-07-11T18:59:56.142486+00:00, run_after=2023-07-11T22:59:56.142486+00:00
[2023-07-11 22:59:56,198] {processor.py:161} INFO - Processing /home/airflow/.local/lib/python3.7/site-packages/airflow/example_dags/example_latest_only.py took 0.346 seconds
[2023-07-11 23:00:26,535] {processor.py:153} INFO - Started process (PID=2132) to work on /home/airflow/.local/lib/python3.7/site-packages/airflow/example_dags/example_latest_only.py
[2023-07-11 23:00:26,536] {processor.py:641} INFO - Processing file /home/airflow/.local/lib/python3.7/site-packages/airflow/example_dags/example_latest_only.py for tasks to queue
[2023-07-11 23:00:26,537] {logging_mixin.py:115} INFO - [2023-07-11 23:00:26,537] {dagbag.py:508} INFO - Filling up the DagBag from /home/airflow/.local/lib/python3.7/site-packages/airflow/example_dags/example_latest_only.py
[2023-07-11 23:00:26,564] {processor.py:651} INFO - DAG(s) dict_keys(['latest_only']) retrieved from /home/airflow/.local/lib/python3.7/site-packages/airflow/example_dags/example_latest_only.py
[2023-07-11 23:00:26,653] {logging_mixin.py:115} INFO - [2023-07-11 23:00:26,653] {dag.py:2420} INFO - Sync 1 DAGs
[2023-07-11 23:00:26,729] {logging_mixin.py:115} INFO - [2023-07-11 23:00:26,729] {dag.py:2972} INFO - Setting next_dagrun for latest_only to 2023-07-11T19:00:26.728846+00:00, run_after=2023-07-11T23:00:26.728846+00:00
[2023-07-11 23:00:26,770] {processor.py:161} INFO - Processing /home/airflow/.local/lib/python3.7/site-packages/airflow/example_dags/example_latest_only.py took 0.250 seconds
[2023-07-11 23:00:57,080] {processor.py:153} INFO - Started process (PID=2185) to work on /home/airflow/.local/lib/python3.7/site-packages/airflow/example_dags/example_latest_only.py
[2023-07-11 23:00:57,081] {processor.py:641} INFO - Processing file /home/airflow/.local/lib/python3.7/site-packages/airflow/example_dags/example_latest_only.py for tasks to queue
[2023-07-11 23:00:57,082] {logging_mixin.py:115} INFO - [2023-07-11 23:00:57,082] {dagbag.py:508} INFO - Filling up the DagBag from /home/airflow/.local/lib/python3.7/site-packages/airflow/example_dags/example_latest_only.py
[2023-07-11 23:00:57,097] {processor.py:651} INFO - DAG(s) dict_keys(['latest_only']) retrieved from /home/airflow/.local/lib/python3.7/site-packages/airflow/example_dags/example_latest_only.py
[2023-07-11 23:00:57,168] {logging_mixin.py:115} INFO - [2023-07-11 23:00:57,168] {dag.py:2420} INFO - Sync 1 DAGs
[2023-07-11 23:00:57,232] {logging_mixin.py:115} INFO - [2023-07-11 23:00:57,231] {dag.py:2972} INFO - Setting next_dagrun for latest_only to 2023-07-11T19:00:57.229914+00:00, run_after=2023-07-11T23:00:57.229914+00:00
[2023-07-11 23:00:57,270] {processor.py:161} INFO - Processing /home/airflow/.local/lib/python3.7/site-packages/airflow/example_dags/example_latest_only.py took 0.199 seconds
[2023-07-11 23:01:27,881] {processor.py:153} INFO - Started process (PID=2237) to work on /home/airflow/.local/lib/python3.7/site-packages/airflow/example_dags/example_latest_only.py
[2023-07-11 23:01:27,881] {processor.py:641} INFO - Processing file /home/airflow/.local/lib/python3.7/site-packages/airflow/example_dags/example_latest_only.py for tasks to queue
[2023-07-11 23:01:27,882] {logging_mixin.py:115} INFO - [2023-07-11 23:01:27,882] {dagbag.py:508} INFO - Filling up the DagBag from /home/airflow/.local/lib/python3.7/site-packages/airflow/example_dags/example_latest_only.py
[2023-07-11 23:01:27,892] {processor.py:651} INFO - DAG(s) dict_keys(['latest_only']) retrieved from /home/airflow/.local/lib/python3.7/site-packages/airflow/example_dags/example_latest_only.py
[2023-07-11 23:01:27,937] {logging_mixin.py:115} INFO - [2023-07-11 23:01:27,937] {dag.py:2420} INFO - Sync 1 DAGs
[2023-07-11 23:01:27,975] {logging_mixin.py:115} INFO - [2023-07-11 23:01:27,975] {dag.py:2972} INFO - Setting next_dagrun for latest_only to 2023-07-11T19:01:27.975494+00:00, run_after=2023-07-11T23:01:27.975494+00:00
[2023-07-11 23:01:27,994] {processor.py:161} INFO - Processing /home/airflow/.local/lib/python3.7/site-packages/airflow/example_dags/example_latest_only.py took 0.119 seconds
[2023-07-11 23:01:58,449] {processor.py:153} INFO - Started process (PID=2287) to work on /home/airflow/.local/lib/python3.7/site-packages/airflow/example_dags/example_latest_only.py
[2023-07-11 23:01:58,449] {processor.py:641} INFO - Processing file /home/airflow/.local/lib/python3.7/site-packages/airflow/example_dags/example_latest_only.py for tasks to queue
[2023-07-11 23:01:58,450] {logging_mixin.py:115} INFO - [2023-07-11 23:01:58,450] {dagbag.py:508} INFO - Filling up the DagBag from /home/airflow/.local/lib/python3.7/site-packages/airflow/example_dags/example_latest_only.py
[2023-07-11 23:01:58,464] {processor.py:651} INFO - DAG(s) dict_keys(['latest_only']) retrieved from /home/airflow/.local/lib/python3.7/site-packages/airflow/example_dags/example_latest_only.py
[2023-07-11 23:01:58,510] {logging_mixin.py:115} INFO - [2023-07-11 23:01:58,510] {dag.py:2420} INFO - Sync 1 DAGs
[2023-07-11 23:01:58,559] {logging_mixin.py:115} INFO - [2023-07-11 23:01:58,559] {dag.py:2972} INFO - Setting next_dagrun for latest_only to 2023-07-11T19:01:58.559264+00:00, run_after=2023-07-11T23:01:58.559264+00:00
[2023-07-11 23:01:58,579] {processor.py:161} INFO - Processing /home/airflow/.local/lib/python3.7/site-packages/airflow/example_dags/example_latest_only.py took 0.137 seconds
[2023-07-11 23:02:29,379] {processor.py:153} INFO - Started process (PID=2348) to work on /home/airflow/.local/lib/python3.7/site-packages/airflow/example_dags/example_latest_only.py
[2023-07-11 23:02:29,382] {processor.py:641} INFO - Processing file /home/airflow/.local/lib/python3.7/site-packages/airflow/example_dags/example_latest_only.py for tasks to queue
[2023-07-11 23:02:29,383] {logging_mixin.py:115} INFO - [2023-07-11 23:02:29,383] {dagbag.py:508} INFO - Filling up the DagBag from /home/airflow/.local/lib/python3.7/site-packages/airflow/example_dags/example_latest_only.py
[2023-07-11 23:02:29,398] {processor.py:651} INFO - DAG(s) dict_keys(['latest_only']) retrieved from /home/airflow/.local/lib/python3.7/site-packages/airflow/example_dags/example_latest_only.py
[2023-07-11 23:02:29,507] {logging_mixin.py:115} INFO - [2023-07-11 23:02:29,506] {dag.py:2420} INFO - Sync 1 DAGs
[2023-07-11 23:02:29,603] {logging_mixin.py:115} INFO - [2023-07-11 23:02:29,603] {dag.py:2972} INFO - Setting next_dagrun for latest_only to 2023-07-11T19:02:29.602897+00:00, run_after=2023-07-11T23:02:29.602897+00:00
[2023-07-11 23:02:29,651] {processor.py:161} INFO - Processing /home/airflow/.local/lib/python3.7/site-packages/airflow/example_dags/example_latest_only.py took 0.279 seconds
[2023-07-11 23:02:59,861] {processor.py:153} INFO - Started process (PID=2400) to work on /home/airflow/.local/lib/python3.7/site-packages/airflow/example_dags/example_latest_only.py
[2023-07-11 23:02:59,862] {processor.py:641} INFO - Processing file /home/airflow/.local/lib/python3.7/site-packages/airflow/example_dags/example_latest_only.py for tasks to queue
[2023-07-11 23:02:59,864] {logging_mixin.py:115} INFO - [2023-07-11 23:02:59,864] {dagbag.py:508} INFO - Filling up the DagBag from /home/airflow/.local/lib/python3.7/site-packages/airflow/example_dags/example_latest_only.py
[2023-07-11 23:02:59,876] {processor.py:651} INFO - DAG(s) dict_keys(['latest_only']) retrieved from /home/airflow/.local/lib/python3.7/site-packages/airflow/example_dags/example_latest_only.py
[2023-07-11 23:02:59,946] {logging_mixin.py:115} INFO - [2023-07-11 23:02:59,945] {dag.py:2420} INFO - Sync 1 DAGs
[2023-07-11 23:03:00,006] {logging_mixin.py:115} INFO - [2023-07-11 23:03:00,005] {dag.py:2972} INFO - Setting next_dagrun for latest_only to 2023-07-11T19:03:00.005421+00:00, run_after=2023-07-11T23:03:00.005421+00:00
[2023-07-11 23:03:00,051] {processor.py:161} INFO - Processing /home/airflow/.local/lib/python3.7/site-packages/airflow/example_dags/example_latest_only.py took 0.196 seconds
[2023-07-11 23:03:30,299] {processor.py:153} INFO - Started process (PID=2452) to work on /home/airflow/.local/lib/python3.7/site-packages/airflow/example_dags/example_latest_only.py
[2023-07-11 23:03:30,301] {processor.py:641} INFO - Processing file /home/airflow/.local/lib/python3.7/site-packages/airflow/example_dags/example_latest_only.py for tasks to queue
[2023-07-11 23:03:30,302] {logging_mixin.py:115} INFO - [2023-07-11 23:03:30,302] {dagbag.py:508} INFO - Filling up the DagBag from /home/airflow/.local/lib/python3.7/site-packages/airflow/example_dags/example_latest_only.py
[2023-07-11 23:03:30,319] {processor.py:651} INFO - DAG(s) dict_keys(['latest_only']) retrieved from /home/airflow/.local/lib/python3.7/site-packages/airflow/example_dags/example_latest_only.py
[2023-07-11 23:03:30,397] {logging_mixin.py:115} INFO - [2023-07-11 23:03:30,397] {dag.py:2420} INFO - Sync 1 DAGs
[2023-07-11 23:03:30,483] {logging_mixin.py:115} INFO - [2023-07-11 23:03:30,483] {dag.py:2972} INFO - Setting next_dagrun for latest_only to 2023-07-11T19:03:30.482917+00:00, run_after=2023-07-11T23:03:30.482917+00:00
[2023-07-11 23:03:30,551] {processor.py:161} INFO - Processing /home/airflow/.local/lib/python3.7/site-packages/airflow/example_dags/example_latest_only.py took 0.261 seconds
[2023-07-11 23:04:00,695] {processor.py:153} INFO - Started process (PID=2503) to work on /home/airflow/.local/lib/python3.7/site-packages/airflow/example_dags/example_latest_only.py
[2023-07-11 23:04:00,696] {processor.py:641} INFO - Processing file /home/airflow/.local/lib/python3.7/site-packages/airflow/example_dags/example_latest_only.py for tasks to queue
[2023-07-11 23:04:00,697] {logging_mixin.py:115} INFO - [2023-07-11 23:04:00,697] {dagbag.py:508} INFO - Filling up the DagBag from /home/airflow/.local/lib/python3.7/site-packages/airflow/example_dags/example_latest_only.py
[2023-07-11 23:04:00,717] {processor.py:651} INFO - DAG(s) dict_keys(['latest_only']) retrieved from /home/airflow/.local/lib/python3.7/site-packages/airflow/example_dags/example_latest_only.py
[2023-07-11 23:04:00,874] {logging_mixin.py:115} INFO - [2023-07-11 23:04:00,874] {dag.py:2420} INFO - Sync 1 DAGs
[2023-07-11 23:04:01,002] {logging_mixin.py:115} INFO - [2023-07-11 23:04:01,002] {dag.py:2972} INFO - Setting next_dagrun for latest_only to 2023-07-11T19:04:01.001844+00:00, run_after=2023-07-11T23:04:01.001844+00:00
[2023-07-11 23:04:01,115] {processor.py:161} INFO - Processing /home/airflow/.local/lib/python3.7/site-packages/airflow/example_dags/example_latest_only.py took 0.430 seconds
[2023-07-11 23:04:32,101] {processor.py:153} INFO - Started process (PID=2562) to work on /home/airflow/.local/lib/python3.7/site-packages/airflow/example_dags/example_latest_only.py
[2023-07-11 23:04:32,106] {processor.py:641} INFO - Processing file /home/airflow/.local/lib/python3.7/site-packages/airflow/example_dags/example_latest_only.py for tasks to queue
[2023-07-11 23:04:32,107] {logging_mixin.py:115} INFO - [2023-07-11 23:04:32,107] {dagbag.py:508} INFO - Filling up the DagBag from /home/airflow/.local/lib/python3.7/site-packages/airflow/example_dags/example_latest_only.py
[2023-07-11 23:04:32,141] {processor.py:651} INFO - DAG(s) dict_keys(['latest_only']) retrieved from /home/airflow/.local/lib/python3.7/site-packages/airflow/example_dags/example_latest_only.py
[2023-07-11 23:04:32,257] {logging_mixin.py:115} INFO - [2023-07-11 23:04:32,256] {dag.py:2420} INFO - Sync 1 DAGs
[2023-07-11 23:04:32,346] {logging_mixin.py:115} INFO - [2023-07-11 23:04:32,346] {dag.py:2972} INFO - Setting next_dagrun for latest_only to 2023-07-11T19:04:32.345630+00:00, run_after=2023-07-11T23:04:32.345630+00:00
[2023-07-11 23:04:32,430] {processor.py:161} INFO - Processing /home/airflow/.local/lib/python3.7/site-packages/airflow/example_dags/example_latest_only.py took 0.342 seconds
[2023-07-11 23:05:02,846] {processor.py:153} INFO - Started process (PID=2616) to work on /home/airflow/.local/lib/python3.7/site-packages/airflow/example_dags/example_latest_only.py
[2023-07-11 23:05:02,847] {processor.py:641} INFO - Processing file /home/airflow/.local/lib/python3.7/site-packages/airflow/example_dags/example_latest_only.py for tasks to queue
[2023-07-11 23:05:02,849] {logging_mixin.py:115} INFO - [2023-07-11 23:05:02,849] {dagbag.py:508} INFO - Filling up the DagBag from /home/airflow/.local/lib/python3.7/site-packages/airflow/example_dags/example_latest_only.py
[2023-07-11 23:05:02,867] {processor.py:651} INFO - DAG(s) dict_keys(['latest_only']) retrieved from /home/airflow/.local/lib/python3.7/site-packages/airflow/example_dags/example_latest_only.py
[2023-07-11 23:05:02,955] {logging_mixin.py:115} INFO - [2023-07-11 23:05:02,955] {dag.py:2420} INFO - Sync 1 DAGs
[2023-07-11 23:05:03,009] {logging_mixin.py:115} INFO - [2023-07-11 23:05:03,009] {dag.py:2972} INFO - Setting next_dagrun for latest_only to 2023-07-11T19:05:03.008689+00:00, run_after=2023-07-11T23:05:03.008689+00:00
[2023-07-11 23:05:03,043] {processor.py:161} INFO - Processing /home/airflow/.local/lib/python3.7/site-packages/airflow/example_dags/example_latest_only.py took 0.216 seconds
[2023-07-11 23:05:33,772] {processor.py:153} INFO - Started process (PID=2668) to work on /home/airflow/.local/lib/python3.7/site-packages/airflow/example_dags/example_latest_only.py
[2023-07-11 23:05:33,774] {processor.py:641} INFO - Processing file /home/airflow/.local/lib/python3.7/site-packages/airflow/example_dags/example_latest_only.py for tasks to queue
[2023-07-11 23:05:33,775] {logging_mixin.py:115} INFO - [2023-07-11 23:05:33,775] {dagbag.py:508} INFO - Filling up the DagBag from /home/airflow/.local/lib/python3.7/site-packages/airflow/example_dags/example_latest_only.py
[2023-07-11 23:05:33,791] {processor.py:651} INFO - DAG(s) dict_keys(['latest_only']) retrieved from /home/airflow/.local/lib/python3.7/site-packages/airflow/example_dags/example_latest_only.py
[2023-07-11 23:05:33,841] {logging_mixin.py:115} INFO - [2023-07-11 23:05:33,840] {dag.py:2420} INFO - Sync 1 DAGs
[2023-07-11 23:05:33,900] {logging_mixin.py:115} INFO - [2023-07-11 23:05:33,900] {dag.py:2972} INFO - Setting next_dagrun for latest_only to 2023-07-11T19:05:33.899795+00:00, run_after=2023-07-11T23:05:33.899795+00:00
[2023-07-11 23:05:33,927] {processor.py:161} INFO - Processing /home/airflow/.local/lib/python3.7/site-packages/airflow/example_dags/example_latest_only.py took 0.161 seconds
[2023-07-11 23:06:04,114] {processor.py:153} INFO - Started process (PID=2720) to work on /home/airflow/.local/lib/python3.7/site-packages/airflow/example_dags/example_latest_only.py
[2023-07-11 23:06:04,115] {processor.py:641} INFO - Processing file /home/airflow/.local/lib/python3.7/site-packages/airflow/example_dags/example_latest_only.py for tasks to queue
[2023-07-11 23:06:04,116] {logging_mixin.py:115} INFO - [2023-07-11 23:06:04,116] {dagbag.py:508} INFO - Filling up the DagBag from /home/airflow/.local/lib/python3.7/site-packages/airflow/example_dags/example_latest_only.py
[2023-07-11 23:06:04,130] {processor.py:651} INFO - DAG(s) dict_keys(['latest_only']) retrieved from /home/airflow/.local/lib/python3.7/site-packages/airflow/example_dags/example_latest_only.py
[2023-07-11 23:06:04,201] {logging_mixin.py:115} INFO - [2023-07-11 23:06:04,200] {dag.py:2420} INFO - Sync 1 DAGs
[2023-07-11 23:06:04,263] {logging_mixin.py:115} INFO - [2023-07-11 23:06:04,263] {dag.py:2972} INFO - Setting next_dagrun for latest_only to 2023-07-11T19:06:04.258909+00:00, run_after=2023-07-11T23:06:04.258909+00:00
[2023-07-11 23:06:04,305] {processor.py:161} INFO - Processing /home/airflow/.local/lib/python3.7/site-packages/airflow/example_dags/example_latest_only.py took 0.197 seconds
[2023-07-11 23:06:34,538] {processor.py:153} INFO - Started process (PID=2771) to work on /home/airflow/.local/lib/python3.7/site-packages/airflow/example_dags/example_latest_only.py
[2023-07-11 23:06:34,539] {processor.py:641} INFO - Processing file /home/airflow/.local/lib/python3.7/site-packages/airflow/example_dags/example_latest_only.py for tasks to queue
[2023-07-11 23:06:34,540] {logging_mixin.py:115} INFO - [2023-07-11 23:06:34,540] {dagbag.py:508} INFO - Filling up the DagBag from /home/airflow/.local/lib/python3.7/site-packages/airflow/example_dags/example_latest_only.py
[2023-07-11 23:06:34,551] {processor.py:651} INFO - DAG(s) dict_keys(['latest_only']) retrieved from /home/airflow/.local/lib/python3.7/site-packages/airflow/example_dags/example_latest_only.py
[2023-07-11 23:06:34,609] {logging_mixin.py:115} INFO - [2023-07-11 23:06:34,608] {dag.py:2420} INFO - Sync 1 DAGs
[2023-07-11 23:06:34,663] {logging_mixin.py:115} INFO - [2023-07-11 23:06:34,661] {dag.py:2972} INFO - Setting next_dagrun for latest_only to 2023-07-11T19:06:34.661152+00:00, run_after=2023-07-11T23:06:34.661152+00:00
[2023-07-11 23:06:34,698] {processor.py:161} INFO - Processing /home/airflow/.local/lib/python3.7/site-packages/airflow/example_dags/example_latest_only.py took 0.169 seconds
[2023-07-11 23:07:04,774] {processor.py:153} INFO - Started process (PID=2823) to work on /home/airflow/.local/lib/python3.7/site-packages/airflow/example_dags/example_latest_only.py
[2023-07-11 23:07:04,775] {processor.py:641} INFO - Processing file /home/airflow/.local/lib/python3.7/site-packages/airflow/example_dags/example_latest_only.py for tasks to queue
[2023-07-11 23:07:04,776] {logging_mixin.py:115} INFO - [2023-07-11 23:07:04,776] {dagbag.py:508} INFO - Filling up the DagBag from /home/airflow/.local/lib/python3.7/site-packages/airflow/example_dags/example_latest_only.py
[2023-07-11 23:07:04,801] {processor.py:651} INFO - DAG(s) dict_keys(['latest_only']) retrieved from /home/airflow/.local/lib/python3.7/site-packages/airflow/example_dags/example_latest_only.py
[2023-07-11 23:07:04,913] {logging_mixin.py:115} INFO - [2023-07-11 23:07:04,912] {dag.py:2420} INFO - Sync 1 DAGs
[2023-07-11 23:07:04,988] {logging_mixin.py:115} INFO - [2023-07-11 23:07:04,987] {dag.py:2972} INFO - Setting next_dagrun for latest_only to 2023-07-11T19:07:04.987332+00:00, run_after=2023-07-11T23:07:04.987332+00:00
[2023-07-11 23:07:05,043] {processor.py:161} INFO - Processing /home/airflow/.local/lib/python3.7/site-packages/airflow/example_dags/example_latest_only.py took 0.277 seconds
[2023-07-11 23:07:35,651] {processor.py:153} INFO - Started process (PID=2874) to work on /home/airflow/.local/lib/python3.7/site-packages/airflow/example_dags/example_latest_only.py
[2023-07-11 23:07:35,652] {processor.py:641} INFO - Processing file /home/airflow/.local/lib/python3.7/site-packages/airflow/example_dags/example_latest_only.py for tasks to queue
[2023-07-11 23:07:35,652] {logging_mixin.py:115} INFO - [2023-07-11 23:07:35,652] {dagbag.py:508} INFO - Filling up the DagBag from /home/airflow/.local/lib/python3.7/site-packages/airflow/example_dags/example_latest_only.py
[2023-07-11 23:07:35,664] {processor.py:651} INFO - DAG(s) dict_keys(['latest_only']) retrieved from /home/airflow/.local/lib/python3.7/site-packages/airflow/example_dags/example_latest_only.py
[2023-07-11 23:07:35,715] {logging_mixin.py:115} INFO - [2023-07-11 23:07:35,715] {dag.py:2420} INFO - Sync 1 DAGs
[2023-07-11 23:07:35,778] {logging_mixin.py:115} INFO - [2023-07-11 23:07:35,777] {dag.py:2972} INFO - Setting next_dagrun for latest_only to 2023-07-11T19:07:35.777480+00:00, run_after=2023-07-11T23:07:35.777480+00:00
[2023-07-11 23:07:35,806] {processor.py:161} INFO - Processing /home/airflow/.local/lib/python3.7/site-packages/airflow/example_dags/example_latest_only.py took 0.160 seconds
[2023-07-11 23:08:05,881] {processor.py:153} INFO - Started process (PID=2924) to work on /home/airflow/.local/lib/python3.7/site-packages/airflow/example_dags/example_latest_only.py
[2023-07-11 23:08:05,882] {processor.py:641} INFO - Processing file /home/airflow/.local/lib/python3.7/site-packages/airflow/example_dags/example_latest_only.py for tasks to queue
[2023-07-11 23:08:05,882] {logging_mixin.py:115} INFO - [2023-07-11 23:08:05,882] {dagbag.py:508} INFO - Filling up the DagBag from /home/airflow/.local/lib/python3.7/site-packages/airflow/example_dags/example_latest_only.py
[2023-07-11 23:08:05,891] {processor.py:651} INFO - DAG(s) dict_keys(['latest_only']) retrieved from /home/airflow/.local/lib/python3.7/site-packages/airflow/example_dags/example_latest_only.py
[2023-07-11 23:08:05,948] {logging_mixin.py:115} INFO - [2023-07-11 23:08:05,947] {dag.py:2420} INFO - Sync 1 DAGs
[2023-07-11 23:08:06,008] {logging_mixin.py:115} INFO - [2023-07-11 23:08:06,007] {dag.py:2972} INFO - Setting next_dagrun for latest_only to 2023-07-11T19:08:06.007317+00:00, run_after=2023-07-11T23:08:06.007317+00:00
[2023-07-11 23:08:06,046] {processor.py:161} INFO - Processing /home/airflow/.local/lib/python3.7/site-packages/airflow/example_dags/example_latest_only.py took 0.171 seconds
[2023-07-11 23:08:36,541] {processor.py:153} INFO - Started process (PID=2986) to work on /home/airflow/.local/lib/python3.7/site-packages/airflow/example_dags/example_latest_only.py
[2023-07-11 23:08:36,544] {processor.py:641} INFO - Processing file /home/airflow/.local/lib/python3.7/site-packages/airflow/example_dags/example_latest_only.py for tasks to queue
[2023-07-11 23:08:36,545] {logging_mixin.py:115} INFO - [2023-07-11 23:08:36,545] {dagbag.py:508} INFO - Filling up the DagBag from /home/airflow/.local/lib/python3.7/site-packages/airflow/example_dags/example_latest_only.py
[2023-07-11 23:08:36,563] {processor.py:651} INFO - DAG(s) dict_keys(['latest_only']) retrieved from /home/airflow/.local/lib/python3.7/site-packages/airflow/example_dags/example_latest_only.py
[2023-07-11 23:08:36,647] {logging_mixin.py:115} INFO - [2023-07-11 23:08:36,646] {dag.py:2420} INFO - Sync 1 DAGs
[2023-07-11 23:08:36,713] {logging_mixin.py:115} INFO - [2023-07-11 23:08:36,713] {dag.py:2972} INFO - Setting next_dagrun for latest_only to 2023-07-11T19:08:36.713071+00:00, run_after=2023-07-11T23:08:36.713071+00:00
[2023-07-11 23:08:36,767] {processor.py:161} INFO - Processing /home/airflow/.local/lib/python3.7/site-packages/airflow/example_dags/example_latest_only.py took 0.238 seconds
[2023-07-11 23:09:06,961] {processor.py:153} INFO - Started process (PID=3038) to work on /home/airflow/.local/lib/python3.7/site-packages/airflow/example_dags/example_latest_only.py
[2023-07-11 23:09:06,962] {processor.py:641} INFO - Processing file /home/airflow/.local/lib/python3.7/site-packages/airflow/example_dags/example_latest_only.py for tasks to queue
[2023-07-11 23:09:06,962] {logging_mixin.py:115} INFO - [2023-07-11 23:09:06,962] {dagbag.py:508} INFO - Filling up the DagBag from /home/airflow/.local/lib/python3.7/site-packages/airflow/example_dags/example_latest_only.py
[2023-07-11 23:09:06,968] {processor.py:651} INFO - DAG(s) dict_keys(['latest_only']) retrieved from /home/airflow/.local/lib/python3.7/site-packages/airflow/example_dags/example_latest_only.py
[2023-07-11 23:09:07,005] {logging_mixin.py:115} INFO - [2023-07-11 23:09:07,005] {dag.py:2420} INFO - Sync 1 DAGs
[2023-07-11 23:09:07,041] {logging_mixin.py:115} INFO - [2023-07-11 23:09:07,041] {dag.py:2972} INFO - Setting next_dagrun for latest_only to 2023-07-11T19:09:07.041338+00:00, run_after=2023-07-11T23:09:07.041338+00:00
[2023-07-11 23:09:07,056] {processor.py:161} INFO - Processing /home/airflow/.local/lib/python3.7/site-packages/airflow/example_dags/example_latest_only.py took 0.099 seconds
[2023-07-11 23:09:37,158] {processor.py:153} INFO - Started process (PID=3090) to work on /home/airflow/.local/lib/python3.7/site-packages/airflow/example_dags/example_latest_only.py
[2023-07-11 23:09:37,159] {processor.py:641} INFO - Processing file /home/airflow/.local/lib/python3.7/site-packages/airflow/example_dags/example_latest_only.py for tasks to queue
[2023-07-11 23:09:37,160] {logging_mixin.py:115} INFO - [2023-07-11 23:09:37,159] {dagbag.py:508} INFO - Filling up the DagBag from /home/airflow/.local/lib/python3.7/site-packages/airflow/example_dags/example_latest_only.py
[2023-07-11 23:09:37,170] {processor.py:651} INFO - DAG(s) dict_keys(['latest_only']) retrieved from /home/airflow/.local/lib/python3.7/site-packages/airflow/example_dags/example_latest_only.py
[2023-07-11 23:09:37,213] {logging_mixin.py:115} INFO - [2023-07-11 23:09:37,213] {dag.py:2420} INFO - Sync 1 DAGs
[2023-07-11 23:09:37,272] {logging_mixin.py:115} INFO - [2023-07-11 23:09:37,271] {dag.py:2972} INFO - Setting next_dagrun for latest_only to 2023-07-11T19:09:37.271469+00:00, run_after=2023-07-11T23:09:37.271469+00:00
[2023-07-11 23:09:37,307] {processor.py:161} INFO - Processing /home/airflow/.local/lib/python3.7/site-packages/airflow/example_dags/example_latest_only.py took 0.155 seconds
[2023-07-11 23:10:08,153] {processor.py:153} INFO - Started process (PID=3141) to work on /home/airflow/.local/lib/python3.7/site-packages/airflow/example_dags/example_latest_only.py
[2023-07-11 23:10:08,154] {processor.py:641} INFO - Processing file /home/airflow/.local/lib/python3.7/site-packages/airflow/example_dags/example_latest_only.py for tasks to queue
[2023-07-11 23:10:08,155] {logging_mixin.py:115} INFO - [2023-07-11 23:10:08,155] {dagbag.py:508} INFO - Filling up the DagBag from /home/airflow/.local/lib/python3.7/site-packages/airflow/example_dags/example_latest_only.py
[2023-07-11 23:10:08,173] {processor.py:651} INFO - DAG(s) dict_keys(['latest_only']) retrieved from /home/airflow/.local/lib/python3.7/site-packages/airflow/example_dags/example_latest_only.py
[2023-07-11 23:10:08,340] {logging_mixin.py:115} INFO - [2023-07-11 23:10:08,340] {dag.py:2420} INFO - Sync 1 DAGs
[2023-07-11 23:10:08,475] {logging_mixin.py:115} INFO - [2023-07-11 23:10:08,474] {dag.py:2972} INFO - Setting next_dagrun for latest_only to 2023-07-11T19:10:08.474111+00:00, run_after=2023-07-11T23:10:08.474111+00:00
[2023-07-11 23:10:08,541] {processor.py:161} INFO - Processing /home/airflow/.local/lib/python3.7/site-packages/airflow/example_dags/example_latest_only.py took 0.441 seconds
[2023-07-11 23:10:39,611] {processor.py:153} INFO - Started process (PID=3201) to work on /home/airflow/.local/lib/python3.7/site-packages/airflow/example_dags/example_latest_only.py
[2023-07-11 23:10:39,613] {processor.py:641} INFO - Processing file /home/airflow/.local/lib/python3.7/site-packages/airflow/example_dags/example_latest_only.py for tasks to queue
[2023-07-11 23:10:39,615] {logging_mixin.py:115} INFO - [2023-07-11 23:10:39,615] {dagbag.py:508} INFO - Filling up the DagBag from /home/airflow/.local/lib/python3.7/site-packages/airflow/example_dags/example_latest_only.py
[2023-07-11 23:10:39,630] {processor.py:651} INFO - DAG(s) dict_keys(['latest_only']) retrieved from /home/airflow/.local/lib/python3.7/site-packages/airflow/example_dags/example_latest_only.py
[2023-07-11 23:10:39,745] {logging_mixin.py:115} INFO - [2023-07-11 23:10:39,745] {dag.py:2420} INFO - Sync 1 DAGs
[2023-07-11 23:10:39,845] {logging_mixin.py:115} INFO - [2023-07-11 23:10:39,844] {dag.py:2972} INFO - Setting next_dagrun for latest_only to 2023-07-11T19:10:39.843752+00:00, run_after=2023-07-11T23:10:39.843752+00:00
[2023-07-11 23:10:39,903] {processor.py:161} INFO - Processing /home/airflow/.local/lib/python3.7/site-packages/airflow/example_dags/example_latest_only.py took 0.303 seconds
[2023-07-11 23:11:10,605] {processor.py:153} INFO - Started process (PID=3254) to work on /home/airflow/.local/lib/python3.7/site-packages/airflow/example_dags/example_latest_only.py
[2023-07-11 23:11:10,612] {processor.py:641} INFO - Processing file /home/airflow/.local/lib/python3.7/site-packages/airflow/example_dags/example_latest_only.py for tasks to queue
[2023-07-11 23:11:10,613] {logging_mixin.py:115} INFO - [2023-07-11 23:11:10,613] {dagbag.py:508} INFO - Filling up the DagBag from /home/airflow/.local/lib/python3.7/site-packages/airflow/example_dags/example_latest_only.py
[2023-07-11 23:11:10,640] {processor.py:651} INFO - DAG(s) dict_keys(['latest_only']) retrieved from /home/airflow/.local/lib/python3.7/site-packages/airflow/example_dags/example_latest_only.py
[2023-07-11 23:11:10,745] {logging_mixin.py:115} INFO - [2023-07-11 23:11:10,744] {dag.py:2420} INFO - Sync 1 DAGs
[2023-07-11 23:11:10,808] {logging_mixin.py:115} INFO - [2023-07-11 23:11:10,808] {dag.py:2972} INFO - Setting next_dagrun for latest_only to 2023-07-11T19:11:10.807743+00:00, run_after=2023-07-11T23:11:10.807743+00:00
[2023-07-11 23:11:10,838] {processor.py:161} INFO - Processing /home/airflow/.local/lib/python3.7/site-packages/airflow/example_dags/example_latest_only.py took 0.253 seconds
[2023-07-11 23:11:41,051] {processor.py:153} INFO - Started process (PID=3306) to work on /home/airflow/.local/lib/python3.7/site-packages/airflow/example_dags/example_latest_only.py
[2023-07-11 23:11:41,052] {processor.py:641} INFO - Processing file /home/airflow/.local/lib/python3.7/site-packages/airflow/example_dags/example_latest_only.py for tasks to queue
[2023-07-11 23:11:41,053] {logging_mixin.py:115} INFO - [2023-07-11 23:11:41,053] {dagbag.py:508} INFO - Filling up the DagBag from /home/airflow/.local/lib/python3.7/site-packages/airflow/example_dags/example_latest_only.py
[2023-07-11 23:11:41,062] {processor.py:651} INFO - DAG(s) dict_keys(['latest_only']) retrieved from /home/airflow/.local/lib/python3.7/site-packages/airflow/example_dags/example_latest_only.py
[2023-07-11 23:11:41,137] {logging_mixin.py:115} INFO - [2023-07-11 23:11:41,136] {dag.py:2420} INFO - Sync 1 DAGs
[2023-07-11 23:11:41,194] {logging_mixin.py:115} INFO - [2023-07-11 23:11:41,194] {dag.py:2972} INFO - Setting next_dagrun for latest_only to 2023-07-11T19:11:41.194211+00:00, run_after=2023-07-11T23:11:41.194211+00:00
[2023-07-11 23:11:41,229] {processor.py:161} INFO - Processing /home/airflow/.local/lib/python3.7/site-packages/airflow/example_dags/example_latest_only.py took 0.184 seconds
[2023-07-11 23:12:11,434] {processor.py:153} INFO - Started process (PID=3357) to work on /home/airflow/.local/lib/python3.7/site-packages/airflow/example_dags/example_latest_only.py
[2023-07-11 23:12:11,436] {processor.py:641} INFO - Processing file /home/airflow/.local/lib/python3.7/site-packages/airflow/example_dags/example_latest_only.py for tasks to queue
[2023-07-11 23:12:11,437] {logging_mixin.py:115} INFO - [2023-07-11 23:12:11,437] {dagbag.py:508} INFO - Filling up the DagBag from /home/airflow/.local/lib/python3.7/site-packages/airflow/example_dags/example_latest_only.py
[2023-07-11 23:12:11,455] {processor.py:651} INFO - DAG(s) dict_keys(['latest_only']) retrieved from /home/airflow/.local/lib/python3.7/site-packages/airflow/example_dags/example_latest_only.py
[2023-07-11 23:12:11,528] {logging_mixin.py:115} INFO - [2023-07-11 23:12:11,528] {dag.py:2420} INFO - Sync 1 DAGs
[2023-07-11 23:12:11,599] {logging_mixin.py:115} INFO - [2023-07-11 23:12:11,599] {dag.py:2972} INFO - Setting next_dagrun for latest_only to 2023-07-11T19:12:11.598893+00:00, run_after=2023-07-11T23:12:11.598893+00:00
[2023-07-11 23:12:11,643] {processor.py:161} INFO - Processing /home/airflow/.local/lib/python3.7/site-packages/airflow/example_dags/example_latest_only.py took 0.223 seconds
[2023-07-11 23:12:42,165] {processor.py:153} INFO - Started process (PID=3409) to work on /home/airflow/.local/lib/python3.7/site-packages/airflow/example_dags/example_latest_only.py
[2023-07-11 23:12:42,165] {processor.py:641} INFO - Processing file /home/airflow/.local/lib/python3.7/site-packages/airflow/example_dags/example_latest_only.py for tasks to queue
[2023-07-11 23:12:42,166] {logging_mixin.py:115} INFO - [2023-07-11 23:12:42,166] {dagbag.py:508} INFO - Filling up the DagBag from /home/airflow/.local/lib/python3.7/site-packages/airflow/example_dags/example_latest_only.py
[2023-07-11 23:12:42,175] {processor.py:651} INFO - DAG(s) dict_keys(['latest_only']) retrieved from /home/airflow/.local/lib/python3.7/site-packages/airflow/example_dags/example_latest_only.py
[2023-07-11 23:12:42,246] {logging_mixin.py:115} INFO - [2023-07-11 23:12:42,245] {dag.py:2420} INFO - Sync 1 DAGs
[2023-07-11 23:12:42,333] {logging_mixin.py:115} INFO - [2023-07-11 23:12:42,332] {dag.py:2972} INFO - Setting next_dagrun for latest_only to 2023-07-11T19:12:42.332096+00:00, run_after=2023-07-11T23:12:42.332096+00:00
[2023-07-11 23:12:42,359] {processor.py:161} INFO - Processing /home/airflow/.local/lib/python3.7/site-packages/airflow/example_dags/example_latest_only.py took 0.200 seconds
[2023-07-11 23:13:12,715] {processor.py:153} INFO - Started process (PID=3468) to work on /home/airflow/.local/lib/python3.7/site-packages/airflow/example_dags/example_latest_only.py
[2023-07-11 23:13:12,718] {processor.py:641} INFO - Processing file /home/airflow/.local/lib/python3.7/site-packages/airflow/example_dags/example_latest_only.py for tasks to queue
[2023-07-11 23:13:12,719] {logging_mixin.py:115} INFO - [2023-07-11 23:13:12,718] {dagbag.py:508} INFO - Filling up the DagBag from /home/airflow/.local/lib/python3.7/site-packages/airflow/example_dags/example_latest_only.py
[2023-07-11 23:13:12,735] {processor.py:651} INFO - DAG(s) dict_keys(['latest_only']) retrieved from /home/airflow/.local/lib/python3.7/site-packages/airflow/example_dags/example_latest_only.py
[2023-07-11 23:13:12,859] {logging_mixin.py:115} INFO - [2023-07-11 23:13:12,859] {dag.py:2420} INFO - Sync 1 DAGs
[2023-07-11 23:13:13,014] {logging_mixin.py:115} INFO - [2023-07-11 23:13:13,014] {dag.py:2972} INFO - Setting next_dagrun for latest_only to 2023-07-11T19:13:13.013956+00:00, run_after=2023-07-11T23:13:13.013956+00:00
[2023-07-11 23:13:13,118] {processor.py:161} INFO - Processing /home/airflow/.local/lib/python3.7/site-packages/airflow/example_dags/example_latest_only.py took 0.428 seconds
