[2023-07-11 00:42:56,667] {processor.py:153} INFO - Started process (PID=61) to work on /home/airflow/.local/lib/python3.7/site-packages/airflow/example_dags/example_branch_operator_decorator.py
[2023-07-11 00:42:56,668] {processor.py:641} INFO - Processing file /home/airflow/.local/lib/python3.7/site-packages/airflow/example_dags/example_branch_operator_decorator.py for tasks to queue
[2023-07-11 00:42:56,668] {logging_mixin.py:115} INFO - [2023-07-11 00:42:56,668] {dagbag.py:508} INFO - Filling up the DagBag from /home/airflow/.local/lib/python3.7/site-packages/airflow/example_dags/example_branch_operator_decorator.py
[2023-07-11 00:42:56,704] {processor.py:651} INFO - DAG(s) dict_keys(['example_branch_python_operator_decorator']) retrieved from /home/airflow/.local/lib/python3.7/site-packages/airflow/example_dags/example_branch_operator_decorator.py
[2023-07-11 00:42:56,896] {logging_mixin.py:115} INFO - [2023-07-11 00:42:56,896] {manager.py:508} INFO - Created Permission View: can delete on DAG:example_branch_python_operator_decorator
[2023-07-11 00:42:56,929] {logging_mixin.py:115} INFO - [2023-07-11 00:42:56,929] {manager.py:508} INFO - Created Permission View: can read on DAG:example_branch_python_operator_decorator
[2023-07-11 00:42:56,956] {logging_mixin.py:115} INFO - [2023-07-11 00:42:56,955] {manager.py:508} INFO - Created Permission View: can edit on DAG:example_branch_python_operator_decorator
[2023-07-11 00:42:56,956] {logging_mixin.py:115} INFO - [2023-07-11 00:42:56,956] {dag.py:2420} INFO - Sync 1 DAGs
[2023-07-11 00:42:56,991] {logging_mixin.py:115} INFO - [2023-07-11 00:42:56,991] {dag.py:2439} INFO - Creating ORM DAG for example_branch_python_operator_decorator
[2023-07-11 00:42:57,037] {logging_mixin.py:115} INFO - [2023-07-11 00:42:57,037] {dag.py:2972} INFO - Setting next_dagrun for example_branch_python_operator_decorator to 2023-07-10T00:00:00+00:00, run_after=2023-07-11T00:00:00+00:00
[2023-07-11 00:42:57,074] {processor.py:161} INFO - Processing /home/airflow/.local/lib/python3.7/site-packages/airflow/example_dags/example_branch_operator_decorator.py took 0.412 seconds
[2023-07-11 00:43:28,015] {processor.py:153} INFO - Started process (PID=113) to work on /home/airflow/.local/lib/python3.7/site-packages/airflow/example_dags/example_branch_operator_decorator.py
[2023-07-11 00:43:28,016] {processor.py:641} INFO - Processing file /home/airflow/.local/lib/python3.7/site-packages/airflow/example_dags/example_branch_operator_decorator.py for tasks to queue
[2023-07-11 00:43:28,017] {logging_mixin.py:115} INFO - [2023-07-11 00:43:28,017] {dagbag.py:508} INFO - Filling up the DagBag from /home/airflow/.local/lib/python3.7/site-packages/airflow/example_dags/example_branch_operator_decorator.py
[2023-07-11 00:43:28,071] {processor.py:651} INFO - DAG(s) dict_keys(['example_branch_python_operator_decorator']) retrieved from /home/airflow/.local/lib/python3.7/site-packages/airflow/example_dags/example_branch_operator_decorator.py
[2023-07-11 00:43:28,119] {logging_mixin.py:115} INFO - [2023-07-11 00:43:28,119] {dag.py:2420} INFO - Sync 1 DAGs
[2023-07-11 00:43:28,160] {logging_mixin.py:115} INFO - [2023-07-11 00:43:28,160] {dag.py:2972} INFO - Setting next_dagrun for example_branch_python_operator_decorator to 2023-07-10T00:00:00+00:00, run_after=2023-07-11T00:00:00+00:00
[2023-07-11 00:43:28,175] {processor.py:161} INFO - Processing /home/airflow/.local/lib/python3.7/site-packages/airflow/example_dags/example_branch_operator_decorator.py took 0.165 seconds
[2023-07-11 00:43:58,643] {processor.py:153} INFO - Started process (PID=164) to work on /home/airflow/.local/lib/python3.7/site-packages/airflow/example_dags/example_branch_operator_decorator.py
[2023-07-11 00:43:58,644] {processor.py:641} INFO - Processing file /home/airflow/.local/lib/python3.7/site-packages/airflow/example_dags/example_branch_operator_decorator.py for tasks to queue
[2023-07-11 00:43:58,645] {logging_mixin.py:115} INFO - [2023-07-11 00:43:58,645] {dagbag.py:508} INFO - Filling up the DagBag from /home/airflow/.local/lib/python3.7/site-packages/airflow/example_dags/example_branch_operator_decorator.py
[2023-07-11 00:43:58,699] {processor.py:651} INFO - DAG(s) dict_keys(['example_branch_python_operator_decorator']) retrieved from /home/airflow/.local/lib/python3.7/site-packages/airflow/example_dags/example_branch_operator_decorator.py
[2023-07-11 00:43:58,853] {logging_mixin.py:115} INFO - [2023-07-11 00:43:58,853] {dag.py:2420} INFO - Sync 1 DAGs
[2023-07-11 00:43:58,906] {logging_mixin.py:115} INFO - [2023-07-11 00:43:58,906] {dag.py:2972} INFO - Setting next_dagrun for example_branch_python_operator_decorator to 2023-07-10T00:00:00+00:00, run_after=2023-07-11T00:00:00+00:00
[2023-07-11 00:43:58,930] {processor.py:161} INFO - Processing /home/airflow/.local/lib/python3.7/site-packages/airflow/example_dags/example_branch_operator_decorator.py took 0.293 seconds
[2023-07-11 00:44:28,992] {processor.py:153} INFO - Started process (PID=224) to work on /home/airflow/.local/lib/python3.7/site-packages/airflow/example_dags/example_branch_operator_decorator.py
[2023-07-11 00:44:28,993] {processor.py:641} INFO - Processing file /home/airflow/.local/lib/python3.7/site-packages/airflow/example_dags/example_branch_operator_decorator.py for tasks to queue
[2023-07-11 00:44:28,994] {logging_mixin.py:115} INFO - [2023-07-11 00:44:28,994] {dagbag.py:508} INFO - Filling up the DagBag from /home/airflow/.local/lib/python3.7/site-packages/airflow/example_dags/example_branch_operator_decorator.py
[2023-07-11 00:44:29,039] {processor.py:651} INFO - DAG(s) dict_keys(['example_branch_python_operator_decorator']) retrieved from /home/airflow/.local/lib/python3.7/site-packages/airflow/example_dags/example_branch_operator_decorator.py
[2023-07-11 00:44:29,084] {logging_mixin.py:115} INFO - [2023-07-11 00:44:29,084] {dag.py:2420} INFO - Sync 1 DAGs
[2023-07-11 00:44:29,135] {logging_mixin.py:115} INFO - [2023-07-11 00:44:29,135] {dag.py:2972} INFO - Setting next_dagrun for example_branch_python_operator_decorator to 2023-07-10T00:00:00+00:00, run_after=2023-07-11T00:00:00+00:00
[2023-07-11 00:44:29,154] {processor.py:161} INFO - Processing /home/airflow/.local/lib/python3.7/site-packages/airflow/example_dags/example_branch_operator_decorator.py took 0.169 seconds
[2023-07-11 00:44:59,977] {processor.py:153} INFO - Started process (PID=276) to work on /home/airflow/.local/lib/python3.7/site-packages/airflow/example_dags/example_branch_operator_decorator.py
[2023-07-11 00:44:59,978] {processor.py:641} INFO - Processing file /home/airflow/.local/lib/python3.7/site-packages/airflow/example_dags/example_branch_operator_decorator.py for tasks to queue
[2023-07-11 00:44:59,978] {logging_mixin.py:115} INFO - [2023-07-11 00:44:59,978] {dagbag.py:508} INFO - Filling up the DagBag from /home/airflow/.local/lib/python3.7/site-packages/airflow/example_dags/example_branch_operator_decorator.py
[2023-07-11 00:45:00,005] {processor.py:651} INFO - DAG(s) dict_keys(['example_branch_python_operator_decorator']) retrieved from /home/airflow/.local/lib/python3.7/site-packages/airflow/example_dags/example_branch_operator_decorator.py
[2023-07-11 00:45:00,039] {logging_mixin.py:115} INFO - [2023-07-11 00:45:00,039] {dag.py:2420} INFO - Sync 1 DAGs
[2023-07-11 00:45:00,082] {logging_mixin.py:115} INFO - [2023-07-11 00:45:00,082] {dag.py:2972} INFO - Setting next_dagrun for example_branch_python_operator_decorator to 2023-07-10T00:00:00+00:00, run_after=2023-07-11T00:00:00+00:00
[2023-07-11 00:45:00,099] {processor.py:161} INFO - Processing /home/airflow/.local/lib/python3.7/site-packages/airflow/example_dags/example_branch_operator_decorator.py took 0.125 seconds
[2023-07-11 00:45:30,623] {processor.py:153} INFO - Started process (PID=337) to work on /home/airflow/.local/lib/python3.7/site-packages/airflow/example_dags/example_branch_operator_decorator.py
[2023-07-11 00:45:30,624] {processor.py:641} INFO - Processing file /home/airflow/.local/lib/python3.7/site-packages/airflow/example_dags/example_branch_operator_decorator.py for tasks to queue
[2023-07-11 00:45:30,625] {logging_mixin.py:115} INFO - [2023-07-11 00:45:30,625] {dagbag.py:508} INFO - Filling up the DagBag from /home/airflow/.local/lib/python3.7/site-packages/airflow/example_dags/example_branch_operator_decorator.py
[2023-07-11 00:45:30,659] {processor.py:651} INFO - DAG(s) dict_keys(['example_branch_python_operator_decorator']) retrieved from /home/airflow/.local/lib/python3.7/site-packages/airflow/example_dags/example_branch_operator_decorator.py
[2023-07-11 00:45:30,699] {logging_mixin.py:115} INFO - [2023-07-11 00:45:30,698] {dag.py:2420} INFO - Sync 1 DAGs
[2023-07-11 00:45:30,739] {logging_mixin.py:115} INFO - [2023-07-11 00:45:30,738] {dag.py:2972} INFO - Setting next_dagrun for example_branch_python_operator_decorator to 2023-07-10T00:00:00+00:00, run_after=2023-07-11T00:00:00+00:00
[2023-07-11 00:45:30,758] {processor.py:161} INFO - Processing /home/airflow/.local/lib/python3.7/site-packages/airflow/example_dags/example_branch_operator_decorator.py took 0.140 seconds
[2023-07-11 00:46:01,281] {processor.py:153} INFO - Started process (PID=389) to work on /home/airflow/.local/lib/python3.7/site-packages/airflow/example_dags/example_branch_operator_decorator.py
[2023-07-11 00:46:01,282] {processor.py:641} INFO - Processing file /home/airflow/.local/lib/python3.7/site-packages/airflow/example_dags/example_branch_operator_decorator.py for tasks to queue
[2023-07-11 00:46:01,282] {logging_mixin.py:115} INFO - [2023-07-11 00:46:01,282] {dagbag.py:508} INFO - Filling up the DagBag from /home/airflow/.local/lib/python3.7/site-packages/airflow/example_dags/example_branch_operator_decorator.py
[2023-07-11 00:46:01,306] {processor.py:651} INFO - DAG(s) dict_keys(['example_branch_python_operator_decorator']) retrieved from /home/airflow/.local/lib/python3.7/site-packages/airflow/example_dags/example_branch_operator_decorator.py
[2023-07-11 00:46:01,341] {logging_mixin.py:115} INFO - [2023-07-11 00:46:01,341] {dag.py:2420} INFO - Sync 1 DAGs
[2023-07-11 00:46:01,375] {logging_mixin.py:115} INFO - [2023-07-11 00:46:01,375] {dag.py:2972} INFO - Setting next_dagrun for example_branch_python_operator_decorator to 2023-07-10T00:00:00+00:00, run_after=2023-07-11T00:00:00+00:00
[2023-07-11 00:46:01,392] {processor.py:161} INFO - Processing /home/airflow/.local/lib/python3.7/site-packages/airflow/example_dags/example_branch_operator_decorator.py took 0.116 seconds
[2023-07-11 00:46:31,682] {processor.py:153} INFO - Started process (PID=452) to work on /home/airflow/.local/lib/python3.7/site-packages/airflow/example_dags/example_branch_operator_decorator.py
[2023-07-11 00:46:31,683] {processor.py:641} INFO - Processing file /home/airflow/.local/lib/python3.7/site-packages/airflow/example_dags/example_branch_operator_decorator.py for tasks to queue
[2023-07-11 00:46:31,684] {logging_mixin.py:115} INFO - [2023-07-11 00:46:31,684] {dagbag.py:508} INFO - Filling up the DagBag from /home/airflow/.local/lib/python3.7/site-packages/airflow/example_dags/example_branch_operator_decorator.py
[2023-07-11 00:46:31,720] {processor.py:651} INFO - DAG(s) dict_keys(['example_branch_python_operator_decorator']) retrieved from /home/airflow/.local/lib/python3.7/site-packages/airflow/example_dags/example_branch_operator_decorator.py
[2023-07-11 00:46:31,751] {logging_mixin.py:115} INFO - [2023-07-11 00:46:31,751] {dag.py:2420} INFO - Sync 1 DAGs
[2023-07-11 00:46:31,789] {logging_mixin.py:115} INFO - [2023-07-11 00:46:31,788] {dag.py:2972} INFO - Setting next_dagrun for example_branch_python_operator_decorator to 2023-07-10T00:00:00+00:00, run_after=2023-07-11T00:00:00+00:00
[2023-07-11 00:46:31,807] {processor.py:161} INFO - Processing /home/airflow/.local/lib/python3.7/site-packages/airflow/example_dags/example_branch_operator_decorator.py took 0.129 seconds
[2023-07-11 00:47:02,017] {processor.py:153} INFO - Started process (PID=504) to work on /home/airflow/.local/lib/python3.7/site-packages/airflow/example_dags/example_branch_operator_decorator.py
[2023-07-11 00:47:02,017] {processor.py:641} INFO - Processing file /home/airflow/.local/lib/python3.7/site-packages/airflow/example_dags/example_branch_operator_decorator.py for tasks to queue
[2023-07-11 00:47:02,018] {logging_mixin.py:115} INFO - [2023-07-11 00:47:02,018] {dagbag.py:508} INFO - Filling up the DagBag from /home/airflow/.local/lib/python3.7/site-packages/airflow/example_dags/example_branch_operator_decorator.py
[2023-07-11 00:47:02,049] {processor.py:651} INFO - DAG(s) dict_keys(['example_branch_python_operator_decorator']) retrieved from /home/airflow/.local/lib/python3.7/site-packages/airflow/example_dags/example_branch_operator_decorator.py
[2023-07-11 00:47:02,079] {logging_mixin.py:115} INFO - [2023-07-11 00:47:02,079] {dag.py:2420} INFO - Sync 1 DAGs
[2023-07-11 00:47:02,114] {logging_mixin.py:115} INFO - [2023-07-11 00:47:02,114] {dag.py:2972} INFO - Setting next_dagrun for example_branch_python_operator_decorator to 2023-07-10T00:00:00+00:00, run_after=2023-07-11T00:00:00+00:00
[2023-07-11 00:47:02,127] {processor.py:161} INFO - Processing /home/airflow/.local/lib/python3.7/site-packages/airflow/example_dags/example_branch_operator_decorator.py took 0.114 seconds
[2023-07-11 00:47:32,877] {processor.py:153} INFO - Started process (PID=565) to work on /home/airflow/.local/lib/python3.7/site-packages/airflow/example_dags/example_branch_operator_decorator.py
[2023-07-11 00:47:32,878] {processor.py:641} INFO - Processing file /home/airflow/.local/lib/python3.7/site-packages/airflow/example_dags/example_branch_operator_decorator.py for tasks to queue
[2023-07-11 00:47:32,879] {logging_mixin.py:115} INFO - [2023-07-11 00:47:32,878] {dagbag.py:508} INFO - Filling up the DagBag from /home/airflow/.local/lib/python3.7/site-packages/airflow/example_dags/example_branch_operator_decorator.py
[2023-07-11 00:47:32,918] {processor.py:651} INFO - DAG(s) dict_keys(['example_branch_python_operator_decorator']) retrieved from /home/airflow/.local/lib/python3.7/site-packages/airflow/example_dags/example_branch_operator_decorator.py
[2023-07-11 00:47:32,957] {logging_mixin.py:115} INFO - [2023-07-11 00:47:32,956] {dag.py:2420} INFO - Sync 1 DAGs
[2023-07-11 00:47:33,002] {logging_mixin.py:115} INFO - [2023-07-11 00:47:33,002] {dag.py:2972} INFO - Setting next_dagrun for example_branch_python_operator_decorator to 2023-07-10T00:00:00+00:00, run_after=2023-07-11T00:00:00+00:00
[2023-07-11 00:47:33,031] {processor.py:161} INFO - Processing /home/airflow/.local/lib/python3.7/site-packages/airflow/example_dags/example_branch_operator_decorator.py took 0.159 seconds
[2023-07-11 00:48:03,106] {processor.py:153} INFO - Started process (PID=618) to work on /home/airflow/.local/lib/python3.7/site-packages/airflow/example_dags/example_branch_operator_decorator.py
[2023-07-11 00:48:03,106] {processor.py:641} INFO - Processing file /home/airflow/.local/lib/python3.7/site-packages/airflow/example_dags/example_branch_operator_decorator.py for tasks to queue
[2023-07-11 00:48:03,107] {logging_mixin.py:115} INFO - [2023-07-11 00:48:03,107] {dagbag.py:508} INFO - Filling up the DagBag from /home/airflow/.local/lib/python3.7/site-packages/airflow/example_dags/example_branch_operator_decorator.py
[2023-07-11 00:48:03,130] {processor.py:651} INFO - DAG(s) dict_keys(['example_branch_python_operator_decorator']) retrieved from /home/airflow/.local/lib/python3.7/site-packages/airflow/example_dags/example_branch_operator_decorator.py
[2023-07-11 00:48:03,158] {logging_mixin.py:115} INFO - [2023-07-11 00:48:03,158] {dag.py:2420} INFO - Sync 1 DAGs
[2023-07-11 00:48:03,186] {logging_mixin.py:115} INFO - [2023-07-11 00:48:03,186] {dag.py:2972} INFO - Setting next_dagrun for example_branch_python_operator_decorator to 2023-07-10T00:00:00+00:00, run_after=2023-07-11T00:00:00+00:00
[2023-07-11 00:48:03,198] {processor.py:161} INFO - Processing /home/airflow/.local/lib/python3.7/site-packages/airflow/example_dags/example_branch_operator_decorator.py took 0.096 seconds
[2023-07-11 00:48:33,459] {processor.py:153} INFO - Started process (PID=679) to work on /home/airflow/.local/lib/python3.7/site-packages/airflow/example_dags/example_branch_operator_decorator.py
[2023-07-11 00:48:33,460] {processor.py:641} INFO - Processing file /home/airflow/.local/lib/python3.7/site-packages/airflow/example_dags/example_branch_operator_decorator.py for tasks to queue
[2023-07-11 00:48:33,460] {logging_mixin.py:115} INFO - [2023-07-11 00:48:33,460] {dagbag.py:508} INFO - Filling up the DagBag from /home/airflow/.local/lib/python3.7/site-packages/airflow/example_dags/example_branch_operator_decorator.py
[2023-07-11 00:48:33,483] {processor.py:651} INFO - DAG(s) dict_keys(['example_branch_python_operator_decorator']) retrieved from /home/airflow/.local/lib/python3.7/site-packages/airflow/example_dags/example_branch_operator_decorator.py
[2023-07-11 00:48:33,518] {logging_mixin.py:115} INFO - [2023-07-11 00:48:33,518] {dag.py:2420} INFO - Sync 1 DAGs
[2023-07-11 00:48:33,555] {logging_mixin.py:115} INFO - [2023-07-11 00:48:33,555] {dag.py:2972} INFO - Setting next_dagrun for example_branch_python_operator_decorator to 2023-07-10T00:00:00+00:00, run_after=2023-07-11T00:00:00+00:00
[2023-07-11 00:48:33,570] {processor.py:161} INFO - Processing /home/airflow/.local/lib/python3.7/site-packages/airflow/example_dags/example_branch_operator_decorator.py took 0.114 seconds
[2023-07-11 00:49:04,076] {processor.py:153} INFO - Started process (PID=740) to work on /home/airflow/.local/lib/python3.7/site-packages/airflow/example_dags/example_branch_operator_decorator.py
[2023-07-11 00:49:04,076] {processor.py:641} INFO - Processing file /home/airflow/.local/lib/python3.7/site-packages/airflow/example_dags/example_branch_operator_decorator.py for tasks to queue
[2023-07-11 00:49:04,077] {logging_mixin.py:115} INFO - [2023-07-11 00:49:04,077] {dagbag.py:508} INFO - Filling up the DagBag from /home/airflow/.local/lib/python3.7/site-packages/airflow/example_dags/example_branch_operator_decorator.py
[2023-07-11 00:49:04,120] {processor.py:651} INFO - DAG(s) dict_keys(['example_branch_python_operator_decorator']) retrieved from /home/airflow/.local/lib/python3.7/site-packages/airflow/example_dags/example_branch_operator_decorator.py
[2023-07-11 00:49:04,170] {logging_mixin.py:115} INFO - [2023-07-11 00:49:04,170] {dag.py:2420} INFO - Sync 1 DAGs
[2023-07-11 00:49:04,218] {logging_mixin.py:115} INFO - [2023-07-11 00:49:04,218] {dag.py:2972} INFO - Setting next_dagrun for example_branch_python_operator_decorator to 2023-07-10T00:00:00+00:00, run_after=2023-07-11T00:00:00+00:00
[2023-07-11 00:49:04,242] {processor.py:161} INFO - Processing /home/airflow/.local/lib/python3.7/site-packages/airflow/example_dags/example_branch_operator_decorator.py took 0.171 seconds
[2023-07-11 00:49:34,399] {processor.py:153} INFO - Started process (PID=792) to work on /home/airflow/.local/lib/python3.7/site-packages/airflow/example_dags/example_branch_operator_decorator.py
[2023-07-11 00:49:34,400] {processor.py:641} INFO - Processing file /home/airflow/.local/lib/python3.7/site-packages/airflow/example_dags/example_branch_operator_decorator.py for tasks to queue
[2023-07-11 00:49:34,401] {logging_mixin.py:115} INFO - [2023-07-11 00:49:34,401] {dagbag.py:508} INFO - Filling up the DagBag from /home/airflow/.local/lib/python3.7/site-packages/airflow/example_dags/example_branch_operator_decorator.py
[2023-07-11 00:49:34,427] {processor.py:651} INFO - DAG(s) dict_keys(['example_branch_python_operator_decorator']) retrieved from /home/airflow/.local/lib/python3.7/site-packages/airflow/example_dags/example_branch_operator_decorator.py
[2023-07-11 00:49:34,456] {logging_mixin.py:115} INFO - [2023-07-11 00:49:34,456] {dag.py:2420} INFO - Sync 1 DAGs
[2023-07-11 00:49:34,488] {logging_mixin.py:115} INFO - [2023-07-11 00:49:34,488] {dag.py:2972} INFO - Setting next_dagrun for example_branch_python_operator_decorator to 2023-07-10T00:00:00+00:00, run_after=2023-07-11T00:00:00+00:00
[2023-07-11 00:49:34,502] {processor.py:161} INFO - Processing /home/airflow/.local/lib/python3.7/site-packages/airflow/example_dags/example_branch_operator_decorator.py took 0.108 seconds
[2023-07-11 00:50:04,794] {processor.py:153} INFO - Started process (PID=843) to work on /home/airflow/.local/lib/python3.7/site-packages/airflow/example_dags/example_branch_operator_decorator.py
[2023-07-11 00:50:04,795] {processor.py:641} INFO - Processing file /home/airflow/.local/lib/python3.7/site-packages/airflow/example_dags/example_branch_operator_decorator.py for tasks to queue
[2023-07-11 00:50:04,795] {logging_mixin.py:115} INFO - [2023-07-11 00:50:04,795] {dagbag.py:508} INFO - Filling up the DagBag from /home/airflow/.local/lib/python3.7/site-packages/airflow/example_dags/example_branch_operator_decorator.py
[2023-07-11 00:50:04,818] {processor.py:651} INFO - DAG(s) dict_keys(['example_branch_python_operator_decorator']) retrieved from /home/airflow/.local/lib/python3.7/site-packages/airflow/example_dags/example_branch_operator_decorator.py
[2023-07-11 00:50:04,845] {logging_mixin.py:115} INFO - [2023-07-11 00:50:04,845] {dag.py:2420} INFO - Sync 1 DAGs
[2023-07-11 00:50:04,887] {logging_mixin.py:115} INFO - [2023-07-11 00:50:04,887] {dag.py:2972} INFO - Setting next_dagrun for example_branch_python_operator_decorator to 2023-07-10T00:00:00+00:00, run_after=2023-07-11T00:00:00+00:00
[2023-07-11 00:50:04,919] {processor.py:161} INFO - Processing /home/airflow/.local/lib/python3.7/site-packages/airflow/example_dags/example_branch_operator_decorator.py took 0.128 seconds
[2023-07-11 00:50:35,460] {processor.py:153} INFO - Started process (PID=902) to work on /home/airflow/.local/lib/python3.7/site-packages/airflow/example_dags/example_branch_operator_decorator.py
[2023-07-11 00:50:35,460] {processor.py:641} INFO - Processing file /home/airflow/.local/lib/python3.7/site-packages/airflow/example_dags/example_branch_operator_decorator.py for tasks to queue
[2023-07-11 00:50:35,461] {logging_mixin.py:115} INFO - [2023-07-11 00:50:35,461] {dagbag.py:508} INFO - Filling up the DagBag from /home/airflow/.local/lib/python3.7/site-packages/airflow/example_dags/example_branch_operator_decorator.py
[2023-07-11 00:50:35,496] {processor.py:651} INFO - DAG(s) dict_keys(['example_branch_python_operator_decorator']) retrieved from /home/airflow/.local/lib/python3.7/site-packages/airflow/example_dags/example_branch_operator_decorator.py
[2023-07-11 00:50:35,541] {logging_mixin.py:115} INFO - [2023-07-11 00:50:35,540] {dag.py:2420} INFO - Sync 1 DAGs
[2023-07-11 00:50:35,588] {logging_mixin.py:115} INFO - [2023-07-11 00:50:35,588] {dag.py:2972} INFO - Setting next_dagrun for example_branch_python_operator_decorator to 2023-07-10T00:00:00+00:00, run_after=2023-07-11T00:00:00+00:00
[2023-07-11 00:50:35,611] {processor.py:161} INFO - Processing /home/airflow/.local/lib/python3.7/site-packages/airflow/example_dags/example_branch_operator_decorator.py took 0.156 seconds
[2023-07-11 00:51:06,251] {processor.py:153} INFO - Started process (PID=962) to work on /home/airflow/.local/lib/python3.7/site-packages/airflow/example_dags/example_branch_operator_decorator.py
[2023-07-11 00:51:06,252] {processor.py:641} INFO - Processing file /home/airflow/.local/lib/python3.7/site-packages/airflow/example_dags/example_branch_operator_decorator.py for tasks to queue
[2023-07-11 00:51:06,253] {logging_mixin.py:115} INFO - [2023-07-11 00:51:06,252] {dagbag.py:508} INFO - Filling up the DagBag from /home/airflow/.local/lib/python3.7/site-packages/airflow/example_dags/example_branch_operator_decorator.py
[2023-07-11 00:51:06,326] {processor.py:651} INFO - DAG(s) dict_keys(['example_branch_python_operator_decorator']) retrieved from /home/airflow/.local/lib/python3.7/site-packages/airflow/example_dags/example_branch_operator_decorator.py
[2023-07-11 00:51:06,374] {logging_mixin.py:115} INFO - [2023-07-11 00:51:06,374] {dag.py:2420} INFO - Sync 1 DAGs
[2023-07-11 00:51:06,405] {logging_mixin.py:115} INFO - [2023-07-11 00:51:06,405] {dag.py:2972} INFO - Setting next_dagrun for example_branch_python_operator_decorator to 2023-07-10T00:00:00+00:00, run_after=2023-07-11T00:00:00+00:00
[2023-07-11 00:51:06,423] {processor.py:161} INFO - Processing /home/airflow/.local/lib/python3.7/site-packages/airflow/example_dags/example_branch_operator_decorator.py took 0.176 seconds
[2023-07-11 00:51:36,646] {processor.py:153} INFO - Started process (PID=1014) to work on /home/airflow/.local/lib/python3.7/site-packages/airflow/example_dags/example_branch_operator_decorator.py
[2023-07-11 00:51:36,647] {processor.py:641} INFO - Processing file /home/airflow/.local/lib/python3.7/site-packages/airflow/example_dags/example_branch_operator_decorator.py for tasks to queue
[2023-07-11 00:51:36,647] {logging_mixin.py:115} INFO - [2023-07-11 00:51:36,647] {dagbag.py:508} INFO - Filling up the DagBag from /home/airflow/.local/lib/python3.7/site-packages/airflow/example_dags/example_branch_operator_decorator.py
[2023-07-11 00:51:36,672] {processor.py:651} INFO - DAG(s) dict_keys(['example_branch_python_operator_decorator']) retrieved from /home/airflow/.local/lib/python3.7/site-packages/airflow/example_dags/example_branch_operator_decorator.py
[2023-07-11 00:51:36,704] {logging_mixin.py:115} INFO - [2023-07-11 00:51:36,704] {dag.py:2420} INFO - Sync 1 DAGs
[2023-07-11 00:51:36,735] {logging_mixin.py:115} INFO - [2023-07-11 00:51:36,735] {dag.py:2972} INFO - Setting next_dagrun for example_branch_python_operator_decorator to 2023-07-10T00:00:00+00:00, run_after=2023-07-11T00:00:00+00:00
[2023-07-11 00:51:36,751] {processor.py:161} INFO - Processing /home/airflow/.local/lib/python3.7/site-packages/airflow/example_dags/example_branch_operator_decorator.py took 0.108 seconds
[2023-07-11 22:50:09,648] {processor.py:153} INFO - Started process (PID=1065) to work on /home/airflow/.local/lib/python3.7/site-packages/airflow/example_dags/example_branch_operator_decorator.py
[2023-07-11 22:50:09,651] {processor.py:641} INFO - Processing file /home/airflow/.local/lib/python3.7/site-packages/airflow/example_dags/example_branch_operator_decorator.py for tasks to queue
[2023-07-11 22:50:09,652] {logging_mixin.py:115} INFO - [2023-07-11 22:50:09,651] {dagbag.py:508} INFO - Filling up the DagBag from /home/airflow/.local/lib/python3.7/site-packages/airflow/example_dags/example_branch_operator_decorator.py
[2023-07-11 22:50:09,730] {processor.py:651} INFO - DAG(s) dict_keys(['example_branch_python_operator_decorator']) retrieved from /home/airflow/.local/lib/python3.7/site-packages/airflow/example_dags/example_branch_operator_decorator.py
[2023-07-11 22:50:09,821] {logging_mixin.py:115} INFO - [2023-07-11 22:50:09,820] {dag.py:2420} INFO - Sync 1 DAGs
[2023-07-11 22:50:09,909] {logging_mixin.py:115} INFO - [2023-07-11 22:50:09,909] {dag.py:2972} INFO - Setting next_dagrun for example_branch_python_operator_decorator to 2023-07-10T00:00:00+00:00, run_after=2023-07-11T00:00:00+00:00
[2023-07-11 22:50:09,956] {processor.py:161} INFO - Processing /home/airflow/.local/lib/python3.7/site-packages/airflow/example_dags/example_branch_operator_decorator.py took 0.313 seconds
[2023-07-11 22:50:40,894] {processor.py:153} INFO - Started process (PID=1115) to work on /home/airflow/.local/lib/python3.7/site-packages/airflow/example_dags/example_branch_operator_decorator.py
[2023-07-11 22:50:40,894] {processor.py:641} INFO - Processing file /home/airflow/.local/lib/python3.7/site-packages/airflow/example_dags/example_branch_operator_decorator.py for tasks to queue
[2023-07-11 22:50:40,897] {logging_mixin.py:115} INFO - [2023-07-11 22:50:40,897] {dagbag.py:508} INFO - Filling up the DagBag from /home/airflow/.local/lib/python3.7/site-packages/airflow/example_dags/example_branch_operator_decorator.py
[2023-07-11 22:50:41,001] {processor.py:651} INFO - DAG(s) dict_keys(['example_branch_python_operator_decorator']) retrieved from /home/airflow/.local/lib/python3.7/site-packages/airflow/example_dags/example_branch_operator_decorator.py
[2023-07-11 22:50:41,065] {logging_mixin.py:115} INFO - [2023-07-11 22:50:41,065] {dag.py:2420} INFO - Sync 1 DAGs
[2023-07-11 22:50:41,211] {logging_mixin.py:115} INFO - [2023-07-11 22:50:41,211] {dag.py:2972} INFO - Setting next_dagrun for example_branch_python_operator_decorator to 2023-07-10T00:00:00+00:00, run_after=2023-07-11T00:00:00+00:00
[2023-07-11 22:50:41,280] {processor.py:161} INFO - Processing /home/airflow/.local/lib/python3.7/site-packages/airflow/example_dags/example_branch_operator_decorator.py took 0.403 seconds
[2023-07-11 22:51:11,630] {processor.py:153} INFO - Started process (PID=1169) to work on /home/airflow/.local/lib/python3.7/site-packages/airflow/example_dags/example_branch_operator_decorator.py
[2023-07-11 22:51:11,631] {processor.py:641} INFO - Processing file /home/airflow/.local/lib/python3.7/site-packages/airflow/example_dags/example_branch_operator_decorator.py for tasks to queue
[2023-07-11 22:51:11,631] {logging_mixin.py:115} INFO - [2023-07-11 22:51:11,631] {dagbag.py:508} INFO - Filling up the DagBag from /home/airflow/.local/lib/python3.7/site-packages/airflow/example_dags/example_branch_operator_decorator.py
[2023-07-11 22:51:11,655] {processor.py:651} INFO - DAG(s) dict_keys(['example_branch_python_operator_decorator']) retrieved from /home/airflow/.local/lib/python3.7/site-packages/airflow/example_dags/example_branch_operator_decorator.py
[2023-07-11 22:51:11,684] {logging_mixin.py:115} INFO - [2023-07-11 22:51:11,684] {dag.py:2420} INFO - Sync 1 DAGs
[2023-07-11 22:51:11,712] {logging_mixin.py:115} INFO - [2023-07-11 22:51:11,712] {dag.py:2972} INFO - Setting next_dagrun for example_branch_python_operator_decorator to 2023-07-10T00:00:00+00:00, run_after=2023-07-11T00:00:00+00:00
[2023-07-11 22:51:11,726] {processor.py:161} INFO - Processing /home/airflow/.local/lib/python3.7/site-packages/airflow/example_dags/example_branch_operator_decorator.py took 0.099 seconds
[2023-07-11 22:51:42,039] {processor.py:153} INFO - Started process (PID=1221) to work on /home/airflow/.local/lib/python3.7/site-packages/airflow/example_dags/example_branch_operator_decorator.py
[2023-07-11 22:51:42,040] {processor.py:641} INFO - Processing file /home/airflow/.local/lib/python3.7/site-packages/airflow/example_dags/example_branch_operator_decorator.py for tasks to queue
[2023-07-11 22:51:42,041] {logging_mixin.py:115} INFO - [2023-07-11 22:51:42,041] {dagbag.py:508} INFO - Filling up the DagBag from /home/airflow/.local/lib/python3.7/site-packages/airflow/example_dags/example_branch_operator_decorator.py
[2023-07-11 22:51:42,084] {processor.py:651} INFO - DAG(s) dict_keys(['example_branch_python_operator_decorator']) retrieved from /home/airflow/.local/lib/python3.7/site-packages/airflow/example_dags/example_branch_operator_decorator.py
[2023-07-11 22:51:42,129] {logging_mixin.py:115} INFO - [2023-07-11 22:51:42,128] {dag.py:2420} INFO - Sync 1 DAGs
[2023-07-11 22:51:42,172] {logging_mixin.py:115} INFO - [2023-07-11 22:51:42,172] {dag.py:2972} INFO - Setting next_dagrun for example_branch_python_operator_decorator to 2023-07-10T00:00:00+00:00, run_after=2023-07-11T00:00:00+00:00
[2023-07-11 22:51:42,191] {processor.py:161} INFO - Processing /home/airflow/.local/lib/python3.7/site-packages/airflow/example_dags/example_branch_operator_decorator.py took 0.156 seconds
[2023-07-11 22:52:13,105] {processor.py:153} INFO - Started process (PID=1280) to work on /home/airflow/.local/lib/python3.7/site-packages/airflow/example_dags/example_branch_operator_decorator.py
[2023-07-11 22:52:13,106] {processor.py:641} INFO - Processing file /home/airflow/.local/lib/python3.7/site-packages/airflow/example_dags/example_branch_operator_decorator.py for tasks to queue
[2023-07-11 22:52:13,106] {logging_mixin.py:115} INFO - [2023-07-11 22:52:13,106] {dagbag.py:508} INFO - Filling up the DagBag from /home/airflow/.local/lib/python3.7/site-packages/airflow/example_dags/example_branch_operator_decorator.py
[2023-07-11 22:52:13,128] {processor.py:651} INFO - DAG(s) dict_keys(['example_branch_python_operator_decorator']) retrieved from /home/airflow/.local/lib/python3.7/site-packages/airflow/example_dags/example_branch_operator_decorator.py
[2023-07-11 22:52:13,155] {logging_mixin.py:115} INFO - [2023-07-11 22:52:13,155] {dag.py:2420} INFO - Sync 1 DAGs
[2023-07-11 22:52:13,182] {logging_mixin.py:115} INFO - [2023-07-11 22:52:13,182] {dag.py:2972} INFO - Setting next_dagrun for example_branch_python_operator_decorator to 2023-07-10T00:00:00+00:00, run_after=2023-07-11T00:00:00+00:00
[2023-07-11 22:52:13,195] {processor.py:161} INFO - Processing /home/airflow/.local/lib/python3.7/site-packages/airflow/example_dags/example_branch_operator_decorator.py took 0.093 seconds
[2023-07-11 22:52:43,896] {processor.py:153} INFO - Started process (PID=1331) to work on /home/airflow/.local/lib/python3.7/site-packages/airflow/example_dags/example_branch_operator_decorator.py
[2023-07-11 22:52:43,899] {processor.py:641} INFO - Processing file /home/airflow/.local/lib/python3.7/site-packages/airflow/example_dags/example_branch_operator_decorator.py for tasks to queue
[2023-07-11 22:52:43,900] {logging_mixin.py:115} INFO - [2023-07-11 22:52:43,900] {dagbag.py:508} INFO - Filling up the DagBag from /home/airflow/.local/lib/python3.7/site-packages/airflow/example_dags/example_branch_operator_decorator.py
[2023-07-11 22:52:43,953] {processor.py:651} INFO - DAG(s) dict_keys(['example_branch_python_operator_decorator']) retrieved from /home/airflow/.local/lib/python3.7/site-packages/airflow/example_dags/example_branch_operator_decorator.py
[2023-07-11 22:52:44,048] {logging_mixin.py:115} INFO - [2023-07-11 22:52:44,044] {dag.py:2420} INFO - Sync 1 DAGs
[2023-07-11 22:52:44,100] {logging_mixin.py:115} INFO - [2023-07-11 22:52:44,100] {dag.py:2972} INFO - Setting next_dagrun for example_branch_python_operator_decorator to 2023-07-10T00:00:00+00:00, run_after=2023-07-11T00:00:00+00:00
[2023-07-11 22:52:44,118] {processor.py:161} INFO - Processing /home/airflow/.local/lib/python3.7/site-packages/airflow/example_dags/example_branch_operator_decorator.py took 0.235 seconds
[2023-07-11 22:53:15,036] {processor.py:153} INFO - Started process (PID=1382) to work on /home/airflow/.local/lib/python3.7/site-packages/airflow/example_dags/example_branch_operator_decorator.py
[2023-07-11 22:53:15,036] {processor.py:641} INFO - Processing file /home/airflow/.local/lib/python3.7/site-packages/airflow/example_dags/example_branch_operator_decorator.py for tasks to queue
[2023-07-11 22:53:15,037] {logging_mixin.py:115} INFO - [2023-07-11 22:53:15,037] {dagbag.py:508} INFO - Filling up the DagBag from /home/airflow/.local/lib/python3.7/site-packages/airflow/example_dags/example_branch_operator_decorator.py
[2023-07-11 22:53:15,067] {processor.py:651} INFO - DAG(s) dict_keys(['example_branch_python_operator_decorator']) retrieved from /home/airflow/.local/lib/python3.7/site-packages/airflow/example_dags/example_branch_operator_decorator.py
[2023-07-11 22:53:15,111] {logging_mixin.py:115} INFO - [2023-07-11 22:53:15,111] {dag.py:2420} INFO - Sync 1 DAGs
[2023-07-11 22:53:15,156] {logging_mixin.py:115} INFO - [2023-07-11 22:53:15,156] {dag.py:2972} INFO - Setting next_dagrun for example_branch_python_operator_decorator to 2023-07-10T00:00:00+00:00, run_after=2023-07-11T00:00:00+00:00
[2023-07-11 22:53:15,177] {processor.py:161} INFO - Processing /home/airflow/.local/lib/python3.7/site-packages/airflow/example_dags/example_branch_operator_decorator.py took 0.145 seconds
[2023-07-11 22:53:45,925] {processor.py:153} INFO - Started process (PID=1441) to work on /home/airflow/.local/lib/python3.7/site-packages/airflow/example_dags/example_branch_operator_decorator.py
[2023-07-11 22:53:45,930] {processor.py:641} INFO - Processing file /home/airflow/.local/lib/python3.7/site-packages/airflow/example_dags/example_branch_operator_decorator.py for tasks to queue
[2023-07-11 22:53:45,932] {logging_mixin.py:115} INFO - [2023-07-11 22:53:45,931] {dagbag.py:508} INFO - Filling up the DagBag from /home/airflow/.local/lib/python3.7/site-packages/airflow/example_dags/example_branch_operator_decorator.py
[2023-07-11 22:53:46,060] {processor.py:651} INFO - DAG(s) dict_keys(['example_branch_python_operator_decorator']) retrieved from /home/airflow/.local/lib/python3.7/site-packages/airflow/example_dags/example_branch_operator_decorator.py
[2023-07-11 22:53:46,188] {logging_mixin.py:115} INFO - [2023-07-11 22:53:46,187] {dag.py:2420} INFO - Sync 1 DAGs
[2023-07-11 22:53:46,287] {logging_mixin.py:115} INFO - [2023-07-11 22:53:46,287] {dag.py:2972} INFO - Setting next_dagrun for example_branch_python_operator_decorator to 2023-07-10T00:00:00+00:00, run_after=2023-07-11T00:00:00+00:00
[2023-07-11 22:53:46,324] {processor.py:161} INFO - Processing /home/airflow/.local/lib/python3.7/site-packages/airflow/example_dags/example_branch_operator_decorator.py took 0.416 seconds
[2023-07-11 22:54:16,542] {processor.py:153} INFO - Started process (PID=1494) to work on /home/airflow/.local/lib/python3.7/site-packages/airflow/example_dags/example_branch_operator_decorator.py
[2023-07-11 22:54:16,543] {processor.py:641} INFO - Processing file /home/airflow/.local/lib/python3.7/site-packages/airflow/example_dags/example_branch_operator_decorator.py for tasks to queue
[2023-07-11 22:54:16,544] {logging_mixin.py:115} INFO - [2023-07-11 22:54:16,544] {dagbag.py:508} INFO - Filling up the DagBag from /home/airflow/.local/lib/python3.7/site-packages/airflow/example_dags/example_branch_operator_decorator.py
[2023-07-11 22:54:16,611] {processor.py:651} INFO - DAG(s) dict_keys(['example_branch_python_operator_decorator']) retrieved from /home/airflow/.local/lib/python3.7/site-packages/airflow/example_dags/example_branch_operator_decorator.py
[2023-07-11 22:54:16,705] {logging_mixin.py:115} INFO - [2023-07-11 22:54:16,705] {dag.py:2420} INFO - Sync 1 DAGs
[2023-07-11 22:54:16,809] {logging_mixin.py:115} INFO - [2023-07-11 22:54:16,809] {dag.py:2972} INFO - Setting next_dagrun for example_branch_python_operator_decorator to 2023-07-10T00:00:00+00:00, run_after=2023-07-11T00:00:00+00:00
[2023-07-11 22:54:16,844] {processor.py:161} INFO - Processing /home/airflow/.local/lib/python3.7/site-packages/airflow/example_dags/example_branch_operator_decorator.py took 0.307 seconds
[2023-07-11 22:54:47,429] {processor.py:153} INFO - Started process (PID=1546) to work on /home/airflow/.local/lib/python3.7/site-packages/airflow/example_dags/example_branch_operator_decorator.py
[2023-07-11 22:54:47,430] {processor.py:641} INFO - Processing file /home/airflow/.local/lib/python3.7/site-packages/airflow/example_dags/example_branch_operator_decorator.py for tasks to queue
[2023-07-11 22:54:47,432] {logging_mixin.py:115} INFO - [2023-07-11 22:54:47,432] {dagbag.py:508} INFO - Filling up the DagBag from /home/airflow/.local/lib/python3.7/site-packages/airflow/example_dags/example_branch_operator_decorator.py
[2023-07-11 22:54:47,466] {processor.py:651} INFO - DAG(s) dict_keys(['example_branch_python_operator_decorator']) retrieved from /home/airflow/.local/lib/python3.7/site-packages/airflow/example_dags/example_branch_operator_decorator.py
[2023-07-11 22:54:47,498] {logging_mixin.py:115} INFO - [2023-07-11 22:54:47,498] {dag.py:2420} INFO - Sync 1 DAGs
[2023-07-11 22:54:47,528] {logging_mixin.py:115} INFO - [2023-07-11 22:54:47,528] {dag.py:2972} INFO - Setting next_dagrun for example_branch_python_operator_decorator to 2023-07-10T00:00:00+00:00, run_after=2023-07-11T00:00:00+00:00
[2023-07-11 22:54:47,542] {processor.py:161} INFO - Processing /home/airflow/.local/lib/python3.7/site-packages/airflow/example_dags/example_branch_operator_decorator.py took 0.119 seconds
[2023-07-11 22:55:18,379] {processor.py:153} INFO - Started process (PID=1597) to work on /home/airflow/.local/lib/python3.7/site-packages/airflow/example_dags/example_branch_operator_decorator.py
[2023-07-11 22:55:18,380] {processor.py:641} INFO - Processing file /home/airflow/.local/lib/python3.7/site-packages/airflow/example_dags/example_branch_operator_decorator.py for tasks to queue
[2023-07-11 22:55:18,381] {logging_mixin.py:115} INFO - [2023-07-11 22:55:18,381] {dagbag.py:508} INFO - Filling up the DagBag from /home/airflow/.local/lib/python3.7/site-packages/airflow/example_dags/example_branch_operator_decorator.py
[2023-07-11 22:55:18,464] {processor.py:651} INFO - DAG(s) dict_keys(['example_branch_python_operator_decorator']) retrieved from /home/airflow/.local/lib/python3.7/site-packages/airflow/example_dags/example_branch_operator_decorator.py
[2023-07-11 22:55:18,549] {logging_mixin.py:115} INFO - [2023-07-11 22:55:18,549] {dag.py:2420} INFO - Sync 1 DAGs
[2023-07-11 22:55:18,623] {logging_mixin.py:115} INFO - [2023-07-11 22:55:18,623] {dag.py:2972} INFO - Setting next_dagrun for example_branch_python_operator_decorator to 2023-07-10T00:00:00+00:00, run_after=2023-07-11T00:00:00+00:00
[2023-07-11 22:55:18,656] {processor.py:161} INFO - Processing /home/airflow/.local/lib/python3.7/site-packages/airflow/example_dags/example_branch_operator_decorator.py took 0.290 seconds
[2023-07-11 22:55:50,101] {processor.py:153} INFO - Started process (PID=1649) to work on /home/airflow/.local/lib/python3.7/site-packages/airflow/example_dags/example_branch_operator_decorator.py
[2023-07-11 22:55:50,108] {processor.py:641} INFO - Processing file /home/airflow/.local/lib/python3.7/site-packages/airflow/example_dags/example_branch_operator_decorator.py for tasks to queue
[2023-07-11 22:55:50,111] {logging_mixin.py:115} INFO - [2023-07-11 22:55:50,110] {dagbag.py:508} INFO - Filling up the DagBag from /home/airflow/.local/lib/python3.7/site-packages/airflow/example_dags/example_branch_operator_decorator.py
[2023-07-11 22:55:50,395] {processor.py:651} INFO - DAG(s) dict_keys(['example_branch_python_operator_decorator']) retrieved from /home/airflow/.local/lib/python3.7/site-packages/airflow/example_dags/example_branch_operator_decorator.py
[2023-07-11 22:55:50,477] {logging_mixin.py:115} INFO - [2023-07-11 22:55:50,477] {dag.py:2420} INFO - Sync 1 DAGs
[2023-07-11 22:55:50,552] {logging_mixin.py:115} INFO - [2023-07-11 22:55:50,552] {dag.py:2972} INFO - Setting next_dagrun for example_branch_python_operator_decorator to 2023-07-10T00:00:00+00:00, run_after=2023-07-11T00:00:00+00:00
[2023-07-11 22:55:50,620] {processor.py:161} INFO - Processing /home/airflow/.local/lib/python3.7/site-packages/airflow/example_dags/example_branch_operator_decorator.py took 0.542 seconds
[2023-07-11 22:56:21,326] {processor.py:153} INFO - Started process (PID=1701) to work on /home/airflow/.local/lib/python3.7/site-packages/airflow/example_dags/example_branch_operator_decorator.py
[2023-07-11 22:56:21,327] {processor.py:641} INFO - Processing file /home/airflow/.local/lib/python3.7/site-packages/airflow/example_dags/example_branch_operator_decorator.py for tasks to queue
[2023-07-11 22:56:21,328] {logging_mixin.py:115} INFO - [2023-07-11 22:56:21,328] {dagbag.py:508} INFO - Filling up the DagBag from /home/airflow/.local/lib/python3.7/site-packages/airflow/example_dags/example_branch_operator_decorator.py
[2023-07-11 22:56:21,483] {processor.py:651} INFO - DAG(s) dict_keys(['example_branch_python_operator_decorator']) retrieved from /home/airflow/.local/lib/python3.7/site-packages/airflow/example_dags/example_branch_operator_decorator.py
[2023-07-11 22:56:21,595] {logging_mixin.py:115} INFO - [2023-07-11 22:56:21,595] {dag.py:2420} INFO - Sync 1 DAGs
[2023-07-11 22:56:21,702] {logging_mixin.py:115} INFO - [2023-07-11 22:56:21,702] {dag.py:2972} INFO - Setting next_dagrun for example_branch_python_operator_decorator to 2023-07-10T00:00:00+00:00, run_after=2023-07-11T00:00:00+00:00
[2023-07-11 22:56:21,763] {processor.py:161} INFO - Processing /home/airflow/.local/lib/python3.7/site-packages/airflow/example_dags/example_branch_operator_decorator.py took 0.467 seconds
[2023-07-11 22:56:52,063] {processor.py:153} INFO - Started process (PID=1762) to work on /home/airflow/.local/lib/python3.7/site-packages/airflow/example_dags/example_branch_operator_decorator.py
[2023-07-11 22:56:52,065] {processor.py:641} INFO - Processing file /home/airflow/.local/lib/python3.7/site-packages/airflow/example_dags/example_branch_operator_decorator.py for tasks to queue
[2023-07-11 22:56:52,066] {logging_mixin.py:115} INFO - [2023-07-11 22:56:52,066] {dagbag.py:508} INFO - Filling up the DagBag from /home/airflow/.local/lib/python3.7/site-packages/airflow/example_dags/example_branch_operator_decorator.py
[2023-07-11 22:56:52,125] {processor.py:651} INFO - DAG(s) dict_keys(['example_branch_python_operator_decorator']) retrieved from /home/airflow/.local/lib/python3.7/site-packages/airflow/example_dags/example_branch_operator_decorator.py
[2023-07-11 22:56:52,229] {logging_mixin.py:115} INFO - [2023-07-11 22:56:52,228] {dag.py:2420} INFO - Sync 1 DAGs
[2023-07-11 22:56:52,398] {logging_mixin.py:115} INFO - [2023-07-11 22:56:52,398] {dag.py:2972} INFO - Setting next_dagrun for example_branch_python_operator_decorator to 2023-07-10T00:00:00+00:00, run_after=2023-07-11T00:00:00+00:00
[2023-07-11 22:56:52,476] {processor.py:161} INFO - Processing /home/airflow/.local/lib/python3.7/site-packages/airflow/example_dags/example_branch_operator_decorator.py took 0.425 seconds
[2023-07-11 22:57:22,645] {processor.py:153} INFO - Started process (PID=1813) to work on /home/airflow/.local/lib/python3.7/site-packages/airflow/example_dags/example_branch_operator_decorator.py
[2023-07-11 22:57:22,645] {processor.py:641} INFO - Processing file /home/airflow/.local/lib/python3.7/site-packages/airflow/example_dags/example_branch_operator_decorator.py for tasks to queue
[2023-07-11 22:57:22,646] {logging_mixin.py:115} INFO - [2023-07-11 22:57:22,646] {dagbag.py:508} INFO - Filling up the DagBag from /home/airflow/.local/lib/python3.7/site-packages/airflow/example_dags/example_branch_operator_decorator.py
[2023-07-11 22:57:22,686] {processor.py:651} INFO - DAG(s) dict_keys(['example_branch_python_operator_decorator']) retrieved from /home/airflow/.local/lib/python3.7/site-packages/airflow/example_dags/example_branch_operator_decorator.py
[2023-07-11 22:57:22,734] {logging_mixin.py:115} INFO - [2023-07-11 22:57:22,733] {dag.py:2420} INFO - Sync 1 DAGs
[2023-07-11 22:57:22,779] {logging_mixin.py:115} INFO - [2023-07-11 22:57:22,779] {dag.py:2972} INFO - Setting next_dagrun for example_branch_python_operator_decorator to 2023-07-10T00:00:00+00:00, run_after=2023-07-11T00:00:00+00:00
[2023-07-11 22:57:22,801] {processor.py:161} INFO - Processing /home/airflow/.local/lib/python3.7/site-packages/airflow/example_dags/example_branch_operator_decorator.py took 0.161 seconds
[2023-07-11 22:57:53,243] {processor.py:153} INFO - Started process (PID=1865) to work on /home/airflow/.local/lib/python3.7/site-packages/airflow/example_dags/example_branch_operator_decorator.py
[2023-07-11 22:57:53,243] {processor.py:641} INFO - Processing file /home/airflow/.local/lib/python3.7/site-packages/airflow/example_dags/example_branch_operator_decorator.py for tasks to queue
[2023-07-11 22:57:53,245] {logging_mixin.py:115} INFO - [2023-07-11 22:57:53,244] {dagbag.py:508} INFO - Filling up the DagBag from /home/airflow/.local/lib/python3.7/site-packages/airflow/example_dags/example_branch_operator_decorator.py
[2023-07-11 22:57:53,290] {processor.py:651} INFO - DAG(s) dict_keys(['example_branch_python_operator_decorator']) retrieved from /home/airflow/.local/lib/python3.7/site-packages/airflow/example_dags/example_branch_operator_decorator.py
[2023-07-11 22:57:53,332] {logging_mixin.py:115} INFO - [2023-07-11 22:57:53,332] {dag.py:2420} INFO - Sync 1 DAGs
[2023-07-11 22:57:53,369] {logging_mixin.py:115} INFO - [2023-07-11 22:57:53,368] {dag.py:2972} INFO - Setting next_dagrun for example_branch_python_operator_decorator to 2023-07-10T00:00:00+00:00, run_after=2023-07-11T00:00:00+00:00
[2023-07-11 22:57:53,393] {processor.py:161} INFO - Processing /home/airflow/.local/lib/python3.7/site-packages/airflow/example_dags/example_branch_operator_decorator.py took 0.156 seconds
[2023-07-11 22:58:24,079] {processor.py:153} INFO - Started process (PID=1917) to work on /home/airflow/.local/lib/python3.7/site-packages/airflow/example_dags/example_branch_operator_decorator.py
[2023-07-11 22:58:24,080] {processor.py:641} INFO - Processing file /home/airflow/.local/lib/python3.7/site-packages/airflow/example_dags/example_branch_operator_decorator.py for tasks to queue
[2023-07-11 22:58:24,082] {logging_mixin.py:115} INFO - [2023-07-11 22:58:24,082] {dagbag.py:508} INFO - Filling up the DagBag from /home/airflow/.local/lib/python3.7/site-packages/airflow/example_dags/example_branch_operator_decorator.py
[2023-07-11 22:58:24,132] {processor.py:651} INFO - DAG(s) dict_keys(['example_branch_python_operator_decorator']) retrieved from /home/airflow/.local/lib/python3.7/site-packages/airflow/example_dags/example_branch_operator_decorator.py
[2023-07-11 22:58:24,196] {logging_mixin.py:115} INFO - [2023-07-11 22:58:24,196] {dag.py:2420} INFO - Sync 1 DAGs
[2023-07-11 22:58:24,266] {logging_mixin.py:115} INFO - [2023-07-11 22:58:24,265] {dag.py:2972} INFO - Setting next_dagrun for example_branch_python_operator_decorator to 2023-07-10T00:00:00+00:00, run_after=2023-07-11T00:00:00+00:00
[2023-07-11 22:58:24,298] {processor.py:161} INFO - Processing /home/airflow/.local/lib/python3.7/site-packages/airflow/example_dags/example_branch_operator_decorator.py took 0.226 seconds
[2023-07-11 22:58:54,699] {processor.py:153} INFO - Started process (PID=1974) to work on /home/airflow/.local/lib/python3.7/site-packages/airflow/example_dags/example_branch_operator_decorator.py
[2023-07-11 22:58:54,703] {processor.py:641} INFO - Processing file /home/airflow/.local/lib/python3.7/site-packages/airflow/example_dags/example_branch_operator_decorator.py for tasks to queue
[2023-07-11 22:58:54,704] {logging_mixin.py:115} INFO - [2023-07-11 22:58:54,704] {dagbag.py:508} INFO - Filling up the DagBag from /home/airflow/.local/lib/python3.7/site-packages/airflow/example_dags/example_branch_operator_decorator.py
[2023-07-11 22:58:54,815] {processor.py:651} INFO - DAG(s) dict_keys(['example_branch_python_operator_decorator']) retrieved from /home/airflow/.local/lib/python3.7/site-packages/airflow/example_dags/example_branch_operator_decorator.py
[2023-07-11 22:58:54,947] {logging_mixin.py:115} INFO - [2023-07-11 22:58:54,947] {dag.py:2420} INFO - Sync 1 DAGs
[2023-07-11 22:58:55,032] {logging_mixin.py:115} INFO - [2023-07-11 22:58:55,032] {dag.py:2972} INFO - Setting next_dagrun for example_branch_python_operator_decorator to 2023-07-10T00:00:00+00:00, run_after=2023-07-11T00:00:00+00:00
[2023-07-11 22:58:55,085] {processor.py:161} INFO - Processing /home/airflow/.local/lib/python3.7/site-packages/airflow/example_dags/example_branch_operator_decorator.py took 0.402 seconds
[2023-07-11 22:59:25,944] {processor.py:153} INFO - Started process (PID=2029) to work on /home/airflow/.local/lib/python3.7/site-packages/airflow/example_dags/example_branch_operator_decorator.py
[2023-07-11 22:59:25,945] {processor.py:641} INFO - Processing file /home/airflow/.local/lib/python3.7/site-packages/airflow/example_dags/example_branch_operator_decorator.py for tasks to queue
[2023-07-11 22:59:25,946] {logging_mixin.py:115} INFO - [2023-07-11 22:59:25,946] {dagbag.py:508} INFO - Filling up the DagBag from /home/airflow/.local/lib/python3.7/site-packages/airflow/example_dags/example_branch_operator_decorator.py
[2023-07-11 22:59:25,970] {processor.py:651} INFO - DAG(s) dict_keys(['example_branch_python_operator_decorator']) retrieved from /home/airflow/.local/lib/python3.7/site-packages/airflow/example_dags/example_branch_operator_decorator.py
[2023-07-11 22:59:26,015] {logging_mixin.py:115} INFO - [2023-07-11 22:59:26,015] {dag.py:2420} INFO - Sync 1 DAGs
[2023-07-11 22:59:26,062] {logging_mixin.py:115} INFO - [2023-07-11 22:59:26,062] {dag.py:2972} INFO - Setting next_dagrun for example_branch_python_operator_decorator to 2023-07-10T00:00:00+00:00, run_after=2023-07-11T00:00:00+00:00
[2023-07-11 22:59:26,081] {processor.py:161} INFO - Processing /home/airflow/.local/lib/python3.7/site-packages/airflow/example_dags/example_branch_operator_decorator.py took 0.141 seconds
[2023-07-11 22:59:56,267] {processor.py:153} INFO - Started process (PID=2081) to work on /home/airflow/.local/lib/python3.7/site-packages/airflow/example_dags/example_branch_operator_decorator.py
[2023-07-11 22:59:56,268] {processor.py:641} INFO - Processing file /home/airflow/.local/lib/python3.7/site-packages/airflow/example_dags/example_branch_operator_decorator.py for tasks to queue
[2023-07-11 22:59:56,269] {logging_mixin.py:115} INFO - [2023-07-11 22:59:56,269] {dagbag.py:508} INFO - Filling up the DagBag from /home/airflow/.local/lib/python3.7/site-packages/airflow/example_dags/example_branch_operator_decorator.py
[2023-07-11 22:59:56,360] {processor.py:651} INFO - DAG(s) dict_keys(['example_branch_python_operator_decorator']) retrieved from /home/airflow/.local/lib/python3.7/site-packages/airflow/example_dags/example_branch_operator_decorator.py
[2023-07-11 22:59:56,527] {logging_mixin.py:115} INFO - [2023-07-11 22:59:56,527] {dag.py:2420} INFO - Sync 1 DAGs
[2023-07-11 22:59:56,612] {logging_mixin.py:115} INFO - [2023-07-11 22:59:56,612] {dag.py:2972} INFO - Setting next_dagrun for example_branch_python_operator_decorator to 2023-07-10T00:00:00+00:00, run_after=2023-07-11T00:00:00+00:00
[2023-07-11 22:59:56,642] {processor.py:161} INFO - Processing /home/airflow/.local/lib/python3.7/site-packages/airflow/example_dags/example_branch_operator_decorator.py took 0.381 seconds
[2023-07-11 23:00:26,870] {processor.py:153} INFO - Started process (PID=2133) to work on /home/airflow/.local/lib/python3.7/site-packages/airflow/example_dags/example_branch_operator_decorator.py
[2023-07-11 23:00:26,872] {processor.py:641} INFO - Processing file /home/airflow/.local/lib/python3.7/site-packages/airflow/example_dags/example_branch_operator_decorator.py for tasks to queue
[2023-07-11 23:00:26,874] {logging_mixin.py:115} INFO - [2023-07-11 23:00:26,874] {dagbag.py:508} INFO - Filling up the DagBag from /home/airflow/.local/lib/python3.7/site-packages/airflow/example_dags/example_branch_operator_decorator.py
[2023-07-11 23:00:26,940] {processor.py:651} INFO - DAG(s) dict_keys(['example_branch_python_operator_decorator']) retrieved from /home/airflow/.local/lib/python3.7/site-packages/airflow/example_dags/example_branch_operator_decorator.py
[2023-07-11 23:00:27,001] {logging_mixin.py:115} INFO - [2023-07-11 23:00:27,001] {dag.py:2420} INFO - Sync 1 DAGs
[2023-07-11 23:00:27,051] {logging_mixin.py:115} INFO - [2023-07-11 23:00:27,050] {dag.py:2972} INFO - Setting next_dagrun for example_branch_python_operator_decorator to 2023-07-10T00:00:00+00:00, run_after=2023-07-11T00:00:00+00:00
[2023-07-11 23:00:27,071] {processor.py:161} INFO - Processing /home/airflow/.local/lib/python3.7/site-packages/airflow/example_dags/example_branch_operator_decorator.py took 0.214 seconds
[2023-07-11 23:00:57,317] {processor.py:153} INFO - Started process (PID=2186) to work on /home/airflow/.local/lib/python3.7/site-packages/airflow/example_dags/example_branch_operator_decorator.py
[2023-07-11 23:00:57,319] {processor.py:641} INFO - Processing file /home/airflow/.local/lib/python3.7/site-packages/airflow/example_dags/example_branch_operator_decorator.py for tasks to queue
[2023-07-11 23:00:57,320] {logging_mixin.py:115} INFO - [2023-07-11 23:00:57,320] {dagbag.py:508} INFO - Filling up the DagBag from /home/airflow/.local/lib/python3.7/site-packages/airflow/example_dags/example_branch_operator_decorator.py
[2023-07-11 23:00:57,355] {processor.py:651} INFO - DAG(s) dict_keys(['example_branch_python_operator_decorator']) retrieved from /home/airflow/.local/lib/python3.7/site-packages/airflow/example_dags/example_branch_operator_decorator.py
[2023-07-11 23:00:57,407] {logging_mixin.py:115} INFO - [2023-07-11 23:00:57,407] {dag.py:2420} INFO - Sync 1 DAGs
[2023-07-11 23:00:57,459] {logging_mixin.py:115} INFO - [2023-07-11 23:00:57,458] {dag.py:2972} INFO - Setting next_dagrun for example_branch_python_operator_decorator to 2023-07-10T00:00:00+00:00, run_after=2023-07-11T00:00:00+00:00
[2023-07-11 23:00:57,481] {processor.py:161} INFO - Processing /home/airflow/.local/lib/python3.7/site-packages/airflow/example_dags/example_branch_operator_decorator.py took 0.172 seconds
[2023-07-11 23:01:28,026] {processor.py:153} INFO - Started process (PID=2238) to work on /home/airflow/.local/lib/python3.7/site-packages/airflow/example_dags/example_branch_operator_decorator.py
[2023-07-11 23:01:28,031] {processor.py:641} INFO - Processing file /home/airflow/.local/lib/python3.7/site-packages/airflow/example_dags/example_branch_operator_decorator.py for tasks to queue
[2023-07-11 23:01:28,034] {logging_mixin.py:115} INFO - [2023-07-11 23:01:28,034] {dagbag.py:508} INFO - Filling up the DagBag from /home/airflow/.local/lib/python3.7/site-packages/airflow/example_dags/example_branch_operator_decorator.py
[2023-07-11 23:01:28,085] {processor.py:651} INFO - DAG(s) dict_keys(['example_branch_python_operator_decorator']) retrieved from /home/airflow/.local/lib/python3.7/site-packages/airflow/example_dags/example_branch_operator_decorator.py
[2023-07-11 23:01:28,149] {logging_mixin.py:115} INFO - [2023-07-11 23:01:28,148] {dag.py:2420} INFO - Sync 1 DAGs
[2023-07-11 23:01:28,213] {logging_mixin.py:115} INFO - [2023-07-11 23:01:28,213] {dag.py:2972} INFO - Setting next_dagrun for example_branch_python_operator_decorator to 2023-07-10T00:00:00+00:00, run_after=2023-07-11T00:00:00+00:00
[2023-07-11 23:01:28,241] {processor.py:161} INFO - Processing /home/airflow/.local/lib/python3.7/site-packages/airflow/example_dags/example_branch_operator_decorator.py took 0.224 seconds
[2023-07-11 23:01:58,604] {processor.py:153} INFO - Started process (PID=2288) to work on /home/airflow/.local/lib/python3.7/site-packages/airflow/example_dags/example_branch_operator_decorator.py
[2023-07-11 23:01:58,605] {processor.py:641} INFO - Processing file /home/airflow/.local/lib/python3.7/site-packages/airflow/example_dags/example_branch_operator_decorator.py for tasks to queue
[2023-07-11 23:01:58,605] {logging_mixin.py:115} INFO - [2023-07-11 23:01:58,605] {dagbag.py:508} INFO - Filling up the DagBag from /home/airflow/.local/lib/python3.7/site-packages/airflow/example_dags/example_branch_operator_decorator.py
[2023-07-11 23:01:58,638] {processor.py:651} INFO - DAG(s) dict_keys(['example_branch_python_operator_decorator']) retrieved from /home/airflow/.local/lib/python3.7/site-packages/airflow/example_dags/example_branch_operator_decorator.py
[2023-07-11 23:01:58,670] {logging_mixin.py:115} INFO - [2023-07-11 23:01:58,670] {dag.py:2420} INFO - Sync 1 DAGs
[2023-07-11 23:01:58,709] {logging_mixin.py:115} INFO - [2023-07-11 23:01:58,709] {dag.py:2972} INFO - Setting next_dagrun for example_branch_python_operator_decorator to 2023-07-10T00:00:00+00:00, run_after=2023-07-11T00:00:00+00:00
[2023-07-11 23:01:58,754] {processor.py:161} INFO - Processing /home/airflow/.local/lib/python3.7/site-packages/airflow/example_dags/example_branch_operator_decorator.py took 0.153 seconds
[2023-07-11 23:02:29,704] {processor.py:153} INFO - Started process (PID=2349) to work on /home/airflow/.local/lib/python3.7/site-packages/airflow/example_dags/example_branch_operator_decorator.py
[2023-07-11 23:02:29,706] {processor.py:641} INFO - Processing file /home/airflow/.local/lib/python3.7/site-packages/airflow/example_dags/example_branch_operator_decorator.py for tasks to queue
[2023-07-11 23:02:29,707] {logging_mixin.py:115} INFO - [2023-07-11 23:02:29,707] {dagbag.py:508} INFO - Filling up the DagBag from /home/airflow/.local/lib/python3.7/site-packages/airflow/example_dags/example_branch_operator_decorator.py
[2023-07-11 23:02:29,770] {processor.py:651} INFO - DAG(s) dict_keys(['example_branch_python_operator_decorator']) retrieved from /home/airflow/.local/lib/python3.7/site-packages/airflow/example_dags/example_branch_operator_decorator.py
[2023-07-11 23:02:29,832] {logging_mixin.py:115} INFO - [2023-07-11 23:02:29,831] {dag.py:2420} INFO - Sync 1 DAGs
[2023-07-11 23:02:29,911] {logging_mixin.py:115} INFO - [2023-07-11 23:02:29,910] {dag.py:2972} INFO - Setting next_dagrun for example_branch_python_operator_decorator to 2023-07-10T00:00:00+00:00, run_after=2023-07-11T00:00:00+00:00
[2023-07-11 23:02:29,946] {processor.py:161} INFO - Processing /home/airflow/.local/lib/python3.7/site-packages/airflow/example_dags/example_branch_operator_decorator.py took 0.248 seconds
[2023-07-11 23:03:00,094] {processor.py:153} INFO - Started process (PID=2401) to work on /home/airflow/.local/lib/python3.7/site-packages/airflow/example_dags/example_branch_operator_decorator.py
[2023-07-11 23:03:00,095] {processor.py:641} INFO - Processing file /home/airflow/.local/lib/python3.7/site-packages/airflow/example_dags/example_branch_operator_decorator.py for tasks to queue
[2023-07-11 23:03:00,096] {logging_mixin.py:115} INFO - [2023-07-11 23:03:00,095] {dagbag.py:508} INFO - Filling up the DagBag from /home/airflow/.local/lib/python3.7/site-packages/airflow/example_dags/example_branch_operator_decorator.py
[2023-07-11 23:03:00,132] {processor.py:651} INFO - DAG(s) dict_keys(['example_branch_python_operator_decorator']) retrieved from /home/airflow/.local/lib/python3.7/site-packages/airflow/example_dags/example_branch_operator_decorator.py
[2023-07-11 23:03:00,168] {logging_mixin.py:115} INFO - [2023-07-11 23:03:00,168] {dag.py:2420} INFO - Sync 1 DAGs
[2023-07-11 23:03:00,206] {logging_mixin.py:115} INFO - [2023-07-11 23:03:00,206] {dag.py:2972} INFO - Setting next_dagrun for example_branch_python_operator_decorator to 2023-07-10T00:00:00+00:00, run_after=2023-07-11T00:00:00+00:00
[2023-07-11 23:03:00,222] {processor.py:161} INFO - Processing /home/airflow/.local/lib/python3.7/site-packages/airflow/example_dags/example_branch_operator_decorator.py took 0.131 seconds
[2023-07-11 23:03:30,604] {processor.py:153} INFO - Started process (PID=2453) to work on /home/airflow/.local/lib/python3.7/site-packages/airflow/example_dags/example_branch_operator_decorator.py
[2023-07-11 23:03:30,604] {processor.py:641} INFO - Processing file /home/airflow/.local/lib/python3.7/site-packages/airflow/example_dags/example_branch_operator_decorator.py for tasks to queue
[2023-07-11 23:03:30,605] {logging_mixin.py:115} INFO - [2023-07-11 23:03:30,605] {dagbag.py:508} INFO - Filling up the DagBag from /home/airflow/.local/lib/python3.7/site-packages/airflow/example_dags/example_branch_operator_decorator.py
[2023-07-11 23:03:30,790] {processor.py:651} INFO - DAG(s) dict_keys(['example_branch_python_operator_decorator']) retrieved from /home/airflow/.local/lib/python3.7/site-packages/airflow/example_dags/example_branch_operator_decorator.py
[2023-07-11 23:03:31,032] {logging_mixin.py:115} INFO - [2023-07-11 23:03:31,031] {dag.py:2420} INFO - Sync 1 DAGs
[2023-07-11 23:03:31,194] {logging_mixin.py:115} INFO - [2023-07-11 23:03:31,194] {dag.py:2972} INFO - Setting next_dagrun for example_branch_python_operator_decorator to 2023-07-10T00:00:00+00:00, run_after=2023-07-11T00:00:00+00:00
[2023-07-11 23:03:31,252] {processor.py:161} INFO - Processing /home/airflow/.local/lib/python3.7/site-packages/airflow/example_dags/example_branch_operator_decorator.py took 0.670 seconds
[2023-07-11 23:04:01,430] {processor.py:153} INFO - Started process (PID=2505) to work on /home/airflow/.local/lib/python3.7/site-packages/airflow/example_dags/example_branch_operator_decorator.py
[2023-07-11 23:04:01,430] {processor.py:641} INFO - Processing file /home/airflow/.local/lib/python3.7/site-packages/airflow/example_dags/example_branch_operator_decorator.py for tasks to queue
[2023-07-11 23:04:01,433] {logging_mixin.py:115} INFO - [2023-07-11 23:04:01,432] {dagbag.py:508} INFO - Filling up the DagBag from /home/airflow/.local/lib/python3.7/site-packages/airflow/example_dags/example_branch_operator_decorator.py
[2023-07-11 23:04:01,557] {processor.py:651} INFO - DAG(s) dict_keys(['example_branch_python_operator_decorator']) retrieved from /home/airflow/.local/lib/python3.7/site-packages/airflow/example_dags/example_branch_operator_decorator.py
[2023-07-11 23:04:01,652] {logging_mixin.py:115} INFO - [2023-07-11 23:04:01,652] {dag.py:2420} INFO - Sync 1 DAGs
[2023-07-11 23:04:01,731] {logging_mixin.py:115} INFO - [2023-07-11 23:04:01,730] {dag.py:2972} INFO - Setting next_dagrun for example_branch_python_operator_decorator to 2023-07-10T00:00:00+00:00, run_after=2023-07-11T00:00:00+00:00
[2023-07-11 23:04:01,767] {processor.py:161} INFO - Processing /home/airflow/.local/lib/python3.7/site-packages/airflow/example_dags/example_branch_operator_decorator.py took 0.343 seconds
[2023-07-11 23:04:32,525] {processor.py:153} INFO - Started process (PID=2563) to work on /home/airflow/.local/lib/python3.7/site-packages/airflow/example_dags/example_branch_operator_decorator.py
[2023-07-11 23:04:32,529] {processor.py:641} INFO - Processing file /home/airflow/.local/lib/python3.7/site-packages/airflow/example_dags/example_branch_operator_decorator.py for tasks to queue
[2023-07-11 23:04:32,531] {logging_mixin.py:115} INFO - [2023-07-11 23:04:32,530] {dagbag.py:508} INFO - Filling up the DagBag from /home/airflow/.local/lib/python3.7/site-packages/airflow/example_dags/example_branch_operator_decorator.py
[2023-07-11 23:04:32,626] {processor.py:651} INFO - DAG(s) dict_keys(['example_branch_python_operator_decorator']) retrieved from /home/airflow/.local/lib/python3.7/site-packages/airflow/example_dags/example_branch_operator_decorator.py
[2023-07-11 23:04:32,748] {logging_mixin.py:115} INFO - [2023-07-11 23:04:32,748] {dag.py:2420} INFO - Sync 1 DAGs
[2023-07-11 23:04:32,841] {logging_mixin.py:115} INFO - [2023-07-11 23:04:32,841] {dag.py:2972} INFO - Setting next_dagrun for example_branch_python_operator_decorator to 2023-07-10T00:00:00+00:00, run_after=2023-07-11T00:00:00+00:00
[2023-07-11 23:04:32,883] {processor.py:161} INFO - Processing /home/airflow/.local/lib/python3.7/site-packages/airflow/example_dags/example_branch_operator_decorator.py took 0.375 seconds
[2023-07-11 23:05:03,105] {processor.py:153} INFO - Started process (PID=2617) to work on /home/airflow/.local/lib/python3.7/site-packages/airflow/example_dags/example_branch_operator_decorator.py
[2023-07-11 23:05:03,107] {processor.py:641} INFO - Processing file /home/airflow/.local/lib/python3.7/site-packages/airflow/example_dags/example_branch_operator_decorator.py for tasks to queue
[2023-07-11 23:05:03,108] {logging_mixin.py:115} INFO - [2023-07-11 23:05:03,107] {dagbag.py:508} INFO - Filling up the DagBag from /home/airflow/.local/lib/python3.7/site-packages/airflow/example_dags/example_branch_operator_decorator.py
[2023-07-11 23:05:03,147] {processor.py:651} INFO - DAG(s) dict_keys(['example_branch_python_operator_decorator']) retrieved from /home/airflow/.local/lib/python3.7/site-packages/airflow/example_dags/example_branch_operator_decorator.py
[2023-07-11 23:05:03,200] {logging_mixin.py:115} INFO - [2023-07-11 23:05:03,199] {dag.py:2420} INFO - Sync 1 DAGs
[2023-07-11 23:05:03,300] {logging_mixin.py:115} INFO - [2023-07-11 23:05:03,299] {dag.py:2972} INFO - Setting next_dagrun for example_branch_python_operator_decorator to 2023-07-10T00:00:00+00:00, run_after=2023-07-11T00:00:00+00:00
[2023-07-11 23:05:03,373] {processor.py:161} INFO - Processing /home/airflow/.local/lib/python3.7/site-packages/airflow/example_dags/example_branch_operator_decorator.py took 0.279 seconds
[2023-07-11 23:05:33,973] {processor.py:153} INFO - Started process (PID=2669) to work on /home/airflow/.local/lib/python3.7/site-packages/airflow/example_dags/example_branch_operator_decorator.py
[2023-07-11 23:05:33,977] {processor.py:641} INFO - Processing file /home/airflow/.local/lib/python3.7/site-packages/airflow/example_dags/example_branch_operator_decorator.py for tasks to queue
[2023-07-11 23:05:33,980] {logging_mixin.py:115} INFO - [2023-07-11 23:05:33,979] {dagbag.py:508} INFO - Filling up the DagBag from /home/airflow/.local/lib/python3.7/site-packages/airflow/example_dags/example_branch_operator_decorator.py
[2023-07-11 23:05:34,020] {processor.py:651} INFO - DAG(s) dict_keys(['example_branch_python_operator_decorator']) retrieved from /home/airflow/.local/lib/python3.7/site-packages/airflow/example_dags/example_branch_operator_decorator.py
[2023-07-11 23:05:34,063] {logging_mixin.py:115} INFO - [2023-07-11 23:05:34,063] {dag.py:2420} INFO - Sync 1 DAGs
[2023-07-11 23:05:34,114] {logging_mixin.py:115} INFO - [2023-07-11 23:05:34,114] {dag.py:2972} INFO - Setting next_dagrun for example_branch_python_operator_decorator to 2023-07-10T00:00:00+00:00, run_after=2023-07-11T00:00:00+00:00
[2023-07-11 23:05:34,133] {processor.py:161} INFO - Processing /home/airflow/.local/lib/python3.7/site-packages/airflow/example_dags/example_branch_operator_decorator.py took 0.166 seconds
[2023-07-11 23:06:04,346] {processor.py:153} INFO - Started process (PID=2721) to work on /home/airflow/.local/lib/python3.7/site-packages/airflow/example_dags/example_branch_operator_decorator.py
[2023-07-11 23:06:04,347] {processor.py:641} INFO - Processing file /home/airflow/.local/lib/python3.7/site-packages/airflow/example_dags/example_branch_operator_decorator.py for tasks to queue
[2023-07-11 23:06:04,347] {logging_mixin.py:115} INFO - [2023-07-11 23:06:04,347] {dagbag.py:508} INFO - Filling up the DagBag from /home/airflow/.local/lib/python3.7/site-packages/airflow/example_dags/example_branch_operator_decorator.py
[2023-07-11 23:06:04,383] {processor.py:651} INFO - DAG(s) dict_keys(['example_branch_python_operator_decorator']) retrieved from /home/airflow/.local/lib/python3.7/site-packages/airflow/example_dags/example_branch_operator_decorator.py
[2023-07-11 23:06:04,432] {logging_mixin.py:115} INFO - [2023-07-11 23:06:04,432] {dag.py:2420} INFO - Sync 1 DAGs
[2023-07-11 23:06:04,485] {logging_mixin.py:115} INFO - [2023-07-11 23:06:04,485] {dag.py:2972} INFO - Setting next_dagrun for example_branch_python_operator_decorator to 2023-07-10T00:00:00+00:00, run_after=2023-07-11T00:00:00+00:00
[2023-07-11 23:06:04,523] {processor.py:161} INFO - Processing /home/airflow/.local/lib/python3.7/site-packages/airflow/example_dags/example_branch_operator_decorator.py took 0.183 seconds
[2023-07-11 23:06:34,738] {processor.py:153} INFO - Started process (PID=2772) to work on /home/airflow/.local/lib/python3.7/site-packages/airflow/example_dags/example_branch_operator_decorator.py
[2023-07-11 23:06:34,739] {processor.py:641} INFO - Processing file /home/airflow/.local/lib/python3.7/site-packages/airflow/example_dags/example_branch_operator_decorator.py for tasks to queue
[2023-07-11 23:06:34,740] {logging_mixin.py:115} INFO - [2023-07-11 23:06:34,740] {dagbag.py:508} INFO - Filling up the DagBag from /home/airflow/.local/lib/python3.7/site-packages/airflow/example_dags/example_branch_operator_decorator.py
[2023-07-11 23:06:34,773] {processor.py:651} INFO - DAG(s) dict_keys(['example_branch_python_operator_decorator']) retrieved from /home/airflow/.local/lib/python3.7/site-packages/airflow/example_dags/example_branch_operator_decorator.py
[2023-07-11 23:06:34,813] {logging_mixin.py:115} INFO - [2023-07-11 23:06:34,813] {dag.py:2420} INFO - Sync 1 DAGs
[2023-07-11 23:06:34,861] {logging_mixin.py:115} INFO - [2023-07-11 23:06:34,861] {dag.py:2972} INFO - Setting next_dagrun for example_branch_python_operator_decorator to 2023-07-10T00:00:00+00:00, run_after=2023-07-11T00:00:00+00:00
[2023-07-11 23:06:34,885] {processor.py:161} INFO - Processing /home/airflow/.local/lib/python3.7/site-packages/airflow/example_dags/example_branch_operator_decorator.py took 0.153 seconds
[2023-07-11 23:07:05,108] {processor.py:153} INFO - Started process (PID=2824) to work on /home/airflow/.local/lib/python3.7/site-packages/airflow/example_dags/example_branch_operator_decorator.py
[2023-07-11 23:07:05,109] {processor.py:641} INFO - Processing file /home/airflow/.local/lib/python3.7/site-packages/airflow/example_dags/example_branch_operator_decorator.py for tasks to queue
[2023-07-11 23:07:05,110] {logging_mixin.py:115} INFO - [2023-07-11 23:07:05,110] {dagbag.py:508} INFO - Filling up the DagBag from /home/airflow/.local/lib/python3.7/site-packages/airflow/example_dags/example_branch_operator_decorator.py
[2023-07-11 23:07:05,154] {processor.py:651} INFO - DAG(s) dict_keys(['example_branch_python_operator_decorator']) retrieved from /home/airflow/.local/lib/python3.7/site-packages/airflow/example_dags/example_branch_operator_decorator.py
[2023-07-11 23:07:05,225] {logging_mixin.py:115} INFO - [2023-07-11 23:07:05,225] {dag.py:2420} INFO - Sync 1 DAGs
[2023-07-11 23:07:05,294] {logging_mixin.py:115} INFO - [2023-07-11 23:07:05,294] {dag.py:2972} INFO - Setting next_dagrun for example_branch_python_operator_decorator to 2023-07-10T00:00:00+00:00, run_after=2023-07-11T00:00:00+00:00
[2023-07-11 23:07:05,324] {processor.py:161} INFO - Processing /home/airflow/.local/lib/python3.7/site-packages/airflow/example_dags/example_branch_operator_decorator.py took 0.224 seconds
[2023-07-11 23:07:35,872] {processor.py:153} INFO - Started process (PID=2875) to work on /home/airflow/.local/lib/python3.7/site-packages/airflow/example_dags/example_branch_operator_decorator.py
[2023-07-11 23:07:35,873] {processor.py:641} INFO - Processing file /home/airflow/.local/lib/python3.7/site-packages/airflow/example_dags/example_branch_operator_decorator.py for tasks to queue
[2023-07-11 23:07:35,874] {logging_mixin.py:115} INFO - [2023-07-11 23:07:35,874] {dagbag.py:508} INFO - Filling up the DagBag from /home/airflow/.local/lib/python3.7/site-packages/airflow/example_dags/example_branch_operator_decorator.py
[2023-07-11 23:07:35,932] {processor.py:651} INFO - DAG(s) dict_keys(['example_branch_python_operator_decorator']) retrieved from /home/airflow/.local/lib/python3.7/site-packages/airflow/example_dags/example_branch_operator_decorator.py
[2023-07-11 23:07:36,033] {logging_mixin.py:115} INFO - [2023-07-11 23:07:36,033] {dag.py:2420} INFO - Sync 1 DAGs
[2023-07-11 23:07:36,144] {logging_mixin.py:115} INFO - [2023-07-11 23:07:36,144] {dag.py:2972} INFO - Setting next_dagrun for example_branch_python_operator_decorator to 2023-07-10T00:00:00+00:00, run_after=2023-07-11T00:00:00+00:00
[2023-07-11 23:07:36,184] {processor.py:161} INFO - Processing /home/airflow/.local/lib/python3.7/site-packages/airflow/example_dags/example_branch_operator_decorator.py took 0.318 seconds
[2023-07-11 23:08:06,362] {processor.py:153} INFO - Started process (PID=2926) to work on /home/airflow/.local/lib/python3.7/site-packages/airflow/example_dags/example_branch_operator_decorator.py
[2023-07-11 23:08:06,365] {processor.py:641} INFO - Processing file /home/airflow/.local/lib/python3.7/site-packages/airflow/example_dags/example_branch_operator_decorator.py for tasks to queue
[2023-07-11 23:08:06,368] {logging_mixin.py:115} INFO - [2023-07-11 23:08:06,367] {dagbag.py:508} INFO - Filling up the DagBag from /home/airflow/.local/lib/python3.7/site-packages/airflow/example_dags/example_branch_operator_decorator.py
[2023-07-11 23:08:06,440] {processor.py:651} INFO - DAG(s) dict_keys(['example_branch_python_operator_decorator']) retrieved from /home/airflow/.local/lib/python3.7/site-packages/airflow/example_dags/example_branch_operator_decorator.py
[2023-07-11 23:08:06,613] {logging_mixin.py:115} INFO - [2023-07-11 23:08:06,613] {dag.py:2420} INFO - Sync 1 DAGs
[2023-07-11 23:08:06,763] {logging_mixin.py:115} INFO - [2023-07-11 23:08:06,763] {dag.py:2972} INFO - Setting next_dagrun for example_branch_python_operator_decorator to 2023-07-10T00:00:00+00:00, run_after=2023-07-11T00:00:00+00:00
[2023-07-11 23:08:06,845] {processor.py:161} INFO - Processing /home/airflow/.local/lib/python3.7/site-packages/airflow/example_dags/example_branch_operator_decorator.py took 0.501 seconds
[2023-07-11 23:08:37,808] {processor.py:153} INFO - Started process (PID=2987) to work on /home/airflow/.local/lib/python3.7/site-packages/airflow/example_dags/example_branch_operator_decorator.py
[2023-07-11 23:08:37,811] {processor.py:641} INFO - Processing file /home/airflow/.local/lib/python3.7/site-packages/airflow/example_dags/example_branch_operator_decorator.py for tasks to queue
[2023-07-11 23:08:37,813] {logging_mixin.py:115} INFO - [2023-07-11 23:08:37,812] {dagbag.py:508} INFO - Filling up the DagBag from /home/airflow/.local/lib/python3.7/site-packages/airflow/example_dags/example_branch_operator_decorator.py
[2023-07-11 23:08:37,861] {processor.py:651} INFO - DAG(s) dict_keys(['example_branch_python_operator_decorator']) retrieved from /home/airflow/.local/lib/python3.7/site-packages/airflow/example_dags/example_branch_operator_decorator.py
[2023-07-11 23:08:37,935] {logging_mixin.py:115} INFO - [2023-07-11 23:08:37,935] {dag.py:2420} INFO - Sync 1 DAGs
[2023-07-11 23:08:38,011] {logging_mixin.py:115} INFO - [2023-07-11 23:08:38,011] {dag.py:2972} INFO - Setting next_dagrun for example_branch_python_operator_decorator to 2023-07-10T00:00:00+00:00, run_after=2023-07-11T00:00:00+00:00
[2023-07-11 23:08:38,056] {processor.py:161} INFO - Processing /home/airflow/.local/lib/python3.7/site-packages/airflow/example_dags/example_branch_operator_decorator.py took 0.253 seconds
[2023-07-11 23:09:08,191] {processor.py:153} INFO - Started process (PID=3040) to work on /home/airflow/.local/lib/python3.7/site-packages/airflow/example_dags/example_branch_operator_decorator.py
[2023-07-11 23:09:08,191] {processor.py:641} INFO - Processing file /home/airflow/.local/lib/python3.7/site-packages/airflow/example_dags/example_branch_operator_decorator.py for tasks to queue
[2023-07-11 23:09:08,192] {logging_mixin.py:115} INFO - [2023-07-11 23:09:08,192] {dagbag.py:508} INFO - Filling up the DagBag from /home/airflow/.local/lib/python3.7/site-packages/airflow/example_dags/example_branch_operator_decorator.py
[2023-07-11 23:09:08,218] {processor.py:651} INFO - DAG(s) dict_keys(['example_branch_python_operator_decorator']) retrieved from /home/airflow/.local/lib/python3.7/site-packages/airflow/example_dags/example_branch_operator_decorator.py
[2023-07-11 23:09:08,248] {logging_mixin.py:115} INFO - [2023-07-11 23:09:08,248] {dag.py:2420} INFO - Sync 1 DAGs
[2023-07-11 23:09:08,277] {logging_mixin.py:115} INFO - [2023-07-11 23:09:08,277] {dag.py:2972} INFO - Setting next_dagrun for example_branch_python_operator_decorator to 2023-07-10T00:00:00+00:00, run_after=2023-07-11T00:00:00+00:00
[2023-07-11 23:09:08,305] {processor.py:161} INFO - Processing /home/airflow/.local/lib/python3.7/site-packages/airflow/example_dags/example_branch_operator_decorator.py took 0.118 seconds
[2023-07-11 23:09:38,409] {processor.py:153} INFO - Started process (PID=3092) to work on /home/airflow/.local/lib/python3.7/site-packages/airflow/example_dags/example_branch_operator_decorator.py
[2023-07-11 23:09:38,413] {processor.py:641} INFO - Processing file /home/airflow/.local/lib/python3.7/site-packages/airflow/example_dags/example_branch_operator_decorator.py for tasks to queue
[2023-07-11 23:09:38,438] {logging_mixin.py:115} INFO - [2023-07-11 23:09:38,438] {dagbag.py:508} INFO - Filling up the DagBag from /home/airflow/.local/lib/python3.7/site-packages/airflow/example_dags/example_branch_operator_decorator.py
[2023-07-11 23:09:38,504] {processor.py:651} INFO - DAG(s) dict_keys(['example_branch_python_operator_decorator']) retrieved from /home/airflow/.local/lib/python3.7/site-packages/airflow/example_dags/example_branch_operator_decorator.py
[2023-07-11 23:09:38,579] {logging_mixin.py:115} INFO - [2023-07-11 23:09:38,579] {dag.py:2420} INFO - Sync 1 DAGs
[2023-07-11 23:09:38,667] {logging_mixin.py:115} INFO - [2023-07-11 23:09:38,667] {dag.py:2972} INFO - Setting next_dagrun for example_branch_python_operator_decorator to 2023-07-10T00:00:00+00:00, run_after=2023-07-11T00:00:00+00:00
[2023-07-11 23:09:38,691] {processor.py:161} INFO - Processing /home/airflow/.local/lib/python3.7/site-packages/airflow/example_dags/example_branch_operator_decorator.py took 0.314 seconds
[2023-07-11 23:10:09,154] {processor.py:153} INFO - Started process (PID=3142) to work on /home/airflow/.local/lib/python3.7/site-packages/airflow/example_dags/example_branch_operator_decorator.py
[2023-07-11 23:10:09,154] {processor.py:641} INFO - Processing file /home/airflow/.local/lib/python3.7/site-packages/airflow/example_dags/example_branch_operator_decorator.py for tasks to queue
[2023-07-11 23:10:09,158] {logging_mixin.py:115} INFO - [2023-07-11 23:10:09,156] {dagbag.py:508} INFO - Filling up the DagBag from /home/airflow/.local/lib/python3.7/site-packages/airflow/example_dags/example_branch_operator_decorator.py
[2023-07-11 23:10:09,282] {processor.py:651} INFO - DAG(s) dict_keys(['example_branch_python_operator_decorator']) retrieved from /home/airflow/.local/lib/python3.7/site-packages/airflow/example_dags/example_branch_operator_decorator.py
[2023-07-11 23:10:09,393] {logging_mixin.py:115} INFO - [2023-07-11 23:10:09,393] {dag.py:2420} INFO - Sync 1 DAGs
[2023-07-11 23:10:09,450] {logging_mixin.py:115} INFO - [2023-07-11 23:10:09,450] {dag.py:2972} INFO - Setting next_dagrun for example_branch_python_operator_decorator to 2023-07-10T00:00:00+00:00, run_after=2023-07-11T00:00:00+00:00
[2023-07-11 23:10:09,469] {processor.py:161} INFO - Processing /home/airflow/.local/lib/python3.7/site-packages/airflow/example_dags/example_branch_operator_decorator.py took 0.323 seconds
[2023-07-11 23:10:39,965] {processor.py:153} INFO - Started process (PID=3202) to work on /home/airflow/.local/lib/python3.7/site-packages/airflow/example_dags/example_branch_operator_decorator.py
[2023-07-11 23:10:39,975] {processor.py:641} INFO - Processing file /home/airflow/.local/lib/python3.7/site-packages/airflow/example_dags/example_branch_operator_decorator.py for tasks to queue
[2023-07-11 23:10:39,976] {logging_mixin.py:115} INFO - [2023-07-11 23:10:39,976] {dagbag.py:508} INFO - Filling up the DagBag from /home/airflow/.local/lib/python3.7/site-packages/airflow/example_dags/example_branch_operator_decorator.py
[2023-07-11 23:10:40,077] {processor.py:651} INFO - DAG(s) dict_keys(['example_branch_python_operator_decorator']) retrieved from /home/airflow/.local/lib/python3.7/site-packages/airflow/example_dags/example_branch_operator_decorator.py
[2023-07-11 23:10:40,313] {logging_mixin.py:115} INFO - [2023-07-11 23:10:40,312] {dag.py:2420} INFO - Sync 1 DAGs
[2023-07-11 23:10:40,389] {logging_mixin.py:115} INFO - [2023-07-11 23:10:40,388] {dag.py:2972} INFO - Setting next_dagrun for example_branch_python_operator_decorator to 2023-07-10T00:00:00+00:00, run_after=2023-07-11T00:00:00+00:00
[2023-07-11 23:10:40,440] {processor.py:161} INFO - Processing /home/airflow/.local/lib/python3.7/site-packages/airflow/example_dags/example_branch_operator_decorator.py took 0.488 seconds
[2023-07-11 23:11:10,891] {processor.py:153} INFO - Started process (PID=3255) to work on /home/airflow/.local/lib/python3.7/site-packages/airflow/example_dags/example_branch_operator_decorator.py
[2023-07-11 23:11:10,892] {processor.py:641} INFO - Processing file /home/airflow/.local/lib/python3.7/site-packages/airflow/example_dags/example_branch_operator_decorator.py for tasks to queue
[2023-07-11 23:11:10,894] {logging_mixin.py:115} INFO - [2023-07-11 23:11:10,893] {dagbag.py:508} INFO - Filling up the DagBag from /home/airflow/.local/lib/python3.7/site-packages/airflow/example_dags/example_branch_operator_decorator.py
[2023-07-11 23:11:10,997] {processor.py:651} INFO - DAG(s) dict_keys(['example_branch_python_operator_decorator']) retrieved from /home/airflow/.local/lib/python3.7/site-packages/airflow/example_dags/example_branch_operator_decorator.py
[2023-07-11 23:11:11,181] {logging_mixin.py:115} INFO - [2023-07-11 23:11:11,181] {dag.py:2420} INFO - Sync 1 DAGs
[2023-07-11 23:11:11,322] {logging_mixin.py:115} INFO - [2023-07-11 23:11:11,321] {dag.py:2972} INFO - Setting next_dagrun for example_branch_python_operator_decorator to 2023-07-10T00:00:00+00:00, run_after=2023-07-11T00:00:00+00:00
[2023-07-11 23:11:11,417] {processor.py:161} INFO - Processing /home/airflow/.local/lib/python3.7/site-packages/airflow/example_dags/example_branch_operator_decorator.py took 0.535 seconds
[2023-07-11 23:11:42,298] {processor.py:153} INFO - Started process (PID=3307) to work on /home/airflow/.local/lib/python3.7/site-packages/airflow/example_dags/example_branch_operator_decorator.py
[2023-07-11 23:11:42,300] {processor.py:641} INFO - Processing file /home/airflow/.local/lib/python3.7/site-packages/airflow/example_dags/example_branch_operator_decorator.py for tasks to queue
[2023-07-11 23:11:42,301] {logging_mixin.py:115} INFO - [2023-07-11 23:11:42,301] {dagbag.py:508} INFO - Filling up the DagBag from /home/airflow/.local/lib/python3.7/site-packages/airflow/example_dags/example_branch_operator_decorator.py
[2023-07-11 23:11:42,343] {processor.py:651} INFO - DAG(s) dict_keys(['example_branch_python_operator_decorator']) retrieved from /home/airflow/.local/lib/python3.7/site-packages/airflow/example_dags/example_branch_operator_decorator.py
[2023-07-11 23:11:42,393] {logging_mixin.py:115} INFO - [2023-07-11 23:11:42,393] {dag.py:2420} INFO - Sync 1 DAGs
[2023-07-11 23:11:42,449] {logging_mixin.py:115} INFO - [2023-07-11 23:11:42,449] {dag.py:2972} INFO - Setting next_dagrun for example_branch_python_operator_decorator to 2023-07-10T00:00:00+00:00, run_after=2023-07-11T00:00:00+00:00
[2023-07-11 23:11:42,481] {processor.py:161} INFO - Processing /home/airflow/.local/lib/python3.7/site-packages/airflow/example_dags/example_branch_operator_decorator.py took 0.195 seconds
[2023-07-11 23:12:12,707] {processor.py:153} INFO - Started process (PID=3358) to work on /home/airflow/.local/lib/python3.7/site-packages/airflow/example_dags/example_branch_operator_decorator.py
[2023-07-11 23:12:12,708] {processor.py:641} INFO - Processing file /home/airflow/.local/lib/python3.7/site-packages/airflow/example_dags/example_branch_operator_decorator.py for tasks to queue
[2023-07-11 23:12:12,709] {logging_mixin.py:115} INFO - [2023-07-11 23:12:12,709] {dagbag.py:508} INFO - Filling up the DagBag from /home/airflow/.local/lib/python3.7/site-packages/airflow/example_dags/example_branch_operator_decorator.py
[2023-07-11 23:12:12,753] {processor.py:651} INFO - DAG(s) dict_keys(['example_branch_python_operator_decorator']) retrieved from /home/airflow/.local/lib/python3.7/site-packages/airflow/example_dags/example_branch_operator_decorator.py
[2023-07-11 23:12:12,883] {logging_mixin.py:115} INFO - [2023-07-11 23:12:12,883] {dag.py:2420} INFO - Sync 1 DAGs
[2023-07-11 23:12:13,056] {logging_mixin.py:115} INFO - [2023-07-11 23:12:13,056] {dag.py:2972} INFO - Setting next_dagrun for example_branch_python_operator_decorator to 2023-07-10T00:00:00+00:00, run_after=2023-07-11T00:00:00+00:00
[2023-07-11 23:12:13,117] {processor.py:161} INFO - Processing /home/airflow/.local/lib/python3.7/site-packages/airflow/example_dags/example_branch_operator_decorator.py took 0.422 seconds
[2023-07-11 23:12:43,435] {processor.py:153} INFO - Started process (PID=3410) to work on /home/airflow/.local/lib/python3.7/site-packages/airflow/example_dags/example_branch_operator_decorator.py
[2023-07-11 23:12:43,438] {processor.py:641} INFO - Processing file /home/airflow/.local/lib/python3.7/site-packages/airflow/example_dags/example_branch_operator_decorator.py for tasks to queue
[2023-07-11 23:12:43,439] {logging_mixin.py:115} INFO - [2023-07-11 23:12:43,439] {dagbag.py:508} INFO - Filling up the DagBag from /home/airflow/.local/lib/python3.7/site-packages/airflow/example_dags/example_branch_operator_decorator.py
[2023-07-11 23:12:43,586] {processor.py:651} INFO - DAG(s) dict_keys(['example_branch_python_operator_decorator']) retrieved from /home/airflow/.local/lib/python3.7/site-packages/airflow/example_dags/example_branch_operator_decorator.py
[2023-07-11 23:12:43,732] {logging_mixin.py:115} INFO - [2023-07-11 23:12:43,731] {dag.py:2420} INFO - Sync 1 DAGs
[2023-07-11 23:12:43,821] {logging_mixin.py:115} INFO - [2023-07-11 23:12:43,821] {dag.py:2972} INFO - Setting next_dagrun for example_branch_python_operator_decorator to 2023-07-10T00:00:00+00:00, run_after=2023-07-11T00:00:00+00:00
[2023-07-11 23:12:43,913] {processor.py:161} INFO - Processing /home/airflow/.local/lib/python3.7/site-packages/airflow/example_dags/example_branch_operator_decorator.py took 0.500 seconds
[2023-07-11 23:13:14,156] {processor.py:153} INFO - Started process (PID=3471) to work on /home/airflow/.local/lib/python3.7/site-packages/airflow/example_dags/example_branch_operator_decorator.py
[2023-07-11 23:13:14,166] {processor.py:641} INFO - Processing file /home/airflow/.local/lib/python3.7/site-packages/airflow/example_dags/example_branch_operator_decorator.py for tasks to queue
[2023-07-11 23:13:14,171] {logging_mixin.py:115} INFO - [2023-07-11 23:13:14,171] {dagbag.py:508} INFO - Filling up the DagBag from /home/airflow/.local/lib/python3.7/site-packages/airflow/example_dags/example_branch_operator_decorator.py
[2023-07-11 23:13:14,254] {processor.py:651} INFO - DAG(s) dict_keys(['example_branch_python_operator_decorator']) retrieved from /home/airflow/.local/lib/python3.7/site-packages/airflow/example_dags/example_branch_operator_decorator.py
[2023-07-11 23:13:14,387] {logging_mixin.py:115} INFO - [2023-07-11 23:13:14,387] {dag.py:2420} INFO - Sync 1 DAGs
[2023-07-11 23:13:14,504] {logging_mixin.py:115} INFO - [2023-07-11 23:13:14,504] {dag.py:2972} INFO - Setting next_dagrun for example_branch_python_operator_decorator to 2023-07-10T00:00:00+00:00, run_after=2023-07-11T00:00:00+00:00
[2023-07-11 23:13:14,563] {processor.py:161} INFO - Processing /home/airflow/.local/lib/python3.7/site-packages/airflow/example_dags/example_branch_operator_decorator.py took 0.424 seconds
