[2023-07-11 00:42:53,647] {processor.py:153} INFO - Started process (PID=46) to work on /home/airflow/.local/lib/python3.7/site-packages/airflow/example_dags/example_complex.py
[2023-07-11 00:42:53,648] {processor.py:641} INFO - Processing file /home/airflow/.local/lib/python3.7/site-packages/airflow/example_dags/example_complex.py for tasks to queue
[2023-07-11 00:42:53,660] {logging_mixin.py:115} INFO - [2023-07-11 00:42:53,660] {dagbag.py:508} INFO - Filling up the DagBag from /home/airflow/.local/lib/python3.7/site-packages/airflow/example_dags/example_complex.py
[2023-07-11 00:42:53,714] {processor.py:651} INFO - DAG(s) dict_keys(['example_complex']) retrieved from /home/airflow/.local/lib/python3.7/site-packages/airflow/example_dags/example_complex.py
[2023-07-11 00:42:53,992] {logging_mixin.py:115} INFO - [2023-07-11 00:42:53,992] {manager.py:508} INFO - Created Permission View: can delete on DAG:example_complex
[2023-07-11 00:42:54,032] {logging_mixin.py:115} INFO - [2023-07-11 00:42:54,032] {manager.py:508} INFO - Created Permission View: can read on DAG:example_complex
[2023-07-11 00:42:54,060] {logging_mixin.py:115} INFO - [2023-07-11 00:42:54,060] {manager.py:508} INFO - Created Permission View: can edit on DAG:example_complex
[2023-07-11 00:42:54,060] {logging_mixin.py:115} INFO - [2023-07-11 00:42:54,060] {dag.py:2420} INFO - Sync 1 DAGs
[2023-07-11 00:42:54,110] {logging_mixin.py:115} INFO - [2023-07-11 00:42:54,110] {dag.py:2439} INFO - Creating ORM DAG for example_complex
[2023-07-11 00:42:54,159] {logging_mixin.py:115} INFO - [2023-07-11 00:42:54,159] {dag.py:2972} INFO - Setting next_dagrun for example_complex to None, run_after=None
[2023-07-11 00:42:54,276] {processor.py:161} INFO - Processing /home/airflow/.local/lib/python3.7/site-packages/airflow/example_dags/example_complex.py took 0.634 seconds
[2023-07-11 00:43:24,627] {processor.py:153} INFO - Started process (PID=105) to work on /home/airflow/.local/lib/python3.7/site-packages/airflow/example_dags/example_complex.py
[2023-07-11 00:43:24,629] {processor.py:641} INFO - Processing file /home/airflow/.local/lib/python3.7/site-packages/airflow/example_dags/example_complex.py for tasks to queue
[2023-07-11 00:43:24,630] {logging_mixin.py:115} INFO - [2023-07-11 00:43:24,630] {dagbag.py:508} INFO - Filling up the DagBag from /home/airflow/.local/lib/python3.7/site-packages/airflow/example_dags/example_complex.py
[2023-07-11 00:43:24,660] {processor.py:651} INFO - DAG(s) dict_keys(['example_complex']) retrieved from /home/airflow/.local/lib/python3.7/site-packages/airflow/example_dags/example_complex.py
[2023-07-11 00:43:24,719] {logging_mixin.py:115} INFO - [2023-07-11 00:43:24,719] {dag.py:2420} INFO - Sync 1 DAGs
[2023-07-11 00:43:24,761] {logging_mixin.py:115} INFO - [2023-07-11 00:43:24,761] {dag.py:2972} INFO - Setting next_dagrun for example_complex to None, run_after=None
[2023-07-11 00:43:24,782] {processor.py:161} INFO - Processing /home/airflow/.local/lib/python3.7/site-packages/airflow/example_dags/example_complex.py took 0.159 seconds
[2023-07-11 00:43:55,064] {processor.py:153} INFO - Started process (PID=158) to work on /home/airflow/.local/lib/python3.7/site-packages/airflow/example_dags/example_complex.py
[2023-07-11 00:43:55,064] {processor.py:641} INFO - Processing file /home/airflow/.local/lib/python3.7/site-packages/airflow/example_dags/example_complex.py for tasks to queue
[2023-07-11 00:43:55,065] {logging_mixin.py:115} INFO - [2023-07-11 00:43:55,065] {dagbag.py:508} INFO - Filling up the DagBag from /home/airflow/.local/lib/python3.7/site-packages/airflow/example_dags/example_complex.py
[2023-07-11 00:43:55,081] {processor.py:651} INFO - DAG(s) dict_keys(['example_complex']) retrieved from /home/airflow/.local/lib/python3.7/site-packages/airflow/example_dags/example_complex.py
[2023-07-11 00:43:55,113] {logging_mixin.py:115} INFO - [2023-07-11 00:43:55,113] {dag.py:2420} INFO - Sync 1 DAGs
[2023-07-11 00:43:55,137] {logging_mixin.py:115} INFO - [2023-07-11 00:43:55,137] {dag.py:2972} INFO - Setting next_dagrun for example_complex to None, run_after=None
[2023-07-11 00:43:55,151] {processor.py:161} INFO - Processing /home/airflow/.local/lib/python3.7/site-packages/airflow/example_dags/example_complex.py took 0.092 seconds
[2023-07-11 00:44:25,744] {processor.py:153} INFO - Started process (PID=209) to work on /home/airflow/.local/lib/python3.7/site-packages/airflow/example_dags/example_complex.py
[2023-07-11 00:44:25,745] {processor.py:641} INFO - Processing file /home/airflow/.local/lib/python3.7/site-packages/airflow/example_dags/example_complex.py for tasks to queue
[2023-07-11 00:44:25,746] {logging_mixin.py:115} INFO - [2023-07-11 00:44:25,745] {dagbag.py:508} INFO - Filling up the DagBag from /home/airflow/.local/lib/python3.7/site-packages/airflow/example_dags/example_complex.py
[2023-07-11 00:44:25,766] {processor.py:651} INFO - DAG(s) dict_keys(['example_complex']) retrieved from /home/airflow/.local/lib/python3.7/site-packages/airflow/example_dags/example_complex.py
[2023-07-11 00:44:25,801] {logging_mixin.py:115} INFO - [2023-07-11 00:44:25,801] {dag.py:2420} INFO - Sync 1 DAGs
[2023-07-11 00:44:25,826] {logging_mixin.py:115} INFO - [2023-07-11 00:44:25,826] {dag.py:2972} INFO - Setting next_dagrun for example_complex to None, run_after=None
[2023-07-11 00:44:25,841] {processor.py:161} INFO - Processing /home/airflow/.local/lib/python3.7/site-packages/airflow/example_dags/example_complex.py took 0.101 seconds
[2023-07-11 00:44:56,653] {processor.py:153} INFO - Started process (PID=270) to work on /home/airflow/.local/lib/python3.7/site-packages/airflow/example_dags/example_complex.py
[2023-07-11 00:44:56,654] {processor.py:641} INFO - Processing file /home/airflow/.local/lib/python3.7/site-packages/airflow/example_dags/example_complex.py for tasks to queue
[2023-07-11 00:44:56,655] {logging_mixin.py:115} INFO - [2023-07-11 00:44:56,655] {dagbag.py:508} INFO - Filling up the DagBag from /home/airflow/.local/lib/python3.7/site-packages/airflow/example_dags/example_complex.py
[2023-07-11 00:44:56,669] {processor.py:651} INFO - DAG(s) dict_keys(['example_complex']) retrieved from /home/airflow/.local/lib/python3.7/site-packages/airflow/example_dags/example_complex.py
[2023-07-11 00:44:56,703] {logging_mixin.py:115} INFO - [2023-07-11 00:44:56,703] {dag.py:2420} INFO - Sync 1 DAGs
[2023-07-11 00:44:56,727] {logging_mixin.py:115} INFO - [2023-07-11 00:44:56,727] {dag.py:2972} INFO - Setting next_dagrun for example_complex to None, run_after=None
[2023-07-11 00:44:56,741] {processor.py:161} INFO - Processing /home/airflow/.local/lib/python3.7/site-packages/airflow/example_dags/example_complex.py took 0.092 seconds
[2023-07-11 00:45:27,301] {processor.py:153} INFO - Started process (PID=329) to work on /home/airflow/.local/lib/python3.7/site-packages/airflow/example_dags/example_complex.py
[2023-07-11 00:45:27,302] {processor.py:641} INFO - Processing file /home/airflow/.local/lib/python3.7/site-packages/airflow/example_dags/example_complex.py for tasks to queue
[2023-07-11 00:45:27,303] {logging_mixin.py:115} INFO - [2023-07-11 00:45:27,302] {dagbag.py:508} INFO - Filling up the DagBag from /home/airflow/.local/lib/python3.7/site-packages/airflow/example_dags/example_complex.py
[2023-07-11 00:45:27,327] {processor.py:651} INFO - DAG(s) dict_keys(['example_complex']) retrieved from /home/airflow/.local/lib/python3.7/site-packages/airflow/example_dags/example_complex.py
[2023-07-11 00:45:27,380] {logging_mixin.py:115} INFO - [2023-07-11 00:45:27,379] {dag.py:2420} INFO - Sync 1 DAGs
[2023-07-11 00:45:27,422] {logging_mixin.py:115} INFO - [2023-07-11 00:45:27,422] {dag.py:2972} INFO - Setting next_dagrun for example_complex to None, run_after=None
[2023-07-11 00:45:27,440] {processor.py:161} INFO - Processing /home/airflow/.local/lib/python3.7/site-packages/airflow/example_dags/example_complex.py took 0.142 seconds
[2023-07-11 00:45:57,926] {processor.py:153} INFO - Started process (PID=383) to work on /home/airflow/.local/lib/python3.7/site-packages/airflow/example_dags/example_complex.py
[2023-07-11 00:45:57,927] {processor.py:641} INFO - Processing file /home/airflow/.local/lib/python3.7/site-packages/airflow/example_dags/example_complex.py for tasks to queue
[2023-07-11 00:45:57,927] {logging_mixin.py:115} INFO - [2023-07-11 00:45:57,927] {dagbag.py:508} INFO - Filling up the DagBag from /home/airflow/.local/lib/python3.7/site-packages/airflow/example_dags/example_complex.py
[2023-07-11 00:45:57,949] {processor.py:651} INFO - DAG(s) dict_keys(['example_complex']) retrieved from /home/airflow/.local/lib/python3.7/site-packages/airflow/example_dags/example_complex.py
[2023-07-11 00:45:57,986] {logging_mixin.py:115} INFO - [2023-07-11 00:45:57,986] {dag.py:2420} INFO - Sync 1 DAGs
[2023-07-11 00:45:58,016] {logging_mixin.py:115} INFO - [2023-07-11 00:45:58,016] {dag.py:2972} INFO - Setting next_dagrun for example_complex to None, run_after=None
[2023-07-11 00:45:58,035] {processor.py:161} INFO - Processing /home/airflow/.local/lib/python3.7/site-packages/airflow/example_dags/example_complex.py took 0.113 seconds
[2023-07-11 00:46:28,373] {processor.py:153} INFO - Started process (PID=446) to work on /home/airflow/.local/lib/python3.7/site-packages/airflow/example_dags/example_complex.py
[2023-07-11 00:46:28,374] {processor.py:641} INFO - Processing file /home/airflow/.local/lib/python3.7/site-packages/airflow/example_dags/example_complex.py for tasks to queue
[2023-07-11 00:46:28,375] {logging_mixin.py:115} INFO - [2023-07-11 00:46:28,375] {dagbag.py:508} INFO - Filling up the DagBag from /home/airflow/.local/lib/python3.7/site-packages/airflow/example_dags/example_complex.py
[2023-07-11 00:46:28,396] {processor.py:651} INFO - DAG(s) dict_keys(['example_complex']) retrieved from /home/airflow/.local/lib/python3.7/site-packages/airflow/example_dags/example_complex.py
[2023-07-11 00:46:28,432] {logging_mixin.py:115} INFO - [2023-07-11 00:46:28,432] {dag.py:2420} INFO - Sync 1 DAGs
[2023-07-11 00:46:28,463] {logging_mixin.py:115} INFO - [2023-07-11 00:46:28,463] {dag.py:2972} INFO - Setting next_dagrun for example_complex to None, run_after=None
[2023-07-11 00:46:28,480] {processor.py:161} INFO - Processing /home/airflow/.local/lib/python3.7/site-packages/airflow/example_dags/example_complex.py took 0.113 seconds
[2023-07-11 00:46:58,577] {processor.py:153} INFO - Started process (PID=498) to work on /home/airflow/.local/lib/python3.7/site-packages/airflow/example_dags/example_complex.py
[2023-07-11 00:46:58,578] {processor.py:641} INFO - Processing file /home/airflow/.local/lib/python3.7/site-packages/airflow/example_dags/example_complex.py for tasks to queue
[2023-07-11 00:46:58,579] {logging_mixin.py:115} INFO - [2023-07-11 00:46:58,579] {dagbag.py:508} INFO - Filling up the DagBag from /home/airflow/.local/lib/python3.7/site-packages/airflow/example_dags/example_complex.py
[2023-07-11 00:46:58,605] {processor.py:651} INFO - DAG(s) dict_keys(['example_complex']) retrieved from /home/airflow/.local/lib/python3.7/site-packages/airflow/example_dags/example_complex.py
[2023-07-11 00:46:58,662] {logging_mixin.py:115} INFO - [2023-07-11 00:46:58,662] {dag.py:2420} INFO - Sync 1 DAGs
[2023-07-11 00:46:58,703] {logging_mixin.py:115} INFO - [2023-07-11 00:46:58,703] {dag.py:2972} INFO - Setting next_dagrun for example_complex to None, run_after=None
[2023-07-11 00:46:58,724] {processor.py:161} INFO - Processing /home/airflow/.local/lib/python3.7/site-packages/airflow/example_dags/example_complex.py took 0.152 seconds
[2023-07-11 00:47:29,495] {processor.py:153} INFO - Started process (PID=559) to work on /home/airflow/.local/lib/python3.7/site-packages/airflow/example_dags/example_complex.py
[2023-07-11 00:47:29,496] {processor.py:641} INFO - Processing file /home/airflow/.local/lib/python3.7/site-packages/airflow/example_dags/example_complex.py for tasks to queue
[2023-07-11 00:47:29,496] {logging_mixin.py:115} INFO - [2023-07-11 00:47:29,496] {dagbag.py:508} INFO - Filling up the DagBag from /home/airflow/.local/lib/python3.7/site-packages/airflow/example_dags/example_complex.py
[2023-07-11 00:47:29,517] {processor.py:651} INFO - DAG(s) dict_keys(['example_complex']) retrieved from /home/airflow/.local/lib/python3.7/site-packages/airflow/example_dags/example_complex.py
[2023-07-11 00:47:29,561] {logging_mixin.py:115} INFO - [2023-07-11 00:47:29,561] {dag.py:2420} INFO - Sync 1 DAGs
[2023-07-11 00:47:29,592] {logging_mixin.py:115} INFO - [2023-07-11 00:47:29,592] {dag.py:2972} INFO - Setting next_dagrun for example_complex to None, run_after=None
[2023-07-11 00:47:29,608] {processor.py:161} INFO - Processing /home/airflow/.local/lib/python3.7/site-packages/airflow/example_dags/example_complex.py took 0.118 seconds
[2023-07-11 00:48:00,566] {processor.py:153} INFO - Started process (PID=612) to work on /home/airflow/.local/lib/python3.7/site-packages/airflow/example_dags/example_complex.py
[2023-07-11 00:48:00,567] {processor.py:641} INFO - Processing file /home/airflow/.local/lib/python3.7/site-packages/airflow/example_dags/example_complex.py for tasks to queue
[2023-07-11 00:48:00,567] {logging_mixin.py:115} INFO - [2023-07-11 00:48:00,567] {dagbag.py:508} INFO - Filling up the DagBag from /home/airflow/.local/lib/python3.7/site-packages/airflow/example_dags/example_complex.py
[2023-07-11 00:48:00,594] {processor.py:651} INFO - DAG(s) dict_keys(['example_complex']) retrieved from /home/airflow/.local/lib/python3.7/site-packages/airflow/example_dags/example_complex.py
[2023-07-11 00:48:00,647] {logging_mixin.py:115} INFO - [2023-07-11 00:48:00,647] {dag.py:2420} INFO - Sync 1 DAGs
[2023-07-11 00:48:00,687] {logging_mixin.py:115} INFO - [2023-07-11 00:48:00,686] {dag.py:2972} INFO - Setting next_dagrun for example_complex to None, run_after=None
[2023-07-11 00:48:00,706] {processor.py:161} INFO - Processing /home/airflow/.local/lib/python3.7/site-packages/airflow/example_dags/example_complex.py took 0.145 seconds
[2023-07-11 00:48:31,177] {processor.py:153} INFO - Started process (PID=673) to work on /home/airflow/.local/lib/python3.7/site-packages/airflow/example_dags/example_complex.py
[2023-07-11 00:48:31,178] {processor.py:641} INFO - Processing file /home/airflow/.local/lib/python3.7/site-packages/airflow/example_dags/example_complex.py for tasks to queue
[2023-07-11 00:48:31,178] {logging_mixin.py:115} INFO - [2023-07-11 00:48:31,178] {dagbag.py:508} INFO - Filling up the DagBag from /home/airflow/.local/lib/python3.7/site-packages/airflow/example_dags/example_complex.py
[2023-07-11 00:48:31,195] {processor.py:651} INFO - DAG(s) dict_keys(['example_complex']) retrieved from /home/airflow/.local/lib/python3.7/site-packages/airflow/example_dags/example_complex.py
[2023-07-11 00:48:31,232] {logging_mixin.py:115} INFO - [2023-07-11 00:48:31,231] {dag.py:2420} INFO - Sync 1 DAGs
[2023-07-11 00:48:31,261] {logging_mixin.py:115} INFO - [2023-07-11 00:48:31,260] {dag.py:2972} INFO - Setting next_dagrun for example_complex to None, run_after=None
[2023-07-11 00:48:31,279] {processor.py:161} INFO - Processing /home/airflow/.local/lib/python3.7/site-packages/airflow/example_dags/example_complex.py took 0.105 seconds
[2023-07-11 00:49:01,679] {processor.py:153} INFO - Started process (PID=725) to work on /home/airflow/.local/lib/python3.7/site-packages/airflow/example_dags/example_complex.py
[2023-07-11 00:49:01,679] {processor.py:641} INFO - Processing file /home/airflow/.local/lib/python3.7/site-packages/airflow/example_dags/example_complex.py for tasks to queue
[2023-07-11 00:49:01,680] {logging_mixin.py:115} INFO - [2023-07-11 00:49:01,680] {dagbag.py:508} INFO - Filling up the DagBag from /home/airflow/.local/lib/python3.7/site-packages/airflow/example_dags/example_complex.py
[2023-07-11 00:49:01,695] {processor.py:651} INFO - DAG(s) dict_keys(['example_complex']) retrieved from /home/airflow/.local/lib/python3.7/site-packages/airflow/example_dags/example_complex.py
[2023-07-11 00:49:01,731] {logging_mixin.py:115} INFO - [2023-07-11 00:49:01,731] {dag.py:2420} INFO - Sync 1 DAGs
[2023-07-11 00:49:01,762] {logging_mixin.py:115} INFO - [2023-07-11 00:49:01,762] {dag.py:2972} INFO - Setting next_dagrun for example_complex to None, run_after=None
[2023-07-11 00:49:01,776] {processor.py:161} INFO - Processing /home/airflow/.local/lib/python3.7/site-packages/airflow/example_dags/example_complex.py took 0.100 seconds
[2023-07-11 00:49:32,126] {processor.py:153} INFO - Started process (PID=786) to work on /home/airflow/.local/lib/python3.7/site-packages/airflow/example_dags/example_complex.py
[2023-07-11 00:49:32,127] {processor.py:641} INFO - Processing file /home/airflow/.local/lib/python3.7/site-packages/airflow/example_dags/example_complex.py for tasks to queue
[2023-07-11 00:49:32,128] {logging_mixin.py:115} INFO - [2023-07-11 00:49:32,127] {dagbag.py:508} INFO - Filling up the DagBag from /home/airflow/.local/lib/python3.7/site-packages/airflow/example_dags/example_complex.py
[2023-07-11 00:49:32,145] {processor.py:651} INFO - DAG(s) dict_keys(['example_complex']) retrieved from /home/airflow/.local/lib/python3.7/site-packages/airflow/example_dags/example_complex.py
[2023-07-11 00:49:32,179] {logging_mixin.py:115} INFO - [2023-07-11 00:49:32,179] {dag.py:2420} INFO - Sync 1 DAGs
[2023-07-11 00:49:32,207] {logging_mixin.py:115} INFO - [2023-07-11 00:49:32,207] {dag.py:2972} INFO - Setting next_dagrun for example_complex to None, run_after=None
[2023-07-11 00:49:32,221] {processor.py:161} INFO - Processing /home/airflow/.local/lib/python3.7/site-packages/airflow/example_dags/example_complex.py took 0.098 seconds
[2023-07-11 00:50:02,521] {processor.py:153} INFO - Started process (PID=837) to work on /home/airflow/.local/lib/python3.7/site-packages/airflow/example_dags/example_complex.py
[2023-07-11 00:50:02,521] {processor.py:641} INFO - Processing file /home/airflow/.local/lib/python3.7/site-packages/airflow/example_dags/example_complex.py for tasks to queue
[2023-07-11 00:50:02,522] {logging_mixin.py:115} INFO - [2023-07-11 00:50:02,522] {dagbag.py:508} INFO - Filling up the DagBag from /home/airflow/.local/lib/python3.7/site-packages/airflow/example_dags/example_complex.py
[2023-07-11 00:50:02,537] {processor.py:651} INFO - DAG(s) dict_keys(['example_complex']) retrieved from /home/airflow/.local/lib/python3.7/site-packages/airflow/example_dags/example_complex.py
[2023-07-11 00:50:02,572] {logging_mixin.py:115} INFO - [2023-07-11 00:50:02,572] {dag.py:2420} INFO - Sync 1 DAGs
[2023-07-11 00:50:02,599] {logging_mixin.py:115} INFO - [2023-07-11 00:50:02,598] {dag.py:2972} INFO - Setting next_dagrun for example_complex to None, run_after=None
[2023-07-11 00:50:02,613] {processor.py:161} INFO - Processing /home/airflow/.local/lib/python3.7/site-packages/airflow/example_dags/example_complex.py took 0.097 seconds
[2023-07-11 00:50:33,160] {processor.py:153} INFO - Started process (PID=896) to work on /home/airflow/.local/lib/python3.7/site-packages/airflow/example_dags/example_complex.py
[2023-07-11 00:50:33,160] {processor.py:641} INFO - Processing file /home/airflow/.local/lib/python3.7/site-packages/airflow/example_dags/example_complex.py for tasks to queue
[2023-07-11 00:50:33,161] {logging_mixin.py:115} INFO - [2023-07-11 00:50:33,161] {dagbag.py:508} INFO - Filling up the DagBag from /home/airflow/.local/lib/python3.7/site-packages/airflow/example_dags/example_complex.py
[2023-07-11 00:50:33,181] {processor.py:651} INFO - DAG(s) dict_keys(['example_complex']) retrieved from /home/airflow/.local/lib/python3.7/site-packages/airflow/example_dags/example_complex.py
[2023-07-11 00:50:33,221] {logging_mixin.py:115} INFO - [2023-07-11 00:50:33,221] {dag.py:2420} INFO - Sync 1 DAGs
[2023-07-11 00:50:33,250] {logging_mixin.py:115} INFO - [2023-07-11 00:50:33,250] {dag.py:2972} INFO - Setting next_dagrun for example_complex to None, run_after=None
[2023-07-11 00:50:33,265] {processor.py:161} INFO - Processing /home/airflow/.local/lib/python3.7/site-packages/airflow/example_dags/example_complex.py took 0.109 seconds
[2023-07-11 00:51:03,893] {processor.py:153} INFO - Started process (PID=947) to work on /home/airflow/.local/lib/python3.7/site-packages/airflow/example_dags/example_complex.py
[2023-07-11 00:51:03,894] {processor.py:641} INFO - Processing file /home/airflow/.local/lib/python3.7/site-packages/airflow/example_dags/example_complex.py for tasks to queue
[2023-07-11 00:51:03,894] {logging_mixin.py:115} INFO - [2023-07-11 00:51:03,894] {dagbag.py:508} INFO - Filling up the DagBag from /home/airflow/.local/lib/python3.7/site-packages/airflow/example_dags/example_complex.py
[2023-07-11 00:51:03,913] {processor.py:651} INFO - DAG(s) dict_keys(['example_complex']) retrieved from /home/airflow/.local/lib/python3.7/site-packages/airflow/example_dags/example_complex.py
[2023-07-11 00:51:03,949] {logging_mixin.py:115} INFO - [2023-07-11 00:51:03,949] {dag.py:2420} INFO - Sync 1 DAGs
[2023-07-11 00:51:03,974] {logging_mixin.py:115} INFO - [2023-07-11 00:51:03,974] {dag.py:2972} INFO - Setting next_dagrun for example_complex to None, run_after=None
[2023-07-11 00:51:04,002] {processor.py:161} INFO - Processing /home/airflow/.local/lib/python3.7/site-packages/airflow/example_dags/example_complex.py took 0.112 seconds
[2023-07-11 00:51:34,205] {processor.py:153} INFO - Started process (PID=1008) to work on /home/airflow/.local/lib/python3.7/site-packages/airflow/example_dags/example_complex.py
[2023-07-11 00:51:34,205] {processor.py:641} INFO - Processing file /home/airflow/.local/lib/python3.7/site-packages/airflow/example_dags/example_complex.py for tasks to queue
[2023-07-11 00:51:34,206] {logging_mixin.py:115} INFO - [2023-07-11 00:51:34,206] {dagbag.py:508} INFO - Filling up the DagBag from /home/airflow/.local/lib/python3.7/site-packages/airflow/example_dags/example_complex.py
[2023-07-11 00:51:34,236] {processor.py:651} INFO - DAG(s) dict_keys(['example_complex']) retrieved from /home/airflow/.local/lib/python3.7/site-packages/airflow/example_dags/example_complex.py
[2023-07-11 00:51:34,276] {logging_mixin.py:115} INFO - [2023-07-11 00:51:34,276] {dag.py:2420} INFO - Sync 1 DAGs
[2023-07-11 00:51:34,310] {logging_mixin.py:115} INFO - [2023-07-11 00:51:34,310] {dag.py:2972} INFO - Setting next_dagrun for example_complex to None, run_after=None
[2023-07-11 00:51:34,329] {processor.py:161} INFO - Processing /home/airflow/.local/lib/python3.7/site-packages/airflow/example_dags/example_complex.py took 0.131 seconds
[2023-07-11 22:50:08,610] {processor.py:153} INFO - Started process (PID=1057) to work on /home/airflow/.local/lib/python3.7/site-packages/airflow/example_dags/example_complex.py
[2023-07-11 22:50:08,612] {processor.py:641} INFO - Processing file /home/airflow/.local/lib/python3.7/site-packages/airflow/example_dags/example_complex.py for tasks to queue
[2023-07-11 22:50:08,613] {logging_mixin.py:115} INFO - [2023-07-11 22:50:08,613] {dagbag.py:508} INFO - Filling up the DagBag from /home/airflow/.local/lib/python3.7/site-packages/airflow/example_dags/example_complex.py
[2023-07-11 22:50:08,654] {processor.py:651} INFO - DAG(s) dict_keys(['example_complex']) retrieved from /home/airflow/.local/lib/python3.7/site-packages/airflow/example_dags/example_complex.py
[2023-07-11 22:50:08,847] {logging_mixin.py:115} INFO - [2023-07-11 22:50:08,847] {dag.py:2420} INFO - Sync 1 DAGs
[2023-07-11 22:50:08,952] {logging_mixin.py:115} INFO - [2023-07-11 22:50:08,952] {dag.py:2972} INFO - Setting next_dagrun for example_complex to None, run_after=None
[2023-07-11 22:50:08,994] {processor.py:161} INFO - Processing /home/airflow/.local/lib/python3.7/site-packages/airflow/example_dags/example_complex.py took 0.403 seconds
[2023-07-11 22:50:39,844] {processor.py:153} INFO - Started process (PID=1102) to work on /home/airflow/.local/lib/python3.7/site-packages/airflow/example_dags/example_complex.py
[2023-07-11 22:50:39,845] {processor.py:641} INFO - Processing file /home/airflow/.local/lib/python3.7/site-packages/airflow/example_dags/example_complex.py for tasks to queue
[2023-07-11 22:50:39,847] {logging_mixin.py:115} INFO - [2023-07-11 22:50:39,846] {dagbag.py:508} INFO - Filling up the DagBag from /home/airflow/.local/lib/python3.7/site-packages/airflow/example_dags/example_complex.py
[2023-07-11 22:50:39,886] {processor.py:651} INFO - DAG(s) dict_keys(['example_complex']) retrieved from /home/airflow/.local/lib/python3.7/site-packages/airflow/example_dags/example_complex.py
[2023-07-11 22:50:39,959] {logging_mixin.py:115} INFO - [2023-07-11 22:50:39,959] {dag.py:2420} INFO - Sync 1 DAGs
[2023-07-11 22:50:40,013] {logging_mixin.py:115} INFO - [2023-07-11 22:50:40,013] {dag.py:2972} INFO - Setting next_dagrun for example_complex to None, run_after=None
[2023-07-11 22:50:40,052] {processor.py:161} INFO - Processing /home/airflow/.local/lib/python3.7/site-packages/airflow/example_dags/example_complex.py took 0.214 seconds
[2023-07-11 22:51:10,143] {processor.py:153} INFO - Started process (PID=1163) to work on /home/airflow/.local/lib/python3.7/site-packages/airflow/example_dags/example_complex.py
[2023-07-11 22:51:10,144] {processor.py:641} INFO - Processing file /home/airflow/.local/lib/python3.7/site-packages/airflow/example_dags/example_complex.py for tasks to queue
[2023-07-11 22:51:10,145] {logging_mixin.py:115} INFO - [2023-07-11 22:51:10,145] {dagbag.py:508} INFO - Filling up the DagBag from /home/airflow/.local/lib/python3.7/site-packages/airflow/example_dags/example_complex.py
[2023-07-11 22:51:10,172] {processor.py:651} INFO - DAG(s) dict_keys(['example_complex']) retrieved from /home/airflow/.local/lib/python3.7/site-packages/airflow/example_dags/example_complex.py
[2023-07-11 22:51:10,222] {logging_mixin.py:115} INFO - [2023-07-11 22:51:10,222] {dag.py:2420} INFO - Sync 1 DAGs
[2023-07-11 22:51:10,250] {logging_mixin.py:115} INFO - [2023-07-11 22:51:10,250] {dag.py:2972} INFO - Setting next_dagrun for example_complex to None, run_after=None
[2023-07-11 22:51:10,270] {processor.py:161} INFO - Processing /home/airflow/.local/lib/python3.7/site-packages/airflow/example_dags/example_complex.py took 0.133 seconds
[2023-07-11 22:51:40,677] {processor.py:153} INFO - Started process (PID=1215) to work on /home/airflow/.local/lib/python3.7/site-packages/airflow/example_dags/example_complex.py
[2023-07-11 22:51:40,677] {processor.py:641} INFO - Processing file /home/airflow/.local/lib/python3.7/site-packages/airflow/example_dags/example_complex.py for tasks to queue
[2023-07-11 22:51:40,678] {logging_mixin.py:115} INFO - [2023-07-11 22:51:40,677] {dagbag.py:508} INFO - Filling up the DagBag from /home/airflow/.local/lib/python3.7/site-packages/airflow/example_dags/example_complex.py
[2023-07-11 22:51:40,693] {processor.py:651} INFO - DAG(s) dict_keys(['example_complex']) retrieved from /home/airflow/.local/lib/python3.7/site-packages/airflow/example_dags/example_complex.py
[2023-07-11 22:51:40,732] {logging_mixin.py:115} INFO - [2023-07-11 22:51:40,731] {dag.py:2420} INFO - Sync 1 DAGs
[2023-07-11 22:51:40,759] {logging_mixin.py:115} INFO - [2023-07-11 22:51:40,759] {dag.py:2972} INFO - Setting next_dagrun for example_complex to None, run_after=None
[2023-07-11 22:51:40,773] {processor.py:161} INFO - Processing /home/airflow/.local/lib/python3.7/site-packages/airflow/example_dags/example_complex.py took 0.100 seconds
[2023-07-11 22:52:11,635] {processor.py:153} INFO - Started process (PID=1274) to work on /home/airflow/.local/lib/python3.7/site-packages/airflow/example_dags/example_complex.py
[2023-07-11 22:52:11,636] {processor.py:641} INFO - Processing file /home/airflow/.local/lib/python3.7/site-packages/airflow/example_dags/example_complex.py for tasks to queue
[2023-07-11 22:52:11,637] {logging_mixin.py:115} INFO - [2023-07-11 22:52:11,637] {dagbag.py:508} INFO - Filling up the DagBag from /home/airflow/.local/lib/python3.7/site-packages/airflow/example_dags/example_complex.py
[2023-07-11 22:52:11,670] {processor.py:651} INFO - DAG(s) dict_keys(['example_complex']) retrieved from /home/airflow/.local/lib/python3.7/site-packages/airflow/example_dags/example_complex.py
[2023-07-11 22:52:11,753] {logging_mixin.py:115} INFO - [2023-07-11 22:52:11,752] {dag.py:2420} INFO - Sync 1 DAGs
[2023-07-11 22:52:11,807] {logging_mixin.py:115} INFO - [2023-07-11 22:52:11,807] {dag.py:2972} INFO - Setting next_dagrun for example_complex to None, run_after=None
[2023-07-11 22:52:11,835] {processor.py:161} INFO - Processing /home/airflow/.local/lib/python3.7/site-packages/airflow/example_dags/example_complex.py took 0.204 seconds
[2023-07-11 22:52:42,421] {processor.py:153} INFO - Started process (PID=1325) to work on /home/airflow/.local/lib/python3.7/site-packages/airflow/example_dags/example_complex.py
[2023-07-11 22:52:42,422] {processor.py:641} INFO - Processing file /home/airflow/.local/lib/python3.7/site-packages/airflow/example_dags/example_complex.py for tasks to queue
[2023-07-11 22:52:42,423] {logging_mixin.py:115} INFO - [2023-07-11 22:52:42,423] {dagbag.py:508} INFO - Filling up the DagBag from /home/airflow/.local/lib/python3.7/site-packages/airflow/example_dags/example_complex.py
[2023-07-11 22:52:42,456] {processor.py:651} INFO - DAG(s) dict_keys(['example_complex']) retrieved from /home/airflow/.local/lib/python3.7/site-packages/airflow/example_dags/example_complex.py
[2023-07-11 22:52:42,520] {logging_mixin.py:115} INFO - [2023-07-11 22:52:42,520] {dag.py:2420} INFO - Sync 1 DAGs
[2023-07-11 22:52:42,563] {logging_mixin.py:115} INFO - [2023-07-11 22:52:42,563] {dag.py:2972} INFO - Setting next_dagrun for example_complex to None, run_after=None
[2023-07-11 22:52:42,587] {processor.py:161} INFO - Processing /home/airflow/.local/lib/python3.7/site-packages/airflow/example_dags/example_complex.py took 0.173 seconds
[2023-07-11 22:53:13,508] {processor.py:153} INFO - Started process (PID=1376) to work on /home/airflow/.local/lib/python3.7/site-packages/airflow/example_dags/example_complex.py
[2023-07-11 22:53:13,509] {processor.py:641} INFO - Processing file /home/airflow/.local/lib/python3.7/site-packages/airflow/example_dags/example_complex.py for tasks to queue
[2023-07-11 22:53:13,510] {logging_mixin.py:115} INFO - [2023-07-11 22:53:13,510] {dagbag.py:508} INFO - Filling up the DagBag from /home/airflow/.local/lib/python3.7/site-packages/airflow/example_dags/example_complex.py
[2023-07-11 22:53:13,533] {processor.py:651} INFO - DAG(s) dict_keys(['example_complex']) retrieved from /home/airflow/.local/lib/python3.7/site-packages/airflow/example_dags/example_complex.py
[2023-07-11 22:53:13,582] {logging_mixin.py:115} INFO - [2023-07-11 22:53:13,582] {dag.py:2420} INFO - Sync 1 DAGs
[2023-07-11 22:53:13,616] {logging_mixin.py:115} INFO - [2023-07-11 22:53:13,616] {dag.py:2972} INFO - Setting next_dagrun for example_complex to None, run_after=None
[2023-07-11 22:53:13,635] {processor.py:161} INFO - Processing /home/airflow/.local/lib/python3.7/site-packages/airflow/example_dags/example_complex.py took 0.131 seconds
[2023-07-11 22:53:44,644] {processor.py:153} INFO - Started process (PID=1428) to work on /home/airflow/.local/lib/python3.7/site-packages/airflow/example_dags/example_complex.py
[2023-07-11 22:53:44,650] {processor.py:641} INFO - Processing file /home/airflow/.local/lib/python3.7/site-packages/airflow/example_dags/example_complex.py for tasks to queue
[2023-07-11 22:53:44,653] {logging_mixin.py:115} INFO - [2023-07-11 22:53:44,652] {dagbag.py:508} INFO - Filling up the DagBag from /home/airflow/.local/lib/python3.7/site-packages/airflow/example_dags/example_complex.py
[2023-07-11 22:53:44,697] {processor.py:651} INFO - DAG(s) dict_keys(['example_complex']) retrieved from /home/airflow/.local/lib/python3.7/site-packages/airflow/example_dags/example_complex.py
[2023-07-11 22:53:44,800] {logging_mixin.py:115} INFO - [2023-07-11 22:53:44,800] {dag.py:2420} INFO - Sync 1 DAGs
[2023-07-11 22:53:44,901] {logging_mixin.py:115} INFO - [2023-07-11 22:53:44,901] {dag.py:2972} INFO - Setting next_dagrun for example_complex to None, run_after=None
[2023-07-11 22:53:44,958] {processor.py:161} INFO - Processing /home/airflow/.local/lib/python3.7/site-packages/airflow/example_dags/example_complex.py took 0.322 seconds
[2023-07-11 22:54:15,365] {processor.py:153} INFO - Started process (PID=1488) to work on /home/airflow/.local/lib/python3.7/site-packages/airflow/example_dags/example_complex.py
[2023-07-11 22:54:15,372] {processor.py:641} INFO - Processing file /home/airflow/.local/lib/python3.7/site-packages/airflow/example_dags/example_complex.py for tasks to queue
[2023-07-11 22:54:15,373] {logging_mixin.py:115} INFO - [2023-07-11 22:54:15,373] {dagbag.py:508} INFO - Filling up the DagBag from /home/airflow/.local/lib/python3.7/site-packages/airflow/example_dags/example_complex.py
[2023-07-11 22:54:15,435] {processor.py:651} INFO - DAG(s) dict_keys(['example_complex']) retrieved from /home/airflow/.local/lib/python3.7/site-packages/airflow/example_dags/example_complex.py
[2023-07-11 22:54:15,519] {logging_mixin.py:115} INFO - [2023-07-11 22:54:15,519] {dag.py:2420} INFO - Sync 1 DAGs
[2023-07-11 22:54:15,579] {logging_mixin.py:115} INFO - [2023-07-11 22:54:15,579] {dag.py:2972} INFO - Setting next_dagrun for example_complex to None, run_after=None
[2023-07-11 22:54:15,611] {processor.py:161} INFO - Processing /home/airflow/.local/lib/python3.7/site-packages/airflow/example_dags/example_complex.py took 0.258 seconds
[2023-07-11 22:54:46,188] {processor.py:153} INFO - Started process (PID=1539) to work on /home/airflow/.local/lib/python3.7/site-packages/airflow/example_dags/example_complex.py
[2023-07-11 22:54:46,190] {processor.py:641} INFO - Processing file /home/airflow/.local/lib/python3.7/site-packages/airflow/example_dags/example_complex.py for tasks to queue
[2023-07-11 22:54:46,191] {logging_mixin.py:115} INFO - [2023-07-11 22:54:46,191] {dagbag.py:508} INFO - Filling up the DagBag from /home/airflow/.local/lib/python3.7/site-packages/airflow/example_dags/example_complex.py
[2023-07-11 22:54:46,240] {processor.py:651} INFO - DAG(s) dict_keys(['example_complex']) retrieved from /home/airflow/.local/lib/python3.7/site-packages/airflow/example_dags/example_complex.py
[2023-07-11 22:54:46,316] {logging_mixin.py:115} INFO - [2023-07-11 22:54:46,316] {dag.py:2420} INFO - Sync 1 DAGs
[2023-07-11 22:54:46,384] {logging_mixin.py:115} INFO - [2023-07-11 22:54:46,383] {dag.py:2972} INFO - Setting next_dagrun for example_complex to None, run_after=None
[2023-07-11 22:54:46,430] {processor.py:161} INFO - Processing /home/airflow/.local/lib/python3.7/site-packages/airflow/example_dags/example_complex.py took 0.247 seconds
[2023-07-11 22:55:16,486] {processor.py:153} INFO - Started process (PID=1591) to work on /home/airflow/.local/lib/python3.7/site-packages/airflow/example_dags/example_complex.py
[2023-07-11 22:55:16,487] {processor.py:641} INFO - Processing file /home/airflow/.local/lib/python3.7/site-packages/airflow/example_dags/example_complex.py for tasks to queue
[2023-07-11 22:55:16,488] {logging_mixin.py:115} INFO - [2023-07-11 22:55:16,488] {dagbag.py:508} INFO - Filling up the DagBag from /home/airflow/.local/lib/python3.7/site-packages/airflow/example_dags/example_complex.py
[2023-07-11 22:55:16,518] {processor.py:651} INFO - DAG(s) dict_keys(['example_complex']) retrieved from /home/airflow/.local/lib/python3.7/site-packages/airflow/example_dags/example_complex.py
[2023-07-11 22:55:16,580] {logging_mixin.py:115} INFO - [2023-07-11 22:55:16,579] {dag.py:2420} INFO - Sync 1 DAGs
[2023-07-11 22:55:16,623] {logging_mixin.py:115} INFO - [2023-07-11 22:55:16,623] {dag.py:2972} INFO - Setting next_dagrun for example_complex to None, run_after=None
[2023-07-11 22:55:16,641] {processor.py:161} INFO - Processing /home/airflow/.local/lib/python3.7/site-packages/airflow/example_dags/example_complex.py took 0.160 seconds
[2023-07-11 22:55:46,789] {processor.py:153} INFO - Started process (PID=1643) to work on /home/airflow/.local/lib/python3.7/site-packages/airflow/example_dags/example_complex.py
[2023-07-11 22:55:46,789] {processor.py:641} INFO - Processing file /home/airflow/.local/lib/python3.7/site-packages/airflow/example_dags/example_complex.py for tasks to queue
[2023-07-11 22:55:46,790] {logging_mixin.py:115} INFO - [2023-07-11 22:55:46,790] {dagbag.py:508} INFO - Filling up the DagBag from /home/airflow/.local/lib/python3.7/site-packages/airflow/example_dags/example_complex.py
[2023-07-11 22:55:46,824] {processor.py:651} INFO - DAG(s) dict_keys(['example_complex']) retrieved from /home/airflow/.local/lib/python3.7/site-packages/airflow/example_dags/example_complex.py
[2023-07-11 22:55:46,878] {logging_mixin.py:115} INFO - [2023-07-11 22:55:46,878] {dag.py:2420} INFO - Sync 1 DAGs
[2023-07-11 22:55:46,919] {logging_mixin.py:115} INFO - [2023-07-11 22:55:46,919] {dag.py:2972} INFO - Setting next_dagrun for example_complex to None, run_after=None
[2023-07-11 22:55:46,947] {processor.py:161} INFO - Processing /home/airflow/.local/lib/python3.7/site-packages/airflow/example_dags/example_complex.py took 0.166 seconds
[2023-07-11 22:56:17,397] {processor.py:153} INFO - Started process (PID=1695) to work on /home/airflow/.local/lib/python3.7/site-packages/airflow/example_dags/example_complex.py
[2023-07-11 22:56:17,398] {processor.py:641} INFO - Processing file /home/airflow/.local/lib/python3.7/site-packages/airflow/example_dags/example_complex.py for tasks to queue
[2023-07-11 22:56:17,399] {logging_mixin.py:115} INFO - [2023-07-11 22:56:17,399] {dagbag.py:508} INFO - Filling up the DagBag from /home/airflow/.local/lib/python3.7/site-packages/airflow/example_dags/example_complex.py
[2023-07-11 22:56:17,429] {processor.py:651} INFO - DAG(s) dict_keys(['example_complex']) retrieved from /home/airflow/.local/lib/python3.7/site-packages/airflow/example_dags/example_complex.py
[2023-07-11 22:56:17,478] {logging_mixin.py:115} INFO - [2023-07-11 22:56:17,478] {dag.py:2420} INFO - Sync 1 DAGs
[2023-07-11 22:56:17,510] {logging_mixin.py:115} INFO - [2023-07-11 22:56:17,509] {dag.py:2972} INFO - Setting next_dagrun for example_complex to None, run_after=None
[2023-07-11 22:56:17,527] {processor.py:161} INFO - Processing /home/airflow/.local/lib/python3.7/site-packages/airflow/example_dags/example_complex.py took 0.135 seconds
[2023-07-11 22:56:48,126] {processor.py:153} INFO - Started process (PID=1747) to work on /home/airflow/.local/lib/python3.7/site-packages/airflow/example_dags/example_complex.py
[2023-07-11 22:56:48,127] {processor.py:641} INFO - Processing file /home/airflow/.local/lib/python3.7/site-packages/airflow/example_dags/example_complex.py for tasks to queue
[2023-07-11 22:56:48,128] {logging_mixin.py:115} INFO - [2023-07-11 22:56:48,128] {dagbag.py:508} INFO - Filling up the DagBag from /home/airflow/.local/lib/python3.7/site-packages/airflow/example_dags/example_complex.py
[2023-07-11 22:56:48,149] {processor.py:651} INFO - DAG(s) dict_keys(['example_complex']) retrieved from /home/airflow/.local/lib/python3.7/site-packages/airflow/example_dags/example_complex.py
[2023-07-11 22:56:48,234] {logging_mixin.py:115} INFO - [2023-07-11 22:56:48,233] {dag.py:2420} INFO - Sync 1 DAGs
[2023-07-11 22:56:48,331] {logging_mixin.py:115} INFO - [2023-07-11 22:56:48,331] {dag.py:2972} INFO - Setting next_dagrun for example_complex to None, run_after=None
[2023-07-11 22:56:48,356] {processor.py:161} INFO - Processing /home/airflow/.local/lib/python3.7/site-packages/airflow/example_dags/example_complex.py took 0.234 seconds
[2023-07-11 22:57:18,775] {processor.py:153} INFO - Started process (PID=1805) to work on /home/airflow/.local/lib/python3.7/site-packages/airflow/example_dags/example_complex.py
[2023-07-11 22:57:18,781] {processor.py:641} INFO - Processing file /home/airflow/.local/lib/python3.7/site-packages/airflow/example_dags/example_complex.py for tasks to queue
[2023-07-11 22:57:18,783] {logging_mixin.py:115} INFO - [2023-07-11 22:57:18,782] {dagbag.py:508} INFO - Filling up the DagBag from /home/airflow/.local/lib/python3.7/site-packages/airflow/example_dags/example_complex.py
[2023-07-11 22:57:18,851] {processor.py:651} INFO - DAG(s) dict_keys(['example_complex']) retrieved from /home/airflow/.local/lib/python3.7/site-packages/airflow/example_dags/example_complex.py
[2023-07-11 22:57:18,937] {logging_mixin.py:115} INFO - [2023-07-11 22:57:18,936] {dag.py:2420} INFO - Sync 1 DAGs
[2023-07-11 22:57:18,984] {logging_mixin.py:115} INFO - [2023-07-11 22:57:18,984] {dag.py:2972} INFO - Setting next_dagrun for example_complex to None, run_after=None
[2023-07-11 22:57:19,029] {processor.py:161} INFO - Processing /home/airflow/.local/lib/python3.7/site-packages/airflow/example_dags/example_complex.py took 0.259 seconds
[2023-07-11 22:57:49,870] {processor.py:153} INFO - Started process (PID=1859) to work on /home/airflow/.local/lib/python3.7/site-packages/airflow/example_dags/example_complex.py
[2023-07-11 22:57:49,871] {processor.py:641} INFO - Processing file /home/airflow/.local/lib/python3.7/site-packages/airflow/example_dags/example_complex.py for tasks to queue
[2023-07-11 22:57:49,873] {logging_mixin.py:115} INFO - [2023-07-11 22:57:49,873] {dagbag.py:508} INFO - Filling up the DagBag from /home/airflow/.local/lib/python3.7/site-packages/airflow/example_dags/example_complex.py
[2023-07-11 22:57:49,906] {processor.py:651} INFO - DAG(s) dict_keys(['example_complex']) retrieved from /home/airflow/.local/lib/python3.7/site-packages/airflow/example_dags/example_complex.py
[2023-07-11 22:57:49,983] {logging_mixin.py:115} INFO - [2023-07-11 22:57:49,983] {dag.py:2420} INFO - Sync 1 DAGs
[2023-07-11 22:57:50,036] {logging_mixin.py:115} INFO - [2023-07-11 22:57:50,036] {dag.py:2972} INFO - Setting next_dagrun for example_complex to None, run_after=None
[2023-07-11 22:57:50,060] {processor.py:161} INFO - Processing /home/airflow/.local/lib/python3.7/site-packages/airflow/example_dags/example_complex.py took 0.195 seconds
[2023-07-11 22:58:20,311] {processor.py:153} INFO - Started process (PID=1911) to work on /home/airflow/.local/lib/python3.7/site-packages/airflow/example_dags/example_complex.py
[2023-07-11 22:58:20,311] {processor.py:641} INFO - Processing file /home/airflow/.local/lib/python3.7/site-packages/airflow/example_dags/example_complex.py for tasks to queue
[2023-07-11 22:58:20,312] {logging_mixin.py:115} INFO - [2023-07-11 22:58:20,312] {dagbag.py:508} INFO - Filling up the DagBag from /home/airflow/.local/lib/python3.7/site-packages/airflow/example_dags/example_complex.py
[2023-07-11 22:58:20,329] {processor.py:651} INFO - DAG(s) dict_keys(['example_complex']) retrieved from /home/airflow/.local/lib/python3.7/site-packages/airflow/example_dags/example_complex.py
[2023-07-11 22:58:20,406] {logging_mixin.py:115} INFO - [2023-07-11 22:58:20,406] {dag.py:2420} INFO - Sync 1 DAGs
[2023-07-11 22:58:20,460] {logging_mixin.py:115} INFO - [2023-07-11 22:58:20,460] {dag.py:2972} INFO - Setting next_dagrun for example_complex to None, run_after=None
[2023-07-11 22:58:20,491] {processor.py:161} INFO - Processing /home/airflow/.local/lib/python3.7/site-packages/airflow/example_dags/example_complex.py took 0.184 seconds
[2023-07-11 22:58:50,898] {processor.py:153} INFO - Started process (PID=1963) to work on /home/airflow/.local/lib/python3.7/site-packages/airflow/example_dags/example_complex.py
[2023-07-11 22:58:50,899] {processor.py:641} INFO - Processing file /home/airflow/.local/lib/python3.7/site-packages/airflow/example_dags/example_complex.py for tasks to queue
[2023-07-11 22:58:50,900] {logging_mixin.py:115} INFO - [2023-07-11 22:58:50,900] {dagbag.py:508} INFO - Filling up the DagBag from /home/airflow/.local/lib/python3.7/site-packages/airflow/example_dags/example_complex.py
[2023-07-11 22:58:50,936] {processor.py:651} INFO - DAG(s) dict_keys(['example_complex']) retrieved from /home/airflow/.local/lib/python3.7/site-packages/airflow/example_dags/example_complex.py
[2023-07-11 22:58:51,009] {logging_mixin.py:115} INFO - [2023-07-11 22:58:51,009] {dag.py:2420} INFO - Sync 1 DAGs
[2023-07-11 22:58:51,055] {logging_mixin.py:115} INFO - [2023-07-11 22:58:51,055] {dag.py:2972} INFO - Setting next_dagrun for example_complex to None, run_after=None
[2023-07-11 22:58:51,080] {processor.py:161} INFO - Processing /home/airflow/.local/lib/python3.7/site-packages/airflow/example_dags/example_complex.py took 0.191 seconds
[2023-07-11 22:59:21,178] {processor.py:153} INFO - Started process (PID=2014) to work on /home/airflow/.local/lib/python3.7/site-packages/airflow/example_dags/example_complex.py
[2023-07-11 22:59:21,179] {processor.py:641} INFO - Processing file /home/airflow/.local/lib/python3.7/site-packages/airflow/example_dags/example_complex.py for tasks to queue
[2023-07-11 22:59:21,180] {logging_mixin.py:115} INFO - [2023-07-11 22:59:21,180] {dagbag.py:508} INFO - Filling up the DagBag from /home/airflow/.local/lib/python3.7/site-packages/airflow/example_dags/example_complex.py
[2023-07-11 22:59:21,221] {processor.py:651} INFO - DAG(s) dict_keys(['example_complex']) retrieved from /home/airflow/.local/lib/python3.7/site-packages/airflow/example_dags/example_complex.py
[2023-07-11 22:59:21,302] {logging_mixin.py:115} INFO - [2023-07-11 22:59:21,302] {dag.py:2420} INFO - Sync 1 DAGs
[2023-07-11 22:59:21,376] {logging_mixin.py:115} INFO - [2023-07-11 22:59:21,376] {dag.py:2972} INFO - Setting next_dagrun for example_complex to None, run_after=None
[2023-07-11 22:59:21,426] {processor.py:161} INFO - Processing /home/airflow/.local/lib/python3.7/site-packages/airflow/example_dags/example_complex.py took 0.253 seconds
[2023-07-11 22:59:52,018] {processor.py:153} INFO - Started process (PID=2075) to work on /home/airflow/.local/lib/python3.7/site-packages/airflow/example_dags/example_complex.py
[2023-07-11 22:59:52,023] {processor.py:641} INFO - Processing file /home/airflow/.local/lib/python3.7/site-packages/airflow/example_dags/example_complex.py for tasks to queue
[2023-07-11 22:59:52,024] {logging_mixin.py:115} INFO - [2023-07-11 22:59:52,024] {dagbag.py:508} INFO - Filling up the DagBag from /home/airflow/.local/lib/python3.7/site-packages/airflow/example_dags/example_complex.py
[2023-07-11 22:59:52,067] {processor.py:651} INFO - DAG(s) dict_keys(['example_complex']) retrieved from /home/airflow/.local/lib/python3.7/site-packages/airflow/example_dags/example_complex.py
[2023-07-11 22:59:52,288] {logging_mixin.py:115} INFO - [2023-07-11 22:59:52,288] {dag.py:2420} INFO - Sync 1 DAGs
[2023-07-11 22:59:52,482] {logging_mixin.py:115} INFO - [2023-07-11 22:59:52,474] {dag.py:2972} INFO - Setting next_dagrun for example_complex to None, run_after=None
[2023-07-11 22:59:52,554] {processor.py:161} INFO - Processing /home/airflow/.local/lib/python3.7/site-packages/airflow/example_dags/example_complex.py took 0.578 seconds
[2023-07-11 23:00:22,793] {processor.py:153} INFO - Started process (PID=2127) to work on /home/airflow/.local/lib/python3.7/site-packages/airflow/example_dags/example_complex.py
[2023-07-11 23:00:22,797] {processor.py:641} INFO - Processing file /home/airflow/.local/lib/python3.7/site-packages/airflow/example_dags/example_complex.py for tasks to queue
[2023-07-11 23:00:22,800] {logging_mixin.py:115} INFO - [2023-07-11 23:00:22,800] {dagbag.py:508} INFO - Filling up the DagBag from /home/airflow/.local/lib/python3.7/site-packages/airflow/example_dags/example_complex.py
[2023-07-11 23:00:22,872] {processor.py:651} INFO - DAG(s) dict_keys(['example_complex']) retrieved from /home/airflow/.local/lib/python3.7/site-packages/airflow/example_dags/example_complex.py
[2023-07-11 23:00:22,959] {logging_mixin.py:115} INFO - [2023-07-11 23:00:22,959] {dag.py:2420} INFO - Sync 1 DAGs
[2023-07-11 23:00:23,036] {logging_mixin.py:115} INFO - [2023-07-11 23:00:23,036] {dag.py:2972} INFO - Setting next_dagrun for example_complex to None, run_after=None
[2023-07-11 23:00:23,068] {processor.py:161} INFO - Processing /home/airflow/.local/lib/python3.7/site-packages/airflow/example_dags/example_complex.py took 0.281 seconds
[2023-07-11 23:00:53,276] {processor.py:153} INFO - Started process (PID=2180) to work on /home/airflow/.local/lib/python3.7/site-packages/airflow/example_dags/example_complex.py
[2023-07-11 23:00:53,277] {processor.py:641} INFO - Processing file /home/airflow/.local/lib/python3.7/site-packages/airflow/example_dags/example_complex.py for tasks to queue
[2023-07-11 23:00:53,278] {logging_mixin.py:115} INFO - [2023-07-11 23:00:53,277] {dagbag.py:508} INFO - Filling up the DagBag from /home/airflow/.local/lib/python3.7/site-packages/airflow/example_dags/example_complex.py
[2023-07-11 23:00:53,306] {processor.py:651} INFO - DAG(s) dict_keys(['example_complex']) retrieved from /home/airflow/.local/lib/python3.7/site-packages/airflow/example_dags/example_complex.py
[2023-07-11 23:00:53,516] {logging_mixin.py:115} INFO - [2023-07-11 23:00:53,516] {dag.py:2420} INFO - Sync 1 DAGs
[2023-07-11 23:00:53,670] {logging_mixin.py:115} INFO - [2023-07-11 23:00:53,670] {dag.py:2972} INFO - Setting next_dagrun for example_complex to None, run_after=None
[2023-07-11 23:00:53,732] {processor.py:161} INFO - Processing /home/airflow/.local/lib/python3.7/site-packages/airflow/example_dags/example_complex.py took 0.461 seconds
[2023-07-11 23:01:24,407] {processor.py:153} INFO - Started process (PID=2232) to work on /home/airflow/.local/lib/python3.7/site-packages/airflow/example_dags/example_complex.py
[2023-07-11 23:01:24,407] {processor.py:641} INFO - Processing file /home/airflow/.local/lib/python3.7/site-packages/airflow/example_dags/example_complex.py for tasks to queue
[2023-07-11 23:01:24,408] {logging_mixin.py:115} INFO - [2023-07-11 23:01:24,408] {dagbag.py:508} INFO - Filling up the DagBag from /home/airflow/.local/lib/python3.7/site-packages/airflow/example_dags/example_complex.py
[2023-07-11 23:01:24,444] {processor.py:651} INFO - DAG(s) dict_keys(['example_complex']) retrieved from /home/airflow/.local/lib/python3.7/site-packages/airflow/example_dags/example_complex.py
[2023-07-11 23:01:24,508] {logging_mixin.py:115} INFO - [2023-07-11 23:01:24,508] {dag.py:2420} INFO - Sync 1 DAGs
[2023-07-11 23:01:24,565] {logging_mixin.py:115} INFO - [2023-07-11 23:01:24,565] {dag.py:2972} INFO - Setting next_dagrun for example_complex to None, run_after=None
[2023-07-11 23:01:24,610] {processor.py:161} INFO - Processing /home/airflow/.local/lib/python3.7/site-packages/airflow/example_dags/example_complex.py took 0.214 seconds
[2023-07-11 23:01:54,812] {processor.py:153} INFO - Started process (PID=2282) to work on /home/airflow/.local/lib/python3.7/site-packages/airflow/example_dags/example_complex.py
[2023-07-11 23:01:54,818] {processor.py:641} INFO - Processing file /home/airflow/.local/lib/python3.7/site-packages/airflow/example_dags/example_complex.py for tasks to queue
[2023-07-11 23:01:54,819] {logging_mixin.py:115} INFO - [2023-07-11 23:01:54,819] {dagbag.py:508} INFO - Filling up the DagBag from /home/airflow/.local/lib/python3.7/site-packages/airflow/example_dags/example_complex.py
[2023-07-11 23:01:54,851] {processor.py:651} INFO - DAG(s) dict_keys(['example_complex']) retrieved from /home/airflow/.local/lib/python3.7/site-packages/airflow/example_dags/example_complex.py
[2023-07-11 23:01:54,941] {logging_mixin.py:115} INFO - [2023-07-11 23:01:54,941] {dag.py:2420} INFO - Sync 1 DAGs
[2023-07-11 23:01:54,992] {logging_mixin.py:115} INFO - [2023-07-11 23:01:54,991] {dag.py:2972} INFO - Setting next_dagrun for example_complex to None, run_after=None
[2023-07-11 23:01:55,030] {processor.py:161} INFO - Processing /home/airflow/.local/lib/python3.7/site-packages/airflow/example_dags/example_complex.py took 0.224 seconds
[2023-07-11 23:02:25,817] {processor.py:153} INFO - Started process (PID=2334) to work on /home/airflow/.local/lib/python3.7/site-packages/airflow/example_dags/example_complex.py
[2023-07-11 23:02:25,818] {processor.py:641} INFO - Processing file /home/airflow/.local/lib/python3.7/site-packages/airflow/example_dags/example_complex.py for tasks to queue
[2023-07-11 23:02:25,819] {logging_mixin.py:115} INFO - [2023-07-11 23:02:25,818] {dagbag.py:508} INFO - Filling up the DagBag from /home/airflow/.local/lib/python3.7/site-packages/airflow/example_dags/example_complex.py
[2023-07-11 23:02:25,858] {processor.py:651} INFO - DAG(s) dict_keys(['example_complex']) retrieved from /home/airflow/.local/lib/python3.7/site-packages/airflow/example_dags/example_complex.py
[2023-07-11 23:02:25,933] {logging_mixin.py:115} INFO - [2023-07-11 23:02:25,933] {dag.py:2420} INFO - Sync 1 DAGs
[2023-07-11 23:02:25,987] {logging_mixin.py:115} INFO - [2023-07-11 23:02:25,987] {dag.py:2972} INFO - Setting next_dagrun for example_complex to None, run_after=None
[2023-07-11 23:02:26,019] {processor.py:161} INFO - Processing /home/airflow/.local/lib/python3.7/site-packages/airflow/example_dags/example_complex.py took 0.210 seconds
[2023-07-11 23:02:56,623] {processor.py:153} INFO - Started process (PID=2395) to work on /home/airflow/.local/lib/python3.7/site-packages/airflow/example_dags/example_complex.py
[2023-07-11 23:02:56,625] {processor.py:641} INFO - Processing file /home/airflow/.local/lib/python3.7/site-packages/airflow/example_dags/example_complex.py for tasks to queue
[2023-07-11 23:02:56,626] {logging_mixin.py:115} INFO - [2023-07-11 23:02:56,626] {dagbag.py:508} INFO - Filling up the DagBag from /home/airflow/.local/lib/python3.7/site-packages/airflow/example_dags/example_complex.py
[2023-07-11 23:02:56,668] {processor.py:651} INFO - DAG(s) dict_keys(['example_complex']) retrieved from /home/airflow/.local/lib/python3.7/site-packages/airflow/example_dags/example_complex.py
[2023-07-11 23:02:56,817] {logging_mixin.py:115} INFO - [2023-07-11 23:02:56,817] {dag.py:2420} INFO - Sync 1 DAGs
[2023-07-11 23:02:56,914] {logging_mixin.py:115} INFO - [2023-07-11 23:02:56,913] {dag.py:2972} INFO - Setting next_dagrun for example_complex to None, run_after=None
[2023-07-11 23:02:56,974] {processor.py:161} INFO - Processing /home/airflow/.local/lib/python3.7/site-packages/airflow/example_dags/example_complex.py took 0.358 seconds
[2023-07-11 23:03:27,521] {processor.py:153} INFO - Started process (PID=2447) to work on /home/airflow/.local/lib/python3.7/site-packages/airflow/example_dags/example_complex.py
[2023-07-11 23:03:27,523] {processor.py:641} INFO - Processing file /home/airflow/.local/lib/python3.7/site-packages/airflow/example_dags/example_complex.py for tasks to queue
[2023-07-11 23:03:27,524] {logging_mixin.py:115} INFO - [2023-07-11 23:03:27,523] {dagbag.py:508} INFO - Filling up the DagBag from /home/airflow/.local/lib/python3.7/site-packages/airflow/example_dags/example_complex.py
[2023-07-11 23:03:27,563] {processor.py:651} INFO - DAG(s) dict_keys(['example_complex']) retrieved from /home/airflow/.local/lib/python3.7/site-packages/airflow/example_dags/example_complex.py
[2023-07-11 23:03:27,702] {logging_mixin.py:115} INFO - [2023-07-11 23:03:27,696] {dag.py:2420} INFO - Sync 1 DAGs
[2023-07-11 23:03:27,788] {logging_mixin.py:115} INFO - [2023-07-11 23:03:27,787] {dag.py:2972} INFO - Setting next_dagrun for example_complex to None, run_after=None
[2023-07-11 23:03:27,839] {processor.py:161} INFO - Processing /home/airflow/.local/lib/python3.7/site-packages/airflow/example_dags/example_complex.py took 0.328 seconds
[2023-07-11 23:03:58,064] {processor.py:153} INFO - Started process (PID=2498) to work on /home/airflow/.local/lib/python3.7/site-packages/airflow/example_dags/example_complex.py
[2023-07-11 23:03:58,065] {processor.py:641} INFO - Processing file /home/airflow/.local/lib/python3.7/site-packages/airflow/example_dags/example_complex.py for tasks to queue
[2023-07-11 23:03:58,066] {logging_mixin.py:115} INFO - [2023-07-11 23:03:58,066] {dagbag.py:508} INFO - Filling up the DagBag from /home/airflow/.local/lib/python3.7/site-packages/airflow/example_dags/example_complex.py
[2023-07-11 23:03:58,094] {processor.py:651} INFO - DAG(s) dict_keys(['example_complex']) retrieved from /home/airflow/.local/lib/python3.7/site-packages/airflow/example_dags/example_complex.py
[2023-07-11 23:03:58,170] {logging_mixin.py:115} INFO - [2023-07-11 23:03:58,170] {dag.py:2420} INFO - Sync 1 DAGs
[2023-07-11 23:03:58,214] {logging_mixin.py:115} INFO - [2023-07-11 23:03:58,214] {dag.py:2972} INFO - Setting next_dagrun for example_complex to None, run_after=None
[2023-07-11 23:03:58,234] {processor.py:161} INFO - Processing /home/airflow/.local/lib/python3.7/site-packages/airflow/example_dags/example_complex.py took 0.177 seconds
[2023-07-11 23:04:28,733] {processor.py:153} INFO - Started process (PID=2550) to work on /home/airflow/.local/lib/python3.7/site-packages/airflow/example_dags/example_complex.py
[2023-07-11 23:04:28,734] {processor.py:641} INFO - Processing file /home/airflow/.local/lib/python3.7/site-packages/airflow/example_dags/example_complex.py for tasks to queue
[2023-07-11 23:04:28,739] {logging_mixin.py:115} INFO - [2023-07-11 23:04:28,739] {dagbag.py:508} INFO - Filling up the DagBag from /home/airflow/.local/lib/python3.7/site-packages/airflow/example_dags/example_complex.py
[2023-07-11 23:04:28,833] {processor.py:651} INFO - DAG(s) dict_keys(['example_complex']) retrieved from /home/airflow/.local/lib/python3.7/site-packages/airflow/example_dags/example_complex.py
[2023-07-11 23:04:29,065] {logging_mixin.py:115} INFO - [2023-07-11 23:04:29,064] {dag.py:2420} INFO - Sync 1 DAGs
[2023-07-11 23:04:29,275] {logging_mixin.py:115} INFO - [2023-07-11 23:04:29,275] {dag.py:2972} INFO - Setting next_dagrun for example_complex to None, run_after=None
[2023-07-11 23:04:29,402] {processor.py:161} INFO - Processing /home/airflow/.local/lib/python3.7/site-packages/airflow/example_dags/example_complex.py took 0.696 seconds
[2023-07-11 23:04:59,672] {processor.py:153} INFO - Started process (PID=2603) to work on /home/airflow/.local/lib/python3.7/site-packages/airflow/example_dags/example_complex.py
[2023-07-11 23:04:59,683] {processor.py:641} INFO - Processing file /home/airflow/.local/lib/python3.7/site-packages/airflow/example_dags/example_complex.py for tasks to queue
[2023-07-11 23:04:59,684] {logging_mixin.py:115} INFO - [2023-07-11 23:04:59,683] {dagbag.py:508} INFO - Filling up the DagBag from /home/airflow/.local/lib/python3.7/site-packages/airflow/example_dags/example_complex.py
[2023-07-11 23:04:59,775] {processor.py:651} INFO - DAG(s) dict_keys(['example_complex']) retrieved from /home/airflow/.local/lib/python3.7/site-packages/airflow/example_dags/example_complex.py
[2023-07-11 23:04:59,927] {logging_mixin.py:115} INFO - [2023-07-11 23:04:59,927] {dag.py:2420} INFO - Sync 1 DAGs
[2023-07-11 23:05:00,020] {logging_mixin.py:115} INFO - [2023-07-11 23:05:00,019] {dag.py:2972} INFO - Setting next_dagrun for example_complex to None, run_after=None
[2023-07-11 23:05:00,072] {processor.py:161} INFO - Processing /home/airflow/.local/lib/python3.7/site-packages/airflow/example_dags/example_complex.py took 0.409 seconds
[2023-07-11 23:05:30,656] {processor.py:153} INFO - Started process (PID=2663) to work on /home/airflow/.local/lib/python3.7/site-packages/airflow/example_dags/example_complex.py
[2023-07-11 23:05:30,660] {processor.py:641} INFO - Processing file /home/airflow/.local/lib/python3.7/site-packages/airflow/example_dags/example_complex.py for tasks to queue
[2023-07-11 23:05:30,662] {logging_mixin.py:115} INFO - [2023-07-11 23:05:30,662] {dagbag.py:508} INFO - Filling up the DagBag from /home/airflow/.local/lib/python3.7/site-packages/airflow/example_dags/example_complex.py
[2023-07-11 23:05:30,769] {processor.py:651} INFO - DAG(s) dict_keys(['example_complex']) retrieved from /home/airflow/.local/lib/python3.7/site-packages/airflow/example_dags/example_complex.py
[2023-07-11 23:05:30,936] {logging_mixin.py:115} INFO - [2023-07-11 23:05:30,935] {dag.py:2420} INFO - Sync 1 DAGs
[2023-07-11 23:05:31,075] {logging_mixin.py:115} INFO - [2023-07-11 23:05:31,074] {dag.py:2972} INFO - Setting next_dagrun for example_complex to None, run_after=None
[2023-07-11 23:05:31,149] {processor.py:161} INFO - Processing /home/airflow/.local/lib/python3.7/site-packages/airflow/example_dags/example_complex.py took 0.512 seconds
[2023-07-11 23:06:01,320] {processor.py:153} INFO - Started process (PID=2715) to work on /home/airflow/.local/lib/python3.7/site-packages/airflow/example_dags/example_complex.py
[2023-07-11 23:06:01,322] {processor.py:641} INFO - Processing file /home/airflow/.local/lib/python3.7/site-packages/airflow/example_dags/example_complex.py for tasks to queue
[2023-07-11 23:06:01,323] {logging_mixin.py:115} INFO - [2023-07-11 23:06:01,323] {dagbag.py:508} INFO - Filling up the DagBag from /home/airflow/.local/lib/python3.7/site-packages/airflow/example_dags/example_complex.py
[2023-07-11 23:06:01,370] {processor.py:651} INFO - DAG(s) dict_keys(['example_complex']) retrieved from /home/airflow/.local/lib/python3.7/site-packages/airflow/example_dags/example_complex.py
[2023-07-11 23:06:01,436] {logging_mixin.py:115} INFO - [2023-07-11 23:06:01,436] {dag.py:2420} INFO - Sync 1 DAGs
[2023-07-11 23:06:01,507] {logging_mixin.py:115} INFO - [2023-07-11 23:06:01,506] {dag.py:2972} INFO - Setting next_dagrun for example_complex to None, run_after=None
[2023-07-11 23:06:01,553] {processor.py:161} INFO - Processing /home/airflow/.local/lib/python3.7/site-packages/airflow/example_dags/example_complex.py took 0.240 seconds
[2023-07-11 23:06:32,055] {processor.py:153} INFO - Started process (PID=2766) to work on /home/airflow/.local/lib/python3.7/site-packages/airflow/example_dags/example_complex.py
[2023-07-11 23:06:32,056] {processor.py:641} INFO - Processing file /home/airflow/.local/lib/python3.7/site-packages/airflow/example_dags/example_complex.py for tasks to queue
[2023-07-11 23:06:32,057] {logging_mixin.py:115} INFO - [2023-07-11 23:06:32,057] {dagbag.py:508} INFO - Filling up the DagBag from /home/airflow/.local/lib/python3.7/site-packages/airflow/example_dags/example_complex.py
[2023-07-11 23:06:32,103] {processor.py:651} INFO - DAG(s) dict_keys(['example_complex']) retrieved from /home/airflow/.local/lib/python3.7/site-packages/airflow/example_dags/example_complex.py
[2023-07-11 23:06:32,201] {logging_mixin.py:115} INFO - [2023-07-11 23:06:32,201] {dag.py:2420} INFO - Sync 1 DAGs
[2023-07-11 23:06:32,293] {logging_mixin.py:115} INFO - [2023-07-11 23:06:32,293] {dag.py:2972} INFO - Setting next_dagrun for example_complex to None, run_after=None
[2023-07-11 23:06:32,326] {processor.py:161} INFO - Processing /home/airflow/.local/lib/python3.7/site-packages/airflow/example_dags/example_complex.py took 0.280 seconds
[2023-07-11 23:07:02,523] {processor.py:153} INFO - Started process (PID=2818) to work on /home/airflow/.local/lib/python3.7/site-packages/airflow/example_dags/example_complex.py
[2023-07-11 23:07:02,524] {processor.py:641} INFO - Processing file /home/airflow/.local/lib/python3.7/site-packages/airflow/example_dags/example_complex.py for tasks to queue
[2023-07-11 23:07:02,525] {logging_mixin.py:115} INFO - [2023-07-11 23:07:02,525] {dagbag.py:508} INFO - Filling up the DagBag from /home/airflow/.local/lib/python3.7/site-packages/airflow/example_dags/example_complex.py
[2023-07-11 23:07:02,547] {processor.py:651} INFO - DAG(s) dict_keys(['example_complex']) retrieved from /home/airflow/.local/lib/python3.7/site-packages/airflow/example_dags/example_complex.py
[2023-07-11 23:07:02,618] {logging_mixin.py:115} INFO - [2023-07-11 23:07:02,618] {dag.py:2420} INFO - Sync 1 DAGs
[2023-07-11 23:07:02,653] {logging_mixin.py:115} INFO - [2023-07-11 23:07:02,652] {dag.py:2972} INFO - Setting next_dagrun for example_complex to None, run_after=None
[2023-07-11 23:07:02,685] {processor.py:161} INFO - Processing /home/airflow/.local/lib/python3.7/site-packages/airflow/example_dags/example_complex.py took 0.167 seconds
[2023-07-11 23:07:32,876] {processor.py:153} INFO - Started process (PID=2869) to work on /home/airflow/.local/lib/python3.7/site-packages/airflow/example_dags/example_complex.py
[2023-07-11 23:07:32,876] {processor.py:641} INFO - Processing file /home/airflow/.local/lib/python3.7/site-packages/airflow/example_dags/example_complex.py for tasks to queue
[2023-07-11 23:07:32,877] {logging_mixin.py:115} INFO - [2023-07-11 23:07:32,877] {dagbag.py:508} INFO - Filling up the DagBag from /home/airflow/.local/lib/python3.7/site-packages/airflow/example_dags/example_complex.py
[2023-07-11 23:07:32,924] {processor.py:651} INFO - DAG(s) dict_keys(['example_complex']) retrieved from /home/airflow/.local/lib/python3.7/site-packages/airflow/example_dags/example_complex.py
[2023-07-11 23:07:33,078] {logging_mixin.py:115} INFO - [2023-07-11 23:07:33,078] {dag.py:2420} INFO - Sync 1 DAGs
[2023-07-11 23:07:33,178] {logging_mixin.py:115} INFO - [2023-07-11 23:07:33,177] {dag.py:2972} INFO - Setting next_dagrun for example_complex to None, run_after=None
[2023-07-11 23:07:33,239] {processor.py:161} INFO - Processing /home/airflow/.local/lib/python3.7/site-packages/airflow/example_dags/example_complex.py took 0.373 seconds
[2023-07-11 23:08:04,259] {processor.py:153} INFO - Started process (PID=2920) to work on /home/airflow/.local/lib/python3.7/site-packages/airflow/example_dags/example_complex.py
[2023-07-11 23:08:04,263] {processor.py:641} INFO - Processing file /home/airflow/.local/lib/python3.7/site-packages/airflow/example_dags/example_complex.py for tasks to queue
[2023-07-11 23:08:04,264] {logging_mixin.py:115} INFO - [2023-07-11 23:08:04,264] {dagbag.py:508} INFO - Filling up the DagBag from /home/airflow/.local/lib/python3.7/site-packages/airflow/example_dags/example_complex.py
[2023-07-11 23:08:04,314] {processor.py:651} INFO - DAG(s) dict_keys(['example_complex']) retrieved from /home/airflow/.local/lib/python3.7/site-packages/airflow/example_dags/example_complex.py
[2023-07-11 23:08:04,406] {logging_mixin.py:115} INFO - [2023-07-11 23:08:04,405] {dag.py:2420} INFO - Sync 1 DAGs
[2023-07-11 23:08:04,482] {logging_mixin.py:115} INFO - [2023-07-11 23:08:04,482] {dag.py:2972} INFO - Setting next_dagrun for example_complex to None, run_after=None
[2023-07-11 23:08:04,540] {processor.py:161} INFO - Processing /home/airflow/.local/lib/python3.7/site-packages/airflow/example_dags/example_complex.py took 0.287 seconds
[2023-07-11 23:08:34,793] {processor.py:153} INFO - Started process (PID=2979) to work on /home/airflow/.local/lib/python3.7/site-packages/airflow/example_dags/example_complex.py
[2023-07-11 23:08:34,794] {processor.py:641} INFO - Processing file /home/airflow/.local/lib/python3.7/site-packages/airflow/example_dags/example_complex.py for tasks to queue
[2023-07-11 23:08:34,795] {logging_mixin.py:115} INFO - [2023-07-11 23:08:34,794] {dagbag.py:508} INFO - Filling up the DagBag from /home/airflow/.local/lib/python3.7/site-packages/airflow/example_dags/example_complex.py
[2023-07-11 23:08:34,871] {processor.py:651} INFO - DAG(s) dict_keys(['example_complex']) retrieved from /home/airflow/.local/lib/python3.7/site-packages/airflow/example_dags/example_complex.py
[2023-07-11 23:08:35,032] {logging_mixin.py:115} INFO - [2023-07-11 23:08:35,031] {dag.py:2420} INFO - Sync 1 DAGs
[2023-07-11 23:08:35,103] {logging_mixin.py:115} INFO - [2023-07-11 23:08:35,103] {dag.py:2972} INFO - Setting next_dagrun for example_complex to None, run_after=None
[2023-07-11 23:08:35,144] {processor.py:161} INFO - Processing /home/airflow/.local/lib/python3.7/site-packages/airflow/example_dags/example_complex.py took 0.367 seconds
[2023-07-11 23:09:05,206] {processor.py:153} INFO - Started process (PID=3033) to work on /home/airflow/.local/lib/python3.7/site-packages/airflow/example_dags/example_complex.py
[2023-07-11 23:09:05,207] {processor.py:641} INFO - Processing file /home/airflow/.local/lib/python3.7/site-packages/airflow/example_dags/example_complex.py for tasks to queue
[2023-07-11 23:09:05,208] {logging_mixin.py:115} INFO - [2023-07-11 23:09:05,208] {dagbag.py:508} INFO - Filling up the DagBag from /home/airflow/.local/lib/python3.7/site-packages/airflow/example_dags/example_complex.py
[2023-07-11 23:09:05,264] {processor.py:651} INFO - DAG(s) dict_keys(['example_complex']) retrieved from /home/airflow/.local/lib/python3.7/site-packages/airflow/example_dags/example_complex.py
[2023-07-11 23:09:05,378] {logging_mixin.py:115} INFO - [2023-07-11 23:09:05,377] {dag.py:2420} INFO - Sync 1 DAGs
[2023-07-11 23:09:05,556] {logging_mixin.py:115} INFO - [2023-07-11 23:09:05,556] {dag.py:2972} INFO - Setting next_dagrun for example_complex to None, run_after=None
[2023-07-11 23:09:05,661] {processor.py:161} INFO - Processing /home/airflow/.local/lib/python3.7/site-packages/airflow/example_dags/example_complex.py took 0.462 seconds
[2023-07-11 23:09:35,738] {processor.py:153} INFO - Started process (PID=3085) to work on /home/airflow/.local/lib/python3.7/site-packages/airflow/example_dags/example_complex.py
[2023-07-11 23:09:35,739] {processor.py:641} INFO - Processing file /home/airflow/.local/lib/python3.7/site-packages/airflow/example_dags/example_complex.py for tasks to queue
[2023-07-11 23:09:35,740] {logging_mixin.py:115} INFO - [2023-07-11 23:09:35,739] {dagbag.py:508} INFO - Filling up the DagBag from /home/airflow/.local/lib/python3.7/site-packages/airflow/example_dags/example_complex.py
[2023-07-11 23:09:35,759] {processor.py:651} INFO - DAG(s) dict_keys(['example_complex']) retrieved from /home/airflow/.local/lib/python3.7/site-packages/airflow/example_dags/example_complex.py
[2023-07-11 23:09:35,816] {logging_mixin.py:115} INFO - [2023-07-11 23:09:35,816] {dag.py:2420} INFO - Sync 1 DAGs
[2023-07-11 23:09:35,863] {logging_mixin.py:115} INFO - [2023-07-11 23:09:35,862] {dag.py:2972} INFO - Setting next_dagrun for example_complex to None, run_after=None
[2023-07-11 23:09:35,888] {processor.py:161} INFO - Processing /home/airflow/.local/lib/python3.7/site-packages/airflow/example_dags/example_complex.py took 0.156 seconds
[2023-07-11 23:10:06,211] {processor.py:153} INFO - Started process (PID=3136) to work on /home/airflow/.local/lib/python3.7/site-packages/airflow/example_dags/example_complex.py
[2023-07-11 23:10:06,213] {processor.py:641} INFO - Processing file /home/airflow/.local/lib/python3.7/site-packages/airflow/example_dags/example_complex.py for tasks to queue
[2023-07-11 23:10:06,215] {logging_mixin.py:115} INFO - [2023-07-11 23:10:06,215] {dagbag.py:508} INFO - Filling up the DagBag from /home/airflow/.local/lib/python3.7/site-packages/airflow/example_dags/example_complex.py
[2023-07-11 23:10:06,260] {processor.py:651} INFO - DAG(s) dict_keys(['example_complex']) retrieved from /home/airflow/.local/lib/python3.7/site-packages/airflow/example_dags/example_complex.py
[2023-07-11 23:10:06,377] {logging_mixin.py:115} INFO - [2023-07-11 23:10:06,377] {dag.py:2420} INFO - Sync 1 DAGs
[2023-07-11 23:10:06,423] {logging_mixin.py:115} INFO - [2023-07-11 23:10:06,423] {dag.py:2972} INFO - Setting next_dagrun for example_complex to None, run_after=None
[2023-07-11 23:10:06,454] {processor.py:161} INFO - Processing /home/airflow/.local/lib/python3.7/site-packages/airflow/example_dags/example_complex.py took 0.258 seconds
[2023-07-11 23:10:36,876] {processor.py:153} INFO - Started process (PID=3189) to work on /home/airflow/.local/lib/python3.7/site-packages/airflow/example_dags/example_complex.py
[2023-07-11 23:10:36,877] {processor.py:641} INFO - Processing file /home/airflow/.local/lib/python3.7/site-packages/airflow/example_dags/example_complex.py for tasks to queue
[2023-07-11 23:10:36,879] {logging_mixin.py:115} INFO - [2023-07-11 23:10:36,879] {dagbag.py:508} INFO - Filling up the DagBag from /home/airflow/.local/lib/python3.7/site-packages/airflow/example_dags/example_complex.py
[2023-07-11 23:10:36,962] {processor.py:651} INFO - DAG(s) dict_keys(['example_complex']) retrieved from /home/airflow/.local/lib/python3.7/site-packages/airflow/example_dags/example_complex.py
[2023-07-11 23:10:37,048] {logging_mixin.py:115} INFO - [2023-07-11 23:10:37,048] {dag.py:2420} INFO - Sync 1 DAGs
[2023-07-11 23:10:37,105] {logging_mixin.py:115} INFO - [2023-07-11 23:10:37,105] {dag.py:2972} INFO - Setting next_dagrun for example_complex to None, run_after=None
[2023-07-11 23:10:37,143] {processor.py:161} INFO - Processing /home/airflow/.local/lib/python3.7/site-packages/airflow/example_dags/example_complex.py took 0.284 seconds
[2023-07-11 23:11:07,584] {processor.py:153} INFO - Started process (PID=3241) to work on /home/airflow/.local/lib/python3.7/site-packages/airflow/example_dags/example_complex.py
[2023-07-11 23:11:07,585] {processor.py:641} INFO - Processing file /home/airflow/.local/lib/python3.7/site-packages/airflow/example_dags/example_complex.py for tasks to queue
[2023-07-11 23:11:07,586] {logging_mixin.py:115} INFO - [2023-07-11 23:11:07,586] {dagbag.py:508} INFO - Filling up the DagBag from /home/airflow/.local/lib/python3.7/site-packages/airflow/example_dags/example_complex.py
[2023-07-11 23:11:07,687] {processor.py:651} INFO - DAG(s) dict_keys(['example_complex']) retrieved from /home/airflow/.local/lib/python3.7/site-packages/airflow/example_dags/example_complex.py
[2023-07-11 23:11:07,920] {logging_mixin.py:115} INFO - [2023-07-11 23:11:07,920] {dag.py:2420} INFO - Sync 1 DAGs
[2023-07-11 23:11:08,123] {logging_mixin.py:115} INFO - [2023-07-11 23:11:08,123] {dag.py:2972} INFO - Setting next_dagrun for example_complex to None, run_after=None
[2023-07-11 23:11:08,199] {processor.py:161} INFO - Processing /home/airflow/.local/lib/python3.7/site-packages/airflow/example_dags/example_complex.py took 0.627 seconds
[2023-07-11 23:11:38,684] {processor.py:153} INFO - Started process (PID=3301) to work on /home/airflow/.local/lib/python3.7/site-packages/airflow/example_dags/example_complex.py
[2023-07-11 23:11:38,685] {processor.py:641} INFO - Processing file /home/airflow/.local/lib/python3.7/site-packages/airflow/example_dags/example_complex.py for tasks to queue
[2023-07-11 23:11:38,686] {logging_mixin.py:115} INFO - [2023-07-11 23:11:38,685] {dagbag.py:508} INFO - Filling up the DagBag from /home/airflow/.local/lib/python3.7/site-packages/airflow/example_dags/example_complex.py
[2023-07-11 23:11:38,709] {processor.py:651} INFO - DAG(s) dict_keys(['example_complex']) retrieved from /home/airflow/.local/lib/python3.7/site-packages/airflow/example_dags/example_complex.py
[2023-07-11 23:11:38,775] {logging_mixin.py:115} INFO - [2023-07-11 23:11:38,774] {dag.py:2420} INFO - Sync 1 DAGs
[2023-07-11 23:11:38,826] {logging_mixin.py:115} INFO - [2023-07-11 23:11:38,826] {dag.py:2972} INFO - Setting next_dagrun for example_complex to None, run_after=None
[2023-07-11 23:11:38,846] {processor.py:161} INFO - Processing /home/airflow/.local/lib/python3.7/site-packages/airflow/example_dags/example_complex.py took 0.165 seconds
[2023-07-11 23:12:09,080] {processor.py:153} INFO - Started process (PID=3352) to work on /home/airflow/.local/lib/python3.7/site-packages/airflow/example_dags/example_complex.py
[2023-07-11 23:12:09,085] {processor.py:641} INFO - Processing file /home/airflow/.local/lib/python3.7/site-packages/airflow/example_dags/example_complex.py for tasks to queue
[2023-07-11 23:12:09,086] {logging_mixin.py:115} INFO - [2023-07-11 23:12:09,086] {dagbag.py:508} INFO - Filling up the DagBag from /home/airflow/.local/lib/python3.7/site-packages/airflow/example_dags/example_complex.py
[2023-07-11 23:12:09,137] {processor.py:651} INFO - DAG(s) dict_keys(['example_complex']) retrieved from /home/airflow/.local/lib/python3.7/site-packages/airflow/example_dags/example_complex.py
[2023-07-11 23:12:09,202] {logging_mixin.py:115} INFO - [2023-07-11 23:12:09,202] {dag.py:2420} INFO - Sync 1 DAGs
[2023-07-11 23:12:09,243] {logging_mixin.py:115} INFO - [2023-07-11 23:12:09,243] {dag.py:2972} INFO - Setting next_dagrun for example_complex to None, run_after=None
[2023-07-11 23:12:09,259] {processor.py:161} INFO - Processing /home/airflow/.local/lib/python3.7/site-packages/airflow/example_dags/example_complex.py took 0.185 seconds
[2023-07-11 23:12:39,620] {processor.py:153} INFO - Started process (PID=3404) to work on /home/airflow/.local/lib/python3.7/site-packages/airflow/example_dags/example_complex.py
[2023-07-11 23:12:39,621] {processor.py:641} INFO - Processing file /home/airflow/.local/lib/python3.7/site-packages/airflow/example_dags/example_complex.py for tasks to queue
[2023-07-11 23:12:39,621] {logging_mixin.py:115} INFO - [2023-07-11 23:12:39,621] {dagbag.py:508} INFO - Filling up the DagBag from /home/airflow/.local/lib/python3.7/site-packages/airflow/example_dags/example_complex.py
[2023-07-11 23:12:39,651] {processor.py:651} INFO - DAG(s) dict_keys(['example_complex']) retrieved from /home/airflow/.local/lib/python3.7/site-packages/airflow/example_dags/example_complex.py
[2023-07-11 23:12:39,720] {logging_mixin.py:115} INFO - [2023-07-11 23:12:39,720] {dag.py:2420} INFO - Sync 1 DAGs
[2023-07-11 23:12:39,765] {logging_mixin.py:115} INFO - [2023-07-11 23:12:39,764] {dag.py:2972} INFO - Setting next_dagrun for example_complex to None, run_after=None
[2023-07-11 23:12:39,796] {processor.py:161} INFO - Processing /home/airflow/.local/lib/python3.7/site-packages/airflow/example_dags/example_complex.py took 0.180 seconds
[2023-07-11 23:13:10,056] {processor.py:153} INFO - Started process (PID=3456) to work on /home/airflow/.local/lib/python3.7/site-packages/airflow/example_dags/example_complex.py
[2023-07-11 23:13:10,057] {processor.py:641} INFO - Processing file /home/airflow/.local/lib/python3.7/site-packages/airflow/example_dags/example_complex.py for tasks to queue
[2023-07-11 23:13:10,062] {logging_mixin.py:115} INFO - [2023-07-11 23:13:10,062] {dagbag.py:508} INFO - Filling up the DagBag from /home/airflow/.local/lib/python3.7/site-packages/airflow/example_dags/example_complex.py
[2023-07-11 23:13:10,094] {processor.py:651} INFO - DAG(s) dict_keys(['example_complex']) retrieved from /home/airflow/.local/lib/python3.7/site-packages/airflow/example_dags/example_complex.py
[2023-07-11 23:13:10,144] {logging_mixin.py:115} INFO - [2023-07-11 23:13:10,144] {dag.py:2420} INFO - Sync 1 DAGs
[2023-07-11 23:13:10,212] {logging_mixin.py:115} INFO - [2023-07-11 23:13:10,212] {dag.py:2972} INFO - Setting next_dagrun for example_complex to None, run_after=None
[2023-07-11 23:13:10,252] {processor.py:161} INFO - Processing /home/airflow/.local/lib/python3.7/site-packages/airflow/example_dags/example_complex.py took 0.203 seconds
