[2023-07-11 00:42:58,167] {processor.py:153} INFO - Started process (PID=65) to work on /home/airflow/.local/lib/python3.7/site-packages/airflow/example_dags/example_nested_branch_dag.py
[2023-07-11 00:42:58,178] {processor.py:641} INFO - Processing file /home/airflow/.local/lib/python3.7/site-packages/airflow/example_dags/example_nested_branch_dag.py for tasks to queue
[2023-07-11 00:42:58,179] {logging_mixin.py:115} INFO - [2023-07-11 00:42:58,179] {dagbag.py:508} INFO - Filling up the DagBag from /home/airflow/.local/lib/python3.7/site-packages/airflow/example_dags/example_nested_branch_dag.py
[2023-07-11 00:42:58,285] {processor.py:651} INFO - DAG(s) dict_keys(['example_nested_branch_dag']) retrieved from /home/airflow/.local/lib/python3.7/site-packages/airflow/example_dags/example_nested_branch_dag.py
[2023-07-11 00:42:58,624] {logging_mixin.py:115} INFO - [2023-07-11 00:42:58,624] {manager.py:508} INFO - Created Permission View: can delete on DAG:example_nested_branch_dag
[2023-07-11 00:42:58,684] {logging_mixin.py:115} INFO - [2023-07-11 00:42:58,684] {manager.py:508} INFO - Created Permission View: can read on DAG:example_nested_branch_dag
[2023-07-11 00:42:58,703] {logging_mixin.py:115} INFO - [2023-07-11 00:42:58,702] {manager.py:508} INFO - Created Permission View: can edit on DAG:example_nested_branch_dag
[2023-07-11 00:42:58,703] {logging_mixin.py:115} INFO - [2023-07-11 00:42:58,703] {dag.py:2420} INFO - Sync 1 DAGs
[2023-07-11 00:42:58,731] {logging_mixin.py:115} INFO - [2023-07-11 00:42:58,731] {dag.py:2439} INFO - Creating ORM DAG for example_nested_branch_dag
[2023-07-11 00:42:58,779] {logging_mixin.py:115} INFO - [2023-07-11 00:42:58,779] {dag.py:2972} INFO - Setting next_dagrun for example_nested_branch_dag to 2023-07-10T00:00:00+00:00, run_after=2023-07-11T00:00:00+00:00
[2023-07-11 00:42:58,838] {processor.py:161} INFO - Processing /home/airflow/.local/lib/python3.7/site-packages/airflow/example_dags/example_nested_branch_dag.py took 0.689 seconds
[2023-07-11 00:43:29,301] {processor.py:153} INFO - Started process (PID=117) to work on /home/airflow/.local/lib/python3.7/site-packages/airflow/example_dags/example_nested_branch_dag.py
[2023-07-11 00:43:29,302] {processor.py:641} INFO - Processing file /home/airflow/.local/lib/python3.7/site-packages/airflow/example_dags/example_nested_branch_dag.py for tasks to queue
[2023-07-11 00:43:29,302] {logging_mixin.py:115} INFO - [2023-07-11 00:43:29,302] {dagbag.py:508} INFO - Filling up the DagBag from /home/airflow/.local/lib/python3.7/site-packages/airflow/example_dags/example_nested_branch_dag.py
[2023-07-11 00:43:29,313] {processor.py:651} INFO - DAG(s) dict_keys(['example_nested_branch_dag']) retrieved from /home/airflow/.local/lib/python3.7/site-packages/airflow/example_dags/example_nested_branch_dag.py
[2023-07-11 00:43:29,341] {logging_mixin.py:115} INFO - [2023-07-11 00:43:29,341] {dag.py:2420} INFO - Sync 1 DAGs
[2023-07-11 00:43:29,368] {logging_mixin.py:115} INFO - [2023-07-11 00:43:29,367] {dag.py:2972} INFO - Setting next_dagrun for example_nested_branch_dag to 2023-07-10T00:00:00+00:00, run_after=2023-07-11T00:00:00+00:00
[2023-07-11 00:43:29,381] {processor.py:161} INFO - Processing /home/airflow/.local/lib/python3.7/site-packages/airflow/example_dags/example_nested_branch_dag.py took 0.083 seconds
[2023-07-11 00:44:00,098] {processor.py:153} INFO - Started process (PID=168) to work on /home/airflow/.local/lib/python3.7/site-packages/airflow/example_dags/example_nested_branch_dag.py
[2023-07-11 00:44:00,098] {processor.py:641} INFO - Processing file /home/airflow/.local/lib/python3.7/site-packages/airflow/example_dags/example_nested_branch_dag.py for tasks to queue
[2023-07-11 00:44:00,099] {logging_mixin.py:115} INFO - [2023-07-11 00:44:00,099] {dagbag.py:508} INFO - Filling up the DagBag from /home/airflow/.local/lib/python3.7/site-packages/airflow/example_dags/example_nested_branch_dag.py
[2023-07-11 00:44:00,110] {processor.py:651} INFO - DAG(s) dict_keys(['example_nested_branch_dag']) retrieved from /home/airflow/.local/lib/python3.7/site-packages/airflow/example_dags/example_nested_branch_dag.py
[2023-07-11 00:44:00,138] {logging_mixin.py:115} INFO - [2023-07-11 00:44:00,138] {dag.py:2420} INFO - Sync 1 DAGs
[2023-07-11 00:44:00,165] {logging_mixin.py:115} INFO - [2023-07-11 00:44:00,164] {dag.py:2972} INFO - Setting next_dagrun for example_nested_branch_dag to 2023-07-10T00:00:00+00:00, run_after=2023-07-11T00:00:00+00:00
[2023-07-11 00:44:00,178] {processor.py:161} INFO - Processing /home/airflow/.local/lib/python3.7/site-packages/airflow/example_dags/example_nested_branch_dag.py took 0.083 seconds
[2023-07-11 00:44:30,317] {processor.py:153} INFO - Started process (PID=228) to work on /home/airflow/.local/lib/python3.7/site-packages/airflow/example_dags/example_nested_branch_dag.py
[2023-07-11 00:44:30,318] {processor.py:641} INFO - Processing file /home/airflow/.local/lib/python3.7/site-packages/airflow/example_dags/example_nested_branch_dag.py for tasks to queue
[2023-07-11 00:44:30,318] {logging_mixin.py:115} INFO - [2023-07-11 00:44:30,318] {dagbag.py:508} INFO - Filling up the DagBag from /home/airflow/.local/lib/python3.7/site-packages/airflow/example_dags/example_nested_branch_dag.py
[2023-07-11 00:44:30,340] {processor.py:651} INFO - DAG(s) dict_keys(['example_nested_branch_dag']) retrieved from /home/airflow/.local/lib/python3.7/site-packages/airflow/example_dags/example_nested_branch_dag.py
[2023-07-11 00:44:30,384] {logging_mixin.py:115} INFO - [2023-07-11 00:44:30,384] {dag.py:2420} INFO - Sync 1 DAGs
[2023-07-11 00:44:30,438] {logging_mixin.py:115} INFO - [2023-07-11 00:44:30,438] {dag.py:2972} INFO - Setting next_dagrun for example_nested_branch_dag to 2023-07-10T00:00:00+00:00, run_after=2023-07-11T00:00:00+00:00
[2023-07-11 00:44:30,459] {processor.py:161} INFO - Processing /home/airflow/.local/lib/python3.7/site-packages/airflow/example_dags/example_nested_branch_dag.py took 0.148 seconds
[2023-07-11 00:45:01,215] {processor.py:153} INFO - Started process (PID=280) to work on /home/airflow/.local/lib/python3.7/site-packages/airflow/example_dags/example_nested_branch_dag.py
[2023-07-11 00:45:01,216] {processor.py:641} INFO - Processing file /home/airflow/.local/lib/python3.7/site-packages/airflow/example_dags/example_nested_branch_dag.py for tasks to queue
[2023-07-11 00:45:01,216] {logging_mixin.py:115} INFO - [2023-07-11 00:45:01,216] {dagbag.py:508} INFO - Filling up the DagBag from /home/airflow/.local/lib/python3.7/site-packages/airflow/example_dags/example_nested_branch_dag.py
[2023-07-11 00:45:01,228] {processor.py:651} INFO - DAG(s) dict_keys(['example_nested_branch_dag']) retrieved from /home/airflow/.local/lib/python3.7/site-packages/airflow/example_dags/example_nested_branch_dag.py
[2023-07-11 00:45:01,265] {logging_mixin.py:115} INFO - [2023-07-11 00:45:01,265] {dag.py:2420} INFO - Sync 1 DAGs
[2023-07-11 00:45:01,299] {logging_mixin.py:115} INFO - [2023-07-11 00:45:01,299] {dag.py:2972} INFO - Setting next_dagrun for example_nested_branch_dag to 2023-07-10T00:00:00+00:00, run_after=2023-07-11T00:00:00+00:00
[2023-07-11 00:45:01,327] {processor.py:161} INFO - Processing /home/airflow/.local/lib/python3.7/site-packages/airflow/example_dags/example_nested_branch_dag.py took 0.116 seconds
[2023-07-11 00:45:31,926] {processor.py:153} INFO - Started process (PID=341) to work on /home/airflow/.local/lib/python3.7/site-packages/airflow/example_dags/example_nested_branch_dag.py
[2023-07-11 00:45:31,927] {processor.py:641} INFO - Processing file /home/airflow/.local/lib/python3.7/site-packages/airflow/example_dags/example_nested_branch_dag.py for tasks to queue
[2023-07-11 00:45:31,927] {logging_mixin.py:115} INFO - [2023-07-11 00:45:31,927] {dagbag.py:508} INFO - Filling up the DagBag from /home/airflow/.local/lib/python3.7/site-packages/airflow/example_dags/example_nested_branch_dag.py
[2023-07-11 00:45:31,942] {processor.py:651} INFO - DAG(s) dict_keys(['example_nested_branch_dag']) retrieved from /home/airflow/.local/lib/python3.7/site-packages/airflow/example_dags/example_nested_branch_dag.py
[2023-07-11 00:45:31,985] {logging_mixin.py:115} INFO - [2023-07-11 00:45:31,985] {dag.py:2420} INFO - Sync 1 DAGs
[2023-07-11 00:45:32,034] {logging_mixin.py:115} INFO - [2023-07-11 00:45:32,034] {dag.py:2972} INFO - Setting next_dagrun for example_nested_branch_dag to 2023-07-10T00:00:00+00:00, run_after=2023-07-11T00:00:00+00:00
[2023-07-11 00:45:32,057] {processor.py:161} INFO - Processing /home/airflow/.local/lib/python3.7/site-packages/airflow/example_dags/example_nested_branch_dag.py took 0.134 seconds
[2023-07-11 00:46:02,509] {processor.py:153} INFO - Started process (PID=393) to work on /home/airflow/.local/lib/python3.7/site-packages/airflow/example_dags/example_nested_branch_dag.py
[2023-07-11 00:46:02,510] {processor.py:641} INFO - Processing file /home/airflow/.local/lib/python3.7/site-packages/airflow/example_dags/example_nested_branch_dag.py for tasks to queue
[2023-07-11 00:46:02,510] {logging_mixin.py:115} INFO - [2023-07-11 00:46:02,510] {dagbag.py:508} INFO - Filling up the DagBag from /home/airflow/.local/lib/python3.7/site-packages/airflow/example_dags/example_nested_branch_dag.py
[2023-07-11 00:46:02,525] {processor.py:651} INFO - DAG(s) dict_keys(['example_nested_branch_dag']) retrieved from /home/airflow/.local/lib/python3.7/site-packages/airflow/example_dags/example_nested_branch_dag.py
[2023-07-11 00:46:02,559] {logging_mixin.py:115} INFO - [2023-07-11 00:46:02,559] {dag.py:2420} INFO - Sync 1 DAGs
[2023-07-11 00:46:02,591] {logging_mixin.py:115} INFO - [2023-07-11 00:46:02,590] {dag.py:2972} INFO - Setting next_dagrun for example_nested_branch_dag to 2023-07-10T00:00:00+00:00, run_after=2023-07-11T00:00:00+00:00
[2023-07-11 00:46:02,606] {processor.py:161} INFO - Processing /home/airflow/.local/lib/python3.7/site-packages/airflow/example_dags/example_nested_branch_dag.py took 0.100 seconds
[2023-07-11 00:46:32,972] {processor.py:153} INFO - Started process (PID=456) to work on /home/airflow/.local/lib/python3.7/site-packages/airflow/example_dags/example_nested_branch_dag.py
[2023-07-11 00:46:32,973] {processor.py:641} INFO - Processing file /home/airflow/.local/lib/python3.7/site-packages/airflow/example_dags/example_nested_branch_dag.py for tasks to queue
[2023-07-11 00:46:32,974] {logging_mixin.py:115} INFO - [2023-07-11 00:46:32,974] {dagbag.py:508} INFO - Filling up the DagBag from /home/airflow/.local/lib/python3.7/site-packages/airflow/example_dags/example_nested_branch_dag.py
[2023-07-11 00:46:32,993] {processor.py:651} INFO - DAG(s) dict_keys(['example_nested_branch_dag']) retrieved from /home/airflow/.local/lib/python3.7/site-packages/airflow/example_dags/example_nested_branch_dag.py
[2023-07-11 00:46:33,027] {logging_mixin.py:115} INFO - [2023-07-11 00:46:33,027] {dag.py:2420} INFO - Sync 1 DAGs
[2023-07-11 00:46:33,067] {logging_mixin.py:115} INFO - [2023-07-11 00:46:33,067] {dag.py:2972} INFO - Setting next_dagrun for example_nested_branch_dag to 2023-07-10T00:00:00+00:00, run_after=2023-07-11T00:00:00+00:00
[2023-07-11 00:46:33,086] {processor.py:161} INFO - Processing /home/airflow/.local/lib/python3.7/site-packages/airflow/example_dags/example_nested_branch_dag.py took 0.119 seconds
[2023-07-11 00:47:03,248] {processor.py:153} INFO - Started process (PID=517) to work on /home/airflow/.local/lib/python3.7/site-packages/airflow/example_dags/example_nested_branch_dag.py
[2023-07-11 00:47:03,249] {processor.py:641} INFO - Processing file /home/airflow/.local/lib/python3.7/site-packages/airflow/example_dags/example_nested_branch_dag.py for tasks to queue
[2023-07-11 00:47:03,250] {logging_mixin.py:115} INFO - [2023-07-11 00:47:03,250] {dagbag.py:508} INFO - Filling up the DagBag from /home/airflow/.local/lib/python3.7/site-packages/airflow/example_dags/example_nested_branch_dag.py
[2023-07-11 00:47:03,268] {processor.py:651} INFO - DAG(s) dict_keys(['example_nested_branch_dag']) retrieved from /home/airflow/.local/lib/python3.7/site-packages/airflow/example_dags/example_nested_branch_dag.py
[2023-07-11 00:47:03,311] {logging_mixin.py:115} INFO - [2023-07-11 00:47:03,310] {dag.py:2420} INFO - Sync 1 DAGs
[2023-07-11 00:47:03,356] {logging_mixin.py:115} INFO - [2023-07-11 00:47:03,356] {dag.py:2972} INFO - Setting next_dagrun for example_nested_branch_dag to 2023-07-10T00:00:00+00:00, run_after=2023-07-11T00:00:00+00:00
[2023-07-11 00:47:03,378] {processor.py:161} INFO - Processing /home/airflow/.local/lib/python3.7/site-packages/airflow/example_dags/example_nested_branch_dag.py took 0.135 seconds
[2023-07-11 00:47:34,213] {processor.py:153} INFO - Started process (PID=569) to work on /home/airflow/.local/lib/python3.7/site-packages/airflow/example_dags/example_nested_branch_dag.py
[2023-07-11 00:47:34,215] {processor.py:641} INFO - Processing file /home/airflow/.local/lib/python3.7/site-packages/airflow/example_dags/example_nested_branch_dag.py for tasks to queue
[2023-07-11 00:47:34,216] {logging_mixin.py:115} INFO - [2023-07-11 00:47:34,216] {dagbag.py:508} INFO - Filling up the DagBag from /home/airflow/.local/lib/python3.7/site-packages/airflow/example_dags/example_nested_branch_dag.py
[2023-07-11 00:47:34,229] {processor.py:651} INFO - DAG(s) dict_keys(['example_nested_branch_dag']) retrieved from /home/airflow/.local/lib/python3.7/site-packages/airflow/example_dags/example_nested_branch_dag.py
[2023-07-11 00:47:34,267] {logging_mixin.py:115} INFO - [2023-07-11 00:47:34,267] {dag.py:2420} INFO - Sync 1 DAGs
[2023-07-11 00:47:34,299] {logging_mixin.py:115} INFO - [2023-07-11 00:47:34,299] {dag.py:2972} INFO - Setting next_dagrun for example_nested_branch_dag to 2023-07-10T00:00:00+00:00, run_after=2023-07-11T00:00:00+00:00
[2023-07-11 00:47:34,314] {processor.py:161} INFO - Processing /home/airflow/.local/lib/python3.7/site-packages/airflow/example_dags/example_nested_branch_dag.py took 0.107 seconds
[2023-07-11 00:48:04,409] {processor.py:153} INFO - Started process (PID=630) to work on /home/airflow/.local/lib/python3.7/site-packages/airflow/example_dags/example_nested_branch_dag.py
[2023-07-11 00:48:04,410] {processor.py:641} INFO - Processing file /home/airflow/.local/lib/python3.7/site-packages/airflow/example_dags/example_nested_branch_dag.py for tasks to queue
[2023-07-11 00:48:04,410] {logging_mixin.py:115} INFO - [2023-07-11 00:48:04,410] {dagbag.py:508} INFO - Filling up the DagBag from /home/airflow/.local/lib/python3.7/site-packages/airflow/example_dags/example_nested_branch_dag.py
[2023-07-11 00:48:04,422] {processor.py:651} INFO - DAG(s) dict_keys(['example_nested_branch_dag']) retrieved from /home/airflow/.local/lib/python3.7/site-packages/airflow/example_dags/example_nested_branch_dag.py
[2023-07-11 00:48:04,450] {logging_mixin.py:115} INFO - [2023-07-11 00:48:04,450] {dag.py:2420} INFO - Sync 1 DAGs
[2023-07-11 00:48:04,477] {logging_mixin.py:115} INFO - [2023-07-11 00:48:04,476] {dag.py:2972} INFO - Setting next_dagrun for example_nested_branch_dag to 2023-07-10T00:00:00+00:00, run_after=2023-07-11T00:00:00+00:00
[2023-07-11 00:48:04,490] {processor.py:161} INFO - Processing /home/airflow/.local/lib/python3.7/site-packages/airflow/example_dags/example_nested_branch_dag.py took 0.085 seconds
[2023-07-11 00:48:34,676] {processor.py:153} INFO - Started process (PID=682) to work on /home/airflow/.local/lib/python3.7/site-packages/airflow/example_dags/example_nested_branch_dag.py
[2023-07-11 00:48:34,677] {processor.py:641} INFO - Processing file /home/airflow/.local/lib/python3.7/site-packages/airflow/example_dags/example_nested_branch_dag.py for tasks to queue
[2023-07-11 00:48:34,678] {logging_mixin.py:115} INFO - [2023-07-11 00:48:34,677] {dagbag.py:508} INFO - Filling up the DagBag from /home/airflow/.local/lib/python3.7/site-packages/airflow/example_dags/example_nested_branch_dag.py
[2023-07-11 00:48:34,690] {processor.py:651} INFO - DAG(s) dict_keys(['example_nested_branch_dag']) retrieved from /home/airflow/.local/lib/python3.7/site-packages/airflow/example_dags/example_nested_branch_dag.py
[2023-07-11 00:48:34,725] {logging_mixin.py:115} INFO - [2023-07-11 00:48:34,725] {dag.py:2420} INFO - Sync 1 DAGs
[2023-07-11 00:48:34,761] {logging_mixin.py:115} INFO - [2023-07-11 00:48:34,761] {dag.py:2972} INFO - Setting next_dagrun for example_nested_branch_dag to 2023-07-10T00:00:00+00:00, run_after=2023-07-11T00:00:00+00:00
[2023-07-11 00:48:34,776] {processor.py:161} INFO - Processing /home/airflow/.local/lib/python3.7/site-packages/airflow/example_dags/example_nested_branch_dag.py took 0.103 seconds
[2023-07-11 00:49:05,392] {processor.py:153} INFO - Started process (PID=744) to work on /home/airflow/.local/lib/python3.7/site-packages/airflow/example_dags/example_nested_branch_dag.py
[2023-07-11 00:49:05,393] {processor.py:641} INFO - Processing file /home/airflow/.local/lib/python3.7/site-packages/airflow/example_dags/example_nested_branch_dag.py for tasks to queue
[2023-07-11 00:49:05,394] {logging_mixin.py:115} INFO - [2023-07-11 00:49:05,394] {dagbag.py:508} INFO - Filling up the DagBag from /home/airflow/.local/lib/python3.7/site-packages/airflow/example_dags/example_nested_branch_dag.py
[2023-07-11 00:49:05,416] {processor.py:651} INFO - DAG(s) dict_keys(['example_nested_branch_dag']) retrieved from /home/airflow/.local/lib/python3.7/site-packages/airflow/example_dags/example_nested_branch_dag.py
[2023-07-11 00:49:05,464] {logging_mixin.py:115} INFO - [2023-07-11 00:49:05,464] {dag.py:2420} INFO - Sync 1 DAGs
[2023-07-11 00:49:05,507] {logging_mixin.py:115} INFO - [2023-07-11 00:49:05,507] {dag.py:2972} INFO - Setting next_dagrun for example_nested_branch_dag to 2023-07-10T00:00:00+00:00, run_after=2023-07-11T00:00:00+00:00
[2023-07-11 00:49:05,523] {processor.py:161} INFO - Processing /home/airflow/.local/lib/python3.7/site-packages/airflow/example_dags/example_nested_branch_dag.py took 0.137 seconds
[2023-07-11 00:49:35,619] {processor.py:153} INFO - Started process (PID=795) to work on /home/airflow/.local/lib/python3.7/site-packages/airflow/example_dags/example_nested_branch_dag.py
[2023-07-11 00:49:35,620] {processor.py:641} INFO - Processing file /home/airflow/.local/lib/python3.7/site-packages/airflow/example_dags/example_nested_branch_dag.py for tasks to queue
[2023-07-11 00:49:35,620] {logging_mixin.py:115} INFO - [2023-07-11 00:49:35,620] {dagbag.py:508} INFO - Filling up the DagBag from /home/airflow/.local/lib/python3.7/site-packages/airflow/example_dags/example_nested_branch_dag.py
[2023-07-11 00:49:35,635] {processor.py:651} INFO - DAG(s) dict_keys(['example_nested_branch_dag']) retrieved from /home/airflow/.local/lib/python3.7/site-packages/airflow/example_dags/example_nested_branch_dag.py
[2023-07-11 00:49:35,660] {logging_mixin.py:115} INFO - [2023-07-11 00:49:35,660] {dag.py:2420} INFO - Sync 1 DAGs
[2023-07-11 00:49:35,689] {logging_mixin.py:115} INFO - [2023-07-11 00:49:35,689] {dag.py:2972} INFO - Setting next_dagrun for example_nested_branch_dag to 2023-07-10T00:00:00+00:00, run_after=2023-07-11T00:00:00+00:00
[2023-07-11 00:49:35,702] {processor.py:161} INFO - Processing /home/airflow/.local/lib/python3.7/site-packages/airflow/example_dags/example_nested_branch_dag.py took 0.088 seconds
[2023-07-11 00:50:06,160] {processor.py:153} INFO - Started process (PID=855) to work on /home/airflow/.local/lib/python3.7/site-packages/airflow/example_dags/example_nested_branch_dag.py
[2023-07-11 00:50:06,161] {processor.py:641} INFO - Processing file /home/airflow/.local/lib/python3.7/site-packages/airflow/example_dags/example_nested_branch_dag.py for tasks to queue
[2023-07-11 00:50:06,162] {logging_mixin.py:115} INFO - [2023-07-11 00:50:06,161] {dagbag.py:508} INFO - Filling up the DagBag from /home/airflow/.local/lib/python3.7/site-packages/airflow/example_dags/example_nested_branch_dag.py
[2023-07-11 00:50:06,180] {processor.py:651} INFO - DAG(s) dict_keys(['example_nested_branch_dag']) retrieved from /home/airflow/.local/lib/python3.7/site-packages/airflow/example_dags/example_nested_branch_dag.py
[2023-07-11 00:50:06,219] {logging_mixin.py:115} INFO - [2023-07-11 00:50:06,219] {dag.py:2420} INFO - Sync 1 DAGs
[2023-07-11 00:50:06,258] {logging_mixin.py:115} INFO - [2023-07-11 00:50:06,257] {dag.py:2972} INFO - Setting next_dagrun for example_nested_branch_dag to 2023-07-10T00:00:00+00:00, run_after=2023-07-11T00:00:00+00:00
[2023-07-11 00:50:06,281] {processor.py:161} INFO - Processing /home/airflow/.local/lib/python3.7/site-packages/airflow/example_dags/example_nested_branch_dag.py took 0.126 seconds
[2023-07-11 00:50:36,829] {processor.py:153} INFO - Started process (PID=906) to work on /home/airflow/.local/lib/python3.7/site-packages/airflow/example_dags/example_nested_branch_dag.py
[2023-07-11 00:50:36,830] {processor.py:641} INFO - Processing file /home/airflow/.local/lib/python3.7/site-packages/airflow/example_dags/example_nested_branch_dag.py for tasks to queue
[2023-07-11 00:50:36,830] {logging_mixin.py:115} INFO - [2023-07-11 00:50:36,830] {dagbag.py:508} INFO - Filling up the DagBag from /home/airflow/.local/lib/python3.7/site-packages/airflow/example_dags/example_nested_branch_dag.py
[2023-07-11 00:50:36,843] {processor.py:651} INFO - DAG(s) dict_keys(['example_nested_branch_dag']) retrieved from /home/airflow/.local/lib/python3.7/site-packages/airflow/example_dags/example_nested_branch_dag.py
[2023-07-11 00:50:36,877] {logging_mixin.py:115} INFO - [2023-07-11 00:50:36,877] {dag.py:2420} INFO - Sync 1 DAGs
[2023-07-11 00:50:36,918] {logging_mixin.py:115} INFO - [2023-07-11 00:50:36,917] {dag.py:2972} INFO - Setting next_dagrun for example_nested_branch_dag to 2023-07-10T00:00:00+00:00, run_after=2023-07-11T00:00:00+00:00
[2023-07-11 00:50:36,938] {processor.py:161} INFO - Processing /home/airflow/.local/lib/python3.7/site-packages/airflow/example_dags/example_nested_branch_dag.py took 0.113 seconds
[2023-07-11 00:51:07,504] {processor.py:153} INFO - Started process (PID=966) to work on /home/airflow/.local/lib/python3.7/site-packages/airflow/example_dags/example_nested_branch_dag.py
[2023-07-11 00:51:07,505] {processor.py:641} INFO - Processing file /home/airflow/.local/lib/python3.7/site-packages/airflow/example_dags/example_nested_branch_dag.py for tasks to queue
[2023-07-11 00:51:07,505] {logging_mixin.py:115} INFO - [2023-07-11 00:51:07,505] {dagbag.py:508} INFO - Filling up the DagBag from /home/airflow/.local/lib/python3.7/site-packages/airflow/example_dags/example_nested_branch_dag.py
[2023-07-11 00:51:07,517] {processor.py:651} INFO - DAG(s) dict_keys(['example_nested_branch_dag']) retrieved from /home/airflow/.local/lib/python3.7/site-packages/airflow/example_dags/example_nested_branch_dag.py
[2023-07-11 00:51:07,553] {logging_mixin.py:115} INFO - [2023-07-11 00:51:07,553] {dag.py:2420} INFO - Sync 1 DAGs
[2023-07-11 00:51:07,589] {logging_mixin.py:115} INFO - [2023-07-11 00:51:07,588] {dag.py:2972} INFO - Setting next_dagrun for example_nested_branch_dag to 2023-07-10T00:00:00+00:00, run_after=2023-07-11T00:00:00+00:00
[2023-07-11 00:51:07,636] {processor.py:161} INFO - Processing /home/airflow/.local/lib/python3.7/site-packages/airflow/example_dags/example_nested_branch_dag.py took 0.135 seconds
[2023-07-11 00:51:37,881] {processor.py:153} INFO - Started process (PID=1018) to work on /home/airflow/.local/lib/python3.7/site-packages/airflow/example_dags/example_nested_branch_dag.py
[2023-07-11 00:51:37,882] {processor.py:641} INFO - Processing file /home/airflow/.local/lib/python3.7/site-packages/airflow/example_dags/example_nested_branch_dag.py for tasks to queue
[2023-07-11 00:51:37,883] {logging_mixin.py:115} INFO - [2023-07-11 00:51:37,883] {dagbag.py:508} INFO - Filling up the DagBag from /home/airflow/.local/lib/python3.7/site-packages/airflow/example_dags/example_nested_branch_dag.py
[2023-07-11 00:51:37,896] {processor.py:651} INFO - DAG(s) dict_keys(['example_nested_branch_dag']) retrieved from /home/airflow/.local/lib/python3.7/site-packages/airflow/example_dags/example_nested_branch_dag.py
[2023-07-11 00:51:37,927] {logging_mixin.py:115} INFO - [2023-07-11 00:51:37,927] {dag.py:2420} INFO - Sync 1 DAGs
[2023-07-11 00:51:37,957] {logging_mixin.py:115} INFO - [2023-07-11 00:51:37,957] {dag.py:2972} INFO - Setting next_dagrun for example_nested_branch_dag to 2023-07-10T00:00:00+00:00, run_after=2023-07-11T00:00:00+00:00
[2023-07-11 00:51:37,973] {processor.py:161} INFO - Processing /home/airflow/.local/lib/python3.7/site-packages/airflow/example_dags/example_nested_branch_dag.py took 0.095 seconds
[2023-07-11 22:50:10,389] {processor.py:153} INFO - Started process (PID=1069) to work on /home/airflow/.local/lib/python3.7/site-packages/airflow/example_dags/example_nested_branch_dag.py
[2023-07-11 22:50:10,395] {processor.py:641} INFO - Processing file /home/airflow/.local/lib/python3.7/site-packages/airflow/example_dags/example_nested_branch_dag.py for tasks to queue
[2023-07-11 22:50:10,395] {logging_mixin.py:115} INFO - [2023-07-11 22:50:10,395] {dagbag.py:508} INFO - Filling up the DagBag from /home/airflow/.local/lib/python3.7/site-packages/airflow/example_dags/example_nested_branch_dag.py
[2023-07-11 22:50:10,426] {processor.py:651} INFO - DAG(s) dict_keys(['example_nested_branch_dag']) retrieved from /home/airflow/.local/lib/python3.7/site-packages/airflow/example_dags/example_nested_branch_dag.py
[2023-07-11 22:50:10,527] {logging_mixin.py:115} INFO - [2023-07-11 22:50:10,527] {dag.py:2420} INFO - Sync 1 DAGs
[2023-07-11 22:50:10,614] {logging_mixin.py:115} INFO - [2023-07-11 22:50:10,614] {dag.py:2972} INFO - Setting next_dagrun for example_nested_branch_dag to 2023-07-10T00:00:00+00:00, run_after=2023-07-11T00:00:00+00:00
[2023-07-11 22:50:10,677] {processor.py:161} INFO - Processing /home/airflow/.local/lib/python3.7/site-packages/airflow/example_dags/example_nested_branch_dag.py took 0.293 seconds
[2023-07-11 22:50:41,550] {processor.py:153} INFO - Started process (PID=1119) to work on /home/airflow/.local/lib/python3.7/site-packages/airflow/example_dags/example_nested_branch_dag.py
[2023-07-11 22:50:41,550] {processor.py:641} INFO - Processing file /home/airflow/.local/lib/python3.7/site-packages/airflow/example_dags/example_nested_branch_dag.py for tasks to queue
[2023-07-11 22:50:41,556] {logging_mixin.py:115} INFO - [2023-07-11 22:50:41,551] {dagbag.py:508} INFO - Filling up the DagBag from /home/airflow/.local/lib/python3.7/site-packages/airflow/example_dags/example_nested_branch_dag.py
[2023-07-11 22:50:41,590] {processor.py:651} INFO - DAG(s) dict_keys(['example_nested_branch_dag']) retrieved from /home/airflow/.local/lib/python3.7/site-packages/airflow/example_dags/example_nested_branch_dag.py
[2023-07-11 22:50:41,639] {logging_mixin.py:115} INFO - [2023-07-11 22:50:41,638] {dag.py:2420} INFO - Sync 1 DAGs
[2023-07-11 22:50:41,685] {logging_mixin.py:115} INFO - [2023-07-11 22:50:41,685] {dag.py:2972} INFO - Setting next_dagrun for example_nested_branch_dag to 2023-07-10T00:00:00+00:00, run_after=2023-07-11T00:00:00+00:00
[2023-07-11 22:50:41,705] {processor.py:161} INFO - Processing /home/airflow/.local/lib/python3.7/site-packages/airflow/example_dags/example_nested_branch_dag.py took 0.160 seconds
[2023-07-11 22:51:11,860] {processor.py:153} INFO - Started process (PID=1173) to work on /home/airflow/.local/lib/python3.7/site-packages/airflow/example_dags/example_nested_branch_dag.py
[2023-07-11 22:51:11,861] {processor.py:641} INFO - Processing file /home/airflow/.local/lib/python3.7/site-packages/airflow/example_dags/example_nested_branch_dag.py for tasks to queue
[2023-07-11 22:51:11,861] {logging_mixin.py:115} INFO - [2023-07-11 22:51:11,861] {dagbag.py:508} INFO - Filling up the DagBag from /home/airflow/.local/lib/python3.7/site-packages/airflow/example_dags/example_nested_branch_dag.py
[2023-07-11 22:51:11,873] {processor.py:651} INFO - DAG(s) dict_keys(['example_nested_branch_dag']) retrieved from /home/airflow/.local/lib/python3.7/site-packages/airflow/example_dags/example_nested_branch_dag.py
[2023-07-11 22:51:11,903] {logging_mixin.py:115} INFO - [2023-07-11 22:51:11,903] {dag.py:2420} INFO - Sync 1 DAGs
[2023-07-11 22:51:11,931] {logging_mixin.py:115} INFO - [2023-07-11 22:51:11,931] {dag.py:2972} INFO - Setting next_dagrun for example_nested_branch_dag to 2023-07-10T00:00:00+00:00, run_after=2023-07-11T00:00:00+00:00
[2023-07-11 22:51:11,943] {processor.py:161} INFO - Processing /home/airflow/.local/lib/python3.7/site-packages/airflow/example_dags/example_nested_branch_dag.py took 0.087 seconds
[2023-07-11 22:51:42,339] {processor.py:153} INFO - Started process (PID=1225) to work on /home/airflow/.local/lib/python3.7/site-packages/airflow/example_dags/example_nested_branch_dag.py
[2023-07-11 22:51:42,339] {processor.py:641} INFO - Processing file /home/airflow/.local/lib/python3.7/site-packages/airflow/example_dags/example_nested_branch_dag.py for tasks to queue
[2023-07-11 22:51:42,340] {logging_mixin.py:115} INFO - [2023-07-11 22:51:42,340] {dagbag.py:508} INFO - Filling up the DagBag from /home/airflow/.local/lib/python3.7/site-packages/airflow/example_dags/example_nested_branch_dag.py
[2023-07-11 22:51:42,358] {processor.py:651} INFO - DAG(s) dict_keys(['example_nested_branch_dag']) retrieved from /home/airflow/.local/lib/python3.7/site-packages/airflow/example_dags/example_nested_branch_dag.py
[2023-07-11 22:51:42,401] {logging_mixin.py:115} INFO - [2023-07-11 22:51:42,401] {dag.py:2420} INFO - Sync 1 DAGs
[2023-07-11 22:51:42,443] {logging_mixin.py:115} INFO - [2023-07-11 22:51:42,443] {dag.py:2972} INFO - Setting next_dagrun for example_nested_branch_dag to 2023-07-10T00:00:00+00:00, run_after=2023-07-11T00:00:00+00:00
[2023-07-11 22:51:42,462] {processor.py:161} INFO - Processing /home/airflow/.local/lib/python3.7/site-packages/airflow/example_dags/example_nested_branch_dag.py took 0.128 seconds
[2023-07-11 22:52:13,343] {processor.py:153} INFO - Started process (PID=1284) to work on /home/airflow/.local/lib/python3.7/site-packages/airflow/example_dags/example_nested_branch_dag.py
[2023-07-11 22:52:13,344] {processor.py:641} INFO - Processing file /home/airflow/.local/lib/python3.7/site-packages/airflow/example_dags/example_nested_branch_dag.py for tasks to queue
[2023-07-11 22:52:13,344] {logging_mixin.py:115} INFO - [2023-07-11 22:52:13,344] {dagbag.py:508} INFO - Filling up the DagBag from /home/airflow/.local/lib/python3.7/site-packages/airflow/example_dags/example_nested_branch_dag.py
[2023-07-11 22:52:13,356] {processor.py:651} INFO - DAG(s) dict_keys(['example_nested_branch_dag']) retrieved from /home/airflow/.local/lib/python3.7/site-packages/airflow/example_dags/example_nested_branch_dag.py
[2023-07-11 22:52:13,394] {logging_mixin.py:115} INFO - [2023-07-11 22:52:13,394] {dag.py:2420} INFO - Sync 1 DAGs
[2023-07-11 22:52:13,440] {logging_mixin.py:115} INFO - [2023-07-11 22:52:13,439] {dag.py:2972} INFO - Setting next_dagrun for example_nested_branch_dag to 2023-07-10T00:00:00+00:00, run_after=2023-07-11T00:00:00+00:00
[2023-07-11 22:52:13,453] {processor.py:161} INFO - Processing /home/airflow/.local/lib/python3.7/site-packages/airflow/example_dags/example_nested_branch_dag.py took 0.113 seconds
[2023-07-11 22:52:44,329] {processor.py:153} INFO - Started process (PID=1335) to work on /home/airflow/.local/lib/python3.7/site-packages/airflow/example_dags/example_nested_branch_dag.py
[2023-07-11 22:52:44,330] {processor.py:641} INFO - Processing file /home/airflow/.local/lib/python3.7/site-packages/airflow/example_dags/example_nested_branch_dag.py for tasks to queue
[2023-07-11 22:52:44,331] {logging_mixin.py:115} INFO - [2023-07-11 22:52:44,330] {dagbag.py:508} INFO - Filling up the DagBag from /home/airflow/.local/lib/python3.7/site-packages/airflow/example_dags/example_nested_branch_dag.py
[2023-07-11 22:52:44,347] {processor.py:651} INFO - DAG(s) dict_keys(['example_nested_branch_dag']) retrieved from /home/airflow/.local/lib/python3.7/site-packages/airflow/example_dags/example_nested_branch_dag.py
[2023-07-11 22:52:44,385] {logging_mixin.py:115} INFO - [2023-07-11 22:52:44,384] {dag.py:2420} INFO - Sync 1 DAGs
[2023-07-11 22:52:44,428] {logging_mixin.py:115} INFO - [2023-07-11 22:52:44,427] {dag.py:2972} INFO - Setting next_dagrun for example_nested_branch_dag to 2023-07-10T00:00:00+00:00, run_after=2023-07-11T00:00:00+00:00
[2023-07-11 22:52:44,450] {processor.py:161} INFO - Processing /home/airflow/.local/lib/python3.7/site-packages/airflow/example_dags/example_nested_branch_dag.py took 0.127 seconds
[2023-07-11 22:53:15,313] {processor.py:153} INFO - Started process (PID=1386) to work on /home/airflow/.local/lib/python3.7/site-packages/airflow/example_dags/example_nested_branch_dag.py
[2023-07-11 22:53:15,314] {processor.py:641} INFO - Processing file /home/airflow/.local/lib/python3.7/site-packages/airflow/example_dags/example_nested_branch_dag.py for tasks to queue
[2023-07-11 22:53:15,314] {logging_mixin.py:115} INFO - [2023-07-11 22:53:15,314] {dagbag.py:508} INFO - Filling up the DagBag from /home/airflow/.local/lib/python3.7/site-packages/airflow/example_dags/example_nested_branch_dag.py
[2023-07-11 22:53:15,331] {processor.py:651} INFO - DAG(s) dict_keys(['example_nested_branch_dag']) retrieved from /home/airflow/.local/lib/python3.7/site-packages/airflow/example_dags/example_nested_branch_dag.py
[2023-07-11 22:53:15,369] {logging_mixin.py:115} INFO - [2023-07-11 22:53:15,369] {dag.py:2420} INFO - Sync 1 DAGs
[2023-07-11 22:53:15,411] {logging_mixin.py:115} INFO - [2023-07-11 22:53:15,411] {dag.py:2972} INFO - Setting next_dagrun for example_nested_branch_dag to 2023-07-10T00:00:00+00:00, run_after=2023-07-11T00:00:00+00:00
[2023-07-11 22:53:15,441] {processor.py:161} INFO - Processing /home/airflow/.local/lib/python3.7/site-packages/airflow/example_dags/example_nested_branch_dag.py took 0.132 seconds
[2023-07-11 22:53:46,900] {processor.py:153} INFO - Started process (PID=1447) to work on /home/airflow/.local/lib/python3.7/site-packages/airflow/example_dags/example_nested_branch_dag.py
[2023-07-11 22:53:46,912] {processor.py:641} INFO - Processing file /home/airflow/.local/lib/python3.7/site-packages/airflow/example_dags/example_nested_branch_dag.py for tasks to queue
[2023-07-11 22:53:46,915] {logging_mixin.py:115} INFO - [2023-07-11 22:53:46,914] {dagbag.py:508} INFO - Filling up the DagBag from /home/airflow/.local/lib/python3.7/site-packages/airflow/example_dags/example_nested_branch_dag.py
[2023-07-11 22:53:46,957] {processor.py:651} INFO - DAG(s) dict_keys(['example_nested_branch_dag']) retrieved from /home/airflow/.local/lib/python3.7/site-packages/airflow/example_dags/example_nested_branch_dag.py
[2023-07-11 22:53:47,131] {logging_mixin.py:115} INFO - [2023-07-11 22:53:47,130] {dag.py:2420} INFO - Sync 1 DAGs
[2023-07-11 22:53:47,205] {logging_mixin.py:115} INFO - [2023-07-11 22:53:47,204] {dag.py:2972} INFO - Setting next_dagrun for example_nested_branch_dag to 2023-07-10T00:00:00+00:00, run_after=2023-07-11T00:00:00+00:00
[2023-07-11 22:53:47,226] {processor.py:161} INFO - Processing /home/airflow/.local/lib/python3.7/site-packages/airflow/example_dags/example_nested_branch_dag.py took 0.346 seconds
[2023-07-11 22:54:17,937] {processor.py:153} INFO - Started process (PID=1498) to work on /home/airflow/.local/lib/python3.7/site-packages/airflow/example_dags/example_nested_branch_dag.py
[2023-07-11 22:54:17,937] {processor.py:641} INFO - Processing file /home/airflow/.local/lib/python3.7/site-packages/airflow/example_dags/example_nested_branch_dag.py for tasks to queue
[2023-07-11 22:54:17,938] {logging_mixin.py:115} INFO - [2023-07-11 22:54:17,938] {dagbag.py:508} INFO - Filling up the DagBag from /home/airflow/.local/lib/python3.7/site-packages/airflow/example_dags/example_nested_branch_dag.py
[2023-07-11 22:54:17,964] {processor.py:651} INFO - DAG(s) dict_keys(['example_nested_branch_dag']) retrieved from /home/airflow/.local/lib/python3.7/site-packages/airflow/example_dags/example_nested_branch_dag.py
[2023-07-11 22:54:18,068] {logging_mixin.py:115} INFO - [2023-07-11 22:54:18,068] {dag.py:2420} INFO - Sync 1 DAGs
[2023-07-11 22:54:18,160] {logging_mixin.py:115} INFO - [2023-07-11 22:54:18,159] {dag.py:2972} INFO - Setting next_dagrun for example_nested_branch_dag to 2023-07-10T00:00:00+00:00, run_after=2023-07-11T00:00:00+00:00
[2023-07-11 22:54:18,252] {processor.py:161} INFO - Processing /home/airflow/.local/lib/python3.7/site-packages/airflow/example_dags/example_nested_branch_dag.py took 0.321 seconds
[2023-07-11 22:54:48,581] {processor.py:153} INFO - Started process (PID=1549) to work on /home/airflow/.local/lib/python3.7/site-packages/airflow/example_dags/example_nested_branch_dag.py
[2023-07-11 22:54:48,582] {processor.py:641} INFO - Processing file /home/airflow/.local/lib/python3.7/site-packages/airflow/example_dags/example_nested_branch_dag.py for tasks to queue
[2023-07-11 22:54:48,583] {logging_mixin.py:115} INFO - [2023-07-11 22:54:48,583] {dagbag.py:508} INFO - Filling up the DagBag from /home/airflow/.local/lib/python3.7/site-packages/airflow/example_dags/example_nested_branch_dag.py
[2023-07-11 22:54:48,605] {processor.py:651} INFO - DAG(s) dict_keys(['example_nested_branch_dag']) retrieved from /home/airflow/.local/lib/python3.7/site-packages/airflow/example_dags/example_nested_branch_dag.py
[2023-07-11 22:54:48,678] {logging_mixin.py:115} INFO - [2023-07-11 22:54:48,678] {dag.py:2420} INFO - Sync 1 DAGs
[2023-07-11 22:54:48,749] {logging_mixin.py:115} INFO - [2023-07-11 22:54:48,749] {dag.py:2972} INFO - Setting next_dagrun for example_nested_branch_dag to 2023-07-10T00:00:00+00:00, run_after=2023-07-11T00:00:00+00:00
[2023-07-11 22:54:48,779] {processor.py:161} INFO - Processing /home/airflow/.local/lib/python3.7/site-packages/airflow/example_dags/example_nested_branch_dag.py took 0.204 seconds
[2023-07-11 22:55:18,911] {processor.py:153} INFO - Started process (PID=1600) to work on /home/airflow/.local/lib/python3.7/site-packages/airflow/example_dags/example_nested_branch_dag.py
[2023-07-11 22:55:18,912] {processor.py:641} INFO - Processing file /home/airflow/.local/lib/python3.7/site-packages/airflow/example_dags/example_nested_branch_dag.py for tasks to queue
[2023-07-11 22:55:18,913] {logging_mixin.py:115} INFO - [2023-07-11 22:55:18,912] {dagbag.py:508} INFO - Filling up the DagBag from /home/airflow/.local/lib/python3.7/site-packages/airflow/example_dags/example_nested_branch_dag.py
[2023-07-11 22:55:18,935] {processor.py:651} INFO - DAG(s) dict_keys(['example_nested_branch_dag']) retrieved from /home/airflow/.local/lib/python3.7/site-packages/airflow/example_dags/example_nested_branch_dag.py
[2023-07-11 22:55:19,007] {logging_mixin.py:115} INFO - [2023-07-11 22:55:19,006] {dag.py:2420} INFO - Sync 1 DAGs
[2023-07-11 22:55:19,067] {logging_mixin.py:115} INFO - [2023-07-11 22:55:19,067] {dag.py:2972} INFO - Setting next_dagrun for example_nested_branch_dag to 2023-07-10T00:00:00+00:00, run_after=2023-07-11T00:00:00+00:00
[2023-07-11 22:55:19,098] {processor.py:161} INFO - Processing /home/airflow/.local/lib/python3.7/site-packages/airflow/example_dags/example_nested_branch_dag.py took 0.191 seconds
[2023-07-11 22:55:50,977] {processor.py:153} INFO - Started process (PID=1653) to work on /home/airflow/.local/lib/python3.7/site-packages/airflow/example_dags/example_nested_branch_dag.py
[2023-07-11 22:55:50,978] {processor.py:641} INFO - Processing file /home/airflow/.local/lib/python3.7/site-packages/airflow/example_dags/example_nested_branch_dag.py for tasks to queue
[2023-07-11 22:55:50,980] {logging_mixin.py:115} INFO - [2023-07-11 22:55:50,979] {dagbag.py:508} INFO - Filling up the DagBag from /home/airflow/.local/lib/python3.7/site-packages/airflow/example_dags/example_nested_branch_dag.py
[2023-07-11 22:55:51,016] {processor.py:651} INFO - DAG(s) dict_keys(['example_nested_branch_dag']) retrieved from /home/airflow/.local/lib/python3.7/site-packages/airflow/example_dags/example_nested_branch_dag.py
[2023-07-11 22:55:51,126] {logging_mixin.py:115} INFO - [2023-07-11 22:55:51,122] {dag.py:2420} INFO - Sync 1 DAGs
[2023-07-11 22:55:51,364] {logging_mixin.py:115} INFO - [2023-07-11 22:55:51,364] {dag.py:2972} INFO - Setting next_dagrun for example_nested_branch_dag to 2023-07-10T00:00:00+00:00, run_after=2023-07-11T00:00:00+00:00
[2023-07-11 22:55:51,440] {processor.py:161} INFO - Processing /home/airflow/.local/lib/python3.7/site-packages/airflow/example_dags/example_nested_branch_dag.py took 0.470 seconds
[2023-07-11 22:56:22,300] {processor.py:153} INFO - Started process (PID=1712) to work on /home/airflow/.local/lib/python3.7/site-packages/airflow/example_dags/example_nested_branch_dag.py
[2023-07-11 22:56:22,305] {processor.py:641} INFO - Processing file /home/airflow/.local/lib/python3.7/site-packages/airflow/example_dags/example_nested_branch_dag.py for tasks to queue
[2023-07-11 22:56:22,305] {logging_mixin.py:115} INFO - [2023-07-11 22:56:22,305] {dagbag.py:508} INFO - Filling up the DagBag from /home/airflow/.local/lib/python3.7/site-packages/airflow/example_dags/example_nested_branch_dag.py
[2023-07-11 22:56:22,353] {processor.py:651} INFO - DAG(s) dict_keys(['example_nested_branch_dag']) retrieved from /home/airflow/.local/lib/python3.7/site-packages/airflow/example_dags/example_nested_branch_dag.py
[2023-07-11 22:56:22,484] {logging_mixin.py:115} INFO - [2023-07-11 22:56:22,484] {dag.py:2420} INFO - Sync 1 DAGs
[2023-07-11 22:56:22,574] {logging_mixin.py:115} INFO - [2023-07-11 22:56:22,574] {dag.py:2972} INFO - Setting next_dagrun for example_nested_branch_dag to 2023-07-10T00:00:00+00:00, run_after=2023-07-11T00:00:00+00:00
[2023-07-11 22:56:22,609] {processor.py:161} INFO - Processing /home/airflow/.local/lib/python3.7/site-packages/airflow/example_dags/example_nested_branch_dag.py took 0.321 seconds
[2023-07-11 22:56:52,753] {processor.py:153} INFO - Started process (PID=1765) to work on /home/airflow/.local/lib/python3.7/site-packages/airflow/example_dags/example_nested_branch_dag.py
[2023-07-11 22:56:52,754] {processor.py:641} INFO - Processing file /home/airflow/.local/lib/python3.7/site-packages/airflow/example_dags/example_nested_branch_dag.py for tasks to queue
[2023-07-11 22:56:52,755] {logging_mixin.py:115} INFO - [2023-07-11 22:56:52,754] {dagbag.py:508} INFO - Filling up the DagBag from /home/airflow/.local/lib/python3.7/site-packages/airflow/example_dags/example_nested_branch_dag.py
[2023-07-11 22:56:52,774] {processor.py:651} INFO - DAG(s) dict_keys(['example_nested_branch_dag']) retrieved from /home/airflow/.local/lib/python3.7/site-packages/airflow/example_dags/example_nested_branch_dag.py
[2023-07-11 22:56:52,857] {logging_mixin.py:115} INFO - [2023-07-11 22:56:52,857] {dag.py:2420} INFO - Sync 1 DAGs
[2023-07-11 22:56:52,945] {logging_mixin.py:115} INFO - [2023-07-11 22:56:52,944] {dag.py:2972} INFO - Setting next_dagrun for example_nested_branch_dag to 2023-07-10T00:00:00+00:00, run_after=2023-07-11T00:00:00+00:00
[2023-07-11 22:56:53,003] {processor.py:161} INFO - Processing /home/airflow/.local/lib/python3.7/site-packages/airflow/example_dags/example_nested_branch_dag.py took 0.256 seconds
[2023-07-11 22:57:23,129] {processor.py:153} INFO - Started process (PID=1816) to work on /home/airflow/.local/lib/python3.7/site-packages/airflow/example_dags/example_nested_branch_dag.py
[2023-07-11 22:57:23,130] {processor.py:641} INFO - Processing file /home/airflow/.local/lib/python3.7/site-packages/airflow/example_dags/example_nested_branch_dag.py for tasks to queue
[2023-07-11 22:57:23,130] {logging_mixin.py:115} INFO - [2023-07-11 22:57:23,130] {dagbag.py:508} INFO - Filling up the DagBag from /home/airflow/.local/lib/python3.7/site-packages/airflow/example_dags/example_nested_branch_dag.py
[2023-07-11 22:57:23,147] {processor.py:651} INFO - DAG(s) dict_keys(['example_nested_branch_dag']) retrieved from /home/airflow/.local/lib/python3.7/site-packages/airflow/example_dags/example_nested_branch_dag.py
[2023-07-11 22:57:23,205] {logging_mixin.py:115} INFO - [2023-07-11 22:57:23,205] {dag.py:2420} INFO - Sync 1 DAGs
[2023-07-11 22:57:23,249] {logging_mixin.py:115} INFO - [2023-07-11 22:57:23,248] {dag.py:2972} INFO - Setting next_dagrun for example_nested_branch_dag to 2023-07-10T00:00:00+00:00, run_after=2023-07-11T00:00:00+00:00
[2023-07-11 22:57:23,271] {processor.py:161} INFO - Processing /home/airflow/.local/lib/python3.7/site-packages/airflow/example_dags/example_nested_branch_dag.py took 0.145 seconds
[2023-07-11 22:57:53,588] {processor.py:153} INFO - Started process (PID=1868) to work on /home/airflow/.local/lib/python3.7/site-packages/airflow/example_dags/example_nested_branch_dag.py
[2023-07-11 22:57:53,589] {processor.py:641} INFO - Processing file /home/airflow/.local/lib/python3.7/site-packages/airflow/example_dags/example_nested_branch_dag.py for tasks to queue
[2023-07-11 22:57:53,589] {logging_mixin.py:115} INFO - [2023-07-11 22:57:53,589] {dagbag.py:508} INFO - Filling up the DagBag from /home/airflow/.local/lib/python3.7/site-packages/airflow/example_dags/example_nested_branch_dag.py
[2023-07-11 22:57:53,604] {processor.py:651} INFO - DAG(s) dict_keys(['example_nested_branch_dag']) retrieved from /home/airflow/.local/lib/python3.7/site-packages/airflow/example_dags/example_nested_branch_dag.py
[2023-07-11 22:57:53,652] {logging_mixin.py:115} INFO - [2023-07-11 22:57:53,652] {dag.py:2420} INFO - Sync 1 DAGs
[2023-07-11 22:57:53,695] {logging_mixin.py:115} INFO - [2023-07-11 22:57:53,695] {dag.py:2972} INFO - Setting next_dagrun for example_nested_branch_dag to 2023-07-10T00:00:00+00:00, run_after=2023-07-11T00:00:00+00:00
[2023-07-11 22:57:53,717] {processor.py:161} INFO - Processing /home/airflow/.local/lib/python3.7/site-packages/airflow/example_dags/example_nested_branch_dag.py took 0.134 seconds
[2023-07-11 22:58:24,549] {processor.py:153} INFO - Started process (PID=1920) to work on /home/airflow/.local/lib/python3.7/site-packages/airflow/example_dags/example_nested_branch_dag.py
[2023-07-11 22:58:24,550] {processor.py:641} INFO - Processing file /home/airflow/.local/lib/python3.7/site-packages/airflow/example_dags/example_nested_branch_dag.py for tasks to queue
[2023-07-11 22:58:24,550] {logging_mixin.py:115} INFO - [2023-07-11 22:58:24,550] {dagbag.py:508} INFO - Filling up the DagBag from /home/airflow/.local/lib/python3.7/site-packages/airflow/example_dags/example_nested_branch_dag.py
[2023-07-11 22:58:24,567] {processor.py:651} INFO - DAG(s) dict_keys(['example_nested_branch_dag']) retrieved from /home/airflow/.local/lib/python3.7/site-packages/airflow/example_dags/example_nested_branch_dag.py
[2023-07-11 22:58:24,623] {logging_mixin.py:115} INFO - [2023-07-11 22:58:24,623] {dag.py:2420} INFO - Sync 1 DAGs
[2023-07-11 22:58:24,680] {logging_mixin.py:115} INFO - [2023-07-11 22:58:24,679] {dag.py:2972} INFO - Setting next_dagrun for example_nested_branch_dag to 2023-07-10T00:00:00+00:00, run_after=2023-07-11T00:00:00+00:00
[2023-07-11 22:58:24,711] {processor.py:161} INFO - Processing /home/airflow/.local/lib/python3.7/site-packages/airflow/example_dags/example_nested_branch_dag.py took 0.166 seconds
[2023-07-11 22:58:55,152] {processor.py:153} INFO - Started process (PID=1978) to work on /home/airflow/.local/lib/python3.7/site-packages/airflow/example_dags/example_nested_branch_dag.py
[2023-07-11 22:58:55,167] {processor.py:641} INFO - Processing file /home/airflow/.local/lib/python3.7/site-packages/airflow/example_dags/example_nested_branch_dag.py for tasks to queue
[2023-07-11 22:58:55,169] {logging_mixin.py:115} INFO - [2023-07-11 22:58:55,169] {dagbag.py:508} INFO - Filling up the DagBag from /home/airflow/.local/lib/python3.7/site-packages/airflow/example_dags/example_nested_branch_dag.py
[2023-07-11 22:58:55,215] {processor.py:651} INFO - DAG(s) dict_keys(['example_nested_branch_dag']) retrieved from /home/airflow/.local/lib/python3.7/site-packages/airflow/example_dags/example_nested_branch_dag.py
[2023-07-11 22:58:55,285] {logging_mixin.py:115} INFO - [2023-07-11 22:58:55,284] {dag.py:2420} INFO - Sync 1 DAGs
[2023-07-11 22:58:55,384] {logging_mixin.py:115} INFO - [2023-07-11 22:58:55,383] {dag.py:2972} INFO - Setting next_dagrun for example_nested_branch_dag to 2023-07-10T00:00:00+00:00, run_after=2023-07-11T00:00:00+00:00
[2023-07-11 22:58:55,435] {processor.py:161} INFO - Processing /home/airflow/.local/lib/python3.7/site-packages/airflow/example_dags/example_nested_branch_dag.py took 0.288 seconds
[2023-07-11 22:59:26,107] {processor.py:153} INFO - Started process (PID=2032) to work on /home/airflow/.local/lib/python3.7/site-packages/airflow/example_dags/example_nested_branch_dag.py
[2023-07-11 22:59:26,108] {processor.py:641} INFO - Processing file /home/airflow/.local/lib/python3.7/site-packages/airflow/example_dags/example_nested_branch_dag.py for tasks to queue
[2023-07-11 22:59:26,109] {logging_mixin.py:115} INFO - [2023-07-11 22:59:26,109] {dagbag.py:508} INFO - Filling up the DagBag from /home/airflow/.local/lib/python3.7/site-packages/airflow/example_dags/example_nested_branch_dag.py
[2023-07-11 22:59:26,123] {processor.py:651} INFO - DAG(s) dict_keys(['example_nested_branch_dag']) retrieved from /home/airflow/.local/lib/python3.7/site-packages/airflow/example_dags/example_nested_branch_dag.py
[2023-07-11 22:59:26,159] {logging_mixin.py:115} INFO - [2023-07-11 22:59:26,159] {dag.py:2420} INFO - Sync 1 DAGs
[2023-07-11 22:59:26,192] {logging_mixin.py:115} INFO - [2023-07-11 22:59:26,192] {dag.py:2972} INFO - Setting next_dagrun for example_nested_branch_dag to 2023-07-10T00:00:00+00:00, run_after=2023-07-11T00:00:00+00:00
[2023-07-11 22:59:26,205] {processor.py:161} INFO - Processing /home/airflow/.local/lib/python3.7/site-packages/airflow/example_dags/example_nested_branch_dag.py took 0.102 seconds
[2023-07-11 22:59:57,085] {processor.py:153} INFO - Started process (PID=2084) to work on /home/airflow/.local/lib/python3.7/site-packages/airflow/example_dags/example_nested_branch_dag.py
[2023-07-11 22:59:57,088] {processor.py:641} INFO - Processing file /home/airflow/.local/lib/python3.7/site-packages/airflow/example_dags/example_nested_branch_dag.py for tasks to queue
[2023-07-11 22:59:57,089] {logging_mixin.py:115} INFO - [2023-07-11 22:59:57,089] {dagbag.py:508} INFO - Filling up the DagBag from /home/airflow/.local/lib/python3.7/site-packages/airflow/example_dags/example_nested_branch_dag.py
[2023-07-11 22:59:57,135] {processor.py:651} INFO - DAG(s) dict_keys(['example_nested_branch_dag']) retrieved from /home/airflow/.local/lib/python3.7/site-packages/airflow/example_dags/example_nested_branch_dag.py
[2023-07-11 22:59:57,248] {logging_mixin.py:115} INFO - [2023-07-11 22:59:57,248] {dag.py:2420} INFO - Sync 1 DAGs
[2023-07-11 22:59:57,359] {logging_mixin.py:115} INFO - [2023-07-11 22:59:57,359] {dag.py:2972} INFO - Setting next_dagrun for example_nested_branch_dag to 2023-07-10T00:00:00+00:00, run_after=2023-07-11T00:00:00+00:00
[2023-07-11 22:59:57,429] {processor.py:161} INFO - Processing /home/airflow/.local/lib/python3.7/site-packages/airflow/example_dags/example_nested_branch_dag.py took 0.377 seconds
[2023-07-11 23:00:28,250] {processor.py:153} INFO - Started process (PID=2136) to work on /home/airflow/.local/lib/python3.7/site-packages/airflow/example_dags/example_nested_branch_dag.py
[2023-07-11 23:00:28,251] {processor.py:641} INFO - Processing file /home/airflow/.local/lib/python3.7/site-packages/airflow/example_dags/example_nested_branch_dag.py for tasks to queue
[2023-07-11 23:00:28,252] {logging_mixin.py:115} INFO - [2023-07-11 23:00:28,252] {dagbag.py:508} INFO - Filling up the DagBag from /home/airflow/.local/lib/python3.7/site-packages/airflow/example_dags/example_nested_branch_dag.py
[2023-07-11 23:00:28,277] {processor.py:651} INFO - DAG(s) dict_keys(['example_nested_branch_dag']) retrieved from /home/airflow/.local/lib/python3.7/site-packages/airflow/example_dags/example_nested_branch_dag.py
[2023-07-11 23:00:28,325] {logging_mixin.py:115} INFO - [2023-07-11 23:00:28,325] {dag.py:2420} INFO - Sync 1 DAGs
[2023-07-11 23:00:28,390] {logging_mixin.py:115} INFO - [2023-07-11 23:00:28,389] {dag.py:2972} INFO - Setting next_dagrun for example_nested_branch_dag to 2023-07-10T00:00:00+00:00, run_after=2023-07-11T00:00:00+00:00
[2023-07-11 23:00:28,419] {processor.py:161} INFO - Processing /home/airflow/.local/lib/python3.7/site-packages/airflow/example_dags/example_nested_branch_dag.py took 0.175 seconds
[2023-07-11 23:00:58,692] {processor.py:153} INFO - Started process (PID=2189) to work on /home/airflow/.local/lib/python3.7/site-packages/airflow/example_dags/example_nested_branch_dag.py
[2023-07-11 23:00:58,698] {processor.py:641} INFO - Processing file /home/airflow/.local/lib/python3.7/site-packages/airflow/example_dags/example_nested_branch_dag.py for tasks to queue
[2023-07-11 23:00:58,699] {logging_mixin.py:115} INFO - [2023-07-11 23:00:58,699] {dagbag.py:508} INFO - Filling up the DagBag from /home/airflow/.local/lib/python3.7/site-packages/airflow/example_dags/example_nested_branch_dag.py
[2023-07-11 23:00:58,746] {processor.py:651} INFO - DAG(s) dict_keys(['example_nested_branch_dag']) retrieved from /home/airflow/.local/lib/python3.7/site-packages/airflow/example_dags/example_nested_branch_dag.py
[2023-07-11 23:00:58,819] {logging_mixin.py:115} INFO - [2023-07-11 23:00:58,819] {dag.py:2420} INFO - Sync 1 DAGs
[2023-07-11 23:00:58,889] {logging_mixin.py:115} INFO - [2023-07-11 23:00:58,889] {dag.py:2972} INFO - Setting next_dagrun for example_nested_branch_dag to 2023-07-10T00:00:00+00:00, run_after=2023-07-11T00:00:00+00:00
[2023-07-11 23:00:58,961] {processor.py:161} INFO - Processing /home/airflow/.local/lib/python3.7/site-packages/airflow/example_dags/example_nested_branch_dag.py took 0.282 seconds
[2023-07-11 23:01:29,372] {processor.py:153} INFO - Started process (PID=2246) to work on /home/airflow/.local/lib/python3.7/site-packages/airflow/example_dags/example_nested_branch_dag.py
[2023-07-11 23:01:29,372] {processor.py:641} INFO - Processing file /home/airflow/.local/lib/python3.7/site-packages/airflow/example_dags/example_nested_branch_dag.py for tasks to queue
[2023-07-11 23:01:29,373] {logging_mixin.py:115} INFO - [2023-07-11 23:01:29,373] {dagbag.py:508} INFO - Filling up the DagBag from /home/airflow/.local/lib/python3.7/site-packages/airflow/example_dags/example_nested_branch_dag.py
[2023-07-11 23:01:29,443] {processor.py:651} INFO - DAG(s) dict_keys(['example_nested_branch_dag']) retrieved from /home/airflow/.local/lib/python3.7/site-packages/airflow/example_dags/example_nested_branch_dag.py
[2023-07-11 23:01:29,521] {logging_mixin.py:115} INFO - [2023-07-11 23:01:29,521] {dag.py:2420} INFO - Sync 1 DAGs
[2023-07-11 23:01:29,596] {logging_mixin.py:115} INFO - [2023-07-11 23:01:29,595] {dag.py:2972} INFO - Setting next_dagrun for example_nested_branch_dag to 2023-07-10T00:00:00+00:00, run_after=2023-07-11T00:00:00+00:00
[2023-07-11 23:01:29,661] {processor.py:161} INFO - Processing /home/airflow/.local/lib/python3.7/site-packages/airflow/example_dags/example_nested_branch_dag.py took 0.331 seconds
[2023-07-11 23:01:59,828] {processor.py:153} INFO - Started process (PID=2300) to work on /home/airflow/.local/lib/python3.7/site-packages/airflow/example_dags/example_nested_branch_dag.py
[2023-07-11 23:01:59,829] {processor.py:641} INFO - Processing file /home/airflow/.local/lib/python3.7/site-packages/airflow/example_dags/example_nested_branch_dag.py for tasks to queue
[2023-07-11 23:01:59,830] {logging_mixin.py:115} INFO - [2023-07-11 23:01:59,830] {dagbag.py:508} INFO - Filling up the DagBag from /home/airflow/.local/lib/python3.7/site-packages/airflow/example_dags/example_nested_branch_dag.py
[2023-07-11 23:01:59,852] {processor.py:651} INFO - DAG(s) dict_keys(['example_nested_branch_dag']) retrieved from /home/airflow/.local/lib/python3.7/site-packages/airflow/example_dags/example_nested_branch_dag.py
[2023-07-11 23:01:59,907] {logging_mixin.py:115} INFO - [2023-07-11 23:01:59,906] {dag.py:2420} INFO - Sync 1 DAGs
[2023-07-11 23:01:59,956] {logging_mixin.py:115} INFO - [2023-07-11 23:01:59,956] {dag.py:2972} INFO - Setting next_dagrun for example_nested_branch_dag to 2023-07-10T00:00:00+00:00, run_after=2023-07-11T00:00:00+00:00
[2023-07-11 23:01:59,980] {processor.py:161} INFO - Processing /home/airflow/.local/lib/python3.7/site-packages/airflow/example_dags/example_nested_branch_dag.py took 0.159 seconds
[2023-07-11 23:02:30,273] {processor.py:153} INFO - Started process (PID=2352) to work on /home/airflow/.local/lib/python3.7/site-packages/airflow/example_dags/example_nested_branch_dag.py
[2023-07-11 23:02:30,274] {processor.py:641} INFO - Processing file /home/airflow/.local/lib/python3.7/site-packages/airflow/example_dags/example_nested_branch_dag.py for tasks to queue
[2023-07-11 23:02:30,275] {logging_mixin.py:115} INFO - [2023-07-11 23:02:30,275] {dagbag.py:508} INFO - Filling up the DagBag from /home/airflow/.local/lib/python3.7/site-packages/airflow/example_dags/example_nested_branch_dag.py
[2023-07-11 23:02:30,302] {processor.py:651} INFO - DAG(s) dict_keys(['example_nested_branch_dag']) retrieved from /home/airflow/.local/lib/python3.7/site-packages/airflow/example_dags/example_nested_branch_dag.py
[2023-07-11 23:02:30,355] {logging_mixin.py:115} INFO - [2023-07-11 23:02:30,355] {dag.py:2420} INFO - Sync 1 DAGs
[2023-07-11 23:02:30,413] {logging_mixin.py:115} INFO - [2023-07-11 23:02:30,413] {dag.py:2972} INFO - Setting next_dagrun for example_nested_branch_dag to 2023-07-10T00:00:00+00:00, run_after=2023-07-11T00:00:00+00:00
[2023-07-11 23:02:30,524] {processor.py:161} INFO - Processing /home/airflow/.local/lib/python3.7/site-packages/airflow/example_dags/example_nested_branch_dag.py took 0.260 seconds
[2023-07-11 23:03:00,655] {processor.py:153} INFO - Started process (PID=2404) to work on /home/airflow/.local/lib/python3.7/site-packages/airflow/example_dags/example_nested_branch_dag.py
[2023-07-11 23:03:00,656] {processor.py:641} INFO - Processing file /home/airflow/.local/lib/python3.7/site-packages/airflow/example_dags/example_nested_branch_dag.py for tasks to queue
[2023-07-11 23:03:00,657] {logging_mixin.py:115} INFO - [2023-07-11 23:03:00,657] {dagbag.py:508} INFO - Filling up the DagBag from /home/airflow/.local/lib/python3.7/site-packages/airflow/example_dags/example_nested_branch_dag.py
[2023-07-11 23:03:00,697] {processor.py:651} INFO - DAG(s) dict_keys(['example_nested_branch_dag']) retrieved from /home/airflow/.local/lib/python3.7/site-packages/airflow/example_dags/example_nested_branch_dag.py
[2023-07-11 23:03:00,826] {logging_mixin.py:115} INFO - [2023-07-11 23:03:00,825] {dag.py:2420} INFO - Sync 1 DAGs
[2023-07-11 23:03:00,993] {logging_mixin.py:115} INFO - [2023-07-11 23:03:00,993] {dag.py:2972} INFO - Setting next_dagrun for example_nested_branch_dag to 2023-07-10T00:00:00+00:00, run_after=2023-07-11T00:00:00+00:00
[2023-07-11 23:03:01,041] {processor.py:161} INFO - Processing /home/airflow/.local/lib/python3.7/site-packages/airflow/example_dags/example_nested_branch_dag.py took 0.399 seconds
[2023-07-11 23:03:31,360] {processor.py:153} INFO - Started process (PID=2456) to work on /home/airflow/.local/lib/python3.7/site-packages/airflow/example_dags/example_nested_branch_dag.py
[2023-07-11 23:03:31,369] {processor.py:641} INFO - Processing file /home/airflow/.local/lib/python3.7/site-packages/airflow/example_dags/example_nested_branch_dag.py for tasks to queue
[2023-07-11 23:03:31,370] {logging_mixin.py:115} INFO - [2023-07-11 23:03:31,370] {dagbag.py:508} INFO - Filling up the DagBag from /home/airflow/.local/lib/python3.7/site-packages/airflow/example_dags/example_nested_branch_dag.py
[2023-07-11 23:03:31,406] {processor.py:651} INFO - DAG(s) dict_keys(['example_nested_branch_dag']) retrieved from /home/airflow/.local/lib/python3.7/site-packages/airflow/example_dags/example_nested_branch_dag.py
[2023-07-11 23:03:31,502] {logging_mixin.py:115} INFO - [2023-07-11 23:03:31,502] {dag.py:2420} INFO - Sync 1 DAGs
[2023-07-11 23:03:31,609] {logging_mixin.py:115} INFO - [2023-07-11 23:03:31,609] {dag.py:2972} INFO - Setting next_dagrun for example_nested_branch_dag to 2023-07-10T00:00:00+00:00, run_after=2023-07-11T00:00:00+00:00
[2023-07-11 23:03:31,660] {processor.py:161} INFO - Processing /home/airflow/.local/lib/python3.7/site-packages/airflow/example_dags/example_nested_branch_dag.py took 0.322 seconds
[2023-07-11 23:04:01,829] {processor.py:153} INFO - Started process (PID=2507) to work on /home/airflow/.local/lib/python3.7/site-packages/airflow/example_dags/example_nested_branch_dag.py
[2023-07-11 23:04:01,830] {processor.py:641} INFO - Processing file /home/airflow/.local/lib/python3.7/site-packages/airflow/example_dags/example_nested_branch_dag.py for tasks to queue
[2023-07-11 23:04:01,835] {logging_mixin.py:115} INFO - [2023-07-11 23:04:01,834] {dagbag.py:508} INFO - Filling up the DagBag from /home/airflow/.local/lib/python3.7/site-packages/airflow/example_dags/example_nested_branch_dag.py
[2023-07-11 23:04:01,871] {processor.py:651} INFO - DAG(s) dict_keys(['example_nested_branch_dag']) retrieved from /home/airflow/.local/lib/python3.7/site-packages/airflow/example_dags/example_nested_branch_dag.py
[2023-07-11 23:04:02,000] {logging_mixin.py:115} INFO - [2023-07-11 23:04:02,000] {dag.py:2420} INFO - Sync 1 DAGs
[2023-07-11 23:04:02,140] {logging_mixin.py:115} INFO - [2023-07-11 23:04:02,139] {dag.py:2972} INFO - Setting next_dagrun for example_nested_branch_dag to 2023-07-10T00:00:00+00:00, run_after=2023-07-11T00:00:00+00:00
[2023-07-11 23:04:02,190] {processor.py:161} INFO - Processing /home/airflow/.local/lib/python3.7/site-packages/airflow/example_dags/example_nested_branch_dag.py took 0.367 seconds
[2023-07-11 23:04:32,979] {processor.py:153} INFO - Started process (PID=2568) to work on /home/airflow/.local/lib/python3.7/site-packages/airflow/example_dags/example_nested_branch_dag.py
[2023-07-11 23:04:32,980] {processor.py:641} INFO - Processing file /home/airflow/.local/lib/python3.7/site-packages/airflow/example_dags/example_nested_branch_dag.py for tasks to queue
[2023-07-11 23:04:32,981] {logging_mixin.py:115} INFO - [2023-07-11 23:04:32,981] {dagbag.py:508} INFO - Filling up the DagBag from /home/airflow/.local/lib/python3.7/site-packages/airflow/example_dags/example_nested_branch_dag.py
[2023-07-11 23:04:33,022] {processor.py:651} INFO - DAG(s) dict_keys(['example_nested_branch_dag']) retrieved from /home/airflow/.local/lib/python3.7/site-packages/airflow/example_dags/example_nested_branch_dag.py
[2023-07-11 23:04:33,217] {logging_mixin.py:115} INFO - [2023-07-11 23:04:33,217] {dag.py:2420} INFO - Sync 1 DAGs
[2023-07-11 23:04:33,333] {logging_mixin.py:115} INFO - [2023-07-11 23:04:33,332] {dag.py:2972} INFO - Setting next_dagrun for example_nested_branch_dag to 2023-07-10T00:00:00+00:00, run_after=2023-07-11T00:00:00+00:00
[2023-07-11 23:04:33,416] {processor.py:161} INFO - Processing /home/airflow/.local/lib/python3.7/site-packages/airflow/example_dags/example_nested_branch_dag.py took 0.451 seconds
[2023-07-11 23:05:03,683] {processor.py:153} INFO - Started process (PID=2620) to work on /home/airflow/.local/lib/python3.7/site-packages/airflow/example_dags/example_nested_branch_dag.py
[2023-07-11 23:05:03,684] {processor.py:641} INFO - Processing file /home/airflow/.local/lib/python3.7/site-packages/airflow/example_dags/example_nested_branch_dag.py for tasks to queue
[2023-07-11 23:05:03,685] {logging_mixin.py:115} INFO - [2023-07-11 23:05:03,685] {dagbag.py:508} INFO - Filling up the DagBag from /home/airflow/.local/lib/python3.7/site-packages/airflow/example_dags/example_nested_branch_dag.py
[2023-07-11 23:05:03,708] {processor.py:651} INFO - DAG(s) dict_keys(['example_nested_branch_dag']) retrieved from /home/airflow/.local/lib/python3.7/site-packages/airflow/example_dags/example_nested_branch_dag.py
[2023-07-11 23:05:03,762] {logging_mixin.py:115} INFO - [2023-07-11 23:05:03,762] {dag.py:2420} INFO - Sync 1 DAGs
[2023-07-11 23:05:03,806] {logging_mixin.py:115} INFO - [2023-07-11 23:05:03,806] {dag.py:2972} INFO - Setting next_dagrun for example_nested_branch_dag to 2023-07-10T00:00:00+00:00, run_after=2023-07-11T00:00:00+00:00
[2023-07-11 23:05:03,832] {processor.py:161} INFO - Processing /home/airflow/.local/lib/python3.7/site-packages/airflow/example_dags/example_nested_branch_dag.py took 0.154 seconds
[2023-07-11 23:05:34,334] {processor.py:153} INFO - Started process (PID=2672) to work on /home/airflow/.local/lib/python3.7/site-packages/airflow/example_dags/example_nested_branch_dag.py
[2023-07-11 23:05:34,335] {processor.py:641} INFO - Processing file /home/airflow/.local/lib/python3.7/site-packages/airflow/example_dags/example_nested_branch_dag.py for tasks to queue
[2023-07-11 23:05:34,336] {logging_mixin.py:115} INFO - [2023-07-11 23:05:34,336] {dagbag.py:508} INFO - Filling up the DagBag from /home/airflow/.local/lib/python3.7/site-packages/airflow/example_dags/example_nested_branch_dag.py
[2023-07-11 23:05:34,358] {processor.py:651} INFO - DAG(s) dict_keys(['example_nested_branch_dag']) retrieved from /home/airflow/.local/lib/python3.7/site-packages/airflow/example_dags/example_nested_branch_dag.py
[2023-07-11 23:05:34,406] {logging_mixin.py:115} INFO - [2023-07-11 23:05:34,406] {dag.py:2420} INFO - Sync 1 DAGs
[2023-07-11 23:05:34,458] {logging_mixin.py:115} INFO - [2023-07-11 23:05:34,458] {dag.py:2972} INFO - Setting next_dagrun for example_nested_branch_dag to 2023-07-10T00:00:00+00:00, run_after=2023-07-11T00:00:00+00:00
[2023-07-11 23:05:34,485] {processor.py:161} INFO - Processing /home/airflow/.local/lib/python3.7/site-packages/airflow/example_dags/example_nested_branch_dag.py took 0.155 seconds
[2023-07-11 23:06:04,809] {processor.py:153} INFO - Started process (PID=2724) to work on /home/airflow/.local/lib/python3.7/site-packages/airflow/example_dags/example_nested_branch_dag.py
[2023-07-11 23:06:04,812] {processor.py:641} INFO - Processing file /home/airflow/.local/lib/python3.7/site-packages/airflow/example_dags/example_nested_branch_dag.py for tasks to queue
[2023-07-11 23:06:04,813] {logging_mixin.py:115} INFO - [2023-07-11 23:06:04,813] {dagbag.py:508} INFO - Filling up the DagBag from /home/airflow/.local/lib/python3.7/site-packages/airflow/example_dags/example_nested_branch_dag.py
[2023-07-11 23:06:04,833] {processor.py:651} INFO - DAG(s) dict_keys(['example_nested_branch_dag']) retrieved from /home/airflow/.local/lib/python3.7/site-packages/airflow/example_dags/example_nested_branch_dag.py
[2023-07-11 23:06:04,913] {logging_mixin.py:115} INFO - [2023-07-11 23:06:04,912] {dag.py:2420} INFO - Sync 1 DAGs
[2023-07-11 23:06:04,973] {logging_mixin.py:115} INFO - [2023-07-11 23:06:04,973] {dag.py:2972} INFO - Setting next_dagrun for example_nested_branch_dag to 2023-07-10T00:00:00+00:00, run_after=2023-07-11T00:00:00+00:00
[2023-07-11 23:06:05,003] {processor.py:161} INFO - Processing /home/airflow/.local/lib/python3.7/site-packages/airflow/example_dags/example_nested_branch_dag.py took 0.206 seconds
[2023-07-11 23:06:35,081] {processor.py:153} INFO - Started process (PID=2775) to work on /home/airflow/.local/lib/python3.7/site-packages/airflow/example_dags/example_nested_branch_dag.py
[2023-07-11 23:06:35,082] {processor.py:641} INFO - Processing file /home/airflow/.local/lib/python3.7/site-packages/airflow/example_dags/example_nested_branch_dag.py for tasks to queue
[2023-07-11 23:06:35,083] {logging_mixin.py:115} INFO - [2023-07-11 23:06:35,083] {dagbag.py:508} INFO - Filling up the DagBag from /home/airflow/.local/lib/python3.7/site-packages/airflow/example_dags/example_nested_branch_dag.py
[2023-07-11 23:06:35,112] {processor.py:651} INFO - DAG(s) dict_keys(['example_nested_branch_dag']) retrieved from /home/airflow/.local/lib/python3.7/site-packages/airflow/example_dags/example_nested_branch_dag.py
[2023-07-11 23:06:35,238] {logging_mixin.py:115} INFO - [2023-07-11 23:06:35,238] {dag.py:2420} INFO - Sync 1 DAGs
[2023-07-11 23:06:35,311] {logging_mixin.py:115} INFO - [2023-07-11 23:06:35,310] {dag.py:2972} INFO - Setting next_dagrun for example_nested_branch_dag to 2023-07-10T00:00:00+00:00, run_after=2023-07-11T00:00:00+00:00
[2023-07-11 23:06:35,350] {processor.py:161} INFO - Processing /home/airflow/.local/lib/python3.7/site-packages/airflow/example_dags/example_nested_branch_dag.py took 0.279 seconds
[2023-07-11 23:07:05,677] {processor.py:153} INFO - Started process (PID=2827) to work on /home/airflow/.local/lib/python3.7/site-packages/airflow/example_dags/example_nested_branch_dag.py
[2023-07-11 23:07:05,678] {processor.py:641} INFO - Processing file /home/airflow/.local/lib/python3.7/site-packages/airflow/example_dags/example_nested_branch_dag.py for tasks to queue
[2023-07-11 23:07:05,679] {logging_mixin.py:115} INFO - [2023-07-11 23:07:05,679] {dagbag.py:508} INFO - Filling up the DagBag from /home/airflow/.local/lib/python3.7/site-packages/airflow/example_dags/example_nested_branch_dag.py
[2023-07-11 23:07:05,702] {processor.py:651} INFO - DAG(s) dict_keys(['example_nested_branch_dag']) retrieved from /home/airflow/.local/lib/python3.7/site-packages/airflow/example_dags/example_nested_branch_dag.py
[2023-07-11 23:07:05,788] {logging_mixin.py:115} INFO - [2023-07-11 23:07:05,788] {dag.py:2420} INFO - Sync 1 DAGs
[2023-07-11 23:07:05,869] {logging_mixin.py:115} INFO - [2023-07-11 23:07:05,869] {dag.py:2972} INFO - Setting next_dagrun for example_nested_branch_dag to 2023-07-10T00:00:00+00:00, run_after=2023-07-11T00:00:00+00:00
[2023-07-11 23:07:05,895] {processor.py:161} INFO - Processing /home/airflow/.local/lib/python3.7/site-packages/airflow/example_dags/example_nested_branch_dag.py took 0.226 seconds
[2023-07-11 23:07:36,320] {processor.py:153} INFO - Started process (PID=2878) to work on /home/airflow/.local/lib/python3.7/site-packages/airflow/example_dags/example_nested_branch_dag.py
[2023-07-11 23:07:36,321] {processor.py:641} INFO - Processing file /home/airflow/.local/lib/python3.7/site-packages/airflow/example_dags/example_nested_branch_dag.py for tasks to queue
[2023-07-11 23:07:36,322] {logging_mixin.py:115} INFO - [2023-07-11 23:07:36,322] {dagbag.py:508} INFO - Filling up the DagBag from /home/airflow/.local/lib/python3.7/site-packages/airflow/example_dags/example_nested_branch_dag.py
[2023-07-11 23:07:36,421] {processor.py:651} INFO - DAG(s) dict_keys(['example_nested_branch_dag']) retrieved from /home/airflow/.local/lib/python3.7/site-packages/airflow/example_dags/example_nested_branch_dag.py
[2023-07-11 23:07:36,552] {logging_mixin.py:115} INFO - [2023-07-11 23:07:36,551] {dag.py:2420} INFO - Sync 1 DAGs
[2023-07-11 23:07:36,644] {logging_mixin.py:115} INFO - [2023-07-11 23:07:36,644] {dag.py:2972} INFO - Setting next_dagrun for example_nested_branch_dag to 2023-07-10T00:00:00+00:00, run_after=2023-07-11T00:00:00+00:00
[2023-07-11 23:07:36,679] {processor.py:161} INFO - Processing /home/airflow/.local/lib/python3.7/site-packages/airflow/example_dags/example_nested_branch_dag.py took 0.369 seconds
[2023-07-11 23:08:06,999] {processor.py:153} INFO - Started process (PID=2936) to work on /home/airflow/.local/lib/python3.7/site-packages/airflow/example_dags/example_nested_branch_dag.py
[2023-07-11 23:08:07,000] {processor.py:641} INFO - Processing file /home/airflow/.local/lib/python3.7/site-packages/airflow/example_dags/example_nested_branch_dag.py for tasks to queue
[2023-07-11 23:08:07,011] {logging_mixin.py:115} INFO - [2023-07-11 23:08:07,011] {dagbag.py:508} INFO - Filling up the DagBag from /home/airflow/.local/lib/python3.7/site-packages/airflow/example_dags/example_nested_branch_dag.py
[2023-07-11 23:08:07,092] {processor.py:651} INFO - DAG(s) dict_keys(['example_nested_branch_dag']) retrieved from /home/airflow/.local/lib/python3.7/site-packages/airflow/example_dags/example_nested_branch_dag.py
[2023-07-11 23:08:07,260] {logging_mixin.py:115} INFO - [2023-07-11 23:08:07,260] {dag.py:2420} INFO - Sync 1 DAGs
[2023-07-11 23:08:07,493] {logging_mixin.py:115} INFO - [2023-07-11 23:08:07,493] {dag.py:2972} INFO - Setting next_dagrun for example_nested_branch_dag to 2023-07-10T00:00:00+00:00, run_after=2023-07-11T00:00:00+00:00
[2023-07-11 23:08:07,642] {processor.py:161} INFO - Processing /home/airflow/.local/lib/python3.7/site-packages/airflow/example_dags/example_nested_branch_dag.py took 0.663 seconds
[2023-07-11 23:08:38,136] {processor.py:153} INFO - Started process (PID=2990) to work on /home/airflow/.local/lib/python3.7/site-packages/airflow/example_dags/example_nested_branch_dag.py
[2023-07-11 23:08:38,141] {processor.py:641} INFO - Processing file /home/airflow/.local/lib/python3.7/site-packages/airflow/example_dags/example_nested_branch_dag.py for tasks to queue
[2023-07-11 23:08:38,143] {logging_mixin.py:115} INFO - [2023-07-11 23:08:38,143] {dagbag.py:508} INFO - Filling up the DagBag from /home/airflow/.local/lib/python3.7/site-packages/airflow/example_dags/example_nested_branch_dag.py
[2023-07-11 23:08:38,195] {processor.py:651} INFO - DAG(s) dict_keys(['example_nested_branch_dag']) retrieved from /home/airflow/.local/lib/python3.7/site-packages/airflow/example_dags/example_nested_branch_dag.py
[2023-07-11 23:08:38,274] {logging_mixin.py:115} INFO - [2023-07-11 23:08:38,274] {dag.py:2420} INFO - Sync 1 DAGs
[2023-07-11 23:08:38,352] {logging_mixin.py:115} INFO - [2023-07-11 23:08:38,352] {dag.py:2972} INFO - Setting next_dagrun for example_nested_branch_dag to 2023-07-10T00:00:00+00:00, run_after=2023-07-11T00:00:00+00:00
[2023-07-11 23:08:38,386] {processor.py:161} INFO - Processing /home/airflow/.local/lib/python3.7/site-packages/airflow/example_dags/example_nested_branch_dag.py took 0.256 seconds
[2023-07-11 23:09:09,247] {processor.py:153} INFO - Started process (PID=3042) to work on /home/airflow/.local/lib/python3.7/site-packages/airflow/example_dags/example_nested_branch_dag.py
[2023-07-11 23:09:09,253] {processor.py:641} INFO - Processing file /home/airflow/.local/lib/python3.7/site-packages/airflow/example_dags/example_nested_branch_dag.py for tasks to queue
[2023-07-11 23:09:09,256] {logging_mixin.py:115} INFO - [2023-07-11 23:09:09,256] {dagbag.py:508} INFO - Filling up the DagBag from /home/airflow/.local/lib/python3.7/site-packages/airflow/example_dags/example_nested_branch_dag.py
[2023-07-11 23:09:09,293] {processor.py:651} INFO - DAG(s) dict_keys(['example_nested_branch_dag']) retrieved from /home/airflow/.local/lib/python3.7/site-packages/airflow/example_dags/example_nested_branch_dag.py
[2023-07-11 23:09:09,359] {logging_mixin.py:115} INFO - [2023-07-11 23:09:09,359] {dag.py:2420} INFO - Sync 1 DAGs
[2023-07-11 23:09:09,466] {logging_mixin.py:115} INFO - [2023-07-11 23:09:09,465] {dag.py:2972} INFO - Setting next_dagrun for example_nested_branch_dag to 2023-07-10T00:00:00+00:00, run_after=2023-07-11T00:00:00+00:00
[2023-07-11 23:09:09,514] {processor.py:161} INFO - Processing /home/airflow/.local/lib/python3.7/site-packages/airflow/example_dags/example_nested_branch_dag.py took 0.294 seconds
[2023-07-11 23:09:39,701] {processor.py:153} INFO - Started process (PID=3094) to work on /home/airflow/.local/lib/python3.7/site-packages/airflow/example_dags/example_nested_branch_dag.py
[2023-07-11 23:09:39,702] {processor.py:641} INFO - Processing file /home/airflow/.local/lib/python3.7/site-packages/airflow/example_dags/example_nested_branch_dag.py for tasks to queue
[2023-07-11 23:09:39,703] {logging_mixin.py:115} INFO - [2023-07-11 23:09:39,703] {dagbag.py:508} INFO - Filling up the DagBag from /home/airflow/.local/lib/python3.7/site-packages/airflow/example_dags/example_nested_branch_dag.py
[2023-07-11 23:09:39,743] {processor.py:651} INFO - DAG(s) dict_keys(['example_nested_branch_dag']) retrieved from /home/airflow/.local/lib/python3.7/site-packages/airflow/example_dags/example_nested_branch_dag.py
[2023-07-11 23:09:39,834] {logging_mixin.py:115} INFO - [2023-07-11 23:09:39,834] {dag.py:2420} INFO - Sync 1 DAGs
[2023-07-11 23:09:39,915] {logging_mixin.py:115} INFO - [2023-07-11 23:09:39,915] {dag.py:2972} INFO - Setting next_dagrun for example_nested_branch_dag to 2023-07-10T00:00:00+00:00, run_after=2023-07-11T00:00:00+00:00
[2023-07-11 23:09:40,028] {processor.py:161} INFO - Processing /home/airflow/.local/lib/python3.7/site-packages/airflow/example_dags/example_nested_branch_dag.py took 0.336 seconds
[2023-07-11 23:10:10,474] {processor.py:153} INFO - Started process (PID=3145) to work on /home/airflow/.local/lib/python3.7/site-packages/airflow/example_dags/example_nested_branch_dag.py
[2023-07-11 23:10:10,479] {processor.py:641} INFO - Processing file /home/airflow/.local/lib/python3.7/site-packages/airflow/example_dags/example_nested_branch_dag.py for tasks to queue
[2023-07-11 23:10:10,482] {logging_mixin.py:115} INFO - [2023-07-11 23:10:10,480] {dagbag.py:508} INFO - Filling up the DagBag from /home/airflow/.local/lib/python3.7/site-packages/airflow/example_dags/example_nested_branch_dag.py
[2023-07-11 23:10:10,525] {processor.py:651} INFO - DAG(s) dict_keys(['example_nested_branch_dag']) retrieved from /home/airflow/.local/lib/python3.7/site-packages/airflow/example_dags/example_nested_branch_dag.py
[2023-07-11 23:10:10,706] {logging_mixin.py:115} INFO - [2023-07-11 23:10:10,706] {dag.py:2420} INFO - Sync 1 DAGs
[2023-07-11 23:10:10,886] {logging_mixin.py:115} INFO - [2023-07-11 23:10:10,886] {dag.py:2972} INFO - Setting next_dagrun for example_nested_branch_dag to 2023-07-10T00:00:00+00:00, run_after=2023-07-11T00:00:00+00:00
[2023-07-11 23:10:10,951] {processor.py:161} INFO - Processing /home/airflow/.local/lib/python3.7/site-packages/airflow/example_dags/example_nested_branch_dag.py took 0.489 seconds
[2023-07-11 23:10:41,511] {processor.py:153} INFO - Started process (PID=3207) to work on /home/airflow/.local/lib/python3.7/site-packages/airflow/example_dags/example_nested_branch_dag.py
[2023-07-11 23:10:41,512] {processor.py:641} INFO - Processing file /home/airflow/.local/lib/python3.7/site-packages/airflow/example_dags/example_nested_branch_dag.py for tasks to queue
[2023-07-11 23:10:41,513] {logging_mixin.py:115} INFO - [2023-07-11 23:10:41,513] {dagbag.py:508} INFO - Filling up the DagBag from /home/airflow/.local/lib/python3.7/site-packages/airflow/example_dags/example_nested_branch_dag.py
[2023-07-11 23:10:41,551] {processor.py:651} INFO - DAG(s) dict_keys(['example_nested_branch_dag']) retrieved from /home/airflow/.local/lib/python3.7/site-packages/airflow/example_dags/example_nested_branch_dag.py
[2023-07-11 23:10:41,617] {logging_mixin.py:115} INFO - [2023-07-11 23:10:41,617] {dag.py:2420} INFO - Sync 1 DAGs
[2023-07-11 23:10:41,681] {logging_mixin.py:115} INFO - [2023-07-11 23:10:41,681] {dag.py:2972} INFO - Setting next_dagrun for example_nested_branch_dag to 2023-07-10T00:00:00+00:00, run_after=2023-07-11T00:00:00+00:00
[2023-07-11 23:10:41,710] {processor.py:161} INFO - Processing /home/airflow/.local/lib/python3.7/site-packages/airflow/example_dags/example_nested_branch_dag.py took 0.209 seconds
[2023-07-11 23:11:12,482] {processor.py:153} INFO - Started process (PID=3258) to work on /home/airflow/.local/lib/python3.7/site-packages/airflow/example_dags/example_nested_branch_dag.py
[2023-07-11 23:11:12,484] {processor.py:641} INFO - Processing file /home/airflow/.local/lib/python3.7/site-packages/airflow/example_dags/example_nested_branch_dag.py for tasks to queue
[2023-07-11 23:11:12,485] {logging_mixin.py:115} INFO - [2023-07-11 23:11:12,485] {dagbag.py:508} INFO - Filling up the DagBag from /home/airflow/.local/lib/python3.7/site-packages/airflow/example_dags/example_nested_branch_dag.py
[2023-07-11 23:11:12,511] {processor.py:651} INFO - DAG(s) dict_keys(['example_nested_branch_dag']) retrieved from /home/airflow/.local/lib/python3.7/site-packages/airflow/example_dags/example_nested_branch_dag.py
[2023-07-11 23:11:12,662] {logging_mixin.py:115} INFO - [2023-07-11 23:11:12,662] {dag.py:2420} INFO - Sync 1 DAGs
[2023-07-11 23:11:12,749] {logging_mixin.py:115} INFO - [2023-07-11 23:11:12,748] {dag.py:2972} INFO - Setting next_dagrun for example_nested_branch_dag to 2023-07-10T00:00:00+00:00, run_after=2023-07-11T00:00:00+00:00
[2023-07-11 23:11:12,790] {processor.py:161} INFO - Processing /home/airflow/.local/lib/python3.7/site-packages/airflow/example_dags/example_nested_branch_dag.py took 0.316 seconds
[2023-07-11 23:11:43,493] {processor.py:153} INFO - Started process (PID=3310) to work on /home/airflow/.local/lib/python3.7/site-packages/airflow/example_dags/example_nested_branch_dag.py
[2023-07-11 23:11:43,494] {processor.py:641} INFO - Processing file /home/airflow/.local/lib/python3.7/site-packages/airflow/example_dags/example_nested_branch_dag.py for tasks to queue
[2023-07-11 23:11:43,495] {logging_mixin.py:115} INFO - [2023-07-11 23:11:43,494] {dagbag.py:508} INFO - Filling up the DagBag from /home/airflow/.local/lib/python3.7/site-packages/airflow/example_dags/example_nested_branch_dag.py
[2023-07-11 23:11:43,509] {processor.py:651} INFO - DAG(s) dict_keys(['example_nested_branch_dag']) retrieved from /home/airflow/.local/lib/python3.7/site-packages/airflow/example_dags/example_nested_branch_dag.py
[2023-07-11 23:11:43,540] {logging_mixin.py:115} INFO - [2023-07-11 23:11:43,540] {dag.py:2420} INFO - Sync 1 DAGs
[2023-07-11 23:11:43,576] {logging_mixin.py:115} INFO - [2023-07-11 23:11:43,576] {dag.py:2972} INFO - Setting next_dagrun for example_nested_branch_dag to 2023-07-10T00:00:00+00:00, run_after=2023-07-11T00:00:00+00:00
[2023-07-11 23:11:43,593] {processor.py:161} INFO - Processing /home/airflow/.local/lib/python3.7/site-packages/airflow/example_dags/example_nested_branch_dag.py took 0.104 seconds
[2023-07-11 23:12:14,154] {processor.py:153} INFO - Started process (PID=3361) to work on /home/airflow/.local/lib/python3.7/site-packages/airflow/example_dags/example_nested_branch_dag.py
[2023-07-11 23:12:14,172] {processor.py:641} INFO - Processing file /home/airflow/.local/lib/python3.7/site-packages/airflow/example_dags/example_nested_branch_dag.py for tasks to queue
[2023-07-11 23:12:14,237] {logging_mixin.py:115} INFO - [2023-07-11 23:12:14,236] {dagbag.py:508} INFO - Filling up the DagBag from /home/airflow/.local/lib/python3.7/site-packages/airflow/example_dags/example_nested_branch_dag.py
[2023-07-11 23:12:14,397] {processor.py:651} INFO - DAG(s) dict_keys(['example_nested_branch_dag']) retrieved from /home/airflow/.local/lib/python3.7/site-packages/airflow/example_dags/example_nested_branch_dag.py
[2023-07-11 23:12:14,606] {logging_mixin.py:115} INFO - [2023-07-11 23:12:14,606] {dag.py:2420} INFO - Sync 1 DAGs
[2023-07-11 23:12:14,676] {logging_mixin.py:115} INFO - [2023-07-11 23:12:14,676] {dag.py:2972} INFO - Setting next_dagrun for example_nested_branch_dag to 2023-07-10T00:00:00+00:00, run_after=2023-07-11T00:00:00+00:00
[2023-07-11 23:12:14,741] {processor.py:161} INFO - Processing /home/airflow/.local/lib/python3.7/site-packages/airflow/example_dags/example_nested_branch_dag.py took 0.620 seconds
[2023-07-11 23:12:44,961] {processor.py:153} INFO - Started process (PID=3422) to work on /home/airflow/.local/lib/python3.7/site-packages/airflow/example_dags/example_nested_branch_dag.py
[2023-07-11 23:12:44,963] {processor.py:641} INFO - Processing file /home/airflow/.local/lib/python3.7/site-packages/airflow/example_dags/example_nested_branch_dag.py for tasks to queue
[2023-07-11 23:12:44,965] {logging_mixin.py:115} INFO - [2023-07-11 23:12:44,965] {dagbag.py:508} INFO - Filling up the DagBag from /home/airflow/.local/lib/python3.7/site-packages/airflow/example_dags/example_nested_branch_dag.py
[2023-07-11 23:12:44,999] {processor.py:651} INFO - DAG(s) dict_keys(['example_nested_branch_dag']) retrieved from /home/airflow/.local/lib/python3.7/site-packages/airflow/example_dags/example_nested_branch_dag.py
[2023-07-11 23:12:45,097] {logging_mixin.py:115} INFO - [2023-07-11 23:12:45,097] {dag.py:2420} INFO - Sync 1 DAGs
[2023-07-11 23:12:45,187] {logging_mixin.py:115} INFO - [2023-07-11 23:12:45,187] {dag.py:2972} INFO - Setting next_dagrun for example_nested_branch_dag to 2023-07-10T00:00:00+00:00, run_after=2023-07-11T00:00:00+00:00
[2023-07-11 23:12:45,225] {processor.py:161} INFO - Processing /home/airflow/.local/lib/python3.7/site-packages/airflow/example_dags/example_nested_branch_dag.py took 0.273 seconds
[2023-07-11 23:13:15,627] {processor.py:153} INFO - Started process (PID=3474) to work on /home/airflow/.local/lib/python3.7/site-packages/airflow/example_dags/example_nested_branch_dag.py
[2023-07-11 23:13:15,643] {processor.py:641} INFO - Processing file /home/airflow/.local/lib/python3.7/site-packages/airflow/example_dags/example_nested_branch_dag.py for tasks to queue
[2023-07-11 23:13:15,644] {logging_mixin.py:115} INFO - [2023-07-11 23:13:15,644] {dagbag.py:508} INFO - Filling up the DagBag from /home/airflow/.local/lib/python3.7/site-packages/airflow/example_dags/example_nested_branch_dag.py
[2023-07-11 23:13:15,828] {processor.py:651} INFO - DAG(s) dict_keys(['example_nested_branch_dag']) retrieved from /home/airflow/.local/lib/python3.7/site-packages/airflow/example_dags/example_nested_branch_dag.py
[2023-07-11 23:13:16,051] {logging_mixin.py:115} INFO - [2023-07-11 23:13:16,051] {dag.py:2420} INFO - Sync 1 DAGs
[2023-07-11 23:13:16,166] {logging_mixin.py:115} INFO - [2023-07-11 23:13:16,165] {dag.py:2972} INFO - Setting next_dagrun for example_nested_branch_dag to 2023-07-10T00:00:00+00:00, run_after=2023-07-11T00:00:00+00:00
[2023-07-11 23:13:16,198] {processor.py:161} INFO - Processing /home/airflow/.local/lib/python3.7/site-packages/airflow/example_dags/example_nested_branch_dag.py took 0.604 seconds
[2023-07-11 23:13:46,823] {processor.py:153} INFO - Started process (PID=3526) to work on /home/airflow/.local/lib/python3.7/site-packages/airflow/example_dags/example_nested_branch_dag.py
[2023-07-11 23:13:46,831] {processor.py:641} INFO - Processing file /home/airflow/.local/lib/python3.7/site-packages/airflow/example_dags/example_nested_branch_dag.py for tasks to queue
[2023-07-11 23:13:46,832] {logging_mixin.py:115} INFO - [2023-07-11 23:13:46,832] {dagbag.py:508} INFO - Filling up the DagBag from /home/airflow/.local/lib/python3.7/site-packages/airflow/example_dags/example_nested_branch_dag.py
[2023-07-11 23:13:46,847] {processor.py:651} INFO - DAG(s) dict_keys(['example_nested_branch_dag']) retrieved from /home/airflow/.local/lib/python3.7/site-packages/airflow/example_dags/example_nested_branch_dag.py
[2023-07-11 23:13:46,884] {logging_mixin.py:115} INFO - [2023-07-11 23:13:46,884] {dag.py:2420} INFO - Sync 1 DAGs
[2023-07-11 23:13:46,924] {logging_mixin.py:115} INFO - [2023-07-11 23:13:46,924] {dag.py:2972} INFO - Setting next_dagrun for example_nested_branch_dag to 2023-07-10T00:00:00+00:00, run_after=2023-07-11T00:00:00+00:00
[2023-07-11 23:13:47,019] {processor.py:161} INFO - Processing /home/airflow/.local/lib/python3.7/site-packages/airflow/example_dags/example_nested_branch_dag.py took 0.199 seconds
[2023-07-11 23:14:17,240] {processor.py:153} INFO - Started process (PID=3578) to work on /home/airflow/.local/lib/python3.7/site-packages/airflow/example_dags/example_nested_branch_dag.py
[2023-07-11 23:14:17,241] {processor.py:641} INFO - Processing file /home/airflow/.local/lib/python3.7/site-packages/airflow/example_dags/example_nested_branch_dag.py for tasks to queue
[2023-07-11 23:14:17,242] {logging_mixin.py:115} INFO - [2023-07-11 23:14:17,241] {dagbag.py:508} INFO - Filling up the DagBag from /home/airflow/.local/lib/python3.7/site-packages/airflow/example_dags/example_nested_branch_dag.py
[2023-07-11 23:14:17,260] {processor.py:651} INFO - DAG(s) dict_keys(['example_nested_branch_dag']) retrieved from /home/airflow/.local/lib/python3.7/site-packages/airflow/example_dags/example_nested_branch_dag.py
[2023-07-11 23:14:17,300] {logging_mixin.py:115} INFO - [2023-07-11 23:14:17,300] {dag.py:2420} INFO - Sync 1 DAGs
[2023-07-11 23:14:17,348] {logging_mixin.py:115} INFO - [2023-07-11 23:14:17,347] {dag.py:2972} INFO - Setting next_dagrun for example_nested_branch_dag to 2023-07-10T00:00:00+00:00, run_after=2023-07-11T00:00:00+00:00
[2023-07-11 23:14:17,374] {processor.py:161} INFO - Processing /home/airflow/.local/lib/python3.7/site-packages/airflow/example_dags/example_nested_branch_dag.py took 0.139 seconds
