[2023-07-11 00:43:02,512] {processor.py:153} INFO - Started process (PID=77) to work on /home/airflow/.local/lib/python3.7/site-packages/airflow/example_dags/example_task_group_decorator.py
[2023-07-11 00:43:02,512] {processor.py:641} INFO - Processing file /home/airflow/.local/lib/python3.7/site-packages/airflow/example_dags/example_task_group_decorator.py for tasks to queue
[2023-07-11 00:43:02,513] {logging_mixin.py:115} INFO - [2023-07-11 00:43:02,513] {dagbag.py:508} INFO - Filling up the DagBag from /home/airflow/.local/lib/python3.7/site-packages/airflow/example_dags/example_task_group_decorator.py
[2023-07-11 00:43:02,570] {processor.py:651} INFO - DAG(s) dict_keys(['example_task_group_decorator']) retrieved from /home/airflow/.local/lib/python3.7/site-packages/airflow/example_dags/example_task_group_decorator.py
[2023-07-11 00:43:02,803] {logging_mixin.py:115} INFO - [2023-07-11 00:43:02,803] {manager.py:508} INFO - Created Permission View: can delete on DAG:example_task_group_decorator
[2023-07-11 00:43:02,836] {logging_mixin.py:115} INFO - [2023-07-11 00:43:02,836] {manager.py:508} INFO - Created Permission View: can read on DAG:example_task_group_decorator
[2023-07-11 00:43:02,857] {logging_mixin.py:115} INFO - [2023-07-11 00:43:02,856] {manager.py:508} INFO - Created Permission View: can edit on DAG:example_task_group_decorator
[2023-07-11 00:43:02,857] {logging_mixin.py:115} INFO - [2023-07-11 00:43:02,857] {dag.py:2420} INFO - Sync 1 DAGs
[2023-07-11 00:43:02,889] {logging_mixin.py:115} INFO - [2023-07-11 00:43:02,888] {dag.py:2439} INFO - Creating ORM DAG for example_task_group_decorator
[2023-07-11 00:43:02,930] {logging_mixin.py:115} INFO - [2023-07-11 00:43:02,930] {dag.py:2972} INFO - Setting next_dagrun for example_task_group_decorator to 2023-07-10T00:43:02.929835+00:00, run_after=2023-07-11T00:43:02.929835+00:00
[2023-07-11 00:43:02,967] {processor.py:161} INFO - Processing /home/airflow/.local/lib/python3.7/site-packages/airflow/example_dags/example_task_group_decorator.py took 0.460 seconds
[2023-07-11 00:43:33,143] {processor.py:153} INFO - Started process (PID=129) to work on /home/airflow/.local/lib/python3.7/site-packages/airflow/example_dags/example_task_group_decorator.py
[2023-07-11 00:43:33,144] {processor.py:641} INFO - Processing file /home/airflow/.local/lib/python3.7/site-packages/airflow/example_dags/example_task_group_decorator.py for tasks to queue
[2023-07-11 00:43:33,145] {logging_mixin.py:115} INFO - [2023-07-11 00:43:33,145] {dagbag.py:508} INFO - Filling up the DagBag from /home/airflow/.local/lib/python3.7/site-packages/airflow/example_dags/example_task_group_decorator.py
[2023-07-11 00:43:33,179] {processor.py:651} INFO - DAG(s) dict_keys(['example_task_group_decorator']) retrieved from /home/airflow/.local/lib/python3.7/site-packages/airflow/example_dags/example_task_group_decorator.py
[2023-07-11 00:43:33,291] {logging_mixin.py:115} INFO - [2023-07-11 00:43:33,291] {dag.py:2420} INFO - Sync 1 DAGs
[2023-07-11 00:43:33,324] {logging_mixin.py:115} INFO - [2023-07-11 00:43:33,324] {dag.py:2972} INFO - Setting next_dagrun for example_task_group_decorator to 2023-07-10T00:43:33.324082+00:00, run_after=2023-07-11T00:43:33.324082+00:00
[2023-07-11 00:43:33,342] {processor.py:161} INFO - Processing /home/airflow/.local/lib/python3.7/site-packages/airflow/example_dags/example_task_group_decorator.py took 0.205 seconds
[2023-07-11 00:44:03,790] {processor.py:153} INFO - Started process (PID=188) to work on /home/airflow/.local/lib/python3.7/site-packages/airflow/example_dags/example_task_group_decorator.py
[2023-07-11 00:44:03,793] {processor.py:641} INFO - Processing file /home/airflow/.local/lib/python3.7/site-packages/airflow/example_dags/example_task_group_decorator.py for tasks to queue
[2023-07-11 00:44:03,794] {logging_mixin.py:115} INFO - [2023-07-11 00:44:03,794] {dagbag.py:508} INFO - Filling up the DagBag from /home/airflow/.local/lib/python3.7/site-packages/airflow/example_dags/example_task_group_decorator.py
[2023-07-11 00:44:03,865] {processor.py:651} INFO - DAG(s) dict_keys(['example_task_group_decorator']) retrieved from /home/airflow/.local/lib/python3.7/site-packages/airflow/example_dags/example_task_group_decorator.py
[2023-07-11 00:44:04,003] {logging_mixin.py:115} INFO - [2023-07-11 00:44:04,003] {dag.py:2420} INFO - Sync 1 DAGs
[2023-07-11 00:44:04,053] {logging_mixin.py:115} INFO - [2023-07-11 00:44:04,053] {dag.py:2972} INFO - Setting next_dagrun for example_task_group_decorator to 2023-07-10T00:44:04.053302+00:00, run_after=2023-07-11T00:44:04.053302+00:00
[2023-07-11 00:44:04,088] {processor.py:161} INFO - Processing /home/airflow/.local/lib/python3.7/site-packages/airflow/example_dags/example_task_group_decorator.py took 0.303 seconds
[2023-07-11 00:44:34,382] {processor.py:153} INFO - Started process (PID=240) to work on /home/airflow/.local/lib/python3.7/site-packages/airflow/example_dags/example_task_group_decorator.py
[2023-07-11 00:44:34,383] {processor.py:641} INFO - Processing file /home/airflow/.local/lib/python3.7/site-packages/airflow/example_dags/example_task_group_decorator.py for tasks to queue
[2023-07-11 00:44:34,383] {logging_mixin.py:115} INFO - [2023-07-11 00:44:34,383] {dagbag.py:508} INFO - Filling up the DagBag from /home/airflow/.local/lib/python3.7/site-packages/airflow/example_dags/example_task_group_decorator.py
[2023-07-11 00:44:34,435] {processor.py:651} INFO - DAG(s) dict_keys(['example_task_group_decorator']) retrieved from /home/airflow/.local/lib/python3.7/site-packages/airflow/example_dags/example_task_group_decorator.py
[2023-07-11 00:44:34,664] {logging_mixin.py:115} INFO - [2023-07-11 00:44:34,664] {dag.py:2420} INFO - Sync 1 DAGs
[2023-07-11 00:44:34,703] {logging_mixin.py:115} INFO - [2023-07-11 00:44:34,702] {dag.py:2972} INFO - Setting next_dagrun for example_task_group_decorator to 2023-07-10T00:44:34.702646+00:00, run_after=2023-07-11T00:44:34.702646+00:00
[2023-07-11 00:44:34,724] {processor.py:161} INFO - Processing /home/airflow/.local/lib/python3.7/site-packages/airflow/example_dags/example_task_group_decorator.py took 0.346 seconds
[2023-07-11 00:45:05,170] {processor.py:153} INFO - Started process (PID=301) to work on /home/airflow/.local/lib/python3.7/site-packages/airflow/example_dags/example_task_group_decorator.py
[2023-07-11 00:45:05,171] {processor.py:641} INFO - Processing file /home/airflow/.local/lib/python3.7/site-packages/airflow/example_dags/example_task_group_decorator.py for tasks to queue
[2023-07-11 00:45:05,171] {logging_mixin.py:115} INFO - [2023-07-11 00:45:05,171] {dagbag.py:508} INFO - Filling up the DagBag from /home/airflow/.local/lib/python3.7/site-packages/airflow/example_dags/example_task_group_decorator.py
[2023-07-11 00:45:05,221] {processor.py:651} INFO - DAG(s) dict_keys(['example_task_group_decorator']) retrieved from /home/airflow/.local/lib/python3.7/site-packages/airflow/example_dags/example_task_group_decorator.py
[2023-07-11 00:45:05,321] {logging_mixin.py:115} INFO - [2023-07-11 00:45:05,321] {dag.py:2420} INFO - Sync 1 DAGs
[2023-07-11 00:45:05,357] {logging_mixin.py:115} INFO - [2023-07-11 00:45:05,357] {dag.py:2972} INFO - Setting next_dagrun for example_task_group_decorator to 2023-07-10T00:45:05.357079+00:00, run_after=2023-07-11T00:45:05.357079+00:00
[2023-07-11 00:45:05,379] {processor.py:161} INFO - Processing /home/airflow/.local/lib/python3.7/site-packages/airflow/example_dags/example_task_group_decorator.py took 0.213 seconds
[2023-07-11 00:45:35,898] {processor.py:153} INFO - Started process (PID=353) to work on /home/airflow/.local/lib/python3.7/site-packages/airflow/example_dags/example_task_group_decorator.py
[2023-07-11 00:45:35,899] {processor.py:641} INFO - Processing file /home/airflow/.local/lib/python3.7/site-packages/airflow/example_dags/example_task_group_decorator.py for tasks to queue
[2023-07-11 00:45:35,900] {logging_mixin.py:115} INFO - [2023-07-11 00:45:35,900] {dagbag.py:508} INFO - Filling up the DagBag from /home/airflow/.local/lib/python3.7/site-packages/airflow/example_dags/example_task_group_decorator.py
[2023-07-11 00:45:35,934] {processor.py:651} INFO - DAG(s) dict_keys(['example_task_group_decorator']) retrieved from /home/airflow/.local/lib/python3.7/site-packages/airflow/example_dags/example_task_group_decorator.py
[2023-07-11 00:45:36,050] {logging_mixin.py:115} INFO - [2023-07-11 00:45:36,050] {dag.py:2420} INFO - Sync 1 DAGs
[2023-07-11 00:45:36,088] {logging_mixin.py:115} INFO - [2023-07-11 00:45:36,087] {dag.py:2972} INFO - Setting next_dagrun for example_task_group_decorator to 2023-07-10T00:45:36.087388+00:00, run_after=2023-07-11T00:45:36.087388+00:00
[2023-07-11 00:45:36,111] {processor.py:161} INFO - Processing /home/airflow/.local/lib/python3.7/site-packages/airflow/example_dags/example_task_group_decorator.py took 0.217 seconds
[2023-07-11 00:46:06,384] {processor.py:153} INFO - Started process (PID=415) to work on /home/airflow/.local/lib/python3.7/site-packages/airflow/example_dags/example_task_group_decorator.py
[2023-07-11 00:46:06,385] {processor.py:641} INFO - Processing file /home/airflow/.local/lib/python3.7/site-packages/airflow/example_dags/example_task_group_decorator.py for tasks to queue
[2023-07-11 00:46:06,386] {logging_mixin.py:115} INFO - [2023-07-11 00:46:06,386] {dagbag.py:508} INFO - Filling up the DagBag from /home/airflow/.local/lib/python3.7/site-packages/airflow/example_dags/example_task_group_decorator.py
[2023-07-11 00:46:06,425] {processor.py:651} INFO - DAG(s) dict_keys(['example_task_group_decorator']) retrieved from /home/airflow/.local/lib/python3.7/site-packages/airflow/example_dags/example_task_group_decorator.py
[2023-07-11 00:46:06,543] {logging_mixin.py:115} INFO - [2023-07-11 00:46:06,543] {dag.py:2420} INFO - Sync 1 DAGs
[2023-07-11 00:46:06,568] {logging_mixin.py:115} INFO - [2023-07-11 00:46:06,568] {dag.py:2972} INFO - Setting next_dagrun for example_task_group_decorator to 2023-07-10T00:46:06.567918+00:00, run_after=2023-07-11T00:46:06.567918+00:00
[2023-07-11 00:46:06,587] {processor.py:161} INFO - Processing /home/airflow/.local/lib/python3.7/site-packages/airflow/example_dags/example_task_group_decorator.py took 0.207 seconds
[2023-07-11 00:46:37,282] {processor.py:153} INFO - Started process (PID=468) to work on /home/airflow/.local/lib/python3.7/site-packages/airflow/example_dags/example_task_group_decorator.py
[2023-07-11 00:46:37,283] {processor.py:641} INFO - Processing file /home/airflow/.local/lib/python3.7/site-packages/airflow/example_dags/example_task_group_decorator.py for tasks to queue
[2023-07-11 00:46:37,284] {logging_mixin.py:115} INFO - [2023-07-11 00:46:37,284] {dagbag.py:508} INFO - Filling up the DagBag from /home/airflow/.local/lib/python3.7/site-packages/airflow/example_dags/example_task_group_decorator.py
[2023-07-11 00:46:37,332] {processor.py:651} INFO - DAG(s) dict_keys(['example_task_group_decorator']) retrieved from /home/airflow/.local/lib/python3.7/site-packages/airflow/example_dags/example_task_group_decorator.py
[2023-07-11 00:46:37,480] {logging_mixin.py:115} INFO - [2023-07-11 00:46:37,479] {dag.py:2420} INFO - Sync 1 DAGs
[2023-07-11 00:46:37,543] {logging_mixin.py:115} INFO - [2023-07-11 00:46:37,543] {dag.py:2972} INFO - Setting next_dagrun for example_task_group_decorator to 2023-07-10T00:46:37.542589+00:00, run_after=2023-07-11T00:46:37.542589+00:00
[2023-07-11 00:46:37,575] {processor.py:161} INFO - Processing /home/airflow/.local/lib/python3.7/site-packages/airflow/example_dags/example_task_group_decorator.py took 0.298 seconds
[2023-07-11 00:47:08,284] {processor.py:153} INFO - Started process (PID=529) to work on /home/airflow/.local/lib/python3.7/site-packages/airflow/example_dags/example_task_group_decorator.py
[2023-07-11 00:47:08,284] {processor.py:641} INFO - Processing file /home/airflow/.local/lib/python3.7/site-packages/airflow/example_dags/example_task_group_decorator.py for tasks to queue
[2023-07-11 00:47:08,285] {logging_mixin.py:115} INFO - [2023-07-11 00:47:08,285] {dagbag.py:508} INFO - Filling up the DagBag from /home/airflow/.local/lib/python3.7/site-packages/airflow/example_dags/example_task_group_decorator.py
[2023-07-11 00:47:08,323] {processor.py:651} INFO - DAG(s) dict_keys(['example_task_group_decorator']) retrieved from /home/airflow/.local/lib/python3.7/site-packages/airflow/example_dags/example_task_group_decorator.py
[2023-07-11 00:47:08,426] {logging_mixin.py:115} INFO - [2023-07-11 00:47:08,426] {dag.py:2420} INFO - Sync 1 DAGs
[2023-07-11 00:47:08,449] {logging_mixin.py:115} INFO - [2023-07-11 00:47:08,448] {dag.py:2972} INFO - Setting next_dagrun for example_task_group_decorator to 2023-07-10T00:47:08.448459+00:00, run_after=2023-07-11T00:47:08.448459+00:00
[2023-07-11 00:47:08,466] {processor.py:161} INFO - Processing /home/airflow/.local/lib/python3.7/site-packages/airflow/example_dags/example_task_group_decorator.py took 0.185 seconds
[2023-07-11 00:47:39,283] {processor.py:153} INFO - Started process (PID=589) to work on /home/airflow/.local/lib/python3.7/site-packages/airflow/example_dags/example_task_group_decorator.py
[2023-07-11 00:47:39,284] {processor.py:641} INFO - Processing file /home/airflow/.local/lib/python3.7/site-packages/airflow/example_dags/example_task_group_decorator.py for tasks to queue
[2023-07-11 00:47:39,284] {logging_mixin.py:115} INFO - [2023-07-11 00:47:39,284] {dagbag.py:508} INFO - Filling up the DagBag from /home/airflow/.local/lib/python3.7/site-packages/airflow/example_dags/example_task_group_decorator.py
[2023-07-11 00:47:39,341] {processor.py:651} INFO - DAG(s) dict_keys(['example_task_group_decorator']) retrieved from /home/airflow/.local/lib/python3.7/site-packages/airflow/example_dags/example_task_group_decorator.py
[2023-07-11 00:47:39,479] {logging_mixin.py:115} INFO - [2023-07-11 00:47:39,479] {dag.py:2420} INFO - Sync 1 DAGs
[2023-07-11 00:47:39,510] {logging_mixin.py:115} INFO - [2023-07-11 00:47:39,510] {dag.py:2972} INFO - Setting next_dagrun for example_task_group_decorator to 2023-07-10T00:47:39.510084+00:00, run_after=2023-07-11T00:47:39.510084+00:00
[2023-07-11 00:47:39,537] {processor.py:161} INFO - Processing /home/airflow/.local/lib/python3.7/site-packages/airflow/example_dags/example_task_group_decorator.py took 0.259 seconds
[2023-07-11 00:48:10,369] {processor.py:153} INFO - Started process (PID=643) to work on /home/airflow/.local/lib/python3.7/site-packages/airflow/example_dags/example_task_group_decorator.py
[2023-07-11 00:48:10,369] {processor.py:641} INFO - Processing file /home/airflow/.local/lib/python3.7/site-packages/airflow/example_dags/example_task_group_decorator.py for tasks to queue
[2023-07-11 00:48:10,370] {logging_mixin.py:115} INFO - [2023-07-11 00:48:10,370] {dagbag.py:508} INFO - Filling up the DagBag from /home/airflow/.local/lib/python3.7/site-packages/airflow/example_dags/example_task_group_decorator.py
[2023-07-11 00:48:10,403] {processor.py:651} INFO - DAG(s) dict_keys(['example_task_group_decorator']) retrieved from /home/airflow/.local/lib/python3.7/site-packages/airflow/example_dags/example_task_group_decorator.py
[2023-07-11 00:48:10,482] {logging_mixin.py:115} INFO - [2023-07-11 00:48:10,482] {dag.py:2420} INFO - Sync 1 DAGs
[2023-07-11 00:48:10,503] {logging_mixin.py:115} INFO - [2023-07-11 00:48:10,503] {dag.py:2972} INFO - Setting next_dagrun for example_task_group_decorator to 2023-07-10T00:48:10.503620+00:00, run_after=2023-07-11T00:48:10.503620+00:00
[2023-07-11 00:48:10,518] {processor.py:161} INFO - Processing /home/airflow/.local/lib/python3.7/site-packages/airflow/example_dags/example_task_group_decorator.py took 0.153 seconds
[2023-07-11 00:48:40,809] {processor.py:153} INFO - Started process (PID=703) to work on /home/airflow/.local/lib/python3.7/site-packages/airflow/example_dags/example_task_group_decorator.py
[2023-07-11 00:48:40,810] {processor.py:641} INFO - Processing file /home/airflow/.local/lib/python3.7/site-packages/airflow/example_dags/example_task_group_decorator.py for tasks to queue
[2023-07-11 00:48:40,811] {logging_mixin.py:115} INFO - [2023-07-11 00:48:40,811] {dagbag.py:508} INFO - Filling up the DagBag from /home/airflow/.local/lib/python3.7/site-packages/airflow/example_dags/example_task_group_decorator.py
[2023-07-11 00:48:40,848] {processor.py:651} INFO - DAG(s) dict_keys(['example_task_group_decorator']) retrieved from /home/airflow/.local/lib/python3.7/site-packages/airflow/example_dags/example_task_group_decorator.py
[2023-07-11 00:48:40,898] {logging_mixin.py:115} INFO - [2023-07-11 00:48:40,898] {dag.py:2420} INFO - Sync 1 DAGs
[2023-07-11 00:48:40,934] {logging_mixin.py:115} INFO - [2023-07-11 00:48:40,934] {dag.py:2972} INFO - Setting next_dagrun for example_task_group_decorator to 2023-07-10T00:48:40.934496+00:00, run_after=2023-07-11T00:48:40.934496+00:00
[2023-07-11 00:48:40,949] {processor.py:161} INFO - Processing /home/airflow/.local/lib/python3.7/site-packages/airflow/example_dags/example_task_group_decorator.py took 0.144 seconds
[2023-07-11 00:49:11,236] {processor.py:153} INFO - Started process (PID=756) to work on /home/airflow/.local/lib/python3.7/site-packages/airflow/example_dags/example_task_group_decorator.py
[2023-07-11 00:49:11,237] {processor.py:641} INFO - Processing file /home/airflow/.local/lib/python3.7/site-packages/airflow/example_dags/example_task_group_decorator.py for tasks to queue
[2023-07-11 00:49:11,237] {logging_mixin.py:115} INFO - [2023-07-11 00:49:11,237] {dagbag.py:508} INFO - Filling up the DagBag from /home/airflow/.local/lib/python3.7/site-packages/airflow/example_dags/example_task_group_decorator.py
[2023-07-11 00:49:11,271] {processor.py:651} INFO - DAG(s) dict_keys(['example_task_group_decorator']) retrieved from /home/airflow/.local/lib/python3.7/site-packages/airflow/example_dags/example_task_group_decorator.py
[2023-07-11 00:49:11,351] {logging_mixin.py:115} INFO - [2023-07-11 00:49:11,351] {dag.py:2420} INFO - Sync 1 DAGs
[2023-07-11 00:49:11,372] {logging_mixin.py:115} INFO - [2023-07-11 00:49:11,372] {dag.py:2972} INFO - Setting next_dagrun for example_task_group_decorator to 2023-07-10T00:49:11.372262+00:00, run_after=2023-07-11T00:49:11.372262+00:00
[2023-07-11 00:49:11,389] {processor.py:161} INFO - Processing /home/airflow/.local/lib/python3.7/site-packages/airflow/example_dags/example_task_group_decorator.py took 0.156 seconds
[2023-07-11 00:49:41,430] {processor.py:153} INFO - Started process (PID=816) to work on /home/airflow/.local/lib/python3.7/site-packages/airflow/example_dags/example_task_group_decorator.py
[2023-07-11 00:49:41,431] {processor.py:641} INFO - Processing file /home/airflow/.local/lib/python3.7/site-packages/airflow/example_dags/example_task_group_decorator.py for tasks to queue
[2023-07-11 00:49:41,432] {logging_mixin.py:115} INFO - [2023-07-11 00:49:41,432] {dagbag.py:508} INFO - Filling up the DagBag from /home/airflow/.local/lib/python3.7/site-packages/airflow/example_dags/example_task_group_decorator.py
[2023-07-11 00:49:41,485] {processor.py:651} INFO - DAG(s) dict_keys(['example_task_group_decorator']) retrieved from /home/airflow/.local/lib/python3.7/site-packages/airflow/example_dags/example_task_group_decorator.py
[2023-07-11 00:49:41,600] {logging_mixin.py:115} INFO - [2023-07-11 00:49:41,599] {dag.py:2420} INFO - Sync 1 DAGs
[2023-07-11 00:49:41,625] {logging_mixin.py:115} INFO - [2023-07-11 00:49:41,625] {dag.py:2972} INFO - Setting next_dagrun for example_task_group_decorator to 2023-07-10T00:49:41.625018+00:00, run_after=2023-07-11T00:49:41.625018+00:00
[2023-07-11 00:49:41,642] {processor.py:161} INFO - Processing /home/airflow/.local/lib/python3.7/site-packages/airflow/example_dags/example_task_group_decorator.py took 0.223 seconds
[2023-07-11 00:50:12,201] {processor.py:153} INFO - Started process (PID=867) to work on /home/airflow/.local/lib/python3.7/site-packages/airflow/example_dags/example_task_group_decorator.py
[2023-07-11 00:50:12,202] {processor.py:641} INFO - Processing file /home/airflow/.local/lib/python3.7/site-packages/airflow/example_dags/example_task_group_decorator.py for tasks to queue
[2023-07-11 00:50:12,203] {logging_mixin.py:115} INFO - [2023-07-11 00:50:12,202] {dagbag.py:508} INFO - Filling up the DagBag from /home/airflow/.local/lib/python3.7/site-packages/airflow/example_dags/example_task_group_decorator.py
[2023-07-11 00:50:12,247] {processor.py:651} INFO - DAG(s) dict_keys(['example_task_group_decorator']) retrieved from /home/airflow/.local/lib/python3.7/site-packages/airflow/example_dags/example_task_group_decorator.py
[2023-07-11 00:50:12,368] {logging_mixin.py:115} INFO - [2023-07-11 00:50:12,368] {dag.py:2420} INFO - Sync 1 DAGs
[2023-07-11 00:50:12,407] {logging_mixin.py:115} INFO - [2023-07-11 00:50:12,407] {dag.py:2972} INFO - Setting next_dagrun for example_task_group_decorator to 2023-07-10T00:50:12.407052+00:00, run_after=2023-07-11T00:50:12.407052+00:00
[2023-07-11 00:50:12,429] {processor.py:161} INFO - Processing /home/airflow/.local/lib/python3.7/site-packages/airflow/example_dags/example_task_group_decorator.py took 0.233 seconds
[2023-07-11 00:50:42,970] {processor.py:153} INFO - Started process (PID=926) to work on /home/airflow/.local/lib/python3.7/site-packages/airflow/example_dags/example_task_group_decorator.py
[2023-07-11 00:50:42,971] {processor.py:641} INFO - Processing file /home/airflow/.local/lib/python3.7/site-packages/airflow/example_dags/example_task_group_decorator.py for tasks to queue
[2023-07-11 00:50:42,971] {logging_mixin.py:115} INFO - [2023-07-11 00:50:42,971] {dagbag.py:508} INFO - Filling up the DagBag from /home/airflow/.local/lib/python3.7/site-packages/airflow/example_dags/example_task_group_decorator.py
[2023-07-11 00:50:43,024] {processor.py:651} INFO - DAG(s) dict_keys(['example_task_group_decorator']) retrieved from /home/airflow/.local/lib/python3.7/site-packages/airflow/example_dags/example_task_group_decorator.py
[2023-07-11 00:50:43,150] {logging_mixin.py:115} INFO - [2023-07-11 00:50:43,150] {dag.py:2420} INFO - Sync 1 DAGs
[2023-07-11 00:50:43,187] {logging_mixin.py:115} INFO - [2023-07-11 00:50:43,187] {dag.py:2972} INFO - Setting next_dagrun for example_task_group_decorator to 2023-07-10T00:50:43.187019+00:00, run_after=2023-07-11T00:50:43.187019+00:00
[2023-07-11 00:50:43,206] {processor.py:161} INFO - Processing /home/airflow/.local/lib/python3.7/site-packages/airflow/example_dags/example_task_group_decorator.py took 0.239 seconds
[2023-07-11 00:51:13,340] {processor.py:153} INFO - Started process (PID=978) to work on /home/airflow/.local/lib/python3.7/site-packages/airflow/example_dags/example_task_group_decorator.py
[2023-07-11 00:51:13,341] {processor.py:641} INFO - Processing file /home/airflow/.local/lib/python3.7/site-packages/airflow/example_dags/example_task_group_decorator.py for tasks to queue
[2023-07-11 00:51:13,342] {logging_mixin.py:115} INFO - [2023-07-11 00:51:13,342] {dagbag.py:508} INFO - Filling up the DagBag from /home/airflow/.local/lib/python3.7/site-packages/airflow/example_dags/example_task_group_decorator.py
[2023-07-11 00:51:13,381] {processor.py:651} INFO - DAG(s) dict_keys(['example_task_group_decorator']) retrieved from /home/airflow/.local/lib/python3.7/site-packages/airflow/example_dags/example_task_group_decorator.py
[2023-07-11 00:51:13,464] {logging_mixin.py:115} INFO - [2023-07-11 00:51:13,464] {dag.py:2420} INFO - Sync 1 DAGs
[2023-07-11 00:51:13,487] {logging_mixin.py:115} INFO - [2023-07-11 00:51:13,487] {dag.py:2972} INFO - Setting next_dagrun for example_task_group_decorator to 2023-07-10T00:51:13.487406+00:00, run_after=2023-07-11T00:51:13.487406+00:00
[2023-07-11 00:51:13,505] {processor.py:161} INFO - Processing /home/airflow/.local/lib/python3.7/site-packages/airflow/example_dags/example_task_group_decorator.py took 0.169 seconds
[2023-07-11 00:51:44,011] {processor.py:153} INFO - Started process (PID=1039) to work on /home/airflow/.local/lib/python3.7/site-packages/airflow/example_dags/example_task_group_decorator.py
[2023-07-11 00:51:44,012] {processor.py:641} INFO - Processing file /home/airflow/.local/lib/python3.7/site-packages/airflow/example_dags/example_task_group_decorator.py for tasks to queue
[2023-07-11 00:51:44,012] {logging_mixin.py:115} INFO - [2023-07-11 00:51:44,012] {dagbag.py:508} INFO - Filling up the DagBag from /home/airflow/.local/lib/python3.7/site-packages/airflow/example_dags/example_task_group_decorator.py
[2023-07-11 00:51:44,062] {processor.py:651} INFO - DAG(s) dict_keys(['example_task_group_decorator']) retrieved from /home/airflow/.local/lib/python3.7/site-packages/airflow/example_dags/example_task_group_decorator.py
[2023-07-11 00:51:44,110] {logging_mixin.py:115} INFO - [2023-07-11 00:51:44,110] {dag.py:2420} INFO - Sync 1 DAGs
[2023-07-11 00:51:44,143] {logging_mixin.py:115} INFO - [2023-07-11 00:51:44,143] {dag.py:2972} INFO - Setting next_dagrun for example_task_group_decorator to 2023-07-10T00:51:44.142962+00:00, run_after=2023-07-11T00:51:44.142962+00:00
[2023-07-11 00:51:44,157] {processor.py:161} INFO - Processing /home/airflow/.local/lib/python3.7/site-packages/airflow/example_dags/example_task_group_decorator.py took 0.150 seconds
[2023-07-11 22:50:14,656] {processor.py:153} INFO - Started process (PID=1081) to work on /home/airflow/.local/lib/python3.7/site-packages/airflow/example_dags/example_task_group_decorator.py
[2023-07-11 22:50:14,661] {processor.py:641} INFO - Processing file /home/airflow/.local/lib/python3.7/site-packages/airflow/example_dags/example_task_group_decorator.py for tasks to queue
[2023-07-11 22:50:14,662] {logging_mixin.py:115} INFO - [2023-07-11 22:50:14,661] {dagbag.py:508} INFO - Filling up the DagBag from /home/airflow/.local/lib/python3.7/site-packages/airflow/example_dags/example_task_group_decorator.py
[2023-07-11 22:50:14,847] {processor.py:651} INFO - DAG(s) dict_keys(['example_task_group_decorator']) retrieved from /home/airflow/.local/lib/python3.7/site-packages/airflow/example_dags/example_task_group_decorator.py
[2023-07-11 22:50:15,204] {logging_mixin.py:115} INFO - [2023-07-11 22:50:15,203] {dag.py:2420} INFO - Sync 1 DAGs
[2023-07-11 22:50:15,298] {logging_mixin.py:115} INFO - [2023-07-11 22:50:15,298] {dag.py:2972} INFO - Setting next_dagrun for example_task_group_decorator to 2023-07-10T22:50:15.298256+00:00, run_after=2023-07-11T22:50:15.298256+00:00
[2023-07-11 22:50:15,372] {processor.py:161} INFO - Processing /home/airflow/.local/lib/python3.7/site-packages/airflow/example_dags/example_task_group_decorator.py took 0.742 seconds
[2023-07-11 22:50:45,909] {processor.py:153} INFO - Started process (PID=1133) to work on /home/airflow/.local/lib/python3.7/site-packages/airflow/example_dags/example_task_group_decorator.py
[2023-07-11 22:50:45,909] {processor.py:641} INFO - Processing file /home/airflow/.local/lib/python3.7/site-packages/airflow/example_dags/example_task_group_decorator.py for tasks to queue
[2023-07-11 22:50:45,910] {logging_mixin.py:115} INFO - [2023-07-11 22:50:45,910] {dagbag.py:508} INFO - Filling up the DagBag from /home/airflow/.local/lib/python3.7/site-packages/airflow/example_dags/example_task_group_decorator.py
[2023-07-11 22:50:45,967] {processor.py:651} INFO - DAG(s) dict_keys(['example_task_group_decorator']) retrieved from /home/airflow/.local/lib/python3.7/site-packages/airflow/example_dags/example_task_group_decorator.py
[2023-07-11 22:50:46,110] {logging_mixin.py:115} INFO - [2023-07-11 22:50:46,109] {dag.py:2420} INFO - Sync 1 DAGs
[2023-07-11 22:50:46,144] {logging_mixin.py:115} INFO - [2023-07-11 22:50:46,144] {dag.py:2972} INFO - Setting next_dagrun for example_task_group_decorator to 2023-07-10T22:50:46.144432+00:00, run_after=2023-07-11T22:50:46.144432+00:00
[2023-07-11 22:50:46,168] {processor.py:161} INFO - Processing /home/airflow/.local/lib/python3.7/site-packages/airflow/example_dags/example_task_group_decorator.py took 0.264 seconds
[2023-07-11 22:51:16,746] {processor.py:153} INFO - Started process (PID=1185) to work on /home/airflow/.local/lib/python3.7/site-packages/airflow/example_dags/example_task_group_decorator.py
[2023-07-11 22:51:16,747] {processor.py:641} INFO - Processing file /home/airflow/.local/lib/python3.7/site-packages/airflow/example_dags/example_task_group_decorator.py for tasks to queue
[2023-07-11 22:51:16,748] {logging_mixin.py:115} INFO - [2023-07-11 22:51:16,747] {dagbag.py:508} INFO - Filling up the DagBag from /home/airflow/.local/lib/python3.7/site-packages/airflow/example_dags/example_task_group_decorator.py
[2023-07-11 22:51:16,786] {processor.py:651} INFO - DAG(s) dict_keys(['example_task_group_decorator']) retrieved from /home/airflow/.local/lib/python3.7/site-packages/airflow/example_dags/example_task_group_decorator.py
[2023-07-11 22:51:16,878] {logging_mixin.py:115} INFO - [2023-07-11 22:51:16,878] {dag.py:2420} INFO - Sync 1 DAGs
[2023-07-11 22:51:16,904] {logging_mixin.py:115} INFO - [2023-07-11 22:51:16,904] {dag.py:2972} INFO - Setting next_dagrun for example_task_group_decorator to 2023-07-10T22:51:16.904166+00:00, run_after=2023-07-11T22:51:16.904166+00:00
[2023-07-11 22:51:16,922] {processor.py:161} INFO - Processing /home/airflow/.local/lib/python3.7/site-packages/airflow/example_dags/example_task_group_decorator.py took 0.181 seconds
[2023-07-11 22:51:47,313] {processor.py:153} INFO - Started process (PID=1246) to work on /home/airflow/.local/lib/python3.7/site-packages/airflow/example_dags/example_task_group_decorator.py
[2023-07-11 22:51:47,313] {processor.py:641} INFO - Processing file /home/airflow/.local/lib/python3.7/site-packages/airflow/example_dags/example_task_group_decorator.py for tasks to queue
[2023-07-11 22:51:47,314] {logging_mixin.py:115} INFO - [2023-07-11 22:51:47,314] {dagbag.py:508} INFO - Filling up the DagBag from /home/airflow/.local/lib/python3.7/site-packages/airflow/example_dags/example_task_group_decorator.py
[2023-07-11 22:51:47,350] {processor.py:651} INFO - DAG(s) dict_keys(['example_task_group_decorator']) retrieved from /home/airflow/.local/lib/python3.7/site-packages/airflow/example_dags/example_task_group_decorator.py
[2023-07-11 22:51:47,451] {logging_mixin.py:115} INFO - [2023-07-11 22:51:47,451] {dag.py:2420} INFO - Sync 1 DAGs
[2023-07-11 22:51:47,476] {logging_mixin.py:115} INFO - [2023-07-11 22:51:47,476] {dag.py:2972} INFO - Setting next_dagrun for example_task_group_decorator to 2023-07-10T22:51:47.476453+00:00, run_after=2023-07-11T22:51:47.476453+00:00
[2023-07-11 22:51:47,493] {processor.py:161} INFO - Processing /home/airflow/.local/lib/python3.7/site-packages/airflow/example_dags/example_task_group_decorator.py took 0.183 seconds
[2023-07-11 22:52:17,742] {processor.py:153} INFO - Started process (PID=1296) to work on /home/airflow/.local/lib/python3.7/site-packages/airflow/example_dags/example_task_group_decorator.py
[2023-07-11 22:52:17,745] {processor.py:641} INFO - Processing file /home/airflow/.local/lib/python3.7/site-packages/airflow/example_dags/example_task_group_decorator.py for tasks to queue
[2023-07-11 22:52:17,746] {logging_mixin.py:115} INFO - [2023-07-11 22:52:17,746] {dagbag.py:508} INFO - Filling up the DagBag from /home/airflow/.local/lib/python3.7/site-packages/airflow/example_dags/example_task_group_decorator.py
[2023-07-11 22:52:17,831] {processor.py:651} INFO - DAG(s) dict_keys(['example_task_group_decorator']) retrieved from /home/airflow/.local/lib/python3.7/site-packages/airflow/example_dags/example_task_group_decorator.py
[2023-07-11 22:52:18,050] {logging_mixin.py:115} INFO - [2023-07-11 22:52:18,049] {dag.py:2420} INFO - Sync 1 DAGs
[2023-07-11 22:52:18,107] {logging_mixin.py:115} INFO - [2023-07-11 22:52:18,107] {dag.py:2972} INFO - Setting next_dagrun for example_task_group_decorator to 2023-07-10T22:52:18.106538+00:00, run_after=2023-07-11T22:52:18.106538+00:00
[2023-07-11 22:52:18,160] {processor.py:161} INFO - Processing /home/airflow/.local/lib/python3.7/site-packages/airflow/example_dags/example_task_group_decorator.py took 0.423 seconds
[2023-07-11 22:52:48,670] {processor.py:153} INFO - Started process (PID=1347) to work on /home/airflow/.local/lib/python3.7/site-packages/airflow/example_dags/example_task_group_decorator.py
[2023-07-11 22:52:48,670] {processor.py:641} INFO - Processing file /home/airflow/.local/lib/python3.7/site-packages/airflow/example_dags/example_task_group_decorator.py for tasks to queue
[2023-07-11 22:52:48,671] {logging_mixin.py:115} INFO - [2023-07-11 22:52:48,671] {dagbag.py:508} INFO - Filling up the DagBag from /home/airflow/.local/lib/python3.7/site-packages/airflow/example_dags/example_task_group_decorator.py
[2023-07-11 22:52:48,807] {processor.py:651} INFO - DAG(s) dict_keys(['example_task_group_decorator']) retrieved from /home/airflow/.local/lib/python3.7/site-packages/airflow/example_dags/example_task_group_decorator.py
[2023-07-11 22:52:49,279] {logging_mixin.py:115} INFO - [2023-07-11 22:52:49,279] {dag.py:2420} INFO - Sync 1 DAGs
[2023-07-11 22:52:49,480] {logging_mixin.py:115} INFO - [2023-07-11 22:52:49,479] {dag.py:2972} INFO - Setting next_dagrun for example_task_group_decorator to 2023-07-10T22:52:49.479428+00:00, run_after=2023-07-11T22:52:49.479428+00:00
[2023-07-11 22:52:49,644] {processor.py:161} INFO - Processing /home/airflow/.local/lib/python3.7/site-packages/airflow/example_dags/example_task_group_decorator.py took 0.985 seconds
[2023-07-11 22:53:20,605] {processor.py:153} INFO - Started process (PID=1408) to work on /home/airflow/.local/lib/python3.7/site-packages/airflow/example_dags/example_task_group_decorator.py
[2023-07-11 22:53:20,607] {processor.py:641} INFO - Processing file /home/airflow/.local/lib/python3.7/site-packages/airflow/example_dags/example_task_group_decorator.py for tasks to queue
[2023-07-11 22:53:20,608] {logging_mixin.py:115} INFO - [2023-07-11 22:53:20,608] {dagbag.py:508} INFO - Filling up the DagBag from /home/airflow/.local/lib/python3.7/site-packages/airflow/example_dags/example_task_group_decorator.py
[2023-07-11 22:53:20,730] {processor.py:651} INFO - DAG(s) dict_keys(['example_task_group_decorator']) retrieved from /home/airflow/.local/lib/python3.7/site-packages/airflow/example_dags/example_task_group_decorator.py
[2023-07-11 22:53:21,009] {logging_mixin.py:115} INFO - [2023-07-11 22:53:21,009] {dag.py:2420} INFO - Sync 1 DAGs
[2023-07-11 22:53:21,077] {logging_mixin.py:115} INFO - [2023-07-11 22:53:21,077] {dag.py:2972} INFO - Setting next_dagrun for example_task_group_decorator to 2023-07-10T22:53:21.077005+00:00, run_after=2023-07-11T22:53:21.077005+00:00
[2023-07-11 22:53:21,110] {processor.py:161} INFO - Processing /home/airflow/.local/lib/python3.7/site-packages/airflow/example_dags/example_task_group_decorator.py took 0.516 seconds
[2023-07-11 22:53:51,431] {processor.py:153} INFO - Started process (PID=1460) to work on /home/airflow/.local/lib/python3.7/site-packages/airflow/example_dags/example_task_group_decorator.py
[2023-07-11 22:53:51,431] {processor.py:641} INFO - Processing file /home/airflow/.local/lib/python3.7/site-packages/airflow/example_dags/example_task_group_decorator.py for tasks to queue
[2023-07-11 22:53:51,432] {logging_mixin.py:115} INFO - [2023-07-11 22:53:51,432] {dagbag.py:508} INFO - Filling up the DagBag from /home/airflow/.local/lib/python3.7/site-packages/airflow/example_dags/example_task_group_decorator.py
[2023-07-11 22:53:51,501] {processor.py:651} INFO - DAG(s) dict_keys(['example_task_group_decorator']) retrieved from /home/airflow/.local/lib/python3.7/site-packages/airflow/example_dags/example_task_group_decorator.py
[2023-07-11 22:53:51,598] {logging_mixin.py:115} INFO - [2023-07-11 22:53:51,597] {dag.py:2420} INFO - Sync 1 DAGs
[2023-07-11 22:53:51,669] {logging_mixin.py:115} INFO - [2023-07-11 22:53:51,669] {dag.py:2972} INFO - Setting next_dagrun for example_task_group_decorator to 2023-07-10T22:53:51.668732+00:00, run_after=2023-07-11T22:53:51.668732+00:00
[2023-07-11 22:53:51,696] {processor.py:161} INFO - Processing /home/airflow/.local/lib/python3.7/site-packages/airflow/example_dags/example_task_group_decorator.py took 0.269 seconds
[2023-07-11 22:54:22,350] {processor.py:153} INFO - Started process (PID=1511) to work on /home/airflow/.local/lib/python3.7/site-packages/airflow/example_dags/example_task_group_decorator.py
[2023-07-11 22:54:22,351] {processor.py:641} INFO - Processing file /home/airflow/.local/lib/python3.7/site-packages/airflow/example_dags/example_task_group_decorator.py for tasks to queue
[2023-07-11 22:54:22,352] {logging_mixin.py:115} INFO - [2023-07-11 22:54:22,352] {dagbag.py:508} INFO - Filling up the DagBag from /home/airflow/.local/lib/python3.7/site-packages/airflow/example_dags/example_task_group_decorator.py
[2023-07-11 22:54:22,414] {processor.py:651} INFO - DAG(s) dict_keys(['example_task_group_decorator']) retrieved from /home/airflow/.local/lib/python3.7/site-packages/airflow/example_dags/example_task_group_decorator.py
[2023-07-11 22:54:22,461] {logging_mixin.py:115} INFO - [2023-07-11 22:54:22,461] {dag.py:2420} INFO - Sync 1 DAGs
[2023-07-11 22:54:22,491] {logging_mixin.py:115} INFO - [2023-07-11 22:54:22,491] {dag.py:2972} INFO - Setting next_dagrun for example_task_group_decorator to 2023-07-10T22:54:22.491142+00:00, run_after=2023-07-11T22:54:22.491142+00:00
[2023-07-11 22:54:22,520] {processor.py:161} INFO - Processing /home/airflow/.local/lib/python3.7/site-packages/airflow/example_dags/example_task_group_decorator.py took 0.181 seconds
[2023-07-11 22:54:53,407] {processor.py:153} INFO - Started process (PID=1562) to work on /home/airflow/.local/lib/python3.7/site-packages/airflow/example_dags/example_task_group_decorator.py
[2023-07-11 22:54:53,408] {processor.py:641} INFO - Processing file /home/airflow/.local/lib/python3.7/site-packages/airflow/example_dags/example_task_group_decorator.py for tasks to queue
[2023-07-11 22:54:53,409] {logging_mixin.py:115} INFO - [2023-07-11 22:54:53,408] {dagbag.py:508} INFO - Filling up the DagBag from /home/airflow/.local/lib/python3.7/site-packages/airflow/example_dags/example_task_group_decorator.py
[2023-07-11 22:54:53,668] {processor.py:651} INFO - DAG(s) dict_keys(['example_task_group_decorator']) retrieved from /home/airflow/.local/lib/python3.7/site-packages/airflow/example_dags/example_task_group_decorator.py
[2023-07-11 22:54:53,841] {logging_mixin.py:115} INFO - [2023-07-11 22:54:53,841] {dag.py:2420} INFO - Sync 1 DAGs
[2023-07-11 22:54:53,941] {logging_mixin.py:115} INFO - [2023-07-11 22:54:53,940] {dag.py:2972} INFO - Setting next_dagrun for example_task_group_decorator to 2023-07-10T22:54:53.940334+00:00, run_after=2023-07-11T22:54:53.940334+00:00
[2023-07-11 22:54:54,001] {processor.py:161} INFO - Processing /home/airflow/.local/lib/python3.7/site-packages/airflow/example_dags/example_task_group_decorator.py took 0.613 seconds
[2023-07-11 22:55:24,594] {processor.py:153} INFO - Started process (PID=1614) to work on /home/airflow/.local/lib/python3.7/site-packages/airflow/example_dags/example_task_group_decorator.py
[2023-07-11 22:55:24,596] {processor.py:641} INFO - Processing file /home/airflow/.local/lib/python3.7/site-packages/airflow/example_dags/example_task_group_decorator.py for tasks to queue
[2023-07-11 22:55:24,597] {logging_mixin.py:115} INFO - [2023-07-11 22:55:24,597] {dagbag.py:508} INFO - Filling up the DagBag from /home/airflow/.local/lib/python3.7/site-packages/airflow/example_dags/example_task_group_decorator.py
[2023-07-11 22:55:24,744] {processor.py:651} INFO - DAG(s) dict_keys(['example_task_group_decorator']) retrieved from /home/airflow/.local/lib/python3.7/site-packages/airflow/example_dags/example_task_group_decorator.py
[2023-07-11 22:55:25,229] {logging_mixin.py:115} INFO - [2023-07-11 22:55:25,225] {dag.py:2420} INFO - Sync 1 DAGs
[2023-07-11 22:55:25,368] {logging_mixin.py:115} INFO - [2023-07-11 22:55:25,368] {dag.py:2972} INFO - Setting next_dagrun for example_task_group_decorator to 2023-07-10T22:55:25.367625+00:00, run_after=2023-07-11T22:55:25.367625+00:00
[2023-07-11 22:55:25,451] {processor.py:161} INFO - Processing /home/airflow/.local/lib/python3.7/site-packages/airflow/example_dags/example_task_group_decorator.py took 0.863 seconds
[2023-07-11 22:55:55,850] {processor.py:153} INFO - Started process (PID=1676) to work on /home/airflow/.local/lib/python3.7/site-packages/airflow/example_dags/example_task_group_decorator.py
[2023-07-11 22:55:55,851] {processor.py:641} INFO - Processing file /home/airflow/.local/lib/python3.7/site-packages/airflow/example_dags/example_task_group_decorator.py for tasks to queue
[2023-07-11 22:55:55,852] {logging_mixin.py:115} INFO - [2023-07-11 22:55:55,852] {dagbag.py:508} INFO - Filling up the DagBag from /home/airflow/.local/lib/python3.7/site-packages/airflow/example_dags/example_task_group_decorator.py
[2023-07-11 22:55:55,983] {processor.py:651} INFO - DAG(s) dict_keys(['example_task_group_decorator']) retrieved from /home/airflow/.local/lib/python3.7/site-packages/airflow/example_dags/example_task_group_decorator.py
[2023-07-11 22:55:56,295] {logging_mixin.py:115} INFO - [2023-07-11 22:55:56,295] {dag.py:2420} INFO - Sync 1 DAGs
[2023-07-11 22:55:56,433] {logging_mixin.py:115} INFO - [2023-07-11 22:55:56,425] {dag.py:2972} INFO - Setting next_dagrun for example_task_group_decorator to 2023-07-10T22:55:56.424756+00:00, run_after=2023-07-11T22:55:56.424756+00:00
[2023-07-11 22:55:56,512] {processor.py:161} INFO - Processing /home/airflow/.local/lib/python3.7/site-packages/airflow/example_dags/example_task_group_decorator.py took 0.666 seconds
[2023-07-11 22:56:26,676] {processor.py:153} INFO - Started process (PID=1727) to work on /home/airflow/.local/lib/python3.7/site-packages/airflow/example_dags/example_task_group_decorator.py
[2023-07-11 22:56:26,684] {processor.py:641} INFO - Processing file /home/airflow/.local/lib/python3.7/site-packages/airflow/example_dags/example_task_group_decorator.py for tasks to queue
[2023-07-11 22:56:26,685] {logging_mixin.py:115} INFO - [2023-07-11 22:56:26,685] {dagbag.py:508} INFO - Filling up the DagBag from /home/airflow/.local/lib/python3.7/site-packages/airflow/example_dags/example_task_group_decorator.py
[2023-07-11 22:56:26,868] {processor.py:651} INFO - DAG(s) dict_keys(['example_task_group_decorator']) retrieved from /home/airflow/.local/lib/python3.7/site-packages/airflow/example_dags/example_task_group_decorator.py
[2023-07-11 22:56:27,158] {logging_mixin.py:115} INFO - [2023-07-11 22:56:27,157] {dag.py:2420} INFO - Sync 1 DAGs
[2023-07-11 22:56:27,214] {logging_mixin.py:115} INFO - [2023-07-11 22:56:27,214] {dag.py:2972} INFO - Setting next_dagrun for example_task_group_decorator to 2023-07-10T22:56:27.213822+00:00, run_after=2023-07-11T22:56:27.213822+00:00
[2023-07-11 22:56:27,251] {processor.py:161} INFO - Processing /home/airflow/.local/lib/python3.7/site-packages/airflow/example_dags/example_task_group_decorator.py took 0.597 seconds
[2023-07-11 22:56:57,417] {processor.py:153} INFO - Started process (PID=1779) to work on /home/airflow/.local/lib/python3.7/site-packages/airflow/example_dags/example_task_group_decorator.py
[2023-07-11 22:56:57,418] {processor.py:641} INFO - Processing file /home/airflow/.local/lib/python3.7/site-packages/airflow/example_dags/example_task_group_decorator.py for tasks to queue
[2023-07-11 22:56:57,419] {logging_mixin.py:115} INFO - [2023-07-11 22:56:57,419] {dagbag.py:508} INFO - Filling up the DagBag from /home/airflow/.local/lib/python3.7/site-packages/airflow/example_dags/example_task_group_decorator.py
[2023-07-11 22:56:57,478] {processor.py:651} INFO - DAG(s) dict_keys(['example_task_group_decorator']) retrieved from /home/airflow/.local/lib/python3.7/site-packages/airflow/example_dags/example_task_group_decorator.py
[2023-07-11 22:56:57,649] {logging_mixin.py:115} INFO - [2023-07-11 22:56:57,648] {dag.py:2420} INFO - Sync 1 DAGs
[2023-07-11 22:56:57,700] {logging_mixin.py:115} INFO - [2023-07-11 22:56:57,700] {dag.py:2972} INFO - Setting next_dagrun for example_task_group_decorator to 2023-07-10T22:56:57.699867+00:00, run_after=2023-07-11T22:56:57.699867+00:00
[2023-07-11 22:56:57,747] {processor.py:161} INFO - Processing /home/airflow/.local/lib/python3.7/site-packages/airflow/example_dags/example_task_group_decorator.py took 0.334 seconds
[2023-07-11 22:57:28,109] {processor.py:153} INFO - Started process (PID=1830) to work on /home/airflow/.local/lib/python3.7/site-packages/airflow/example_dags/example_task_group_decorator.py
[2023-07-11 22:57:28,110] {processor.py:641} INFO - Processing file /home/airflow/.local/lib/python3.7/site-packages/airflow/example_dags/example_task_group_decorator.py for tasks to queue
[2023-07-11 22:57:28,112] {logging_mixin.py:115} INFO - [2023-07-11 22:57:28,111] {dagbag.py:508} INFO - Filling up the DagBag from /home/airflow/.local/lib/python3.7/site-packages/airflow/example_dags/example_task_group_decorator.py
[2023-07-11 22:57:28,218] {processor.py:651} INFO - DAG(s) dict_keys(['example_task_group_decorator']) retrieved from /home/airflow/.local/lib/python3.7/site-packages/airflow/example_dags/example_task_group_decorator.py
[2023-07-11 22:57:28,481] {logging_mixin.py:115} INFO - [2023-07-11 22:57:28,481] {dag.py:2420} INFO - Sync 1 DAGs
[2023-07-11 22:57:28,535] {logging_mixin.py:115} INFO - [2023-07-11 22:57:28,535] {dag.py:2972} INFO - Setting next_dagrun for example_task_group_decorator to 2023-07-10T22:57:28.534833+00:00, run_after=2023-07-11T22:57:28.534833+00:00
[2023-07-11 22:57:28,577] {processor.py:161} INFO - Processing /home/airflow/.local/lib/python3.7/site-packages/airflow/example_dags/example_task_group_decorator.py took 0.473 seconds
[2023-07-11 22:57:58,783] {processor.py:153} INFO - Started process (PID=1883) to work on /home/airflow/.local/lib/python3.7/site-packages/airflow/example_dags/example_task_group_decorator.py
[2023-07-11 22:57:58,783] {processor.py:641} INFO - Processing file /home/airflow/.local/lib/python3.7/site-packages/airflow/example_dags/example_task_group_decorator.py for tasks to queue
[2023-07-11 22:57:58,784] {logging_mixin.py:115} INFO - [2023-07-11 22:57:58,784] {dagbag.py:508} INFO - Filling up the DagBag from /home/airflow/.local/lib/python3.7/site-packages/airflow/example_dags/example_task_group_decorator.py
[2023-07-11 22:57:58,890] {processor.py:651} INFO - DAG(s) dict_keys(['example_task_group_decorator']) retrieved from /home/airflow/.local/lib/python3.7/site-packages/airflow/example_dags/example_task_group_decorator.py
[2023-07-11 22:57:59,071] {logging_mixin.py:115} INFO - [2023-07-11 22:57:59,071] {dag.py:2420} INFO - Sync 1 DAGs
[2023-07-11 22:57:59,150] {logging_mixin.py:115} INFO - [2023-07-11 22:57:59,150] {dag.py:2972} INFO - Setting next_dagrun for example_task_group_decorator to 2023-07-10T22:57:59.149885+00:00, run_after=2023-07-11T22:57:59.149885+00:00
[2023-07-11 22:57:59,208] {processor.py:161} INFO - Processing /home/airflow/.local/lib/python3.7/site-packages/airflow/example_dags/example_task_group_decorator.py took 0.433 seconds
[2023-07-11 22:58:29,288] {processor.py:153} INFO - Started process (PID=1944) to work on /home/airflow/.local/lib/python3.7/site-packages/airflow/example_dags/example_task_group_decorator.py
[2023-07-11 22:58:29,298] {processor.py:641} INFO - Processing file /home/airflow/.local/lib/python3.7/site-packages/airflow/example_dags/example_task_group_decorator.py for tasks to queue
[2023-07-11 22:58:29,299] {logging_mixin.py:115} INFO - [2023-07-11 22:58:29,298] {dagbag.py:508} INFO - Filling up the DagBag from /home/airflow/.local/lib/python3.7/site-packages/airflow/example_dags/example_task_group_decorator.py
[2023-07-11 22:58:29,383] {processor.py:651} INFO - DAG(s) dict_keys(['example_task_group_decorator']) retrieved from /home/airflow/.local/lib/python3.7/site-packages/airflow/example_dags/example_task_group_decorator.py
[2023-07-11 22:58:29,523] {logging_mixin.py:115} INFO - [2023-07-11 22:58:29,523] {dag.py:2420} INFO - Sync 1 DAGs
[2023-07-11 22:58:29,609] {logging_mixin.py:115} INFO - [2023-07-11 22:58:29,609] {dag.py:2972} INFO - Setting next_dagrun for example_task_group_decorator to 2023-07-10T22:58:29.608926+00:00, run_after=2023-07-11T22:58:29.608926+00:00
[2023-07-11 22:58:29,650] {processor.py:161} INFO - Processing /home/airflow/.local/lib/python3.7/site-packages/airflow/example_dags/example_task_group_decorator.py took 0.373 seconds
[2023-07-11 22:58:59,909] {processor.py:153} INFO - Started process (PID=1994) to work on /home/airflow/.local/lib/python3.7/site-packages/airflow/example_dags/example_task_group_decorator.py
[2023-07-11 22:58:59,910] {processor.py:641} INFO - Processing file /home/airflow/.local/lib/python3.7/site-packages/airflow/example_dags/example_task_group_decorator.py for tasks to queue
[2023-07-11 22:58:59,910] {logging_mixin.py:115} INFO - [2023-07-11 22:58:59,910] {dagbag.py:508} INFO - Filling up the DagBag from /home/airflow/.local/lib/python3.7/site-packages/airflow/example_dags/example_task_group_decorator.py
[2023-07-11 22:58:59,959] {processor.py:651} INFO - DAG(s) dict_keys(['example_task_group_decorator']) retrieved from /home/airflow/.local/lib/python3.7/site-packages/airflow/example_dags/example_task_group_decorator.py
[2023-07-11 22:59:00,066] {logging_mixin.py:115} INFO - [2023-07-11 22:59:00,066] {dag.py:2420} INFO - Sync 1 DAGs
[2023-07-11 22:59:00,102] {logging_mixin.py:115} INFO - [2023-07-11 22:59:00,101] {dag.py:2972} INFO - Setting next_dagrun for example_task_group_decorator to 2023-07-10T22:59:00.101546+00:00, run_after=2023-07-11T22:59:00.101546+00:00
[2023-07-11 22:59:00,131] {processor.py:161} INFO - Processing /home/airflow/.local/lib/python3.7/site-packages/airflow/example_dags/example_task_group_decorator.py took 0.227 seconds
[2023-07-11 22:59:30,455] {processor.py:153} INFO - Started process (PID=2046) to work on /home/airflow/.local/lib/python3.7/site-packages/airflow/example_dags/example_task_group_decorator.py
[2023-07-11 22:59:30,460] {processor.py:641} INFO - Processing file /home/airflow/.local/lib/python3.7/site-packages/airflow/example_dags/example_task_group_decorator.py for tasks to queue
[2023-07-11 22:59:30,461] {logging_mixin.py:115} INFO - [2023-07-11 22:59:30,461] {dagbag.py:508} INFO - Filling up the DagBag from /home/airflow/.local/lib/python3.7/site-packages/airflow/example_dags/example_task_group_decorator.py
[2023-07-11 22:59:30,592] {processor.py:651} INFO - DAG(s) dict_keys(['example_task_group_decorator']) retrieved from /home/airflow/.local/lib/python3.7/site-packages/airflow/example_dags/example_task_group_decorator.py
[2023-07-11 22:59:30,968] {logging_mixin.py:115} INFO - [2023-07-11 22:59:30,967] {dag.py:2420} INFO - Sync 1 DAGs
[2023-07-11 22:59:31,028] {logging_mixin.py:115} INFO - [2023-07-11 22:59:31,028] {dag.py:2972} INFO - Setting next_dagrun for example_task_group_decorator to 2023-07-10T22:59:31.027854+00:00, run_after=2023-07-11T22:59:31.027854+00:00
[2023-07-11 22:59:31,072] {processor.py:161} INFO - Processing /home/airflow/.local/lib/python3.7/site-packages/airflow/example_dags/example_task_group_decorator.py took 0.629 seconds
[2023-07-11 23:00:01,643] {processor.py:153} INFO - Started process (PID=2098) to work on /home/airflow/.local/lib/python3.7/site-packages/airflow/example_dags/example_task_group_decorator.py
[2023-07-11 23:00:01,644] {processor.py:641} INFO - Processing file /home/airflow/.local/lib/python3.7/site-packages/airflow/example_dags/example_task_group_decorator.py for tasks to queue
[2023-07-11 23:00:01,644] {logging_mixin.py:115} INFO - [2023-07-11 23:00:01,644] {dagbag.py:508} INFO - Filling up the DagBag from /home/airflow/.local/lib/python3.7/site-packages/airflow/example_dags/example_task_group_decorator.py
[2023-07-11 23:00:01,681] {processor.py:651} INFO - DAG(s) dict_keys(['example_task_group_decorator']) retrieved from /home/airflow/.local/lib/python3.7/site-packages/airflow/example_dags/example_task_group_decorator.py
[2023-07-11 23:00:01,847] {logging_mixin.py:115} INFO - [2023-07-11 23:00:01,846] {dag.py:2420} INFO - Sync 1 DAGs
[2023-07-11 23:00:01,882] {logging_mixin.py:115} INFO - [2023-07-11 23:00:01,882] {dag.py:2972} INFO - Setting next_dagrun for example_task_group_decorator to 2023-07-10T23:00:01.882172+00:00, run_after=2023-07-11T23:00:01.882172+00:00
[2023-07-11 23:00:01,901] {processor.py:161} INFO - Processing /home/airflow/.local/lib/python3.7/site-packages/airflow/example_dags/example_task_group_decorator.py took 0.262 seconds
[2023-07-11 23:00:32,171] {processor.py:153} INFO - Started process (PID=2151) to work on /home/airflow/.local/lib/python3.7/site-packages/airflow/example_dags/example_task_group_decorator.py
[2023-07-11 23:00:32,175] {processor.py:641} INFO - Processing file /home/airflow/.local/lib/python3.7/site-packages/airflow/example_dags/example_task_group_decorator.py for tasks to queue
[2023-07-11 23:00:32,178] {logging_mixin.py:115} INFO - [2023-07-11 23:00:32,177] {dagbag.py:508} INFO - Filling up the DagBag from /home/airflow/.local/lib/python3.7/site-packages/airflow/example_dags/example_task_group_decorator.py
[2023-07-11 23:00:32,291] {processor.py:651} INFO - DAG(s) dict_keys(['example_task_group_decorator']) retrieved from /home/airflow/.local/lib/python3.7/site-packages/airflow/example_dags/example_task_group_decorator.py
[2023-07-11 23:00:32,737] {logging_mixin.py:115} INFO - [2023-07-11 23:00:32,737] {dag.py:2420} INFO - Sync 1 DAGs
[2023-07-11 23:00:32,848] {logging_mixin.py:115} INFO - [2023-07-11 23:00:32,848] {dag.py:2972} INFO - Setting next_dagrun for example_task_group_decorator to 2023-07-10T23:00:32.847577+00:00, run_after=2023-07-11T23:00:32.847577+00:00
[2023-07-11 23:00:32,971] {processor.py:161} INFO - Processing /home/airflow/.local/lib/python3.7/site-packages/airflow/example_dags/example_task_group_decorator.py took 0.810 seconds
[2023-07-11 23:01:03,529] {processor.py:153} INFO - Started process (PID=2213) to work on /home/airflow/.local/lib/python3.7/site-packages/airflow/example_dags/example_task_group_decorator.py
[2023-07-11 23:01:03,536] {processor.py:641} INFO - Processing file /home/airflow/.local/lib/python3.7/site-packages/airflow/example_dags/example_task_group_decorator.py for tasks to queue
[2023-07-11 23:01:03,538] {logging_mixin.py:115} INFO - [2023-07-11 23:01:03,538] {dagbag.py:508} INFO - Filling up the DagBag from /home/airflow/.local/lib/python3.7/site-packages/airflow/example_dags/example_task_group_decorator.py
[2023-07-11 23:01:03,702] {processor.py:651} INFO - DAG(s) dict_keys(['example_task_group_decorator']) retrieved from /home/airflow/.local/lib/python3.7/site-packages/airflow/example_dags/example_task_group_decorator.py
[2023-07-11 23:01:04,177] {logging_mixin.py:115} INFO - [2023-07-11 23:01:04,177] {dag.py:2420} INFO - Sync 1 DAGs
[2023-07-11 23:01:04,282] {logging_mixin.py:115} INFO - [2023-07-11 23:01:04,282] {dag.py:2972} INFO - Setting next_dagrun for example_task_group_decorator to 2023-07-10T23:01:04.282194+00:00, run_after=2023-07-11T23:01:04.282194+00:00
[2023-07-11 23:01:04,374] {processor.py:161} INFO - Processing /home/airflow/.local/lib/python3.7/site-packages/airflow/example_dags/example_task_group_decorator.py took 0.854 seconds
[2023-07-11 23:01:34,493] {processor.py:153} INFO - Started process (PID=2264) to work on /home/airflow/.local/lib/python3.7/site-packages/airflow/example_dags/example_task_group_decorator.py
[2023-07-11 23:01:34,515] {processor.py:641} INFO - Processing file /home/airflow/.local/lib/python3.7/site-packages/airflow/example_dags/example_task_group_decorator.py for tasks to queue
[2023-07-11 23:01:34,518] {logging_mixin.py:115} INFO - [2023-07-11 23:01:34,518] {dagbag.py:508} INFO - Filling up the DagBag from /home/airflow/.local/lib/python3.7/site-packages/airflow/example_dags/example_task_group_decorator.py
[2023-07-11 23:01:34,731] {processor.py:651} INFO - DAG(s) dict_keys(['example_task_group_decorator']) retrieved from /home/airflow/.local/lib/python3.7/site-packages/airflow/example_dags/example_task_group_decorator.py
[2023-07-11 23:01:35,234] {logging_mixin.py:115} INFO - [2023-07-11 23:01:35,234] {dag.py:2420} INFO - Sync 1 DAGs
[2023-07-11 23:01:35,390] {logging_mixin.py:115} INFO - [2023-07-11 23:01:35,389] {dag.py:2972} INFO - Setting next_dagrun for example_task_group_decorator to 2023-07-10T23:01:35.389429+00:00, run_after=2023-07-11T23:01:35.389429+00:00
[2023-07-11 23:01:35,495] {processor.py:161} INFO - Processing /home/airflow/.local/lib/python3.7/site-packages/airflow/example_dags/example_task_group_decorator.py took 1.009 seconds
[2023-07-11 23:02:06,223] {processor.py:153} INFO - Started process (PID=2315) to work on /home/airflow/.local/lib/python3.7/site-packages/airflow/example_dags/example_task_group_decorator.py
[2023-07-11 23:02:06,235] {processor.py:641} INFO - Processing file /home/airflow/.local/lib/python3.7/site-packages/airflow/example_dags/example_task_group_decorator.py for tasks to queue
[2023-07-11 23:02:06,236] {logging_mixin.py:115} INFO - [2023-07-11 23:02:06,236] {dagbag.py:508} INFO - Filling up the DagBag from /home/airflow/.local/lib/python3.7/site-packages/airflow/example_dags/example_task_group_decorator.py
[2023-07-11 23:02:06,353] {processor.py:651} INFO - DAG(s) dict_keys(['example_task_group_decorator']) retrieved from /home/airflow/.local/lib/python3.7/site-packages/airflow/example_dags/example_task_group_decorator.py
[2023-07-11 23:02:06,652] {logging_mixin.py:115} INFO - [2023-07-11 23:02:06,652] {dag.py:2420} INFO - Sync 1 DAGs
[2023-07-11 23:02:06,755] {logging_mixin.py:115} INFO - [2023-07-11 23:02:06,755] {dag.py:2972} INFO - Setting next_dagrun for example_task_group_decorator to 2023-07-10T23:02:06.754434+00:00, run_after=2023-07-11T23:02:06.754434+00:00
[2023-07-11 23:02:06,803] {processor.py:161} INFO - Processing /home/airflow/.local/lib/python3.7/site-packages/airflow/example_dags/example_task_group_decorator.py took 0.586 seconds
[2023-07-11 23:02:37,356] {processor.py:153} INFO - Started process (PID=2367) to work on /home/airflow/.local/lib/python3.7/site-packages/airflow/example_dags/example_task_group_decorator.py
[2023-07-11 23:02:37,357] {processor.py:641} INFO - Processing file /home/airflow/.local/lib/python3.7/site-packages/airflow/example_dags/example_task_group_decorator.py for tasks to queue
[2023-07-11 23:02:37,358] {logging_mixin.py:115} INFO - [2023-07-11 23:02:37,358] {dagbag.py:508} INFO - Filling up the DagBag from /home/airflow/.local/lib/python3.7/site-packages/airflow/example_dags/example_task_group_decorator.py
[2023-07-11 23:02:37,472] {processor.py:651} INFO - DAG(s) dict_keys(['example_task_group_decorator']) retrieved from /home/airflow/.local/lib/python3.7/site-packages/airflow/example_dags/example_task_group_decorator.py
[2023-07-11 23:02:37,609] {logging_mixin.py:115} INFO - [2023-07-11 23:02:37,609] {dag.py:2420} INFO - Sync 1 DAGs
[2023-07-11 23:02:37,710] {logging_mixin.py:115} INFO - [2023-07-11 23:02:37,710] {dag.py:2972} INFO - Setting next_dagrun for example_task_group_decorator to 2023-07-10T23:02:37.709757+00:00, run_after=2023-07-11T23:02:37.709757+00:00
[2023-07-11 23:02:37,755] {processor.py:161} INFO - Processing /home/airflow/.local/lib/python3.7/site-packages/airflow/example_dags/example_task_group_decorator.py took 0.408 seconds
[2023-07-11 23:03:07,976] {processor.py:153} INFO - Started process (PID=2426) to work on /home/airflow/.local/lib/python3.7/site-packages/airflow/example_dags/example_task_group_decorator.py
[2023-07-11 23:03:07,979] {processor.py:641} INFO - Processing file /home/airflow/.local/lib/python3.7/site-packages/airflow/example_dags/example_task_group_decorator.py for tasks to queue
[2023-07-11 23:03:07,980] {logging_mixin.py:115} INFO - [2023-07-11 23:03:07,980] {dagbag.py:508} INFO - Filling up the DagBag from /home/airflow/.local/lib/python3.7/site-packages/airflow/example_dags/example_task_group_decorator.py
[2023-07-11 23:03:08,246] {processor.py:651} INFO - DAG(s) dict_keys(['example_task_group_decorator']) retrieved from /home/airflow/.local/lib/python3.7/site-packages/airflow/example_dags/example_task_group_decorator.py
[2023-07-11 23:03:08,612] {logging_mixin.py:115} INFO - [2023-07-11 23:03:08,612] {dag.py:2420} INFO - Sync 1 DAGs
[2023-07-11 23:03:08,655] {logging_mixin.py:115} INFO - [2023-07-11 23:03:08,655] {dag.py:2972} INFO - Setting next_dagrun for example_task_group_decorator to 2023-07-10T23:03:08.655310+00:00, run_after=2023-07-11T23:03:08.655310+00:00
[2023-07-11 23:03:08,686] {processor.py:161} INFO - Processing /home/airflow/.local/lib/python3.7/site-packages/airflow/example_dags/example_task_group_decorator.py took 0.717 seconds
[2023-07-11 23:03:38,852] {processor.py:153} INFO - Started process (PID=2479) to work on /home/airflow/.local/lib/python3.7/site-packages/airflow/example_dags/example_task_group_decorator.py
[2023-07-11 23:03:38,854] {processor.py:641} INFO - Processing file /home/airflow/.local/lib/python3.7/site-packages/airflow/example_dags/example_task_group_decorator.py for tasks to queue
[2023-07-11 23:03:38,855] {logging_mixin.py:115} INFO - [2023-07-11 23:03:38,855] {dagbag.py:508} INFO - Filling up the DagBag from /home/airflow/.local/lib/python3.7/site-packages/airflow/example_dags/example_task_group_decorator.py
[2023-07-11 23:03:38,963] {processor.py:651} INFO - DAG(s) dict_keys(['example_task_group_decorator']) retrieved from /home/airflow/.local/lib/python3.7/site-packages/airflow/example_dags/example_task_group_decorator.py
[2023-07-11 23:03:39,198] {logging_mixin.py:115} INFO - [2023-07-11 23:03:39,198] {dag.py:2420} INFO - Sync 1 DAGs
[2023-07-11 23:03:39,266] {logging_mixin.py:115} INFO - [2023-07-11 23:03:39,266] {dag.py:2972} INFO - Setting next_dagrun for example_task_group_decorator to 2023-07-10T23:03:39.266156+00:00, run_after=2023-07-11T23:03:39.266156+00:00
[2023-07-11 23:03:39,312] {processor.py:161} INFO - Processing /home/airflow/.local/lib/python3.7/site-packages/airflow/example_dags/example_task_group_decorator.py took 0.470 seconds
[2023-07-11 23:04:09,585] {processor.py:153} INFO - Started process (PID=2532) to work on /home/airflow/.local/lib/python3.7/site-packages/airflow/example_dags/example_task_group_decorator.py
[2023-07-11 23:04:09,588] {processor.py:641} INFO - Processing file /home/airflow/.local/lib/python3.7/site-packages/airflow/example_dags/example_task_group_decorator.py for tasks to queue
[2023-07-11 23:04:09,590] {logging_mixin.py:115} INFO - [2023-07-11 23:04:09,590] {dagbag.py:508} INFO - Filling up the DagBag from /home/airflow/.local/lib/python3.7/site-packages/airflow/example_dags/example_task_group_decorator.py
[2023-07-11 23:04:09,660] {processor.py:651} INFO - DAG(s) dict_keys(['example_task_group_decorator']) retrieved from /home/airflow/.local/lib/python3.7/site-packages/airflow/example_dags/example_task_group_decorator.py
[2023-07-11 23:04:09,912] {logging_mixin.py:115} INFO - [2023-07-11 23:04:09,912] {dag.py:2420} INFO - Sync 1 DAGs
[2023-07-11 23:04:09,980] {logging_mixin.py:115} INFO - [2023-07-11 23:04:09,980] {dag.py:2972} INFO - Setting next_dagrun for example_task_group_decorator to 2023-07-10T23:04:09.980116+00:00, run_after=2023-07-11T23:04:09.980116+00:00
[2023-07-11 23:04:10,022] {processor.py:161} INFO - Processing /home/airflow/.local/lib/python3.7/site-packages/airflow/example_dags/example_task_group_decorator.py took 0.445 seconds
[2023-07-11 23:04:40,874] {processor.py:153} INFO - Started process (PID=2585) to work on /home/airflow/.local/lib/python3.7/site-packages/airflow/example_dags/example_task_group_decorator.py
[2023-07-11 23:04:40,876] {processor.py:641} INFO - Processing file /home/airflow/.local/lib/python3.7/site-packages/airflow/example_dags/example_task_group_decorator.py for tasks to queue
[2023-07-11 23:04:40,880] {logging_mixin.py:115} INFO - [2023-07-11 23:04:40,879] {dagbag.py:508} INFO - Filling up the DagBag from /home/airflow/.local/lib/python3.7/site-packages/airflow/example_dags/example_task_group_decorator.py
[2023-07-11 23:04:40,961] {processor.py:651} INFO - DAG(s) dict_keys(['example_task_group_decorator']) retrieved from /home/airflow/.local/lib/python3.7/site-packages/airflow/example_dags/example_task_group_decorator.py
[2023-07-11 23:04:41,255] {logging_mixin.py:115} INFO - [2023-07-11 23:04:41,255] {dag.py:2420} INFO - Sync 1 DAGs
[2023-07-11 23:04:41,353] {logging_mixin.py:115} INFO - [2023-07-11 23:04:41,352] {dag.py:2972} INFO - Setting next_dagrun for example_task_group_decorator to 2023-07-10T23:04:41.351551+00:00, run_after=2023-07-11T23:04:41.351551+00:00
[2023-07-11 23:04:41,443] {processor.py:161} INFO - Processing /home/airflow/.local/lib/python3.7/site-packages/airflow/example_dags/example_task_group_decorator.py took 0.585 seconds
[2023-07-11 23:05:12,055] {processor.py:153} INFO - Started process (PID=2637) to work on /home/airflow/.local/lib/python3.7/site-packages/airflow/example_dags/example_task_group_decorator.py
[2023-07-11 23:05:12,061] {processor.py:641} INFO - Processing file /home/airflow/.local/lib/python3.7/site-packages/airflow/example_dags/example_task_group_decorator.py for tasks to queue
[2023-07-11 23:05:12,064] {logging_mixin.py:115} INFO - [2023-07-11 23:05:12,064] {dagbag.py:508} INFO - Filling up the DagBag from /home/airflow/.local/lib/python3.7/site-packages/airflow/example_dags/example_task_group_decorator.py
[2023-07-11 23:05:12,186] {processor.py:651} INFO - DAG(s) dict_keys(['example_task_group_decorator']) retrieved from /home/airflow/.local/lib/python3.7/site-packages/airflow/example_dags/example_task_group_decorator.py
[2023-07-11 23:05:12,478] {logging_mixin.py:115} INFO - [2023-07-11 23:05:12,478] {dag.py:2420} INFO - Sync 1 DAGs
[2023-07-11 23:05:12,571] {logging_mixin.py:115} INFO - [2023-07-11 23:05:12,570] {dag.py:2972} INFO - Setting next_dagrun for example_task_group_decorator to 2023-07-10T23:05:12.570005+00:00, run_after=2023-07-11T23:05:12.570005+00:00
[2023-07-11 23:05:12,618] {processor.py:161} INFO - Processing /home/airflow/.local/lib/python3.7/site-packages/airflow/example_dags/example_task_group_decorator.py took 0.581 seconds
[2023-07-11 23:05:42,801] {processor.py:153} INFO - Started process (PID=2689) to work on /home/airflow/.local/lib/python3.7/site-packages/airflow/example_dags/example_task_group_decorator.py
[2023-07-11 23:05:42,802] {processor.py:641} INFO - Processing file /home/airflow/.local/lib/python3.7/site-packages/airflow/example_dags/example_task_group_decorator.py for tasks to queue
[2023-07-11 23:05:42,810] {logging_mixin.py:115} INFO - [2023-07-11 23:05:42,809] {dagbag.py:508} INFO - Filling up the DagBag from /home/airflow/.local/lib/python3.7/site-packages/airflow/example_dags/example_task_group_decorator.py
[2023-07-11 23:05:43,149] {processor.py:651} INFO - DAG(s) dict_keys(['example_task_group_decorator']) retrieved from /home/airflow/.local/lib/python3.7/site-packages/airflow/example_dags/example_task_group_decorator.py
[2023-07-11 23:05:43,614] {logging_mixin.py:115} INFO - [2023-07-11 23:05:43,614] {dag.py:2420} INFO - Sync 1 DAGs
[2023-07-11 23:05:43,908] {logging_mixin.py:115} INFO - [2023-07-11 23:05:43,908] {dag.py:2972} INFO - Setting next_dagrun for example_task_group_decorator to 2023-07-10T23:05:43.907963+00:00, run_after=2023-07-11T23:05:43.907963+00:00
[2023-07-11 23:05:43,993] {processor.py:161} INFO - Processing /home/airflow/.local/lib/python3.7/site-packages/airflow/example_dags/example_task_group_decorator.py took 1.210 seconds
[2023-07-11 23:06:14,285] {processor.py:153} INFO - Started process (PID=2750) to work on /home/airflow/.local/lib/python3.7/site-packages/airflow/example_dags/example_task_group_decorator.py
[2023-07-11 23:06:14,286] {processor.py:641} INFO - Processing file /home/airflow/.local/lib/python3.7/site-packages/airflow/example_dags/example_task_group_decorator.py for tasks to queue
[2023-07-11 23:06:14,288] {logging_mixin.py:115} INFO - [2023-07-11 23:06:14,288] {dagbag.py:508} INFO - Filling up the DagBag from /home/airflow/.local/lib/python3.7/site-packages/airflow/example_dags/example_task_group_decorator.py
[2023-07-11 23:06:14,435] {processor.py:651} INFO - DAG(s) dict_keys(['example_task_group_decorator']) retrieved from /home/airflow/.local/lib/python3.7/site-packages/airflow/example_dags/example_task_group_decorator.py
[2023-07-11 23:06:14,821] {logging_mixin.py:115} INFO - [2023-07-11 23:06:14,820] {dag.py:2420} INFO - Sync 1 DAGs
[2023-07-11 23:06:15,079] {logging_mixin.py:115} INFO - [2023-07-11 23:06:15,078] {dag.py:2972} INFO - Setting next_dagrun for example_task_group_decorator to 2023-07-10T23:06:15.078461+00:00, run_after=2023-07-11T23:06:15.078461+00:00
[2023-07-11 23:06:15,209] {processor.py:161} INFO - Processing /home/airflow/.local/lib/python3.7/site-packages/airflow/example_dags/example_task_group_decorator.py took 0.933 seconds
[2023-07-11 23:06:45,417] {processor.py:153} INFO - Started process (PID=2802) to work on /home/airflow/.local/lib/python3.7/site-packages/airflow/example_dags/example_task_group_decorator.py
[2023-07-11 23:06:45,418] {processor.py:641} INFO - Processing file /home/airflow/.local/lib/python3.7/site-packages/airflow/example_dags/example_task_group_decorator.py for tasks to queue
[2023-07-11 23:06:45,419] {logging_mixin.py:115} INFO - [2023-07-11 23:06:45,419] {dagbag.py:508} INFO - Filling up the DagBag from /home/airflow/.local/lib/python3.7/site-packages/airflow/example_dags/example_task_group_decorator.py
[2023-07-11 23:06:45,469] {processor.py:651} INFO - DAG(s) dict_keys(['example_task_group_decorator']) retrieved from /home/airflow/.local/lib/python3.7/site-packages/airflow/example_dags/example_task_group_decorator.py
[2023-07-11 23:06:45,579] {logging_mixin.py:115} INFO - [2023-07-11 23:06:45,579] {dag.py:2420} INFO - Sync 1 DAGs
[2023-07-11 23:06:45,619] {logging_mixin.py:115} INFO - [2023-07-11 23:06:45,618] {dag.py:2972} INFO - Setting next_dagrun for example_task_group_decorator to 2023-07-10T23:06:45.618109+00:00, run_after=2023-07-11T23:06:45.618109+00:00
[2023-07-11 23:06:45,667] {processor.py:161} INFO - Processing /home/airflow/.local/lib/python3.7/site-packages/airflow/example_dags/example_task_group_decorator.py took 0.253 seconds
[2023-07-11 23:07:15,767] {processor.py:153} INFO - Started process (PID=2856) to work on /home/airflow/.local/lib/python3.7/site-packages/airflow/example_dags/example_task_group_decorator.py
[2023-07-11 23:07:15,768] {processor.py:641} INFO - Processing file /home/airflow/.local/lib/python3.7/site-packages/airflow/example_dags/example_task_group_decorator.py for tasks to queue
[2023-07-11 23:07:15,768] {logging_mixin.py:115} INFO - [2023-07-11 23:07:15,768] {dagbag.py:508} INFO - Filling up the DagBag from /home/airflow/.local/lib/python3.7/site-packages/airflow/example_dags/example_task_group_decorator.py
[2023-07-11 23:07:15,812] {processor.py:651} INFO - DAG(s) dict_keys(['example_task_group_decorator']) retrieved from /home/airflow/.local/lib/python3.7/site-packages/airflow/example_dags/example_task_group_decorator.py
[2023-07-11 23:07:15,918] {logging_mixin.py:115} INFO - [2023-07-11 23:07:15,917] {dag.py:2420} INFO - Sync 1 DAGs
[2023-07-11 23:07:15,947] {logging_mixin.py:115} INFO - [2023-07-11 23:07:15,947] {dag.py:2972} INFO - Setting next_dagrun for example_task_group_decorator to 2023-07-10T23:07:15.947234+00:00, run_after=2023-07-11T23:07:15.947234+00:00
[2023-07-11 23:07:15,972] {processor.py:161} INFO - Processing /home/airflow/.local/lib/python3.7/site-packages/airflow/example_dags/example_task_group_decorator.py took 0.210 seconds
[2023-07-11 23:07:46,054] {processor.py:153} INFO - Started process (PID=2906) to work on /home/airflow/.local/lib/python3.7/site-packages/airflow/example_dags/example_task_group_decorator.py
[2023-07-11 23:07:46,056] {processor.py:641} INFO - Processing file /home/airflow/.local/lib/python3.7/site-packages/airflow/example_dags/example_task_group_decorator.py for tasks to queue
[2023-07-11 23:07:46,057] {logging_mixin.py:115} INFO - [2023-07-11 23:07:46,057] {dagbag.py:508} INFO - Filling up the DagBag from /home/airflow/.local/lib/python3.7/site-packages/airflow/example_dags/example_task_group_decorator.py
[2023-07-11 23:07:46,127] {processor.py:651} INFO - DAG(s) dict_keys(['example_task_group_decorator']) retrieved from /home/airflow/.local/lib/python3.7/site-packages/airflow/example_dags/example_task_group_decorator.py
[2023-07-11 23:07:46,333] {logging_mixin.py:115} INFO - [2023-07-11 23:07:46,333] {dag.py:2420} INFO - Sync 1 DAGs
[2023-07-11 23:07:46,407] {logging_mixin.py:115} INFO - [2023-07-11 23:07:46,407] {dag.py:2972} INFO - Setting next_dagrun for example_task_group_decorator to 2023-07-10T23:07:46.407063+00:00, run_after=2023-07-11T23:07:46.407063+00:00
[2023-07-11 23:07:46,454] {processor.py:161} INFO - Processing /home/airflow/.local/lib/python3.7/site-packages/airflow/example_dags/example_task_group_decorator.py took 0.406 seconds
[2023-07-11 23:08:16,520] {processor.py:153} INFO - Started process (PID=2958) to work on /home/airflow/.local/lib/python3.7/site-packages/airflow/example_dags/example_task_group_decorator.py
[2023-07-11 23:08:16,523] {processor.py:641} INFO - Processing file /home/airflow/.local/lib/python3.7/site-packages/airflow/example_dags/example_task_group_decorator.py for tasks to queue
[2023-07-11 23:08:16,525] {logging_mixin.py:115} INFO - [2023-07-11 23:08:16,525] {dagbag.py:508} INFO - Filling up the DagBag from /home/airflow/.local/lib/python3.7/site-packages/airflow/example_dags/example_task_group_decorator.py
[2023-07-11 23:08:16,637] {processor.py:651} INFO - DAG(s) dict_keys(['example_task_group_decorator']) retrieved from /home/airflow/.local/lib/python3.7/site-packages/airflow/example_dags/example_task_group_decorator.py
[2023-07-11 23:08:16,871] {logging_mixin.py:115} INFO - [2023-07-11 23:08:16,870] {dag.py:2420} INFO - Sync 1 DAGs
[2023-07-11 23:08:16,925] {logging_mixin.py:115} INFO - [2023-07-11 23:08:16,924] {dag.py:2972} INFO - Setting next_dagrun for example_task_group_decorator to 2023-07-10T23:08:16.923982+00:00, run_after=2023-07-11T23:08:16.923982+00:00
[2023-07-11 23:08:16,963] {processor.py:161} INFO - Processing /home/airflow/.local/lib/python3.7/site-packages/airflow/example_dags/example_task_group_decorator.py took 0.452 seconds
[2023-07-11 23:08:47,085] {processor.py:153} INFO - Started process (PID=3010) to work on /home/airflow/.local/lib/python3.7/site-packages/airflow/example_dags/example_task_group_decorator.py
[2023-07-11 23:08:47,086] {processor.py:641} INFO - Processing file /home/airflow/.local/lib/python3.7/site-packages/airflow/example_dags/example_task_group_decorator.py for tasks to queue
[2023-07-11 23:08:47,087] {logging_mixin.py:115} INFO - [2023-07-11 23:08:47,087] {dagbag.py:508} INFO - Filling up the DagBag from /home/airflow/.local/lib/python3.7/site-packages/airflow/example_dags/example_task_group_decorator.py
[2023-07-11 23:08:47,206] {processor.py:651} INFO - DAG(s) dict_keys(['example_task_group_decorator']) retrieved from /home/airflow/.local/lib/python3.7/site-packages/airflow/example_dags/example_task_group_decorator.py
[2023-07-11 23:08:47,601] {logging_mixin.py:115} INFO - [2023-07-11 23:08:47,597] {dag.py:2420} INFO - Sync 1 DAGs
[2023-07-11 23:08:47,687] {logging_mixin.py:115} INFO - [2023-07-11 23:08:47,687] {dag.py:2972} INFO - Setting next_dagrun for example_task_group_decorator to 2023-07-10T23:08:47.686603+00:00, run_after=2023-07-11T23:08:47.686603+00:00
[2023-07-11 23:08:47,773] {processor.py:161} INFO - Processing /home/airflow/.local/lib/python3.7/site-packages/airflow/example_dags/example_task_group_decorator.py took 0.698 seconds
[2023-07-11 23:09:17,885] {processor.py:153} INFO - Started process (PID=3069) to work on /home/airflow/.local/lib/python3.7/site-packages/airflow/example_dags/example_task_group_decorator.py
[2023-07-11 23:09:17,886] {processor.py:641} INFO - Processing file /home/airflow/.local/lib/python3.7/site-packages/airflow/example_dags/example_task_group_decorator.py for tasks to queue
[2023-07-11 23:09:17,888] {logging_mixin.py:115} INFO - [2023-07-11 23:09:17,888] {dagbag.py:508} INFO - Filling up the DagBag from /home/airflow/.local/lib/python3.7/site-packages/airflow/example_dags/example_task_group_decorator.py
[2023-07-11 23:09:18,007] {processor.py:651} INFO - DAG(s) dict_keys(['example_task_group_decorator']) retrieved from /home/airflow/.local/lib/python3.7/site-packages/airflow/example_dags/example_task_group_decorator.py
[2023-07-11 23:09:18,083] {logging_mixin.py:115} INFO - [2023-07-11 23:09:18,083] {dag.py:2420} INFO - Sync 1 DAGs
[2023-07-11 23:09:18,159] {logging_mixin.py:115} INFO - [2023-07-11 23:09:18,159] {dag.py:2972} INFO - Setting next_dagrun for example_task_group_decorator to 2023-07-10T23:09:18.158926+00:00, run_after=2023-07-11T23:09:18.158926+00:00
[2023-07-11 23:09:18,204] {processor.py:161} INFO - Processing /home/airflow/.local/lib/python3.7/site-packages/airflow/example_dags/example_task_group_decorator.py took 0.324 seconds
[2023-07-11 23:09:48,320] {processor.py:153} INFO - Started process (PID=3122) to work on /home/airflow/.local/lib/python3.7/site-packages/airflow/example_dags/example_task_group_decorator.py
[2023-07-11 23:09:48,321] {processor.py:641} INFO - Processing file /home/airflow/.local/lib/python3.7/site-packages/airflow/example_dags/example_task_group_decorator.py for tasks to queue
[2023-07-11 23:09:48,322] {logging_mixin.py:115} INFO - [2023-07-11 23:09:48,322] {dagbag.py:508} INFO - Filling up the DagBag from /home/airflow/.local/lib/python3.7/site-packages/airflow/example_dags/example_task_group_decorator.py
[2023-07-11 23:09:48,369] {processor.py:651} INFO - DAG(s) dict_keys(['example_task_group_decorator']) retrieved from /home/airflow/.local/lib/python3.7/site-packages/airflow/example_dags/example_task_group_decorator.py
[2023-07-11 23:09:48,412] {logging_mixin.py:115} INFO - [2023-07-11 23:09:48,412] {dag.py:2420} INFO - Sync 1 DAGs
[2023-07-11 23:09:48,442] {logging_mixin.py:115} INFO - [2023-07-11 23:09:48,442] {dag.py:2972} INFO - Setting next_dagrun for example_task_group_decorator to 2023-07-10T23:09:48.442137+00:00, run_after=2023-07-11T23:09:48.442137+00:00
[2023-07-11 23:09:48,459] {processor.py:161} INFO - Processing /home/airflow/.local/lib/python3.7/site-packages/airflow/example_dags/example_task_group_decorator.py took 0.144 seconds
[2023-07-11 23:10:18,569] {processor.py:153} INFO - Started process (PID=3171) to work on /home/airflow/.local/lib/python3.7/site-packages/airflow/example_dags/example_task_group_decorator.py
[2023-07-11 23:10:18,571] {processor.py:641} INFO - Processing file /home/airflow/.local/lib/python3.7/site-packages/airflow/example_dags/example_task_group_decorator.py for tasks to queue
[2023-07-11 23:10:18,572] {logging_mixin.py:115} INFO - [2023-07-11 23:10:18,572] {dagbag.py:508} INFO - Filling up the DagBag from /home/airflow/.local/lib/python3.7/site-packages/airflow/example_dags/example_task_group_decorator.py
[2023-07-11 23:10:18,697] {processor.py:651} INFO - DAG(s) dict_keys(['example_task_group_decorator']) retrieved from /home/airflow/.local/lib/python3.7/site-packages/airflow/example_dags/example_task_group_decorator.py
[2023-07-11 23:10:18,966] {logging_mixin.py:115} INFO - [2023-07-11 23:10:18,966] {dag.py:2420} INFO - Sync 1 DAGs
[2023-07-11 23:10:19,053] {logging_mixin.py:115} INFO - [2023-07-11 23:10:19,053] {dag.py:2972} INFO - Setting next_dagrun for example_task_group_decorator to 2023-07-10T23:10:19.052668+00:00, run_after=2023-07-11T23:10:19.052668+00:00
[2023-07-11 23:10:19,086] {processor.py:161} INFO - Processing /home/airflow/.local/lib/python3.7/site-packages/airflow/example_dags/example_task_group_decorator.py took 0.532 seconds
[2023-07-11 23:10:49,969] {processor.py:153} INFO - Started process (PID=3224) to work on /home/airflow/.local/lib/python3.7/site-packages/airflow/example_dags/example_task_group_decorator.py
[2023-07-11 23:10:49,971] {processor.py:641} INFO - Processing file /home/airflow/.local/lib/python3.7/site-packages/airflow/example_dags/example_task_group_decorator.py for tasks to queue
[2023-07-11 23:10:49,972] {logging_mixin.py:115} INFO - [2023-07-11 23:10:49,972] {dagbag.py:508} INFO - Filling up the DagBag from /home/airflow/.local/lib/python3.7/site-packages/airflow/example_dags/example_task_group_decorator.py
[2023-07-11 23:10:50,123] {processor.py:651} INFO - DAG(s) dict_keys(['example_task_group_decorator']) retrieved from /home/airflow/.local/lib/python3.7/site-packages/airflow/example_dags/example_task_group_decorator.py
[2023-07-11 23:10:50,570] {logging_mixin.py:115} INFO - [2023-07-11 23:10:50,570] {dag.py:2420} INFO - Sync 1 DAGs
[2023-07-11 23:10:50,736] {logging_mixin.py:115} INFO - [2023-07-11 23:10:50,736] {dag.py:2972} INFO - Setting next_dagrun for example_task_group_decorator to 2023-07-10T23:10:50.735256+00:00, run_after=2023-07-11T23:10:50.735256+00:00
[2023-07-11 23:10:50,820] {processor.py:161} INFO - Processing /home/airflow/.local/lib/python3.7/site-packages/airflow/example_dags/example_task_group_decorator.py took 0.861 seconds
[2023-07-11 23:11:21,163] {processor.py:153} INFO - Started process (PID=3275) to work on /home/airflow/.local/lib/python3.7/site-packages/airflow/example_dags/example_task_group_decorator.py
[2023-07-11 23:11:21,177] {processor.py:641} INFO - Processing file /home/airflow/.local/lib/python3.7/site-packages/airflow/example_dags/example_task_group_decorator.py for tasks to queue
[2023-07-11 23:11:21,178] {logging_mixin.py:115} INFO - [2023-07-11 23:11:21,177] {dagbag.py:508} INFO - Filling up the DagBag from /home/airflow/.local/lib/python3.7/site-packages/airflow/example_dags/example_task_group_decorator.py
[2023-07-11 23:11:21,539] {processor.py:651} INFO - DAG(s) dict_keys(['example_task_group_decorator']) retrieved from /home/airflow/.local/lib/python3.7/site-packages/airflow/example_dags/example_task_group_decorator.py
[2023-07-11 23:11:21,732] {logging_mixin.py:115} INFO - [2023-07-11 23:11:21,732] {dag.py:2420} INFO - Sync 1 DAGs
[2023-07-11 23:11:21,820] {logging_mixin.py:115} INFO - [2023-07-11 23:11:21,820] {dag.py:2972} INFO - Setting next_dagrun for example_task_group_decorator to 2023-07-10T23:11:21.819588+00:00, run_after=2023-07-11T23:11:21.819588+00:00
[2023-07-11 23:11:21,930] {processor.py:161} INFO - Processing /home/airflow/.local/lib/python3.7/site-packages/airflow/example_dags/example_task_group_decorator.py took 0.800 seconds
[2023-07-11 23:11:52,049] {processor.py:153} INFO - Started process (PID=3335) to work on /home/airflow/.local/lib/python3.7/site-packages/airflow/example_dags/example_task_group_decorator.py
[2023-07-11 23:11:52,050] {processor.py:641} INFO - Processing file /home/airflow/.local/lib/python3.7/site-packages/airflow/example_dags/example_task_group_decorator.py for tasks to queue
[2023-07-11 23:11:52,051] {logging_mixin.py:115} INFO - [2023-07-11 23:11:52,051] {dagbag.py:508} INFO - Filling up the DagBag from /home/airflow/.local/lib/python3.7/site-packages/airflow/example_dags/example_task_group_decorator.py
[2023-07-11 23:11:52,116] {processor.py:651} INFO - DAG(s) dict_keys(['example_task_group_decorator']) retrieved from /home/airflow/.local/lib/python3.7/site-packages/airflow/example_dags/example_task_group_decorator.py
[2023-07-11 23:11:52,241] {logging_mixin.py:115} INFO - [2023-07-11 23:11:52,241] {dag.py:2420} INFO - Sync 1 DAGs
[2023-07-11 23:11:52,292] {logging_mixin.py:115} INFO - [2023-07-11 23:11:52,292] {dag.py:2972} INFO - Setting next_dagrun for example_task_group_decorator to 2023-07-10T23:11:52.292021+00:00, run_after=2023-07-11T23:11:52.292021+00:00
[2023-07-11 23:11:52,325] {processor.py:161} INFO - Processing /home/airflow/.local/lib/python3.7/site-packages/airflow/example_dags/example_task_group_decorator.py took 0.279 seconds
[2023-07-11 23:12:22,374] {processor.py:153} INFO - Started process (PID=3384) to work on /home/airflow/.local/lib/python3.7/site-packages/airflow/example_dags/example_task_group_decorator.py
[2023-07-11 23:12:22,374] {processor.py:641} INFO - Processing file /home/airflow/.local/lib/python3.7/site-packages/airflow/example_dags/example_task_group_decorator.py for tasks to queue
[2023-07-11 23:12:22,375] {logging_mixin.py:115} INFO - [2023-07-11 23:12:22,375] {dagbag.py:508} INFO - Filling up the DagBag from /home/airflow/.local/lib/python3.7/site-packages/airflow/example_dags/example_task_group_decorator.py
[2023-07-11 23:12:22,425] {processor.py:651} INFO - DAG(s) dict_keys(['example_task_group_decorator']) retrieved from /home/airflow/.local/lib/python3.7/site-packages/airflow/example_dags/example_task_group_decorator.py
[2023-07-11 23:12:22,592] {logging_mixin.py:115} INFO - [2023-07-11 23:12:22,592] {dag.py:2420} INFO - Sync 1 DAGs
[2023-07-11 23:12:22,625] {logging_mixin.py:115} INFO - [2023-07-11 23:12:22,625] {dag.py:2972} INFO - Setting next_dagrun for example_task_group_decorator to 2023-07-10T23:12:22.624223+00:00, run_after=2023-07-11T23:12:22.624223+00:00
[2023-07-11 23:12:22,646] {processor.py:161} INFO - Processing /home/airflow/.local/lib/python3.7/site-packages/airflow/example_dags/example_task_group_decorator.py took 0.277 seconds
[2023-07-11 23:12:52,785] {processor.py:153} INFO - Started process (PID=3436) to work on /home/airflow/.local/lib/python3.7/site-packages/airflow/example_dags/example_task_group_decorator.py
[2023-07-11 23:12:52,786] {processor.py:641} INFO - Processing file /home/airflow/.local/lib/python3.7/site-packages/airflow/example_dags/example_task_group_decorator.py for tasks to queue
[2023-07-11 23:12:52,787] {logging_mixin.py:115} INFO - [2023-07-11 23:12:52,787] {dagbag.py:508} INFO - Filling up the DagBag from /home/airflow/.local/lib/python3.7/site-packages/airflow/example_dags/example_task_group_decorator.py
[2023-07-11 23:12:52,821] {processor.py:651} INFO - DAG(s) dict_keys(['example_task_group_decorator']) retrieved from /home/airflow/.local/lib/python3.7/site-packages/airflow/example_dags/example_task_group_decorator.py
[2023-07-11 23:12:52,864] {logging_mixin.py:115} INFO - [2023-07-11 23:12:52,864] {dag.py:2420} INFO - Sync 1 DAGs
[2023-07-11 23:12:52,896] {logging_mixin.py:115} INFO - [2023-07-11 23:12:52,896] {dag.py:2972} INFO - Setting next_dagrun for example_task_group_decorator to 2023-07-10T23:12:52.895895+00:00, run_after=2023-07-11T23:12:52.895895+00:00
[2023-07-11 23:12:52,911] {processor.py:161} INFO - Processing /home/airflow/.local/lib/python3.7/site-packages/airflow/example_dags/example_task_group_decorator.py took 0.130 seconds
