[2023-07-11 00:42:59,704] {processor.py:153} INFO - Started process (PID=69) to work on /home/airflow/.local/lib/python3.7/site-packages/airflow/example_dags/example_branch_labels.py
[2023-07-11 00:42:59,704] {processor.py:641} INFO - Processing file /home/airflow/.local/lib/python3.7/site-packages/airflow/example_dags/example_branch_labels.py for tasks to queue
[2023-07-11 00:42:59,705] {logging_mixin.py:115} INFO - [2023-07-11 00:42:59,705] {dagbag.py:508} INFO - Filling up the DagBag from /home/airflow/.local/lib/python3.7/site-packages/airflow/example_dags/example_branch_labels.py
[2023-07-11 00:42:59,747] {processor.py:651} INFO - DAG(s) dict_keys(['example_branch_labels']) retrieved from /home/airflow/.local/lib/python3.7/site-packages/airflow/example_dags/example_branch_labels.py
[2023-07-11 00:43:00,070] {logging_mixin.py:115} INFO - [2023-07-11 00:43:00,070] {manager.py:508} INFO - Created Permission View: can delete on DAG:example_branch_labels
[2023-07-11 00:43:00,116] {logging_mixin.py:115} INFO - [2023-07-11 00:43:00,116] {manager.py:508} INFO - Created Permission View: can read on DAG:example_branch_labels
[2023-07-11 00:43:00,162] {logging_mixin.py:115} INFO - [2023-07-11 00:43:00,162] {manager.py:508} INFO - Created Permission View: can edit on DAG:example_branch_labels
[2023-07-11 00:43:00,162] {logging_mixin.py:115} INFO - [2023-07-11 00:43:00,162] {dag.py:2420} INFO - Sync 1 DAGs
[2023-07-11 00:43:00,197] {logging_mixin.py:115} INFO - [2023-07-11 00:43:00,197] {dag.py:2439} INFO - Creating ORM DAG for example_branch_labels
[2023-07-11 00:43:00,230] {logging_mixin.py:115} INFO - [2023-07-11 00:43:00,230] {dag.py:2972} INFO - Setting next_dagrun for example_branch_labels to 2023-07-10T00:00:00+00:00, run_after=2023-07-11T00:00:00+00:00
[2023-07-11 00:43:00,263] {processor.py:161} INFO - Processing /home/airflow/.local/lib/python3.7/site-packages/airflow/example_dags/example_branch_labels.py took 0.576 seconds
[2023-07-11 00:43:30,580] {processor.py:153} INFO - Started process (PID=121) to work on /home/airflow/.local/lib/python3.7/site-packages/airflow/example_dags/example_branch_labels.py
[2023-07-11 00:43:30,581] {processor.py:641} INFO - Processing file /home/airflow/.local/lib/python3.7/site-packages/airflow/example_dags/example_branch_labels.py for tasks to queue
[2023-07-11 00:43:30,581] {logging_mixin.py:115} INFO - [2023-07-11 00:43:30,581] {dagbag.py:508} INFO - Filling up the DagBag from /home/airflow/.local/lib/python3.7/site-packages/airflow/example_dags/example_branch_labels.py
[2023-07-11 00:43:30,589] {processor.py:651} INFO - DAG(s) dict_keys(['example_branch_labels']) retrieved from /home/airflow/.local/lib/python3.7/site-packages/airflow/example_dags/example_branch_labels.py
[2023-07-11 00:43:30,613] {logging_mixin.py:115} INFO - [2023-07-11 00:43:30,613] {dag.py:2420} INFO - Sync 1 DAGs
[2023-07-11 00:43:30,639] {logging_mixin.py:115} INFO - [2023-07-11 00:43:30,639] {dag.py:2972} INFO - Setting next_dagrun for example_branch_labels to 2023-07-10T00:00:00+00:00, run_after=2023-07-11T00:00:00+00:00
[2023-07-11 00:43:30,651] {processor.py:161} INFO - Processing /home/airflow/.local/lib/python3.7/site-packages/airflow/example_dags/example_branch_labels.py took 0.074 seconds
[2023-07-11 00:44:01,469] {processor.py:153} INFO - Started process (PID=180) to work on /home/airflow/.local/lib/python3.7/site-packages/airflow/example_dags/example_branch_labels.py
[2023-07-11 00:44:01,469] {processor.py:641} INFO - Processing file /home/airflow/.local/lib/python3.7/site-packages/airflow/example_dags/example_branch_labels.py for tasks to queue
[2023-07-11 00:44:01,470] {logging_mixin.py:115} INFO - [2023-07-11 00:44:01,470] {dagbag.py:508} INFO - Filling up the DagBag from /home/airflow/.local/lib/python3.7/site-packages/airflow/example_dags/example_branch_labels.py
[2023-07-11 00:44:01,486] {processor.py:651} INFO - DAG(s) dict_keys(['example_branch_labels']) retrieved from /home/airflow/.local/lib/python3.7/site-packages/airflow/example_dags/example_branch_labels.py
[2023-07-11 00:44:01,548] {logging_mixin.py:115} INFO - [2023-07-11 00:44:01,548] {dag.py:2420} INFO - Sync 1 DAGs
[2023-07-11 00:44:01,581] {logging_mixin.py:115} INFO - [2023-07-11 00:44:01,581] {dag.py:2972} INFO - Setting next_dagrun for example_branch_labels to 2023-07-10T00:00:00+00:00, run_after=2023-07-11T00:00:00+00:00
[2023-07-11 00:44:01,593] {processor.py:161} INFO - Processing /home/airflow/.local/lib/python3.7/site-packages/airflow/example_dags/example_branch_labels.py took 0.130 seconds
[2023-07-11 00:44:31,693] {processor.py:153} INFO - Started process (PID=232) to work on /home/airflow/.local/lib/python3.7/site-packages/airflow/example_dags/example_branch_labels.py
[2023-07-11 00:44:31,694] {processor.py:641} INFO - Processing file /home/airflow/.local/lib/python3.7/site-packages/airflow/example_dags/example_branch_labels.py for tasks to queue
[2023-07-11 00:44:31,695] {logging_mixin.py:115} INFO - [2023-07-11 00:44:31,695] {dagbag.py:508} INFO - Filling up the DagBag from /home/airflow/.local/lib/python3.7/site-packages/airflow/example_dags/example_branch_labels.py
[2023-07-11 00:44:31,704] {processor.py:651} INFO - DAG(s) dict_keys(['example_branch_labels']) retrieved from /home/airflow/.local/lib/python3.7/site-packages/airflow/example_dags/example_branch_labels.py
[2023-07-11 00:44:31,734] {logging_mixin.py:115} INFO - [2023-07-11 00:44:31,733] {dag.py:2420} INFO - Sync 1 DAGs
[2023-07-11 00:44:31,763] {logging_mixin.py:115} INFO - [2023-07-11 00:44:31,763] {dag.py:2972} INFO - Setting next_dagrun for example_branch_labels to 2023-07-10T00:00:00+00:00, run_after=2023-07-11T00:00:00+00:00
[2023-07-11 00:44:31,778] {processor.py:161} INFO - Processing /home/airflow/.local/lib/python3.7/site-packages/airflow/example_dags/example_branch_labels.py took 0.087 seconds
[2023-07-11 00:45:02,549] {processor.py:153} INFO - Started process (PID=284) to work on /home/airflow/.local/lib/python3.7/site-packages/airflow/example_dags/example_branch_labels.py
[2023-07-11 00:45:02,550] {processor.py:641} INFO - Processing file /home/airflow/.local/lib/python3.7/site-packages/airflow/example_dags/example_branch_labels.py for tasks to queue
[2023-07-11 00:45:02,550] {logging_mixin.py:115} INFO - [2023-07-11 00:45:02,550] {dagbag.py:508} INFO - Filling up the DagBag from /home/airflow/.local/lib/python3.7/site-packages/airflow/example_dags/example_branch_labels.py
[2023-07-11 00:45:02,558] {processor.py:651} INFO - DAG(s) dict_keys(['example_branch_labels']) retrieved from /home/airflow/.local/lib/python3.7/site-packages/airflow/example_dags/example_branch_labels.py
[2023-07-11 00:45:02,588] {logging_mixin.py:115} INFO - [2023-07-11 00:45:02,588] {dag.py:2420} INFO - Sync 1 DAGs
[2023-07-11 00:45:02,615] {logging_mixin.py:115} INFO - [2023-07-11 00:45:02,615] {dag.py:2972} INFO - Setting next_dagrun for example_branch_labels to 2023-07-10T00:00:00+00:00, run_after=2023-07-11T00:00:00+00:00
[2023-07-11 00:45:02,628] {processor.py:161} INFO - Processing /home/airflow/.local/lib/python3.7/site-packages/airflow/example_dags/example_branch_labels.py took 0.082 seconds
[2023-07-11 00:45:33,265] {processor.py:153} INFO - Started process (PID=345) to work on /home/airflow/.local/lib/python3.7/site-packages/airflow/example_dags/example_branch_labels.py
[2023-07-11 00:45:33,266] {processor.py:641} INFO - Processing file /home/airflow/.local/lib/python3.7/site-packages/airflow/example_dags/example_branch_labels.py for tasks to queue
[2023-07-11 00:45:33,267] {logging_mixin.py:115} INFO - [2023-07-11 00:45:33,266] {dagbag.py:508} INFO - Filling up the DagBag from /home/airflow/.local/lib/python3.7/site-packages/airflow/example_dags/example_branch_labels.py
[2023-07-11 00:45:33,277] {processor.py:651} INFO - DAG(s) dict_keys(['example_branch_labels']) retrieved from /home/airflow/.local/lib/python3.7/site-packages/airflow/example_dags/example_branch_labels.py
[2023-07-11 00:45:33,307] {logging_mixin.py:115} INFO - [2023-07-11 00:45:33,307] {dag.py:2420} INFO - Sync 1 DAGs
[2023-07-11 00:45:33,343] {logging_mixin.py:115} INFO - [2023-07-11 00:45:33,343] {dag.py:2972} INFO - Setting next_dagrun for example_branch_labels to 2023-07-10T00:00:00+00:00, run_after=2023-07-11T00:00:00+00:00
[2023-07-11 00:45:33,359] {processor.py:161} INFO - Processing /home/airflow/.local/lib/python3.7/site-packages/airflow/example_dags/example_branch_labels.py took 0.098 seconds
[2023-07-11 00:46:03,857] {processor.py:153} INFO - Started process (PID=407) to work on /home/airflow/.local/lib/python3.7/site-packages/airflow/example_dags/example_branch_labels.py
[2023-07-11 00:46:03,858] {processor.py:641} INFO - Processing file /home/airflow/.local/lib/python3.7/site-packages/airflow/example_dags/example_branch_labels.py for tasks to queue
[2023-07-11 00:46:03,858] {logging_mixin.py:115} INFO - [2023-07-11 00:46:03,858] {dagbag.py:508} INFO - Filling up the DagBag from /home/airflow/.local/lib/python3.7/site-packages/airflow/example_dags/example_branch_labels.py
[2023-07-11 00:46:03,866] {processor.py:651} INFO - DAG(s) dict_keys(['example_branch_labels']) retrieved from /home/airflow/.local/lib/python3.7/site-packages/airflow/example_dags/example_branch_labels.py
[2023-07-11 00:46:03,897] {logging_mixin.py:115} INFO - [2023-07-11 00:46:03,897] {dag.py:2420} INFO - Sync 1 DAGs
[2023-07-11 00:46:03,929] {logging_mixin.py:115} INFO - [2023-07-11 00:46:03,928] {dag.py:2972} INFO - Setting next_dagrun for example_branch_labels to 2023-07-10T00:00:00+00:00, run_after=2023-07-11T00:00:00+00:00
[2023-07-11 00:46:03,943] {processor.py:161} INFO - Processing /home/airflow/.local/lib/python3.7/site-packages/airflow/example_dags/example_branch_labels.py took 0.089 seconds
[2023-07-11 00:46:34,480] {processor.py:153} INFO - Started process (PID=460) to work on /home/airflow/.local/lib/python3.7/site-packages/airflow/example_dags/example_branch_labels.py
[2023-07-11 00:46:34,481] {processor.py:641} INFO - Processing file /home/airflow/.local/lib/python3.7/site-packages/airflow/example_dags/example_branch_labels.py for tasks to queue
[2023-07-11 00:46:34,482] {logging_mixin.py:115} INFO - [2023-07-11 00:46:34,482] {dagbag.py:508} INFO - Filling up the DagBag from /home/airflow/.local/lib/python3.7/site-packages/airflow/example_dags/example_branch_labels.py
[2023-07-11 00:46:34,495] {processor.py:651} INFO - DAG(s) dict_keys(['example_branch_labels']) retrieved from /home/airflow/.local/lib/python3.7/site-packages/airflow/example_dags/example_branch_labels.py
[2023-07-11 00:46:34,574] {logging_mixin.py:115} INFO - [2023-07-11 00:46:34,574] {dag.py:2420} INFO - Sync 1 DAGs
[2023-07-11 00:46:34,645] {logging_mixin.py:115} INFO - [2023-07-11 00:46:34,644] {dag.py:2972} INFO - Setting next_dagrun for example_branch_labels to 2023-07-10T00:00:00+00:00, run_after=2023-07-11T00:00:00+00:00
[2023-07-11 00:46:34,680] {processor.py:161} INFO - Processing /home/airflow/.local/lib/python3.7/site-packages/airflow/example_dags/example_branch_labels.py took 0.205 seconds
[2023-07-11 00:47:05,675] {processor.py:153} INFO - Started process (PID=521) to work on /home/airflow/.local/lib/python3.7/site-packages/airflow/example_dags/example_branch_labels.py
[2023-07-11 00:47:05,675] {processor.py:641} INFO - Processing file /home/airflow/.local/lib/python3.7/site-packages/airflow/example_dags/example_branch_labels.py for tasks to queue
[2023-07-11 00:47:05,676] {logging_mixin.py:115} INFO - [2023-07-11 00:47:05,676] {dagbag.py:508} INFO - Filling up the DagBag from /home/airflow/.local/lib/python3.7/site-packages/airflow/example_dags/example_branch_labels.py
[2023-07-11 00:47:05,684] {processor.py:651} INFO - DAG(s) dict_keys(['example_branch_labels']) retrieved from /home/airflow/.local/lib/python3.7/site-packages/airflow/example_dags/example_branch_labels.py
[2023-07-11 00:47:05,722] {logging_mixin.py:115} INFO - [2023-07-11 00:47:05,722] {dag.py:2420} INFO - Sync 1 DAGs
[2023-07-11 00:47:05,761] {logging_mixin.py:115} INFO - [2023-07-11 00:47:05,761] {dag.py:2972} INFO - Setting next_dagrun for example_branch_labels to 2023-07-10T00:00:00+00:00, run_after=2023-07-11T00:00:00+00:00
[2023-07-11 00:47:05,777] {processor.py:161} INFO - Processing /home/airflow/.local/lib/python3.7/site-packages/airflow/example_dags/example_branch_labels.py took 0.106 seconds
[2023-07-11 00:47:36,478] {processor.py:153} INFO - Started process (PID=573) to work on /home/airflow/.local/lib/python3.7/site-packages/airflow/example_dags/example_branch_labels.py
[2023-07-11 00:47:36,480] {processor.py:641} INFO - Processing file /home/airflow/.local/lib/python3.7/site-packages/airflow/example_dags/example_branch_labels.py for tasks to queue
[2023-07-11 00:47:36,481] {logging_mixin.py:115} INFO - [2023-07-11 00:47:36,481] {dagbag.py:508} INFO - Filling up the DagBag from /home/airflow/.local/lib/python3.7/site-packages/airflow/example_dags/example_branch_labels.py
[2023-07-11 00:47:36,498] {processor.py:651} INFO - DAG(s) dict_keys(['example_branch_labels']) retrieved from /home/airflow/.local/lib/python3.7/site-packages/airflow/example_dags/example_branch_labels.py
[2023-07-11 00:47:36,542] {logging_mixin.py:115} INFO - [2023-07-11 00:47:36,542] {dag.py:2420} INFO - Sync 1 DAGs
[2023-07-11 00:47:36,603] {logging_mixin.py:115} INFO - [2023-07-11 00:47:36,603] {dag.py:2972} INFO - Setting next_dagrun for example_branch_labels to 2023-07-10T00:00:00+00:00, run_after=2023-07-11T00:00:00+00:00
[2023-07-11 00:47:36,626] {processor.py:161} INFO - Processing /home/airflow/.local/lib/python3.7/site-packages/airflow/example_dags/example_branch_labels.py took 0.154 seconds
[2023-07-11 00:48:06,774] {processor.py:153} INFO - Started process (PID=635) to work on /home/airflow/.local/lib/python3.7/site-packages/airflow/example_dags/example_branch_labels.py
[2023-07-11 00:48:06,774] {processor.py:641} INFO - Processing file /home/airflow/.local/lib/python3.7/site-packages/airflow/example_dags/example_branch_labels.py for tasks to queue
[2023-07-11 00:48:06,775] {logging_mixin.py:115} INFO - [2023-07-11 00:48:06,775] {dagbag.py:508} INFO - Filling up the DagBag from /home/airflow/.local/lib/python3.7/site-packages/airflow/example_dags/example_branch_labels.py
[2023-07-11 00:48:06,784] {processor.py:651} INFO - DAG(s) dict_keys(['example_branch_labels']) retrieved from /home/airflow/.local/lib/python3.7/site-packages/airflow/example_dags/example_branch_labels.py
[2023-07-11 00:48:06,811] {logging_mixin.py:115} INFO - [2023-07-11 00:48:06,811] {dag.py:2420} INFO - Sync 1 DAGs
[2023-07-11 00:48:06,850] {logging_mixin.py:115} INFO - [2023-07-11 00:48:06,850] {dag.py:2972} INFO - Setting next_dagrun for example_branch_labels to 2023-07-10T00:00:00+00:00, run_after=2023-07-11T00:00:00+00:00
[2023-07-11 00:48:06,865] {processor.py:161} INFO - Processing /home/airflow/.local/lib/python3.7/site-packages/airflow/example_dags/example_branch_labels.py took 0.095 seconds
[2023-07-11 00:48:36,983] {processor.py:153} INFO - Started process (PID=687) to work on /home/airflow/.local/lib/python3.7/site-packages/airflow/example_dags/example_branch_labels.py
[2023-07-11 00:48:36,983] {processor.py:641} INFO - Processing file /home/airflow/.local/lib/python3.7/site-packages/airflow/example_dags/example_branch_labels.py for tasks to queue
[2023-07-11 00:48:36,984] {logging_mixin.py:115} INFO - [2023-07-11 00:48:36,984] {dagbag.py:508} INFO - Filling up the DagBag from /home/airflow/.local/lib/python3.7/site-packages/airflow/example_dags/example_branch_labels.py
[2023-07-11 00:48:36,991] {processor.py:651} INFO - DAG(s) dict_keys(['example_branch_labels']) retrieved from /home/airflow/.local/lib/python3.7/site-packages/airflow/example_dags/example_branch_labels.py
[2023-07-11 00:48:37,033] {logging_mixin.py:115} INFO - [2023-07-11 00:48:37,032] {dag.py:2420} INFO - Sync 1 DAGs
[2023-07-11 00:48:37,078] {logging_mixin.py:115} INFO - [2023-07-11 00:48:37,078] {dag.py:2972} INFO - Setting next_dagrun for example_branch_labels to 2023-07-10T00:00:00+00:00, run_after=2023-07-11T00:00:00+00:00
[2023-07-11 00:48:37,096] {processor.py:161} INFO - Processing /home/airflow/.local/lib/python3.7/site-packages/airflow/example_dags/example_branch_labels.py took 0.116 seconds
[2023-07-11 00:49:07,735] {processor.py:153} INFO - Started process (PID=748) to work on /home/airflow/.local/lib/python3.7/site-packages/airflow/example_dags/example_branch_labels.py
[2023-07-11 00:49:07,736] {processor.py:641} INFO - Processing file /home/airflow/.local/lib/python3.7/site-packages/airflow/example_dags/example_branch_labels.py for tasks to queue
[2023-07-11 00:49:07,736] {logging_mixin.py:115} INFO - [2023-07-11 00:49:07,736] {dagbag.py:508} INFO - Filling up the DagBag from /home/airflow/.local/lib/python3.7/site-packages/airflow/example_dags/example_branch_labels.py
[2023-07-11 00:49:07,743] {processor.py:651} INFO - DAG(s) dict_keys(['example_branch_labels']) retrieved from /home/airflow/.local/lib/python3.7/site-packages/airflow/example_dags/example_branch_labels.py
[2023-07-11 00:49:07,770] {logging_mixin.py:115} INFO - [2023-07-11 00:49:07,770] {dag.py:2420} INFO - Sync 1 DAGs
[2023-07-11 00:49:07,796] {logging_mixin.py:115} INFO - [2023-07-11 00:49:07,796] {dag.py:2972} INFO - Setting next_dagrun for example_branch_labels to 2023-07-10T00:00:00+00:00, run_after=2023-07-11T00:00:00+00:00
[2023-07-11 00:49:07,808] {processor.py:161} INFO - Processing /home/airflow/.local/lib/python3.7/site-packages/airflow/example_dags/example_branch_labels.py took 0.076 seconds
[2023-07-11 00:49:37,941] {processor.py:153} INFO - Started process (PID=800) to work on /home/airflow/.local/lib/python3.7/site-packages/airflow/example_dags/example_branch_labels.py
[2023-07-11 00:49:37,941] {processor.py:641} INFO - Processing file /home/airflow/.local/lib/python3.7/site-packages/airflow/example_dags/example_branch_labels.py for tasks to queue
[2023-07-11 00:49:37,942] {logging_mixin.py:115} INFO - [2023-07-11 00:49:37,942] {dagbag.py:508} INFO - Filling up the DagBag from /home/airflow/.local/lib/python3.7/site-packages/airflow/example_dags/example_branch_labels.py
[2023-07-11 00:49:37,948] {processor.py:651} INFO - DAG(s) dict_keys(['example_branch_labels']) retrieved from /home/airflow/.local/lib/python3.7/site-packages/airflow/example_dags/example_branch_labels.py
[2023-07-11 00:49:37,975] {logging_mixin.py:115} INFO - [2023-07-11 00:49:37,975] {dag.py:2420} INFO - Sync 1 DAGs
[2023-07-11 00:49:38,000] {logging_mixin.py:115} INFO - [2023-07-11 00:49:38,000] {dag.py:2972} INFO - Setting next_dagrun for example_branch_labels to 2023-07-10T00:00:00+00:00, run_after=2023-07-11T00:00:00+00:00
[2023-07-11 00:49:38,014] {processor.py:161} INFO - Processing /home/airflow/.local/lib/python3.7/site-packages/airflow/example_dags/example_branch_labels.py took 0.077 seconds
[2023-07-11 00:50:08,595] {processor.py:153} INFO - Started process (PID=859) to work on /home/airflow/.local/lib/python3.7/site-packages/airflow/example_dags/example_branch_labels.py
[2023-07-11 00:50:08,596] {processor.py:641} INFO - Processing file /home/airflow/.local/lib/python3.7/site-packages/airflow/example_dags/example_branch_labels.py for tasks to queue
[2023-07-11 00:50:08,596] {logging_mixin.py:115} INFO - [2023-07-11 00:50:08,596] {dagbag.py:508} INFO - Filling up the DagBag from /home/airflow/.local/lib/python3.7/site-packages/airflow/example_dags/example_branch_labels.py
[2023-07-11 00:50:08,609] {processor.py:651} INFO - DAG(s) dict_keys(['example_branch_labels']) retrieved from /home/airflow/.local/lib/python3.7/site-packages/airflow/example_dags/example_branch_labels.py
[2023-07-11 00:50:08,643] {logging_mixin.py:115} INFO - [2023-07-11 00:50:08,643] {dag.py:2420} INFO - Sync 1 DAGs
[2023-07-11 00:50:08,677] {logging_mixin.py:115} INFO - [2023-07-11 00:50:08,676] {dag.py:2972} INFO - Setting next_dagrun for example_branch_labels to 2023-07-10T00:00:00+00:00, run_after=2023-07-11T00:00:00+00:00
[2023-07-11 00:50:08,694] {processor.py:161} INFO - Processing /home/airflow/.local/lib/python3.7/site-packages/airflow/example_dags/example_branch_labels.py took 0.103 seconds
[2023-07-11 00:50:39,191] {processor.py:153} INFO - Started process (PID=910) to work on /home/airflow/.local/lib/python3.7/site-packages/airflow/example_dags/example_branch_labels.py
[2023-07-11 00:50:39,192] {processor.py:641} INFO - Processing file /home/airflow/.local/lib/python3.7/site-packages/airflow/example_dags/example_branch_labels.py for tasks to queue
[2023-07-11 00:50:39,193] {logging_mixin.py:115} INFO - [2023-07-11 00:50:39,192] {dagbag.py:508} INFO - Filling up the DagBag from /home/airflow/.local/lib/python3.7/site-packages/airflow/example_dags/example_branch_labels.py
[2023-07-11 00:50:39,201] {processor.py:651} INFO - DAG(s) dict_keys(['example_branch_labels']) retrieved from /home/airflow/.local/lib/python3.7/site-packages/airflow/example_dags/example_branch_labels.py
[2023-07-11 00:50:39,231] {logging_mixin.py:115} INFO - [2023-07-11 00:50:39,231] {dag.py:2420} INFO - Sync 1 DAGs
[2023-07-11 00:50:39,260] {logging_mixin.py:115} INFO - [2023-07-11 00:50:39,260] {dag.py:2972} INFO - Setting next_dagrun for example_branch_labels to 2023-07-10T00:00:00+00:00, run_after=2023-07-11T00:00:00+00:00
[2023-07-11 00:50:39,274] {processor.py:161} INFO - Processing /home/airflow/.local/lib/python3.7/site-packages/airflow/example_dags/example_branch_labels.py took 0.086 seconds
[2023-07-11 00:51:09,800] {processor.py:153} INFO - Started process (PID=970) to work on /home/airflow/.local/lib/python3.7/site-packages/airflow/example_dags/example_branch_labels.py
[2023-07-11 00:51:09,800] {processor.py:641} INFO - Processing file /home/airflow/.local/lib/python3.7/site-packages/airflow/example_dags/example_branch_labels.py for tasks to queue
[2023-07-11 00:51:09,800] {logging_mixin.py:115} INFO - [2023-07-11 00:51:09,800] {dagbag.py:508} INFO - Filling up the DagBag from /home/airflow/.local/lib/python3.7/site-packages/airflow/example_dags/example_branch_labels.py
[2023-07-11 00:51:09,807] {processor.py:651} INFO - DAG(s) dict_keys(['example_branch_labels']) retrieved from /home/airflow/.local/lib/python3.7/site-packages/airflow/example_dags/example_branch_labels.py
[2023-07-11 00:51:09,834] {logging_mixin.py:115} INFO - [2023-07-11 00:51:09,833] {dag.py:2420} INFO - Sync 1 DAGs
[2023-07-11 00:51:09,858] {logging_mixin.py:115} INFO - [2023-07-11 00:51:09,858] {dag.py:2972} INFO - Setting next_dagrun for example_branch_labels to 2023-07-10T00:00:00+00:00, run_after=2023-07-11T00:00:00+00:00
[2023-07-11 00:51:09,871] {processor.py:161} INFO - Processing /home/airflow/.local/lib/python3.7/site-packages/airflow/example_dags/example_branch_labels.py took 0.075 seconds
[2023-07-11 00:51:40,238] {processor.py:153} INFO - Started process (PID=1029) to work on /home/airflow/.local/lib/python3.7/site-packages/airflow/example_dags/example_branch_labels.py
[2023-07-11 00:51:40,239] {processor.py:641} INFO - Processing file /home/airflow/.local/lib/python3.7/site-packages/airflow/example_dags/example_branch_labels.py for tasks to queue
[2023-07-11 00:51:40,239] {logging_mixin.py:115} INFO - [2023-07-11 00:51:40,239] {dagbag.py:508} INFO - Filling up the DagBag from /home/airflow/.local/lib/python3.7/site-packages/airflow/example_dags/example_branch_labels.py
[2023-07-11 00:51:40,252] {processor.py:651} INFO - DAG(s) dict_keys(['example_branch_labels']) retrieved from /home/airflow/.local/lib/python3.7/site-packages/airflow/example_dags/example_branch_labels.py
[2023-07-11 00:51:40,298] {logging_mixin.py:115} INFO - [2023-07-11 00:51:40,298] {dag.py:2420} INFO - Sync 1 DAGs
[2023-07-11 00:51:40,349] {logging_mixin.py:115} INFO - [2023-07-11 00:51:40,349] {dag.py:2972} INFO - Setting next_dagrun for example_branch_labels to 2023-07-10T00:00:00+00:00, run_after=2023-07-11T00:00:00+00:00
[2023-07-11 00:51:40,371] {processor.py:161} INFO - Processing /home/airflow/.local/lib/python3.7/site-packages/airflow/example_dags/example_branch_labels.py took 0.139 seconds
[2023-07-11 22:50:11,339] {processor.py:153} INFO - Started process (PID=1073) to work on /home/airflow/.local/lib/python3.7/site-packages/airflow/example_dags/example_branch_labels.py
[2023-07-11 22:50:11,346] {processor.py:641} INFO - Processing file /home/airflow/.local/lib/python3.7/site-packages/airflow/example_dags/example_branch_labels.py for tasks to queue
[2023-07-11 22:50:11,347] {logging_mixin.py:115} INFO - [2023-07-11 22:50:11,347] {dagbag.py:508} INFO - Filling up the DagBag from /home/airflow/.local/lib/python3.7/site-packages/airflow/example_dags/example_branch_labels.py
[2023-07-11 22:50:11,367] {processor.py:651} INFO - DAG(s) dict_keys(['example_branch_labels']) retrieved from /home/airflow/.local/lib/python3.7/site-packages/airflow/example_dags/example_branch_labels.py
[2023-07-11 22:50:11,414] {logging_mixin.py:115} INFO - [2023-07-11 22:50:11,413] {dag.py:2420} INFO - Sync 1 DAGs
[2023-07-11 22:50:11,463] {logging_mixin.py:115} INFO - [2023-07-11 22:50:11,463] {dag.py:2972} INFO - Setting next_dagrun for example_branch_labels to 2023-07-10T00:00:00+00:00, run_after=2023-07-11T00:00:00+00:00
[2023-07-11 22:50:11,499] {processor.py:161} INFO - Processing /home/airflow/.local/lib/python3.7/site-packages/airflow/example_dags/example_branch_labels.py took 0.168 seconds
[2023-07-11 22:50:42,095] {processor.py:153} INFO - Started process (PID=1124) to work on /home/airflow/.local/lib/python3.7/site-packages/airflow/example_dags/example_branch_labels.py
[2023-07-11 22:50:42,096] {processor.py:641} INFO - Processing file /home/airflow/.local/lib/python3.7/site-packages/airflow/example_dags/example_branch_labels.py for tasks to queue
[2023-07-11 22:50:42,097] {logging_mixin.py:115} INFO - [2023-07-11 22:50:42,097] {dagbag.py:508} INFO - Filling up the DagBag from /home/airflow/.local/lib/python3.7/site-packages/airflow/example_dags/example_branch_labels.py
[2023-07-11 22:50:42,124] {processor.py:651} INFO - DAG(s) dict_keys(['example_branch_labels']) retrieved from /home/airflow/.local/lib/python3.7/site-packages/airflow/example_dags/example_branch_labels.py
[2023-07-11 22:50:42,253] {logging_mixin.py:115} INFO - [2023-07-11 22:50:42,253] {dag.py:2420} INFO - Sync 1 DAGs
[2023-07-11 22:50:42,376] {logging_mixin.py:115} INFO - [2023-07-11 22:50:42,376] {dag.py:2972} INFO - Setting next_dagrun for example_branch_labels to 2023-07-10T00:00:00+00:00, run_after=2023-07-11T00:00:00+00:00
[2023-07-11 22:50:42,423] {processor.py:161} INFO - Processing /home/airflow/.local/lib/python3.7/site-packages/airflow/example_dags/example_branch_labels.py took 0.354 seconds
[2023-07-11 22:51:13,065] {processor.py:153} INFO - Started process (PID=1177) to work on /home/airflow/.local/lib/python3.7/site-packages/airflow/example_dags/example_branch_labels.py
[2023-07-11 22:51:13,065] {processor.py:641} INFO - Processing file /home/airflow/.local/lib/python3.7/site-packages/airflow/example_dags/example_branch_labels.py for tasks to queue
[2023-07-11 22:51:13,066] {logging_mixin.py:115} INFO - [2023-07-11 22:51:13,066] {dagbag.py:508} INFO - Filling up the DagBag from /home/airflow/.local/lib/python3.7/site-packages/airflow/example_dags/example_branch_labels.py
[2023-07-11 22:51:13,073] {processor.py:651} INFO - DAG(s) dict_keys(['example_branch_labels']) retrieved from /home/airflow/.local/lib/python3.7/site-packages/airflow/example_dags/example_branch_labels.py
[2023-07-11 22:51:13,108] {logging_mixin.py:115} INFO - [2023-07-11 22:51:13,108] {dag.py:2420} INFO - Sync 1 DAGs
[2023-07-11 22:51:13,145] {logging_mixin.py:115} INFO - [2023-07-11 22:51:13,144] {dag.py:2972} INFO - Setting next_dagrun for example_branch_labels to 2023-07-10T00:00:00+00:00, run_after=2023-07-11T00:00:00+00:00
[2023-07-11 22:51:13,158] {processor.py:161} INFO - Processing /home/airflow/.local/lib/python3.7/site-packages/airflow/example_dags/example_branch_labels.py took 0.097 seconds
[2023-07-11 22:51:43,633] {processor.py:153} INFO - Started process (PID=1229) to work on /home/airflow/.local/lib/python3.7/site-packages/airflow/example_dags/example_branch_labels.py
[2023-07-11 22:51:43,633] {processor.py:641} INFO - Processing file /home/airflow/.local/lib/python3.7/site-packages/airflow/example_dags/example_branch_labels.py for tasks to queue
[2023-07-11 22:51:43,634] {logging_mixin.py:115} INFO - [2023-07-11 22:51:43,634] {dagbag.py:508} INFO - Filling up the DagBag from /home/airflow/.local/lib/python3.7/site-packages/airflow/example_dags/example_branch_labels.py
[2023-07-11 22:51:43,646] {processor.py:651} INFO - DAG(s) dict_keys(['example_branch_labels']) retrieved from /home/airflow/.local/lib/python3.7/site-packages/airflow/example_dags/example_branch_labels.py
[2023-07-11 22:51:43,681] {logging_mixin.py:115} INFO - [2023-07-11 22:51:43,681] {dag.py:2420} INFO - Sync 1 DAGs
[2023-07-11 22:51:43,717] {logging_mixin.py:115} INFO - [2023-07-11 22:51:43,717] {dag.py:2972} INFO - Setting next_dagrun for example_branch_labels to 2023-07-10T00:00:00+00:00, run_after=2023-07-11T00:00:00+00:00
[2023-07-11 22:51:43,732] {processor.py:161} INFO - Processing /home/airflow/.local/lib/python3.7/site-packages/airflow/example_dags/example_branch_labels.py took 0.104 seconds
[2023-07-11 22:52:14,646] {processor.py:153} INFO - Started process (PID=1288) to work on /home/airflow/.local/lib/python3.7/site-packages/airflow/example_dags/example_branch_labels.py
[2023-07-11 22:52:14,646] {processor.py:641} INFO - Processing file /home/airflow/.local/lib/python3.7/site-packages/airflow/example_dags/example_branch_labels.py for tasks to queue
[2023-07-11 22:52:14,647] {logging_mixin.py:115} INFO - [2023-07-11 22:52:14,647] {dagbag.py:508} INFO - Filling up the DagBag from /home/airflow/.local/lib/python3.7/site-packages/airflow/example_dags/example_branch_labels.py
[2023-07-11 22:52:14,658] {processor.py:651} INFO - DAG(s) dict_keys(['example_branch_labels']) retrieved from /home/airflow/.local/lib/python3.7/site-packages/airflow/example_dags/example_branch_labels.py
[2023-07-11 22:52:14,702] {logging_mixin.py:115} INFO - [2023-07-11 22:52:14,702] {dag.py:2420} INFO - Sync 1 DAGs
[2023-07-11 22:52:14,745] {logging_mixin.py:115} INFO - [2023-07-11 22:52:14,745] {dag.py:2972} INFO - Setting next_dagrun for example_branch_labels to 2023-07-10T00:00:00+00:00, run_after=2023-07-11T00:00:00+00:00
[2023-07-11 22:52:14,764] {processor.py:161} INFO - Processing /home/airflow/.local/lib/python3.7/site-packages/airflow/example_dags/example_branch_labels.py took 0.123 seconds
[2023-07-11 22:52:45,838] {processor.py:153} INFO - Started process (PID=1339) to work on /home/airflow/.local/lib/python3.7/site-packages/airflow/example_dags/example_branch_labels.py
[2023-07-11 22:52:45,841] {processor.py:641} INFO - Processing file /home/airflow/.local/lib/python3.7/site-packages/airflow/example_dags/example_branch_labels.py for tasks to queue
[2023-07-11 22:52:45,843] {logging_mixin.py:115} INFO - [2023-07-11 22:52:45,842] {dagbag.py:508} INFO - Filling up the DagBag from /home/airflow/.local/lib/python3.7/site-packages/airflow/example_dags/example_branch_labels.py
[2023-07-11 22:52:45,882] {processor.py:651} INFO - DAG(s) dict_keys(['example_branch_labels']) retrieved from /home/airflow/.local/lib/python3.7/site-packages/airflow/example_dags/example_branch_labels.py
[2023-07-11 22:52:46,000] {logging_mixin.py:115} INFO - [2023-07-11 22:52:46,000] {dag.py:2420} INFO - Sync 1 DAGs
[2023-07-11 22:52:46,088] {logging_mixin.py:115} INFO - [2023-07-11 22:52:46,088] {dag.py:2972} INFO - Setting next_dagrun for example_branch_labels to 2023-07-10T00:00:00+00:00, run_after=2023-07-11T00:00:00+00:00
[2023-07-11 22:52:46,126] {processor.py:161} INFO - Processing /home/airflow/.local/lib/python3.7/site-packages/airflow/example_dags/example_branch_labels.py took 0.310 seconds
[2023-07-11 22:53:16,542] {processor.py:153} INFO - Started process (PID=1390) to work on /home/airflow/.local/lib/python3.7/site-packages/airflow/example_dags/example_branch_labels.py
[2023-07-11 22:53:16,543] {processor.py:641} INFO - Processing file /home/airflow/.local/lib/python3.7/site-packages/airflow/example_dags/example_branch_labels.py for tasks to queue
[2023-07-11 22:53:16,544] {logging_mixin.py:115} INFO - [2023-07-11 22:53:16,544] {dagbag.py:508} INFO - Filling up the DagBag from /home/airflow/.local/lib/python3.7/site-packages/airflow/example_dags/example_branch_labels.py
[2023-07-11 22:53:16,557] {processor.py:651} INFO - DAG(s) dict_keys(['example_branch_labels']) retrieved from /home/airflow/.local/lib/python3.7/site-packages/airflow/example_dags/example_branch_labels.py
[2023-07-11 22:53:16,602] {logging_mixin.py:115} INFO - [2023-07-11 22:53:16,602] {dag.py:2420} INFO - Sync 1 DAGs
[2023-07-11 22:53:16,646] {logging_mixin.py:115} INFO - [2023-07-11 22:53:16,646] {dag.py:2972} INFO - Setting next_dagrun for example_branch_labels to 2023-07-10T00:00:00+00:00, run_after=2023-07-11T00:00:00+00:00
[2023-07-11 22:53:16,671] {processor.py:161} INFO - Processing /home/airflow/.local/lib/python3.7/site-packages/airflow/example_dags/example_branch_labels.py took 0.133 seconds
[2023-07-11 22:53:47,716] {processor.py:153} INFO - Started process (PID=1451) to work on /home/airflow/.local/lib/python3.7/site-packages/airflow/example_dags/example_branch_labels.py
[2023-07-11 22:53:47,720] {processor.py:641} INFO - Processing file /home/airflow/.local/lib/python3.7/site-packages/airflow/example_dags/example_branch_labels.py for tasks to queue
[2023-07-11 22:53:47,722] {logging_mixin.py:115} INFO - [2023-07-11 22:53:47,721] {dagbag.py:508} INFO - Filling up the DagBag from /home/airflow/.local/lib/python3.7/site-packages/airflow/example_dags/example_branch_labels.py
[2023-07-11 22:53:47,742] {processor.py:651} INFO - DAG(s) dict_keys(['example_branch_labels']) retrieved from /home/airflow/.local/lib/python3.7/site-packages/airflow/example_dags/example_branch_labels.py
[2023-07-11 22:53:47,848] {logging_mixin.py:115} INFO - [2023-07-11 22:53:47,848] {dag.py:2420} INFO - Sync 1 DAGs
[2023-07-11 22:53:47,952] {logging_mixin.py:115} INFO - [2023-07-11 22:53:47,952] {dag.py:2972} INFO - Setting next_dagrun for example_branch_labels to 2023-07-10T00:00:00+00:00, run_after=2023-07-11T00:00:00+00:00
[2023-07-11 22:53:47,986] {processor.py:161} INFO - Processing /home/airflow/.local/lib/python3.7/site-packages/airflow/example_dags/example_branch_labels.py took 0.277 seconds
[2023-07-11 22:54:18,788] {processor.py:153} INFO - Started process (PID=1502) to work on /home/airflow/.local/lib/python3.7/site-packages/airflow/example_dags/example_branch_labels.py
[2023-07-11 22:54:18,788] {processor.py:641} INFO - Processing file /home/airflow/.local/lib/python3.7/site-packages/airflow/example_dags/example_branch_labels.py for tasks to queue
[2023-07-11 22:54:18,789] {logging_mixin.py:115} INFO - [2023-07-11 22:54:18,789] {dagbag.py:508} INFO - Filling up the DagBag from /home/airflow/.local/lib/python3.7/site-packages/airflow/example_dags/example_branch_labels.py
[2023-07-11 22:54:18,800] {processor.py:651} INFO - DAG(s) dict_keys(['example_branch_labels']) retrieved from /home/airflow/.local/lib/python3.7/site-packages/airflow/example_dags/example_branch_labels.py
[2023-07-11 22:54:18,849] {logging_mixin.py:115} INFO - [2023-07-11 22:54:18,849] {dag.py:2420} INFO - Sync 1 DAGs
[2023-07-11 22:54:18,907] {logging_mixin.py:115} INFO - [2023-07-11 22:54:18,907] {dag.py:2972} INFO - Setting next_dagrun for example_branch_labels to 2023-07-10T00:00:00+00:00, run_after=2023-07-11T00:00:00+00:00
[2023-07-11 22:54:18,932] {processor.py:161} INFO - Processing /home/airflow/.local/lib/python3.7/site-packages/airflow/example_dags/example_branch_labels.py took 0.149 seconds
[2023-07-11 22:54:49,198] {processor.py:153} INFO - Started process (PID=1553) to work on /home/airflow/.local/lib/python3.7/site-packages/airflow/example_dags/example_branch_labels.py
[2023-07-11 22:54:49,199] {processor.py:641} INFO - Processing file /home/airflow/.local/lib/python3.7/site-packages/airflow/example_dags/example_branch_labels.py for tasks to queue
[2023-07-11 22:54:49,201] {logging_mixin.py:115} INFO - [2023-07-11 22:54:49,201] {dagbag.py:508} INFO - Filling up the DagBag from /home/airflow/.local/lib/python3.7/site-packages/airflow/example_dags/example_branch_labels.py
[2023-07-11 22:54:49,225] {processor.py:651} INFO - DAG(s) dict_keys(['example_branch_labels']) retrieved from /home/airflow/.local/lib/python3.7/site-packages/airflow/example_dags/example_branch_labels.py
[2023-07-11 22:54:49,315] {logging_mixin.py:115} INFO - [2023-07-11 22:54:49,315] {dag.py:2420} INFO - Sync 1 DAGs
[2023-07-11 22:54:49,568] {logging_mixin.py:115} INFO - [2023-07-11 22:54:49,568] {dag.py:2972} INFO - Setting next_dagrun for example_branch_labels to 2023-07-10T00:00:00+00:00, run_after=2023-07-11T00:00:00+00:00
[2023-07-11 22:54:49,602] {processor.py:161} INFO - Processing /home/airflow/.local/lib/python3.7/site-packages/airflow/example_dags/example_branch_labels.py took 0.410 seconds
[2023-07-11 22:55:19,837] {processor.py:153} INFO - Started process (PID=1605) to work on /home/airflow/.local/lib/python3.7/site-packages/airflow/example_dags/example_branch_labels.py
[2023-07-11 22:55:19,838] {processor.py:641} INFO - Processing file /home/airflow/.local/lib/python3.7/site-packages/airflow/example_dags/example_branch_labels.py for tasks to queue
[2023-07-11 22:55:19,839] {logging_mixin.py:115} INFO - [2023-07-11 22:55:19,839] {dagbag.py:508} INFO - Filling up the DagBag from /home/airflow/.local/lib/python3.7/site-packages/airflow/example_dags/example_branch_labels.py
[2023-07-11 22:55:19,866] {processor.py:651} INFO - DAG(s) dict_keys(['example_branch_labels']) retrieved from /home/airflow/.local/lib/python3.7/site-packages/airflow/example_dags/example_branch_labels.py
[2023-07-11 22:55:19,916] {logging_mixin.py:115} INFO - [2023-07-11 22:55:19,916] {dag.py:2420} INFO - Sync 1 DAGs
[2023-07-11 22:55:20,034] {logging_mixin.py:115} INFO - [2023-07-11 22:55:20,026] {dag.py:2972} INFO - Setting next_dagrun for example_branch_labels to 2023-07-10T00:00:00+00:00, run_after=2023-07-11T00:00:00+00:00
[2023-07-11 22:55:20,100] {processor.py:161} INFO - Processing /home/airflow/.local/lib/python3.7/site-packages/airflow/example_dags/example_branch_labels.py took 0.271 seconds
[2023-07-11 22:55:52,099] {processor.py:153} INFO - Started process (PID=1657) to work on /home/airflow/.local/lib/python3.7/site-packages/airflow/example_dags/example_branch_labels.py
[2023-07-11 22:55:52,104] {processor.py:641} INFO - Processing file /home/airflow/.local/lib/python3.7/site-packages/airflow/example_dags/example_branch_labels.py for tasks to queue
[2023-07-11 22:55:52,104] {logging_mixin.py:115} INFO - [2023-07-11 22:55:52,104] {dagbag.py:508} INFO - Filling up the DagBag from /home/airflow/.local/lib/python3.7/site-packages/airflow/example_dags/example_branch_labels.py
[2023-07-11 22:55:52,138] {processor.py:651} INFO - DAG(s) dict_keys(['example_branch_labels']) retrieved from /home/airflow/.local/lib/python3.7/site-packages/airflow/example_dags/example_branch_labels.py
[2023-07-11 22:55:52,238] {logging_mixin.py:115} INFO - [2023-07-11 22:55:52,238] {dag.py:2420} INFO - Sync 1 DAGs
[2023-07-11 22:55:52,321] {logging_mixin.py:115} INFO - [2023-07-11 22:55:52,321] {dag.py:2972} INFO - Setting next_dagrun for example_branch_labels to 2023-07-10T00:00:00+00:00, run_after=2023-07-11T00:00:00+00:00
[2023-07-11 22:55:52,382] {processor.py:161} INFO - Processing /home/airflow/.local/lib/python3.7/site-packages/airflow/example_dags/example_branch_labels.py took 0.297 seconds
[2023-07-11 22:56:23,450] {processor.py:153} INFO - Started process (PID=1716) to work on /home/airflow/.local/lib/python3.7/site-packages/airflow/example_dags/example_branch_labels.py
[2023-07-11 22:56:23,459] {processor.py:641} INFO - Processing file /home/airflow/.local/lib/python3.7/site-packages/airflow/example_dags/example_branch_labels.py for tasks to queue
[2023-07-11 22:56:23,460] {logging_mixin.py:115} INFO - [2023-07-11 22:56:23,459] {dagbag.py:508} INFO - Filling up the DagBag from /home/airflow/.local/lib/python3.7/site-packages/airflow/example_dags/example_branch_labels.py
[2023-07-11 22:56:23,477] {processor.py:651} INFO - DAG(s) dict_keys(['example_branch_labels']) retrieved from /home/airflow/.local/lib/python3.7/site-packages/airflow/example_dags/example_branch_labels.py
[2023-07-11 22:56:23,592] {logging_mixin.py:115} INFO - [2023-07-11 22:56:23,592] {dag.py:2420} INFO - Sync 1 DAGs
[2023-07-11 22:56:23,679] {logging_mixin.py:115} INFO - [2023-07-11 22:56:23,679] {dag.py:2972} INFO - Setting next_dagrun for example_branch_labels to 2023-07-10T00:00:00+00:00, run_after=2023-07-11T00:00:00+00:00
[2023-07-11 22:56:23,720] {processor.py:161} INFO - Processing /home/airflow/.local/lib/python3.7/site-packages/airflow/example_dags/example_branch_labels.py took 0.293 seconds
[2023-07-11 22:56:53,968] {processor.py:153} INFO - Started process (PID=1770) to work on /home/airflow/.local/lib/python3.7/site-packages/airflow/example_dags/example_branch_labels.py
[2023-07-11 22:56:53,969] {processor.py:641} INFO - Processing file /home/airflow/.local/lib/python3.7/site-packages/airflow/example_dags/example_branch_labels.py for tasks to queue
[2023-07-11 22:56:53,970] {logging_mixin.py:115} INFO - [2023-07-11 22:56:53,970] {dagbag.py:508} INFO - Filling up the DagBag from /home/airflow/.local/lib/python3.7/site-packages/airflow/example_dags/example_branch_labels.py
[2023-07-11 22:56:53,992] {processor.py:651} INFO - DAG(s) dict_keys(['example_branch_labels']) retrieved from /home/airflow/.local/lib/python3.7/site-packages/airflow/example_dags/example_branch_labels.py
[2023-07-11 22:56:54,064] {logging_mixin.py:115} INFO - [2023-07-11 22:56:54,063] {dag.py:2420} INFO - Sync 1 DAGs
[2023-07-11 22:56:54,124] {logging_mixin.py:115} INFO - [2023-07-11 22:56:54,123] {dag.py:2972} INFO - Setting next_dagrun for example_branch_labels to 2023-07-10T00:00:00+00:00, run_after=2023-07-11T00:00:00+00:00
[2023-07-11 22:56:54,143] {processor.py:161} INFO - Processing /home/airflow/.local/lib/python3.7/site-packages/airflow/example_dags/example_branch_labels.py took 0.186 seconds
[2023-07-11 22:57:24,697] {processor.py:153} INFO - Started process (PID=1821) to work on /home/airflow/.local/lib/python3.7/site-packages/airflow/example_dags/example_branch_labels.py
[2023-07-11 22:57:24,697] {processor.py:641} INFO - Processing file /home/airflow/.local/lib/python3.7/site-packages/airflow/example_dags/example_branch_labels.py for tasks to queue
[2023-07-11 22:57:24,698] {logging_mixin.py:115} INFO - [2023-07-11 22:57:24,698] {dagbag.py:508} INFO - Filling up the DagBag from /home/airflow/.local/lib/python3.7/site-packages/airflow/example_dags/example_branch_labels.py
[2023-07-11 22:57:24,713] {processor.py:651} INFO - DAG(s) dict_keys(['example_branch_labels']) retrieved from /home/airflow/.local/lib/python3.7/site-packages/airflow/example_dags/example_branch_labels.py
[2023-07-11 22:57:24,779] {logging_mixin.py:115} INFO - [2023-07-11 22:57:24,779] {dag.py:2420} INFO - Sync 1 DAGs
[2023-07-11 22:57:24,831] {logging_mixin.py:115} INFO - [2023-07-11 22:57:24,831] {dag.py:2972} INFO - Setting next_dagrun for example_branch_labels to 2023-07-10T00:00:00+00:00, run_after=2023-07-11T00:00:00+00:00
[2023-07-11 22:57:24,863] {processor.py:161} INFO - Processing /home/airflow/.local/lib/python3.7/site-packages/airflow/example_dags/example_branch_labels.py took 0.170 seconds
[2023-07-11 22:57:55,147] {processor.py:153} INFO - Started process (PID=1873) to work on /home/airflow/.local/lib/python3.7/site-packages/airflow/example_dags/example_branch_labels.py
[2023-07-11 22:57:55,147] {processor.py:641} INFO - Processing file /home/airflow/.local/lib/python3.7/site-packages/airflow/example_dags/example_branch_labels.py for tasks to queue
[2023-07-11 22:57:55,148] {logging_mixin.py:115} INFO - [2023-07-11 22:57:55,148] {dagbag.py:508} INFO - Filling up the DagBag from /home/airflow/.local/lib/python3.7/site-packages/airflow/example_dags/example_branch_labels.py
[2023-07-11 22:57:55,155] {processor.py:651} INFO - DAG(s) dict_keys(['example_branch_labels']) retrieved from /home/airflow/.local/lib/python3.7/site-packages/airflow/example_dags/example_branch_labels.py
[2023-07-11 22:57:55,201] {logging_mixin.py:115} INFO - [2023-07-11 22:57:55,201] {dag.py:2420} INFO - Sync 1 DAGs
[2023-07-11 22:57:55,253] {logging_mixin.py:115} INFO - [2023-07-11 22:57:55,253] {dag.py:2972} INFO - Setting next_dagrun for example_branch_labels to 2023-07-10T00:00:00+00:00, run_after=2023-07-11T00:00:00+00:00
[2023-07-11 22:57:55,275] {processor.py:161} INFO - Processing /home/airflow/.local/lib/python3.7/site-packages/airflow/example_dags/example_branch_labels.py took 0.135 seconds
[2023-07-11 22:58:25,912] {processor.py:153} INFO - Started process (PID=1925) to work on /home/airflow/.local/lib/python3.7/site-packages/airflow/example_dags/example_branch_labels.py
[2023-07-11 22:58:25,913] {processor.py:641} INFO - Processing file /home/airflow/.local/lib/python3.7/site-packages/airflow/example_dags/example_branch_labels.py for tasks to queue
[2023-07-11 22:58:25,913] {logging_mixin.py:115} INFO - [2023-07-11 22:58:25,913] {dagbag.py:508} INFO - Filling up the DagBag from /home/airflow/.local/lib/python3.7/site-packages/airflow/example_dags/example_branch_labels.py
[2023-07-11 22:58:25,923] {processor.py:651} INFO - DAG(s) dict_keys(['example_branch_labels']) retrieved from /home/airflow/.local/lib/python3.7/site-packages/airflow/example_dags/example_branch_labels.py
[2023-07-11 22:58:25,962] {logging_mixin.py:115} INFO - [2023-07-11 22:58:25,962] {dag.py:2420} INFO - Sync 1 DAGs
[2023-07-11 22:58:25,993] {logging_mixin.py:115} INFO - [2023-07-11 22:58:25,993] {dag.py:2972} INFO - Setting next_dagrun for example_branch_labels to 2023-07-10T00:00:00+00:00, run_after=2023-07-11T00:00:00+00:00
[2023-07-11 22:58:26,007] {processor.py:161} INFO - Processing /home/airflow/.local/lib/python3.7/site-packages/airflow/example_dags/example_branch_labels.py took 0.098 seconds
[2023-07-11 22:58:57,280] {processor.py:153} INFO - Started process (PID=1985) to work on /home/airflow/.local/lib/python3.7/site-packages/airflow/example_dags/example_branch_labels.py
[2023-07-11 22:58:57,282] {processor.py:641} INFO - Processing file /home/airflow/.local/lib/python3.7/site-packages/airflow/example_dags/example_branch_labels.py for tasks to queue
[2023-07-11 22:58:57,283] {logging_mixin.py:115} INFO - [2023-07-11 22:58:57,282] {dagbag.py:508} INFO - Filling up the DagBag from /home/airflow/.local/lib/python3.7/site-packages/airflow/example_dags/example_branch_labels.py
[2023-07-11 22:58:57,301] {processor.py:651} INFO - DAG(s) dict_keys(['example_branch_labels']) retrieved from /home/airflow/.local/lib/python3.7/site-packages/airflow/example_dags/example_branch_labels.py
[2023-07-11 22:58:57,484] {logging_mixin.py:115} INFO - [2023-07-11 22:58:57,484] {dag.py:2420} INFO - Sync 1 DAGs
[2023-07-11 22:58:57,593] {logging_mixin.py:115} INFO - [2023-07-11 22:58:57,593] {dag.py:2972} INFO - Setting next_dagrun for example_branch_labels to 2023-07-10T00:00:00+00:00, run_after=2023-07-11T00:00:00+00:00
[2023-07-11 22:58:57,648] {processor.py:161} INFO - Processing /home/airflow/.local/lib/python3.7/site-packages/airflow/example_dags/example_branch_labels.py took 0.382 seconds
[2023-07-11 22:59:27,823] {processor.py:153} INFO - Started process (PID=2038) to work on /home/airflow/.local/lib/python3.7/site-packages/airflow/example_dags/example_branch_labels.py
[2023-07-11 22:59:27,825] {processor.py:641} INFO - Processing file /home/airflow/.local/lib/python3.7/site-packages/airflow/example_dags/example_branch_labels.py for tasks to queue
[2023-07-11 22:59:27,826] {logging_mixin.py:115} INFO - [2023-07-11 22:59:27,826] {dagbag.py:508} INFO - Filling up the DagBag from /home/airflow/.local/lib/python3.7/site-packages/airflow/example_dags/example_branch_labels.py
[2023-07-11 22:59:27,843] {processor.py:651} INFO - DAG(s) dict_keys(['example_branch_labels']) retrieved from /home/airflow/.local/lib/python3.7/site-packages/airflow/example_dags/example_branch_labels.py
[2023-07-11 22:59:27,877] {logging_mixin.py:115} INFO - [2023-07-11 22:59:27,877] {dag.py:2420} INFO - Sync 1 DAGs
[2023-07-11 22:59:27,916] {logging_mixin.py:115} INFO - [2023-07-11 22:59:27,916] {dag.py:2972} INFO - Setting next_dagrun for example_branch_labels to 2023-07-10T00:00:00+00:00, run_after=2023-07-11T00:00:00+00:00
[2023-07-11 22:59:27,935] {processor.py:161} INFO - Processing /home/airflow/.local/lib/python3.7/site-packages/airflow/example_dags/example_branch_labels.py took 0.116 seconds
[2023-07-11 22:59:58,416] {processor.py:153} INFO - Started process (PID=2089) to work on /home/airflow/.local/lib/python3.7/site-packages/airflow/example_dags/example_branch_labels.py
[2023-07-11 22:59:58,418] {processor.py:641} INFO - Processing file /home/airflow/.local/lib/python3.7/site-packages/airflow/example_dags/example_branch_labels.py for tasks to queue
[2023-07-11 22:59:58,419] {logging_mixin.py:115} INFO - [2023-07-11 22:59:58,419] {dagbag.py:508} INFO - Filling up the DagBag from /home/airflow/.local/lib/python3.7/site-packages/airflow/example_dags/example_branch_labels.py
[2023-07-11 22:59:58,449] {processor.py:651} INFO - DAG(s) dict_keys(['example_branch_labels']) retrieved from /home/airflow/.local/lib/python3.7/site-packages/airflow/example_dags/example_branch_labels.py
[2023-07-11 22:59:58,599] {logging_mixin.py:115} INFO - [2023-07-11 22:59:58,598] {dag.py:2420} INFO - Sync 1 DAGs
[2023-07-11 22:59:58,688] {logging_mixin.py:115} INFO - [2023-07-11 22:59:58,688] {dag.py:2972} INFO - Setting next_dagrun for example_branch_labels to 2023-07-10T00:00:00+00:00, run_after=2023-07-11T00:00:00+00:00
[2023-07-11 22:59:58,727] {processor.py:161} INFO - Processing /home/airflow/.local/lib/python3.7/site-packages/airflow/example_dags/example_branch_labels.py took 0.322 seconds
[2023-07-11 23:00:29,018] {processor.py:153} INFO - Started process (PID=2141) to work on /home/airflow/.local/lib/python3.7/site-packages/airflow/example_dags/example_branch_labels.py
[2023-07-11 23:00:29,019] {processor.py:641} INFO - Processing file /home/airflow/.local/lib/python3.7/site-packages/airflow/example_dags/example_branch_labels.py for tasks to queue
[2023-07-11 23:00:29,019] {logging_mixin.py:115} INFO - [2023-07-11 23:00:29,019] {dagbag.py:508} INFO - Filling up the DagBag from /home/airflow/.local/lib/python3.7/site-packages/airflow/example_dags/example_branch_labels.py
[2023-07-11 23:00:29,034] {processor.py:651} INFO - DAG(s) dict_keys(['example_branch_labels']) retrieved from /home/airflow/.local/lib/python3.7/site-packages/airflow/example_dags/example_branch_labels.py
[2023-07-11 23:00:29,074] {logging_mixin.py:115} INFO - [2023-07-11 23:00:29,073] {dag.py:2420} INFO - Sync 1 DAGs
[2023-07-11 23:00:29,120] {logging_mixin.py:115} INFO - [2023-07-11 23:00:29,119] {dag.py:2972} INFO - Setting next_dagrun for example_branch_labels to 2023-07-10T00:00:00+00:00, run_after=2023-07-11T00:00:00+00:00
[2023-07-11 23:00:29,159] {processor.py:161} INFO - Processing /home/airflow/.local/lib/python3.7/site-packages/airflow/example_dags/example_branch_labels.py took 0.145 seconds
[2023-07-11 23:00:59,552] {processor.py:153} INFO - Started process (PID=2194) to work on /home/airflow/.local/lib/python3.7/site-packages/airflow/example_dags/example_branch_labels.py
[2023-07-11 23:00:59,554] {processor.py:641} INFO - Processing file /home/airflow/.local/lib/python3.7/site-packages/airflow/example_dags/example_branch_labels.py for tasks to queue
[2023-07-11 23:00:59,555] {logging_mixin.py:115} INFO - [2023-07-11 23:00:59,555] {dagbag.py:508} INFO - Filling up the DagBag from /home/airflow/.local/lib/python3.7/site-packages/airflow/example_dags/example_branch_labels.py
[2023-07-11 23:00:59,582] {processor.py:651} INFO - DAG(s) dict_keys(['example_branch_labels']) retrieved from /home/airflow/.local/lib/python3.7/site-packages/airflow/example_dags/example_branch_labels.py
[2023-07-11 23:00:59,669] {logging_mixin.py:115} INFO - [2023-07-11 23:00:59,668] {dag.py:2420} INFO - Sync 1 DAGs
[2023-07-11 23:00:59,742] {logging_mixin.py:115} INFO - [2023-07-11 23:00:59,742] {dag.py:2972} INFO - Setting next_dagrun for example_branch_labels to 2023-07-10T00:00:00+00:00, run_after=2023-07-11T00:00:00+00:00
[2023-07-11 23:00:59,766] {processor.py:161} INFO - Processing /home/airflow/.local/lib/python3.7/site-packages/airflow/example_dags/example_branch_labels.py took 0.226 seconds
[2023-07-11 23:01:30,892] {processor.py:153} INFO - Started process (PID=2254) to work on /home/airflow/.local/lib/python3.7/site-packages/airflow/example_dags/example_branch_labels.py
[2023-07-11 23:01:30,893] {processor.py:641} INFO - Processing file /home/airflow/.local/lib/python3.7/site-packages/airflow/example_dags/example_branch_labels.py for tasks to queue
[2023-07-11 23:01:30,894] {logging_mixin.py:115} INFO - [2023-07-11 23:01:30,893] {dagbag.py:508} INFO - Filling up the DagBag from /home/airflow/.local/lib/python3.7/site-packages/airflow/example_dags/example_branch_labels.py
[2023-07-11 23:01:30,913] {processor.py:651} INFO - DAG(s) dict_keys(['example_branch_labels']) retrieved from /home/airflow/.local/lib/python3.7/site-packages/airflow/example_dags/example_branch_labels.py
[2023-07-11 23:01:31,003] {logging_mixin.py:115} INFO - [2023-07-11 23:01:31,003] {dag.py:2420} INFO - Sync 1 DAGs
[2023-07-11 23:01:31,107] {logging_mixin.py:115} INFO - [2023-07-11 23:01:31,107] {dag.py:2972} INFO - Setting next_dagrun for example_branch_labels to 2023-07-10T00:00:00+00:00, run_after=2023-07-11T00:00:00+00:00
[2023-07-11 23:01:31,171] {processor.py:161} INFO - Processing /home/airflow/.local/lib/python3.7/site-packages/airflow/example_dags/example_branch_labels.py took 0.286 seconds
[2023-07-11 23:02:01,708] {processor.py:153} INFO - Started process (PID=2305) to work on /home/airflow/.local/lib/python3.7/site-packages/airflow/example_dags/example_branch_labels.py
[2023-07-11 23:02:01,715] {processor.py:641} INFO - Processing file /home/airflow/.local/lib/python3.7/site-packages/airflow/example_dags/example_branch_labels.py for tasks to queue
[2023-07-11 23:02:01,716] {logging_mixin.py:115} INFO - [2023-07-11 23:02:01,716] {dagbag.py:508} INFO - Filling up the DagBag from /home/airflow/.local/lib/python3.7/site-packages/airflow/example_dags/example_branch_labels.py
[2023-07-11 23:02:01,740] {processor.py:651} INFO - DAG(s) dict_keys(['example_branch_labels']) retrieved from /home/airflow/.local/lib/python3.7/site-packages/airflow/example_dags/example_branch_labels.py
[2023-07-11 23:02:01,823] {logging_mixin.py:115} INFO - [2023-07-11 23:02:01,823] {dag.py:2420} INFO - Sync 1 DAGs
[2023-07-11 23:02:01,906] {logging_mixin.py:115} INFO - [2023-07-11 23:02:01,906] {dag.py:2972} INFO - Setting next_dagrun for example_branch_labels to 2023-07-10T00:00:00+00:00, run_after=2023-07-11T00:00:00+00:00
[2023-07-11 23:02:01,940] {processor.py:161} INFO - Processing /home/airflow/.local/lib/python3.7/site-packages/airflow/example_dags/example_branch_labels.py took 0.239 seconds
[2023-07-11 23:02:32,216] {processor.py:153} INFO - Started process (PID=2357) to work on /home/airflow/.local/lib/python3.7/site-packages/airflow/example_dags/example_branch_labels.py
[2023-07-11 23:02:32,218] {processor.py:641} INFO - Processing file /home/airflow/.local/lib/python3.7/site-packages/airflow/example_dags/example_branch_labels.py for tasks to queue
[2023-07-11 23:02:32,220] {logging_mixin.py:115} INFO - [2023-07-11 23:02:32,220] {dagbag.py:508} INFO - Filling up the DagBag from /home/airflow/.local/lib/python3.7/site-packages/airflow/example_dags/example_branch_labels.py
[2023-07-11 23:02:32,273] {processor.py:651} INFO - DAG(s) dict_keys(['example_branch_labels']) retrieved from /home/airflow/.local/lib/python3.7/site-packages/airflow/example_dags/example_branch_labels.py
[2023-07-11 23:02:32,404] {logging_mixin.py:115} INFO - [2023-07-11 23:02:32,404] {dag.py:2420} INFO - Sync 1 DAGs
[2023-07-11 23:02:32,523] {logging_mixin.py:115} INFO - [2023-07-11 23:02:32,523] {dag.py:2972} INFO - Setting next_dagrun for example_branch_labels to 2023-07-10T00:00:00+00:00, run_after=2023-07-11T00:00:00+00:00
[2023-07-11 23:02:32,587] {processor.py:161} INFO - Processing /home/airflow/.local/lib/python3.7/site-packages/airflow/example_dags/example_branch_labels.py took 0.386 seconds
[2023-07-11 23:03:03,233] {processor.py:153} INFO - Started process (PID=2409) to work on /home/airflow/.local/lib/python3.7/site-packages/airflow/example_dags/example_branch_labels.py
[2023-07-11 23:03:03,239] {processor.py:641} INFO - Processing file /home/airflow/.local/lib/python3.7/site-packages/airflow/example_dags/example_branch_labels.py for tasks to queue
[2023-07-11 23:03:03,240] {logging_mixin.py:115} INFO - [2023-07-11 23:03:03,240] {dagbag.py:508} INFO - Filling up the DagBag from /home/airflow/.local/lib/python3.7/site-packages/airflow/example_dags/example_branch_labels.py
[2023-07-11 23:03:03,308] {processor.py:651} INFO - DAG(s) dict_keys(['example_branch_labels']) retrieved from /home/airflow/.local/lib/python3.7/site-packages/airflow/example_dags/example_branch_labels.py
[2023-07-11 23:03:03,476] {logging_mixin.py:115} INFO - [2023-07-11 23:03:03,476] {dag.py:2420} INFO - Sync 1 DAGs
[2023-07-11 23:03:03,636] {logging_mixin.py:115} INFO - [2023-07-11 23:03:03,635] {dag.py:2972} INFO - Setting next_dagrun for example_branch_labels to 2023-07-10T00:00:00+00:00, run_after=2023-07-11T00:00:00+00:00
[2023-07-11 23:03:03,720] {processor.py:161} INFO - Processing /home/airflow/.local/lib/python3.7/site-packages/airflow/example_dags/example_branch_labels.py took 0.511 seconds
[2023-07-11 23:03:34,089] {processor.py:153} INFO - Started process (PID=2461) to work on /home/airflow/.local/lib/python3.7/site-packages/airflow/example_dags/example_branch_labels.py
[2023-07-11 23:03:34,092] {processor.py:641} INFO - Processing file /home/airflow/.local/lib/python3.7/site-packages/airflow/example_dags/example_branch_labels.py for tasks to queue
[2023-07-11 23:03:34,094] {logging_mixin.py:115} INFO - [2023-07-11 23:03:34,093] {dagbag.py:508} INFO - Filling up the DagBag from /home/airflow/.local/lib/python3.7/site-packages/airflow/example_dags/example_branch_labels.py
[2023-07-11 23:03:34,128] {processor.py:651} INFO - DAG(s) dict_keys(['example_branch_labels']) retrieved from /home/airflow/.local/lib/python3.7/site-packages/airflow/example_dags/example_branch_labels.py
[2023-07-11 23:03:34,201] {logging_mixin.py:115} INFO - [2023-07-11 23:03:34,201] {dag.py:2420} INFO - Sync 1 DAGs
[2023-07-11 23:03:34,354] {logging_mixin.py:115} INFO - [2023-07-11 23:03:34,353] {dag.py:2972} INFO - Setting next_dagrun for example_branch_labels to 2023-07-10T00:00:00+00:00, run_after=2023-07-11T00:00:00+00:00
[2023-07-11 23:03:34,407] {processor.py:161} INFO - Processing /home/airflow/.local/lib/python3.7/site-packages/airflow/example_dags/example_branch_labels.py took 0.335 seconds
[2023-07-11 23:04:04,994] {processor.py:153} INFO - Started process (PID=2521) to work on /home/airflow/.local/lib/python3.7/site-packages/airflow/example_dags/example_branch_labels.py
[2023-07-11 23:04:04,995] {processor.py:641} INFO - Processing file /home/airflow/.local/lib/python3.7/site-packages/airflow/example_dags/example_branch_labels.py for tasks to queue
[2023-07-11 23:04:04,997] {logging_mixin.py:115} INFO - [2023-07-11 23:04:04,996] {dagbag.py:508} INFO - Filling up the DagBag from /home/airflow/.local/lib/python3.7/site-packages/airflow/example_dags/example_branch_labels.py
[2023-07-11 23:04:05,021] {processor.py:651} INFO - DAG(s) dict_keys(['example_branch_labels']) retrieved from /home/airflow/.local/lib/python3.7/site-packages/airflow/example_dags/example_branch_labels.py
[2023-07-11 23:04:05,081] {logging_mixin.py:115} INFO - [2023-07-11 23:04:05,081] {dag.py:2420} INFO - Sync 1 DAGs
[2023-07-11 23:04:05,161] {logging_mixin.py:115} INFO - [2023-07-11 23:04:05,161] {dag.py:2972} INFO - Setting next_dagrun for example_branch_labels to 2023-07-10T00:00:00+00:00, run_after=2023-07-11T00:00:00+00:00
[2023-07-11 23:04:05,191] {processor.py:161} INFO - Processing /home/airflow/.local/lib/python3.7/site-packages/airflow/example_dags/example_branch_labels.py took 0.205 seconds
[2023-07-11 23:04:36,151] {processor.py:153} INFO - Started process (PID=2573) to work on /home/airflow/.local/lib/python3.7/site-packages/airflow/example_dags/example_branch_labels.py
[2023-07-11 23:04:36,154] {processor.py:641} INFO - Processing file /home/airflow/.local/lib/python3.7/site-packages/airflow/example_dags/example_branch_labels.py for tasks to queue
[2023-07-11 23:04:36,157] {logging_mixin.py:115} INFO - [2023-07-11 23:04:36,156] {dagbag.py:508} INFO - Filling up the DagBag from /home/airflow/.local/lib/python3.7/site-packages/airflow/example_dags/example_branch_labels.py
[2023-07-11 23:04:36,240] {processor.py:651} INFO - DAG(s) dict_keys(['example_branch_labels']) retrieved from /home/airflow/.local/lib/python3.7/site-packages/airflow/example_dags/example_branch_labels.py
[2023-07-11 23:04:36,359] {logging_mixin.py:115} INFO - [2023-07-11 23:04:36,359] {dag.py:2420} INFO - Sync 1 DAGs
[2023-07-11 23:04:36,437] {logging_mixin.py:115} INFO - [2023-07-11 23:04:36,437] {dag.py:2972} INFO - Setting next_dagrun for example_branch_labels to 2023-07-10T00:00:00+00:00, run_after=2023-07-11T00:00:00+00:00
[2023-07-11 23:04:36,475] {processor.py:161} INFO - Processing /home/airflow/.local/lib/python3.7/site-packages/airflow/example_dags/example_branch_labels.py took 0.358 seconds
[2023-07-11 23:05:07,204] {processor.py:153} INFO - Started process (PID=2625) to work on /home/airflow/.local/lib/python3.7/site-packages/airflow/example_dags/example_branch_labels.py
[2023-07-11 23:05:07,206] {processor.py:641} INFO - Processing file /home/airflow/.local/lib/python3.7/site-packages/airflow/example_dags/example_branch_labels.py for tasks to queue
[2023-07-11 23:05:07,207] {logging_mixin.py:115} INFO - [2023-07-11 23:05:07,207] {dagbag.py:508} INFO - Filling up the DagBag from /home/airflow/.local/lib/python3.7/site-packages/airflow/example_dags/example_branch_labels.py
[2023-07-11 23:05:07,223] {processor.py:651} INFO - DAG(s) dict_keys(['example_branch_labels']) retrieved from /home/airflow/.local/lib/python3.7/site-packages/airflow/example_dags/example_branch_labels.py
[2023-07-11 23:05:07,273] {logging_mixin.py:115} INFO - [2023-07-11 23:05:07,273] {dag.py:2420} INFO - Sync 1 DAGs
[2023-07-11 23:05:07,344] {logging_mixin.py:115} INFO - [2023-07-11 23:05:07,344] {dag.py:2972} INFO - Setting next_dagrun for example_branch_labels to 2023-07-10T00:00:00+00:00, run_after=2023-07-11T00:00:00+00:00
[2023-07-11 23:05:07,379] {processor.py:161} INFO - Processing /home/airflow/.local/lib/python3.7/site-packages/airflow/example_dags/example_branch_labels.py took 0.183 seconds
[2023-07-11 23:05:37,686] {processor.py:153} INFO - Started process (PID=2677) to work on /home/airflow/.local/lib/python3.7/site-packages/airflow/example_dags/example_branch_labels.py
[2023-07-11 23:05:37,687] {processor.py:641} INFO - Processing file /home/airflow/.local/lib/python3.7/site-packages/airflow/example_dags/example_branch_labels.py for tasks to queue
[2023-07-11 23:05:37,688] {logging_mixin.py:115} INFO - [2023-07-11 23:05:37,688] {dagbag.py:508} INFO - Filling up the DagBag from /home/airflow/.local/lib/python3.7/site-packages/airflow/example_dags/example_branch_labels.py
[2023-07-11 23:05:37,703] {processor.py:651} INFO - DAG(s) dict_keys(['example_branch_labels']) retrieved from /home/airflow/.local/lib/python3.7/site-packages/airflow/example_dags/example_branch_labels.py
[2023-07-11 23:05:37,757] {logging_mixin.py:115} INFO - [2023-07-11 23:05:37,757] {dag.py:2420} INFO - Sync 1 DAGs
[2023-07-11 23:05:37,811] {logging_mixin.py:115} INFO - [2023-07-11 23:05:37,811] {dag.py:2972} INFO - Setting next_dagrun for example_branch_labels to 2023-07-10T00:00:00+00:00, run_after=2023-07-11T00:00:00+00:00
[2023-07-11 23:05:37,824] {processor.py:161} INFO - Processing /home/airflow/.local/lib/python3.7/site-packages/airflow/example_dags/example_branch_labels.py took 0.142 seconds
[2023-07-11 23:06:08,502] {processor.py:153} INFO - Started process (PID=2729) to work on /home/airflow/.local/lib/python3.7/site-packages/airflow/example_dags/example_branch_labels.py
[2023-07-11 23:06:08,504] {processor.py:641} INFO - Processing file /home/airflow/.local/lib/python3.7/site-packages/airflow/example_dags/example_branch_labels.py for tasks to queue
[2023-07-11 23:06:08,507] {logging_mixin.py:115} INFO - [2023-07-11 23:06:08,506] {dagbag.py:508} INFO - Filling up the DagBag from /home/airflow/.local/lib/python3.7/site-packages/airflow/example_dags/example_branch_labels.py
[2023-07-11 23:06:08,529] {processor.py:651} INFO - DAG(s) dict_keys(['example_branch_labels']) retrieved from /home/airflow/.local/lib/python3.7/site-packages/airflow/example_dags/example_branch_labels.py
[2023-07-11 23:06:08,605] {logging_mixin.py:115} INFO - [2023-07-11 23:06:08,605] {dag.py:2420} INFO - Sync 1 DAGs
[2023-07-11 23:06:08,721] {logging_mixin.py:115} INFO - [2023-07-11 23:06:08,720] {dag.py:2972} INFO - Setting next_dagrun for example_branch_labels to 2023-07-10T00:00:00+00:00, run_after=2023-07-11T00:00:00+00:00
[2023-07-11 23:06:08,824] {processor.py:161} INFO - Processing /home/airflow/.local/lib/python3.7/site-packages/airflow/example_dags/example_branch_labels.py took 0.329 seconds
[2023-07-11 23:06:39,248] {processor.py:153} INFO - Started process (PID=2781) to work on /home/airflow/.local/lib/python3.7/site-packages/airflow/example_dags/example_branch_labels.py
[2023-07-11 23:06:39,249] {processor.py:641} INFO - Processing file /home/airflow/.local/lib/python3.7/site-packages/airflow/example_dags/example_branch_labels.py for tasks to queue
[2023-07-11 23:06:39,251] {logging_mixin.py:115} INFO - [2023-07-11 23:06:39,250] {dagbag.py:508} INFO - Filling up the DagBag from /home/airflow/.local/lib/python3.7/site-packages/airflow/example_dags/example_branch_labels.py
[2023-07-11 23:06:39,273] {processor.py:651} INFO - DAG(s) dict_keys(['example_branch_labels']) retrieved from /home/airflow/.local/lib/python3.7/site-packages/airflow/example_dags/example_branch_labels.py
[2023-07-11 23:06:39,349] {logging_mixin.py:115} INFO - [2023-07-11 23:06:39,349] {dag.py:2420} INFO - Sync 1 DAGs
[2023-07-11 23:06:39,413] {logging_mixin.py:115} INFO - [2023-07-11 23:06:39,412] {dag.py:2972} INFO - Setting next_dagrun for example_branch_labels to 2023-07-10T00:00:00+00:00, run_after=2023-07-11T00:00:00+00:00
[2023-07-11 23:06:39,439] {processor.py:161} INFO - Processing /home/airflow/.local/lib/python3.7/site-packages/airflow/example_dags/example_branch_labels.py took 0.198 seconds
[2023-07-11 23:07:09,512] {processor.py:153} INFO - Started process (PID=2832) to work on /home/airflow/.local/lib/python3.7/site-packages/airflow/example_dags/example_branch_labels.py
[2023-07-11 23:07:09,513] {processor.py:641} INFO - Processing file /home/airflow/.local/lib/python3.7/site-packages/airflow/example_dags/example_branch_labels.py for tasks to queue
[2023-07-11 23:07:09,523] {logging_mixin.py:115} INFO - [2023-07-11 23:07:09,523] {dagbag.py:508} INFO - Filling up the DagBag from /home/airflow/.local/lib/python3.7/site-packages/airflow/example_dags/example_branch_labels.py
[2023-07-11 23:07:09,571] {processor.py:651} INFO - DAG(s) dict_keys(['example_branch_labels']) retrieved from /home/airflow/.local/lib/python3.7/site-packages/airflow/example_dags/example_branch_labels.py
[2023-07-11 23:07:09,679] {logging_mixin.py:115} INFO - [2023-07-11 23:07:09,678] {dag.py:2420} INFO - Sync 1 DAGs
[2023-07-11 23:07:09,793] {logging_mixin.py:115} INFO - [2023-07-11 23:07:09,793] {dag.py:2972} INFO - Setting next_dagrun for example_branch_labels to 2023-07-10T00:00:00+00:00, run_after=2023-07-11T00:00:00+00:00
[2023-07-11 23:07:09,849] {processor.py:161} INFO - Processing /home/airflow/.local/lib/python3.7/site-packages/airflow/example_dags/example_branch_labels.py took 0.342 seconds
[2023-07-11 23:07:40,751] {processor.py:153} INFO - Started process (PID=2891) to work on /home/airflow/.local/lib/python3.7/site-packages/airflow/example_dags/example_branch_labels.py
[2023-07-11 23:07:40,752] {processor.py:641} INFO - Processing file /home/airflow/.local/lib/python3.7/site-packages/airflow/example_dags/example_branch_labels.py for tasks to queue
[2023-07-11 23:07:40,755] {logging_mixin.py:115} INFO - [2023-07-11 23:07:40,754] {dagbag.py:508} INFO - Filling up the DagBag from /home/airflow/.local/lib/python3.7/site-packages/airflow/example_dags/example_branch_labels.py
[2023-07-11 23:07:40,785] {processor.py:651} INFO - DAG(s) dict_keys(['example_branch_labels']) retrieved from /home/airflow/.local/lib/python3.7/site-packages/airflow/example_dags/example_branch_labels.py
[2023-07-11 23:07:40,897] {logging_mixin.py:115} INFO - [2023-07-11 23:07:40,897] {dag.py:2420} INFO - Sync 1 DAGs
[2023-07-11 23:07:40,994] {logging_mixin.py:115} INFO - [2023-07-11 23:07:40,993] {dag.py:2972} INFO - Setting next_dagrun for example_branch_labels to 2023-07-10T00:00:00+00:00, run_after=2023-07-11T00:00:00+00:00
[2023-07-11 23:07:41,037] {processor.py:161} INFO - Processing /home/airflow/.local/lib/python3.7/site-packages/airflow/example_dags/example_branch_labels.py took 0.294 seconds
[2023-07-11 23:08:11,133] {processor.py:153} INFO - Started process (PID=2943) to work on /home/airflow/.local/lib/python3.7/site-packages/airflow/example_dags/example_branch_labels.py
[2023-07-11 23:08:11,134] {processor.py:641} INFO - Processing file /home/airflow/.local/lib/python3.7/site-packages/airflow/example_dags/example_branch_labels.py for tasks to queue
[2023-07-11 23:08:11,135] {logging_mixin.py:115} INFO - [2023-07-11 23:08:11,135] {dagbag.py:508} INFO - Filling up the DagBag from /home/airflow/.local/lib/python3.7/site-packages/airflow/example_dags/example_branch_labels.py
[2023-07-11 23:08:11,153] {processor.py:651} INFO - DAG(s) dict_keys(['example_branch_labels']) retrieved from /home/airflow/.local/lib/python3.7/site-packages/airflow/example_dags/example_branch_labels.py
[2023-07-11 23:08:11,229] {logging_mixin.py:115} INFO - [2023-07-11 23:08:11,228] {dag.py:2420} INFO - Sync 1 DAGs
[2023-07-11 23:08:11,282] {logging_mixin.py:115} INFO - [2023-07-11 23:08:11,282] {dag.py:2972} INFO - Setting next_dagrun for example_branch_labels to 2023-07-10T00:00:00+00:00, run_after=2023-07-11T00:00:00+00:00
[2023-07-11 23:08:11,317] {processor.py:161} INFO - Processing /home/airflow/.local/lib/python3.7/site-packages/airflow/example_dags/example_branch_labels.py took 0.195 seconds
[2023-07-11 23:08:41,701] {processor.py:153} INFO - Started process (PID=2995) to work on /home/airflow/.local/lib/python3.7/site-packages/airflow/example_dags/example_branch_labels.py
[2023-07-11 23:08:41,702] {processor.py:641} INFO - Processing file /home/airflow/.local/lib/python3.7/site-packages/airflow/example_dags/example_branch_labels.py for tasks to queue
[2023-07-11 23:08:41,703] {logging_mixin.py:115} INFO - [2023-07-11 23:08:41,702] {dagbag.py:508} INFO - Filling up the DagBag from /home/airflow/.local/lib/python3.7/site-packages/airflow/example_dags/example_branch_labels.py
[2023-07-11 23:08:41,729] {processor.py:651} INFO - DAG(s) dict_keys(['example_branch_labels']) retrieved from /home/airflow/.local/lib/python3.7/site-packages/airflow/example_dags/example_branch_labels.py
[2023-07-11 23:08:41,834] {logging_mixin.py:115} INFO - [2023-07-11 23:08:41,833] {dag.py:2420} INFO - Sync 1 DAGs
[2023-07-11 23:08:41,884] {logging_mixin.py:115} INFO - [2023-07-11 23:08:41,884] {dag.py:2972} INFO - Setting next_dagrun for example_branch_labels to 2023-07-10T00:00:00+00:00, run_after=2023-07-11T00:00:00+00:00
[2023-07-11 23:08:41,900] {processor.py:161} INFO - Processing /home/airflow/.local/lib/python3.7/site-packages/airflow/example_dags/example_branch_labels.py took 0.205 seconds
[2023-07-11 23:09:12,105] {processor.py:153} INFO - Started process (PID=3047) to work on /home/airflow/.local/lib/python3.7/site-packages/airflow/example_dags/example_branch_labels.py
[2023-07-11 23:09:12,111] {processor.py:641} INFO - Processing file /home/airflow/.local/lib/python3.7/site-packages/airflow/example_dags/example_branch_labels.py for tasks to queue
[2023-07-11 23:09:12,112] {logging_mixin.py:115} INFO - [2023-07-11 23:09:12,112] {dagbag.py:508} INFO - Filling up the DagBag from /home/airflow/.local/lib/python3.7/site-packages/airflow/example_dags/example_branch_labels.py
[2023-07-11 23:09:12,157] {processor.py:651} INFO - DAG(s) dict_keys(['example_branch_labels']) retrieved from /home/airflow/.local/lib/python3.7/site-packages/airflow/example_dags/example_branch_labels.py
[2023-07-11 23:09:12,251] {logging_mixin.py:115} INFO - [2023-07-11 23:09:12,251] {dag.py:2420} INFO - Sync 1 DAGs
[2023-07-11 23:09:12,338] {logging_mixin.py:115} INFO - [2023-07-11 23:09:12,337] {dag.py:2972} INFO - Setting next_dagrun for example_branch_labels to 2023-07-10T00:00:00+00:00, run_after=2023-07-11T00:00:00+00:00
[2023-07-11 23:09:12,375] {processor.py:161} INFO - Processing /home/airflow/.local/lib/python3.7/site-packages/airflow/example_dags/example_branch_labels.py took 0.286 seconds
[2023-07-11 23:09:42,590] {processor.py:153} INFO - Started process (PID=3099) to work on /home/airflow/.local/lib/python3.7/site-packages/airflow/example_dags/example_branch_labels.py
[2023-07-11 23:09:42,591] {processor.py:641} INFO - Processing file /home/airflow/.local/lib/python3.7/site-packages/airflow/example_dags/example_branch_labels.py for tasks to queue
[2023-07-11 23:09:42,594] {logging_mixin.py:115} INFO - [2023-07-11 23:09:42,592] {dagbag.py:508} INFO - Filling up the DagBag from /home/airflow/.local/lib/python3.7/site-packages/airflow/example_dags/example_branch_labels.py
[2023-07-11 23:09:42,612] {processor.py:651} INFO - DAG(s) dict_keys(['example_branch_labels']) retrieved from /home/airflow/.local/lib/python3.7/site-packages/airflow/example_dags/example_branch_labels.py
[2023-07-11 23:09:42,706] {logging_mixin.py:115} INFO - [2023-07-11 23:09:42,706] {dag.py:2420} INFO - Sync 1 DAGs
[2023-07-11 23:09:42,797] {logging_mixin.py:115} INFO - [2023-07-11 23:09:42,797] {dag.py:2972} INFO - Setting next_dagrun for example_branch_labels to 2023-07-10T00:00:00+00:00, run_after=2023-07-11T00:00:00+00:00
[2023-07-11 23:09:42,836] {processor.py:161} INFO - Processing /home/airflow/.local/lib/python3.7/site-packages/airflow/example_dags/example_branch_labels.py took 0.258 seconds
[2023-07-11 23:10:13,144] {processor.py:153} INFO - Started process (PID=3160) to work on /home/airflow/.local/lib/python3.7/site-packages/airflow/example_dags/example_branch_labels.py
[2023-07-11 23:10:13,159] {processor.py:641} INFO - Processing file /home/airflow/.local/lib/python3.7/site-packages/airflow/example_dags/example_branch_labels.py for tasks to queue
[2023-07-11 23:10:13,160] {logging_mixin.py:115} INFO - [2023-07-11 23:10:13,160] {dagbag.py:508} INFO - Filling up the DagBag from /home/airflow/.local/lib/python3.7/site-packages/airflow/example_dags/example_branch_labels.py
[2023-07-11 23:10:13,203] {processor.py:651} INFO - DAG(s) dict_keys(['example_branch_labels']) retrieved from /home/airflow/.local/lib/python3.7/site-packages/airflow/example_dags/example_branch_labels.py
[2023-07-11 23:10:13,298] {logging_mixin.py:115} INFO - [2023-07-11 23:10:13,297] {dag.py:2420} INFO - Sync 1 DAGs
[2023-07-11 23:10:13,382] {logging_mixin.py:115} INFO - [2023-07-11 23:10:13,382] {dag.py:2972} INFO - Setting next_dagrun for example_branch_labels to 2023-07-10T00:00:00+00:00, run_after=2023-07-11T00:00:00+00:00
[2023-07-11 23:10:13,428] {processor.py:161} INFO - Processing /home/airflow/.local/lib/python3.7/site-packages/airflow/example_dags/example_branch_labels.py took 0.301 seconds
[2023-07-11 23:10:43,671] {processor.py:153} INFO - Started process (PID=3212) to work on /home/airflow/.local/lib/python3.7/site-packages/airflow/example_dags/example_branch_labels.py
[2023-07-11 23:10:43,673] {processor.py:641} INFO - Processing file /home/airflow/.local/lib/python3.7/site-packages/airflow/example_dags/example_branch_labels.py for tasks to queue
[2023-07-11 23:10:43,675] {logging_mixin.py:115} INFO - [2023-07-11 23:10:43,675] {dagbag.py:508} INFO - Filling up the DagBag from /home/airflow/.local/lib/python3.7/site-packages/airflow/example_dags/example_branch_labels.py
[2023-07-11 23:10:43,700] {processor.py:651} INFO - DAG(s) dict_keys(['example_branch_labels']) retrieved from /home/airflow/.local/lib/python3.7/site-packages/airflow/example_dags/example_branch_labels.py
[2023-07-11 23:10:43,793] {logging_mixin.py:115} INFO - [2023-07-11 23:10:43,793] {dag.py:2420} INFO - Sync 1 DAGs
[2023-07-11 23:10:43,879] {logging_mixin.py:115} INFO - [2023-07-11 23:10:43,879] {dag.py:2972} INFO - Setting next_dagrun for example_branch_labels to 2023-07-10T00:00:00+00:00, run_after=2023-07-11T00:00:00+00:00
[2023-07-11 23:10:43,919] {processor.py:161} INFO - Processing /home/airflow/.local/lib/python3.7/site-packages/airflow/example_dags/example_branch_labels.py took 0.258 seconds
[2023-07-11 23:11:14,464] {processor.py:153} INFO - Started process (PID=3263) to work on /home/airflow/.local/lib/python3.7/site-packages/airflow/example_dags/example_branch_labels.py
[2023-07-11 23:11:14,465] {processor.py:641} INFO - Processing file /home/airflow/.local/lib/python3.7/site-packages/airflow/example_dags/example_branch_labels.py for tasks to queue
[2023-07-11 23:11:14,466] {logging_mixin.py:115} INFO - [2023-07-11 23:11:14,465] {dagbag.py:508} INFO - Filling up the DagBag from /home/airflow/.local/lib/python3.7/site-packages/airflow/example_dags/example_branch_labels.py
[2023-07-11 23:11:14,486] {processor.py:651} INFO - DAG(s) dict_keys(['example_branch_labels']) retrieved from /home/airflow/.local/lib/python3.7/site-packages/airflow/example_dags/example_branch_labels.py
[2023-07-11 23:11:14,602] {logging_mixin.py:115} INFO - [2023-07-11 23:11:14,602] {dag.py:2420} INFO - Sync 1 DAGs
[2023-07-11 23:11:14,781] {logging_mixin.py:115} INFO - [2023-07-11 23:11:14,781] {dag.py:2972} INFO - Setting next_dagrun for example_branch_labels to 2023-07-10T00:00:00+00:00, run_after=2023-07-11T00:00:00+00:00
[2023-07-11 23:11:14,805] {processor.py:161} INFO - Processing /home/airflow/.local/lib/python3.7/site-packages/airflow/example_dags/example_branch_labels.py took 0.348 seconds
[2023-07-11 23:11:44,859] {processor.py:153} INFO - Started process (PID=3315) to work on /home/airflow/.local/lib/python3.7/site-packages/airflow/example_dags/example_branch_labels.py
[2023-07-11 23:11:44,861] {processor.py:641} INFO - Processing file /home/airflow/.local/lib/python3.7/site-packages/airflow/example_dags/example_branch_labels.py for tasks to queue
[2023-07-11 23:11:44,862] {logging_mixin.py:115} INFO - [2023-07-11 23:11:44,862] {dagbag.py:508} INFO - Filling up the DagBag from /home/airflow/.local/lib/python3.7/site-packages/airflow/example_dags/example_branch_labels.py
[2023-07-11 23:11:44,884] {processor.py:651} INFO - DAG(s) dict_keys(['example_branch_labels']) retrieved from /home/airflow/.local/lib/python3.7/site-packages/airflow/example_dags/example_branch_labels.py
[2023-07-11 23:11:44,960] {logging_mixin.py:115} INFO - [2023-07-11 23:11:44,960] {dag.py:2420} INFO - Sync 1 DAGs
[2023-07-11 23:11:45,018] {logging_mixin.py:115} INFO - [2023-07-11 23:11:45,018] {dag.py:2972} INFO - Setting next_dagrun for example_branch_labels to 2023-07-10T00:00:00+00:00, run_after=2023-07-11T00:00:00+00:00
[2023-07-11 23:11:45,036] {processor.py:161} INFO - Processing /home/airflow/.local/lib/python3.7/site-packages/airflow/example_dags/example_branch_labels.py took 0.182 seconds
[2023-07-11 23:12:15,961] {processor.py:153} INFO - Started process (PID=3373) to work on /home/airflow/.local/lib/python3.7/site-packages/airflow/example_dags/example_branch_labels.py
[2023-07-11 23:12:15,962] {processor.py:641} INFO - Processing file /home/airflow/.local/lib/python3.7/site-packages/airflow/example_dags/example_branch_labels.py for tasks to queue
[2023-07-11 23:12:15,965] {logging_mixin.py:115} INFO - [2023-07-11 23:12:15,965] {dagbag.py:508} INFO - Filling up the DagBag from /home/airflow/.local/lib/python3.7/site-packages/airflow/example_dags/example_branch_labels.py
[2023-07-11 23:12:15,982] {processor.py:651} INFO - DAG(s) dict_keys(['example_branch_labels']) retrieved from /home/airflow/.local/lib/python3.7/site-packages/airflow/example_dags/example_branch_labels.py
[2023-07-11 23:12:16,159] {logging_mixin.py:115} INFO - [2023-07-11 23:12:16,159] {dag.py:2420} INFO - Sync 1 DAGs
[2023-07-11 23:12:16,248] {logging_mixin.py:115} INFO - [2023-07-11 23:12:16,247] {dag.py:2972} INFO - Setting next_dagrun for example_branch_labels to 2023-07-10T00:00:00+00:00, run_after=2023-07-11T00:00:00+00:00
[2023-07-11 23:12:16,320] {processor.py:161} INFO - Processing /home/airflow/.local/lib/python3.7/site-packages/airflow/example_dags/example_branch_labels.py took 0.369 seconds
[2023-07-11 23:12:46,409] {processor.py:153} INFO - Started process (PID=3426) to work on /home/airflow/.local/lib/python3.7/site-packages/airflow/example_dags/example_branch_labels.py
[2023-07-11 23:12:46,423] {processor.py:641} INFO - Processing file /home/airflow/.local/lib/python3.7/site-packages/airflow/example_dags/example_branch_labels.py for tasks to queue
[2023-07-11 23:12:46,425] {logging_mixin.py:115} INFO - [2023-07-11 23:12:46,425] {dagbag.py:508} INFO - Filling up the DagBag from /home/airflow/.local/lib/python3.7/site-packages/airflow/example_dags/example_branch_labels.py
[2023-07-11 23:12:46,460] {processor.py:651} INFO - DAG(s) dict_keys(['example_branch_labels']) retrieved from /home/airflow/.local/lib/python3.7/site-packages/airflow/example_dags/example_branch_labels.py
[2023-07-11 23:12:46,675] {logging_mixin.py:115} INFO - [2023-07-11 23:12:46,675] {dag.py:2420} INFO - Sync 1 DAGs
[2023-07-11 23:12:46,838] {logging_mixin.py:115} INFO - [2023-07-11 23:12:46,838] {dag.py:2972} INFO - Setting next_dagrun for example_branch_labels to 2023-07-10T00:00:00+00:00, run_after=2023-07-11T00:00:00+00:00
[2023-07-11 23:12:46,909] {processor.py:161} INFO - Processing /home/airflow/.local/lib/python3.7/site-packages/airflow/example_dags/example_branch_labels.py took 0.506 seconds
