[2023-07-11 00:43:03,006] {processor.py:153} INFO - Started process (PID=79) to work on /home/airflow/.local/lib/python3.7/site-packages/airflow/example_dags/example_xcomargs.py
[2023-07-11 00:43:03,008] {processor.py:641} INFO - Processing file /home/airflow/.local/lib/python3.7/site-packages/airflow/example_dags/example_xcomargs.py for tasks to queue
[2023-07-11 00:43:03,013] {logging_mixin.py:115} INFO - [2023-07-11 00:43:03,013] {dagbag.py:508} INFO - Filling up the DagBag from /home/airflow/.local/lib/python3.7/site-packages/airflow/example_dags/example_xcomargs.py
[2023-07-11 00:43:03,070] {processor.py:651} INFO - DAG(s) dict_keys(['example_xcom_args', 'example_xcom_args_with_operators']) retrieved from /home/airflow/.local/lib/python3.7/site-packages/airflow/example_dags/example_xcomargs.py
[2023-07-11 00:43:03,296] {logging_mixin.py:115} INFO - [2023-07-11 00:43:03,296] {manager.py:508} INFO - Created Permission View: can delete on DAG:example_xcom_args
[2023-07-11 00:43:03,325] {logging_mixin.py:115} INFO - [2023-07-11 00:43:03,325] {manager.py:508} INFO - Created Permission View: can read on DAG:example_xcom_args
[2023-07-11 00:43:03,363] {logging_mixin.py:115} INFO - [2023-07-11 00:43:03,363] {manager.py:508} INFO - Created Permission View: can edit on DAG:example_xcom_args
[2023-07-11 00:43:03,410] {logging_mixin.py:115} INFO - [2023-07-11 00:43:03,410] {manager.py:508} INFO - Created Permission View: can delete on DAG:example_xcom_args_with_operators
[2023-07-11 00:43:03,427] {logging_mixin.py:115} INFO - [2023-07-11 00:43:03,427] {manager.py:508} INFO - Created Permission View: can read on DAG:example_xcom_args_with_operators
[2023-07-11 00:43:03,448] {logging_mixin.py:115} INFO - [2023-07-11 00:43:03,448] {manager.py:508} INFO - Created Permission View: can edit on DAG:example_xcom_args_with_operators
[2023-07-11 00:43:03,448] {logging_mixin.py:115} INFO - [2023-07-11 00:43:03,448] {dag.py:2420} INFO - Sync 2 DAGs
[2023-07-11 00:43:03,467] {logging_mixin.py:115} INFO - [2023-07-11 00:43:03,467] {dag.py:2439} INFO - Creating ORM DAG for example_xcom_args
[2023-07-11 00:43:03,468] {logging_mixin.py:115} INFO - [2023-07-11 00:43:03,468] {dag.py:2439} INFO - Creating ORM DAG for example_xcom_args_with_operators
[2023-07-11 00:43:03,494] {logging_mixin.py:115} INFO - [2023-07-11 00:43:03,494] {dag.py:2972} INFO - Setting next_dagrun for example_xcom_args to None, run_after=None
[2023-07-11 00:43:03,495] {logging_mixin.py:115} INFO - [2023-07-11 00:43:03,495] {dag.py:2972} INFO - Setting next_dagrun for example_xcom_args_with_operators to None, run_after=None
[2023-07-11 00:43:03,523] {processor.py:161} INFO - Processing /home/airflow/.local/lib/python3.7/site-packages/airflow/example_dags/example_xcomargs.py took 0.522 seconds
[2023-07-11 00:43:34,371] {processor.py:153} INFO - Started process (PID=131) to work on /home/airflow/.local/lib/python3.7/site-packages/airflow/example_dags/example_xcomargs.py
[2023-07-11 00:43:34,372] {processor.py:641} INFO - Processing file /home/airflow/.local/lib/python3.7/site-packages/airflow/example_dags/example_xcomargs.py for tasks to queue
[2023-07-11 00:43:34,373] {logging_mixin.py:115} INFO - [2023-07-11 00:43:34,372] {dagbag.py:508} INFO - Filling up the DagBag from /home/airflow/.local/lib/python3.7/site-packages/airflow/example_dags/example_xcomargs.py
[2023-07-11 00:43:34,399] {processor.py:651} INFO - DAG(s) dict_keys(['example_xcom_args', 'example_xcom_args_with_operators']) retrieved from /home/airflow/.local/lib/python3.7/site-packages/airflow/example_dags/example_xcomargs.py
[2023-07-11 00:43:34,508] {logging_mixin.py:115} INFO - [2023-07-11 00:43:34,507] {dag.py:2420} INFO - Sync 2 DAGs
[2023-07-11 00:43:34,540] {logging_mixin.py:115} INFO - [2023-07-11 00:43:34,540] {dag.py:2972} INFO - Setting next_dagrun for example_xcom_args to None, run_after=None
[2023-07-11 00:43:34,540] {logging_mixin.py:115} INFO - [2023-07-11 00:43:34,540] {dag.py:2972} INFO - Setting next_dagrun for example_xcom_args_with_operators to None, run_after=None
[2023-07-11 00:43:34,560] {processor.py:161} INFO - Processing /home/airflow/.local/lib/python3.7/site-packages/airflow/example_dags/example_xcomargs.py took 0.194 seconds
[2023-07-11 00:44:05,027] {processor.py:153} INFO - Started process (PID=190) to work on /home/airflow/.local/lib/python3.7/site-packages/airflow/example_dags/example_xcomargs.py
[2023-07-11 00:44:05,028] {processor.py:641} INFO - Processing file /home/airflow/.local/lib/python3.7/site-packages/airflow/example_dags/example_xcomargs.py for tasks to queue
[2023-07-11 00:44:05,029] {logging_mixin.py:115} INFO - [2023-07-11 00:44:05,029] {dagbag.py:508} INFO - Filling up the DagBag from /home/airflow/.local/lib/python3.7/site-packages/airflow/example_dags/example_xcomargs.py
[2023-07-11 00:44:05,062] {processor.py:651} INFO - DAG(s) dict_keys(['example_xcom_args', 'example_xcom_args_with_operators']) retrieved from /home/airflow/.local/lib/python3.7/site-packages/airflow/example_dags/example_xcomargs.py
[2023-07-11 00:44:05,166] {logging_mixin.py:115} INFO - [2023-07-11 00:44:05,166] {dag.py:2420} INFO - Sync 2 DAGs
[2023-07-11 00:44:05,210] {logging_mixin.py:115} INFO - [2023-07-11 00:44:05,209] {dag.py:2972} INFO - Setting next_dagrun for example_xcom_args to None, run_after=None
[2023-07-11 00:44:05,210] {logging_mixin.py:115} INFO - [2023-07-11 00:44:05,210] {dag.py:2972} INFO - Setting next_dagrun for example_xcom_args_with_operators to None, run_after=None
[2023-07-11 00:44:05,234] {processor.py:161} INFO - Processing /home/airflow/.local/lib/python3.7/site-packages/airflow/example_dags/example_xcomargs.py took 0.213 seconds
[2023-07-11 00:44:35,725] {processor.py:153} INFO - Started process (PID=242) to work on /home/airflow/.local/lib/python3.7/site-packages/airflow/example_dags/example_xcomargs.py
[2023-07-11 00:44:35,726] {processor.py:641} INFO - Processing file /home/airflow/.local/lib/python3.7/site-packages/airflow/example_dags/example_xcomargs.py for tasks to queue
[2023-07-11 00:44:35,726] {logging_mixin.py:115} INFO - [2023-07-11 00:44:35,726] {dagbag.py:508} INFO - Filling up the DagBag from /home/airflow/.local/lib/python3.7/site-packages/airflow/example_dags/example_xcomargs.py
[2023-07-11 00:44:35,754] {processor.py:651} INFO - DAG(s) dict_keys(['example_xcom_args', 'example_xcom_args_with_operators']) retrieved from /home/airflow/.local/lib/python3.7/site-packages/airflow/example_dags/example_xcomargs.py
[2023-07-11 00:44:35,801] {logging_mixin.py:115} INFO - [2023-07-11 00:44:35,800] {dag.py:2420} INFO - Sync 2 DAGs
[2023-07-11 00:44:35,846] {logging_mixin.py:115} INFO - [2023-07-11 00:44:35,845] {dag.py:2972} INFO - Setting next_dagrun for example_xcom_args to None, run_after=None
[2023-07-11 00:44:35,846] {logging_mixin.py:115} INFO - [2023-07-11 00:44:35,846] {dag.py:2972} INFO - Setting next_dagrun for example_xcom_args_with_operators to None, run_after=None
[2023-07-11 00:44:35,869] {processor.py:161} INFO - Processing /home/airflow/.local/lib/python3.7/site-packages/airflow/example_dags/example_xcomargs.py took 0.149 seconds
[2023-07-11 00:45:06,407] {processor.py:153} INFO - Started process (PID=303) to work on /home/airflow/.local/lib/python3.7/site-packages/airflow/example_dags/example_xcomargs.py
[2023-07-11 00:45:06,408] {processor.py:641} INFO - Processing file /home/airflow/.local/lib/python3.7/site-packages/airflow/example_dags/example_xcomargs.py for tasks to queue
[2023-07-11 00:45:06,410] {logging_mixin.py:115} INFO - [2023-07-11 00:45:06,409] {dagbag.py:508} INFO - Filling up the DagBag from /home/airflow/.local/lib/python3.7/site-packages/airflow/example_dags/example_xcomargs.py
[2023-07-11 00:45:06,446] {processor.py:651} INFO - DAG(s) dict_keys(['example_xcom_args', 'example_xcom_args_with_operators']) retrieved from /home/airflow/.local/lib/python3.7/site-packages/airflow/example_dags/example_xcomargs.py
[2023-07-11 00:45:06,582] {logging_mixin.py:115} INFO - [2023-07-11 00:45:06,581] {dag.py:2420} INFO - Sync 2 DAGs
[2023-07-11 00:45:06,625] {logging_mixin.py:115} INFO - [2023-07-11 00:45:06,624] {dag.py:2972} INFO - Setting next_dagrun for example_xcom_args to None, run_after=None
[2023-07-11 00:45:06,625] {logging_mixin.py:115} INFO - [2023-07-11 00:45:06,625] {dag.py:2972} INFO - Setting next_dagrun for example_xcom_args_with_operators to None, run_after=None
[2023-07-11 00:45:06,654] {processor.py:161} INFO - Processing /home/airflow/.local/lib/python3.7/site-packages/airflow/example_dags/example_xcomargs.py took 0.252 seconds
[2023-07-11 00:45:37,131] {processor.py:153} INFO - Started process (PID=355) to work on /home/airflow/.local/lib/python3.7/site-packages/airflow/example_dags/example_xcomargs.py
[2023-07-11 00:45:37,131] {processor.py:641} INFO - Processing file /home/airflow/.local/lib/python3.7/site-packages/airflow/example_dags/example_xcomargs.py for tasks to queue
[2023-07-11 00:45:37,132] {logging_mixin.py:115} INFO - [2023-07-11 00:45:37,132] {dagbag.py:508} INFO - Filling up the DagBag from /home/airflow/.local/lib/python3.7/site-packages/airflow/example_dags/example_xcomargs.py
[2023-07-11 00:45:37,159] {processor.py:651} INFO - DAG(s) dict_keys(['example_xcom_args', 'example_xcom_args_with_operators']) retrieved from /home/airflow/.local/lib/python3.7/site-packages/airflow/example_dags/example_xcomargs.py
[2023-07-11 00:45:37,259] {logging_mixin.py:115} INFO - [2023-07-11 00:45:37,259] {dag.py:2420} INFO - Sync 2 DAGs
[2023-07-11 00:45:37,300] {logging_mixin.py:115} INFO - [2023-07-11 00:45:37,299] {dag.py:2972} INFO - Setting next_dagrun for example_xcom_args to None, run_after=None
[2023-07-11 00:45:37,300] {logging_mixin.py:115} INFO - [2023-07-11 00:45:37,300] {dag.py:2972} INFO - Setting next_dagrun for example_xcom_args_with_operators to None, run_after=None
[2023-07-11 00:45:37,321] {processor.py:161} INFO - Processing /home/airflow/.local/lib/python3.7/site-packages/airflow/example_dags/example_xcomargs.py took 0.194 seconds
[2023-07-11 00:46:07,575] {processor.py:153} INFO - Started process (PID=417) to work on /home/airflow/.local/lib/python3.7/site-packages/airflow/example_dags/example_xcomargs.py
[2023-07-11 00:46:07,576] {processor.py:641} INFO - Processing file /home/airflow/.local/lib/python3.7/site-packages/airflow/example_dags/example_xcomargs.py for tasks to queue
[2023-07-11 00:46:07,577] {logging_mixin.py:115} INFO - [2023-07-11 00:46:07,576] {dagbag.py:508} INFO - Filling up the DagBag from /home/airflow/.local/lib/python3.7/site-packages/airflow/example_dags/example_xcomargs.py
[2023-07-11 00:46:07,619] {processor.py:651} INFO - DAG(s) dict_keys(['example_xcom_args', 'example_xcom_args_with_operators']) retrieved from /home/airflow/.local/lib/python3.7/site-packages/airflow/example_dags/example_xcomargs.py
[2023-07-11 00:46:07,771] {logging_mixin.py:115} INFO - [2023-07-11 00:46:07,770] {dag.py:2420} INFO - Sync 2 DAGs
[2023-07-11 00:46:07,820] {logging_mixin.py:115} INFO - [2023-07-11 00:46:07,820] {dag.py:2972} INFO - Setting next_dagrun for example_xcom_args to None, run_after=None
[2023-07-11 00:46:07,821] {logging_mixin.py:115} INFO - [2023-07-11 00:46:07,821] {dag.py:2972} INFO - Setting next_dagrun for example_xcom_args_with_operators to None, run_after=None
[2023-07-11 00:46:07,854] {processor.py:161} INFO - Processing /home/airflow/.local/lib/python3.7/site-packages/airflow/example_dags/example_xcomargs.py took 0.288 seconds
[2023-07-11 00:46:38,556] {processor.py:153} INFO - Started process (PID=470) to work on /home/airflow/.local/lib/python3.7/site-packages/airflow/example_dags/example_xcomargs.py
[2023-07-11 00:46:38,557] {processor.py:641} INFO - Processing file /home/airflow/.local/lib/python3.7/site-packages/airflow/example_dags/example_xcomargs.py for tasks to queue
[2023-07-11 00:46:38,558] {logging_mixin.py:115} INFO - [2023-07-11 00:46:38,558] {dagbag.py:508} INFO - Filling up the DagBag from /home/airflow/.local/lib/python3.7/site-packages/airflow/example_dags/example_xcomargs.py
[2023-07-11 00:46:38,590] {processor.py:651} INFO - DAG(s) dict_keys(['example_xcom_args', 'example_xcom_args_with_operators']) retrieved from /home/airflow/.local/lib/python3.7/site-packages/airflow/example_dags/example_xcomargs.py
[2023-07-11 00:46:38,757] {logging_mixin.py:115} INFO - [2023-07-11 00:46:38,757] {dag.py:2420} INFO - Sync 2 DAGs
[2023-07-11 00:46:38,815] {logging_mixin.py:115} INFO - [2023-07-11 00:46:38,815] {dag.py:2972} INFO - Setting next_dagrun for example_xcom_args to None, run_after=None
[2023-07-11 00:46:38,816] {logging_mixin.py:115} INFO - [2023-07-11 00:46:38,816] {dag.py:2972} INFO - Setting next_dagrun for example_xcom_args_with_operators to None, run_after=None
[2023-07-11 00:46:38,866] {processor.py:161} INFO - Processing /home/airflow/.local/lib/python3.7/site-packages/airflow/example_dags/example_xcomargs.py took 0.316 seconds
[2023-07-11 00:47:09,423] {processor.py:153} INFO - Started process (PID=531) to work on /home/airflow/.local/lib/python3.7/site-packages/airflow/example_dags/example_xcomargs.py
[2023-07-11 00:47:09,424] {processor.py:641} INFO - Processing file /home/airflow/.local/lib/python3.7/site-packages/airflow/example_dags/example_xcomargs.py for tasks to queue
[2023-07-11 00:47:09,425] {logging_mixin.py:115} INFO - [2023-07-11 00:47:09,425] {dagbag.py:508} INFO - Filling up the DagBag from /home/airflow/.local/lib/python3.7/site-packages/airflow/example_dags/example_xcomargs.py
[2023-07-11 00:47:09,466] {processor.py:651} INFO - DAG(s) dict_keys(['example_xcom_args', 'example_xcom_args_with_operators']) retrieved from /home/airflow/.local/lib/python3.7/site-packages/airflow/example_dags/example_xcomargs.py
[2023-07-11 00:47:09,706] {logging_mixin.py:115} INFO - [2023-07-11 00:47:09,705] {dag.py:2420} INFO - Sync 2 DAGs
[2023-07-11 00:47:09,760] {logging_mixin.py:115} INFO - [2023-07-11 00:47:09,759] {dag.py:2972} INFO - Setting next_dagrun for example_xcom_args to None, run_after=None
[2023-07-11 00:47:09,760] {logging_mixin.py:115} INFO - [2023-07-11 00:47:09,760] {dag.py:2972} INFO - Setting next_dagrun for example_xcom_args_with_operators to None, run_after=None
[2023-07-11 00:47:09,816] {processor.py:161} INFO - Processing /home/airflow/.local/lib/python3.7/site-packages/airflow/example_dags/example_xcomargs.py took 0.398 seconds
[2023-07-11 00:47:40,469] {processor.py:153} INFO - Started process (PID=593) to work on /home/airflow/.local/lib/python3.7/site-packages/airflow/example_dags/example_xcomargs.py
[2023-07-11 00:47:40,469] {processor.py:641} INFO - Processing file /home/airflow/.local/lib/python3.7/site-packages/airflow/example_dags/example_xcomargs.py for tasks to queue
[2023-07-11 00:47:40,470] {logging_mixin.py:115} INFO - [2023-07-11 00:47:40,470] {dagbag.py:508} INFO - Filling up the DagBag from /home/airflow/.local/lib/python3.7/site-packages/airflow/example_dags/example_xcomargs.py
[2023-07-11 00:47:40,496] {processor.py:651} INFO - DAG(s) dict_keys(['example_xcom_args', 'example_xcom_args_with_operators']) retrieved from /home/airflow/.local/lib/python3.7/site-packages/airflow/example_dags/example_xcomargs.py
[2023-07-11 00:47:40,626] {logging_mixin.py:115} INFO - [2023-07-11 00:47:40,626] {dag.py:2420} INFO - Sync 2 DAGs
[2023-07-11 00:47:40,677] {logging_mixin.py:115} INFO - [2023-07-11 00:47:40,677] {dag.py:2972} INFO - Setting next_dagrun for example_xcom_args to None, run_after=None
[2023-07-11 00:47:40,678] {logging_mixin.py:115} INFO - [2023-07-11 00:47:40,678] {dag.py:2972} INFO - Setting next_dagrun for example_xcom_args_with_operators to None, run_after=None
[2023-07-11 00:47:40,709] {processor.py:161} INFO - Processing /home/airflow/.local/lib/python3.7/site-packages/airflow/example_dags/example_xcomargs.py took 0.246 seconds
[2023-07-11 00:48:11,483] {processor.py:153} INFO - Started process (PID=645) to work on /home/airflow/.local/lib/python3.7/site-packages/airflow/example_dags/example_xcomargs.py
[2023-07-11 00:48:11,484] {processor.py:641} INFO - Processing file /home/airflow/.local/lib/python3.7/site-packages/airflow/example_dags/example_xcomargs.py for tasks to queue
[2023-07-11 00:48:11,485] {logging_mixin.py:115} INFO - [2023-07-11 00:48:11,485] {dagbag.py:508} INFO - Filling up the DagBag from /home/airflow/.local/lib/python3.7/site-packages/airflow/example_dags/example_xcomargs.py
[2023-07-11 00:48:11,515] {processor.py:651} INFO - DAG(s) dict_keys(['example_xcom_args', 'example_xcom_args_with_operators']) retrieved from /home/airflow/.local/lib/python3.7/site-packages/airflow/example_dags/example_xcomargs.py
[2023-07-11 00:48:11,623] {logging_mixin.py:115} INFO - [2023-07-11 00:48:11,622] {dag.py:2420} INFO - Sync 2 DAGs
[2023-07-11 00:48:11,648] {logging_mixin.py:115} INFO - [2023-07-11 00:48:11,648] {dag.py:2972} INFO - Setting next_dagrun for example_xcom_args to None, run_after=None
[2023-07-11 00:48:11,648] {logging_mixin.py:115} INFO - [2023-07-11 00:48:11,648] {dag.py:2972} INFO - Setting next_dagrun for example_xcom_args_with_operators to None, run_after=None
[2023-07-11 00:48:11,665] {processor.py:161} INFO - Processing /home/airflow/.local/lib/python3.7/site-packages/airflow/example_dags/example_xcomargs.py took 0.186 seconds
[2023-07-11 00:48:41,933] {processor.py:153} INFO - Started process (PID=705) to work on /home/airflow/.local/lib/python3.7/site-packages/airflow/example_dags/example_xcomargs.py
[2023-07-11 00:48:41,934] {processor.py:641} INFO - Processing file /home/airflow/.local/lib/python3.7/site-packages/airflow/example_dags/example_xcomargs.py for tasks to queue
[2023-07-11 00:48:41,935] {logging_mixin.py:115} INFO - [2023-07-11 00:48:41,935] {dagbag.py:508} INFO - Filling up the DagBag from /home/airflow/.local/lib/python3.7/site-packages/airflow/example_dags/example_xcomargs.py
[2023-07-11 00:48:41,963] {processor.py:651} INFO - DAG(s) dict_keys(['example_xcom_args', 'example_xcom_args_with_operators']) retrieved from /home/airflow/.local/lib/python3.7/site-packages/airflow/example_dags/example_xcomargs.py
[2023-07-11 00:48:42,075] {logging_mixin.py:115} INFO - [2023-07-11 00:48:42,074] {dag.py:2420} INFO - Sync 2 DAGs
[2023-07-11 00:48:42,100] {logging_mixin.py:115} INFO - [2023-07-11 00:48:42,100] {dag.py:2972} INFO - Setting next_dagrun for example_xcom_args to None, run_after=None
[2023-07-11 00:48:42,100] {logging_mixin.py:115} INFO - [2023-07-11 00:48:42,100] {dag.py:2972} INFO - Setting next_dagrun for example_xcom_args_with_operators to None, run_after=None
[2023-07-11 00:48:42,121] {processor.py:161} INFO - Processing /home/airflow/.local/lib/python3.7/site-packages/airflow/example_dags/example_xcomargs.py took 0.191 seconds
[2023-07-11 00:49:12,352] {processor.py:153} INFO - Started process (PID=758) to work on /home/airflow/.local/lib/python3.7/site-packages/airflow/example_dags/example_xcomargs.py
[2023-07-11 00:49:12,352] {processor.py:641} INFO - Processing file /home/airflow/.local/lib/python3.7/site-packages/airflow/example_dags/example_xcomargs.py for tasks to queue
[2023-07-11 00:49:12,353] {logging_mixin.py:115} INFO - [2023-07-11 00:49:12,353] {dagbag.py:508} INFO - Filling up the DagBag from /home/airflow/.local/lib/python3.7/site-packages/airflow/example_dags/example_xcomargs.py
[2023-07-11 00:49:12,375] {processor.py:651} INFO - DAG(s) dict_keys(['example_xcom_args', 'example_xcom_args_with_operators']) retrieved from /home/airflow/.local/lib/python3.7/site-packages/airflow/example_dags/example_xcomargs.py
[2023-07-11 00:49:12,475] {logging_mixin.py:115} INFO - [2023-07-11 00:49:12,474] {dag.py:2420} INFO - Sync 2 DAGs
[2023-07-11 00:49:12,547] {logging_mixin.py:115} INFO - [2023-07-11 00:49:12,547] {dag.py:2972} INFO - Setting next_dagrun for example_xcom_args to None, run_after=None
[2023-07-11 00:49:12,548] {logging_mixin.py:115} INFO - [2023-07-11 00:49:12,548] {dag.py:2972} INFO - Setting next_dagrun for example_xcom_args_with_operators to None, run_after=None
[2023-07-11 00:49:12,578] {processor.py:161} INFO - Processing /home/airflow/.local/lib/python3.7/site-packages/airflow/example_dags/example_xcomargs.py took 0.230 seconds
[2023-07-11 00:49:42,673] {processor.py:153} INFO - Started process (PID=819) to work on /home/airflow/.local/lib/python3.7/site-packages/airflow/example_dags/example_xcomargs.py
[2023-07-11 00:49:42,674] {processor.py:641} INFO - Processing file /home/airflow/.local/lib/python3.7/site-packages/airflow/example_dags/example_xcomargs.py for tasks to queue
[2023-07-11 00:49:42,675] {logging_mixin.py:115} INFO - [2023-07-11 00:49:42,675] {dagbag.py:508} INFO - Filling up the DagBag from /home/airflow/.local/lib/python3.7/site-packages/airflow/example_dags/example_xcomargs.py
[2023-07-11 00:49:42,709] {processor.py:651} INFO - DAG(s) dict_keys(['example_xcom_args', 'example_xcom_args_with_operators']) retrieved from /home/airflow/.local/lib/python3.7/site-packages/airflow/example_dags/example_xcomargs.py
[2023-07-11 00:49:42,797] {logging_mixin.py:115} INFO - [2023-07-11 00:49:42,797] {dag.py:2420} INFO - Sync 2 DAGs
[2023-07-11 00:49:42,838] {logging_mixin.py:115} INFO - [2023-07-11 00:49:42,837] {dag.py:2972} INFO - Setting next_dagrun for example_xcom_args to None, run_after=None
[2023-07-11 00:49:42,838] {logging_mixin.py:115} INFO - [2023-07-11 00:49:42,838] {dag.py:2972} INFO - Setting next_dagrun for example_xcom_args_with_operators to None, run_after=None
[2023-07-11 00:49:42,860] {processor.py:161} INFO - Processing /home/airflow/.local/lib/python3.7/site-packages/airflow/example_dags/example_xcomargs.py took 0.192 seconds
[2023-07-11 00:50:13,403] {processor.py:153} INFO - Started process (PID=869) to work on /home/airflow/.local/lib/python3.7/site-packages/airflow/example_dags/example_xcomargs.py
[2023-07-11 00:50:13,405] {processor.py:641} INFO - Processing file /home/airflow/.local/lib/python3.7/site-packages/airflow/example_dags/example_xcomargs.py for tasks to queue
[2023-07-11 00:50:13,406] {logging_mixin.py:115} INFO - [2023-07-11 00:50:13,406] {dagbag.py:508} INFO - Filling up the DagBag from /home/airflow/.local/lib/python3.7/site-packages/airflow/example_dags/example_xcomargs.py
[2023-07-11 00:50:13,459] {processor.py:651} INFO - DAG(s) dict_keys(['example_xcom_args', 'example_xcom_args_with_operators']) retrieved from /home/airflow/.local/lib/python3.7/site-packages/airflow/example_dags/example_xcomargs.py
[2023-07-11 00:50:13,559] {logging_mixin.py:115} INFO - [2023-07-11 00:50:13,559] {dag.py:2420} INFO - Sync 2 DAGs
[2023-07-11 00:50:13,588] {logging_mixin.py:115} INFO - [2023-07-11 00:50:13,588] {dag.py:2972} INFO - Setting next_dagrun for example_xcom_args to None, run_after=None
[2023-07-11 00:50:13,589] {logging_mixin.py:115} INFO - [2023-07-11 00:50:13,589] {dag.py:2972} INFO - Setting next_dagrun for example_xcom_args_with_operators to None, run_after=None
[2023-07-11 00:50:13,609] {processor.py:161} INFO - Processing /home/airflow/.local/lib/python3.7/site-packages/airflow/example_dags/example_xcomargs.py took 0.228 seconds
[2023-07-11 00:50:44,125] {processor.py:153} INFO - Started process (PID=928) to work on /home/airflow/.local/lib/python3.7/site-packages/airflow/example_dags/example_xcomargs.py
[2023-07-11 00:50:44,126] {processor.py:641} INFO - Processing file /home/airflow/.local/lib/python3.7/site-packages/airflow/example_dags/example_xcomargs.py for tasks to queue
[2023-07-11 00:50:44,127] {logging_mixin.py:115} INFO - [2023-07-11 00:50:44,127] {dagbag.py:508} INFO - Filling up the DagBag from /home/airflow/.local/lib/python3.7/site-packages/airflow/example_dags/example_xcomargs.py
[2023-07-11 00:50:44,156] {processor.py:651} INFO - DAG(s) dict_keys(['example_xcom_args', 'example_xcom_args_with_operators']) retrieved from /home/airflow/.local/lib/python3.7/site-packages/airflow/example_dags/example_xcomargs.py
[2023-07-11 00:50:44,275] {logging_mixin.py:115} INFO - [2023-07-11 00:50:44,274] {dag.py:2420} INFO - Sync 2 DAGs
[2023-07-11 00:50:44,325] {logging_mixin.py:115} INFO - [2023-07-11 00:50:44,324] {dag.py:2972} INFO - Setting next_dagrun for example_xcom_args to None, run_after=None
[2023-07-11 00:50:44,325] {logging_mixin.py:115} INFO - [2023-07-11 00:50:44,325] {dag.py:2972} INFO - Setting next_dagrun for example_xcom_args_with_operators to None, run_after=None
[2023-07-11 00:50:44,350] {processor.py:161} INFO - Processing /home/airflow/.local/lib/python3.7/site-packages/airflow/example_dags/example_xcomargs.py took 0.229 seconds
[2023-07-11 00:51:14,460] {processor.py:153} INFO - Started process (PID=980) to work on /home/airflow/.local/lib/python3.7/site-packages/airflow/example_dags/example_xcomargs.py
[2023-07-11 00:51:14,461] {processor.py:641} INFO - Processing file /home/airflow/.local/lib/python3.7/site-packages/airflow/example_dags/example_xcomargs.py for tasks to queue
[2023-07-11 00:51:14,461] {logging_mixin.py:115} INFO - [2023-07-11 00:51:14,461] {dagbag.py:508} INFO - Filling up the DagBag from /home/airflow/.local/lib/python3.7/site-packages/airflow/example_dags/example_xcomargs.py
[2023-07-11 00:51:14,484] {processor.py:651} INFO - DAG(s) dict_keys(['example_xcom_args', 'example_xcom_args_with_operators']) retrieved from /home/airflow/.local/lib/python3.7/site-packages/airflow/example_dags/example_xcomargs.py
[2023-07-11 00:51:14,595] {logging_mixin.py:115} INFO - [2023-07-11 00:51:14,595] {dag.py:2420} INFO - Sync 2 DAGs
[2023-07-11 00:51:14,631] {logging_mixin.py:115} INFO - [2023-07-11 00:51:14,631] {dag.py:2972} INFO - Setting next_dagrun for example_xcom_args to None, run_after=None
[2023-07-11 00:51:14,632] {logging_mixin.py:115} INFO - [2023-07-11 00:51:14,631] {dag.py:2972} INFO - Setting next_dagrun for example_xcom_args_with_operators to None, run_after=None
[2023-07-11 00:51:14,651] {processor.py:161} INFO - Processing /home/airflow/.local/lib/python3.7/site-packages/airflow/example_dags/example_xcomargs.py took 0.194 seconds
[2023-07-11 00:51:45,147] {processor.py:153} INFO - Started process (PID=1041) to work on /home/airflow/.local/lib/python3.7/site-packages/airflow/example_dags/example_xcomargs.py
[2023-07-11 00:51:45,148] {processor.py:641} INFO - Processing file /home/airflow/.local/lib/python3.7/site-packages/airflow/example_dags/example_xcomargs.py for tasks to queue
[2023-07-11 00:51:45,149] {logging_mixin.py:115} INFO - [2023-07-11 00:51:45,148] {dagbag.py:508} INFO - Filling up the DagBag from /home/airflow/.local/lib/python3.7/site-packages/airflow/example_dags/example_xcomargs.py
[2023-07-11 00:51:45,191] {processor.py:651} INFO - DAG(s) dict_keys(['example_xcom_args', 'example_xcom_args_with_operators']) retrieved from /home/airflow/.local/lib/python3.7/site-packages/airflow/example_dags/example_xcomargs.py
[2023-07-11 00:51:45,258] {logging_mixin.py:115} INFO - [2023-07-11 00:51:45,258] {dag.py:2420} INFO - Sync 2 DAGs
[2023-07-11 00:51:45,295] {logging_mixin.py:115} INFO - [2023-07-11 00:51:45,295] {dag.py:2972} INFO - Setting next_dagrun for example_xcom_args to None, run_after=None
[2023-07-11 00:51:45,295] {logging_mixin.py:115} INFO - [2023-07-11 00:51:45,295] {dag.py:2972} INFO - Setting next_dagrun for example_xcom_args_with_operators to None, run_after=None
[2023-07-11 00:51:45,314] {processor.py:161} INFO - Processing /home/airflow/.local/lib/python3.7/site-packages/airflow/example_dags/example_xcomargs.py took 0.172 seconds
[2023-07-11 22:50:15,303] {processor.py:153} INFO - Started process (PID=1083) to work on /home/airflow/.local/lib/python3.7/site-packages/airflow/example_dags/example_xcomargs.py
[2023-07-11 22:50:15,311] {processor.py:641} INFO - Processing file /home/airflow/.local/lib/python3.7/site-packages/airflow/example_dags/example_xcomargs.py for tasks to queue
[2023-07-11 22:50:15,311] {logging_mixin.py:115} INFO - [2023-07-11 22:50:15,311] {dagbag.py:508} INFO - Filling up the DagBag from /home/airflow/.local/lib/python3.7/site-packages/airflow/example_dags/example_xcomargs.py
[2023-07-11 22:50:15,397] {processor.py:651} INFO - DAG(s) dict_keys(['example_xcom_args', 'example_xcom_args_with_operators']) retrieved from /home/airflow/.local/lib/python3.7/site-packages/airflow/example_dags/example_xcomargs.py
[2023-07-11 22:50:15,579] {logging_mixin.py:115} INFO - [2023-07-11 22:50:15,579] {dag.py:2420} INFO - Sync 2 DAGs
[2023-07-11 22:50:15,625] {logging_mixin.py:115} INFO - [2023-07-11 22:50:15,625] {dag.py:2972} INFO - Setting next_dagrun for example_xcom_args to None, run_after=None
[2023-07-11 22:50:15,626] {logging_mixin.py:115} INFO - [2023-07-11 22:50:15,626] {dag.py:2972} INFO - Setting next_dagrun for example_xcom_args_with_operators to None, run_after=None
[2023-07-11 22:50:15,663] {processor.py:161} INFO - Processing /home/airflow/.local/lib/python3.7/site-packages/airflow/example_dags/example_xcomargs.py took 0.381 seconds
[2023-07-11 22:50:46,085] {processor.py:153} INFO - Started process (PID=1135) to work on /home/airflow/.local/lib/python3.7/site-packages/airflow/example_dags/example_xcomargs.py
[2023-07-11 22:50:46,085] {processor.py:641} INFO - Processing file /home/airflow/.local/lib/python3.7/site-packages/airflow/example_dags/example_xcomargs.py for tasks to queue
[2023-07-11 22:50:46,086] {logging_mixin.py:115} INFO - [2023-07-11 22:50:46,086] {dagbag.py:508} INFO - Filling up the DagBag from /home/airflow/.local/lib/python3.7/site-packages/airflow/example_dags/example_xcomargs.py
[2023-07-11 22:50:46,117] {processor.py:651} INFO - DAG(s) dict_keys(['example_xcom_args', 'example_xcom_args_with_operators']) retrieved from /home/airflow/.local/lib/python3.7/site-packages/airflow/example_dags/example_xcomargs.py
[2023-07-11 22:50:46,235] {logging_mixin.py:115} INFO - [2023-07-11 22:50:46,235] {dag.py:2420} INFO - Sync 2 DAGs
[2023-07-11 22:50:46,283] {logging_mixin.py:115} INFO - [2023-07-11 22:50:46,283] {dag.py:2972} INFO - Setting next_dagrun for example_xcom_args to None, run_after=None
[2023-07-11 22:50:46,283] {logging_mixin.py:115} INFO - [2023-07-11 22:50:46,283] {dag.py:2972} INFO - Setting next_dagrun for example_xcom_args_with_operators to None, run_after=None
[2023-07-11 22:50:46,305] {processor.py:161} INFO - Processing /home/airflow/.local/lib/python3.7/site-packages/airflow/example_dags/example_xcomargs.py took 0.226 seconds
[2023-07-11 22:51:16,857] {processor.py:153} INFO - Started process (PID=1187) to work on /home/airflow/.local/lib/python3.7/site-packages/airflow/example_dags/example_xcomargs.py
[2023-07-11 22:51:16,857] {processor.py:641} INFO - Processing file /home/airflow/.local/lib/python3.7/site-packages/airflow/example_dags/example_xcomargs.py for tasks to queue
[2023-07-11 22:51:16,858] {logging_mixin.py:115} INFO - [2023-07-11 22:51:16,858] {dagbag.py:508} INFO - Filling up the DagBag from /home/airflow/.local/lib/python3.7/site-packages/airflow/example_dags/example_xcomargs.py
[2023-07-11 22:51:16,887] {processor.py:651} INFO - DAG(s) dict_keys(['example_xcom_args', 'example_xcom_args_with_operators']) retrieved from /home/airflow/.local/lib/python3.7/site-packages/airflow/example_dags/example_xcomargs.py
[2023-07-11 22:51:16,981] {logging_mixin.py:115} INFO - [2023-07-11 22:51:16,981] {dag.py:2420} INFO - Sync 2 DAGs
[2023-07-11 22:51:17,016] {logging_mixin.py:115} INFO - [2023-07-11 22:51:17,016] {dag.py:2972} INFO - Setting next_dagrun for example_xcom_args to None, run_after=None
[2023-07-11 22:51:17,017] {logging_mixin.py:115} INFO - [2023-07-11 22:51:17,017] {dag.py:2972} INFO - Setting next_dagrun for example_xcom_args_with_operators to None, run_after=None
[2023-07-11 22:51:17,040] {processor.py:161} INFO - Processing /home/airflow/.local/lib/python3.7/site-packages/airflow/example_dags/example_xcomargs.py took 0.186 seconds
[2023-07-11 22:51:47,438] {processor.py:153} INFO - Started process (PID=1248) to work on /home/airflow/.local/lib/python3.7/site-packages/airflow/example_dags/example_xcomargs.py
[2023-07-11 22:51:47,439] {processor.py:641} INFO - Processing file /home/airflow/.local/lib/python3.7/site-packages/airflow/example_dags/example_xcomargs.py for tasks to queue
[2023-07-11 22:51:47,439] {logging_mixin.py:115} INFO - [2023-07-11 22:51:47,439] {dagbag.py:508} INFO - Filling up the DagBag from /home/airflow/.local/lib/python3.7/site-packages/airflow/example_dags/example_xcomargs.py
[2023-07-11 22:51:47,460] {processor.py:651} INFO - DAG(s) dict_keys(['example_xcom_args', 'example_xcom_args_with_operators']) retrieved from /home/airflow/.local/lib/python3.7/site-packages/airflow/example_dags/example_xcomargs.py
[2023-07-11 22:51:47,554] {logging_mixin.py:115} INFO - [2023-07-11 22:51:47,553] {dag.py:2420} INFO - Sync 2 DAGs
[2023-07-11 22:51:47,579] {logging_mixin.py:115} INFO - [2023-07-11 22:51:47,579] {dag.py:2972} INFO - Setting next_dagrun for example_xcom_args to None, run_after=None
[2023-07-11 22:51:47,579] {logging_mixin.py:115} INFO - [2023-07-11 22:51:47,579] {dag.py:2972} INFO - Setting next_dagrun for example_xcom_args_with_operators to None, run_after=None
[2023-07-11 22:51:47,595] {processor.py:161} INFO - Processing /home/airflow/.local/lib/python3.7/site-packages/airflow/example_dags/example_xcomargs.py took 0.161 seconds
[2023-07-11 22:52:18,031] {processor.py:153} INFO - Started process (PID=1298) to work on /home/airflow/.local/lib/python3.7/site-packages/airflow/example_dags/example_xcomargs.py
[2023-07-11 22:52:18,032] {processor.py:641} INFO - Processing file /home/airflow/.local/lib/python3.7/site-packages/airflow/example_dags/example_xcomargs.py for tasks to queue
[2023-07-11 22:52:18,033] {logging_mixin.py:115} INFO - [2023-07-11 22:52:18,033] {dagbag.py:508} INFO - Filling up the DagBag from /home/airflow/.local/lib/python3.7/site-packages/airflow/example_dags/example_xcomargs.py
[2023-07-11 22:52:18,093] {processor.py:651} INFO - DAG(s) dict_keys(['example_xcom_args', 'example_xcom_args_with_operators']) retrieved from /home/airflow/.local/lib/python3.7/site-packages/airflow/example_dags/example_xcomargs.py
[2023-07-11 22:52:18,193] {logging_mixin.py:115} INFO - [2023-07-11 22:52:18,192] {dag.py:2420} INFO - Sync 2 DAGs
[2023-07-11 22:52:18,260] {logging_mixin.py:115} INFO - [2023-07-11 22:52:18,260] {dag.py:2972} INFO - Setting next_dagrun for example_xcom_args to None, run_after=None
[2023-07-11 22:52:18,260] {logging_mixin.py:115} INFO - [2023-07-11 22:52:18,260] {dag.py:2972} INFO - Setting next_dagrun for example_xcom_args_with_operators to None, run_after=None
[2023-07-11 22:52:18,293] {processor.py:161} INFO - Processing /home/airflow/.local/lib/python3.7/site-packages/airflow/example_dags/example_xcomargs.py took 0.272 seconds
[2023-07-11 22:52:49,062] {processor.py:153} INFO - Started process (PID=1349) to work on /home/airflow/.local/lib/python3.7/site-packages/airflow/example_dags/example_xcomargs.py
[2023-07-11 22:52:49,062] {processor.py:641} INFO - Processing file /home/airflow/.local/lib/python3.7/site-packages/airflow/example_dags/example_xcomargs.py for tasks to queue
[2023-07-11 22:52:49,083] {logging_mixin.py:115} INFO - [2023-07-11 22:52:49,073] {dagbag.py:508} INFO - Filling up the DagBag from /home/airflow/.local/lib/python3.7/site-packages/airflow/example_dags/example_xcomargs.py
[2023-07-11 22:52:49,228] {processor.py:651} INFO - DAG(s) dict_keys(['example_xcom_args', 'example_xcom_args_with_operators']) retrieved from /home/airflow/.local/lib/python3.7/site-packages/airflow/example_dags/example_xcomargs.py
[2023-07-11 22:52:49,982] {logging_mixin.py:115} INFO - [2023-07-11 22:52:49,982] {dag.py:2420} INFO - Sync 2 DAGs
[2023-07-11 22:52:50,139] {logging_mixin.py:115} INFO - [2023-07-11 22:52:50,139] {dag.py:2972} INFO - Setting next_dagrun for example_xcom_args to None, run_after=None
[2023-07-11 22:52:50,140] {logging_mixin.py:115} INFO - [2023-07-11 22:52:50,140] {dag.py:2972} INFO - Setting next_dagrun for example_xcom_args_with_operators to None, run_after=None
[2023-07-11 22:52:50,203] {processor.py:161} INFO - Processing /home/airflow/.local/lib/python3.7/site-packages/airflow/example_dags/example_xcomargs.py took 1.166 seconds
[2023-07-11 22:53:20,610] {processor.py:153} INFO - Started process (PID=1409) to work on /home/airflow/.local/lib/python3.7/site-packages/airflow/example_dags/example_xcomargs.py
[2023-07-11 22:53:20,612] {processor.py:641} INFO - Processing file /home/airflow/.local/lib/python3.7/site-packages/airflow/example_dags/example_xcomargs.py for tasks to queue
[2023-07-11 22:53:20,613] {logging_mixin.py:115} INFO - [2023-07-11 22:53:20,613] {dagbag.py:508} INFO - Filling up the DagBag from /home/airflow/.local/lib/python3.7/site-packages/airflow/example_dags/example_xcomargs.py
[2023-07-11 22:53:20,712] {processor.py:651} INFO - DAG(s) dict_keys(['example_xcom_args', 'example_xcom_args_with_operators']) retrieved from /home/airflow/.local/lib/python3.7/site-packages/airflow/example_dags/example_xcomargs.py
[2023-07-11 22:53:20,968] {logging_mixin.py:115} INFO - [2023-07-11 22:53:20,968] {dag.py:2420} INFO - Sync 2 DAGs
[2023-07-11 22:53:21,008] {logging_mixin.py:115} INFO - [2023-07-11 22:53:21,007] {dag.py:2972} INFO - Setting next_dagrun for example_xcom_args to None, run_after=None
[2023-07-11 22:53:21,008] {logging_mixin.py:115} INFO - [2023-07-11 22:53:21,008] {dag.py:2972} INFO - Setting next_dagrun for example_xcom_args_with_operators to None, run_after=None
[2023-07-11 22:53:21,055] {processor.py:161} INFO - Processing /home/airflow/.local/lib/python3.7/site-packages/airflow/example_dags/example_xcomargs.py took 0.451 seconds
[2023-07-11 22:53:51,440] {processor.py:153} INFO - Started process (PID=1461) to work on /home/airflow/.local/lib/python3.7/site-packages/airflow/example_dags/example_xcomargs.py
[2023-07-11 22:53:51,441] {processor.py:641} INFO - Processing file /home/airflow/.local/lib/python3.7/site-packages/airflow/example_dags/example_xcomargs.py for tasks to queue
[2023-07-11 22:53:51,442] {logging_mixin.py:115} INFO - [2023-07-11 22:53:51,442] {dagbag.py:508} INFO - Filling up the DagBag from /home/airflow/.local/lib/python3.7/site-packages/airflow/example_dags/example_xcomargs.py
[2023-07-11 22:53:51,488] {processor.py:651} INFO - DAG(s) dict_keys(['example_xcom_args', 'example_xcom_args_with_operators']) retrieved from /home/airflow/.local/lib/python3.7/site-packages/airflow/example_dags/example_xcomargs.py
[2023-07-11 22:53:51,585] {logging_mixin.py:115} INFO - [2023-07-11 22:53:51,585] {dag.py:2420} INFO - Sync 2 DAGs
[2023-07-11 22:53:51,659] {logging_mixin.py:115} INFO - [2023-07-11 22:53:51,659] {dag.py:2972} INFO - Setting next_dagrun for example_xcom_args to None, run_after=None
[2023-07-11 22:53:51,660] {logging_mixin.py:115} INFO - [2023-07-11 22:53:51,660] {dag.py:2972} INFO - Setting next_dagrun for example_xcom_args_with_operators to None, run_after=None
[2023-07-11 22:53:51,690] {processor.py:161} INFO - Processing /home/airflow/.local/lib/python3.7/site-packages/airflow/example_dags/example_xcomargs.py took 0.256 seconds
[2023-07-11 22:54:22,359] {processor.py:153} INFO - Started process (PID=1512) to work on /home/airflow/.local/lib/python3.7/site-packages/airflow/example_dags/example_xcomargs.py
[2023-07-11 22:54:22,360] {processor.py:641} INFO - Processing file /home/airflow/.local/lib/python3.7/site-packages/airflow/example_dags/example_xcomargs.py for tasks to queue
[2023-07-11 22:54:22,361] {logging_mixin.py:115} INFO - [2023-07-11 22:54:22,360] {dagbag.py:508} INFO - Filling up the DagBag from /home/airflow/.local/lib/python3.7/site-packages/airflow/example_dags/example_xcomargs.py
[2023-07-11 22:54:22,413] {processor.py:651} INFO - DAG(s) dict_keys(['example_xcom_args', 'example_xcom_args_with_operators']) retrieved from /home/airflow/.local/lib/python3.7/site-packages/airflow/example_dags/example_xcomargs.py
[2023-07-11 22:54:22,465] {logging_mixin.py:115} INFO - [2023-07-11 22:54:22,465] {dag.py:2420} INFO - Sync 2 DAGs
[2023-07-11 22:54:22,519] {logging_mixin.py:115} INFO - [2023-07-11 22:54:22,519] {dag.py:2972} INFO - Setting next_dagrun for example_xcom_args to None, run_after=None
[2023-07-11 22:54:22,528] {logging_mixin.py:115} INFO - [2023-07-11 22:54:22,528] {dag.py:2972} INFO - Setting next_dagrun for example_xcom_args_with_operators to None, run_after=None
[2023-07-11 22:54:22,590] {processor.py:161} INFO - Processing /home/airflow/.local/lib/python3.7/site-packages/airflow/example_dags/example_xcomargs.py took 0.239 seconds
[2023-07-11 22:54:53,536] {processor.py:153} INFO - Started process (PID=1563) to work on /home/airflow/.local/lib/python3.7/site-packages/airflow/example_dags/example_xcomargs.py
[2023-07-11 22:54:53,537] {processor.py:641} INFO - Processing file /home/airflow/.local/lib/python3.7/site-packages/airflow/example_dags/example_xcomargs.py for tasks to queue
[2023-07-11 22:54:53,571] {logging_mixin.py:115} INFO - [2023-07-11 22:54:53,570] {dagbag.py:508} INFO - Filling up the DagBag from /home/airflow/.local/lib/python3.7/site-packages/airflow/example_dags/example_xcomargs.py
[2023-07-11 22:54:53,713] {processor.py:651} INFO - DAG(s) dict_keys(['example_xcom_args', 'example_xcom_args_with_operators']) retrieved from /home/airflow/.local/lib/python3.7/site-packages/airflow/example_dags/example_xcomargs.py
[2023-07-11 22:54:53,852] {logging_mixin.py:115} INFO - [2023-07-11 22:54:53,852] {dag.py:2420} INFO - Sync 2 DAGs
[2023-07-11 22:54:53,956] {logging_mixin.py:115} INFO - [2023-07-11 22:54:53,956] {dag.py:2972} INFO - Setting next_dagrun for example_xcom_args to None, run_after=None
[2023-07-11 22:54:53,957] {logging_mixin.py:115} INFO - [2023-07-11 22:54:53,957] {dag.py:2972} INFO - Setting next_dagrun for example_xcom_args_with_operators to None, run_after=None
[2023-07-11 22:54:54,004] {processor.py:161} INFO - Processing /home/airflow/.local/lib/python3.7/site-packages/airflow/example_dags/example_xcomargs.py took 0.492 seconds
[2023-07-11 22:55:24,617] {processor.py:153} INFO - Started process (PID=1615) to work on /home/airflow/.local/lib/python3.7/site-packages/airflow/example_dags/example_xcomargs.py
[2023-07-11 22:55:24,620] {processor.py:641} INFO - Processing file /home/airflow/.local/lib/python3.7/site-packages/airflow/example_dags/example_xcomargs.py for tasks to queue
[2023-07-11 22:55:24,623] {logging_mixin.py:115} INFO - [2023-07-11 22:55:24,622] {dagbag.py:508} INFO - Filling up the DagBag from /home/airflow/.local/lib/python3.7/site-packages/airflow/example_dags/example_xcomargs.py
[2023-07-11 22:55:24,687] {processor.py:651} INFO - DAG(s) dict_keys(['example_xcom_args', 'example_xcom_args_with_operators']) retrieved from /home/airflow/.local/lib/python3.7/site-packages/airflow/example_dags/example_xcomargs.py
[2023-07-11 22:55:24,987] {logging_mixin.py:115} INFO - [2023-07-11 22:55:24,987] {dag.py:2420} INFO - Sync 2 DAGs
[2023-07-11 22:55:25,064] {logging_mixin.py:115} INFO - [2023-07-11 22:55:25,063] {dag.py:2972} INFO - Setting next_dagrun for example_xcom_args to None, run_after=None
[2023-07-11 22:55:25,064] {logging_mixin.py:115} INFO - [2023-07-11 22:55:25,064] {dag.py:2972} INFO - Setting next_dagrun for example_xcom_args_with_operators to None, run_after=None
[2023-07-11 22:55:25,147] {processor.py:161} INFO - Processing /home/airflow/.local/lib/python3.7/site-packages/airflow/example_dags/example_xcomargs.py took 0.539 seconds
[2023-07-11 22:55:55,453] {processor.py:153} INFO - Started process (PID=1675) to work on /home/airflow/.local/lib/python3.7/site-packages/airflow/example_dags/example_xcomargs.py
[2023-07-11 22:55:55,458] {processor.py:641} INFO - Processing file /home/airflow/.local/lib/python3.7/site-packages/airflow/example_dags/example_xcomargs.py for tasks to queue
[2023-07-11 22:55:55,459] {logging_mixin.py:115} INFO - [2023-07-11 22:55:55,459] {dagbag.py:508} INFO - Filling up the DagBag from /home/airflow/.local/lib/python3.7/site-packages/airflow/example_dags/example_xcomargs.py
[2023-07-11 22:55:55,518] {processor.py:651} INFO - DAG(s) dict_keys(['example_xcom_args', 'example_xcom_args_with_operators']) retrieved from /home/airflow/.local/lib/python3.7/site-packages/airflow/example_dags/example_xcomargs.py
[2023-07-11 22:55:55,650] {logging_mixin.py:115} INFO - [2023-07-11 22:55:55,650] {dag.py:2420} INFO - Sync 2 DAGs
[2023-07-11 22:55:55,757] {logging_mixin.py:115} INFO - [2023-07-11 22:55:55,756] {dag.py:2972} INFO - Setting next_dagrun for example_xcom_args to None, run_after=None
[2023-07-11 22:55:55,759] {logging_mixin.py:115} INFO - [2023-07-11 22:55:55,759] {dag.py:2972} INFO - Setting next_dagrun for example_xcom_args_with_operators to None, run_after=None
[2023-07-11 22:55:55,796] {processor.py:161} INFO - Processing /home/airflow/.local/lib/python3.7/site-packages/airflow/example_dags/example_xcomargs.py took 0.358 seconds
[2023-07-11 22:56:26,700] {processor.py:153} INFO - Started process (PID=1728) to work on /home/airflow/.local/lib/python3.7/site-packages/airflow/example_dags/example_xcomargs.py
[2023-07-11 22:56:26,707] {processor.py:641} INFO - Processing file /home/airflow/.local/lib/python3.7/site-packages/airflow/example_dags/example_xcomargs.py for tasks to queue
[2023-07-11 22:56:26,708] {logging_mixin.py:115} INFO - [2023-07-11 22:56:26,708] {dagbag.py:508} INFO - Filling up the DagBag from /home/airflow/.local/lib/python3.7/site-packages/airflow/example_dags/example_xcomargs.py
[2023-07-11 22:56:26,816] {processor.py:651} INFO - DAG(s) dict_keys(['example_xcom_args', 'example_xcom_args_with_operators']) retrieved from /home/airflow/.local/lib/python3.7/site-packages/airflow/example_dags/example_xcomargs.py
[2023-07-11 22:56:27,016] {logging_mixin.py:115} INFO - [2023-07-11 22:56:27,016] {dag.py:2420} INFO - Sync 2 DAGs
[2023-07-11 22:56:27,078] {logging_mixin.py:115} INFO - [2023-07-11 22:56:27,078] {dag.py:2972} INFO - Setting next_dagrun for example_xcom_args to None, run_after=None
[2023-07-11 22:56:27,079] {logging_mixin.py:115} INFO - [2023-07-11 22:56:27,079] {dag.py:2972} INFO - Setting next_dagrun for example_xcom_args_with_operators to None, run_after=None
[2023-07-11 22:56:27,156] {processor.py:161} INFO - Processing /home/airflow/.local/lib/python3.7/site-packages/airflow/example_dags/example_xcomargs.py took 0.477 seconds
[2023-07-11 22:56:57,430] {processor.py:153} INFO - Started process (PID=1780) to work on /home/airflow/.local/lib/python3.7/site-packages/airflow/example_dags/example_xcomargs.py
[2023-07-11 22:56:57,431] {processor.py:641} INFO - Processing file /home/airflow/.local/lib/python3.7/site-packages/airflow/example_dags/example_xcomargs.py for tasks to queue
[2023-07-11 22:56:57,432] {logging_mixin.py:115} INFO - [2023-07-11 22:56:57,432] {dagbag.py:508} INFO - Filling up the DagBag from /home/airflow/.local/lib/python3.7/site-packages/airflow/example_dags/example_xcomargs.py
[2023-07-11 22:56:57,471] {processor.py:651} INFO - DAG(s) dict_keys(['example_xcom_args', 'example_xcom_args_with_operators']) retrieved from /home/airflow/.local/lib/python3.7/site-packages/airflow/example_dags/example_xcomargs.py
[2023-07-11 22:56:57,544] {logging_mixin.py:115} INFO - [2023-07-11 22:56:57,544] {dag.py:2420} INFO - Sync 2 DAGs
[2023-07-11 22:56:57,598] {logging_mixin.py:115} INFO - [2023-07-11 22:56:57,598] {dag.py:2972} INFO - Setting next_dagrun for example_xcom_args to None, run_after=None
[2023-07-11 22:56:57,599] {logging_mixin.py:115} INFO - [2023-07-11 22:56:57,598] {dag.py:2972} INFO - Setting next_dagrun for example_xcom_args_with_operators to None, run_after=None
[2023-07-11 22:56:57,629] {processor.py:161} INFO - Processing /home/airflow/.local/lib/python3.7/site-packages/airflow/example_dags/example_xcomargs.py took 0.208 seconds
[2023-07-11 22:57:28,131] {processor.py:153} INFO - Started process (PID=1831) to work on /home/airflow/.local/lib/python3.7/site-packages/airflow/example_dags/example_xcomargs.py
[2023-07-11 22:57:28,132] {processor.py:641} INFO - Processing file /home/airflow/.local/lib/python3.7/site-packages/airflow/example_dags/example_xcomargs.py for tasks to queue
[2023-07-11 22:57:28,133] {logging_mixin.py:115} INFO - [2023-07-11 22:57:28,133] {dagbag.py:508} INFO - Filling up the DagBag from /home/airflow/.local/lib/python3.7/site-packages/airflow/example_dags/example_xcomargs.py
[2023-07-11 22:57:28,175] {processor.py:651} INFO - DAG(s) dict_keys(['example_xcom_args', 'example_xcom_args_with_operators']) retrieved from /home/airflow/.local/lib/python3.7/site-packages/airflow/example_dags/example_xcomargs.py
[2023-07-11 22:57:28,287] {logging_mixin.py:115} INFO - [2023-07-11 22:57:28,286] {dag.py:2420} INFO - Sync 2 DAGs
[2023-07-11 22:57:28,347] {logging_mixin.py:115} INFO - [2023-07-11 22:57:28,347] {dag.py:2972} INFO - Setting next_dagrun for example_xcom_args to None, run_after=None
[2023-07-11 22:57:28,347] {logging_mixin.py:115} INFO - [2023-07-11 22:57:28,347] {dag.py:2972} INFO - Setting next_dagrun for example_xcom_args_with_operators to None, run_after=None
[2023-07-11 22:57:28,381] {processor.py:161} INFO - Processing /home/airflow/.local/lib/python3.7/site-packages/airflow/example_dags/example_xcomargs.py took 0.258 seconds
[2023-07-11 22:57:58,549] {processor.py:153} INFO - Started process (PID=1882) to work on /home/airflow/.local/lib/python3.7/site-packages/airflow/example_dags/example_xcomargs.py
[2023-07-11 22:57:58,550] {processor.py:641} INFO - Processing file /home/airflow/.local/lib/python3.7/site-packages/airflow/example_dags/example_xcomargs.py for tasks to queue
[2023-07-11 22:57:58,551] {logging_mixin.py:115} INFO - [2023-07-11 22:57:58,551] {dagbag.py:508} INFO - Filling up the DagBag from /home/airflow/.local/lib/python3.7/site-packages/airflow/example_dags/example_xcomargs.py
[2023-07-11 22:57:58,592] {processor.py:651} INFO - DAG(s) dict_keys(['example_xcom_args', 'example_xcom_args_with_operators']) retrieved from /home/airflow/.local/lib/python3.7/site-packages/airflow/example_dags/example_xcomargs.py
[2023-07-11 22:57:58,794] {logging_mixin.py:115} INFO - [2023-07-11 22:57:58,794] {dag.py:2420} INFO - Sync 2 DAGs
[2023-07-11 22:57:58,854] {logging_mixin.py:115} INFO - [2023-07-11 22:57:58,854] {dag.py:2972} INFO - Setting next_dagrun for example_xcom_args to None, run_after=None
[2023-07-11 22:57:58,855] {logging_mixin.py:115} INFO - [2023-07-11 22:57:58,854] {dag.py:2972} INFO - Setting next_dagrun for example_xcom_args_with_operators to None, run_after=None
[2023-07-11 22:57:58,897] {processor.py:161} INFO - Processing /home/airflow/.local/lib/python3.7/site-packages/airflow/example_dags/example_xcomargs.py took 0.353 seconds
[2023-07-11 22:58:29,112] {processor.py:153} INFO - Started process (PID=1943) to work on /home/airflow/.local/lib/python3.7/site-packages/airflow/example_dags/example_xcomargs.py
[2023-07-11 22:58:29,113] {processor.py:641} INFO - Processing file /home/airflow/.local/lib/python3.7/site-packages/airflow/example_dags/example_xcomargs.py for tasks to queue
[2023-07-11 22:58:29,114] {logging_mixin.py:115} INFO - [2023-07-11 22:58:29,114] {dagbag.py:508} INFO - Filling up the DagBag from /home/airflow/.local/lib/python3.7/site-packages/airflow/example_dags/example_xcomargs.py
[2023-07-11 22:58:29,153] {processor.py:651} INFO - DAG(s) dict_keys(['example_xcom_args', 'example_xcom_args_with_operators']) retrieved from /home/airflow/.local/lib/python3.7/site-packages/airflow/example_dags/example_xcomargs.py
[2023-07-11 22:58:29,399] {logging_mixin.py:115} INFO - [2023-07-11 22:58:29,399] {dag.py:2420} INFO - Sync 2 DAGs
[2023-07-11 22:58:29,516] {logging_mixin.py:115} INFO - [2023-07-11 22:58:29,516] {dag.py:2972} INFO - Setting next_dagrun for example_xcom_args to None, run_after=None
[2023-07-11 22:58:29,516] {logging_mixin.py:115} INFO - [2023-07-11 22:58:29,516] {dag.py:2972} INFO - Setting next_dagrun for example_xcom_args_with_operators to None, run_after=None
[2023-07-11 22:58:29,570] {processor.py:161} INFO - Processing /home/airflow/.local/lib/python3.7/site-packages/airflow/example_dags/example_xcomargs.py took 0.463 seconds
[2023-07-11 22:58:59,916] {processor.py:153} INFO - Started process (PID=1995) to work on /home/airflow/.local/lib/python3.7/site-packages/airflow/example_dags/example_xcomargs.py
[2023-07-11 22:58:59,916] {processor.py:641} INFO - Processing file /home/airflow/.local/lib/python3.7/site-packages/airflow/example_dags/example_xcomargs.py for tasks to queue
[2023-07-11 22:58:59,917] {logging_mixin.py:115} INFO - [2023-07-11 22:58:59,917] {dagbag.py:508} INFO - Filling up the DagBag from /home/airflow/.local/lib/python3.7/site-packages/airflow/example_dags/example_xcomargs.py
[2023-07-11 22:58:59,949] {processor.py:651} INFO - DAG(s) dict_keys(['example_xcom_args', 'example_xcom_args_with_operators']) retrieved from /home/airflow/.local/lib/python3.7/site-packages/airflow/example_dags/example_xcomargs.py
[2023-07-11 22:59:00,054] {logging_mixin.py:115} INFO - [2023-07-11 22:59:00,054] {dag.py:2420} INFO - Sync 2 DAGs
[2023-07-11 22:59:00,090] {logging_mixin.py:115} INFO - [2023-07-11 22:59:00,090] {dag.py:2972} INFO - Setting next_dagrun for example_xcom_args to None, run_after=None
[2023-07-11 22:59:00,090] {logging_mixin.py:115} INFO - [2023-07-11 22:59:00,090] {dag.py:2972} INFO - Setting next_dagrun for example_xcom_args_with_operators to None, run_after=None
[2023-07-11 22:59:00,115] {processor.py:161} INFO - Processing /home/airflow/.local/lib/python3.7/site-packages/airflow/example_dags/example_xcomargs.py took 0.204 seconds
[2023-07-11 22:59:30,992] {processor.py:153} INFO - Started process (PID=2047) to work on /home/airflow/.local/lib/python3.7/site-packages/airflow/example_dags/example_xcomargs.py
[2023-07-11 22:59:30,999] {processor.py:641} INFO - Processing file /home/airflow/.local/lib/python3.7/site-packages/airflow/example_dags/example_xcomargs.py for tasks to queue
[2023-07-11 22:59:31,002] {logging_mixin.py:115} INFO - [2023-07-11 22:59:31,001] {dagbag.py:508} INFO - Filling up the DagBag from /home/airflow/.local/lib/python3.7/site-packages/airflow/example_dags/example_xcomargs.py
[2023-07-11 22:59:31,063] {processor.py:651} INFO - DAG(s) dict_keys(['example_xcom_args', 'example_xcom_args_with_operators']) retrieved from /home/airflow/.local/lib/python3.7/site-packages/airflow/example_dags/example_xcomargs.py
[2023-07-11 22:59:31,124] {logging_mixin.py:115} INFO - [2023-07-11 22:59:31,124] {dag.py:2420} INFO - Sync 2 DAGs
[2023-07-11 22:59:31,191] {logging_mixin.py:115} INFO - [2023-07-11 22:59:31,191] {dag.py:2972} INFO - Setting next_dagrun for example_xcom_args to None, run_after=None
[2023-07-11 22:59:31,191] {logging_mixin.py:115} INFO - [2023-07-11 22:59:31,191] {dag.py:2972} INFO - Setting next_dagrun for example_xcom_args_with_operators to None, run_after=None
[2023-07-11 22:59:31,232] {processor.py:161} INFO - Processing /home/airflow/.local/lib/python3.7/site-packages/airflow/example_dags/example_xcomargs.py took 0.249 seconds
[2023-07-11 23:00:01,649] {processor.py:153} INFO - Started process (PID=2099) to work on /home/airflow/.local/lib/python3.7/site-packages/airflow/example_dags/example_xcomargs.py
[2023-07-11 23:00:01,650] {processor.py:641} INFO - Processing file /home/airflow/.local/lib/python3.7/site-packages/airflow/example_dags/example_xcomargs.py for tasks to queue
[2023-07-11 23:00:01,650] {logging_mixin.py:115} INFO - [2023-07-11 23:00:01,650] {dagbag.py:508} INFO - Filling up the DagBag from /home/airflow/.local/lib/python3.7/site-packages/airflow/example_dags/example_xcomargs.py
[2023-07-11 23:00:01,673] {processor.py:651} INFO - DAG(s) dict_keys(['example_xcom_args', 'example_xcom_args_with_operators']) retrieved from /home/airflow/.local/lib/python3.7/site-packages/airflow/example_dags/example_xcomargs.py
[2023-07-11 23:00:01,720] {logging_mixin.py:115} INFO - [2023-07-11 23:00:01,719] {dag.py:2420} INFO - Sync 2 DAGs
[2023-07-11 23:00:01,771] {logging_mixin.py:115} INFO - [2023-07-11 23:00:01,770] {dag.py:2972} INFO - Setting next_dagrun for example_xcom_args to None, run_after=None
[2023-07-11 23:00:01,771] {logging_mixin.py:115} INFO - [2023-07-11 23:00:01,771] {dag.py:2972} INFO - Setting next_dagrun for example_xcom_args_with_operators to None, run_after=None
[2023-07-11 23:00:01,798] {processor.py:161} INFO - Processing /home/airflow/.local/lib/python3.7/site-packages/airflow/example_dags/example_xcomargs.py took 0.153 seconds
[2023-07-11 23:00:31,950] {processor.py:153} INFO - Started process (PID=2150) to work on /home/airflow/.local/lib/python3.7/site-packages/airflow/example_dags/example_xcomargs.py
[2023-07-11 23:00:31,952] {processor.py:641} INFO - Processing file /home/airflow/.local/lib/python3.7/site-packages/airflow/example_dags/example_xcomargs.py for tasks to queue
[2023-07-11 23:00:31,952] {logging_mixin.py:115} INFO - [2023-07-11 23:00:31,952] {dagbag.py:508} INFO - Filling up the DagBag from /home/airflow/.local/lib/python3.7/site-packages/airflow/example_dags/example_xcomargs.py
[2023-07-11 23:00:32,007] {processor.py:651} INFO - DAG(s) dict_keys(['example_xcom_args', 'example_xcom_args_with_operators']) retrieved from /home/airflow/.local/lib/python3.7/site-packages/airflow/example_dags/example_xcomargs.py
[2023-07-11 23:00:32,225] {logging_mixin.py:115} INFO - [2023-07-11 23:00:32,225] {dag.py:2420} INFO - Sync 2 DAGs
[2023-07-11 23:00:32,316] {logging_mixin.py:115} INFO - [2023-07-11 23:00:32,316] {dag.py:2972} INFO - Setting next_dagrun for example_xcom_args to None, run_after=None
[2023-07-11 23:00:32,317] {logging_mixin.py:115} INFO - [2023-07-11 23:00:32,316] {dag.py:2972} INFO - Setting next_dagrun for example_xcom_args_with_operators to None, run_after=None
[2023-07-11 23:00:32,394] {processor.py:161} INFO - Processing /home/airflow/.local/lib/python3.7/site-packages/airflow/example_dags/example_xcomargs.py took 0.449 seconds
[2023-07-11 23:01:03,088] {processor.py:153} INFO - Started process (PID=2212) to work on /home/airflow/.local/lib/python3.7/site-packages/airflow/example_dags/example_xcomargs.py
[2023-07-11 23:01:03,091] {processor.py:641} INFO - Processing file /home/airflow/.local/lib/python3.7/site-packages/airflow/example_dags/example_xcomargs.py for tasks to queue
[2023-07-11 23:01:03,092] {logging_mixin.py:115} INFO - [2023-07-11 23:01:03,092] {dagbag.py:508} INFO - Filling up the DagBag from /home/airflow/.local/lib/python3.7/site-packages/airflow/example_dags/example_xcomargs.py
[2023-07-11 23:01:03,205] {processor.py:651} INFO - DAG(s) dict_keys(['example_xcom_args', 'example_xcom_args_with_operators']) retrieved from /home/airflow/.local/lib/python3.7/site-packages/airflow/example_dags/example_xcomargs.py
[2023-07-11 23:01:03,375] {logging_mixin.py:115} INFO - [2023-07-11 23:01:03,375] {dag.py:2420} INFO - Sync 2 DAGs
[2023-07-11 23:01:03,587] {logging_mixin.py:115} INFO - [2023-07-11 23:01:03,587] {dag.py:2972} INFO - Setting next_dagrun for example_xcom_args to None, run_after=None
[2023-07-11 23:01:03,588] {logging_mixin.py:115} INFO - [2023-07-11 23:01:03,588] {dag.py:2972} INFO - Setting next_dagrun for example_xcom_args_with_operators to None, run_after=None
[2023-07-11 23:01:03,640] {processor.py:161} INFO - Processing /home/airflow/.local/lib/python3.7/site-packages/airflow/example_dags/example_xcomargs.py took 0.584 seconds
[2023-07-11 23:01:34,212] {processor.py:153} INFO - Started process (PID=2263) to work on /home/airflow/.local/lib/python3.7/site-packages/airflow/example_dags/example_xcomargs.py
[2023-07-11 23:01:34,215] {processor.py:641} INFO - Processing file /home/airflow/.local/lib/python3.7/site-packages/airflow/example_dags/example_xcomargs.py for tasks to queue
[2023-07-11 23:01:34,216] {logging_mixin.py:115} INFO - [2023-07-11 23:01:34,216] {dagbag.py:508} INFO - Filling up the DagBag from /home/airflow/.local/lib/python3.7/site-packages/airflow/example_dags/example_xcomargs.py
[2023-07-11 23:01:34,347] {processor.py:651} INFO - DAG(s) dict_keys(['example_xcom_args', 'example_xcom_args_with_operators']) retrieved from /home/airflow/.local/lib/python3.7/site-packages/airflow/example_dags/example_xcomargs.py
[2023-07-11 23:01:34,464] {logging_mixin.py:115} INFO - [2023-07-11 23:01:34,461] {dag.py:2420} INFO - Sync 2 DAGs
[2023-07-11 23:01:34,631] {logging_mixin.py:115} INFO - [2023-07-11 23:01:34,631] {dag.py:2972} INFO - Setting next_dagrun for example_xcom_args to None, run_after=None
[2023-07-11 23:01:34,632] {logging_mixin.py:115} INFO - [2023-07-11 23:01:34,632] {dag.py:2972} INFO - Setting next_dagrun for example_xcom_args_with_operators to None, run_after=None
[2023-07-11 23:01:34,752] {processor.py:161} INFO - Processing /home/airflow/.local/lib/python3.7/site-packages/airflow/example_dags/example_xcomargs.py took 0.551 seconds
[2023-07-11 23:02:04,967] {processor.py:153} INFO - Started process (PID=2314) to work on /home/airflow/.local/lib/python3.7/site-packages/airflow/example_dags/example_xcomargs.py
[2023-07-11 23:02:04,969] {processor.py:641} INFO - Processing file /home/airflow/.local/lib/python3.7/site-packages/airflow/example_dags/example_xcomargs.py for tasks to queue
[2023-07-11 23:02:04,971] {logging_mixin.py:115} INFO - [2023-07-11 23:02:04,971] {dagbag.py:508} INFO - Filling up the DagBag from /home/airflow/.local/lib/python3.7/site-packages/airflow/example_dags/example_xcomargs.py
[2023-07-11 23:02:05,034] {processor.py:651} INFO - DAG(s) dict_keys(['example_xcom_args', 'example_xcom_args_with_operators']) retrieved from /home/airflow/.local/lib/python3.7/site-packages/airflow/example_dags/example_xcomargs.py
[2023-07-11 23:02:05,276] {logging_mixin.py:115} INFO - [2023-07-11 23:02:05,276] {dag.py:2420} INFO - Sync 2 DAGs
[2023-07-11 23:02:05,322] {logging_mixin.py:115} INFO - [2023-07-11 23:02:05,322] {dag.py:2972} INFO - Setting next_dagrun for example_xcom_args to None, run_after=None
[2023-07-11 23:02:05,322] {logging_mixin.py:115} INFO - [2023-07-11 23:02:05,322] {dag.py:2972} INFO - Setting next_dagrun for example_xcom_args_with_operators to None, run_after=None
[2023-07-11 23:02:05,372] {processor.py:161} INFO - Processing /home/airflow/.local/lib/python3.7/site-packages/airflow/example_dags/example_xcomargs.py took 0.418 seconds
[2023-07-11 23:02:36,034] {processor.py:153} INFO - Started process (PID=2366) to work on /home/airflow/.local/lib/python3.7/site-packages/airflow/example_dags/example_xcomargs.py
[2023-07-11 23:02:36,055] {processor.py:641} INFO - Processing file /home/airflow/.local/lib/python3.7/site-packages/airflow/example_dags/example_xcomargs.py for tasks to queue
[2023-07-11 23:02:36,056] {logging_mixin.py:115} INFO - [2023-07-11 23:02:36,056] {dagbag.py:508} INFO - Filling up the DagBag from /home/airflow/.local/lib/python3.7/site-packages/airflow/example_dags/example_xcomargs.py
[2023-07-11 23:02:36,180] {processor.py:651} INFO - DAG(s) dict_keys(['example_xcom_args', 'example_xcom_args_with_operators']) retrieved from /home/airflow/.local/lib/python3.7/site-packages/airflow/example_dags/example_xcomargs.py
[2023-07-11 23:02:36,276] {logging_mixin.py:115} INFO - [2023-07-11 23:02:36,275] {dag.py:2420} INFO - Sync 2 DAGs
[2023-07-11 23:02:36,340] {logging_mixin.py:115} INFO - [2023-07-11 23:02:36,339] {dag.py:2972} INFO - Setting next_dagrun for example_xcom_args to None, run_after=None
[2023-07-11 23:02:36,340] {logging_mixin.py:115} INFO - [2023-07-11 23:02:36,340] {dag.py:2972} INFO - Setting next_dagrun for example_xcom_args_with_operators to None, run_after=None
[2023-07-11 23:02:36,373] {processor.py:161} INFO - Processing /home/airflow/.local/lib/python3.7/site-packages/airflow/example_dags/example_xcomargs.py took 0.359 seconds
[2023-07-11 23:03:06,469] {processor.py:153} INFO - Started process (PID=2418) to work on /home/airflow/.local/lib/python3.7/site-packages/airflow/example_dags/example_xcomargs.py
[2023-07-11 23:03:06,473] {processor.py:641} INFO - Processing file /home/airflow/.local/lib/python3.7/site-packages/airflow/example_dags/example_xcomargs.py for tasks to queue
[2023-07-11 23:03:06,474] {logging_mixin.py:115} INFO - [2023-07-11 23:03:06,474] {dagbag.py:508} INFO - Filling up the DagBag from /home/airflow/.local/lib/python3.7/site-packages/airflow/example_dags/example_xcomargs.py
[2023-07-11 23:03:06,523] {processor.py:651} INFO - DAG(s) dict_keys(['example_xcom_args', 'example_xcom_args_with_operators']) retrieved from /home/airflow/.local/lib/python3.7/site-packages/airflow/example_dags/example_xcomargs.py
[2023-07-11 23:03:06,797] {logging_mixin.py:115} INFO - [2023-07-11 23:03:06,797] {dag.py:2420} INFO - Sync 2 DAGs
[2023-07-11 23:03:06,864] {logging_mixin.py:115} INFO - [2023-07-11 23:03:06,864] {dag.py:2972} INFO - Setting next_dagrun for example_xcom_args to None, run_after=None
[2023-07-11 23:03:06,865] {logging_mixin.py:115} INFO - [2023-07-11 23:03:06,865] {dag.py:2972} INFO - Setting next_dagrun for example_xcom_args_with_operators to None, run_after=None
[2023-07-11 23:03:06,914] {processor.py:161} INFO - Processing /home/airflow/.local/lib/python3.7/site-packages/airflow/example_dags/example_xcomargs.py took 0.457 seconds
[2023-07-11 23:03:37,370] {processor.py:153} INFO - Started process (PID=2478) to work on /home/airflow/.local/lib/python3.7/site-packages/airflow/example_dags/example_xcomargs.py
[2023-07-11 23:03:37,371] {processor.py:641} INFO - Processing file /home/airflow/.local/lib/python3.7/site-packages/airflow/example_dags/example_xcomargs.py for tasks to queue
[2023-07-11 23:03:37,372] {logging_mixin.py:115} INFO - [2023-07-11 23:03:37,372] {dagbag.py:508} INFO - Filling up the DagBag from /home/airflow/.local/lib/python3.7/site-packages/airflow/example_dags/example_xcomargs.py
[2023-07-11 23:03:37,439] {processor.py:651} INFO - DAG(s) dict_keys(['example_xcom_args', 'example_xcom_args_with_operators']) retrieved from /home/airflow/.local/lib/python3.7/site-packages/airflow/example_dags/example_xcomargs.py
[2023-07-11 23:03:37,663] {logging_mixin.py:115} INFO - [2023-07-11 23:03:37,663] {dag.py:2420} INFO - Sync 2 DAGs
[2023-07-11 23:03:37,743] {logging_mixin.py:115} INFO - [2023-07-11 23:03:37,743] {dag.py:2972} INFO - Setting next_dagrun for example_xcom_args to None, run_after=None
[2023-07-11 23:03:37,744] {logging_mixin.py:115} INFO - [2023-07-11 23:03:37,744] {dag.py:2972} INFO - Setting next_dagrun for example_xcom_args_with_operators to None, run_after=None
[2023-07-11 23:03:37,791] {processor.py:161} INFO - Processing /home/airflow/.local/lib/python3.7/site-packages/airflow/example_dags/example_xcomargs.py took 0.430 seconds
[2023-07-11 23:04:08,253] {processor.py:153} INFO - Started process (PID=2530) to work on /home/airflow/.local/lib/python3.7/site-packages/airflow/example_dags/example_xcomargs.py
[2023-07-11 23:04:08,255] {processor.py:641} INFO - Processing file /home/airflow/.local/lib/python3.7/site-packages/airflow/example_dags/example_xcomargs.py for tasks to queue
[2023-07-11 23:04:08,257] {logging_mixin.py:115} INFO - [2023-07-11 23:04:08,256] {dagbag.py:508} INFO - Filling up the DagBag from /home/airflow/.local/lib/python3.7/site-packages/airflow/example_dags/example_xcomargs.py
[2023-07-11 23:04:08,322] {processor.py:651} INFO - DAG(s) dict_keys(['example_xcom_args', 'example_xcom_args_with_operators']) retrieved from /home/airflow/.local/lib/python3.7/site-packages/airflow/example_dags/example_xcomargs.py
[2023-07-11 23:04:08,499] {logging_mixin.py:115} INFO - [2023-07-11 23:04:08,498] {dag.py:2420} INFO - Sync 2 DAGs
[2023-07-11 23:04:08,551] {logging_mixin.py:115} INFO - [2023-07-11 23:04:08,551] {dag.py:2972} INFO - Setting next_dagrun for example_xcom_args to None, run_after=None
[2023-07-11 23:04:08,552] {logging_mixin.py:115} INFO - [2023-07-11 23:04:08,552] {dag.py:2972} INFO - Setting next_dagrun for example_xcom_args_with_operators to None, run_after=None
[2023-07-11 23:04:08,576] {processor.py:161} INFO - Processing /home/airflow/.local/lib/python3.7/site-packages/airflow/example_dags/example_xcomargs.py took 0.333 seconds
[2023-07-11 23:04:39,303] {processor.py:153} INFO - Started process (PID=2582) to work on /home/airflow/.local/lib/python3.7/site-packages/airflow/example_dags/example_xcomargs.py
[2023-07-11 23:04:39,304] {processor.py:641} INFO - Processing file /home/airflow/.local/lib/python3.7/site-packages/airflow/example_dags/example_xcomargs.py for tasks to queue
[2023-07-11 23:04:39,305] {logging_mixin.py:115} INFO - [2023-07-11 23:04:39,305] {dagbag.py:508} INFO - Filling up the DagBag from /home/airflow/.local/lib/python3.7/site-packages/airflow/example_dags/example_xcomargs.py
[2023-07-11 23:04:39,366] {processor.py:651} INFO - DAG(s) dict_keys(['example_xcom_args', 'example_xcom_args_with_operators']) retrieved from /home/airflow/.local/lib/python3.7/site-packages/airflow/example_dags/example_xcomargs.py
[2023-07-11 23:04:39,526] {logging_mixin.py:115} INFO - [2023-07-11 23:04:39,526] {dag.py:2420} INFO - Sync 2 DAGs
[2023-07-11 23:04:39,559] {logging_mixin.py:115} INFO - [2023-07-11 23:04:39,559] {dag.py:2972} INFO - Setting next_dagrun for example_xcom_args to None, run_after=None
[2023-07-11 23:04:39,560] {logging_mixin.py:115} INFO - [2023-07-11 23:04:39,560] {dag.py:2972} INFO - Setting next_dagrun for example_xcom_args_with_operators to None, run_after=None
[2023-07-11 23:04:39,588] {processor.py:161} INFO - Processing /home/airflow/.local/lib/python3.7/site-packages/airflow/example_dags/example_xcomargs.py took 0.290 seconds
[2023-07-11 23:05:10,221] {processor.py:153} INFO - Started process (PID=2634) to work on /home/airflow/.local/lib/python3.7/site-packages/airflow/example_dags/example_xcomargs.py
[2023-07-11 23:05:10,224] {processor.py:641} INFO - Processing file /home/airflow/.local/lib/python3.7/site-packages/airflow/example_dags/example_xcomargs.py for tasks to queue
[2023-07-11 23:05:10,226] {logging_mixin.py:115} INFO - [2023-07-11 23:05:10,225] {dagbag.py:508} INFO - Filling up the DagBag from /home/airflow/.local/lib/python3.7/site-packages/airflow/example_dags/example_xcomargs.py
[2023-07-11 23:05:10,268] {processor.py:651} INFO - DAG(s) dict_keys(['example_xcom_args', 'example_xcom_args_with_operators']) retrieved from /home/airflow/.local/lib/python3.7/site-packages/airflow/example_dags/example_xcomargs.py
[2023-07-11 23:05:10,703] {logging_mixin.py:115} INFO - [2023-07-11 23:05:10,702] {dag.py:2420} INFO - Sync 2 DAGs
[2023-07-11 23:05:10,830] {logging_mixin.py:115} INFO - [2023-07-11 23:05:10,829] {dag.py:2972} INFO - Setting next_dagrun for example_xcom_args to None, run_after=None
[2023-07-11 23:05:10,836] {logging_mixin.py:115} INFO - [2023-07-11 23:05:10,836] {dag.py:2972} INFO - Setting next_dagrun for example_xcom_args_with_operators to None, run_after=None
[2023-07-11 23:05:10,947] {processor.py:161} INFO - Processing /home/airflow/.local/lib/python3.7/site-packages/airflow/example_dags/example_xcomargs.py took 0.735 seconds
[2023-07-11 23:05:41,599] {processor.py:153} INFO - Started process (PID=2686) to work on /home/airflow/.local/lib/python3.7/site-packages/airflow/example_dags/example_xcomargs.py
[2023-07-11 23:05:41,601] {processor.py:641} INFO - Processing file /home/airflow/.local/lib/python3.7/site-packages/airflow/example_dags/example_xcomargs.py for tasks to queue
[2023-07-11 23:05:41,603] {logging_mixin.py:115} INFO - [2023-07-11 23:05:41,602] {dagbag.py:508} INFO - Filling up the DagBag from /home/airflow/.local/lib/python3.7/site-packages/airflow/example_dags/example_xcomargs.py
[2023-07-11 23:05:41,664] {processor.py:651} INFO - DAG(s) dict_keys(['example_xcom_args', 'example_xcom_args_with_operators']) retrieved from /home/airflow/.local/lib/python3.7/site-packages/airflow/example_dags/example_xcomargs.py
[2023-07-11 23:05:42,310] {logging_mixin.py:115} INFO - [2023-07-11 23:05:42,310] {dag.py:2420} INFO - Sync 2 DAGs
[2023-07-11 23:05:42,484] {logging_mixin.py:115} INFO - [2023-07-11 23:05:42,484] {dag.py:2972} INFO - Setting next_dagrun for example_xcom_args to None, run_after=None
[2023-07-11 23:05:42,485] {logging_mixin.py:115} INFO - [2023-07-11 23:05:42,485] {dag.py:2972} INFO - Setting next_dagrun for example_xcom_args_with_operators to None, run_after=None
[2023-07-11 23:05:42,707] {processor.py:161} INFO - Processing /home/airflow/.local/lib/python3.7/site-packages/airflow/example_dags/example_xcomargs.py took 1.118 seconds
[2023-07-11 23:06:12,883] {processor.py:153} INFO - Started process (PID=2739) to work on /home/airflow/.local/lib/python3.7/site-packages/airflow/example_dags/example_xcomargs.py
[2023-07-11 23:06:12,884] {processor.py:641} INFO - Processing file /home/airflow/.local/lib/python3.7/site-packages/airflow/example_dags/example_xcomargs.py for tasks to queue
[2023-07-11 23:06:12,885] {logging_mixin.py:115} INFO - [2023-07-11 23:06:12,885] {dagbag.py:508} INFO - Filling up the DagBag from /home/airflow/.local/lib/python3.7/site-packages/airflow/example_dags/example_xcomargs.py
[2023-07-11 23:06:12,929] {processor.py:651} INFO - DAG(s) dict_keys(['example_xcom_args', 'example_xcom_args_with_operators']) retrieved from /home/airflow/.local/lib/python3.7/site-packages/airflow/example_dags/example_xcomargs.py
[2023-07-11 23:06:13,025] {logging_mixin.py:115} INFO - [2023-07-11 23:06:13,025] {dag.py:2420} INFO - Sync 2 DAGs
[2023-07-11 23:06:13,102] {logging_mixin.py:115} INFO - [2023-07-11 23:06:13,102] {dag.py:2972} INFO - Setting next_dagrun for example_xcom_args to None, run_after=None
[2023-07-11 23:06:13,104] {logging_mixin.py:115} INFO - [2023-07-11 23:06:13,104] {dag.py:2972} INFO - Setting next_dagrun for example_xcom_args_with_operators to None, run_after=None
[2023-07-11 23:06:13,168] {processor.py:161} INFO - Processing /home/airflow/.local/lib/python3.7/site-packages/airflow/example_dags/example_xcomargs.py took 0.292 seconds
[2023-07-11 23:06:43,424] {processor.py:153} INFO - Started process (PID=2799) to work on /home/airflow/.local/lib/python3.7/site-packages/airflow/example_dags/example_xcomargs.py
[2023-07-11 23:06:43,425] {processor.py:641} INFO - Processing file /home/airflow/.local/lib/python3.7/site-packages/airflow/example_dags/example_xcomargs.py for tasks to queue
[2023-07-11 23:06:43,426] {logging_mixin.py:115} INFO - [2023-07-11 23:06:43,426] {dagbag.py:508} INFO - Filling up the DagBag from /home/airflow/.local/lib/python3.7/site-packages/airflow/example_dags/example_xcomargs.py
[2023-07-11 23:06:43,482] {processor.py:651} INFO - DAG(s) dict_keys(['example_xcom_args', 'example_xcom_args_with_operators']) retrieved from /home/airflow/.local/lib/python3.7/site-packages/airflow/example_dags/example_xcomargs.py
[2023-07-11 23:06:43,771] {logging_mixin.py:115} INFO - [2023-07-11 23:06:43,771] {dag.py:2420} INFO - Sync 2 DAGs
[2023-07-11 23:06:43,845] {logging_mixin.py:115} INFO - [2023-07-11 23:06:43,845] {dag.py:2972} INFO - Setting next_dagrun for example_xcom_args to None, run_after=None
[2023-07-11 23:06:43,848] {logging_mixin.py:115} INFO - [2023-07-11 23:06:43,848] {dag.py:2972} INFO - Setting next_dagrun for example_xcom_args_with_operators to None, run_after=None
[2023-07-11 23:06:43,895] {processor.py:161} INFO - Processing /home/airflow/.local/lib/python3.7/site-packages/airflow/example_dags/example_xcomargs.py took 0.481 seconds
[2023-07-11 23:07:14,099] {processor.py:153} INFO - Started process (PID=2850) to work on /home/airflow/.local/lib/python3.7/site-packages/airflow/example_dags/example_xcomargs.py
[2023-07-11 23:07:14,100] {processor.py:641} INFO - Processing file /home/airflow/.local/lib/python3.7/site-packages/airflow/example_dags/example_xcomargs.py for tasks to queue
[2023-07-11 23:07:14,107] {logging_mixin.py:115} INFO - [2023-07-11 23:07:14,104] {dagbag.py:508} INFO - Filling up the DagBag from /home/airflow/.local/lib/python3.7/site-packages/airflow/example_dags/example_xcomargs.py
[2023-07-11 23:07:14,183] {processor.py:651} INFO - DAG(s) dict_keys(['example_xcom_args', 'example_xcom_args_with_operators']) retrieved from /home/airflow/.local/lib/python3.7/site-packages/airflow/example_dags/example_xcomargs.py
[2023-07-11 23:07:14,253] {logging_mixin.py:115} INFO - [2023-07-11 23:07:14,253] {dag.py:2420} INFO - Sync 2 DAGs
[2023-07-11 23:07:14,311] {logging_mixin.py:115} INFO - [2023-07-11 23:07:14,311] {dag.py:2972} INFO - Setting next_dagrun for example_xcom_args to None, run_after=None
[2023-07-11 23:07:14,311] {logging_mixin.py:115} INFO - [2023-07-11 23:07:14,311] {dag.py:2972} INFO - Setting next_dagrun for example_xcom_args_with_operators to None, run_after=None
[2023-07-11 23:07:14,366] {processor.py:161} INFO - Processing /home/airflow/.local/lib/python3.7/site-packages/airflow/example_dags/example_xcomargs.py took 0.273 seconds
[2023-07-11 23:07:44,419] {processor.py:153} INFO - Started process (PID=2900) to work on /home/airflow/.local/lib/python3.7/site-packages/airflow/example_dags/example_xcomargs.py
[2023-07-11 23:07:44,420] {processor.py:641} INFO - Processing file /home/airflow/.local/lib/python3.7/site-packages/airflow/example_dags/example_xcomargs.py for tasks to queue
[2023-07-11 23:07:44,421] {logging_mixin.py:115} INFO - [2023-07-11 23:07:44,420] {dagbag.py:508} INFO - Filling up the DagBag from /home/airflow/.local/lib/python3.7/site-packages/airflow/example_dags/example_xcomargs.py
[2023-07-11 23:07:44,472] {processor.py:651} INFO - DAG(s) dict_keys(['example_xcom_args', 'example_xcom_args_with_operators']) retrieved from /home/airflow/.local/lib/python3.7/site-packages/airflow/example_dags/example_xcomargs.py
[2023-07-11 23:07:44,684] {logging_mixin.py:115} INFO - [2023-07-11 23:07:44,684] {dag.py:2420} INFO - Sync 2 DAGs
[2023-07-11 23:07:44,717] {logging_mixin.py:115} INFO - [2023-07-11 23:07:44,717] {dag.py:2972} INFO - Setting next_dagrun for example_xcom_args to None, run_after=None
[2023-07-11 23:07:44,717] {logging_mixin.py:115} INFO - [2023-07-11 23:07:44,717] {dag.py:2972} INFO - Setting next_dagrun for example_xcom_args_with_operators to None, run_after=None
[2023-07-11 23:07:44,736] {processor.py:161} INFO - Processing /home/airflow/.local/lib/python3.7/site-packages/airflow/example_dags/example_xcomargs.py took 0.323 seconds
[2023-07-11 23:08:15,452] {processor.py:153} INFO - Started process (PID=2952) to work on /home/airflow/.local/lib/python3.7/site-packages/airflow/example_dags/example_xcomargs.py
[2023-07-11 23:08:15,453] {processor.py:641} INFO - Processing file /home/airflow/.local/lib/python3.7/site-packages/airflow/example_dags/example_xcomargs.py for tasks to queue
[2023-07-11 23:08:15,455] {logging_mixin.py:115} INFO - [2023-07-11 23:08:15,455] {dagbag.py:508} INFO - Filling up the DagBag from /home/airflow/.local/lib/python3.7/site-packages/airflow/example_dags/example_xcomargs.py
[2023-07-11 23:08:15,535] {processor.py:651} INFO - DAG(s) dict_keys(['example_xcom_args', 'example_xcom_args_with_operators']) retrieved from /home/airflow/.local/lib/python3.7/site-packages/airflow/example_dags/example_xcomargs.py
[2023-07-11 23:08:15,636] {logging_mixin.py:115} INFO - [2023-07-11 23:08:15,635] {dag.py:2420} INFO - Sync 2 DAGs
[2023-07-11 23:08:15,705] {logging_mixin.py:115} INFO - [2023-07-11 23:08:15,705] {dag.py:2972} INFO - Setting next_dagrun for example_xcom_args to None, run_after=None
[2023-07-11 23:08:15,705] {logging_mixin.py:115} INFO - [2023-07-11 23:08:15,705] {dag.py:2972} INFO - Setting next_dagrun for example_xcom_args_with_operators to None, run_after=None
[2023-07-11 23:08:15,736] {processor.py:161} INFO - Processing /home/airflow/.local/lib/python3.7/site-packages/airflow/example_dags/example_xcomargs.py took 0.290 seconds
[2023-07-11 23:08:46,284] {processor.py:153} INFO - Started process (PID=3004) to work on /home/airflow/.local/lib/python3.7/site-packages/airflow/example_dags/example_xcomargs.py
[2023-07-11 23:08:46,285] {processor.py:641} INFO - Processing file /home/airflow/.local/lib/python3.7/site-packages/airflow/example_dags/example_xcomargs.py for tasks to queue
[2023-07-11 23:08:46,287] {logging_mixin.py:115} INFO - [2023-07-11 23:08:46,287] {dagbag.py:508} INFO - Filling up the DagBag from /home/airflow/.local/lib/python3.7/site-packages/airflow/example_dags/example_xcomargs.py
[2023-07-11 23:08:46,348] {processor.py:651} INFO - DAG(s) dict_keys(['example_xcom_args', 'example_xcom_args_with_operators']) retrieved from /home/airflow/.local/lib/python3.7/site-packages/airflow/example_dags/example_xcomargs.py
[2023-07-11 23:08:46,492] {logging_mixin.py:115} INFO - [2023-07-11 23:08:46,492] {dag.py:2420} INFO - Sync 2 DAGs
[2023-07-11 23:08:46,565] {logging_mixin.py:115} INFO - [2023-07-11 23:08:46,565] {dag.py:2972} INFO - Setting next_dagrun for example_xcom_args to None, run_after=None
[2023-07-11 23:08:46,566] {logging_mixin.py:115} INFO - [2023-07-11 23:08:46,565] {dag.py:2972} INFO - Setting next_dagrun for example_xcom_args_with_operators to None, run_after=None
[2023-07-11 23:08:46,607] {processor.py:161} INFO - Processing /home/airflow/.local/lib/python3.7/site-packages/airflow/example_dags/example_xcomargs.py took 0.330 seconds
[2023-07-11 23:09:17,240] {processor.py:153} INFO - Started process (PID=3064) to work on /home/airflow/.local/lib/python3.7/site-packages/airflow/example_dags/example_xcomargs.py
[2023-07-11 23:09:17,241] {processor.py:641} INFO - Processing file /home/airflow/.local/lib/python3.7/site-packages/airflow/example_dags/example_xcomargs.py for tasks to queue
[2023-07-11 23:09:17,242] {logging_mixin.py:115} INFO - [2023-07-11 23:09:17,242] {dagbag.py:508} INFO - Filling up the DagBag from /home/airflow/.local/lib/python3.7/site-packages/airflow/example_dags/example_xcomargs.py
[2023-07-11 23:09:17,296] {processor.py:651} INFO - DAG(s) dict_keys(['example_xcom_args', 'example_xcom_args_with_operators']) retrieved from /home/airflow/.local/lib/python3.7/site-packages/airflow/example_dags/example_xcomargs.py
[2023-07-11 23:09:17,507] {logging_mixin.py:115} INFO - [2023-07-11 23:09:17,506] {dag.py:2420} INFO - Sync 2 DAGs
[2023-07-11 23:09:17,594] {logging_mixin.py:115} INFO - [2023-07-11 23:09:17,594] {dag.py:2972} INFO - Setting next_dagrun for example_xcom_args to None, run_after=None
[2023-07-11 23:09:17,595] {logging_mixin.py:115} INFO - [2023-07-11 23:09:17,595] {dag.py:2972} INFO - Setting next_dagrun for example_xcom_args_with_operators to None, run_after=None
[2023-07-11 23:09:17,628] {processor.py:161} INFO - Processing /home/airflow/.local/lib/python3.7/site-packages/airflow/example_dags/example_xcomargs.py took 0.392 seconds
[2023-07-11 23:09:47,937] {processor.py:153} INFO - Started process (PID=3117) to work on /home/airflow/.local/lib/python3.7/site-packages/airflow/example_dags/example_xcomargs.py
[2023-07-11 23:09:47,937] {processor.py:641} INFO - Processing file /home/airflow/.local/lib/python3.7/site-packages/airflow/example_dags/example_xcomargs.py for tasks to queue
[2023-07-11 23:09:47,938] {logging_mixin.py:115} INFO - [2023-07-11 23:09:47,938] {dagbag.py:508} INFO - Filling up the DagBag from /home/airflow/.local/lib/python3.7/site-packages/airflow/example_dags/example_xcomargs.py
[2023-07-11 23:09:47,975] {processor.py:651} INFO - DAG(s) dict_keys(['example_xcom_args', 'example_xcom_args_with_operators']) retrieved from /home/airflow/.local/lib/python3.7/site-packages/airflow/example_dags/example_xcomargs.py
[2023-07-11 23:09:48,032] {logging_mixin.py:115} INFO - [2023-07-11 23:09:48,032] {dag.py:2420} INFO - Sync 2 DAGs
[2023-07-11 23:09:48,094] {logging_mixin.py:115} INFO - [2023-07-11 23:09:48,094] {dag.py:2972} INFO - Setting next_dagrun for example_xcom_args to None, run_after=None
[2023-07-11 23:09:48,095] {logging_mixin.py:115} INFO - [2023-07-11 23:09:48,094] {dag.py:2972} INFO - Setting next_dagrun for example_xcom_args_with_operators to None, run_after=None
[2023-07-11 23:09:48,121] {processor.py:161} INFO - Processing /home/airflow/.local/lib/python3.7/site-packages/airflow/example_dags/example_xcomargs.py took 0.190 seconds
[2023-07-11 23:10:18,275] {processor.py:153} INFO - Started process (PID=3169) to work on /home/airflow/.local/lib/python3.7/site-packages/airflow/example_dags/example_xcomargs.py
[2023-07-11 23:10:18,275] {processor.py:641} INFO - Processing file /home/airflow/.local/lib/python3.7/site-packages/airflow/example_dags/example_xcomargs.py for tasks to queue
[2023-07-11 23:10:18,276] {logging_mixin.py:115} INFO - [2023-07-11 23:10:18,276] {dagbag.py:508} INFO - Filling up the DagBag from /home/airflow/.local/lib/python3.7/site-packages/airflow/example_dags/example_xcomargs.py
[2023-07-11 23:10:18,325] {processor.py:651} INFO - DAG(s) dict_keys(['example_xcom_args', 'example_xcom_args_with_operators']) retrieved from /home/airflow/.local/lib/python3.7/site-packages/airflow/example_dags/example_xcomargs.py
[2023-07-11 23:10:18,543] {logging_mixin.py:115} INFO - [2023-07-11 23:10:18,542] {dag.py:2420} INFO - Sync 2 DAGs
[2023-07-11 23:10:18,633] {logging_mixin.py:115} INFO - [2023-07-11 23:10:18,633] {dag.py:2972} INFO - Setting next_dagrun for example_xcom_args to None, run_after=None
[2023-07-11 23:10:18,634] {logging_mixin.py:115} INFO - [2023-07-11 23:10:18,634] {dag.py:2972} INFO - Setting next_dagrun for example_xcom_args_with_operators to None, run_after=None
[2023-07-11 23:10:18,676] {processor.py:161} INFO - Processing /home/airflow/.local/lib/python3.7/site-packages/airflow/example_dags/example_xcomargs.py took 0.408 seconds
[2023-07-11 23:10:49,064] {processor.py:153} INFO - Started process (PID=3221) to work on /home/airflow/.local/lib/python3.7/site-packages/airflow/example_dags/example_xcomargs.py
[2023-07-11 23:10:49,065] {processor.py:641} INFO - Processing file /home/airflow/.local/lib/python3.7/site-packages/airflow/example_dags/example_xcomargs.py for tasks to queue
[2023-07-11 23:10:49,067] {logging_mixin.py:115} INFO - [2023-07-11 23:10:49,067] {dagbag.py:508} INFO - Filling up the DagBag from /home/airflow/.local/lib/python3.7/site-packages/airflow/example_dags/example_xcomargs.py
[2023-07-11 23:10:49,142] {processor.py:651} INFO - DAG(s) dict_keys(['example_xcom_args', 'example_xcom_args_with_operators']) retrieved from /home/airflow/.local/lib/python3.7/site-packages/airflow/example_dags/example_xcomargs.py
[2023-07-11 23:10:49,646] {logging_mixin.py:115} INFO - [2023-07-11 23:10:49,646] {dag.py:2420} INFO - Sync 2 DAGs
[2023-07-11 23:10:49,783] {logging_mixin.py:115} INFO - [2023-07-11 23:10:49,783] {dag.py:2972} INFO - Setting next_dagrun for example_xcom_args to None, run_after=None
[2023-07-11 23:10:49,784] {logging_mixin.py:115} INFO - [2023-07-11 23:10:49,783] {dag.py:2972} INFO - Setting next_dagrun for example_xcom_args_with_operators to None, run_after=None
[2023-07-11 23:10:49,880] {processor.py:161} INFO - Processing /home/airflow/.local/lib/python3.7/site-packages/airflow/example_dags/example_xcomargs.py took 0.824 seconds
[2023-07-11 23:11:20,052] {processor.py:153} INFO - Started process (PID=3272) to work on /home/airflow/.local/lib/python3.7/site-packages/airflow/example_dags/example_xcomargs.py
[2023-07-11 23:11:20,053] {processor.py:641} INFO - Processing file /home/airflow/.local/lib/python3.7/site-packages/airflow/example_dags/example_xcomargs.py for tasks to queue
[2023-07-11 23:11:20,054] {logging_mixin.py:115} INFO - [2023-07-11 23:11:20,053] {dagbag.py:508} INFO - Filling up the DagBag from /home/airflow/.local/lib/python3.7/site-packages/airflow/example_dags/example_xcomargs.py
[2023-07-11 23:11:20,183] {processor.py:651} INFO - DAG(s) dict_keys(['example_xcom_args', 'example_xcom_args_with_operators']) retrieved from /home/airflow/.local/lib/python3.7/site-packages/airflow/example_dags/example_xcomargs.py
[2023-07-11 23:11:20,460] {logging_mixin.py:115} INFO - [2023-07-11 23:11:20,459] {dag.py:2420} INFO - Sync 2 DAGs
[2023-07-11 23:11:20,648] {logging_mixin.py:115} INFO - [2023-07-11 23:11:20,648] {dag.py:2972} INFO - Setting next_dagrun for example_xcom_args to None, run_after=None
[2023-07-11 23:11:20,664] {logging_mixin.py:115} INFO - [2023-07-11 23:11:20,664] {dag.py:2972} INFO - Setting next_dagrun for example_xcom_args_with_operators to None, run_after=None
[2023-07-11 23:11:20,774] {processor.py:161} INFO - Processing /home/airflow/.local/lib/python3.7/site-packages/airflow/example_dags/example_xcomargs.py took 0.731 seconds
[2023-07-11 23:11:51,746] {processor.py:153} INFO - Started process (PID=3332) to work on /home/airflow/.local/lib/python3.7/site-packages/airflow/example_dags/example_xcomargs.py
[2023-07-11 23:11:51,747] {processor.py:641} INFO - Processing file /home/airflow/.local/lib/python3.7/site-packages/airflow/example_dags/example_xcomargs.py for tasks to queue
[2023-07-11 23:11:51,748] {logging_mixin.py:115} INFO - [2023-07-11 23:11:51,747] {dagbag.py:508} INFO - Filling up the DagBag from /home/airflow/.local/lib/python3.7/site-packages/airflow/example_dags/example_xcomargs.py
[2023-07-11 23:11:51,773] {processor.py:651} INFO - DAG(s) dict_keys(['example_xcom_args', 'example_xcom_args_with_operators']) retrieved from /home/airflow/.local/lib/python3.7/site-packages/airflow/example_dags/example_xcomargs.py
[2023-07-11 23:11:51,805] {logging_mixin.py:115} INFO - [2023-07-11 23:11:51,805] {dag.py:2420} INFO - Sync 2 DAGs
[2023-07-11 23:11:51,840] {logging_mixin.py:115} INFO - [2023-07-11 23:11:51,840] {dag.py:2972} INFO - Setting next_dagrun for example_xcom_args to None, run_after=None
[2023-07-11 23:11:51,840] {logging_mixin.py:115} INFO - [2023-07-11 23:11:51,840] {dag.py:2972} INFO - Setting next_dagrun for example_xcom_args_with_operators to None, run_after=None
[2023-07-11 23:11:51,877] {processor.py:161} INFO - Processing /home/airflow/.local/lib/python3.7/site-packages/airflow/example_dags/example_xcomargs.py took 0.134 seconds
[2023-07-11 23:12:22,380] {processor.py:153} INFO - Started process (PID=3385) to work on /home/airflow/.local/lib/python3.7/site-packages/airflow/example_dags/example_xcomargs.py
[2023-07-11 23:12:22,380] {processor.py:641} INFO - Processing file /home/airflow/.local/lib/python3.7/site-packages/airflow/example_dags/example_xcomargs.py for tasks to queue
[2023-07-11 23:12:22,381] {logging_mixin.py:115} INFO - [2023-07-11 23:12:22,381] {dagbag.py:508} INFO - Filling up the DagBag from /home/airflow/.local/lib/python3.7/site-packages/airflow/example_dags/example_xcomargs.py
[2023-07-11 23:12:22,410] {processor.py:651} INFO - DAG(s) dict_keys(['example_xcom_args', 'example_xcom_args_with_operators']) retrieved from /home/airflow/.local/lib/python3.7/site-packages/airflow/example_dags/example_xcomargs.py
[2023-07-11 23:12:22,569] {logging_mixin.py:115} INFO - [2023-07-11 23:12:22,569] {dag.py:2420} INFO - Sync 2 DAGs
[2023-07-11 23:12:22,599] {logging_mixin.py:115} INFO - [2023-07-11 23:12:22,599] {dag.py:2972} INFO - Setting next_dagrun for example_xcom_args to None, run_after=None
[2023-07-11 23:12:22,600] {logging_mixin.py:115} INFO - [2023-07-11 23:12:22,600] {dag.py:2972} INFO - Setting next_dagrun for example_xcom_args_with_operators to None, run_after=None
[2023-07-11 23:12:22,617] {processor.py:161} INFO - Processing /home/airflow/.local/lib/python3.7/site-packages/airflow/example_dags/example_xcomargs.py took 0.242 seconds
[2023-07-11 23:12:52,794] {processor.py:153} INFO - Started process (PID=3437) to work on /home/airflow/.local/lib/python3.7/site-packages/airflow/example_dags/example_xcomargs.py
[2023-07-11 23:12:52,794] {processor.py:641} INFO - Processing file /home/airflow/.local/lib/python3.7/site-packages/airflow/example_dags/example_xcomargs.py for tasks to queue
[2023-07-11 23:12:52,795] {logging_mixin.py:115} INFO - [2023-07-11 23:12:52,795] {dagbag.py:508} INFO - Filling up the DagBag from /home/airflow/.local/lib/python3.7/site-packages/airflow/example_dags/example_xcomargs.py
[2023-07-11 23:12:52,818] {processor.py:651} INFO - DAG(s) dict_keys(['example_xcom_args', 'example_xcom_args_with_operators']) retrieved from /home/airflow/.local/lib/python3.7/site-packages/airflow/example_dags/example_xcomargs.py
[2023-07-11 23:12:52,931] {logging_mixin.py:115} INFO - [2023-07-11 23:12:52,931] {dag.py:2420} INFO - Sync 2 DAGs
[2023-07-11 23:12:52,964] {logging_mixin.py:115} INFO - [2023-07-11 23:12:52,964] {dag.py:2972} INFO - Setting next_dagrun for example_xcom_args to None, run_after=None
[2023-07-11 23:12:52,964] {logging_mixin.py:115} INFO - [2023-07-11 23:12:52,964] {dag.py:2972} INFO - Setting next_dagrun for example_xcom_args_with_operators to None, run_after=None
[2023-07-11 23:12:53,003] {processor.py:161} INFO - Processing /home/airflow/.local/lib/python3.7/site-packages/airflow/example_dags/example_xcomargs.py took 0.213 seconds
[2023-07-11 23:13:23,471] {processor.py:153} INFO - Started process (PID=3489) to work on /home/airflow/.local/lib/python3.7/site-packages/airflow/example_dags/example_xcomargs.py
[2023-07-11 23:13:23,484] {processor.py:641} INFO - Processing file /home/airflow/.local/lib/python3.7/site-packages/airflow/example_dags/example_xcomargs.py for tasks to queue
[2023-07-11 23:13:23,485] {logging_mixin.py:115} INFO - [2023-07-11 23:13:23,485] {dagbag.py:508} INFO - Filling up the DagBag from /home/airflow/.local/lib/python3.7/site-packages/airflow/example_dags/example_xcomargs.py
[2023-07-11 23:13:23,640] {processor.py:651} INFO - DAG(s) dict_keys(['example_xcom_args', 'example_xcom_args_with_operators']) retrieved from /home/airflow/.local/lib/python3.7/site-packages/airflow/example_dags/example_xcomargs.py
[2023-07-11 23:13:24,309] {logging_mixin.py:115} INFO - [2023-07-11 23:13:24,309] {dag.py:2420} INFO - Sync 2 DAGs
[2023-07-11 23:13:24,555] {logging_mixin.py:115} INFO - [2023-07-11 23:13:24,555] {dag.py:2972} INFO - Setting next_dagrun for example_xcom_args to None, run_after=None
[2023-07-11 23:13:24,561] {logging_mixin.py:115} INFO - [2023-07-11 23:13:24,560] {dag.py:2972} INFO - Setting next_dagrun for example_xcom_args_with_operators to None, run_after=None
[2023-07-11 23:13:24,603] {processor.py:161} INFO - Processing /home/airflow/.local/lib/python3.7/site-packages/airflow/example_dags/example_xcomargs.py took 1.142 seconds
[2023-07-11 23:13:54,802] {processor.py:153} INFO - Started process (PID=3550) to work on /home/airflow/.local/lib/python3.7/site-packages/airflow/example_dags/example_xcomargs.py
[2023-07-11 23:13:54,807] {processor.py:641} INFO - Processing file /home/airflow/.local/lib/python3.7/site-packages/airflow/example_dags/example_xcomargs.py for tasks to queue
[2023-07-11 23:13:54,808] {logging_mixin.py:115} INFO - [2023-07-11 23:13:54,807] {dagbag.py:508} INFO - Filling up the DagBag from /home/airflow/.local/lib/python3.7/site-packages/airflow/example_dags/example_xcomargs.py
[2023-07-11 23:13:55,020] {processor.py:651} INFO - DAG(s) dict_keys(['example_xcom_args', 'example_xcom_args_with_operators']) retrieved from /home/airflow/.local/lib/python3.7/site-packages/airflow/example_dags/example_xcomargs.py
[2023-07-11 23:13:55,273] {logging_mixin.py:115} INFO - [2023-07-11 23:13:55,273] {dag.py:2420} INFO - Sync 2 DAGs
[2023-07-11 23:13:55,323] {logging_mixin.py:115} INFO - [2023-07-11 23:13:55,322] {dag.py:2972} INFO - Setting next_dagrun for example_xcom_args to None, run_after=None
[2023-07-11 23:13:55,323] {logging_mixin.py:115} INFO - [2023-07-11 23:13:55,323] {dag.py:2972} INFO - Setting next_dagrun for example_xcom_args_with_operators to None, run_after=None
[2023-07-11 23:13:55,406] {processor.py:161} INFO - Processing /home/airflow/.local/lib/python3.7/site-packages/airflow/example_dags/example_xcomargs.py took 0.644 seconds
[2023-07-11 23:14:25,929] {processor.py:153} INFO - Started process (PID=3602) to work on /home/airflow/.local/lib/python3.7/site-packages/airflow/example_dags/example_xcomargs.py
[2023-07-11 23:14:25,930] {processor.py:641} INFO - Processing file /home/airflow/.local/lib/python3.7/site-packages/airflow/example_dags/example_xcomargs.py for tasks to queue
[2023-07-11 23:14:25,931] {logging_mixin.py:115} INFO - [2023-07-11 23:14:25,931] {dagbag.py:508} INFO - Filling up the DagBag from /home/airflow/.local/lib/python3.7/site-packages/airflow/example_dags/example_xcomargs.py
[2023-07-11 23:14:26,012] {processor.py:651} INFO - DAG(s) dict_keys(['example_xcom_args', 'example_xcom_args_with_operators']) retrieved from /home/airflow/.local/lib/python3.7/site-packages/airflow/example_dags/example_xcomargs.py
[2023-07-11 23:14:26,162] {logging_mixin.py:115} INFO - [2023-07-11 23:14:26,162] {dag.py:2420} INFO - Sync 2 DAGs
[2023-07-11 23:14:26,246] {logging_mixin.py:115} INFO - [2023-07-11 23:14:26,245] {dag.py:2972} INFO - Setting next_dagrun for example_xcom_args to None, run_after=None
[2023-07-11 23:14:26,246] {logging_mixin.py:115} INFO - [2023-07-11 23:14:26,246] {dag.py:2972} INFO - Setting next_dagrun for example_xcom_args_with_operators to None, run_after=None
[2023-07-11 23:14:26,291] {processor.py:161} INFO - Processing /home/airflow/.local/lib/python3.7/site-packages/airflow/example_dags/example_xcomargs.py took 0.370 seconds
