[2023-07-11 00:42:53,296] {processor.py:153} INFO - Started process (PID=44) to work on /home/airflow/.local/lib/python3.7/site-packages/airflow/example_dags/example_skip_dag.py
[2023-07-11 00:42:53,296] {processor.py:641} INFO - Processing file /home/airflow/.local/lib/python3.7/site-packages/airflow/example_dags/example_skip_dag.py for tasks to queue
[2023-07-11 00:42:53,297] {logging_mixin.py:115} INFO - [2023-07-11 00:42:53,297] {dagbag.py:508} INFO - Filling up the DagBag from /home/airflow/.local/lib/python3.7/site-packages/airflow/example_dags/example_skip_dag.py
[2023-07-11 00:42:53,307] {processor.py:651} INFO - DAG(s) dict_keys(['example_skip_dag']) retrieved from /home/airflow/.local/lib/python3.7/site-packages/airflow/example_dags/example_skip_dag.py
[2023-07-11 00:42:53,460] {logging_mixin.py:115} INFO - [2023-07-11 00:42:53,460] {manager.py:508} INFO - Created Permission View: can delete on DAG:example_skip_dag
[2023-07-11 00:42:53,479] {logging_mixin.py:115} INFO - [2023-07-11 00:42:53,479] {manager.py:508} INFO - Created Permission View: can read on DAG:example_skip_dag
[2023-07-11 00:42:53,497] {logging_mixin.py:115} INFO - [2023-07-11 00:42:53,497] {manager.py:508} INFO - Created Permission View: can edit on DAG:example_skip_dag
[2023-07-11 00:42:53,498] {logging_mixin.py:115} INFO - [2023-07-11 00:42:53,498] {dag.py:2420} INFO - Sync 1 DAGs
[2023-07-11 00:42:53,515] {logging_mixin.py:115} INFO - [2023-07-11 00:42:53,515] {dag.py:2439} INFO - Creating ORM DAG for example_skip_dag
[2023-07-11 00:42:53,572] {logging_mixin.py:115} INFO - [2023-07-11 00:42:53,571] {dag.py:2972} INFO - Setting next_dagrun for example_skip_dag to 2023-07-10T00:42:53.571454+00:00, run_after=2023-07-11T00:42:53.571454+00:00
[2023-07-11 00:42:53,599] {processor.py:161} INFO - Processing /home/airflow/.local/lib/python3.7/site-packages/airflow/example_dags/example_skip_dag.py took 0.308 seconds
[2023-07-11 00:43:24,424] {processor.py:153} INFO - Started process (PID=103) to work on /home/airflow/.local/lib/python3.7/site-packages/airflow/example_dags/example_skip_dag.py
[2023-07-11 00:43:24,425] {processor.py:641} INFO - Processing file /home/airflow/.local/lib/python3.7/site-packages/airflow/example_dags/example_skip_dag.py for tasks to queue
[2023-07-11 00:43:24,426] {logging_mixin.py:115} INFO - [2023-07-11 00:43:24,426] {dagbag.py:508} INFO - Filling up the DagBag from /home/airflow/.local/lib/python3.7/site-packages/airflow/example_dags/example_skip_dag.py
[2023-07-11 00:43:24,470] {processor.py:651} INFO - DAG(s) dict_keys(['example_skip_dag']) retrieved from /home/airflow/.local/lib/python3.7/site-packages/airflow/example_dags/example_skip_dag.py
[2023-07-11 00:43:24,530] {logging_mixin.py:115} INFO - [2023-07-11 00:43:24,530] {dag.py:2420} INFO - Sync 1 DAGs
[2023-07-11 00:43:24,571] {logging_mixin.py:115} INFO - [2023-07-11 00:43:24,570] {dag.py:2972} INFO - Setting next_dagrun for example_skip_dag to 2023-07-10T00:43:24.570591+00:00, run_after=2023-07-11T00:43:24.570591+00:00
[2023-07-11 00:43:24,591] {processor.py:161} INFO - Processing /home/airflow/.local/lib/python3.7/site-packages/airflow/example_dags/example_skip_dag.py took 0.171 seconds
[2023-07-11 00:43:54,951] {processor.py:153} INFO - Started process (PID=156) to work on /home/airflow/.local/lib/python3.7/site-packages/airflow/example_dags/example_skip_dag.py
[2023-07-11 00:43:54,951] {processor.py:641} INFO - Processing file /home/airflow/.local/lib/python3.7/site-packages/airflow/example_dags/example_skip_dag.py for tasks to queue
[2023-07-11 00:43:54,952] {logging_mixin.py:115} INFO - [2023-07-11 00:43:54,951] {dagbag.py:508} INFO - Filling up the DagBag from /home/airflow/.local/lib/python3.7/site-packages/airflow/example_dags/example_skip_dag.py
[2023-07-11 00:43:54,957] {processor.py:651} INFO - DAG(s) dict_keys(['example_skip_dag']) retrieved from /home/airflow/.local/lib/python3.7/site-packages/airflow/example_dags/example_skip_dag.py
[2023-07-11 00:43:54,987] {logging_mixin.py:115} INFO - [2023-07-11 00:43:54,987] {dag.py:2420} INFO - Sync 1 DAGs
[2023-07-11 00:43:55,023] {logging_mixin.py:115} INFO - [2023-07-11 00:43:55,023] {dag.py:2972} INFO - Setting next_dagrun for example_skip_dag to 2023-07-10T00:43:55.023236+00:00, run_after=2023-07-11T00:43:55.023236+00:00
[2023-07-11 00:43:55,040] {processor.py:161} INFO - Processing /home/airflow/.local/lib/python3.7/site-packages/airflow/example_dags/example_skip_dag.py took 0.093 seconds
[2023-07-11 00:44:25,624] {processor.py:153} INFO - Started process (PID=207) to work on /home/airflow/.local/lib/python3.7/site-packages/airflow/example_dags/example_skip_dag.py
[2023-07-11 00:44:25,625] {processor.py:641} INFO - Processing file /home/airflow/.local/lib/python3.7/site-packages/airflow/example_dags/example_skip_dag.py for tasks to queue
[2023-07-11 00:44:25,626] {logging_mixin.py:115} INFO - [2023-07-11 00:44:25,625] {dagbag.py:508} INFO - Filling up the DagBag from /home/airflow/.local/lib/python3.7/site-packages/airflow/example_dags/example_skip_dag.py
[2023-07-11 00:44:25,632] {processor.py:651} INFO - DAG(s) dict_keys(['example_skip_dag']) retrieved from /home/airflow/.local/lib/python3.7/site-packages/airflow/example_dags/example_skip_dag.py
[2023-07-11 00:44:25,672] {logging_mixin.py:115} INFO - [2023-07-11 00:44:25,672] {dag.py:2420} INFO - Sync 1 DAGs
[2023-07-11 00:44:25,703] {logging_mixin.py:115} INFO - [2023-07-11 00:44:25,703] {dag.py:2972} INFO - Setting next_dagrun for example_skip_dag to 2023-07-10T00:44:25.702748+00:00, run_after=2023-07-11T00:44:25.702748+00:00
[2023-07-11 00:44:25,722] {processor.py:161} INFO - Processing /home/airflow/.local/lib/python3.7/site-packages/airflow/example_dags/example_skip_dag.py took 0.102 seconds
[2023-07-11 00:44:56,509] {processor.py:153} INFO - Started process (PID=268) to work on /home/airflow/.local/lib/python3.7/site-packages/airflow/example_dags/example_skip_dag.py
[2023-07-11 00:44:56,510] {processor.py:641} INFO - Processing file /home/airflow/.local/lib/python3.7/site-packages/airflow/example_dags/example_skip_dag.py for tasks to queue
[2023-07-11 00:44:56,510] {logging_mixin.py:115} INFO - [2023-07-11 00:44:56,510] {dagbag.py:508} INFO - Filling up the DagBag from /home/airflow/.local/lib/python3.7/site-packages/airflow/example_dags/example_skip_dag.py
[2023-07-11 00:44:56,522] {processor.py:651} INFO - DAG(s) dict_keys(['example_skip_dag']) retrieved from /home/airflow/.local/lib/python3.7/site-packages/airflow/example_dags/example_skip_dag.py
[2023-07-11 00:44:56,566] {logging_mixin.py:115} INFO - [2023-07-11 00:44:56,566] {dag.py:2420} INFO - Sync 1 DAGs
[2023-07-11 00:44:56,604] {logging_mixin.py:115} INFO - [2023-07-11 00:44:56,604] {dag.py:2972} INFO - Setting next_dagrun for example_skip_dag to 2023-07-10T00:44:56.604171+00:00, run_after=2023-07-11T00:44:56.604171+00:00
[2023-07-11 00:44:56,625] {processor.py:161} INFO - Processing /home/airflow/.local/lib/python3.7/site-packages/airflow/example_dags/example_skip_dag.py took 0.122 seconds
[2023-07-11 00:45:27,128] {processor.py:153} INFO - Started process (PID=327) to work on /home/airflow/.local/lib/python3.7/site-packages/airflow/example_dags/example_skip_dag.py
[2023-07-11 00:45:27,129] {processor.py:641} INFO - Processing file /home/airflow/.local/lib/python3.7/site-packages/airflow/example_dags/example_skip_dag.py for tasks to queue
[2023-07-11 00:45:27,130] {logging_mixin.py:115} INFO - [2023-07-11 00:45:27,129] {dagbag.py:508} INFO - Filling up the DagBag from /home/airflow/.local/lib/python3.7/site-packages/airflow/example_dags/example_skip_dag.py
[2023-07-11 00:45:27,141] {processor.py:651} INFO - DAG(s) dict_keys(['example_skip_dag']) retrieved from /home/airflow/.local/lib/python3.7/site-packages/airflow/example_dags/example_skip_dag.py
[2023-07-11 00:45:27,189] {logging_mixin.py:115} INFO - [2023-07-11 00:45:27,189] {dag.py:2420} INFO - Sync 1 DAGs
[2023-07-11 00:45:27,248] {logging_mixin.py:115} INFO - [2023-07-11 00:45:27,247] {dag.py:2972} INFO - Setting next_dagrun for example_skip_dag to 2023-07-10T00:45:27.247219+00:00, run_after=2023-07-11T00:45:27.247219+00:00
[2023-07-11 00:45:27,273] {processor.py:161} INFO - Processing /home/airflow/.local/lib/python3.7/site-packages/airflow/example_dags/example_skip_dag.py took 0.150 seconds
[2023-07-11 00:45:57,791] {processor.py:153} INFO - Started process (PID=381) to work on /home/airflow/.local/lib/python3.7/site-packages/airflow/example_dags/example_skip_dag.py
[2023-07-11 00:45:57,792] {processor.py:641} INFO - Processing file /home/airflow/.local/lib/python3.7/site-packages/airflow/example_dags/example_skip_dag.py for tasks to queue
[2023-07-11 00:45:57,793] {logging_mixin.py:115} INFO - [2023-07-11 00:45:57,792] {dagbag.py:508} INFO - Filling up the DagBag from /home/airflow/.local/lib/python3.7/site-packages/airflow/example_dags/example_skip_dag.py
[2023-07-11 00:45:57,802] {processor.py:651} INFO - DAG(s) dict_keys(['example_skip_dag']) retrieved from /home/airflow/.local/lib/python3.7/site-packages/airflow/example_dags/example_skip_dag.py
[2023-07-11 00:45:57,847] {logging_mixin.py:115} INFO - [2023-07-11 00:45:57,847] {dag.py:2420} INFO - Sync 1 DAGs
[2023-07-11 00:45:57,881] {logging_mixin.py:115} INFO - [2023-07-11 00:45:57,881] {dag.py:2972} INFO - Setting next_dagrun for example_skip_dag to 2023-07-10T00:45:57.881316+00:00, run_after=2023-07-11T00:45:57.881316+00:00
[2023-07-11 00:45:57,896] {processor.py:161} INFO - Processing /home/airflow/.local/lib/python3.7/site-packages/airflow/example_dags/example_skip_dag.py took 0.111 seconds
[2023-07-11 00:46:28,180] {processor.py:153} INFO - Started process (PID=444) to work on /home/airflow/.local/lib/python3.7/site-packages/airflow/example_dags/example_skip_dag.py
[2023-07-11 00:46:28,195] {processor.py:641} INFO - Processing file /home/airflow/.local/lib/python3.7/site-packages/airflow/example_dags/example_skip_dag.py for tasks to queue
[2023-07-11 00:46:28,196] {logging_mixin.py:115} INFO - [2023-07-11 00:46:28,196] {dagbag.py:508} INFO - Filling up the DagBag from /home/airflow/.local/lib/python3.7/site-packages/airflow/example_dags/example_skip_dag.py
[2023-07-11 00:46:28,211] {processor.py:651} INFO - DAG(s) dict_keys(['example_skip_dag']) retrieved from /home/airflow/.local/lib/python3.7/site-packages/airflow/example_dags/example_skip_dag.py
[2023-07-11 00:46:28,263] {logging_mixin.py:115} INFO - [2023-07-11 00:46:28,263] {dag.py:2420} INFO - Sync 1 DAGs
[2023-07-11 00:46:28,315] {logging_mixin.py:115} INFO - [2023-07-11 00:46:28,315] {dag.py:2972} INFO - Setting next_dagrun for example_skip_dag to 2023-07-10T00:46:28.314730+00:00, run_after=2023-07-11T00:46:28.314730+00:00
[2023-07-11 00:46:28,341] {processor.py:161} INFO - Processing /home/airflow/.local/lib/python3.7/site-packages/airflow/example_dags/example_skip_dag.py took 0.177 seconds
[2023-07-11 00:46:58,383] {processor.py:153} INFO - Started process (PID=496) to work on /home/airflow/.local/lib/python3.7/site-packages/airflow/example_dags/example_skip_dag.py
[2023-07-11 00:46:58,384] {processor.py:641} INFO - Processing file /home/airflow/.local/lib/python3.7/site-packages/airflow/example_dags/example_skip_dag.py for tasks to queue
[2023-07-11 00:46:58,384] {logging_mixin.py:115} INFO - [2023-07-11 00:46:58,384] {dagbag.py:508} INFO - Filling up the DagBag from /home/airflow/.local/lib/python3.7/site-packages/airflow/example_dags/example_skip_dag.py
[2023-07-11 00:46:58,394] {processor.py:651} INFO - DAG(s) dict_keys(['example_skip_dag']) retrieved from /home/airflow/.local/lib/python3.7/site-packages/airflow/example_dags/example_skip_dag.py
[2023-07-11 00:46:58,441] {logging_mixin.py:115} INFO - [2023-07-11 00:46:58,441] {dag.py:2420} INFO - Sync 1 DAGs
[2023-07-11 00:46:58,482] {logging_mixin.py:115} INFO - [2023-07-11 00:46:58,482] {dag.py:2972} INFO - Setting next_dagrun for example_skip_dag to 2023-07-10T00:46:58.481983+00:00, run_after=2023-07-11T00:46:58.481983+00:00
[2023-07-11 00:46:58,518] {processor.py:161} INFO - Processing /home/airflow/.local/lib/python3.7/site-packages/airflow/example_dags/example_skip_dag.py took 0.140 seconds
[2023-07-11 00:47:29,370] {processor.py:153} INFO - Started process (PID=557) to work on /home/airflow/.local/lib/python3.7/site-packages/airflow/example_dags/example_skip_dag.py
[2023-07-11 00:47:29,372] {processor.py:641} INFO - Processing file /home/airflow/.local/lib/python3.7/site-packages/airflow/example_dags/example_skip_dag.py for tasks to queue
[2023-07-11 00:47:29,373] {logging_mixin.py:115} INFO - [2023-07-11 00:47:29,372] {dagbag.py:508} INFO - Filling up the DagBag from /home/airflow/.local/lib/python3.7/site-packages/airflow/example_dags/example_skip_dag.py
[2023-07-11 00:47:29,380] {processor.py:651} INFO - DAG(s) dict_keys(['example_skip_dag']) retrieved from /home/airflow/.local/lib/python3.7/site-packages/airflow/example_dags/example_skip_dag.py
[2023-07-11 00:47:29,415] {logging_mixin.py:115} INFO - [2023-07-11 00:47:29,415] {dag.py:2420} INFO - Sync 1 DAGs
[2023-07-11 00:47:29,450] {logging_mixin.py:115} INFO - [2023-07-11 00:47:29,450] {dag.py:2972} INFO - Setting next_dagrun for example_skip_dag to 2023-07-10T00:47:29.450428+00:00, run_after=2023-07-11T00:47:29.450428+00:00
[2023-07-11 00:47:29,467] {processor.py:161} INFO - Processing /home/airflow/.local/lib/python3.7/site-packages/airflow/example_dags/example_skip_dag.py took 0.102 seconds
[2023-07-11 00:48:00,404] {processor.py:153} INFO - Started process (PID=610) to work on /home/airflow/.local/lib/python3.7/site-packages/airflow/example_dags/example_skip_dag.py
[2023-07-11 00:48:00,405] {processor.py:641} INFO - Processing file /home/airflow/.local/lib/python3.7/site-packages/airflow/example_dags/example_skip_dag.py for tasks to queue
[2023-07-11 00:48:00,406] {logging_mixin.py:115} INFO - [2023-07-11 00:48:00,405] {dagbag.py:508} INFO - Filling up the DagBag from /home/airflow/.local/lib/python3.7/site-packages/airflow/example_dags/example_skip_dag.py
[2023-07-11 00:48:00,415] {processor.py:651} INFO - DAG(s) dict_keys(['example_skip_dag']) retrieved from /home/airflow/.local/lib/python3.7/site-packages/airflow/example_dags/example_skip_dag.py
[2023-07-11 00:48:00,463] {logging_mixin.py:115} INFO - [2023-07-11 00:48:00,463] {dag.py:2420} INFO - Sync 1 DAGs
[2023-07-11 00:48:00,505] {logging_mixin.py:115} INFO - [2023-07-11 00:48:00,505] {dag.py:2972} INFO - Setting next_dagrun for example_skip_dag to 2023-07-10T00:48:00.505240+00:00, run_after=2023-07-11T00:48:00.505240+00:00
[2023-07-11 00:48:00,525] {processor.py:161} INFO - Processing /home/airflow/.local/lib/python3.7/site-packages/airflow/example_dags/example_skip_dag.py took 0.126 seconds
[2023-07-11 00:48:31,056] {processor.py:153} INFO - Started process (PID=671) to work on /home/airflow/.local/lib/python3.7/site-packages/airflow/example_dags/example_skip_dag.py
[2023-07-11 00:48:31,057] {processor.py:641} INFO - Processing file /home/airflow/.local/lib/python3.7/site-packages/airflow/example_dags/example_skip_dag.py for tasks to queue
[2023-07-11 00:48:31,058] {logging_mixin.py:115} INFO - [2023-07-11 00:48:31,058] {dagbag.py:508} INFO - Filling up the DagBag from /home/airflow/.local/lib/python3.7/site-packages/airflow/example_dags/example_skip_dag.py
[2023-07-11 00:48:31,065] {processor.py:651} INFO - DAG(s) dict_keys(['example_skip_dag']) retrieved from /home/airflow/.local/lib/python3.7/site-packages/airflow/example_dags/example_skip_dag.py
[2023-07-11 00:48:31,101] {logging_mixin.py:115} INFO - [2023-07-11 00:48:31,100] {dag.py:2420} INFO - Sync 1 DAGs
[2023-07-11 00:48:31,130] {logging_mixin.py:115} INFO - [2023-07-11 00:48:31,129] {dag.py:2972} INFO - Setting next_dagrun for example_skip_dag to 2023-07-10T00:48:31.129736+00:00, run_after=2023-07-11T00:48:31.129736+00:00
[2023-07-11 00:48:31,156] {processor.py:161} INFO - Processing /home/airflow/.local/lib/python3.7/site-packages/airflow/example_dags/example_skip_dag.py took 0.104 seconds
[2023-07-11 00:49:01,561] {processor.py:153} INFO - Started process (PID=723) to work on /home/airflow/.local/lib/python3.7/site-packages/airflow/example_dags/example_skip_dag.py
[2023-07-11 00:49:01,562] {processor.py:641} INFO - Processing file /home/airflow/.local/lib/python3.7/site-packages/airflow/example_dags/example_skip_dag.py for tasks to queue
[2023-07-11 00:49:01,562] {logging_mixin.py:115} INFO - [2023-07-11 00:49:01,562] {dagbag.py:508} INFO - Filling up the DagBag from /home/airflow/.local/lib/python3.7/site-packages/airflow/example_dags/example_skip_dag.py
[2023-07-11 00:49:01,572] {processor.py:651} INFO - DAG(s) dict_keys(['example_skip_dag']) retrieved from /home/airflow/.local/lib/python3.7/site-packages/airflow/example_dags/example_skip_dag.py
[2023-07-11 00:49:01,607] {logging_mixin.py:115} INFO - [2023-07-11 00:49:01,607] {dag.py:2420} INFO - Sync 1 DAGs
[2023-07-11 00:49:01,643] {logging_mixin.py:115} INFO - [2023-07-11 00:49:01,643] {dag.py:2972} INFO - Setting next_dagrun for example_skip_dag to 2023-07-10T00:49:01.643442+00:00, run_after=2023-07-11T00:49:01.643442+00:00
[2023-07-11 00:49:01,657] {processor.py:161} INFO - Processing /home/airflow/.local/lib/python3.7/site-packages/airflow/example_dags/example_skip_dag.py took 0.101 seconds
[2023-07-11 00:49:32,021] {processor.py:153} INFO - Started process (PID=784) to work on /home/airflow/.local/lib/python3.7/site-packages/airflow/example_dags/example_skip_dag.py
[2023-07-11 00:49:32,022] {processor.py:641} INFO - Processing file /home/airflow/.local/lib/python3.7/site-packages/airflow/example_dags/example_skip_dag.py for tasks to queue
[2023-07-11 00:49:32,022] {logging_mixin.py:115} INFO - [2023-07-11 00:49:32,022] {dagbag.py:508} INFO - Filling up the DagBag from /home/airflow/.local/lib/python3.7/site-packages/airflow/example_dags/example_skip_dag.py
[2023-07-11 00:49:32,028] {processor.py:651} INFO - DAG(s) dict_keys(['example_skip_dag']) retrieved from /home/airflow/.local/lib/python3.7/site-packages/airflow/example_dags/example_skip_dag.py
[2023-07-11 00:49:32,057] {logging_mixin.py:115} INFO - [2023-07-11 00:49:32,057] {dag.py:2420} INFO - Sync 1 DAGs
[2023-07-11 00:49:32,086] {logging_mixin.py:115} INFO - [2023-07-11 00:49:32,086] {dag.py:2972} INFO - Setting next_dagrun for example_skip_dag to 2023-07-10T00:49:32.085743+00:00, run_after=2023-07-11T00:49:32.085743+00:00
[2023-07-11 00:49:32,103] {processor.py:161} INFO - Processing /home/airflow/.local/lib/python3.7/site-packages/airflow/example_dags/example_skip_dag.py took 0.086 seconds
[2023-07-11 00:50:02,416] {processor.py:153} INFO - Started process (PID=835) to work on /home/airflow/.local/lib/python3.7/site-packages/airflow/example_dags/example_skip_dag.py
[2023-07-11 00:50:02,417] {processor.py:641} INFO - Processing file /home/airflow/.local/lib/python3.7/site-packages/airflow/example_dags/example_skip_dag.py for tasks to queue
[2023-07-11 00:50:02,418] {logging_mixin.py:115} INFO - [2023-07-11 00:50:02,418] {dagbag.py:508} INFO - Filling up the DagBag from /home/airflow/.local/lib/python3.7/site-packages/airflow/example_dags/example_skip_dag.py
[2023-07-11 00:50:02,427] {processor.py:651} INFO - DAG(s) dict_keys(['example_skip_dag']) retrieved from /home/airflow/.local/lib/python3.7/site-packages/airflow/example_dags/example_skip_dag.py
[2023-07-11 00:50:02,459] {logging_mixin.py:115} INFO - [2023-07-11 00:50:02,459] {dag.py:2420} INFO - Sync 1 DAGs
[2023-07-11 00:50:02,484] {logging_mixin.py:115} INFO - [2023-07-11 00:50:02,484] {dag.py:2972} INFO - Setting next_dagrun for example_skip_dag to 2023-07-10T00:50:02.484429+00:00, run_after=2023-07-11T00:50:02.484429+00:00
[2023-07-11 00:50:02,497] {processor.py:161} INFO - Processing /home/airflow/.local/lib/python3.7/site-packages/airflow/example_dags/example_skip_dag.py took 0.086 seconds
[2023-07-11 00:50:33,030] {processor.py:153} INFO - Started process (PID=894) to work on /home/airflow/.local/lib/python3.7/site-packages/airflow/example_dags/example_skip_dag.py
[2023-07-11 00:50:33,031] {processor.py:641} INFO - Processing file /home/airflow/.local/lib/python3.7/site-packages/airflow/example_dags/example_skip_dag.py for tasks to queue
[2023-07-11 00:50:33,031] {logging_mixin.py:115} INFO - [2023-07-11 00:50:33,031] {dagbag.py:508} INFO - Filling up the DagBag from /home/airflow/.local/lib/python3.7/site-packages/airflow/example_dags/example_skip_dag.py
[2023-07-11 00:50:33,039] {processor.py:651} INFO - DAG(s) dict_keys(['example_skip_dag']) retrieved from /home/airflow/.local/lib/python3.7/site-packages/airflow/example_dags/example_skip_dag.py
[2023-07-11 00:50:33,078] {logging_mixin.py:115} INFO - [2023-07-11 00:50:33,077] {dag.py:2420} INFO - Sync 1 DAGs
[2023-07-11 00:50:33,114] {logging_mixin.py:115} INFO - [2023-07-11 00:50:33,114] {dag.py:2972} INFO - Setting next_dagrun for example_skip_dag to 2023-07-10T00:50:33.113688+00:00, run_after=2023-07-11T00:50:33.113688+00:00
[2023-07-11 00:50:33,133] {processor.py:161} INFO - Processing /home/airflow/.local/lib/python3.7/site-packages/airflow/example_dags/example_skip_dag.py took 0.108 seconds
[2023-07-11 00:51:03,797] {processor.py:153} INFO - Started process (PID=945) to work on /home/airflow/.local/lib/python3.7/site-packages/airflow/example_dags/example_skip_dag.py
[2023-07-11 00:51:03,798] {processor.py:641} INFO - Processing file /home/airflow/.local/lib/python3.7/site-packages/airflow/example_dags/example_skip_dag.py for tasks to queue
[2023-07-11 00:51:03,798] {logging_mixin.py:115} INFO - [2023-07-11 00:51:03,798] {dagbag.py:508} INFO - Filling up the DagBag from /home/airflow/.local/lib/python3.7/site-packages/airflow/example_dags/example_skip_dag.py
[2023-07-11 00:51:03,804] {processor.py:651} INFO - DAG(s) dict_keys(['example_skip_dag']) retrieved from /home/airflow/.local/lib/python3.7/site-packages/airflow/example_dags/example_skip_dag.py
[2023-07-11 00:51:03,834] {logging_mixin.py:115} INFO - [2023-07-11 00:51:03,834] {dag.py:2420} INFO - Sync 1 DAGs
[2023-07-11 00:51:03,859] {logging_mixin.py:115} INFO - [2023-07-11 00:51:03,859] {dag.py:2972} INFO - Setting next_dagrun for example_skip_dag to 2023-07-10T00:51:03.859310+00:00, run_after=2023-07-11T00:51:03.859310+00:00
[2023-07-11 00:51:03,872] {processor.py:161} INFO - Processing /home/airflow/.local/lib/python3.7/site-packages/airflow/example_dags/example_skip_dag.py took 0.078 seconds
[2023-07-11 00:51:34,011] {processor.py:153} INFO - Started process (PID=1006) to work on /home/airflow/.local/lib/python3.7/site-packages/airflow/example_dags/example_skip_dag.py
[2023-07-11 00:51:34,012] {processor.py:641} INFO - Processing file /home/airflow/.local/lib/python3.7/site-packages/airflow/example_dags/example_skip_dag.py for tasks to queue
[2023-07-11 00:51:34,013] {logging_mixin.py:115} INFO - [2023-07-11 00:51:34,013] {dagbag.py:508} INFO - Filling up the DagBag from /home/airflow/.local/lib/python3.7/site-packages/airflow/example_dags/example_skip_dag.py
[2023-07-11 00:51:34,020] {processor.py:651} INFO - DAG(s) dict_keys(['example_skip_dag']) retrieved from /home/airflow/.local/lib/python3.7/site-packages/airflow/example_dags/example_skip_dag.py
[2023-07-11 00:51:34,059] {logging_mixin.py:115} INFO - [2023-07-11 00:51:34,059] {dag.py:2420} INFO - Sync 1 DAGs
[2023-07-11 00:51:34,102] {logging_mixin.py:115} INFO - [2023-07-11 00:51:34,102] {dag.py:2972} INFO - Setting next_dagrun for example_skip_dag to 2023-07-10T00:51:34.101746+00:00, run_after=2023-07-11T00:51:34.101746+00:00
[2023-07-11 00:51:34,144] {processor.py:161} INFO - Processing /home/airflow/.local/lib/python3.7/site-packages/airflow/example_dags/example_skip_dag.py took 0.137 seconds
[2023-07-11 22:50:08,049] {processor.py:153} INFO - Started process (PID=1055) to work on /home/airflow/.local/lib/python3.7/site-packages/airflow/example_dags/example_skip_dag.py
[2023-07-11 22:50:08,070] {processor.py:641} INFO - Processing file /home/airflow/.local/lib/python3.7/site-packages/airflow/example_dags/example_skip_dag.py for tasks to queue
[2023-07-11 22:50:08,071] {logging_mixin.py:115} INFO - [2023-07-11 22:50:08,071] {dagbag.py:508} INFO - Filling up the DagBag from /home/airflow/.local/lib/python3.7/site-packages/airflow/example_dags/example_skip_dag.py
[2023-07-11 22:50:08,096] {processor.py:651} INFO - DAG(s) dict_keys(['example_skip_dag']) retrieved from /home/airflow/.local/lib/python3.7/site-packages/airflow/example_dags/example_skip_dag.py
[2023-07-11 22:50:08,351] {logging_mixin.py:115} INFO - [2023-07-11 22:50:08,351] {dag.py:2420} INFO - Sync 1 DAGs
[2023-07-11 22:50:08,504] {logging_mixin.py:115} INFO - [2023-07-11 22:50:08,504] {dag.py:2972} INFO - Setting next_dagrun for example_skip_dag to 2023-07-10T22:50:08.503762+00:00, run_after=2023-07-11T22:50:08.503762+00:00
[2023-07-11 22:50:08,541] {processor.py:161} INFO - Processing /home/airflow/.local/lib/python3.7/site-packages/airflow/example_dags/example_skip_dag.py took 0.498 seconds
[2023-07-11 22:50:38,653] {processor.py:153} INFO - Started process (PID=1100) to work on /home/airflow/.local/lib/python3.7/site-packages/airflow/example_dags/example_skip_dag.py
[2023-07-11 22:50:38,654] {processor.py:641} INFO - Processing file /home/airflow/.local/lib/python3.7/site-packages/airflow/example_dags/example_skip_dag.py for tasks to queue
[2023-07-11 22:50:38,655] {logging_mixin.py:115} INFO - [2023-07-11 22:50:38,655] {dagbag.py:508} INFO - Filling up the DagBag from /home/airflow/.local/lib/python3.7/site-packages/airflow/example_dags/example_skip_dag.py
[2023-07-11 22:50:38,664] {processor.py:651} INFO - DAG(s) dict_keys(['example_skip_dag']) retrieved from /home/airflow/.local/lib/python3.7/site-packages/airflow/example_dags/example_skip_dag.py
[2023-07-11 22:50:38,706] {logging_mixin.py:115} INFO - [2023-07-11 22:50:38,706] {dag.py:2420} INFO - Sync 1 DAGs
[2023-07-11 22:50:38,758] {logging_mixin.py:115} INFO - [2023-07-11 22:50:38,758] {dag.py:2972} INFO - Setting next_dagrun for example_skip_dag to 2023-07-10T22:50:38.758253+00:00, run_after=2023-07-11T22:50:38.758253+00:00
[2023-07-11 22:50:38,803] {processor.py:161} INFO - Processing /home/airflow/.local/lib/python3.7/site-packages/airflow/example_dags/example_skip_dag.py took 0.155 seconds
[2023-07-11 22:51:08,928] {processor.py:153} INFO - Started process (PID=1161) to work on /home/airflow/.local/lib/python3.7/site-packages/airflow/example_dags/example_skip_dag.py
[2023-07-11 22:51:08,937] {processor.py:641} INFO - Processing file /home/airflow/.local/lib/python3.7/site-packages/airflow/example_dags/example_skip_dag.py for tasks to queue
[2023-07-11 22:51:08,938] {logging_mixin.py:115} INFO - [2023-07-11 22:51:08,938] {dagbag.py:508} INFO - Filling up the DagBag from /home/airflow/.local/lib/python3.7/site-packages/airflow/example_dags/example_skip_dag.py
[2023-07-11 22:51:08,958] {processor.py:651} INFO - DAG(s) dict_keys(['example_skip_dag']) retrieved from /home/airflow/.local/lib/python3.7/site-packages/airflow/example_dags/example_skip_dag.py
[2023-07-11 22:51:09,004] {logging_mixin.py:115} INFO - [2023-07-11 22:51:09,004] {dag.py:2420} INFO - Sync 1 DAGs
[2023-07-11 22:51:09,044] {logging_mixin.py:115} INFO - [2023-07-11 22:51:09,044] {dag.py:2972} INFO - Setting next_dagrun for example_skip_dag to 2023-07-10T22:51:09.044408+00:00, run_after=2023-07-11T22:51:09.044408+00:00
[2023-07-11 22:51:09,064] {processor.py:161} INFO - Processing /home/airflow/.local/lib/python3.7/site-packages/airflow/example_dags/example_skip_dag.py took 0.157 seconds
[2023-07-11 22:51:39,552] {processor.py:153} INFO - Started process (PID=1213) to work on /home/airflow/.local/lib/python3.7/site-packages/airflow/example_dags/example_skip_dag.py
[2023-07-11 22:51:39,552] {processor.py:641} INFO - Processing file /home/airflow/.local/lib/python3.7/site-packages/airflow/example_dags/example_skip_dag.py for tasks to queue
[2023-07-11 22:51:39,553] {logging_mixin.py:115} INFO - [2023-07-11 22:51:39,553] {dagbag.py:508} INFO - Filling up the DagBag from /home/airflow/.local/lib/python3.7/site-packages/airflow/example_dags/example_skip_dag.py
[2023-07-11 22:51:39,559] {processor.py:651} INFO - DAG(s) dict_keys(['example_skip_dag']) retrieved from /home/airflow/.local/lib/python3.7/site-packages/airflow/example_dags/example_skip_dag.py
[2023-07-11 22:51:39,590] {logging_mixin.py:115} INFO - [2023-07-11 22:51:39,590] {dag.py:2420} INFO - Sync 1 DAGs
[2023-07-11 22:51:39,624] {logging_mixin.py:115} INFO - [2023-07-11 22:51:39,624] {dag.py:2972} INFO - Setting next_dagrun for example_skip_dag to 2023-07-10T22:51:39.623818+00:00, run_after=2023-07-11T22:51:39.623818+00:00
[2023-07-11 22:51:39,641] {processor.py:161} INFO - Processing /home/airflow/.local/lib/python3.7/site-packages/airflow/example_dags/example_skip_dag.py took 0.093 seconds
[2023-07-11 22:52:10,407] {processor.py:153} INFO - Started process (PID=1270) to work on /home/airflow/.local/lib/python3.7/site-packages/airflow/example_dags/example_skip_dag.py
[2023-07-11 22:52:10,409] {processor.py:641} INFO - Processing file /home/airflow/.local/lib/python3.7/site-packages/airflow/example_dags/example_skip_dag.py for tasks to queue
[2023-07-11 22:52:10,410] {logging_mixin.py:115} INFO - [2023-07-11 22:52:10,410] {dagbag.py:508} INFO - Filling up the DagBag from /home/airflow/.local/lib/python3.7/site-packages/airflow/example_dags/example_skip_dag.py
[2023-07-11 22:52:10,421] {processor.py:651} INFO - DAG(s) dict_keys(['example_skip_dag']) retrieved from /home/airflow/.local/lib/python3.7/site-packages/airflow/example_dags/example_skip_dag.py
[2023-07-11 22:52:10,490] {logging_mixin.py:115} INFO - [2023-07-11 22:52:10,490] {dag.py:2420} INFO - Sync 1 DAGs
[2023-07-11 22:52:10,566] {logging_mixin.py:115} INFO - [2023-07-11 22:52:10,566] {dag.py:2972} INFO - Setting next_dagrun for example_skip_dag to 2023-07-10T22:52:10.566189+00:00, run_after=2023-07-11T22:52:10.566189+00:00
[2023-07-11 22:52:10,594] {processor.py:161} INFO - Processing /home/airflow/.local/lib/python3.7/site-packages/airflow/example_dags/example_skip_dag.py took 0.192 seconds
[2023-07-11 22:52:41,297] {processor.py:153} INFO - Started process (PID=1323) to work on /home/airflow/.local/lib/python3.7/site-packages/airflow/example_dags/example_skip_dag.py
[2023-07-11 22:52:41,297] {processor.py:641} INFO - Processing file /home/airflow/.local/lib/python3.7/site-packages/airflow/example_dags/example_skip_dag.py for tasks to queue
[2023-07-11 22:52:41,299] {logging_mixin.py:115} INFO - [2023-07-11 22:52:41,298] {dagbag.py:508} INFO - Filling up the DagBag from /home/airflow/.local/lib/python3.7/site-packages/airflow/example_dags/example_skip_dag.py
[2023-07-11 22:52:41,306] {processor.py:651} INFO - DAG(s) dict_keys(['example_skip_dag']) retrieved from /home/airflow/.local/lib/python3.7/site-packages/airflow/example_dags/example_skip_dag.py
[2023-07-11 22:52:41,340] {logging_mixin.py:115} INFO - [2023-07-11 22:52:41,340] {dag.py:2420} INFO - Sync 1 DAGs
[2023-07-11 22:52:41,368] {logging_mixin.py:115} INFO - [2023-07-11 22:52:41,368] {dag.py:2972} INFO - Setting next_dagrun for example_skip_dag to 2023-07-10T22:52:41.368179+00:00, run_after=2023-07-11T22:52:41.368179+00:00
[2023-07-11 22:52:41,383] {processor.py:161} INFO - Processing /home/airflow/.local/lib/python3.7/site-packages/airflow/example_dags/example_skip_dag.py took 0.091 seconds
[2023-07-11 22:53:12,360] {processor.py:153} INFO - Started process (PID=1374) to work on /home/airflow/.local/lib/python3.7/site-packages/airflow/example_dags/example_skip_dag.py
[2023-07-11 22:53:12,360] {processor.py:641} INFO - Processing file /home/airflow/.local/lib/python3.7/site-packages/airflow/example_dags/example_skip_dag.py for tasks to queue
[2023-07-11 22:53:12,362] {logging_mixin.py:115} INFO - [2023-07-11 22:53:12,361] {dagbag.py:508} INFO - Filling up the DagBag from /home/airflow/.local/lib/python3.7/site-packages/airflow/example_dags/example_skip_dag.py
[2023-07-11 22:53:12,370] {processor.py:651} INFO - DAG(s) dict_keys(['example_skip_dag']) retrieved from /home/airflow/.local/lib/python3.7/site-packages/airflow/example_dags/example_skip_dag.py
[2023-07-11 22:53:12,416] {logging_mixin.py:115} INFO - [2023-07-11 22:53:12,416] {dag.py:2420} INFO - Sync 1 DAGs
[2023-07-11 22:53:12,447] {logging_mixin.py:115} INFO - [2023-07-11 22:53:12,446] {dag.py:2972} INFO - Setting next_dagrun for example_skip_dag to 2023-07-10T22:53:12.446619+00:00, run_after=2023-07-11T22:53:12.446619+00:00
[2023-07-11 22:53:12,465] {processor.py:161} INFO - Processing /home/airflow/.local/lib/python3.7/site-packages/airflow/example_dags/example_skip_dag.py took 0.109 seconds
[2023-07-11 22:53:43,307] {processor.py:153} INFO - Started process (PID=1426) to work on /home/airflow/.local/lib/python3.7/site-packages/airflow/example_dags/example_skip_dag.py
[2023-07-11 22:53:43,313] {processor.py:641} INFO - Processing file /home/airflow/.local/lib/python3.7/site-packages/airflow/example_dags/example_skip_dag.py for tasks to queue
[2023-07-11 22:53:43,314] {logging_mixin.py:115} INFO - [2023-07-11 22:53:43,314] {dagbag.py:508} INFO - Filling up the DagBag from /home/airflow/.local/lib/python3.7/site-packages/airflow/example_dags/example_skip_dag.py
[2023-07-11 22:53:43,327] {processor.py:651} INFO - DAG(s) dict_keys(['example_skip_dag']) retrieved from /home/airflow/.local/lib/python3.7/site-packages/airflow/example_dags/example_skip_dag.py
[2023-07-11 22:53:43,461] {logging_mixin.py:115} INFO - [2023-07-11 22:53:43,461] {dag.py:2420} INFO - Sync 1 DAGs
[2023-07-11 22:53:43,548] {logging_mixin.py:115} INFO - [2023-07-11 22:53:43,548] {dag.py:2972} INFO - Setting next_dagrun for example_skip_dag to 2023-07-10T22:53:43.547611+00:00, run_after=2023-07-11T22:53:43.547611+00:00
[2023-07-11 22:53:43,589] {processor.py:161} INFO - Processing /home/airflow/.local/lib/python3.7/site-packages/airflow/example_dags/example_skip_dag.py took 0.288 seconds
[2023-07-11 22:54:13,912] {processor.py:153} INFO - Started process (PID=1483) to work on /home/airflow/.local/lib/python3.7/site-packages/airflow/example_dags/example_skip_dag.py
[2023-07-11 22:54:13,913] {processor.py:641} INFO - Processing file /home/airflow/.local/lib/python3.7/site-packages/airflow/example_dags/example_skip_dag.py for tasks to queue
[2023-07-11 22:54:13,914] {logging_mixin.py:115} INFO - [2023-07-11 22:54:13,914] {dagbag.py:508} INFO - Filling up the DagBag from /home/airflow/.local/lib/python3.7/site-packages/airflow/example_dags/example_skip_dag.py
[2023-07-11 22:54:13,927] {processor.py:651} INFO - DAG(s) dict_keys(['example_skip_dag']) retrieved from /home/airflow/.local/lib/python3.7/site-packages/airflow/example_dags/example_skip_dag.py
[2023-07-11 22:54:14,035] {logging_mixin.py:115} INFO - [2023-07-11 22:54:14,035] {dag.py:2420} INFO - Sync 1 DAGs
[2023-07-11 22:54:14,255] {logging_mixin.py:115} INFO - [2023-07-11 22:54:14,255] {dag.py:2972} INFO - Setting next_dagrun for example_skip_dag to 2023-07-10T22:54:14.254019+00:00, run_after=2023-07-11T22:54:14.254019+00:00
[2023-07-11 22:54:14,323] {processor.py:161} INFO - Processing /home/airflow/.local/lib/python3.7/site-packages/airflow/example_dags/example_skip_dag.py took 0.419 seconds
[2023-07-11 22:54:44,704] {processor.py:153} INFO - Started process (PID=1537) to work on /home/airflow/.local/lib/python3.7/site-packages/airflow/example_dags/example_skip_dag.py
[2023-07-11 22:54:44,707] {processor.py:641} INFO - Processing file /home/airflow/.local/lib/python3.7/site-packages/airflow/example_dags/example_skip_dag.py for tasks to queue
[2023-07-11 22:54:44,708] {logging_mixin.py:115} INFO - [2023-07-11 22:54:44,708] {dagbag.py:508} INFO - Filling up the DagBag from /home/airflow/.local/lib/python3.7/site-packages/airflow/example_dags/example_skip_dag.py
[2023-07-11 22:54:44,723] {processor.py:651} INFO - DAG(s) dict_keys(['example_skip_dag']) retrieved from /home/airflow/.local/lib/python3.7/site-packages/airflow/example_dags/example_skip_dag.py
[2023-07-11 22:54:44,882] {logging_mixin.py:115} INFO - [2023-07-11 22:54:44,882] {dag.py:2420} INFO - Sync 1 DAGs
[2023-07-11 22:54:44,999] {logging_mixin.py:115} INFO - [2023-07-11 22:54:44,999] {dag.py:2972} INFO - Setting next_dagrun for example_skip_dag to 2023-07-10T22:54:44.998223+00:00, run_after=2023-07-11T22:54:44.998223+00:00
[2023-07-11 22:54:45,103] {processor.py:161} INFO - Processing /home/airflow/.local/lib/python3.7/site-packages/airflow/example_dags/example_skip_dag.py took 0.407 seconds
[2023-07-11 22:55:15,260] {processor.py:153} INFO - Started process (PID=1590) to work on /home/airflow/.local/lib/python3.7/site-packages/airflow/example_dags/example_skip_dag.py
[2023-07-11 22:55:15,260] {processor.py:641} INFO - Processing file /home/airflow/.local/lib/python3.7/site-packages/airflow/example_dags/example_skip_dag.py for tasks to queue
[2023-07-11 22:55:15,262] {logging_mixin.py:115} INFO - [2023-07-11 22:55:15,262] {dagbag.py:508} INFO - Filling up the DagBag from /home/airflow/.local/lib/python3.7/site-packages/airflow/example_dags/example_skip_dag.py
[2023-07-11 22:55:15,279] {processor.py:651} INFO - DAG(s) dict_keys(['example_skip_dag']) retrieved from /home/airflow/.local/lib/python3.7/site-packages/airflow/example_dags/example_skip_dag.py
[2023-07-11 22:55:15,351] {logging_mixin.py:115} INFO - [2023-07-11 22:55:15,351] {dag.py:2420} INFO - Sync 1 DAGs
[2023-07-11 22:55:15,429] {logging_mixin.py:115} INFO - [2023-07-11 22:55:15,429] {dag.py:2972} INFO - Setting next_dagrun for example_skip_dag to 2023-07-10T22:55:15.428278+00:00, run_after=2023-07-11T22:55:15.428278+00:00
[2023-07-11 22:55:15,457] {processor.py:161} INFO - Processing /home/airflow/.local/lib/python3.7/site-packages/airflow/example_dags/example_skip_dag.py took 0.206 seconds
[2023-07-11 22:55:45,573] {processor.py:153} INFO - Started process (PID=1641) to work on /home/airflow/.local/lib/python3.7/site-packages/airflow/example_dags/example_skip_dag.py
[2023-07-11 22:55:45,576] {processor.py:641} INFO - Processing file /home/airflow/.local/lib/python3.7/site-packages/airflow/example_dags/example_skip_dag.py for tasks to queue
[2023-07-11 22:55:45,577] {logging_mixin.py:115} INFO - [2023-07-11 22:55:45,577] {dagbag.py:508} INFO - Filling up the DagBag from /home/airflow/.local/lib/python3.7/site-packages/airflow/example_dags/example_skip_dag.py
[2023-07-11 22:55:45,585] {processor.py:651} INFO - DAG(s) dict_keys(['example_skip_dag']) retrieved from /home/airflow/.local/lib/python3.7/site-packages/airflow/example_dags/example_skip_dag.py
[2023-07-11 22:55:45,654] {logging_mixin.py:115} INFO - [2023-07-11 22:55:45,654] {dag.py:2420} INFO - Sync 1 DAGs
[2023-07-11 22:55:45,718] {logging_mixin.py:115} INFO - [2023-07-11 22:55:45,718] {dag.py:2972} INFO - Setting next_dagrun for example_skip_dag to 2023-07-10T22:55:45.718128+00:00, run_after=2023-07-11T22:55:45.718128+00:00
[2023-07-11 22:55:45,743] {processor.py:161} INFO - Processing /home/airflow/.local/lib/python3.7/site-packages/airflow/example_dags/example_skip_dag.py took 0.177 seconds
[2023-07-11 22:56:16,218] {processor.py:153} INFO - Started process (PID=1693) to work on /home/airflow/.local/lib/python3.7/site-packages/airflow/example_dags/example_skip_dag.py
[2023-07-11 22:56:16,218] {processor.py:641} INFO - Processing file /home/airflow/.local/lib/python3.7/site-packages/airflow/example_dags/example_skip_dag.py for tasks to queue
[2023-07-11 22:56:16,219] {logging_mixin.py:115} INFO - [2023-07-11 22:56:16,219] {dagbag.py:508} INFO - Filling up the DagBag from /home/airflow/.local/lib/python3.7/site-packages/airflow/example_dags/example_skip_dag.py
[2023-07-11 22:56:16,230] {processor.py:651} INFO - DAG(s) dict_keys(['example_skip_dag']) retrieved from /home/airflow/.local/lib/python3.7/site-packages/airflow/example_dags/example_skip_dag.py
[2023-07-11 22:56:16,283] {logging_mixin.py:115} INFO - [2023-07-11 22:56:16,282] {dag.py:2420} INFO - Sync 1 DAGs
[2023-07-11 22:56:16,324] {logging_mixin.py:115} INFO - [2023-07-11 22:56:16,324] {dag.py:2972} INFO - Setting next_dagrun for example_skip_dag to 2023-07-10T22:56:16.324399+00:00, run_after=2023-07-11T22:56:16.324399+00:00
[2023-07-11 22:56:16,356] {processor.py:161} INFO - Processing /home/airflow/.local/lib/python3.7/site-packages/airflow/example_dags/example_skip_dag.py took 0.146 seconds
[2023-07-11 22:56:46,907] {processor.py:153} INFO - Started process (PID=1745) to work on /home/airflow/.local/lib/python3.7/site-packages/airflow/example_dags/example_skip_dag.py
[2023-07-11 22:56:46,908] {processor.py:641} INFO - Processing file /home/airflow/.local/lib/python3.7/site-packages/airflow/example_dags/example_skip_dag.py for tasks to queue
[2023-07-11 22:56:46,909] {logging_mixin.py:115} INFO - [2023-07-11 22:56:46,909] {dagbag.py:508} INFO - Filling up the DagBag from /home/airflow/.local/lib/python3.7/site-packages/airflow/example_dags/example_skip_dag.py
[2023-07-11 22:56:46,919] {processor.py:651} INFO - DAG(s) dict_keys(['example_skip_dag']) retrieved from /home/airflow/.local/lib/python3.7/site-packages/airflow/example_dags/example_skip_dag.py
[2023-07-11 22:56:46,981] {logging_mixin.py:115} INFO - [2023-07-11 22:56:46,980] {dag.py:2420} INFO - Sync 1 DAGs
[2023-07-11 22:56:47,053] {logging_mixin.py:115} INFO - [2023-07-11 22:56:47,053] {dag.py:2972} INFO - Setting next_dagrun for example_skip_dag to 2023-07-10T22:56:47.053127+00:00, run_after=2023-07-11T22:56:47.053127+00:00
[2023-07-11 22:56:47,089] {processor.py:161} INFO - Processing /home/airflow/.local/lib/python3.7/site-packages/airflow/example_dags/example_skip_dag.py took 0.186 seconds
[2023-07-11 22:57:17,533] {processor.py:153} INFO - Started process (PID=1796) to work on /home/airflow/.local/lib/python3.7/site-packages/airflow/example_dags/example_skip_dag.py
[2023-07-11 22:57:17,533] {processor.py:641} INFO - Processing file /home/airflow/.local/lib/python3.7/site-packages/airflow/example_dags/example_skip_dag.py for tasks to queue
[2023-07-11 22:57:17,534] {logging_mixin.py:115} INFO - [2023-07-11 22:57:17,534] {dagbag.py:508} INFO - Filling up the DagBag from /home/airflow/.local/lib/python3.7/site-packages/airflow/example_dags/example_skip_dag.py
[2023-07-11 22:57:17,548] {processor.py:651} INFO - DAG(s) dict_keys(['example_skip_dag']) retrieved from /home/airflow/.local/lib/python3.7/site-packages/airflow/example_dags/example_skip_dag.py
[2023-07-11 22:57:17,607] {logging_mixin.py:115} INFO - [2023-07-11 22:57:17,607] {dag.py:2420} INFO - Sync 1 DAGs
[2023-07-11 22:57:17,665] {logging_mixin.py:115} INFO - [2023-07-11 22:57:17,665] {dag.py:2972} INFO - Setting next_dagrun for example_skip_dag to 2023-07-10T22:57:17.664690+00:00, run_after=2023-07-11T22:57:17.664690+00:00
[2023-07-11 22:57:17,696] {processor.py:161} INFO - Processing /home/airflow/.local/lib/python3.7/site-packages/airflow/example_dags/example_skip_dag.py took 0.171 seconds
[2023-07-11 22:57:48,642] {processor.py:153} INFO - Started process (PID=1857) to work on /home/airflow/.local/lib/python3.7/site-packages/airflow/example_dags/example_skip_dag.py
[2023-07-11 22:57:48,645] {processor.py:641} INFO - Processing file /home/airflow/.local/lib/python3.7/site-packages/airflow/example_dags/example_skip_dag.py for tasks to queue
[2023-07-11 22:57:48,647] {logging_mixin.py:115} INFO - [2023-07-11 22:57:48,647] {dagbag.py:508} INFO - Filling up the DagBag from /home/airflow/.local/lib/python3.7/site-packages/airflow/example_dags/example_skip_dag.py
[2023-07-11 22:57:48,660] {processor.py:651} INFO - DAG(s) dict_keys(['example_skip_dag']) retrieved from /home/airflow/.local/lib/python3.7/site-packages/airflow/example_dags/example_skip_dag.py
[2023-07-11 22:57:48,719] {logging_mixin.py:115} INFO - [2023-07-11 22:57:48,718] {dag.py:2420} INFO - Sync 1 DAGs
[2023-07-11 22:57:48,784] {logging_mixin.py:115} INFO - [2023-07-11 22:57:48,784] {dag.py:2972} INFO - Setting next_dagrun for example_skip_dag to 2023-07-10T22:57:48.783400+00:00, run_after=2023-07-11T22:57:48.783400+00:00
[2023-07-11 22:57:48,823] {processor.py:161} INFO - Processing /home/airflow/.local/lib/python3.7/site-packages/airflow/example_dags/example_skip_dag.py took 0.191 seconds
[2023-07-11 22:58:19,139] {processor.py:153} INFO - Started process (PID=1909) to work on /home/airflow/.local/lib/python3.7/site-packages/airflow/example_dags/example_skip_dag.py
[2023-07-11 22:58:19,140] {processor.py:641} INFO - Processing file /home/airflow/.local/lib/python3.7/site-packages/airflow/example_dags/example_skip_dag.py for tasks to queue
[2023-07-11 22:58:19,141] {logging_mixin.py:115} INFO - [2023-07-11 22:58:19,141] {dagbag.py:508} INFO - Filling up the DagBag from /home/airflow/.local/lib/python3.7/site-packages/airflow/example_dags/example_skip_dag.py
[2023-07-11 22:58:19,150] {processor.py:651} INFO - DAG(s) dict_keys(['example_skip_dag']) retrieved from /home/airflow/.local/lib/python3.7/site-packages/airflow/example_dags/example_skip_dag.py
[2023-07-11 22:58:19,195] {logging_mixin.py:115} INFO - [2023-07-11 22:58:19,195] {dag.py:2420} INFO - Sync 1 DAGs
[2023-07-11 22:58:19,249] {logging_mixin.py:115} INFO - [2023-07-11 22:58:19,249] {dag.py:2972} INFO - Setting next_dagrun for example_skip_dag to 2023-07-10T22:58:19.249015+00:00, run_after=2023-07-11T22:58:19.249015+00:00
[2023-07-11 22:58:19,279] {processor.py:161} INFO - Processing /home/airflow/.local/lib/python3.7/site-packages/airflow/example_dags/example_skip_dag.py took 0.145 seconds
[2023-07-11 22:58:49,652] {processor.py:153} INFO - Started process (PID=1961) to work on /home/airflow/.local/lib/python3.7/site-packages/airflow/example_dags/example_skip_dag.py
[2023-07-11 22:58:49,653] {processor.py:641} INFO - Processing file /home/airflow/.local/lib/python3.7/site-packages/airflow/example_dags/example_skip_dag.py for tasks to queue
[2023-07-11 22:58:49,654] {logging_mixin.py:115} INFO - [2023-07-11 22:58:49,653] {dagbag.py:508} INFO - Filling up the DagBag from /home/airflow/.local/lib/python3.7/site-packages/airflow/example_dags/example_skip_dag.py
[2023-07-11 22:58:49,667] {processor.py:651} INFO - DAG(s) dict_keys(['example_skip_dag']) retrieved from /home/airflow/.local/lib/python3.7/site-packages/airflow/example_dags/example_skip_dag.py
[2023-07-11 22:58:49,747] {logging_mixin.py:115} INFO - [2023-07-11 22:58:49,746] {dag.py:2420} INFO - Sync 1 DAGs
[2023-07-11 22:58:49,804] {logging_mixin.py:115} INFO - [2023-07-11 22:58:49,804] {dag.py:2972} INFO - Setting next_dagrun for example_skip_dag to 2023-07-10T22:58:49.804022+00:00, run_after=2023-07-11T22:58:49.804022+00:00
[2023-07-11 22:58:49,846] {processor.py:161} INFO - Processing /home/airflow/.local/lib/python3.7/site-packages/airflow/example_dags/example_skip_dag.py took 0.206 seconds
[2023-07-11 22:59:19,915] {processor.py:153} INFO - Started process (PID=2012) to work on /home/airflow/.local/lib/python3.7/site-packages/airflow/example_dags/example_skip_dag.py
[2023-07-11 22:59:19,920] {processor.py:641} INFO - Processing file /home/airflow/.local/lib/python3.7/site-packages/airflow/example_dags/example_skip_dag.py for tasks to queue
[2023-07-11 22:59:19,925] {logging_mixin.py:115} INFO - [2023-07-11 22:59:19,925] {dagbag.py:508} INFO - Filling up the DagBag from /home/airflow/.local/lib/python3.7/site-packages/airflow/example_dags/example_skip_dag.py
[2023-07-11 22:59:19,947] {processor.py:651} INFO - DAG(s) dict_keys(['example_skip_dag']) retrieved from /home/airflow/.local/lib/python3.7/site-packages/airflow/example_dags/example_skip_dag.py
[2023-07-11 22:59:20,011] {logging_mixin.py:115} INFO - [2023-07-11 22:59:20,010] {dag.py:2420} INFO - Sync 1 DAGs
[2023-07-11 22:59:20,072] {logging_mixin.py:115} INFO - [2023-07-11 22:59:20,072] {dag.py:2972} INFO - Setting next_dagrun for example_skip_dag to 2023-07-10T22:59:20.072530+00:00, run_after=2023-07-11T22:59:20.072530+00:00
[2023-07-11 22:59:20,105] {processor.py:161} INFO - Processing /home/airflow/.local/lib/python3.7/site-packages/airflow/example_dags/example_skip_dag.py took 0.197 seconds
[2023-07-11 22:59:51,126] {processor.py:153} INFO - Started process (PID=2073) to work on /home/airflow/.local/lib/python3.7/site-packages/airflow/example_dags/example_skip_dag.py
[2023-07-11 22:59:51,144] {processor.py:641} INFO - Processing file /home/airflow/.local/lib/python3.7/site-packages/airflow/example_dags/example_skip_dag.py for tasks to queue
[2023-07-11 22:59:51,149] {logging_mixin.py:115} INFO - [2023-07-11 22:59:51,149] {dagbag.py:508} INFO - Filling up the DagBag from /home/airflow/.local/lib/python3.7/site-packages/airflow/example_dags/example_skip_dag.py
[2023-07-11 22:59:51,163] {processor.py:651} INFO - DAG(s) dict_keys(['example_skip_dag']) retrieved from /home/airflow/.local/lib/python3.7/site-packages/airflow/example_dags/example_skip_dag.py
[2023-07-11 22:59:51,333] {logging_mixin.py:115} INFO - [2023-07-11 22:59:51,333] {dag.py:2420} INFO - Sync 1 DAGs
[2023-07-11 22:59:51,406] {logging_mixin.py:115} INFO - [2023-07-11 22:59:51,406] {dag.py:2972} INFO - Setting next_dagrun for example_skip_dag to 2023-07-10T22:59:51.406162+00:00, run_after=2023-07-11T22:59:51.406162+00:00
[2023-07-11 22:59:51,444] {processor.py:161} INFO - Processing /home/airflow/.local/lib/python3.7/site-packages/airflow/example_dags/example_skip_dag.py took 0.334 seconds
[2023-07-11 23:00:21,753] {processor.py:153} INFO - Started process (PID=2125) to work on /home/airflow/.local/lib/python3.7/site-packages/airflow/example_dags/example_skip_dag.py
[2023-07-11 23:00:21,754] {processor.py:641} INFO - Processing file /home/airflow/.local/lib/python3.7/site-packages/airflow/example_dags/example_skip_dag.py for tasks to queue
[2023-07-11 23:00:21,756] {logging_mixin.py:115} INFO - [2023-07-11 23:00:21,756] {dagbag.py:508} INFO - Filling up the DagBag from /home/airflow/.local/lib/python3.7/site-packages/airflow/example_dags/example_skip_dag.py
[2023-07-11 23:00:21,770] {processor.py:651} INFO - DAG(s) dict_keys(['example_skip_dag']) retrieved from /home/airflow/.local/lib/python3.7/site-packages/airflow/example_dags/example_skip_dag.py
[2023-07-11 23:00:21,827] {logging_mixin.py:115} INFO - [2023-07-11 23:00:21,827] {dag.py:2420} INFO - Sync 1 DAGs
[2023-07-11 23:00:21,877] {logging_mixin.py:115} INFO - [2023-07-11 23:00:21,876] {dag.py:2972} INFO - Setting next_dagrun for example_skip_dag to 2023-07-10T23:00:21.876381+00:00, run_after=2023-07-11T23:00:21.876381+00:00
[2023-07-11 23:00:21,907] {processor.py:161} INFO - Processing /home/airflow/.local/lib/python3.7/site-packages/airflow/example_dags/example_skip_dag.py took 0.160 seconds
[2023-07-11 23:00:52,177] {processor.py:153} INFO - Started process (PID=2178) to work on /home/airflow/.local/lib/python3.7/site-packages/airflow/example_dags/example_skip_dag.py
[2023-07-11 23:00:52,180] {processor.py:641} INFO - Processing file /home/airflow/.local/lib/python3.7/site-packages/airflow/example_dags/example_skip_dag.py for tasks to queue
[2023-07-11 23:00:52,181] {logging_mixin.py:115} INFO - [2023-07-11 23:00:52,181] {dagbag.py:508} INFO - Filling up the DagBag from /home/airflow/.local/lib/python3.7/site-packages/airflow/example_dags/example_skip_dag.py
[2023-07-11 23:00:52,201] {processor.py:651} INFO - DAG(s) dict_keys(['example_skip_dag']) retrieved from /home/airflow/.local/lib/python3.7/site-packages/airflow/example_dags/example_skip_dag.py
[2023-07-11 23:00:52,297] {logging_mixin.py:115} INFO - [2023-07-11 23:00:52,296] {dag.py:2420} INFO - Sync 1 DAGs
[2023-07-11 23:00:52,369] {logging_mixin.py:115} INFO - [2023-07-11 23:00:52,368] {dag.py:2972} INFO - Setting next_dagrun for example_skip_dag to 2023-07-10T23:00:52.368134+00:00, run_after=2023-07-11T23:00:52.368134+00:00
[2023-07-11 23:00:52,500] {processor.py:161} INFO - Processing /home/airflow/.local/lib/python3.7/site-packages/airflow/example_dags/example_skip_dag.py took 0.331 seconds
[2023-07-11 23:01:23,346] {processor.py:153} INFO - Started process (PID=2230) to work on /home/airflow/.local/lib/python3.7/site-packages/airflow/example_dags/example_skip_dag.py
[2023-07-11 23:01:23,348] {processor.py:641} INFO - Processing file /home/airflow/.local/lib/python3.7/site-packages/airflow/example_dags/example_skip_dag.py for tasks to queue
[2023-07-11 23:01:23,349] {logging_mixin.py:115} INFO - [2023-07-11 23:01:23,349] {dagbag.py:508} INFO - Filling up the DagBag from /home/airflow/.local/lib/python3.7/site-packages/airflow/example_dags/example_skip_dag.py
[2023-07-11 23:01:23,358] {processor.py:651} INFO - DAG(s) dict_keys(['example_skip_dag']) retrieved from /home/airflow/.local/lib/python3.7/site-packages/airflow/example_dags/example_skip_dag.py
[2023-07-11 23:01:23,418] {logging_mixin.py:115} INFO - [2023-07-11 23:01:23,418] {dag.py:2420} INFO - Sync 1 DAGs
[2023-07-11 23:01:23,471] {logging_mixin.py:115} INFO - [2023-07-11 23:01:23,471] {dag.py:2972} INFO - Setting next_dagrun for example_skip_dag to 2023-07-10T23:01:23.470393+00:00, run_after=2023-07-11T23:01:23.470393+00:00
[2023-07-11 23:01:23,500] {processor.py:161} INFO - Processing /home/airflow/.local/lib/python3.7/site-packages/airflow/example_dags/example_skip_dag.py took 0.164 seconds
[2023-07-11 23:01:53,741] {processor.py:153} INFO - Started process (PID=2280) to work on /home/airflow/.local/lib/python3.7/site-packages/airflow/example_dags/example_skip_dag.py
[2023-07-11 23:01:53,743] {processor.py:641} INFO - Processing file /home/airflow/.local/lib/python3.7/site-packages/airflow/example_dags/example_skip_dag.py for tasks to queue
[2023-07-11 23:01:53,744] {logging_mixin.py:115} INFO - [2023-07-11 23:01:53,744] {dagbag.py:508} INFO - Filling up the DagBag from /home/airflow/.local/lib/python3.7/site-packages/airflow/example_dags/example_skip_dag.py
[2023-07-11 23:01:53,754] {processor.py:651} INFO - DAG(s) dict_keys(['example_skip_dag']) retrieved from /home/airflow/.local/lib/python3.7/site-packages/airflow/example_dags/example_skip_dag.py
[2023-07-11 23:01:53,798] {logging_mixin.py:115} INFO - [2023-07-11 23:01:53,797] {dag.py:2420} INFO - Sync 1 DAGs
[2023-07-11 23:01:53,835] {logging_mixin.py:115} INFO - [2023-07-11 23:01:53,834] {dag.py:2972} INFO - Setting next_dagrun for example_skip_dag to 2023-07-10T23:01:53.834706+00:00, run_after=2023-07-11T23:01:53.834706+00:00
[2023-07-11 23:01:53,855] {processor.py:161} INFO - Processing /home/airflow/.local/lib/python3.7/site-packages/airflow/example_dags/example_skip_dag.py took 0.120 seconds
[2023-07-11 23:02:24,732] {processor.py:153} INFO - Started process (PID=2332) to work on /home/airflow/.local/lib/python3.7/site-packages/airflow/example_dags/example_skip_dag.py
[2023-07-11 23:02:24,735] {processor.py:641} INFO - Processing file /home/airflow/.local/lib/python3.7/site-packages/airflow/example_dags/example_skip_dag.py for tasks to queue
[2023-07-11 23:02:24,740] {logging_mixin.py:115} INFO - [2023-07-11 23:02:24,736] {dagbag.py:508} INFO - Filling up the DagBag from /home/airflow/.local/lib/python3.7/site-packages/airflow/example_dags/example_skip_dag.py
[2023-07-11 23:02:24,754] {processor.py:651} INFO - DAG(s) dict_keys(['example_skip_dag']) retrieved from /home/airflow/.local/lib/python3.7/site-packages/airflow/example_dags/example_skip_dag.py
[2023-07-11 23:02:24,817] {logging_mixin.py:115} INFO - [2023-07-11 23:02:24,814] {dag.py:2420} INFO - Sync 1 DAGs
[2023-07-11 23:02:24,875] {logging_mixin.py:115} INFO - [2023-07-11 23:02:24,875] {dag.py:2972} INFO - Setting next_dagrun for example_skip_dag to 2023-07-10T23:02:24.875485+00:00, run_after=2023-07-11T23:02:24.875485+00:00
[2023-07-11 23:02:24,904] {processor.py:161} INFO - Processing /home/airflow/.local/lib/python3.7/site-packages/airflow/example_dags/example_skip_dag.py took 0.178 seconds
[2023-07-11 23:02:55,580] {processor.py:153} INFO - Started process (PID=2393) to work on /home/airflow/.local/lib/python3.7/site-packages/airflow/example_dags/example_skip_dag.py
[2023-07-11 23:02:55,580] {processor.py:641} INFO - Processing file /home/airflow/.local/lib/python3.7/site-packages/airflow/example_dags/example_skip_dag.py for tasks to queue
[2023-07-11 23:02:55,581] {logging_mixin.py:115} INFO - [2023-07-11 23:02:55,581] {dagbag.py:508} INFO - Filling up the DagBag from /home/airflow/.local/lib/python3.7/site-packages/airflow/example_dags/example_skip_dag.py
[2023-07-11 23:02:55,587] {processor.py:651} INFO - DAG(s) dict_keys(['example_skip_dag']) retrieved from /home/airflow/.local/lib/python3.7/site-packages/airflow/example_dags/example_skip_dag.py
[2023-07-11 23:02:55,627] {logging_mixin.py:115} INFO - [2023-07-11 23:02:55,627] {dag.py:2420} INFO - Sync 1 DAGs
[2023-07-11 23:02:55,665] {logging_mixin.py:115} INFO - [2023-07-11 23:02:55,665] {dag.py:2972} INFO - Setting next_dagrun for example_skip_dag to 2023-07-10T23:02:55.665045+00:00, run_after=2023-07-11T23:02:55.665045+00:00
[2023-07-11 23:02:55,681] {processor.py:161} INFO - Processing /home/airflow/.local/lib/python3.7/site-packages/airflow/example_dags/example_skip_dag.py took 0.105 seconds
[2023-07-11 23:03:26,456] {processor.py:153} INFO - Started process (PID=2445) to work on /home/airflow/.local/lib/python3.7/site-packages/airflow/example_dags/example_skip_dag.py
[2023-07-11 23:03:26,457] {processor.py:641} INFO - Processing file /home/airflow/.local/lib/python3.7/site-packages/airflow/example_dags/example_skip_dag.py for tasks to queue
[2023-07-11 23:03:26,457] {logging_mixin.py:115} INFO - [2023-07-11 23:03:26,457] {dagbag.py:508} INFO - Filling up the DagBag from /home/airflow/.local/lib/python3.7/site-packages/airflow/example_dags/example_skip_dag.py
[2023-07-11 23:03:26,472] {processor.py:651} INFO - DAG(s) dict_keys(['example_skip_dag']) retrieved from /home/airflow/.local/lib/python3.7/site-packages/airflow/example_dags/example_skip_dag.py
[2023-07-11 23:03:26,522] {logging_mixin.py:115} INFO - [2023-07-11 23:03:26,522] {dag.py:2420} INFO - Sync 1 DAGs
[2023-07-11 23:03:26,568] {logging_mixin.py:115} INFO - [2023-07-11 23:03:26,567] {dag.py:2972} INFO - Setting next_dagrun for example_skip_dag to 2023-07-10T23:03:26.567003+00:00, run_after=2023-07-11T23:03:26.567003+00:00
[2023-07-11 23:03:26,595] {processor.py:161} INFO - Processing /home/airflow/.local/lib/python3.7/site-packages/airflow/example_dags/example_skip_dag.py took 0.144 seconds
[2023-07-11 23:03:56,976] {processor.py:153} INFO - Started process (PID=2496) to work on /home/airflow/.local/lib/python3.7/site-packages/airflow/example_dags/example_skip_dag.py
[2023-07-11 23:03:56,977] {processor.py:641} INFO - Processing file /home/airflow/.local/lib/python3.7/site-packages/airflow/example_dags/example_skip_dag.py for tasks to queue
[2023-07-11 23:03:56,978] {logging_mixin.py:115} INFO - [2023-07-11 23:03:56,978] {dagbag.py:508} INFO - Filling up the DagBag from /home/airflow/.local/lib/python3.7/site-packages/airflow/example_dags/example_skip_dag.py
[2023-07-11 23:03:56,987] {processor.py:651} INFO - DAG(s) dict_keys(['example_skip_dag']) retrieved from /home/airflow/.local/lib/python3.7/site-packages/airflow/example_dags/example_skip_dag.py
[2023-07-11 23:03:57,041] {logging_mixin.py:115} INFO - [2023-07-11 23:03:57,041] {dag.py:2420} INFO - Sync 1 DAGs
[2023-07-11 23:03:57,092] {logging_mixin.py:115} INFO - [2023-07-11 23:03:57,092] {dag.py:2972} INFO - Setting next_dagrun for example_skip_dag to 2023-07-10T23:03:57.091395+00:00, run_after=2023-07-11T23:03:57.091395+00:00
[2023-07-11 23:03:57,111] {processor.py:161} INFO - Processing /home/airflow/.local/lib/python3.7/site-packages/airflow/example_dags/example_skip_dag.py took 0.141 seconds
[2023-07-11 23:04:27,641] {processor.py:153} INFO - Started process (PID=2548) to work on /home/airflow/.local/lib/python3.7/site-packages/airflow/example_dags/example_skip_dag.py
[2023-07-11 23:04:27,648] {processor.py:641} INFO - Processing file /home/airflow/.local/lib/python3.7/site-packages/airflow/example_dags/example_skip_dag.py for tasks to queue
[2023-07-11 23:04:27,650] {logging_mixin.py:115} INFO - [2023-07-11 23:04:27,650] {dagbag.py:508} INFO - Filling up the DagBag from /home/airflow/.local/lib/python3.7/site-packages/airflow/example_dags/example_skip_dag.py
[2023-07-11 23:04:27,663] {processor.py:651} INFO - DAG(s) dict_keys(['example_skip_dag']) retrieved from /home/airflow/.local/lib/python3.7/site-packages/airflow/example_dags/example_skip_dag.py
[2023-07-11 23:04:27,716] {logging_mixin.py:115} INFO - [2023-07-11 23:04:27,716] {dag.py:2420} INFO - Sync 1 DAGs
[2023-07-11 23:04:27,816] {logging_mixin.py:115} INFO - [2023-07-11 23:04:27,815] {dag.py:2972} INFO - Setting next_dagrun for example_skip_dag to 2023-07-10T23:04:27.815452+00:00, run_after=2023-07-11T23:04:27.815452+00:00
[2023-07-11 23:04:27,887] {processor.py:161} INFO - Processing /home/airflow/.local/lib/python3.7/site-packages/airflow/example_dags/example_skip_dag.py took 0.251 seconds
[2023-07-11 23:04:58,331] {processor.py:153} INFO - Started process (PID=2601) to work on /home/airflow/.local/lib/python3.7/site-packages/airflow/example_dags/example_skip_dag.py
[2023-07-11 23:04:58,333] {processor.py:641} INFO - Processing file /home/airflow/.local/lib/python3.7/site-packages/airflow/example_dags/example_skip_dag.py for tasks to queue
[2023-07-11 23:04:58,346] {logging_mixin.py:115} INFO - [2023-07-11 23:04:58,334] {dagbag.py:508} INFO - Filling up the DagBag from /home/airflow/.local/lib/python3.7/site-packages/airflow/example_dags/example_skip_dag.py
[2023-07-11 23:04:58,392] {processor.py:651} INFO - DAG(s) dict_keys(['example_skip_dag']) retrieved from /home/airflow/.local/lib/python3.7/site-packages/airflow/example_dags/example_skip_dag.py
[2023-07-11 23:04:58,474] {logging_mixin.py:115} INFO - [2023-07-11 23:04:58,474] {dag.py:2420} INFO - Sync 1 DAGs
[2023-07-11 23:04:58,558] {logging_mixin.py:115} INFO - [2023-07-11 23:04:58,558] {dag.py:2972} INFO - Setting next_dagrun for example_skip_dag to 2023-07-10T23:04:58.557686+00:00, run_after=2023-07-11T23:04:58.557686+00:00
[2023-07-11 23:04:58,594] {processor.py:161} INFO - Processing /home/airflow/.local/lib/python3.7/site-packages/airflow/example_dags/example_skip_dag.py took 0.275 seconds
[2023-07-11 23:05:29,474] {processor.py:153} INFO - Started process (PID=2661) to work on /home/airflow/.local/lib/python3.7/site-packages/airflow/example_dags/example_skip_dag.py
[2023-07-11 23:05:29,475] {processor.py:641} INFO - Processing file /home/airflow/.local/lib/python3.7/site-packages/airflow/example_dags/example_skip_dag.py for tasks to queue
[2023-07-11 23:05:29,476] {logging_mixin.py:115} INFO - [2023-07-11 23:05:29,476] {dagbag.py:508} INFO - Filling up the DagBag from /home/airflow/.local/lib/python3.7/site-packages/airflow/example_dags/example_skip_dag.py
[2023-07-11 23:05:29,527] {processor.py:651} INFO - DAG(s) dict_keys(['example_skip_dag']) retrieved from /home/airflow/.local/lib/python3.7/site-packages/airflow/example_dags/example_skip_dag.py
[2023-07-11 23:05:29,640] {logging_mixin.py:115} INFO - [2023-07-11 23:05:29,639] {dag.py:2420} INFO - Sync 1 DAGs
[2023-07-11 23:05:29,763] {logging_mixin.py:115} INFO - [2023-07-11 23:05:29,762] {dag.py:2972} INFO - Setting next_dagrun for example_skip_dag to 2023-07-10T23:05:29.754334+00:00, run_after=2023-07-11T23:05:29.754334+00:00
[2023-07-11 23:05:29,799] {processor.py:161} INFO - Processing /home/airflow/.local/lib/python3.7/site-packages/airflow/example_dags/example_skip_dag.py took 0.355 seconds
[2023-07-11 23:06:00,614] {processor.py:153} INFO - Started process (PID=2713) to work on /home/airflow/.local/lib/python3.7/site-packages/airflow/example_dags/example_skip_dag.py
[2023-07-11 23:06:00,615] {processor.py:641} INFO - Processing file /home/airflow/.local/lib/python3.7/site-packages/airflow/example_dags/example_skip_dag.py for tasks to queue
[2023-07-11 23:06:00,616] {logging_mixin.py:115} INFO - [2023-07-11 23:06:00,616] {dagbag.py:508} INFO - Filling up the DagBag from /home/airflow/.local/lib/python3.7/site-packages/airflow/example_dags/example_skip_dag.py
[2023-07-11 23:06:00,632] {processor.py:651} INFO - DAG(s) dict_keys(['example_skip_dag']) retrieved from /home/airflow/.local/lib/python3.7/site-packages/airflow/example_dags/example_skip_dag.py
[2023-07-11 23:06:00,786] {logging_mixin.py:115} INFO - [2023-07-11 23:06:00,786] {dag.py:2420} INFO - Sync 1 DAGs
[2023-07-11 23:06:00,969] {logging_mixin.py:115} INFO - [2023-07-11 23:06:00,968] {dag.py:2972} INFO - Setting next_dagrun for example_skip_dag to 2023-07-10T23:06:00.968175+00:00, run_after=2023-07-11T23:06:00.968175+00:00
[2023-07-11 23:06:01,008] {processor.py:161} INFO - Processing /home/airflow/.local/lib/python3.7/site-packages/airflow/example_dags/example_skip_dag.py took 0.402 seconds
[2023-07-11 23:06:31,711] {processor.py:153} INFO - Started process (PID=2764) to work on /home/airflow/.local/lib/python3.7/site-packages/airflow/example_dags/example_skip_dag.py
[2023-07-11 23:06:31,714] {processor.py:641} INFO - Processing file /home/airflow/.local/lib/python3.7/site-packages/airflow/example_dags/example_skip_dag.py for tasks to queue
[2023-07-11 23:06:31,716] {logging_mixin.py:115} INFO - [2023-07-11 23:06:31,715] {dagbag.py:508} INFO - Filling up the DagBag from /home/airflow/.local/lib/python3.7/site-packages/airflow/example_dags/example_skip_dag.py
[2023-07-11 23:06:31,745] {processor.py:651} INFO - DAG(s) dict_keys(['example_skip_dag']) retrieved from /home/airflow/.local/lib/python3.7/site-packages/airflow/example_dags/example_skip_dag.py
[2023-07-11 23:06:31,853] {logging_mixin.py:115} INFO - [2023-07-11 23:06:31,852] {dag.py:2420} INFO - Sync 1 DAGs
[2023-07-11 23:06:31,957] {logging_mixin.py:115} INFO - [2023-07-11 23:06:31,956] {dag.py:2972} INFO - Setting next_dagrun for example_skip_dag to 2023-07-10T23:06:31.956087+00:00, run_after=2023-07-11T23:06:31.956087+00:00
[2023-07-11 23:06:31,993] {processor.py:161} INFO - Processing /home/airflow/.local/lib/python3.7/site-packages/airflow/example_dags/example_skip_dag.py took 0.291 seconds
[2023-07-11 23:07:02,199] {processor.py:153} INFO - Started process (PID=2816) to work on /home/airflow/.local/lib/python3.7/site-packages/airflow/example_dags/example_skip_dag.py
[2023-07-11 23:07:02,199] {processor.py:641} INFO - Processing file /home/airflow/.local/lib/python3.7/site-packages/airflow/example_dags/example_skip_dag.py for tasks to queue
[2023-07-11 23:07:02,200] {logging_mixin.py:115} INFO - [2023-07-11 23:07:02,200] {dagbag.py:508} INFO - Filling up the DagBag from /home/airflow/.local/lib/python3.7/site-packages/airflow/example_dags/example_skip_dag.py
[2023-07-11 23:07:02,207] {processor.py:651} INFO - DAG(s) dict_keys(['example_skip_dag']) retrieved from /home/airflow/.local/lib/python3.7/site-packages/airflow/example_dags/example_skip_dag.py
[2023-07-11 23:07:02,250] {logging_mixin.py:115} INFO - [2023-07-11 23:07:02,250] {dag.py:2420} INFO - Sync 1 DAGs
[2023-07-11 23:07:02,292] {logging_mixin.py:115} INFO - [2023-07-11 23:07:02,292] {dag.py:2972} INFO - Setting next_dagrun for example_skip_dag to 2023-07-10T23:07:02.291772+00:00, run_after=2023-07-11T23:07:02.291772+00:00
[2023-07-11 23:07:02,317] {processor.py:161} INFO - Processing /home/airflow/.local/lib/python3.7/site-packages/airflow/example_dags/example_skip_dag.py took 0.122 seconds
[2023-07-11 23:07:32,610] {processor.py:153} INFO - Started process (PID=2867) to work on /home/airflow/.local/lib/python3.7/site-packages/airflow/example_dags/example_skip_dag.py
[2023-07-11 23:07:32,612] {processor.py:641} INFO - Processing file /home/airflow/.local/lib/python3.7/site-packages/airflow/example_dags/example_skip_dag.py for tasks to queue
[2023-07-11 23:07:32,616] {logging_mixin.py:115} INFO - [2023-07-11 23:07:32,616] {dagbag.py:508} INFO - Filling up the DagBag from /home/airflow/.local/lib/python3.7/site-packages/airflow/example_dags/example_skip_dag.py
[2023-07-11 23:07:32,645] {processor.py:651} INFO - DAG(s) dict_keys(['example_skip_dag']) retrieved from /home/airflow/.local/lib/python3.7/site-packages/airflow/example_dags/example_skip_dag.py
[2023-07-11 23:07:32,754] {logging_mixin.py:115} INFO - [2023-07-11 23:07:32,754] {dag.py:2420} INFO - Sync 1 DAGs
[2023-07-11 23:07:32,797] {logging_mixin.py:115} INFO - [2023-07-11 23:07:32,797] {dag.py:2972} INFO - Setting next_dagrun for example_skip_dag to 2023-07-10T23:07:32.796874+00:00, run_after=2023-07-11T23:07:32.796874+00:00
[2023-07-11 23:07:32,820] {processor.py:161} INFO - Processing /home/airflow/.local/lib/python3.7/site-packages/airflow/example_dags/example_skip_dag.py took 0.220 seconds
[2023-07-11 23:08:03,045] {processor.py:153} INFO - Started process (PID=2918) to work on /home/airflow/.local/lib/python3.7/site-packages/airflow/example_dags/example_skip_dag.py
[2023-07-11 23:08:03,046] {processor.py:641} INFO - Processing file /home/airflow/.local/lib/python3.7/site-packages/airflow/example_dags/example_skip_dag.py for tasks to queue
[2023-07-11 23:08:03,047] {logging_mixin.py:115} INFO - [2023-07-11 23:08:03,047] {dagbag.py:508} INFO - Filling up the DagBag from /home/airflow/.local/lib/python3.7/site-packages/airflow/example_dags/example_skip_dag.py
[2023-07-11 23:08:03,059] {processor.py:651} INFO - DAG(s) dict_keys(['example_skip_dag']) retrieved from /home/airflow/.local/lib/python3.7/site-packages/airflow/example_dags/example_skip_dag.py
[2023-07-11 23:08:03,113] {logging_mixin.py:115} INFO - [2023-07-11 23:08:03,113] {dag.py:2420} INFO - Sync 1 DAGs
[2023-07-11 23:08:03,175] {logging_mixin.py:115} INFO - [2023-07-11 23:08:03,175] {dag.py:2972} INFO - Setting next_dagrun for example_skip_dag to 2023-07-10T23:08:03.174719+00:00, run_after=2023-07-11T23:08:03.174719+00:00
[2023-07-11 23:08:03,203] {processor.py:161} INFO - Processing /home/airflow/.local/lib/python3.7/site-packages/airflow/example_dags/example_skip_dag.py took 0.169 seconds
[2023-07-11 23:08:33,466] {processor.py:153} INFO - Started process (PID=2970) to work on /home/airflow/.local/lib/python3.7/site-packages/airflow/example_dags/example_skip_dag.py
[2023-07-11 23:08:33,471] {processor.py:641} INFO - Processing file /home/airflow/.local/lib/python3.7/site-packages/airflow/example_dags/example_skip_dag.py for tasks to queue
[2023-07-11 23:08:33,472] {logging_mixin.py:115} INFO - [2023-07-11 23:08:33,472] {dagbag.py:508} INFO - Filling up the DagBag from /home/airflow/.local/lib/python3.7/site-packages/airflow/example_dags/example_skip_dag.py
[2023-07-11 23:08:33,489] {processor.py:651} INFO - DAG(s) dict_keys(['example_skip_dag']) retrieved from /home/airflow/.local/lib/python3.7/site-packages/airflow/example_dags/example_skip_dag.py
[2023-07-11 23:08:33,575] {logging_mixin.py:115} INFO - [2023-07-11 23:08:33,575] {dag.py:2420} INFO - Sync 1 DAGs
[2023-07-11 23:08:33,650] {logging_mixin.py:115} INFO - [2023-07-11 23:08:33,650] {dag.py:2972} INFO - Setting next_dagrun for example_skip_dag to 2023-07-10T23:08:33.650031+00:00, run_after=2023-07-11T23:08:33.650031+00:00
[2023-07-11 23:08:33,693] {processor.py:161} INFO - Processing /home/airflow/.local/lib/python3.7/site-packages/airflow/example_dags/example_skip_dag.py took 0.244 seconds
[2023-07-11 23:09:03,909] {processor.py:153} INFO - Started process (PID=3031) to work on /home/airflow/.local/lib/python3.7/site-packages/airflow/example_dags/example_skip_dag.py
[2023-07-11 23:09:03,910] {processor.py:641} INFO - Processing file /home/airflow/.local/lib/python3.7/site-packages/airflow/example_dags/example_skip_dag.py for tasks to queue
[2023-07-11 23:09:03,911] {logging_mixin.py:115} INFO - [2023-07-11 23:09:03,911] {dagbag.py:508} INFO - Filling up the DagBag from /home/airflow/.local/lib/python3.7/site-packages/airflow/example_dags/example_skip_dag.py
[2023-07-11 23:09:03,925] {processor.py:651} INFO - DAG(s) dict_keys(['example_skip_dag']) retrieved from /home/airflow/.local/lib/python3.7/site-packages/airflow/example_dags/example_skip_dag.py
[2023-07-11 23:09:04,035] {logging_mixin.py:115} INFO - [2023-07-11 23:09:04,035] {dag.py:2420} INFO - Sync 1 DAGs
[2023-07-11 23:09:04,108] {logging_mixin.py:115} INFO - [2023-07-11 23:09:04,108] {dag.py:2972} INFO - Setting next_dagrun for example_skip_dag to 2023-07-10T23:09:04.107992+00:00, run_after=2023-07-11T23:09:04.107992+00:00
[2023-07-11 23:09:04,149] {processor.py:161} INFO - Processing /home/airflow/.local/lib/python3.7/site-packages/airflow/example_dags/example_skip_dag.py took 0.244 seconds
[2023-07-11 23:09:34,527] {processor.py:153} INFO - Started process (PID=3083) to work on /home/airflow/.local/lib/python3.7/site-packages/airflow/example_dags/example_skip_dag.py
[2023-07-11 23:09:34,528] {processor.py:641} INFO - Processing file /home/airflow/.local/lib/python3.7/site-packages/airflow/example_dags/example_skip_dag.py for tasks to queue
[2023-07-11 23:09:34,529] {logging_mixin.py:115} INFO - [2023-07-11 23:09:34,529] {dagbag.py:508} INFO - Filling up the DagBag from /home/airflow/.local/lib/python3.7/site-packages/airflow/example_dags/example_skip_dag.py
[2023-07-11 23:09:34,537] {processor.py:651} INFO - DAG(s) dict_keys(['example_skip_dag']) retrieved from /home/airflow/.local/lib/python3.7/site-packages/airflow/example_dags/example_skip_dag.py
[2023-07-11 23:09:34,603] {logging_mixin.py:115} INFO - [2023-07-11 23:09:34,603] {dag.py:2420} INFO - Sync 1 DAGs
[2023-07-11 23:09:34,666] {logging_mixin.py:115} INFO - [2023-07-11 23:09:34,665] {dag.py:2972} INFO - Setting next_dagrun for example_skip_dag to 2023-07-10T23:09:34.664804+00:00, run_after=2023-07-11T23:09:34.664804+00:00
[2023-07-11 23:09:34,698] {processor.py:161} INFO - Processing /home/airflow/.local/lib/python3.7/site-packages/airflow/example_dags/example_skip_dag.py took 0.186 seconds
[2023-07-11 23:10:04,879] {processor.py:153} INFO - Started process (PID=3134) to work on /home/airflow/.local/lib/python3.7/site-packages/airflow/example_dags/example_skip_dag.py
[2023-07-11 23:10:04,880] {processor.py:641} INFO - Processing file /home/airflow/.local/lib/python3.7/site-packages/airflow/example_dags/example_skip_dag.py for tasks to queue
[2023-07-11 23:10:04,881] {logging_mixin.py:115} INFO - [2023-07-11 23:10:04,880] {dagbag.py:508} INFO - Filling up the DagBag from /home/airflow/.local/lib/python3.7/site-packages/airflow/example_dags/example_skip_dag.py
[2023-07-11 23:10:04,900] {processor.py:651} INFO - DAG(s) dict_keys(['example_skip_dag']) retrieved from /home/airflow/.local/lib/python3.7/site-packages/airflow/example_dags/example_skip_dag.py
[2023-07-11 23:10:04,984] {logging_mixin.py:115} INFO - [2023-07-11 23:10:04,983] {dag.py:2420} INFO - Sync 1 DAGs
[2023-07-11 23:10:05,067] {logging_mixin.py:115} INFO - [2023-07-11 23:10:05,066] {dag.py:2972} INFO - Setting next_dagrun for example_skip_dag to 2023-07-10T23:10:05.066016+00:00, run_after=2023-07-11T23:10:05.066016+00:00
[2023-07-11 23:10:05,122] {processor.py:161} INFO - Processing /home/airflow/.local/lib/python3.7/site-packages/airflow/example_dags/example_skip_dag.py took 0.250 seconds
[2023-07-11 23:10:35,571] {processor.py:153} INFO - Started process (PID=3187) to work on /home/airflow/.local/lib/python3.7/site-packages/airflow/example_dags/example_skip_dag.py
[2023-07-11 23:10:35,575] {processor.py:641} INFO - Processing file /home/airflow/.local/lib/python3.7/site-packages/airflow/example_dags/example_skip_dag.py for tasks to queue
[2023-07-11 23:10:35,577] {logging_mixin.py:115} INFO - [2023-07-11 23:10:35,577] {dagbag.py:508} INFO - Filling up the DagBag from /home/airflow/.local/lib/python3.7/site-packages/airflow/example_dags/example_skip_dag.py
[2023-07-11 23:10:35,589] {processor.py:651} INFO - DAG(s) dict_keys(['example_skip_dag']) retrieved from /home/airflow/.local/lib/python3.7/site-packages/airflow/example_dags/example_skip_dag.py
[2023-07-11 23:10:35,685] {logging_mixin.py:115} INFO - [2023-07-11 23:10:35,684] {dag.py:2420} INFO - Sync 1 DAGs
[2023-07-11 23:10:35,747] {logging_mixin.py:115} INFO - [2023-07-11 23:10:35,747] {dag.py:2972} INFO - Setting next_dagrun for example_skip_dag to 2023-07-10T23:10:35.746742+00:00, run_after=2023-07-11T23:10:35.746742+00:00
[2023-07-11 23:10:35,790] {processor.py:161} INFO - Processing /home/airflow/.local/lib/python3.7/site-packages/airflow/example_dags/example_skip_dag.py took 0.228 seconds
[2023-07-11 23:11:06,268] {processor.py:153} INFO - Started process (PID=3239) to work on /home/airflow/.local/lib/python3.7/site-packages/airflow/example_dags/example_skip_dag.py
[2023-07-11 23:11:06,270] {processor.py:641} INFO - Processing file /home/airflow/.local/lib/python3.7/site-packages/airflow/example_dags/example_skip_dag.py for tasks to queue
[2023-07-11 23:11:06,275] {logging_mixin.py:115} INFO - [2023-07-11 23:11:06,275] {dagbag.py:508} INFO - Filling up the DagBag from /home/airflow/.local/lib/python3.7/site-packages/airflow/example_dags/example_skip_dag.py
[2023-07-11 23:11:06,300] {processor.py:651} INFO - DAG(s) dict_keys(['example_skip_dag']) retrieved from /home/airflow/.local/lib/python3.7/site-packages/airflow/example_dags/example_skip_dag.py
[2023-07-11 23:11:06,396] {logging_mixin.py:115} INFO - [2023-07-11 23:11:06,396] {dag.py:2420} INFO - Sync 1 DAGs
[2023-07-11 23:11:06,468] {logging_mixin.py:115} INFO - [2023-07-11 23:11:06,468] {dag.py:2972} INFO - Setting next_dagrun for example_skip_dag to 2023-07-10T23:11:06.467651+00:00, run_after=2023-07-11T23:11:06.467651+00:00
[2023-07-11 23:11:06,521] {processor.py:161} INFO - Processing /home/airflow/.local/lib/python3.7/site-packages/airflow/example_dags/example_skip_dag.py took 0.267 seconds
[2023-07-11 23:11:37,428] {processor.py:153} INFO - Started process (PID=3299) to work on /home/airflow/.local/lib/python3.7/site-packages/airflow/example_dags/example_skip_dag.py
[2023-07-11 23:11:37,428] {processor.py:641} INFO - Processing file /home/airflow/.local/lib/python3.7/site-packages/airflow/example_dags/example_skip_dag.py for tasks to queue
[2023-07-11 23:11:37,429] {logging_mixin.py:115} INFO - [2023-07-11 23:11:37,429] {dagbag.py:508} INFO - Filling up the DagBag from /home/airflow/.local/lib/python3.7/site-packages/airflow/example_dags/example_skip_dag.py
[2023-07-11 23:11:37,437] {processor.py:651} INFO - DAG(s) dict_keys(['example_skip_dag']) retrieved from /home/airflow/.local/lib/python3.7/site-packages/airflow/example_dags/example_skip_dag.py
[2023-07-11 23:11:37,482] {logging_mixin.py:115} INFO - [2023-07-11 23:11:37,482] {dag.py:2420} INFO - Sync 1 DAGs
[2023-07-11 23:11:37,590] {logging_mixin.py:115} INFO - [2023-07-11 23:11:37,583] {dag.py:2972} INFO - Setting next_dagrun for example_skip_dag to 2023-07-10T23:11:37.583319+00:00, run_after=2023-07-11T23:11:37.583319+00:00
[2023-07-11 23:11:37,657] {processor.py:161} INFO - Processing /home/airflow/.local/lib/python3.7/site-packages/airflow/example_dags/example_skip_dag.py took 0.237 seconds
[2023-07-11 23:12:07,719] {processor.py:153} INFO - Started process (PID=3350) to work on /home/airflow/.local/lib/python3.7/site-packages/airflow/example_dags/example_skip_dag.py
[2023-07-11 23:12:07,720] {processor.py:641} INFO - Processing file /home/airflow/.local/lib/python3.7/site-packages/airflow/example_dags/example_skip_dag.py for tasks to queue
[2023-07-11 23:12:07,721] {logging_mixin.py:115} INFO - [2023-07-11 23:12:07,721] {dagbag.py:508} INFO - Filling up the DagBag from /home/airflow/.local/lib/python3.7/site-packages/airflow/example_dags/example_skip_dag.py
[2023-07-11 23:12:07,728] {processor.py:651} INFO - DAG(s) dict_keys(['example_skip_dag']) retrieved from /home/airflow/.local/lib/python3.7/site-packages/airflow/example_dags/example_skip_dag.py
[2023-07-11 23:12:07,766] {logging_mixin.py:115} INFO - [2023-07-11 23:12:07,765] {dag.py:2420} INFO - Sync 1 DAGs
[2023-07-11 23:12:07,814] {logging_mixin.py:115} INFO - [2023-07-11 23:12:07,814] {dag.py:2972} INFO - Setting next_dagrun for example_skip_dag to 2023-07-10T23:12:07.814137+00:00, run_after=2023-07-11T23:12:07.814137+00:00
[2023-07-11 23:12:07,834] {processor.py:161} INFO - Processing /home/airflow/.local/lib/python3.7/site-packages/airflow/example_dags/example_skip_dag.py took 0.121 seconds
[2023-07-11 23:12:38,371] {processor.py:153} INFO - Started process (PID=3402) to work on /home/airflow/.local/lib/python3.7/site-packages/airflow/example_dags/example_skip_dag.py
[2023-07-11 23:12:38,373] {processor.py:641} INFO - Processing file /home/airflow/.local/lib/python3.7/site-packages/airflow/example_dags/example_skip_dag.py for tasks to queue
[2023-07-11 23:12:38,374] {logging_mixin.py:115} INFO - [2023-07-11 23:12:38,374] {dagbag.py:508} INFO - Filling up the DagBag from /home/airflow/.local/lib/python3.7/site-packages/airflow/example_dags/example_skip_dag.py
[2023-07-11 23:12:38,391] {processor.py:651} INFO - DAG(s) dict_keys(['example_skip_dag']) retrieved from /home/airflow/.local/lib/python3.7/site-packages/airflow/example_dags/example_skip_dag.py
[2023-07-11 23:12:38,479] {logging_mixin.py:115} INFO - [2023-07-11 23:12:38,479] {dag.py:2420} INFO - Sync 1 DAGs
[2023-07-11 23:12:38,567] {logging_mixin.py:115} INFO - [2023-07-11 23:12:38,567] {dag.py:2972} INFO - Setting next_dagrun for example_skip_dag to 2023-07-10T23:12:38.566975+00:00, run_after=2023-07-11T23:12:38.566975+00:00
[2023-07-11 23:12:38,593] {processor.py:161} INFO - Processing /home/airflow/.local/lib/python3.7/site-packages/airflow/example_dags/example_skip_dag.py took 0.232 seconds
[2023-07-11 23:13:08,741] {processor.py:153} INFO - Started process (PID=3454) to work on /home/airflow/.local/lib/python3.7/site-packages/airflow/example_dags/example_skip_dag.py
[2023-07-11 23:13:08,742] {processor.py:641} INFO - Processing file /home/airflow/.local/lib/python3.7/site-packages/airflow/example_dags/example_skip_dag.py for tasks to queue
[2023-07-11 23:13:08,743] {logging_mixin.py:115} INFO - [2023-07-11 23:13:08,743] {dagbag.py:508} INFO - Filling up the DagBag from /home/airflow/.local/lib/python3.7/site-packages/airflow/example_dags/example_skip_dag.py
[2023-07-11 23:13:08,757] {processor.py:651} INFO - DAG(s) dict_keys(['example_skip_dag']) retrieved from /home/airflow/.local/lib/python3.7/site-packages/airflow/example_dags/example_skip_dag.py
[2023-07-11 23:13:08,856] {logging_mixin.py:115} INFO - [2023-07-11 23:13:08,856] {dag.py:2420} INFO - Sync 1 DAGs
[2023-07-11 23:13:08,932] {logging_mixin.py:115} INFO - [2023-07-11 23:13:08,931] {dag.py:2972} INFO - Setting next_dagrun for example_skip_dag to 2023-07-10T23:13:08.931444+00:00, run_after=2023-07-11T23:13:08.931444+00:00
[2023-07-11 23:13:08,992] {processor.py:161} INFO - Processing /home/airflow/.local/lib/python3.7/site-packages/airflow/example_dags/example_skip_dag.py took 0.281 seconds
