[2023-07-11 00:42:52,294] {processor.py:153} INFO - Started process (PID=43) to work on /home/airflow/.local/lib/python3.7/site-packages/airflow/example_dags/example_kubernetes_executor.py
[2023-07-11 00:42:52,295] {processor.py:641} INFO - Processing file /home/airflow/.local/lib/python3.7/site-packages/airflow/example_dags/example_kubernetes_executor.py for tasks to queue
[2023-07-11 00:42:52,295] {logging_mixin.py:115} INFO - [2023-07-11 00:42:52,295] {dagbag.py:508} INFO - Filling up the DagBag from /home/airflow/.local/lib/python3.7/site-packages/airflow/example_dags/example_kubernetes_executor.py
[2023-07-11 00:42:52,897] {processor.py:651} INFO - DAG(s) dict_keys(['example_kubernetes_executor']) retrieved from /home/airflow/.local/lib/python3.7/site-packages/airflow/example_dags/example_kubernetes_executor.py
[2023-07-11 00:42:53,115] {logging_mixin.py:115} INFO - [2023-07-11 00:42:53,115] {manager.py:508} INFO - Created Permission View: can delete on DAG:example_kubernetes_executor
[2023-07-11 00:42:53,139] {logging_mixin.py:115} INFO - [2023-07-11 00:42:53,139] {manager.py:508} INFO - Created Permission View: can read on DAG:example_kubernetes_executor
[2023-07-11 00:42:53,154] {logging_mixin.py:115} INFO - [2023-07-11 00:42:53,154] {manager.py:508} INFO - Created Permission View: can edit on DAG:example_kubernetes_executor
[2023-07-11 00:42:53,154] {logging_mixin.py:115} INFO - [2023-07-11 00:42:53,154] {dag.py:2420} INFO - Sync 1 DAGs
[2023-07-11 00:42:53,171] {logging_mixin.py:115} INFO - [2023-07-11 00:42:53,171] {dag.py:2439} INFO - Creating ORM DAG for example_kubernetes_executor
[2023-07-11 00:42:53,195] {logging_mixin.py:115} INFO - [2023-07-11 00:42:53,194] {dag.py:2972} INFO - Setting next_dagrun for example_kubernetes_executor to None, run_after=None
[2023-07-11 00:42:53,237] {processor.py:161} INFO - Processing /home/airflow/.local/lib/python3.7/site-packages/airflow/example_dags/example_kubernetes_executor.py took 0.948 seconds
[2023-07-11 00:43:23,298] {processor.py:153} INFO - Started process (PID=94) to work on /home/airflow/.local/lib/python3.7/site-packages/airflow/example_dags/example_kubernetes_executor.py
[2023-07-11 00:43:23,299] {processor.py:641} INFO - Processing file /home/airflow/.local/lib/python3.7/site-packages/airflow/example_dags/example_kubernetes_executor.py for tasks to queue
[2023-07-11 00:43:23,300] {logging_mixin.py:115} INFO - [2023-07-11 00:43:23,300] {dagbag.py:508} INFO - Filling up the DagBag from /home/airflow/.local/lib/python3.7/site-packages/airflow/example_dags/example_kubernetes_executor.py
[2023-07-11 00:43:23,326] {processor.py:651} INFO - DAG(s) dict_keys(['example_kubernetes_executor']) retrieved from /home/airflow/.local/lib/python3.7/site-packages/airflow/example_dags/example_kubernetes_executor.py
[2023-07-11 00:43:23,355] {logging_mixin.py:115} INFO - [2023-07-11 00:43:23,355] {dag.py:2420} INFO - Sync 1 DAGs
[2023-07-11 00:43:23,381] {logging_mixin.py:115} INFO - [2023-07-11 00:43:23,381] {dag.py:2972} INFO - Setting next_dagrun for example_kubernetes_executor to None, run_after=None
[2023-07-11 00:43:23,395] {processor.py:161} INFO - Processing /home/airflow/.local/lib/python3.7/site-packages/airflow/example_dags/example_kubernetes_executor.py took 0.099 seconds
[2023-07-11 00:43:53,828] {processor.py:153} INFO - Started process (PID=155) to work on /home/airflow/.local/lib/python3.7/site-packages/airflow/example_dags/example_kubernetes_executor.py
[2023-07-11 00:43:53,829] {processor.py:641} INFO - Processing file /home/airflow/.local/lib/python3.7/site-packages/airflow/example_dags/example_kubernetes_executor.py for tasks to queue
[2023-07-11 00:43:53,830] {logging_mixin.py:115} INFO - [2023-07-11 00:43:53,829] {dagbag.py:508} INFO - Filling up the DagBag from /home/airflow/.local/lib/python3.7/site-packages/airflow/example_dags/example_kubernetes_executor.py
[2023-07-11 00:43:53,864] {processor.py:651} INFO - DAG(s) dict_keys(['example_kubernetes_executor']) retrieved from /home/airflow/.local/lib/python3.7/site-packages/airflow/example_dags/example_kubernetes_executor.py
[2023-07-11 00:43:53,897] {logging_mixin.py:115} INFO - [2023-07-11 00:43:53,897] {dag.py:2420} INFO - Sync 1 DAGs
[2023-07-11 00:43:53,927] {logging_mixin.py:115} INFO - [2023-07-11 00:43:53,926] {dag.py:2972} INFO - Setting next_dagrun for example_kubernetes_executor to None, run_after=None
[2023-07-11 00:43:53,939] {processor.py:161} INFO - Processing /home/airflow/.local/lib/python3.7/site-packages/airflow/example_dags/example_kubernetes_executor.py took 0.116 seconds
[2023-07-11 00:44:24,486] {processor.py:153} INFO - Started process (PID=206) to work on /home/airflow/.local/lib/python3.7/site-packages/airflow/example_dags/example_kubernetes_executor.py
[2023-07-11 00:44:24,487] {processor.py:641} INFO - Processing file /home/airflow/.local/lib/python3.7/site-packages/airflow/example_dags/example_kubernetes_executor.py for tasks to queue
[2023-07-11 00:44:24,487] {logging_mixin.py:115} INFO - [2023-07-11 00:44:24,487] {dagbag.py:508} INFO - Filling up the DagBag from /home/airflow/.local/lib/python3.7/site-packages/airflow/example_dags/example_kubernetes_executor.py
[2023-07-11 00:44:24,519] {processor.py:651} INFO - DAG(s) dict_keys(['example_kubernetes_executor']) retrieved from /home/airflow/.local/lib/python3.7/site-packages/airflow/example_dags/example_kubernetes_executor.py
[2023-07-11 00:44:24,552] {logging_mixin.py:115} INFO - [2023-07-11 00:44:24,552] {dag.py:2420} INFO - Sync 1 DAGs
[2023-07-11 00:44:24,587] {logging_mixin.py:115} INFO - [2023-07-11 00:44:24,587] {dag.py:2972} INFO - Setting next_dagrun for example_kubernetes_executor to None, run_after=None
[2023-07-11 00:44:24,604] {processor.py:161} INFO - Processing /home/airflow/.local/lib/python3.7/site-packages/airflow/example_dags/example_kubernetes_executor.py took 0.123 seconds
[2023-07-11 00:44:55,210] {processor.py:153} INFO - Started process (PID=267) to work on /home/airflow/.local/lib/python3.7/site-packages/airflow/example_dags/example_kubernetes_executor.py
[2023-07-11 00:44:55,210] {processor.py:641} INFO - Processing file /home/airflow/.local/lib/python3.7/site-packages/airflow/example_dags/example_kubernetes_executor.py for tasks to queue
[2023-07-11 00:44:55,216] {logging_mixin.py:115} INFO - [2023-07-11 00:44:55,216] {dagbag.py:508} INFO - Filling up the DagBag from /home/airflow/.local/lib/python3.7/site-packages/airflow/example_dags/example_kubernetes_executor.py
[2023-07-11 00:44:55,275] {processor.py:651} INFO - DAG(s) dict_keys(['example_kubernetes_executor']) retrieved from /home/airflow/.local/lib/python3.7/site-packages/airflow/example_dags/example_kubernetes_executor.py
[2023-07-11 00:44:55,368] {logging_mixin.py:115} INFO - [2023-07-11 00:44:55,368] {dag.py:2420} INFO - Sync 1 DAGs
[2023-07-11 00:44:55,430] {logging_mixin.py:115} INFO - [2023-07-11 00:44:55,430] {dag.py:2972} INFO - Setting next_dagrun for example_kubernetes_executor to None, run_after=None
[2023-07-11 00:44:55,467] {processor.py:161} INFO - Processing /home/airflow/.local/lib/python3.7/site-packages/airflow/example_dags/example_kubernetes_executor.py took 0.266 seconds
[2023-07-11 00:45:25,985] {processor.py:153} INFO - Started process (PID=319) to work on /home/airflow/.local/lib/python3.7/site-packages/airflow/example_dags/example_kubernetes_executor.py
[2023-07-11 00:45:25,986] {processor.py:641} INFO - Processing file /home/airflow/.local/lib/python3.7/site-packages/airflow/example_dags/example_kubernetes_executor.py for tasks to queue
[2023-07-11 00:45:25,987] {logging_mixin.py:115} INFO - [2023-07-11 00:45:25,986] {dagbag.py:508} INFO - Filling up the DagBag from /home/airflow/.local/lib/python3.7/site-packages/airflow/example_dags/example_kubernetes_executor.py
[2023-07-11 00:45:26,024] {processor.py:651} INFO - DAG(s) dict_keys(['example_kubernetes_executor']) retrieved from /home/airflow/.local/lib/python3.7/site-packages/airflow/example_dags/example_kubernetes_executor.py
[2023-07-11 00:45:26,065] {logging_mixin.py:115} INFO - [2023-07-11 00:45:26,065] {dag.py:2420} INFO - Sync 1 DAGs
[2023-07-11 00:45:26,097] {logging_mixin.py:115} INFO - [2023-07-11 00:45:26,096] {dag.py:2972} INFO - Setting next_dagrun for example_kubernetes_executor to None, run_after=None
[2023-07-11 00:45:26,114] {processor.py:161} INFO - Processing /home/airflow/.local/lib/python3.7/site-packages/airflow/example_dags/example_kubernetes_executor.py took 0.134 seconds
[2023-07-11 00:45:56,566] {processor.py:153} INFO - Started process (PID=380) to work on /home/airflow/.local/lib/python3.7/site-packages/airflow/example_dags/example_kubernetes_executor.py
[2023-07-11 00:45:56,567] {processor.py:641} INFO - Processing file /home/airflow/.local/lib/python3.7/site-packages/airflow/example_dags/example_kubernetes_executor.py for tasks to queue
[2023-07-11 00:45:56,568] {logging_mixin.py:115} INFO - [2023-07-11 00:45:56,568] {dagbag.py:508} INFO - Filling up the DagBag from /home/airflow/.local/lib/python3.7/site-packages/airflow/example_dags/example_kubernetes_executor.py
[2023-07-11 00:45:56,624] {processor.py:651} INFO - DAG(s) dict_keys(['example_kubernetes_executor']) retrieved from /home/airflow/.local/lib/python3.7/site-packages/airflow/example_dags/example_kubernetes_executor.py
[2023-07-11 00:45:56,672] {logging_mixin.py:115} INFO - [2023-07-11 00:45:56,672] {dag.py:2420} INFO - Sync 1 DAGs
[2023-07-11 00:45:56,719] {logging_mixin.py:115} INFO - [2023-07-11 00:45:56,719] {dag.py:2972} INFO - Setting next_dagrun for example_kubernetes_executor to None, run_after=None
[2023-07-11 00:45:56,742] {processor.py:161} INFO - Processing /home/airflow/.local/lib/python3.7/site-packages/airflow/example_dags/example_kubernetes_executor.py took 0.181 seconds
[2023-07-11 00:46:27,113] {processor.py:153} INFO - Started process (PID=441) to work on /home/airflow/.local/lib/python3.7/site-packages/airflow/example_dags/example_kubernetes_executor.py
[2023-07-11 00:46:27,114] {processor.py:641} INFO - Processing file /home/airflow/.local/lib/python3.7/site-packages/airflow/example_dags/example_kubernetes_executor.py for tasks to queue
[2023-07-11 00:46:27,114] {logging_mixin.py:115} INFO - [2023-07-11 00:46:27,114] {dagbag.py:508} INFO - Filling up the DagBag from /home/airflow/.local/lib/python3.7/site-packages/airflow/example_dags/example_kubernetes_executor.py
[2023-07-11 00:46:27,152] {processor.py:651} INFO - DAG(s) dict_keys(['example_kubernetes_executor']) retrieved from /home/airflow/.local/lib/python3.7/site-packages/airflow/example_dags/example_kubernetes_executor.py
[2023-07-11 00:46:27,194] {logging_mixin.py:115} INFO - [2023-07-11 00:46:27,193] {dag.py:2420} INFO - Sync 1 DAGs
[2023-07-11 00:46:27,234] {logging_mixin.py:115} INFO - [2023-07-11 00:46:27,234] {dag.py:2972} INFO - Setting next_dagrun for example_kubernetes_executor to None, run_after=None
[2023-07-11 00:46:27,260] {processor.py:161} INFO - Processing /home/airflow/.local/lib/python3.7/site-packages/airflow/example_dags/example_kubernetes_executor.py took 0.150 seconds
[2023-07-11 00:46:58,206] {processor.py:153} INFO - Started process (PID=495) to work on /home/airflow/.local/lib/python3.7/site-packages/airflow/example_dags/example_kubernetes_executor.py
[2023-07-11 00:46:58,217] {processor.py:641} INFO - Processing file /home/airflow/.local/lib/python3.7/site-packages/airflow/example_dags/example_kubernetes_executor.py for tasks to queue
[2023-07-11 00:46:58,218] {logging_mixin.py:115} INFO - [2023-07-11 00:46:58,217] {dagbag.py:508} INFO - Filling up the DagBag from /home/airflow/.local/lib/python3.7/site-packages/airflow/example_dags/example_kubernetes_executor.py
[2023-07-11 00:46:58,272] {processor.py:651} INFO - DAG(s) dict_keys(['example_kubernetes_executor']) retrieved from /home/airflow/.local/lib/python3.7/site-packages/airflow/example_dags/example_kubernetes_executor.py
[2023-07-11 00:46:58,316] {logging_mixin.py:115} INFO - [2023-07-11 00:46:58,316] {dag.py:2420} INFO - Sync 1 DAGs
[2023-07-11 00:46:58,356] {logging_mixin.py:115} INFO - [2023-07-11 00:46:58,356] {dag.py:2972} INFO - Setting next_dagrun for example_kubernetes_executor to None, run_after=None
[2023-07-11 00:46:58,381] {processor.py:161} INFO - Processing /home/airflow/.local/lib/python3.7/site-packages/airflow/example_dags/example_kubernetes_executor.py took 0.179 seconds
[2023-07-11 00:47:29,244] {processor.py:153} INFO - Started process (PID=556) to work on /home/airflow/.local/lib/python3.7/site-packages/airflow/example_dags/example_kubernetes_executor.py
[2023-07-11 00:47:29,244] {processor.py:641} INFO - Processing file /home/airflow/.local/lib/python3.7/site-packages/airflow/example_dags/example_kubernetes_executor.py for tasks to queue
[2023-07-11 00:47:29,245] {logging_mixin.py:115} INFO - [2023-07-11 00:47:29,245] {dagbag.py:508} INFO - Filling up the DagBag from /home/airflow/.local/lib/python3.7/site-packages/airflow/example_dags/example_kubernetes_executor.py
[2023-07-11 00:47:29,280] {processor.py:651} INFO - DAG(s) dict_keys(['example_kubernetes_executor']) retrieved from /home/airflow/.local/lib/python3.7/site-packages/airflow/example_dags/example_kubernetes_executor.py
[2023-07-11 00:47:29,316] {logging_mixin.py:115} INFO - [2023-07-11 00:47:29,316] {dag.py:2420} INFO - Sync 1 DAGs
[2023-07-11 00:47:29,348] {logging_mixin.py:115} INFO - [2023-07-11 00:47:29,347] {dag.py:2972} INFO - Setting next_dagrun for example_kubernetes_executor to None, run_after=None
[2023-07-11 00:47:29,364] {processor.py:161} INFO - Processing /home/airflow/.local/lib/python3.7/site-packages/airflow/example_dags/example_kubernetes_executor.py took 0.124 seconds
[2023-07-11 00:48:00,178] {processor.py:153} INFO - Started process (PID=609) to work on /home/airflow/.local/lib/python3.7/site-packages/airflow/example_dags/example_kubernetes_executor.py
[2023-07-11 00:48:00,183] {processor.py:641} INFO - Processing file /home/airflow/.local/lib/python3.7/site-packages/airflow/example_dags/example_kubernetes_executor.py for tasks to queue
[2023-07-11 00:48:00,184] {logging_mixin.py:115} INFO - [2023-07-11 00:48:00,183] {dagbag.py:508} INFO - Filling up the DagBag from /home/airflow/.local/lib/python3.7/site-packages/airflow/example_dags/example_kubernetes_executor.py
[2023-07-11 00:48:00,240] {processor.py:651} INFO - DAG(s) dict_keys(['example_kubernetes_executor']) retrieved from /home/airflow/.local/lib/python3.7/site-packages/airflow/example_dags/example_kubernetes_executor.py
[2023-07-11 00:48:00,302] {logging_mixin.py:115} INFO - [2023-07-11 00:48:00,302] {dag.py:2420} INFO - Sync 1 DAGs
[2023-07-11 00:48:00,355] {logging_mixin.py:115} INFO - [2023-07-11 00:48:00,355] {dag.py:2972} INFO - Setting next_dagrun for example_kubernetes_executor to None, run_after=None
[2023-07-11 00:48:00,378] {processor.py:161} INFO - Processing /home/airflow/.local/lib/python3.7/site-packages/airflow/example_dags/example_kubernetes_executor.py took 0.211 seconds
[2023-07-11 00:48:30,930] {processor.py:153} INFO - Started process (PID=670) to work on /home/airflow/.local/lib/python3.7/site-packages/airflow/example_dags/example_kubernetes_executor.py
[2023-07-11 00:48:30,936] {processor.py:641} INFO - Processing file /home/airflow/.local/lib/python3.7/site-packages/airflow/example_dags/example_kubernetes_executor.py for tasks to queue
[2023-07-11 00:48:30,937] {logging_mixin.py:115} INFO - [2023-07-11 00:48:30,937] {dagbag.py:508} INFO - Filling up the DagBag from /home/airflow/.local/lib/python3.7/site-packages/airflow/example_dags/example_kubernetes_executor.py
[2023-07-11 00:48:30,971] {processor.py:651} INFO - DAG(s) dict_keys(['example_kubernetes_executor']) retrieved from /home/airflow/.local/lib/python3.7/site-packages/airflow/example_dags/example_kubernetes_executor.py
[2023-07-11 00:48:31,002] {logging_mixin.py:115} INFO - [2023-07-11 00:48:31,002] {dag.py:2420} INFO - Sync 1 DAGs
[2023-07-11 00:48:31,028] {logging_mixin.py:115} INFO - [2023-07-11 00:48:31,028] {dag.py:2972} INFO - Setting next_dagrun for example_kubernetes_executor to None, run_after=None
[2023-07-11 00:48:31,053] {processor.py:161} INFO - Processing /home/airflow/.local/lib/python3.7/site-packages/airflow/example_dags/example_kubernetes_executor.py took 0.127 seconds
[2023-07-11 00:49:01,432] {processor.py:153} INFO - Started process (PID=722) to work on /home/airflow/.local/lib/python3.7/site-packages/airflow/example_dags/example_kubernetes_executor.py
[2023-07-11 00:49:01,432] {processor.py:641} INFO - Processing file /home/airflow/.local/lib/python3.7/site-packages/airflow/example_dags/example_kubernetes_executor.py for tasks to queue
[2023-07-11 00:49:01,433] {logging_mixin.py:115} INFO - [2023-07-11 00:49:01,433] {dagbag.py:508} INFO - Filling up the DagBag from /home/airflow/.local/lib/python3.7/site-packages/airflow/example_dags/example_kubernetes_executor.py
[2023-07-11 00:49:01,481] {processor.py:651} INFO - DAG(s) dict_keys(['example_kubernetes_executor']) retrieved from /home/airflow/.local/lib/python3.7/site-packages/airflow/example_dags/example_kubernetes_executor.py
[2023-07-11 00:49:01,526] {logging_mixin.py:115} INFO - [2023-07-11 00:49:01,525] {dag.py:2420} INFO - Sync 1 DAGs
[2023-07-11 00:49:01,560] {logging_mixin.py:115} INFO - [2023-07-11 00:49:01,560] {dag.py:2972} INFO - Setting next_dagrun for example_kubernetes_executor to None, run_after=None
[2023-07-11 00:49:01,573] {processor.py:161} INFO - Processing /home/airflow/.local/lib/python3.7/site-packages/airflow/example_dags/example_kubernetes_executor.py took 0.147 seconds
[2023-07-11 00:49:31,899] {processor.py:153} INFO - Started process (PID=783) to work on /home/airflow/.local/lib/python3.7/site-packages/airflow/example_dags/example_kubernetes_executor.py
[2023-07-11 00:49:31,899] {processor.py:641} INFO - Processing file /home/airflow/.local/lib/python3.7/site-packages/airflow/example_dags/example_kubernetes_executor.py for tasks to queue
[2023-07-11 00:49:31,900] {logging_mixin.py:115} INFO - [2023-07-11 00:49:31,900] {dagbag.py:508} INFO - Filling up the DagBag from /home/airflow/.local/lib/python3.7/site-packages/airflow/example_dags/example_kubernetes_executor.py
[2023-07-11 00:49:31,932] {processor.py:651} INFO - DAG(s) dict_keys(['example_kubernetes_executor']) retrieved from /home/airflow/.local/lib/python3.7/site-packages/airflow/example_dags/example_kubernetes_executor.py
[2023-07-11 00:49:31,969] {logging_mixin.py:115} INFO - [2023-07-11 00:49:31,969] {dag.py:2420} INFO - Sync 1 DAGs
[2023-07-11 00:49:31,996] {logging_mixin.py:115} INFO - [2023-07-11 00:49:31,995] {dag.py:2972} INFO - Setting next_dagrun for example_kubernetes_executor to None, run_after=None
[2023-07-11 00:49:32,012] {processor.py:161} INFO - Processing /home/airflow/.local/lib/python3.7/site-packages/airflow/example_dags/example_kubernetes_executor.py took 0.116 seconds
[2023-07-11 00:50:02,301] {processor.py:153} INFO - Started process (PID=834) to work on /home/airflow/.local/lib/python3.7/site-packages/airflow/example_dags/example_kubernetes_executor.py
[2023-07-11 00:50:02,301] {processor.py:641} INFO - Processing file /home/airflow/.local/lib/python3.7/site-packages/airflow/example_dags/example_kubernetes_executor.py for tasks to queue
[2023-07-11 00:50:02,302] {logging_mixin.py:115} INFO - [2023-07-11 00:50:02,302] {dagbag.py:508} INFO - Filling up the DagBag from /home/airflow/.local/lib/python3.7/site-packages/airflow/example_dags/example_kubernetes_executor.py
[2023-07-11 00:50:02,331] {processor.py:651} INFO - DAG(s) dict_keys(['example_kubernetes_executor']) retrieved from /home/airflow/.local/lib/python3.7/site-packages/airflow/example_dags/example_kubernetes_executor.py
[2023-07-11 00:50:02,360] {logging_mixin.py:115} INFO - [2023-07-11 00:50:02,359] {dag.py:2420} INFO - Sync 1 DAGs
[2023-07-11 00:50:02,386] {logging_mixin.py:115} INFO - [2023-07-11 00:50:02,386] {dag.py:2972} INFO - Setting next_dagrun for example_kubernetes_executor to None, run_after=None
[2023-07-11 00:50:02,402] {processor.py:161} INFO - Processing /home/airflow/.local/lib/python3.7/site-packages/airflow/example_dags/example_kubernetes_executor.py took 0.105 seconds
[2023-07-11 00:50:32,883] {processor.py:153} INFO - Started process (PID=893) to work on /home/airflow/.local/lib/python3.7/site-packages/airflow/example_dags/example_kubernetes_executor.py
[2023-07-11 00:50:32,884] {processor.py:641} INFO - Processing file /home/airflow/.local/lib/python3.7/site-packages/airflow/example_dags/example_kubernetes_executor.py for tasks to queue
[2023-07-11 00:50:32,885] {logging_mixin.py:115} INFO - [2023-07-11 00:50:32,885] {dagbag.py:508} INFO - Filling up the DagBag from /home/airflow/.local/lib/python3.7/site-packages/airflow/example_dags/example_kubernetes_executor.py
[2023-07-11 00:50:32,929] {processor.py:651} INFO - DAG(s) dict_keys(['example_kubernetes_executor']) retrieved from /home/airflow/.local/lib/python3.7/site-packages/airflow/example_dags/example_kubernetes_executor.py
[2023-07-11 00:50:32,968] {logging_mixin.py:115} INFO - [2023-07-11 00:50:32,968] {dag.py:2420} INFO - Sync 1 DAGs
[2023-07-11 00:50:32,999] {logging_mixin.py:115} INFO - [2023-07-11 00:50:32,999] {dag.py:2972} INFO - Setting next_dagrun for example_kubernetes_executor to None, run_after=None
[2023-07-11 00:50:33,023] {processor.py:161} INFO - Processing /home/airflow/.local/lib/python3.7/site-packages/airflow/example_dags/example_kubernetes_executor.py took 0.146 seconds
[2023-07-11 00:51:03,678] {processor.py:153} INFO - Started process (PID=944) to work on /home/airflow/.local/lib/python3.7/site-packages/airflow/example_dags/example_kubernetes_executor.py
[2023-07-11 00:51:03,678] {processor.py:641} INFO - Processing file /home/airflow/.local/lib/python3.7/site-packages/airflow/example_dags/example_kubernetes_executor.py for tasks to queue
[2023-07-11 00:51:03,679] {logging_mixin.py:115} INFO - [2023-07-11 00:51:03,679] {dagbag.py:508} INFO - Filling up the DagBag from /home/airflow/.local/lib/python3.7/site-packages/airflow/example_dags/example_kubernetes_executor.py
[2023-07-11 00:51:03,709] {processor.py:651} INFO - DAG(s) dict_keys(['example_kubernetes_executor']) retrieved from /home/airflow/.local/lib/python3.7/site-packages/airflow/example_dags/example_kubernetes_executor.py
[2023-07-11 00:51:03,746] {logging_mixin.py:115} INFO - [2023-07-11 00:51:03,746] {dag.py:2420} INFO - Sync 1 DAGs
[2023-07-11 00:51:03,773] {logging_mixin.py:115} INFO - [2023-07-11 00:51:03,773] {dag.py:2972} INFO - Setting next_dagrun for example_kubernetes_executor to None, run_after=None
[2023-07-11 00:51:03,788] {processor.py:161} INFO - Processing /home/airflow/.local/lib/python3.7/site-packages/airflow/example_dags/example_kubernetes_executor.py took 0.114 seconds
[2023-07-11 00:51:33,881] {processor.py:153} INFO - Started process (PID=1005) to work on /home/airflow/.local/lib/python3.7/site-packages/airflow/example_dags/example_kubernetes_executor.py
[2023-07-11 00:51:33,882] {processor.py:641} INFO - Processing file /home/airflow/.local/lib/python3.7/site-packages/airflow/example_dags/example_kubernetes_executor.py for tasks to queue
[2023-07-11 00:51:33,882] {logging_mixin.py:115} INFO - [2023-07-11 00:51:33,882] {dagbag.py:508} INFO - Filling up the DagBag from /home/airflow/.local/lib/python3.7/site-packages/airflow/example_dags/example_kubernetes_executor.py
[2023-07-11 00:51:33,916] {processor.py:651} INFO - DAG(s) dict_keys(['example_kubernetes_executor']) retrieved from /home/airflow/.local/lib/python3.7/site-packages/airflow/example_dags/example_kubernetes_executor.py
[2023-07-11 00:51:33,955] {logging_mixin.py:115} INFO - [2023-07-11 00:51:33,955] {dag.py:2420} INFO - Sync 1 DAGs
[2023-07-11 00:51:33,985] {logging_mixin.py:115} INFO - [2023-07-11 00:51:33,985] {dag.py:2972} INFO - Setting next_dagrun for example_kubernetes_executor to None, run_after=None
[2023-07-11 00:51:34,001] {processor.py:161} INFO - Processing /home/airflow/.local/lib/python3.7/site-packages/airflow/example_dags/example_kubernetes_executor.py took 0.123 seconds
[2023-07-11 22:50:07,114] {processor.py:153} INFO - Started process (PID=1054) to work on /home/airflow/.local/lib/python3.7/site-packages/airflow/example_dags/example_kubernetes_executor.py
[2023-07-11 22:50:07,120] {processor.py:641} INFO - Processing file /home/airflow/.local/lib/python3.7/site-packages/airflow/example_dags/example_kubernetes_executor.py for tasks to queue
[2023-07-11 22:50:07,120] {logging_mixin.py:115} INFO - [2023-07-11 22:50:07,120] {dagbag.py:508} INFO - Filling up the DagBag from /home/airflow/.local/lib/python3.7/site-packages/airflow/example_dags/example_kubernetes_executor.py
[2023-07-11 22:50:07,530] {processor.py:651} INFO - DAG(s) dict_keys(['example_kubernetes_executor']) retrieved from /home/airflow/.local/lib/python3.7/site-packages/airflow/example_dags/example_kubernetes_executor.py
[2023-07-11 22:50:07,752] {logging_mixin.py:115} INFO - [2023-07-11 22:50:07,752] {dag.py:2420} INFO - Sync 1 DAGs
[2023-07-11 22:50:07,908] {logging_mixin.py:115} INFO - [2023-07-11 22:50:07,908] {dag.py:2972} INFO - Setting next_dagrun for example_kubernetes_executor to None, run_after=None
[2023-07-11 22:50:08,013] {processor.py:161} INFO - Processing /home/airflow/.local/lib/python3.7/site-packages/airflow/example_dags/example_kubernetes_executor.py took 1.016 seconds
[2023-07-11 22:50:38,501] {processor.py:153} INFO - Started process (PID=1099) to work on /home/airflow/.local/lib/python3.7/site-packages/airflow/example_dags/example_kubernetes_executor.py
[2023-07-11 22:50:38,502] {processor.py:641} INFO - Processing file /home/airflow/.local/lib/python3.7/site-packages/airflow/example_dags/example_kubernetes_executor.py for tasks to queue
[2023-07-11 22:50:38,503] {logging_mixin.py:115} INFO - [2023-07-11 22:50:38,503] {dagbag.py:508} INFO - Filling up the DagBag from /home/airflow/.local/lib/python3.7/site-packages/airflow/example_dags/example_kubernetes_executor.py
[2023-07-11 22:50:38,552] {processor.py:651} INFO - DAG(s) dict_keys(['example_kubernetes_executor']) retrieved from /home/airflow/.local/lib/python3.7/site-packages/airflow/example_dags/example_kubernetes_executor.py
[2023-07-11 22:50:38,599] {logging_mixin.py:115} INFO - [2023-07-11 22:50:38,599] {dag.py:2420} INFO - Sync 1 DAGs
[2023-07-11 22:50:38,643] {logging_mixin.py:115} INFO - [2023-07-11 22:50:38,643] {dag.py:2972} INFO - Setting next_dagrun for example_kubernetes_executor to None, run_after=None
[2023-07-11 22:50:38,665] {processor.py:161} INFO - Processing /home/airflow/.local/lib/python3.7/site-packages/airflow/example_dags/example_kubernetes_executor.py took 0.171 seconds
[2023-07-11 22:51:08,870] {processor.py:153} INFO - Started process (PID=1160) to work on /home/airflow/.local/lib/python3.7/site-packages/airflow/example_dags/example_kubernetes_executor.py
[2023-07-11 22:51:08,870] {processor.py:641} INFO - Processing file /home/airflow/.local/lib/python3.7/site-packages/airflow/example_dags/example_kubernetes_executor.py for tasks to queue
[2023-07-11 22:51:08,871] {logging_mixin.py:115} INFO - [2023-07-11 22:51:08,871] {dagbag.py:508} INFO - Filling up the DagBag from /home/airflow/.local/lib/python3.7/site-packages/airflow/example_dags/example_kubernetes_executor.py
[2023-07-11 22:51:08,952] {processor.py:651} INFO - DAG(s) dict_keys(['example_kubernetes_executor']) retrieved from /home/airflow/.local/lib/python3.7/site-packages/airflow/example_dags/example_kubernetes_executor.py
[2023-07-11 22:51:09,014] {logging_mixin.py:115} INFO - [2023-07-11 22:51:09,014] {dag.py:2420} INFO - Sync 1 DAGs
[2023-07-11 22:51:09,054] {logging_mixin.py:115} INFO - [2023-07-11 22:51:09,054] {dag.py:2972} INFO - Setting next_dagrun for example_kubernetes_executor to None, run_after=None
[2023-07-11 22:51:09,095] {processor.py:161} INFO - Processing /home/airflow/.local/lib/python3.7/site-packages/airflow/example_dags/example_kubernetes_executor.py took 0.231 seconds
[2023-07-11 22:51:39,432] {processor.py:153} INFO - Started process (PID=1212) to work on /home/airflow/.local/lib/python3.7/site-packages/airflow/example_dags/example_kubernetes_executor.py
[2023-07-11 22:51:39,433] {processor.py:641} INFO - Processing file /home/airflow/.local/lib/python3.7/site-packages/airflow/example_dags/example_kubernetes_executor.py for tasks to queue
[2023-07-11 22:51:39,433] {logging_mixin.py:115} INFO - [2023-07-11 22:51:39,433] {dagbag.py:508} INFO - Filling up the DagBag from /home/airflow/.local/lib/python3.7/site-packages/airflow/example_dags/example_kubernetes_executor.py
[2023-07-11 22:51:39,474] {processor.py:651} INFO - DAG(s) dict_keys(['example_kubernetes_executor']) retrieved from /home/airflow/.local/lib/python3.7/site-packages/airflow/example_dags/example_kubernetes_executor.py
[2023-07-11 22:51:39,507] {logging_mixin.py:115} INFO - [2023-07-11 22:51:39,507] {dag.py:2420} INFO - Sync 1 DAGs
[2023-07-11 22:51:39,537] {logging_mixin.py:115} INFO - [2023-07-11 22:51:39,536] {dag.py:2972} INFO - Setting next_dagrun for example_kubernetes_executor to None, run_after=None
[2023-07-11 22:51:39,550] {processor.py:161} INFO - Processing /home/airflow/.local/lib/python3.7/site-packages/airflow/example_dags/example_kubernetes_executor.py took 0.123 seconds
[2023-07-11 22:52:09,882] {processor.py:153} INFO - Started process (PID=1263) to work on /home/airflow/.local/lib/python3.7/site-packages/airflow/example_dags/example_kubernetes_executor.py
[2023-07-11 22:52:09,883] {processor.py:641} INFO - Processing file /home/airflow/.local/lib/python3.7/site-packages/airflow/example_dags/example_kubernetes_executor.py for tasks to queue
[2023-07-11 22:52:09,884] {logging_mixin.py:115} INFO - [2023-07-11 22:52:09,884] {dagbag.py:508} INFO - Filling up the DagBag from /home/airflow/.local/lib/python3.7/site-packages/airflow/example_dags/example_kubernetes_executor.py
[2023-07-11 22:52:09,963] {processor.py:651} INFO - DAG(s) dict_keys(['example_kubernetes_executor']) retrieved from /home/airflow/.local/lib/python3.7/site-packages/airflow/example_dags/example_kubernetes_executor.py
[2023-07-11 22:52:10,115] {logging_mixin.py:115} INFO - [2023-07-11 22:52:10,115] {dag.py:2420} INFO - Sync 1 DAGs
[2023-07-11 22:52:10,271] {logging_mixin.py:115} INFO - [2023-07-11 22:52:10,271] {dag.py:2972} INFO - Setting next_dagrun for example_kubernetes_executor to None, run_after=None
[2023-07-11 22:52:10,354] {processor.py:161} INFO - Processing /home/airflow/.local/lib/python3.7/site-packages/airflow/example_dags/example_kubernetes_executor.py took 0.477 seconds
[2023-07-11 22:52:41,170] {processor.py:153} INFO - Started process (PID=1322) to work on /home/airflow/.local/lib/python3.7/site-packages/airflow/example_dags/example_kubernetes_executor.py
[2023-07-11 22:52:41,171] {processor.py:641} INFO - Processing file /home/airflow/.local/lib/python3.7/site-packages/airflow/example_dags/example_kubernetes_executor.py for tasks to queue
[2023-07-11 22:52:41,172] {logging_mixin.py:115} INFO - [2023-07-11 22:52:41,171] {dagbag.py:508} INFO - Filling up the DagBag from /home/airflow/.local/lib/python3.7/site-packages/airflow/example_dags/example_kubernetes_executor.py
[2023-07-11 22:52:41,201] {processor.py:651} INFO - DAG(s) dict_keys(['example_kubernetes_executor']) retrieved from /home/airflow/.local/lib/python3.7/site-packages/airflow/example_dags/example_kubernetes_executor.py
[2023-07-11 22:52:41,243] {logging_mixin.py:115} INFO - [2023-07-11 22:52:41,243] {dag.py:2420} INFO - Sync 1 DAGs
[2023-07-11 22:52:41,276] {logging_mixin.py:115} INFO - [2023-07-11 22:52:41,276] {dag.py:2972} INFO - Setting next_dagrun for example_kubernetes_executor to None, run_after=None
[2023-07-11 22:52:41,295] {processor.py:161} INFO - Processing /home/airflow/.local/lib/python3.7/site-packages/airflow/example_dags/example_kubernetes_executor.py took 0.128 seconds
[2023-07-11 22:53:12,143] {processor.py:153} INFO - Started process (PID=1373) to work on /home/airflow/.local/lib/python3.7/site-packages/airflow/example_dags/example_kubernetes_executor.py
[2023-07-11 22:53:12,145] {processor.py:641} INFO - Processing file /home/airflow/.local/lib/python3.7/site-packages/airflow/example_dags/example_kubernetes_executor.py for tasks to queue
[2023-07-11 22:53:12,146] {logging_mixin.py:115} INFO - [2023-07-11 22:53:12,146] {dagbag.py:508} INFO - Filling up the DagBag from /home/airflow/.local/lib/python3.7/site-packages/airflow/example_dags/example_kubernetes_executor.py
[2023-07-11 22:53:12,203] {processor.py:651} INFO - DAG(s) dict_keys(['example_kubernetes_executor']) retrieved from /home/airflow/.local/lib/python3.7/site-packages/airflow/example_dags/example_kubernetes_executor.py
[2023-07-11 22:53:12,257] {logging_mixin.py:115} INFO - [2023-07-11 22:53:12,257] {dag.py:2420} INFO - Sync 1 DAGs
[2023-07-11 22:53:12,301] {logging_mixin.py:115} INFO - [2023-07-11 22:53:12,301] {dag.py:2972} INFO - Setting next_dagrun for example_kubernetes_executor to None, run_after=None
[2023-07-11 22:53:12,324] {processor.py:161} INFO - Processing /home/airflow/.local/lib/python3.7/site-packages/airflow/example_dags/example_kubernetes_executor.py took 0.186 seconds
[2023-07-11 22:53:42,879] {processor.py:153} INFO - Started process (PID=1425) to work on /home/airflow/.local/lib/python3.7/site-packages/airflow/example_dags/example_kubernetes_executor.py
[2023-07-11 22:53:42,880] {processor.py:641} INFO - Processing file /home/airflow/.local/lib/python3.7/site-packages/airflow/example_dags/example_kubernetes_executor.py for tasks to queue
[2023-07-11 22:53:42,887] {logging_mixin.py:115} INFO - [2023-07-11 22:53:42,887] {dagbag.py:508} INFO - Filling up the DagBag from /home/airflow/.local/lib/python3.7/site-packages/airflow/example_dags/example_kubernetes_executor.py
[2023-07-11 22:53:42,975] {processor.py:651} INFO - DAG(s) dict_keys(['example_kubernetes_executor']) retrieved from /home/airflow/.local/lib/python3.7/site-packages/airflow/example_dags/example_kubernetes_executor.py
[2023-07-11 22:53:43,137] {logging_mixin.py:115} INFO - [2023-07-11 22:53:43,136] {dag.py:2420} INFO - Sync 1 DAGs
[2023-07-11 22:53:43,192] {logging_mixin.py:115} INFO - [2023-07-11 22:53:43,192] {dag.py:2972} INFO - Setting next_dagrun for example_kubernetes_executor to None, run_after=None
[2023-07-11 22:53:43,233] {processor.py:161} INFO - Processing /home/airflow/.local/lib/python3.7/site-packages/airflow/example_dags/example_kubernetes_executor.py took 0.363 seconds
[2023-07-11 22:54:13,600] {processor.py:153} INFO - Started process (PID=1476) to work on /home/airflow/.local/lib/python3.7/site-packages/airflow/example_dags/example_kubernetes_executor.py
[2023-07-11 22:54:13,601] {processor.py:641} INFO - Processing file /home/airflow/.local/lib/python3.7/site-packages/airflow/example_dags/example_kubernetes_executor.py for tasks to queue
[2023-07-11 22:54:13,602] {logging_mixin.py:115} INFO - [2023-07-11 22:54:13,601] {dagbag.py:508} INFO - Filling up the DagBag from /home/airflow/.local/lib/python3.7/site-packages/airflow/example_dags/example_kubernetes_executor.py
[2023-07-11 22:54:13,656] {processor.py:651} INFO - DAG(s) dict_keys(['example_kubernetes_executor']) retrieved from /home/airflow/.local/lib/python3.7/site-packages/airflow/example_dags/example_kubernetes_executor.py
[2023-07-11 22:54:13,716] {logging_mixin.py:115} INFO - [2023-07-11 22:54:13,716] {dag.py:2420} INFO - Sync 1 DAGs
[2023-07-11 22:54:13,823] {logging_mixin.py:115} INFO - [2023-07-11 22:54:13,823] {dag.py:2972} INFO - Setting next_dagrun for example_kubernetes_executor to None, run_after=None
[2023-07-11 22:54:13,895] {processor.py:161} INFO - Processing /home/airflow/.local/lib/python3.7/site-packages/airflow/example_dags/example_kubernetes_executor.py took 0.299 seconds
[2023-07-11 22:54:44,321] {processor.py:153} INFO - Started process (PID=1536) to work on /home/airflow/.local/lib/python3.7/site-packages/airflow/example_dags/example_kubernetes_executor.py
[2023-07-11 22:54:44,323] {processor.py:641} INFO - Processing file /home/airflow/.local/lib/python3.7/site-packages/airflow/example_dags/example_kubernetes_executor.py for tasks to queue
[2023-07-11 22:54:44,324] {logging_mixin.py:115} INFO - [2023-07-11 22:54:44,324] {dagbag.py:508} INFO - Filling up the DagBag from /home/airflow/.local/lib/python3.7/site-packages/airflow/example_dags/example_kubernetes_executor.py
[2023-07-11 22:54:44,408] {processor.py:651} INFO - DAG(s) dict_keys(['example_kubernetes_executor']) retrieved from /home/airflow/.local/lib/python3.7/site-packages/airflow/example_dags/example_kubernetes_executor.py
[2023-07-11 22:54:44,506] {logging_mixin.py:115} INFO - [2023-07-11 22:54:44,505] {dag.py:2420} INFO - Sync 1 DAGs
[2023-07-11 22:54:44,615] {logging_mixin.py:115} INFO - [2023-07-11 22:54:44,615] {dag.py:2972} INFO - Setting next_dagrun for example_kubernetes_executor to None, run_after=None
[2023-07-11 22:54:44,648] {processor.py:161} INFO - Processing /home/airflow/.local/lib/python3.7/site-packages/airflow/example_dags/example_kubernetes_executor.py took 0.334 seconds
[2023-07-11 22:55:15,030] {processor.py:153} INFO - Started process (PID=1588) to work on /home/airflow/.local/lib/python3.7/site-packages/airflow/example_dags/example_kubernetes_executor.py
[2023-07-11 22:55:15,032] {processor.py:641} INFO - Processing file /home/airflow/.local/lib/python3.7/site-packages/airflow/example_dags/example_kubernetes_executor.py for tasks to queue
[2023-07-11 22:55:15,033] {logging_mixin.py:115} INFO - [2023-07-11 22:55:15,033] {dagbag.py:508} INFO - Filling up the DagBag from /home/airflow/.local/lib/python3.7/site-packages/airflow/example_dags/example_kubernetes_executor.py
[2023-07-11 22:55:15,081] {processor.py:651} INFO - DAG(s) dict_keys(['example_kubernetes_executor']) retrieved from /home/airflow/.local/lib/python3.7/site-packages/airflow/example_dags/example_kubernetes_executor.py
[2023-07-11 22:55:15,132] {logging_mixin.py:115} INFO - [2023-07-11 22:55:15,132] {dag.py:2420} INFO - Sync 1 DAGs
[2023-07-11 22:55:15,179] {logging_mixin.py:115} INFO - [2023-07-11 22:55:15,179] {dag.py:2972} INFO - Setting next_dagrun for example_kubernetes_executor to None, run_after=None
[2023-07-11 22:55:15,199] {processor.py:161} INFO - Processing /home/airflow/.local/lib/python3.7/site-packages/airflow/example_dags/example_kubernetes_executor.py took 0.177 seconds
[2023-07-11 22:55:45,399] {processor.py:153} INFO - Started process (PID=1640) to work on /home/airflow/.local/lib/python3.7/site-packages/airflow/example_dags/example_kubernetes_executor.py
[2023-07-11 22:55:45,400] {processor.py:641} INFO - Processing file /home/airflow/.local/lib/python3.7/site-packages/airflow/example_dags/example_kubernetes_executor.py for tasks to queue
[2023-07-11 22:55:45,401] {logging_mixin.py:115} INFO - [2023-07-11 22:55:45,400] {dagbag.py:508} INFO - Filling up the DagBag from /home/airflow/.local/lib/python3.7/site-packages/airflow/example_dags/example_kubernetes_executor.py
[2023-07-11 22:55:45,444] {processor.py:651} INFO - DAG(s) dict_keys(['example_kubernetes_executor']) retrieved from /home/airflow/.local/lib/python3.7/site-packages/airflow/example_dags/example_kubernetes_executor.py
[2023-07-11 22:55:45,492] {logging_mixin.py:115} INFO - [2023-07-11 22:55:45,492] {dag.py:2420} INFO - Sync 1 DAGs
[2023-07-11 22:55:45,539] {logging_mixin.py:115} INFO - [2023-07-11 22:55:45,538] {dag.py:2972} INFO - Setting next_dagrun for example_kubernetes_executor to None, run_after=None
[2023-07-11 22:55:45,567] {processor.py:161} INFO - Processing /home/airflow/.local/lib/python3.7/site-packages/airflow/example_dags/example_kubernetes_executor.py took 0.172 seconds
[2023-07-11 22:56:15,997] {processor.py:153} INFO - Started process (PID=1692) to work on /home/airflow/.local/lib/python3.7/site-packages/airflow/example_dags/example_kubernetes_executor.py
[2023-07-11 22:56:15,998] {processor.py:641} INFO - Processing file /home/airflow/.local/lib/python3.7/site-packages/airflow/example_dags/example_kubernetes_executor.py for tasks to queue
[2023-07-11 22:56:15,999] {logging_mixin.py:115} INFO - [2023-07-11 22:56:15,999] {dagbag.py:508} INFO - Filling up the DagBag from /home/airflow/.local/lib/python3.7/site-packages/airflow/example_dags/example_kubernetes_executor.py
[2023-07-11 22:56:16,054] {processor.py:651} INFO - DAG(s) dict_keys(['example_kubernetes_executor']) retrieved from /home/airflow/.local/lib/python3.7/site-packages/airflow/example_dags/example_kubernetes_executor.py
[2023-07-11 22:56:16,124] {logging_mixin.py:115} INFO - [2023-07-11 22:56:16,124] {dag.py:2420} INFO - Sync 1 DAGs
[2023-07-11 22:56:16,193] {logging_mixin.py:115} INFO - [2023-07-11 22:56:16,193] {dag.py:2972} INFO - Setting next_dagrun for example_kubernetes_executor to None, run_after=None
[2023-07-11 22:56:16,230] {processor.py:161} INFO - Processing /home/airflow/.local/lib/python3.7/site-packages/airflow/example_dags/example_kubernetes_executor.py took 0.246 seconds
[2023-07-11 22:56:46,690] {processor.py:153} INFO - Started process (PID=1744) to work on /home/airflow/.local/lib/python3.7/site-packages/airflow/example_dags/example_kubernetes_executor.py
[2023-07-11 22:56:46,691] {processor.py:641} INFO - Processing file /home/airflow/.local/lib/python3.7/site-packages/airflow/example_dags/example_kubernetes_executor.py for tasks to queue
[2023-07-11 22:56:46,692] {logging_mixin.py:115} INFO - [2023-07-11 22:56:46,692] {dagbag.py:508} INFO - Filling up the DagBag from /home/airflow/.local/lib/python3.7/site-packages/airflow/example_dags/example_kubernetes_executor.py
[2023-07-11 22:56:46,756] {processor.py:651} INFO - DAG(s) dict_keys(['example_kubernetes_executor']) retrieved from /home/airflow/.local/lib/python3.7/site-packages/airflow/example_dags/example_kubernetes_executor.py
[2023-07-11 22:56:46,873] {logging_mixin.py:115} INFO - [2023-07-11 22:56:46,873] {dag.py:2420} INFO - Sync 1 DAGs
[2023-07-11 22:56:46,919] {logging_mixin.py:115} INFO - [2023-07-11 22:56:46,919] {dag.py:2972} INFO - Setting next_dagrun for example_kubernetes_executor to None, run_after=None
[2023-07-11 22:56:46,961] {processor.py:161} INFO - Processing /home/airflow/.local/lib/python3.7/site-packages/airflow/example_dags/example_kubernetes_executor.py took 0.278 seconds
[2023-07-11 22:57:17,254] {processor.py:153} INFO - Started process (PID=1795) to work on /home/airflow/.local/lib/python3.7/site-packages/airflow/example_dags/example_kubernetes_executor.py
[2023-07-11 22:57:17,254] {processor.py:641} INFO - Processing file /home/airflow/.local/lib/python3.7/site-packages/airflow/example_dags/example_kubernetes_executor.py for tasks to queue
[2023-07-11 22:57:17,255] {logging_mixin.py:115} INFO - [2023-07-11 22:57:17,255] {dagbag.py:508} INFO - Filling up the DagBag from /home/airflow/.local/lib/python3.7/site-packages/airflow/example_dags/example_kubernetes_executor.py
[2023-07-11 22:57:17,357] {processor.py:651} INFO - DAG(s) dict_keys(['example_kubernetes_executor']) retrieved from /home/airflow/.local/lib/python3.7/site-packages/airflow/example_dags/example_kubernetes_executor.py
[2023-07-11 22:57:17,421] {logging_mixin.py:115} INFO - [2023-07-11 22:57:17,420] {dag.py:2420} INFO - Sync 1 DAGs
[2023-07-11 22:57:17,477] {logging_mixin.py:115} INFO - [2023-07-11 22:57:17,476] {dag.py:2972} INFO - Setting next_dagrun for example_kubernetes_executor to None, run_after=None
[2023-07-11 22:57:17,511] {processor.py:161} INFO - Processing /home/airflow/.local/lib/python3.7/site-packages/airflow/example_dags/example_kubernetes_executor.py took 0.268 seconds
[2023-07-11 22:57:48,264] {processor.py:153} INFO - Started process (PID=1856) to work on /home/airflow/.local/lib/python3.7/site-packages/airflow/example_dags/example_kubernetes_executor.py
[2023-07-11 22:57:48,274] {processor.py:641} INFO - Processing file /home/airflow/.local/lib/python3.7/site-packages/airflow/example_dags/example_kubernetes_executor.py for tasks to queue
[2023-07-11 22:57:48,280] {logging_mixin.py:115} INFO - [2023-07-11 22:57:48,276] {dagbag.py:508} INFO - Filling up the DagBag from /home/airflow/.local/lib/python3.7/site-packages/airflow/example_dags/example_kubernetes_executor.py
[2023-07-11 22:57:48,369] {processor.py:651} INFO - DAG(s) dict_keys(['example_kubernetes_executor']) retrieved from /home/airflow/.local/lib/python3.7/site-packages/airflow/example_dags/example_kubernetes_executor.py
[2023-07-11 22:57:48,502] {logging_mixin.py:115} INFO - [2023-07-11 22:57:48,502] {dag.py:2420} INFO - Sync 1 DAGs
[2023-07-11 22:57:48,594] {logging_mixin.py:115} INFO - [2023-07-11 22:57:48,594] {dag.py:2972} INFO - Setting next_dagrun for example_kubernetes_executor to None, run_after=None
[2023-07-11 22:57:48,648] {processor.py:161} INFO - Processing /home/airflow/.local/lib/python3.7/site-packages/airflow/example_dags/example_kubernetes_executor.py took 0.397 seconds
[2023-07-11 22:58:18,950] {processor.py:153} INFO - Started process (PID=1908) to work on /home/airflow/.local/lib/python3.7/site-packages/airflow/example_dags/example_kubernetes_executor.py
[2023-07-11 22:58:18,951] {processor.py:641} INFO - Processing file /home/airflow/.local/lib/python3.7/site-packages/airflow/example_dags/example_kubernetes_executor.py for tasks to queue
[2023-07-11 22:58:18,952] {logging_mixin.py:115} INFO - [2023-07-11 22:58:18,952] {dagbag.py:508} INFO - Filling up the DagBag from /home/airflow/.local/lib/python3.7/site-packages/airflow/example_dags/example_kubernetes_executor.py
[2023-07-11 22:58:19,017] {processor.py:651} INFO - DAG(s) dict_keys(['example_kubernetes_executor']) retrieved from /home/airflow/.local/lib/python3.7/site-packages/airflow/example_dags/example_kubernetes_executor.py
[2023-07-11 22:58:19,073] {logging_mixin.py:115} INFO - [2023-07-11 22:58:19,073] {dag.py:2420} INFO - Sync 1 DAGs
[2023-07-11 22:58:19,112] {logging_mixin.py:115} INFO - [2023-07-11 22:58:19,112] {dag.py:2972} INFO - Setting next_dagrun for example_kubernetes_executor to None, run_after=None
[2023-07-11 22:58:19,130] {processor.py:161} INFO - Processing /home/airflow/.local/lib/python3.7/site-packages/airflow/example_dags/example_kubernetes_executor.py took 0.188 seconds
[2023-07-11 22:58:49,281] {processor.py:153} INFO - Started process (PID=1960) to work on /home/airflow/.local/lib/python3.7/site-packages/airflow/example_dags/example_kubernetes_executor.py
[2023-07-11 22:58:49,292] {processor.py:641} INFO - Processing file /home/airflow/.local/lib/python3.7/site-packages/airflow/example_dags/example_kubernetes_executor.py for tasks to queue
[2023-07-11 22:58:49,299] {logging_mixin.py:115} INFO - [2023-07-11 22:58:49,299] {dagbag.py:508} INFO - Filling up the DagBag from /home/airflow/.local/lib/python3.7/site-packages/airflow/example_dags/example_kubernetes_executor.py
[2023-07-11 22:58:49,391] {processor.py:651} INFO - DAG(s) dict_keys(['example_kubernetes_executor']) retrieved from /home/airflow/.local/lib/python3.7/site-packages/airflow/example_dags/example_kubernetes_executor.py
[2023-07-11 22:58:49,465] {logging_mixin.py:115} INFO - [2023-07-11 22:58:49,465] {dag.py:2420} INFO - Sync 1 DAGs
[2023-07-11 22:58:49,543] {logging_mixin.py:115} INFO - [2023-07-11 22:58:49,543] {dag.py:2972} INFO - Setting next_dagrun for example_kubernetes_executor to None, run_after=None
[2023-07-11 22:58:49,573] {processor.py:161} INFO - Processing /home/airflow/.local/lib/python3.7/site-packages/airflow/example_dags/example_kubernetes_executor.py took 0.297 seconds
[2023-07-11 22:59:19,656] {processor.py:153} INFO - Started process (PID=2011) to work on /home/airflow/.local/lib/python3.7/site-packages/airflow/example_dags/example_kubernetes_executor.py
[2023-07-11 22:59:19,657] {processor.py:641} INFO - Processing file /home/airflow/.local/lib/python3.7/site-packages/airflow/example_dags/example_kubernetes_executor.py for tasks to queue
[2023-07-11 22:59:19,658] {logging_mixin.py:115} INFO - [2023-07-11 22:59:19,658] {dagbag.py:508} INFO - Filling up the DagBag from /home/airflow/.local/lib/python3.7/site-packages/airflow/example_dags/example_kubernetes_executor.py
[2023-07-11 22:59:19,714] {processor.py:651} INFO - DAG(s) dict_keys(['example_kubernetes_executor']) retrieved from /home/airflow/.local/lib/python3.7/site-packages/airflow/example_dags/example_kubernetes_executor.py
[2023-07-11 22:59:19,762] {logging_mixin.py:115} INFO - [2023-07-11 22:59:19,762] {dag.py:2420} INFO - Sync 1 DAGs
[2023-07-11 22:59:19,809] {logging_mixin.py:115} INFO - [2023-07-11 22:59:19,808] {dag.py:2972} INFO - Setting next_dagrun for example_kubernetes_executor to None, run_after=None
[2023-07-11 22:59:19,848] {processor.py:161} INFO - Processing /home/airflow/.local/lib/python3.7/site-packages/airflow/example_dags/example_kubernetes_executor.py took 0.198 seconds
[2023-07-11 22:59:50,559] {processor.py:153} INFO - Started process (PID=2072) to work on /home/airflow/.local/lib/python3.7/site-packages/airflow/example_dags/example_kubernetes_executor.py
[2023-07-11 22:59:50,562] {processor.py:641} INFO - Processing file /home/airflow/.local/lib/python3.7/site-packages/airflow/example_dags/example_kubernetes_executor.py for tasks to queue
[2023-07-11 22:59:50,566] {logging_mixin.py:115} INFO - [2023-07-11 22:59:50,566] {dagbag.py:508} INFO - Filling up the DagBag from /home/airflow/.local/lib/python3.7/site-packages/airflow/example_dags/example_kubernetes_executor.py
[2023-07-11 22:59:50,724] {processor.py:651} INFO - DAG(s) dict_keys(['example_kubernetes_executor']) retrieved from /home/airflow/.local/lib/python3.7/site-packages/airflow/example_dags/example_kubernetes_executor.py
[2023-07-11 22:59:50,891] {logging_mixin.py:115} INFO - [2023-07-11 22:59:50,891] {dag.py:2420} INFO - Sync 1 DAGs
[2023-07-11 22:59:50,971] {logging_mixin.py:115} INFO - [2023-07-11 22:59:50,970] {dag.py:2972} INFO - Setting next_dagrun for example_kubernetes_executor to None, run_after=None
[2023-07-11 22:59:51,040] {processor.py:161} INFO - Processing /home/airflow/.local/lib/python3.7/site-packages/airflow/example_dags/example_kubernetes_executor.py took 0.495 seconds
[2023-07-11 23:00:21,401] {processor.py:153} INFO - Started process (PID=2124) to work on /home/airflow/.local/lib/python3.7/site-packages/airflow/example_dags/example_kubernetes_executor.py
[2023-07-11 23:00:21,402] {processor.py:641} INFO - Processing file /home/airflow/.local/lib/python3.7/site-packages/airflow/example_dags/example_kubernetes_executor.py for tasks to queue
[2023-07-11 23:00:21,403] {logging_mixin.py:115} INFO - [2023-07-11 23:00:21,403] {dagbag.py:508} INFO - Filling up the DagBag from /home/airflow/.local/lib/python3.7/site-packages/airflow/example_dags/example_kubernetes_executor.py
[2023-07-11 23:00:21,499] {processor.py:651} INFO - DAG(s) dict_keys(['example_kubernetes_executor']) retrieved from /home/airflow/.local/lib/python3.7/site-packages/airflow/example_dags/example_kubernetes_executor.py
[2023-07-11 23:00:21,597] {logging_mixin.py:115} INFO - [2023-07-11 23:00:21,597] {dag.py:2420} INFO - Sync 1 DAGs
[2023-07-11 23:00:21,683] {logging_mixin.py:115} INFO - [2023-07-11 23:00:21,682] {dag.py:2972} INFO - Setting next_dagrun for example_kubernetes_executor to None, run_after=None
[2023-07-11 23:00:21,717] {processor.py:161} INFO - Processing /home/airflow/.local/lib/python3.7/site-packages/airflow/example_dags/example_kubernetes_executor.py took 0.326 seconds
[2023-07-11 23:00:51,907] {processor.py:153} INFO - Started process (PID=2177) to work on /home/airflow/.local/lib/python3.7/site-packages/airflow/example_dags/example_kubernetes_executor.py
[2023-07-11 23:00:51,908] {processor.py:641} INFO - Processing file /home/airflow/.local/lib/python3.7/site-packages/airflow/example_dags/example_kubernetes_executor.py for tasks to queue
[2023-07-11 23:00:51,909] {logging_mixin.py:115} INFO - [2023-07-11 23:00:51,909] {dagbag.py:508} INFO - Filling up the DagBag from /home/airflow/.local/lib/python3.7/site-packages/airflow/example_dags/example_kubernetes_executor.py
[2023-07-11 23:00:51,990] {processor.py:651} INFO - DAG(s) dict_keys(['example_kubernetes_executor']) retrieved from /home/airflow/.local/lib/python3.7/site-packages/airflow/example_dags/example_kubernetes_executor.py
[2023-07-11 23:00:52,084] {logging_mixin.py:115} INFO - [2023-07-11 23:00:52,084] {dag.py:2420} INFO - Sync 1 DAGs
[2023-07-11 23:00:52,182] {logging_mixin.py:115} INFO - [2023-07-11 23:00:52,181] {dag.py:2972} INFO - Setting next_dagrun for example_kubernetes_executor to None, run_after=None
[2023-07-11 23:00:52,226] {processor.py:161} INFO - Processing /home/airflow/.local/lib/python3.7/site-packages/airflow/example_dags/example_kubernetes_executor.py took 0.332 seconds
[2023-07-11 23:01:23,052] {processor.py:153} INFO - Started process (PID=2229) to work on /home/airflow/.local/lib/python3.7/site-packages/airflow/example_dags/example_kubernetes_executor.py
[2023-07-11 23:01:23,052] {processor.py:641} INFO - Processing file /home/airflow/.local/lib/python3.7/site-packages/airflow/example_dags/example_kubernetes_executor.py for tasks to queue
[2023-07-11 23:01:23,053] {logging_mixin.py:115} INFO - [2023-07-11 23:01:23,053] {dagbag.py:508} INFO - Filling up the DagBag from /home/airflow/.local/lib/python3.7/site-packages/airflow/example_dags/example_kubernetes_executor.py
[2023-07-11 23:01:23,116] {processor.py:651} INFO - DAG(s) dict_keys(['example_kubernetes_executor']) retrieved from /home/airflow/.local/lib/python3.7/site-packages/airflow/example_dags/example_kubernetes_executor.py
[2023-07-11 23:01:23,179] {logging_mixin.py:115} INFO - [2023-07-11 23:01:23,179] {dag.py:2420} INFO - Sync 1 DAGs
[2023-07-11 23:01:23,233] {logging_mixin.py:115} INFO - [2023-07-11 23:01:23,233] {dag.py:2972} INFO - Setting next_dagrun for example_kubernetes_executor to None, run_after=None
[2023-07-11 23:01:23,275] {processor.py:161} INFO - Processing /home/airflow/.local/lib/python3.7/site-packages/airflow/example_dags/example_kubernetes_executor.py took 0.227 seconds
[2023-07-11 23:01:53,405] {processor.py:153} INFO - Started process (PID=2279) to work on /home/airflow/.local/lib/python3.7/site-packages/airflow/example_dags/example_kubernetes_executor.py
[2023-07-11 23:01:53,406] {processor.py:641} INFO - Processing file /home/airflow/.local/lib/python3.7/site-packages/airflow/example_dags/example_kubernetes_executor.py for tasks to queue
[2023-07-11 23:01:53,407] {logging_mixin.py:115} INFO - [2023-07-11 23:01:53,406] {dagbag.py:508} INFO - Filling up the DagBag from /home/airflow/.local/lib/python3.7/site-packages/airflow/example_dags/example_kubernetes_executor.py
[2023-07-11 23:01:53,502] {processor.py:651} INFO - DAG(s) dict_keys(['example_kubernetes_executor']) retrieved from /home/airflow/.local/lib/python3.7/site-packages/airflow/example_dags/example_kubernetes_executor.py
[2023-07-11 23:01:53,616] {logging_mixin.py:115} INFO - [2023-07-11 23:01:53,616] {dag.py:2420} INFO - Sync 1 DAGs
[2023-07-11 23:01:53,710] {logging_mixin.py:115} INFO - [2023-07-11 23:01:53,710] {dag.py:2972} INFO - Setting next_dagrun for example_kubernetes_executor to None, run_after=None
[2023-07-11 23:01:53,745] {processor.py:161} INFO - Processing /home/airflow/.local/lib/python3.7/site-packages/airflow/example_dags/example_kubernetes_executor.py took 0.345 seconds
[2023-07-11 23:02:24,434] {processor.py:153} INFO - Started process (PID=2331) to work on /home/airflow/.local/lib/python3.7/site-packages/airflow/example_dags/example_kubernetes_executor.py
[2023-07-11 23:02:24,435] {processor.py:641} INFO - Processing file /home/airflow/.local/lib/python3.7/site-packages/airflow/example_dags/example_kubernetes_executor.py for tasks to queue
[2023-07-11 23:02:24,436] {logging_mixin.py:115} INFO - [2023-07-11 23:02:24,436] {dagbag.py:508} INFO - Filling up the DagBag from /home/airflow/.local/lib/python3.7/site-packages/airflow/example_dags/example_kubernetes_executor.py
[2023-07-11 23:02:24,515] {processor.py:651} INFO - DAG(s) dict_keys(['example_kubernetes_executor']) retrieved from /home/airflow/.local/lib/python3.7/site-packages/airflow/example_dags/example_kubernetes_executor.py
[2023-07-11 23:02:24,641] {logging_mixin.py:115} INFO - [2023-07-11 23:02:24,641] {dag.py:2420} INFO - Sync 1 DAGs
[2023-07-11 23:02:24,697] {logging_mixin.py:115} INFO - [2023-07-11 23:02:24,697] {dag.py:2972} INFO - Setting next_dagrun for example_kubernetes_executor to None, run_after=None
[2023-07-11 23:02:24,737] {processor.py:161} INFO - Processing /home/airflow/.local/lib/python3.7/site-packages/airflow/example_dags/example_kubernetes_executor.py took 0.309 seconds
[2023-07-11 23:02:55,234] {processor.py:153} INFO - Started process (PID=2392) to work on /home/airflow/.local/lib/python3.7/site-packages/airflow/example_dags/example_kubernetes_executor.py
[2023-07-11 23:02:55,241] {processor.py:641} INFO - Processing file /home/airflow/.local/lib/python3.7/site-packages/airflow/example_dags/example_kubernetes_executor.py for tasks to queue
[2023-07-11 23:02:55,243] {logging_mixin.py:115} INFO - [2023-07-11 23:02:55,243] {dagbag.py:508} INFO - Filling up the DagBag from /home/airflow/.local/lib/python3.7/site-packages/airflow/example_dags/example_kubernetes_executor.py
[2023-07-11 23:02:55,353] {processor.py:651} INFO - DAG(s) dict_keys(['example_kubernetes_executor']) retrieved from /home/airflow/.local/lib/python3.7/site-packages/airflow/example_dags/example_kubernetes_executor.py
[2023-07-11 23:02:55,474] {logging_mixin.py:115} INFO - [2023-07-11 23:02:55,474] {dag.py:2420} INFO - Sync 1 DAGs
[2023-07-11 23:02:55,535] {logging_mixin.py:115} INFO - [2023-07-11 23:02:55,535] {dag.py:2972} INFO - Setting next_dagrun for example_kubernetes_executor to None, run_after=None
[2023-07-11 23:02:55,559] {processor.py:161} INFO - Processing /home/airflow/.local/lib/python3.7/site-packages/airflow/example_dags/example_kubernetes_executor.py took 0.333 seconds
[2023-07-11 23:03:26,229] {processor.py:153} INFO - Started process (PID=2444) to work on /home/airflow/.local/lib/python3.7/site-packages/airflow/example_dags/example_kubernetes_executor.py
[2023-07-11 23:03:26,235] {processor.py:641} INFO - Processing file /home/airflow/.local/lib/python3.7/site-packages/airflow/example_dags/example_kubernetes_executor.py for tasks to queue
[2023-07-11 23:03:26,237] {logging_mixin.py:115} INFO - [2023-07-11 23:03:26,236] {dagbag.py:508} INFO - Filling up the DagBag from /home/airflow/.local/lib/python3.7/site-packages/airflow/example_dags/example_kubernetes_executor.py
[2023-07-11 23:03:26,300] {processor.py:651} INFO - DAG(s) dict_keys(['example_kubernetes_executor']) retrieved from /home/airflow/.local/lib/python3.7/site-packages/airflow/example_dags/example_kubernetes_executor.py
[2023-07-11 23:03:26,359] {logging_mixin.py:115} INFO - [2023-07-11 23:03:26,359] {dag.py:2420} INFO - Sync 1 DAGs
[2023-07-11 23:03:26,413] {logging_mixin.py:115} INFO - [2023-07-11 23:03:26,413] {dag.py:2972} INFO - Setting next_dagrun for example_kubernetes_executor to None, run_after=None
[2023-07-11 23:03:26,446] {processor.py:161} INFO - Processing /home/airflow/.local/lib/python3.7/site-packages/airflow/example_dags/example_kubernetes_executor.py took 0.224 seconds
[2023-07-11 23:03:56,754] {processor.py:153} INFO - Started process (PID=2495) to work on /home/airflow/.local/lib/python3.7/site-packages/airflow/example_dags/example_kubernetes_executor.py
[2023-07-11 23:03:56,756] {processor.py:641} INFO - Processing file /home/airflow/.local/lib/python3.7/site-packages/airflow/example_dags/example_kubernetes_executor.py for tasks to queue
[2023-07-11 23:03:56,761] {logging_mixin.py:115} INFO - [2023-07-11 23:03:56,760] {dagbag.py:508} INFO - Filling up the DagBag from /home/airflow/.local/lib/python3.7/site-packages/airflow/example_dags/example_kubernetes_executor.py
[2023-07-11 23:03:56,845] {processor.py:651} INFO - DAG(s) dict_keys(['example_kubernetes_executor']) retrieved from /home/airflow/.local/lib/python3.7/site-packages/airflow/example_dags/example_kubernetes_executor.py
[2023-07-11 23:03:56,902] {logging_mixin.py:115} INFO - [2023-07-11 23:03:56,902] {dag.py:2420} INFO - Sync 1 DAGs
[2023-07-11 23:03:56,980] {logging_mixin.py:115} INFO - [2023-07-11 23:03:56,980] {dag.py:2972} INFO - Setting next_dagrun for example_kubernetes_executor to None, run_after=None
[2023-07-11 23:03:57,009] {processor.py:161} INFO - Processing /home/airflow/.local/lib/python3.7/site-packages/airflow/example_dags/example_kubernetes_executor.py took 0.262 seconds
[2023-07-11 23:04:27,358] {processor.py:153} INFO - Started process (PID=2547) to work on /home/airflow/.local/lib/python3.7/site-packages/airflow/example_dags/example_kubernetes_executor.py
[2023-07-11 23:04:27,358] {processor.py:641} INFO - Processing file /home/airflow/.local/lib/python3.7/site-packages/airflow/example_dags/example_kubernetes_executor.py for tasks to queue
[2023-07-11 23:04:27,359] {logging_mixin.py:115} INFO - [2023-07-11 23:04:27,359] {dagbag.py:508} INFO - Filling up the DagBag from /home/airflow/.local/lib/python3.7/site-packages/airflow/example_dags/example_kubernetes_executor.py
[2023-07-11 23:04:27,426] {processor.py:651} INFO - DAG(s) dict_keys(['example_kubernetes_executor']) retrieved from /home/airflow/.local/lib/python3.7/site-packages/airflow/example_dags/example_kubernetes_executor.py
[2023-07-11 23:04:27,490] {logging_mixin.py:115} INFO - [2023-07-11 23:04:27,490] {dag.py:2420} INFO - Sync 1 DAGs
[2023-07-11 23:04:27,548] {logging_mixin.py:115} INFO - [2023-07-11 23:04:27,547] {dag.py:2972} INFO - Setting next_dagrun for example_kubernetes_executor to None, run_after=None
[2023-07-11 23:04:27,594] {processor.py:161} INFO - Processing /home/airflow/.local/lib/python3.7/site-packages/airflow/example_dags/example_kubernetes_executor.py took 0.240 seconds
[2023-07-11 23:04:57,683] {processor.py:153} INFO - Started process (PID=2599) to work on /home/airflow/.local/lib/python3.7/site-packages/airflow/example_dags/example_kubernetes_executor.py
[2023-07-11 23:04:57,684] {processor.py:641} INFO - Processing file /home/airflow/.local/lib/python3.7/site-packages/airflow/example_dags/example_kubernetes_executor.py for tasks to queue
[2023-07-11 23:04:57,685] {logging_mixin.py:115} INFO - [2023-07-11 23:04:57,685] {dagbag.py:508} INFO - Filling up the DagBag from /home/airflow/.local/lib/python3.7/site-packages/airflow/example_dags/example_kubernetes_executor.py
[2023-07-11 23:04:57,910] {processor.py:651} INFO - DAG(s) dict_keys(['example_kubernetes_executor']) retrieved from /home/airflow/.local/lib/python3.7/site-packages/airflow/example_dags/example_kubernetes_executor.py
[2023-07-11 23:04:58,146] {logging_mixin.py:115} INFO - [2023-07-11 23:04:58,145] {dag.py:2420} INFO - Sync 1 DAGs
[2023-07-11 23:04:58,284] {logging_mixin.py:115} INFO - [2023-07-11 23:04:58,284] {dag.py:2972} INFO - Setting next_dagrun for example_kubernetes_executor to None, run_after=None
[2023-07-11 23:04:58,349] {processor.py:161} INFO - Processing /home/airflow/.local/lib/python3.7/site-packages/airflow/example_dags/example_kubernetes_executor.py took 0.675 seconds
[2023-07-11 23:05:29,021] {processor.py:153} INFO - Started process (PID=2658) to work on /home/airflow/.local/lib/python3.7/site-packages/airflow/example_dags/example_kubernetes_executor.py
[2023-07-11 23:05:29,022] {processor.py:641} INFO - Processing file /home/airflow/.local/lib/python3.7/site-packages/airflow/example_dags/example_kubernetes_executor.py for tasks to queue
[2023-07-11 23:05:29,024] {logging_mixin.py:115} INFO - [2023-07-11 23:05:29,024] {dagbag.py:508} INFO - Filling up the DagBag from /home/airflow/.local/lib/python3.7/site-packages/airflow/example_dags/example_kubernetes_executor.py
[2023-07-11 23:05:29,203] {processor.py:651} INFO - DAG(s) dict_keys(['example_kubernetes_executor']) retrieved from /home/airflow/.local/lib/python3.7/site-packages/airflow/example_dags/example_kubernetes_executor.py
[2023-07-11 23:05:29,321] {logging_mixin.py:115} INFO - [2023-07-11 23:05:29,320] {dag.py:2420} INFO - Sync 1 DAGs
[2023-07-11 23:05:29,420] {logging_mixin.py:115} INFO - [2023-07-11 23:05:29,420] {dag.py:2972} INFO - Setting next_dagrun for example_kubernetes_executor to None, run_after=None
[2023-07-11 23:05:29,475] {processor.py:161} INFO - Processing /home/airflow/.local/lib/python3.7/site-packages/airflow/example_dags/example_kubernetes_executor.py took 0.473 seconds
[2023-07-11 23:06:00,236] {processor.py:153} INFO - Started process (PID=2712) to work on /home/airflow/.local/lib/python3.7/site-packages/airflow/example_dags/example_kubernetes_executor.py
[2023-07-11 23:06:00,238] {processor.py:641} INFO - Processing file /home/airflow/.local/lib/python3.7/site-packages/airflow/example_dags/example_kubernetes_executor.py for tasks to queue
[2023-07-11 23:06:00,239] {logging_mixin.py:115} INFO - [2023-07-11 23:06:00,238] {dagbag.py:508} INFO - Filling up the DagBag from /home/airflow/.local/lib/python3.7/site-packages/airflow/example_dags/example_kubernetes_executor.py
[2023-07-11 23:06:00,341] {processor.py:651} INFO - DAG(s) dict_keys(['example_kubernetes_executor']) retrieved from /home/airflow/.local/lib/python3.7/site-packages/airflow/example_dags/example_kubernetes_executor.py
[2023-07-11 23:06:00,463] {logging_mixin.py:115} INFO - [2023-07-11 23:06:00,463] {dag.py:2420} INFO - Sync 1 DAGs
[2023-07-11 23:06:00,560] {logging_mixin.py:115} INFO - [2023-07-11 23:06:00,558] {dag.py:2972} INFO - Setting next_dagrun for example_kubernetes_executor to None, run_after=None
[2023-07-11 23:06:00,703] {processor.py:161} INFO - Processing /home/airflow/.local/lib/python3.7/site-packages/airflow/example_dags/example_kubernetes_executor.py took 0.484 seconds
[2023-07-11 23:06:31,402] {processor.py:153} INFO - Started process (PID=2763) to work on /home/airflow/.local/lib/python3.7/site-packages/airflow/example_dags/example_kubernetes_executor.py
[2023-07-11 23:06:31,403] {processor.py:641} INFO - Processing file /home/airflow/.local/lib/python3.7/site-packages/airflow/example_dags/example_kubernetes_executor.py for tasks to queue
[2023-07-11 23:06:31,404] {logging_mixin.py:115} INFO - [2023-07-11 23:06:31,404] {dagbag.py:508} INFO - Filling up the DagBag from /home/airflow/.local/lib/python3.7/site-packages/airflow/example_dags/example_kubernetes_executor.py
[2023-07-11 23:06:31,530] {processor.py:651} INFO - DAG(s) dict_keys(['example_kubernetes_executor']) retrieved from /home/airflow/.local/lib/python3.7/site-packages/airflow/example_dags/example_kubernetes_executor.py
[2023-07-11 23:06:31,619] {logging_mixin.py:115} INFO - [2023-07-11 23:06:31,619] {dag.py:2420} INFO - Sync 1 DAGs
[2023-07-11 23:06:31,724] {logging_mixin.py:115} INFO - [2023-07-11 23:06:31,724] {dag.py:2972} INFO - Setting next_dagrun for example_kubernetes_executor to None, run_after=None
[2023-07-11 23:06:31,800] {processor.py:161} INFO - Processing /home/airflow/.local/lib/python3.7/site-packages/airflow/example_dags/example_kubernetes_executor.py took 0.405 seconds
[2023-07-11 23:07:02,006] {processor.py:153} INFO - Started process (PID=2815) to work on /home/airflow/.local/lib/python3.7/site-packages/airflow/example_dags/example_kubernetes_executor.py
[2023-07-11 23:07:02,008] {processor.py:641} INFO - Processing file /home/airflow/.local/lib/python3.7/site-packages/airflow/example_dags/example_kubernetes_executor.py for tasks to queue
[2023-07-11 23:07:02,009] {logging_mixin.py:115} INFO - [2023-07-11 23:07:02,009] {dagbag.py:508} INFO - Filling up the DagBag from /home/airflow/.local/lib/python3.7/site-packages/airflow/example_dags/example_kubernetes_executor.py
[2023-07-11 23:07:02,044] {processor.py:651} INFO - DAG(s) dict_keys(['example_kubernetes_executor']) retrieved from /home/airflow/.local/lib/python3.7/site-packages/airflow/example_dags/example_kubernetes_executor.py
[2023-07-11 23:07:02,088] {logging_mixin.py:115} INFO - [2023-07-11 23:07:02,088] {dag.py:2420} INFO - Sync 1 DAGs
[2023-07-11 23:07:02,135] {logging_mixin.py:115} INFO - [2023-07-11 23:07:02,134] {dag.py:2972} INFO - Setting next_dagrun for example_kubernetes_executor to None, run_after=None
[2023-07-11 23:07:02,160] {processor.py:161} INFO - Processing /home/airflow/.local/lib/python3.7/site-packages/airflow/example_dags/example_kubernetes_executor.py took 0.160 seconds
[2023-07-11 23:07:32,278] {processor.py:153} INFO - Started process (PID=2866) to work on /home/airflow/.local/lib/python3.7/site-packages/airflow/example_dags/example_kubernetes_executor.py
[2023-07-11 23:07:32,279] {processor.py:641} INFO - Processing file /home/airflow/.local/lib/python3.7/site-packages/airflow/example_dags/example_kubernetes_executor.py for tasks to queue
[2023-07-11 23:07:32,280] {logging_mixin.py:115} INFO - [2023-07-11 23:07:32,280] {dagbag.py:508} INFO - Filling up the DagBag from /home/airflow/.local/lib/python3.7/site-packages/airflow/example_dags/example_kubernetes_executor.py
[2023-07-11 23:07:32,359] {processor.py:651} INFO - DAG(s) dict_keys(['example_kubernetes_executor']) retrieved from /home/airflow/.local/lib/python3.7/site-packages/airflow/example_dags/example_kubernetes_executor.py
[2023-07-11 23:07:32,422] {logging_mixin.py:115} INFO - [2023-07-11 23:07:32,421] {dag.py:2420} INFO - Sync 1 DAGs
[2023-07-11 23:07:32,482] {logging_mixin.py:115} INFO - [2023-07-11 23:07:32,481] {dag.py:2972} INFO - Setting next_dagrun for example_kubernetes_executor to None, run_after=None
[2023-07-11 23:07:32,521] {processor.py:161} INFO - Processing /home/airflow/.local/lib/python3.7/site-packages/airflow/example_dags/example_kubernetes_executor.py took 0.253 seconds
[2023-07-11 23:08:02,810] {processor.py:153} INFO - Started process (PID=2917) to work on /home/airflow/.local/lib/python3.7/site-packages/airflow/example_dags/example_kubernetes_executor.py
[2023-07-11 23:08:02,811] {processor.py:641} INFO - Processing file /home/airflow/.local/lib/python3.7/site-packages/airflow/example_dags/example_kubernetes_executor.py for tasks to queue
[2023-07-11 23:08:02,812] {logging_mixin.py:115} INFO - [2023-07-11 23:08:02,812] {dagbag.py:508} INFO - Filling up the DagBag from /home/airflow/.local/lib/python3.7/site-packages/airflow/example_dags/example_kubernetes_executor.py
[2023-07-11 23:08:02,877] {processor.py:651} INFO - DAG(s) dict_keys(['example_kubernetes_executor']) retrieved from /home/airflow/.local/lib/python3.7/site-packages/airflow/example_dags/example_kubernetes_executor.py
[2023-07-11 23:08:02,934] {logging_mixin.py:115} INFO - [2023-07-11 23:08:02,933] {dag.py:2420} INFO - Sync 1 DAGs
[2023-07-11 23:08:02,977] {logging_mixin.py:115} INFO - [2023-07-11 23:08:02,977] {dag.py:2972} INFO - Setting next_dagrun for example_kubernetes_executor to None, run_after=None
[2023-07-11 23:08:03,001] {processor.py:161} INFO - Processing /home/airflow/.local/lib/python3.7/site-packages/airflow/example_dags/example_kubernetes_executor.py took 0.195 seconds
[2023-07-11 23:08:33,074] {processor.py:153} INFO - Started process (PID=2969) to work on /home/airflow/.local/lib/python3.7/site-packages/airflow/example_dags/example_kubernetes_executor.py
[2023-07-11 23:08:33,077] {processor.py:641} INFO - Processing file /home/airflow/.local/lib/python3.7/site-packages/airflow/example_dags/example_kubernetes_executor.py for tasks to queue
[2023-07-11 23:08:33,078] {logging_mixin.py:115} INFO - [2023-07-11 23:08:33,078] {dagbag.py:508} INFO - Filling up the DagBag from /home/airflow/.local/lib/python3.7/site-packages/airflow/example_dags/example_kubernetes_executor.py
[2023-07-11 23:08:33,160] {processor.py:651} INFO - DAG(s) dict_keys(['example_kubernetes_executor']) retrieved from /home/airflow/.local/lib/python3.7/site-packages/airflow/example_dags/example_kubernetes_executor.py
[2023-07-11 23:08:33,242] {logging_mixin.py:115} INFO - [2023-07-11 23:08:33,241] {dag.py:2420} INFO - Sync 1 DAGs
[2023-07-11 23:08:33,341] {logging_mixin.py:115} INFO - [2023-07-11 23:08:33,341] {dag.py:2972} INFO - Setting next_dagrun for example_kubernetes_executor to None, run_after=None
[2023-07-11 23:08:33,386] {processor.py:161} INFO - Processing /home/airflow/.local/lib/python3.7/site-packages/airflow/example_dags/example_kubernetes_executor.py took 0.321 seconds
[2023-07-11 23:09:03,623] {processor.py:153} INFO - Started process (PID=3030) to work on /home/airflow/.local/lib/python3.7/site-packages/airflow/example_dags/example_kubernetes_executor.py
[2023-07-11 23:09:03,625] {processor.py:641} INFO - Processing file /home/airflow/.local/lib/python3.7/site-packages/airflow/example_dags/example_kubernetes_executor.py for tasks to queue
[2023-07-11 23:09:03,625] {logging_mixin.py:115} INFO - [2023-07-11 23:09:03,625] {dagbag.py:508} INFO - Filling up the DagBag from /home/airflow/.local/lib/python3.7/site-packages/airflow/example_dags/example_kubernetes_executor.py
[2023-07-11 23:09:03,700] {processor.py:651} INFO - DAG(s) dict_keys(['example_kubernetes_executor']) retrieved from /home/airflow/.local/lib/python3.7/site-packages/airflow/example_dags/example_kubernetes_executor.py
[2023-07-11 23:09:03,800] {logging_mixin.py:115} INFO - [2023-07-11 23:09:03,799] {dag.py:2420} INFO - Sync 1 DAGs
[2023-07-11 23:09:03,867] {logging_mixin.py:115} INFO - [2023-07-11 23:09:03,867] {dag.py:2972} INFO - Setting next_dagrun for example_kubernetes_executor to None, run_after=None
[2023-07-11 23:09:03,909] {processor.py:161} INFO - Processing /home/airflow/.local/lib/python3.7/site-packages/airflow/example_dags/example_kubernetes_executor.py took 0.300 seconds
[2023-07-11 23:09:34,292] {processor.py:153} INFO - Started process (PID=3082) to work on /home/airflow/.local/lib/python3.7/site-packages/airflow/example_dags/example_kubernetes_executor.py
[2023-07-11 23:09:34,293] {processor.py:641} INFO - Processing file /home/airflow/.local/lib/python3.7/site-packages/airflow/example_dags/example_kubernetes_executor.py for tasks to queue
[2023-07-11 23:09:34,294] {logging_mixin.py:115} INFO - [2023-07-11 23:09:34,294] {dagbag.py:508} INFO - Filling up the DagBag from /home/airflow/.local/lib/python3.7/site-packages/airflow/example_dags/example_kubernetes_executor.py
[2023-07-11 23:09:34,338] {processor.py:651} INFO - DAG(s) dict_keys(['example_kubernetes_executor']) retrieved from /home/airflow/.local/lib/python3.7/site-packages/airflow/example_dags/example_kubernetes_executor.py
[2023-07-11 23:09:34,406] {logging_mixin.py:115} INFO - [2023-07-11 23:09:34,405] {dag.py:2420} INFO - Sync 1 DAGs
[2023-07-11 23:09:34,465] {logging_mixin.py:115} INFO - [2023-07-11 23:09:34,465] {dag.py:2972} INFO - Setting next_dagrun for example_kubernetes_executor to None, run_after=None
[2023-07-11 23:09:34,502] {processor.py:161} INFO - Processing /home/airflow/.local/lib/python3.7/site-packages/airflow/example_dags/example_kubernetes_executor.py took 0.217 seconds
[2023-07-11 23:10:04,569] {processor.py:153} INFO - Started process (PID=3133) to work on /home/airflow/.local/lib/python3.7/site-packages/airflow/example_dags/example_kubernetes_executor.py
[2023-07-11 23:10:04,570] {processor.py:641} INFO - Processing file /home/airflow/.local/lib/python3.7/site-packages/airflow/example_dags/example_kubernetes_executor.py for tasks to queue
[2023-07-11 23:10:04,571] {logging_mixin.py:115} INFO - [2023-07-11 23:10:04,570] {dagbag.py:508} INFO - Filling up the DagBag from /home/airflow/.local/lib/python3.7/site-packages/airflow/example_dags/example_kubernetes_executor.py
[2023-07-11 23:10:04,629] {processor.py:651} INFO - DAG(s) dict_keys(['example_kubernetes_executor']) retrieved from /home/airflow/.local/lib/python3.7/site-packages/airflow/example_dags/example_kubernetes_executor.py
[2023-07-11 23:10:04,687] {logging_mixin.py:115} INFO - [2023-07-11 23:10:04,686] {dag.py:2420} INFO - Sync 1 DAGs
[2023-07-11 23:10:04,746] {logging_mixin.py:115} INFO - [2023-07-11 23:10:04,746] {dag.py:2972} INFO - Setting next_dagrun for example_kubernetes_executor to None, run_after=None
[2023-07-11 23:10:04,821] {processor.py:161} INFO - Processing /home/airflow/.local/lib/python3.7/site-packages/airflow/example_dags/example_kubernetes_executor.py took 0.258 seconds
[2023-07-11 23:10:35,288] {processor.py:153} INFO - Started process (PID=3186) to work on /home/airflow/.local/lib/python3.7/site-packages/airflow/example_dags/example_kubernetes_executor.py
[2023-07-11 23:10:35,292] {processor.py:641} INFO - Processing file /home/airflow/.local/lib/python3.7/site-packages/airflow/example_dags/example_kubernetes_executor.py for tasks to queue
[2023-07-11 23:10:35,293] {logging_mixin.py:115} INFO - [2023-07-11 23:10:35,293] {dagbag.py:508} INFO - Filling up the DagBag from /home/airflow/.local/lib/python3.7/site-packages/airflow/example_dags/example_kubernetes_executor.py
[2023-07-11 23:10:35,379] {processor.py:651} INFO - DAG(s) dict_keys(['example_kubernetes_executor']) retrieved from /home/airflow/.local/lib/python3.7/site-packages/airflow/example_dags/example_kubernetes_executor.py
[2023-07-11 23:10:35,449] {logging_mixin.py:115} INFO - [2023-07-11 23:10:35,448] {dag.py:2420} INFO - Sync 1 DAGs
[2023-07-11 23:10:35,512] {logging_mixin.py:115} INFO - [2023-07-11 23:10:35,512] {dag.py:2972} INFO - Setting next_dagrun for example_kubernetes_executor to None, run_after=None
[2023-07-11 23:10:35,563] {processor.py:161} INFO - Processing /home/airflow/.local/lib/python3.7/site-packages/airflow/example_dags/example_kubernetes_executor.py took 0.282 seconds
[2023-07-11 23:11:05,976] {processor.py:153} INFO - Started process (PID=3238) to work on /home/airflow/.local/lib/python3.7/site-packages/airflow/example_dags/example_kubernetes_executor.py
[2023-07-11 23:11:05,986] {processor.py:641} INFO - Processing file /home/airflow/.local/lib/python3.7/site-packages/airflow/example_dags/example_kubernetes_executor.py for tasks to queue
[2023-07-11 23:11:05,987] {logging_mixin.py:115} INFO - [2023-07-11 23:11:05,987] {dagbag.py:508} INFO - Filling up the DagBag from /home/airflow/.local/lib/python3.7/site-packages/airflow/example_dags/example_kubernetes_executor.py
[2023-07-11 23:11:06,046] {processor.py:651} INFO - DAG(s) dict_keys(['example_kubernetes_executor']) retrieved from /home/airflow/.local/lib/python3.7/site-packages/airflow/example_dags/example_kubernetes_executor.py
[2023-07-11 23:11:06,112] {logging_mixin.py:115} INFO - [2023-07-11 23:11:06,112] {dag.py:2420} INFO - Sync 1 DAGs
[2023-07-11 23:11:06,213] {logging_mixin.py:115} INFO - [2023-07-11 23:11:06,212] {dag.py:2972} INFO - Setting next_dagrun for example_kubernetes_executor to None, run_after=None
[2023-07-11 23:11:06,263] {processor.py:161} INFO - Processing /home/airflow/.local/lib/python3.7/site-packages/airflow/example_dags/example_kubernetes_executor.py took 0.310 seconds
[2023-07-11 23:11:37,214] {processor.py:153} INFO - Started process (PID=3298) to work on /home/airflow/.local/lib/python3.7/site-packages/airflow/example_dags/example_kubernetes_executor.py
[2023-07-11 23:11:37,217] {processor.py:641} INFO - Processing file /home/airflow/.local/lib/python3.7/site-packages/airflow/example_dags/example_kubernetes_executor.py for tasks to queue
[2023-07-11 23:11:37,219] {logging_mixin.py:115} INFO - [2023-07-11 23:11:37,219] {dagbag.py:508} INFO - Filling up the DagBag from /home/airflow/.local/lib/python3.7/site-packages/airflow/example_dags/example_kubernetes_executor.py
[2023-07-11 23:11:37,272] {processor.py:651} INFO - DAG(s) dict_keys(['example_kubernetes_executor']) retrieved from /home/airflow/.local/lib/python3.7/site-packages/airflow/example_dags/example_kubernetes_executor.py
[2023-07-11 23:11:37,326] {logging_mixin.py:115} INFO - [2023-07-11 23:11:37,326] {dag.py:2420} INFO - Sync 1 DAGs
[2023-07-11 23:11:37,370] {logging_mixin.py:115} INFO - [2023-07-11 23:11:37,370] {dag.py:2972} INFO - Setting next_dagrun for example_kubernetes_executor to None, run_after=None
[2023-07-11 23:11:37,401] {processor.py:161} INFO - Processing /home/airflow/.local/lib/python3.7/site-packages/airflow/example_dags/example_kubernetes_executor.py took 0.195 seconds
[2023-07-11 23:12:07,458] {processor.py:153} INFO - Started process (PID=3349) to work on /home/airflow/.local/lib/python3.7/site-packages/airflow/example_dags/example_kubernetes_executor.py
[2023-07-11 23:12:07,459] {processor.py:641} INFO - Processing file /home/airflow/.local/lib/python3.7/site-packages/airflow/example_dags/example_kubernetes_executor.py for tasks to queue
[2023-07-11 23:12:07,459] {logging_mixin.py:115} INFO - [2023-07-11 23:12:07,459] {dagbag.py:508} INFO - Filling up the DagBag from /home/airflow/.local/lib/python3.7/site-packages/airflow/example_dags/example_kubernetes_executor.py
[2023-07-11 23:12:07,523] {processor.py:651} INFO - DAG(s) dict_keys(['example_kubernetes_executor']) retrieved from /home/airflow/.local/lib/python3.7/site-packages/airflow/example_dags/example_kubernetes_executor.py
[2023-07-11 23:12:07,588] {logging_mixin.py:115} INFO - [2023-07-11 23:12:07,588] {dag.py:2420} INFO - Sync 1 DAGs
[2023-07-11 23:12:07,649] {logging_mixin.py:115} INFO - [2023-07-11 23:12:07,649] {dag.py:2972} INFO - Setting next_dagrun for example_kubernetes_executor to None, run_after=None
[2023-07-11 23:12:07,679] {processor.py:161} INFO - Processing /home/airflow/.local/lib/python3.7/site-packages/airflow/example_dags/example_kubernetes_executor.py took 0.231 seconds
[2023-07-11 23:12:38,144] {processor.py:153} INFO - Started process (PID=3401) to work on /home/airflow/.local/lib/python3.7/site-packages/airflow/example_dags/example_kubernetes_executor.py
[2023-07-11 23:12:38,145] {processor.py:641} INFO - Processing file /home/airflow/.local/lib/python3.7/site-packages/airflow/example_dags/example_kubernetes_executor.py for tasks to queue
[2023-07-11 23:12:38,146] {logging_mixin.py:115} INFO - [2023-07-11 23:12:38,146] {dagbag.py:508} INFO - Filling up the DagBag from /home/airflow/.local/lib/python3.7/site-packages/airflow/example_dags/example_kubernetes_executor.py
[2023-07-11 23:12:38,200] {processor.py:651} INFO - DAG(s) dict_keys(['example_kubernetes_executor']) retrieved from /home/airflow/.local/lib/python3.7/site-packages/airflow/example_dags/example_kubernetes_executor.py
[2023-07-11 23:12:38,266] {logging_mixin.py:115} INFO - [2023-07-11 23:12:38,266] {dag.py:2420} INFO - Sync 1 DAGs
[2023-07-11 23:12:38,321] {logging_mixin.py:115} INFO - [2023-07-11 23:12:38,321] {dag.py:2972} INFO - Setting next_dagrun for example_kubernetes_executor to None, run_after=None
[2023-07-11 23:12:38,355] {processor.py:161} INFO - Processing /home/airflow/.local/lib/python3.7/site-packages/airflow/example_dags/example_kubernetes_executor.py took 0.220 seconds
[2023-07-11 23:13:08,500] {processor.py:153} INFO - Started process (PID=3453) to work on /home/airflow/.local/lib/python3.7/site-packages/airflow/example_dags/example_kubernetes_executor.py
[2023-07-11 23:13:08,503] {processor.py:641} INFO - Processing file /home/airflow/.local/lib/python3.7/site-packages/airflow/example_dags/example_kubernetes_executor.py for tasks to queue
[2023-07-11 23:13:08,503] {logging_mixin.py:115} INFO - [2023-07-11 23:13:08,503] {dagbag.py:508} INFO - Filling up the DagBag from /home/airflow/.local/lib/python3.7/site-packages/airflow/example_dags/example_kubernetes_executor.py
[2023-07-11 23:13:08,603] {processor.py:651} INFO - DAG(s) dict_keys(['example_kubernetes_executor']) retrieved from /home/airflow/.local/lib/python3.7/site-packages/airflow/example_dags/example_kubernetes_executor.py
[2023-07-11 23:13:08,748] {logging_mixin.py:115} INFO - [2023-07-11 23:13:08,748] {dag.py:2420} INFO - Sync 1 DAGs
[2023-07-11 23:13:08,823] {logging_mixin.py:115} INFO - [2023-07-11 23:13:08,823] {dag.py:2972} INFO - Setting next_dagrun for example_kubernetes_executor to None, run_after=None
[2023-07-11 23:13:08,882] {processor.py:161} INFO - Processing /home/airflow/.local/lib/python3.7/site-packages/airflow/example_dags/example_kubernetes_executor.py took 0.444 seconds
