[2023-07-11 00:43:00,689] {processor.py:153} INFO - Started process (PID=72) to work on /home/airflow/.local/lib/python3.7/site-packages/airflow/example_dags/tutorial_taskflow_api_etl_virtualenv.py
[2023-07-11 00:43:00,690] {processor.py:641} INFO - Processing file /home/airflow/.local/lib/python3.7/site-packages/airflow/example_dags/tutorial_taskflow_api_etl_virtualenv.py for tasks to queue
[2023-07-11 00:43:00,696] {logging_mixin.py:115} INFO - [2023-07-11 00:43:00,691] {dagbag.py:508} INFO - Filling up the DagBag from /home/airflow/.local/lib/python3.7/site-packages/airflow/example_dags/tutorial_taskflow_api_etl_virtualenv.py
[2023-07-11 00:43:00,796] {processor.py:651} INFO - DAG(s) dict_keys(['tutorial_taskflow_api_etl_virtualenv']) retrieved from /home/airflow/.local/lib/python3.7/site-packages/airflow/example_dags/tutorial_taskflow_api_etl_virtualenv.py
[2023-07-11 00:43:01,175] {logging_mixin.py:115} INFO - [2023-07-11 00:43:01,175] {manager.py:508} INFO - Created Permission View: can delete on DAG:tutorial_taskflow_api_etl_virtualenv
[2023-07-11 00:43:01,254] {logging_mixin.py:115} INFO - [2023-07-11 00:43:01,254] {manager.py:508} INFO - Created Permission View: can read on DAG:tutorial_taskflow_api_etl_virtualenv
[2023-07-11 00:43:01,302] {logging_mixin.py:115} INFO - [2023-07-11 00:43:01,302] {manager.py:508} INFO - Created Permission View: can edit on DAG:tutorial_taskflow_api_etl_virtualenv
[2023-07-11 00:43:01,302] {logging_mixin.py:115} INFO - [2023-07-11 00:43:01,302] {dag.py:2420} INFO - Sync 1 DAGs
[2023-07-11 00:43:01,338] {logging_mixin.py:115} INFO - [2023-07-11 00:43:01,338] {dag.py:2439} INFO - Creating ORM DAG for tutorial_taskflow_api_etl_virtualenv
[2023-07-11 00:43:01,393] {logging_mixin.py:115} INFO - [2023-07-11 00:43:01,393] {dag.py:2972} INFO - Setting next_dagrun for tutorial_taskflow_api_etl_virtualenv to None, run_after=None
[2023-07-11 00:43:01,468] {processor.py:161} INFO - Processing /home/airflow/.local/lib/python3.7/site-packages/airflow/example_dags/tutorial_taskflow_api_etl_virtualenv.py took 0.801 seconds
[2023-07-11 00:43:31,693] {processor.py:153} INFO - Started process (PID=124) to work on /home/airflow/.local/lib/python3.7/site-packages/airflow/example_dags/tutorial_taskflow_api_etl_virtualenv.py
[2023-07-11 00:43:31,694] {processor.py:641} INFO - Processing file /home/airflow/.local/lib/python3.7/site-packages/airflow/example_dags/tutorial_taskflow_api_etl_virtualenv.py for tasks to queue
[2023-07-11 00:43:31,695] {logging_mixin.py:115} INFO - [2023-07-11 00:43:31,695] {dagbag.py:508} INFO - Filling up the DagBag from /home/airflow/.local/lib/python3.7/site-packages/airflow/example_dags/tutorial_taskflow_api_etl_virtualenv.py
[2023-07-11 00:43:31,715] {processor.py:651} INFO - DAG(s) dict_keys(['tutorial_taskflow_api_etl_virtualenv']) retrieved from /home/airflow/.local/lib/python3.7/site-packages/airflow/example_dags/tutorial_taskflow_api_etl_virtualenv.py
[2023-07-11 00:43:31,821] {logging_mixin.py:115} INFO - [2023-07-11 00:43:31,821] {dag.py:2420} INFO - Sync 1 DAGs
[2023-07-11 00:43:31,846] {logging_mixin.py:115} INFO - [2023-07-11 00:43:31,845] {dag.py:2972} INFO - Setting next_dagrun for tutorial_taskflow_api_etl_virtualenv to None, run_after=None
[2023-07-11 00:43:31,861] {processor.py:161} INFO - Processing /home/airflow/.local/lib/python3.7/site-packages/airflow/example_dags/tutorial_taskflow_api_etl_virtualenv.py took 0.171 seconds
[2023-07-11 00:44:02,677] {processor.py:153} INFO - Started process (PID=183) to work on /home/airflow/.local/lib/python3.7/site-packages/airflow/example_dags/tutorial_taskflow_api_etl_virtualenv.py
[2023-07-11 00:44:02,679] {processor.py:641} INFO - Processing file /home/airflow/.local/lib/python3.7/site-packages/airflow/example_dags/tutorial_taskflow_api_etl_virtualenv.py for tasks to queue
[2023-07-11 00:44:02,682] {logging_mixin.py:115} INFO - [2023-07-11 00:44:02,682] {dagbag.py:508} INFO - Filling up the DagBag from /home/airflow/.local/lib/python3.7/site-packages/airflow/example_dags/tutorial_taskflow_api_etl_virtualenv.py
[2023-07-11 00:44:02,781] {processor.py:651} INFO - DAG(s) dict_keys(['tutorial_taskflow_api_etl_virtualenv']) retrieved from /home/airflow/.local/lib/python3.7/site-packages/airflow/example_dags/tutorial_taskflow_api_etl_virtualenv.py
[2023-07-11 00:44:03,115] {logging_mixin.py:115} INFO - [2023-07-11 00:44:03,114] {dag.py:2420} INFO - Sync 1 DAGs
[2023-07-11 00:44:03,189] {logging_mixin.py:115} INFO - [2023-07-11 00:44:03,189] {dag.py:2972} INFO - Setting next_dagrun for tutorial_taskflow_api_etl_virtualenv to None, run_after=None
[2023-07-11 00:44:03,231] {processor.py:161} INFO - Processing /home/airflow/.local/lib/python3.7/site-packages/airflow/example_dags/tutorial_taskflow_api_etl_virtualenv.py took 0.568 seconds
[2023-07-11 00:44:33,837] {processor.py:153} INFO - Started process (PID=235) to work on /home/airflow/.local/lib/python3.7/site-packages/airflow/example_dags/tutorial_taskflow_api_etl_virtualenv.py
[2023-07-11 00:44:33,838] {processor.py:641} INFO - Processing file /home/airflow/.local/lib/python3.7/site-packages/airflow/example_dags/tutorial_taskflow_api_etl_virtualenv.py for tasks to queue
[2023-07-11 00:44:33,839] {logging_mixin.py:115} INFO - [2023-07-11 00:44:33,839] {dagbag.py:508} INFO - Filling up the DagBag from /home/airflow/.local/lib/python3.7/site-packages/airflow/example_dags/tutorial_taskflow_api_etl_virtualenv.py
[2023-07-11 00:44:33,875] {processor.py:651} INFO - DAG(s) dict_keys(['tutorial_taskflow_api_etl_virtualenv']) retrieved from /home/airflow/.local/lib/python3.7/site-packages/airflow/example_dags/tutorial_taskflow_api_etl_virtualenv.py
[2023-07-11 00:44:34,023] {logging_mixin.py:115} INFO - [2023-07-11 00:44:34,022] {dag.py:2420} INFO - Sync 1 DAGs
[2023-07-11 00:44:34,066] {logging_mixin.py:115} INFO - [2023-07-11 00:44:34,066] {dag.py:2972} INFO - Setting next_dagrun for tutorial_taskflow_api_etl_virtualenv to None, run_after=None
[2023-07-11 00:44:34,094] {processor.py:161} INFO - Processing /home/airflow/.local/lib/python3.7/site-packages/airflow/example_dags/tutorial_taskflow_api_etl_virtualenv.py took 0.263 seconds
[2023-07-11 00:45:04,673] {processor.py:153} INFO - Started process (PID=296) to work on /home/airflow/.local/lib/python3.7/site-packages/airflow/example_dags/tutorial_taskflow_api_etl_virtualenv.py
[2023-07-11 00:45:04,674] {processor.py:641} INFO - Processing file /home/airflow/.local/lib/python3.7/site-packages/airflow/example_dags/tutorial_taskflow_api_etl_virtualenv.py for tasks to queue
[2023-07-11 00:45:04,674] {logging_mixin.py:115} INFO - [2023-07-11 00:45:04,674] {dagbag.py:508} INFO - Filling up the DagBag from /home/airflow/.local/lib/python3.7/site-packages/airflow/example_dags/tutorial_taskflow_api_etl_virtualenv.py
[2023-07-11 00:45:04,710] {processor.py:651} INFO - DAG(s) dict_keys(['tutorial_taskflow_api_etl_virtualenv']) retrieved from /home/airflow/.local/lib/python3.7/site-packages/airflow/example_dags/tutorial_taskflow_api_etl_virtualenv.py
[2023-07-11 00:45:04,830] {logging_mixin.py:115} INFO - [2023-07-11 00:45:04,830] {dag.py:2420} INFO - Sync 1 DAGs
[2023-07-11 00:45:04,875] {logging_mixin.py:115} INFO - [2023-07-11 00:45:04,875] {dag.py:2972} INFO - Setting next_dagrun for tutorial_taskflow_api_etl_virtualenv to None, run_after=None
[2023-07-11 00:45:04,901] {processor.py:161} INFO - Processing /home/airflow/.local/lib/python3.7/site-packages/airflow/example_dags/tutorial_taskflow_api_etl_virtualenv.py took 0.233 seconds
[2023-07-11 00:45:35,410] {processor.py:153} INFO - Started process (PID=348) to work on /home/airflow/.local/lib/python3.7/site-packages/airflow/example_dags/tutorial_taskflow_api_etl_virtualenv.py
[2023-07-11 00:45:35,411] {processor.py:641} INFO - Processing file /home/airflow/.local/lib/python3.7/site-packages/airflow/example_dags/tutorial_taskflow_api_etl_virtualenv.py for tasks to queue
[2023-07-11 00:45:35,412] {logging_mixin.py:115} INFO - [2023-07-11 00:45:35,412] {dagbag.py:508} INFO - Filling up the DagBag from /home/airflow/.local/lib/python3.7/site-packages/airflow/example_dags/tutorial_taskflow_api_etl_virtualenv.py
[2023-07-11 00:45:35,443] {processor.py:651} INFO - DAG(s) dict_keys(['tutorial_taskflow_api_etl_virtualenv']) retrieved from /home/airflow/.local/lib/python3.7/site-packages/airflow/example_dags/tutorial_taskflow_api_etl_virtualenv.py
[2023-07-11 00:45:35,563] {logging_mixin.py:115} INFO - [2023-07-11 00:45:35,563] {dag.py:2420} INFO - Sync 1 DAGs
[2023-07-11 00:45:35,604] {logging_mixin.py:115} INFO - [2023-07-11 00:45:35,604] {dag.py:2972} INFO - Setting next_dagrun for tutorial_taskflow_api_etl_virtualenv to None, run_after=None
[2023-07-11 00:45:35,633] {processor.py:161} INFO - Processing /home/airflow/.local/lib/python3.7/site-packages/airflow/example_dags/tutorial_taskflow_api_etl_virtualenv.py took 0.229 seconds
[2023-07-11 00:46:05,983] {processor.py:153} INFO - Started process (PID=410) to work on /home/airflow/.local/lib/python3.7/site-packages/airflow/example_dags/tutorial_taskflow_api_etl_virtualenv.py
[2023-07-11 00:46:05,984] {processor.py:641} INFO - Processing file /home/airflow/.local/lib/python3.7/site-packages/airflow/example_dags/tutorial_taskflow_api_etl_virtualenv.py for tasks to queue
[2023-07-11 00:46:05,984] {logging_mixin.py:115} INFO - [2023-07-11 00:46:05,984] {dagbag.py:508} INFO - Filling up the DagBag from /home/airflow/.local/lib/python3.7/site-packages/airflow/example_dags/tutorial_taskflow_api_etl_virtualenv.py
[2023-07-11 00:46:06,009] {processor.py:651} INFO - DAG(s) dict_keys(['tutorial_taskflow_api_etl_virtualenv']) retrieved from /home/airflow/.local/lib/python3.7/site-packages/airflow/example_dags/tutorial_taskflow_api_etl_virtualenv.py
[2023-07-11 00:46:06,096] {logging_mixin.py:115} INFO - [2023-07-11 00:46:06,095] {dag.py:2420} INFO - Sync 1 DAGs
[2023-07-11 00:46:06,126] {logging_mixin.py:115} INFO - [2023-07-11 00:46:06,126] {dag.py:2972} INFO - Setting next_dagrun for tutorial_taskflow_api_etl_virtualenv to None, run_after=None
[2023-07-11 00:46:06,143] {processor.py:161} INFO - Processing /home/airflow/.local/lib/python3.7/site-packages/airflow/example_dags/tutorial_taskflow_api_etl_virtualenv.py took 0.164 seconds
[2023-07-11 00:46:36,725] {processor.py:153} INFO - Started process (PID=463) to work on /home/airflow/.local/lib/python3.7/site-packages/airflow/example_dags/tutorial_taskflow_api_etl_virtualenv.py
[2023-07-11 00:46:36,725] {processor.py:641} INFO - Processing file /home/airflow/.local/lib/python3.7/site-packages/airflow/example_dags/tutorial_taskflow_api_etl_virtualenv.py for tasks to queue
[2023-07-11 00:46:36,726] {logging_mixin.py:115} INFO - [2023-07-11 00:46:36,726] {dagbag.py:508} INFO - Filling up the DagBag from /home/airflow/.local/lib/python3.7/site-packages/airflow/example_dags/tutorial_taskflow_api_etl_virtualenv.py
[2023-07-11 00:46:36,753] {processor.py:651} INFO - DAG(s) dict_keys(['tutorial_taskflow_api_etl_virtualenv']) retrieved from /home/airflow/.local/lib/python3.7/site-packages/airflow/example_dags/tutorial_taskflow_api_etl_virtualenv.py
[2023-07-11 00:46:36,853] {logging_mixin.py:115} INFO - [2023-07-11 00:46:36,853] {dag.py:2420} INFO - Sync 1 DAGs
[2023-07-11 00:46:36,890] {logging_mixin.py:115} INFO - [2023-07-11 00:46:36,889] {dag.py:2972} INFO - Setting next_dagrun for tutorial_taskflow_api_etl_virtualenv to None, run_after=None
[2023-07-11 00:46:36,913] {processor.py:161} INFO - Processing /home/airflow/.local/lib/python3.7/site-packages/airflow/example_dags/tutorial_taskflow_api_etl_virtualenv.py took 0.194 seconds
[2023-07-11 00:47:07,814] {processor.py:153} INFO - Started process (PID=524) to work on /home/airflow/.local/lib/python3.7/site-packages/airflow/example_dags/tutorial_taskflow_api_etl_virtualenv.py
[2023-07-11 00:47:07,814] {processor.py:641} INFO - Processing file /home/airflow/.local/lib/python3.7/site-packages/airflow/example_dags/tutorial_taskflow_api_etl_virtualenv.py for tasks to queue
[2023-07-11 00:47:07,815] {logging_mixin.py:115} INFO - [2023-07-11 00:47:07,815] {dagbag.py:508} INFO - Filling up the DagBag from /home/airflow/.local/lib/python3.7/site-packages/airflow/example_dags/tutorial_taskflow_api_etl_virtualenv.py
[2023-07-11 00:47:07,838] {processor.py:651} INFO - DAG(s) dict_keys(['tutorial_taskflow_api_etl_virtualenv']) retrieved from /home/airflow/.local/lib/python3.7/site-packages/airflow/example_dags/tutorial_taskflow_api_etl_virtualenv.py
[2023-07-11 00:47:07,931] {logging_mixin.py:115} INFO - [2023-07-11 00:47:07,931] {dag.py:2420} INFO - Sync 1 DAGs
[2023-07-11 00:47:07,959] {logging_mixin.py:115} INFO - [2023-07-11 00:47:07,959] {dag.py:2972} INFO - Setting next_dagrun for tutorial_taskflow_api_etl_virtualenv to None, run_after=None
[2023-07-11 00:47:07,975] {processor.py:161} INFO - Processing /home/airflow/.local/lib/python3.7/site-packages/airflow/example_dags/tutorial_taskflow_api_etl_virtualenv.py took 0.165 seconds
[2023-07-11 00:47:38,681] {processor.py:153} INFO - Started process (PID=576) to work on /home/airflow/.local/lib/python3.7/site-packages/airflow/example_dags/tutorial_taskflow_api_etl_virtualenv.py
[2023-07-11 00:47:38,682] {processor.py:641} INFO - Processing file /home/airflow/.local/lib/python3.7/site-packages/airflow/example_dags/tutorial_taskflow_api_etl_virtualenv.py for tasks to queue
[2023-07-11 00:47:38,683] {logging_mixin.py:115} INFO - [2023-07-11 00:47:38,683] {dagbag.py:508} INFO - Filling up the DagBag from /home/airflow/.local/lib/python3.7/site-packages/airflow/example_dags/tutorial_taskflow_api_etl_virtualenv.py
[2023-07-11 00:47:38,709] {processor.py:651} INFO - DAG(s) dict_keys(['tutorial_taskflow_api_etl_virtualenv']) retrieved from /home/airflow/.local/lib/python3.7/site-packages/airflow/example_dags/tutorial_taskflow_api_etl_virtualenv.py
[2023-07-11 00:47:38,819] {logging_mixin.py:115} INFO - [2023-07-11 00:47:38,819] {dag.py:2420} INFO - Sync 1 DAGs
[2023-07-11 00:47:38,852] {logging_mixin.py:115} INFO - [2023-07-11 00:47:38,852] {dag.py:2972} INFO - Setting next_dagrun for tutorial_taskflow_api_etl_virtualenv to None, run_after=None
[2023-07-11 00:47:38,871] {processor.py:161} INFO - Processing /home/airflow/.local/lib/python3.7/site-packages/airflow/example_dags/tutorial_taskflow_api_etl_virtualenv.py took 0.194 seconds
[2023-07-11 00:48:08,913] {processor.py:153} INFO - Started process (PID=638) to work on /home/airflow/.local/lib/python3.7/site-packages/airflow/example_dags/tutorial_taskflow_api_etl_virtualenv.py
[2023-07-11 00:48:08,913] {processor.py:641} INFO - Processing file /home/airflow/.local/lib/python3.7/site-packages/airflow/example_dags/tutorial_taskflow_api_etl_virtualenv.py for tasks to queue
[2023-07-11 00:48:08,914] {logging_mixin.py:115} INFO - [2023-07-11 00:48:08,914] {dagbag.py:508} INFO - Filling up the DagBag from /home/airflow/.local/lib/python3.7/site-packages/airflow/example_dags/tutorial_taskflow_api_etl_virtualenv.py
[2023-07-11 00:48:08,937] {processor.py:651} INFO - DAG(s) dict_keys(['tutorial_taskflow_api_etl_virtualenv']) retrieved from /home/airflow/.local/lib/python3.7/site-packages/airflow/example_dags/tutorial_taskflow_api_etl_virtualenv.py
[2023-07-11 00:48:09,038] {logging_mixin.py:115} INFO - [2023-07-11 00:48:09,038] {dag.py:2420} INFO - Sync 1 DAGs
[2023-07-11 00:48:09,065] {logging_mixin.py:115} INFO - [2023-07-11 00:48:09,065] {dag.py:2972} INFO - Setting next_dagrun for tutorial_taskflow_api_etl_virtualenv to None, run_after=None
[2023-07-11 00:48:09,081] {processor.py:161} INFO - Processing /home/airflow/.local/lib/python3.7/site-packages/airflow/example_dags/tutorial_taskflow_api_etl_virtualenv.py took 0.172 seconds
[2023-07-11 00:48:39,147] {processor.py:153} INFO - Started process (PID=696) to work on /home/airflow/.local/lib/python3.7/site-packages/airflow/example_dags/tutorial_taskflow_api_etl_virtualenv.py
[2023-07-11 00:48:39,148] {processor.py:641} INFO - Processing file /home/airflow/.local/lib/python3.7/site-packages/airflow/example_dags/tutorial_taskflow_api_etl_virtualenv.py for tasks to queue
[2023-07-11 00:48:39,151] {logging_mixin.py:115} INFO - [2023-07-11 00:48:39,149] {dagbag.py:508} INFO - Filling up the DagBag from /home/airflow/.local/lib/python3.7/site-packages/airflow/example_dags/tutorial_taskflow_api_etl_virtualenv.py
[2023-07-11 00:48:39,185] {processor.py:651} INFO - DAG(s) dict_keys(['tutorial_taskflow_api_etl_virtualenv']) retrieved from /home/airflow/.local/lib/python3.7/site-packages/airflow/example_dags/tutorial_taskflow_api_etl_virtualenv.py
[2023-07-11 00:48:39,225] {logging_mixin.py:115} INFO - [2023-07-11 00:48:39,225] {dag.py:2420} INFO - Sync 1 DAGs
[2023-07-11 00:48:39,264] {logging_mixin.py:115} INFO - [2023-07-11 00:48:39,264] {dag.py:2972} INFO - Setting next_dagrun for tutorial_taskflow_api_etl_virtualenv to None, run_after=None
[2023-07-11 00:48:39,282] {processor.py:161} INFO - Processing /home/airflow/.local/lib/python3.7/site-packages/airflow/example_dags/tutorial_taskflow_api_etl_virtualenv.py took 0.139 seconds
[2023-07-11 00:49:09,850] {processor.py:153} INFO - Started process (PID=751) to work on /home/airflow/.local/lib/python3.7/site-packages/airflow/example_dags/tutorial_taskflow_api_etl_virtualenv.py
[2023-07-11 00:49:09,851] {processor.py:641} INFO - Processing file /home/airflow/.local/lib/python3.7/site-packages/airflow/example_dags/tutorial_taskflow_api_etl_virtualenv.py for tasks to queue
[2023-07-11 00:49:09,851] {logging_mixin.py:115} INFO - [2023-07-11 00:49:09,851] {dagbag.py:508} INFO - Filling up the DagBag from /home/airflow/.local/lib/python3.7/site-packages/airflow/example_dags/tutorial_taskflow_api_etl_virtualenv.py
[2023-07-11 00:49:09,873] {processor.py:651} INFO - DAG(s) dict_keys(['tutorial_taskflow_api_etl_virtualenv']) retrieved from /home/airflow/.local/lib/python3.7/site-packages/airflow/example_dags/tutorial_taskflow_api_etl_virtualenv.py
[2023-07-11 00:49:09,901] {logging_mixin.py:115} INFO - [2023-07-11 00:49:09,901] {dag.py:2420} INFO - Sync 1 DAGs
[2023-07-11 00:49:09,928] {logging_mixin.py:115} INFO - [2023-07-11 00:49:09,928] {dag.py:2972} INFO - Setting next_dagrun for tutorial_taskflow_api_etl_virtualenv to None, run_after=None
[2023-07-11 00:49:09,946] {processor.py:161} INFO - Processing /home/airflow/.local/lib/python3.7/site-packages/airflow/example_dags/tutorial_taskflow_api_etl_virtualenv.py took 0.099 seconds
[2023-07-11 00:49:40,050] {processor.py:153} INFO - Started process (PID=803) to work on /home/airflow/.local/lib/python3.7/site-packages/airflow/example_dags/tutorial_taskflow_api_etl_virtualenv.py
[2023-07-11 00:49:40,051] {processor.py:641} INFO - Processing file /home/airflow/.local/lib/python3.7/site-packages/airflow/example_dags/tutorial_taskflow_api_etl_virtualenv.py for tasks to queue
[2023-07-11 00:49:40,051] {logging_mixin.py:115} INFO - [2023-07-11 00:49:40,051] {dagbag.py:508} INFO - Filling up the DagBag from /home/airflow/.local/lib/python3.7/site-packages/airflow/example_dags/tutorial_taskflow_api_etl_virtualenv.py
[2023-07-11 00:49:40,070] {processor.py:651} INFO - DAG(s) dict_keys(['tutorial_taskflow_api_etl_virtualenv']) retrieved from /home/airflow/.local/lib/python3.7/site-packages/airflow/example_dags/tutorial_taskflow_api_etl_virtualenv.py
[2023-07-11 00:49:40,097] {logging_mixin.py:115} INFO - [2023-07-11 00:49:40,097] {dag.py:2420} INFO - Sync 1 DAGs
[2023-07-11 00:49:40,129] {logging_mixin.py:115} INFO - [2023-07-11 00:49:40,129] {dag.py:2972} INFO - Setting next_dagrun for tutorial_taskflow_api_etl_virtualenv to None, run_after=None
[2023-07-11 00:49:40,143] {processor.py:161} INFO - Processing /home/airflow/.local/lib/python3.7/site-packages/airflow/example_dags/tutorial_taskflow_api_etl_virtualenv.py took 0.096 seconds
[2023-07-11 00:50:10,734] {processor.py:153} INFO - Started process (PID=862) to work on /home/airflow/.local/lib/python3.7/site-packages/airflow/example_dags/tutorial_taskflow_api_etl_virtualenv.py
[2023-07-11 00:50:10,735] {processor.py:641} INFO - Processing file /home/airflow/.local/lib/python3.7/site-packages/airflow/example_dags/tutorial_taskflow_api_etl_virtualenv.py for tasks to queue
[2023-07-11 00:50:10,736] {logging_mixin.py:115} INFO - [2023-07-11 00:50:10,736] {dagbag.py:508} INFO - Filling up the DagBag from /home/airflow/.local/lib/python3.7/site-packages/airflow/example_dags/tutorial_taskflow_api_etl_virtualenv.py
[2023-07-11 00:50:10,760] {processor.py:651} INFO - DAG(s) dict_keys(['tutorial_taskflow_api_etl_virtualenv']) retrieved from /home/airflow/.local/lib/python3.7/site-packages/airflow/example_dags/tutorial_taskflow_api_etl_virtualenv.py
[2023-07-11 00:50:10,798] {logging_mixin.py:115} INFO - [2023-07-11 00:50:10,798] {dag.py:2420} INFO - Sync 1 DAGs
[2023-07-11 00:50:10,827] {logging_mixin.py:115} INFO - [2023-07-11 00:50:10,827] {dag.py:2972} INFO - Setting next_dagrun for tutorial_taskflow_api_etl_virtualenv to None, run_after=None
[2023-07-11 00:50:10,844] {processor.py:161} INFO - Processing /home/airflow/.local/lib/python3.7/site-packages/airflow/example_dags/tutorial_taskflow_api_etl_virtualenv.py took 0.113 seconds
[2023-07-11 00:50:41,321] {processor.py:153} INFO - Started process (PID=921) to work on /home/airflow/.local/lib/python3.7/site-packages/airflow/example_dags/tutorial_taskflow_api_etl_virtualenv.py
[2023-07-11 00:50:41,322] {processor.py:641} INFO - Processing file /home/airflow/.local/lib/python3.7/site-packages/airflow/example_dags/tutorial_taskflow_api_etl_virtualenv.py for tasks to queue
[2023-07-11 00:50:41,323] {logging_mixin.py:115} INFO - [2023-07-11 00:50:41,323] {dagbag.py:508} INFO - Filling up the DagBag from /home/airflow/.local/lib/python3.7/site-packages/airflow/example_dags/tutorial_taskflow_api_etl_virtualenv.py
[2023-07-11 00:50:41,355] {processor.py:651} INFO - DAG(s) dict_keys(['tutorial_taskflow_api_etl_virtualenv']) retrieved from /home/airflow/.local/lib/python3.7/site-packages/airflow/example_dags/tutorial_taskflow_api_etl_virtualenv.py
[2023-07-11 00:50:41,385] {logging_mixin.py:115} INFO - [2023-07-11 00:50:41,385] {dag.py:2420} INFO - Sync 1 DAGs
[2023-07-11 00:50:41,414] {logging_mixin.py:115} INFO - [2023-07-11 00:50:41,414] {dag.py:2972} INFO - Setting next_dagrun for tutorial_taskflow_api_etl_virtualenv to None, run_after=None
[2023-07-11 00:50:41,437] {processor.py:161} INFO - Processing /home/airflow/.local/lib/python3.7/site-packages/airflow/example_dags/tutorial_taskflow_api_etl_virtualenv.py took 0.122 seconds
[2023-07-11 00:51:11,911] {processor.py:153} INFO - Started process (PID=973) to work on /home/airflow/.local/lib/python3.7/site-packages/airflow/example_dags/tutorial_taskflow_api_etl_virtualenv.py
[2023-07-11 00:51:11,912] {processor.py:641} INFO - Processing file /home/airflow/.local/lib/python3.7/site-packages/airflow/example_dags/tutorial_taskflow_api_etl_virtualenv.py for tasks to queue
[2023-07-11 00:51:11,912] {logging_mixin.py:115} INFO - [2023-07-11 00:51:11,912] {dagbag.py:508} INFO - Filling up the DagBag from /home/airflow/.local/lib/python3.7/site-packages/airflow/example_dags/tutorial_taskflow_api_etl_virtualenv.py
[2023-07-11 00:51:11,941] {processor.py:651} INFO - DAG(s) dict_keys(['tutorial_taskflow_api_etl_virtualenv']) retrieved from /home/airflow/.local/lib/python3.7/site-packages/airflow/example_dags/tutorial_taskflow_api_etl_virtualenv.py
[2023-07-11 00:51:11,980] {logging_mixin.py:115} INFO - [2023-07-11 00:51:11,980] {dag.py:2420} INFO - Sync 1 DAGs
[2023-07-11 00:51:12,024] {logging_mixin.py:115} INFO - [2023-07-11 00:51:12,023] {dag.py:2972} INFO - Setting next_dagrun for tutorial_taskflow_api_etl_virtualenv to None, run_after=None
[2023-07-11 00:51:12,043] {processor.py:161} INFO - Processing /home/airflow/.local/lib/python3.7/site-packages/airflow/example_dags/tutorial_taskflow_api_etl_virtualenv.py took 0.137 seconds
[2023-07-11 00:51:42,415] {processor.py:153} INFO - Started process (PID=1034) to work on /home/airflow/.local/lib/python3.7/site-packages/airflow/example_dags/tutorial_taskflow_api_etl_virtualenv.py
[2023-07-11 00:51:42,417] {processor.py:641} INFO - Processing file /home/airflow/.local/lib/python3.7/site-packages/airflow/example_dags/tutorial_taskflow_api_etl_virtualenv.py for tasks to queue
[2023-07-11 00:51:42,420] {logging_mixin.py:115} INFO - [2023-07-11 00:51:42,419] {dagbag.py:508} INFO - Filling up the DagBag from /home/airflow/.local/lib/python3.7/site-packages/airflow/example_dags/tutorial_taskflow_api_etl_virtualenv.py
[2023-07-11 00:51:42,454] {processor.py:651} INFO - DAG(s) dict_keys(['tutorial_taskflow_api_etl_virtualenv']) retrieved from /home/airflow/.local/lib/python3.7/site-packages/airflow/example_dags/tutorial_taskflow_api_etl_virtualenv.py
[2023-07-11 00:51:42,504] {logging_mixin.py:115} INFO - [2023-07-11 00:51:42,503] {dag.py:2420} INFO - Sync 1 DAGs
[2023-07-11 00:51:42,546] {logging_mixin.py:115} INFO - [2023-07-11 00:51:42,546] {dag.py:2972} INFO - Setting next_dagrun for tutorial_taskflow_api_etl_virtualenv to None, run_after=None
[2023-07-11 00:51:42,573] {processor.py:161} INFO - Processing /home/airflow/.local/lib/python3.7/site-packages/airflow/example_dags/tutorial_taskflow_api_etl_virtualenv.py took 0.164 seconds
[2023-07-11 22:50:12,427] {processor.py:153} INFO - Started process (PID=1076) to work on /home/airflow/.local/lib/python3.7/site-packages/airflow/example_dags/tutorial_taskflow_api_etl_virtualenv.py
[2023-07-11 22:50:12,429] {processor.py:641} INFO - Processing file /home/airflow/.local/lib/python3.7/site-packages/airflow/example_dags/tutorial_taskflow_api_etl_virtualenv.py for tasks to queue
[2023-07-11 22:50:12,430] {logging_mixin.py:115} INFO - [2023-07-11 22:50:12,430] {dagbag.py:508} INFO - Filling up the DagBag from /home/airflow/.local/lib/python3.7/site-packages/airflow/example_dags/tutorial_taskflow_api_etl_virtualenv.py
[2023-07-11 22:50:12,469] {processor.py:651} INFO - DAG(s) dict_keys(['tutorial_taskflow_api_etl_virtualenv']) retrieved from /home/airflow/.local/lib/python3.7/site-packages/airflow/example_dags/tutorial_taskflow_api_etl_virtualenv.py
[2023-07-11 22:50:12,956] {logging_mixin.py:115} INFO - [2023-07-11 22:50:12,956] {dag.py:2420} INFO - Sync 1 DAGs
[2023-07-11 22:50:13,088] {logging_mixin.py:115} INFO - [2023-07-11 22:50:13,088] {dag.py:2972} INFO - Setting next_dagrun for tutorial_taskflow_api_etl_virtualenv to None, run_after=None
[2023-07-11 22:50:13,151] {processor.py:161} INFO - Processing /home/airflow/.local/lib/python3.7/site-packages/airflow/example_dags/tutorial_taskflow_api_etl_virtualenv.py took 0.729 seconds
[2023-07-11 22:50:43,250] {processor.py:153} INFO - Started process (PID=1128) to work on /home/airflow/.local/lib/python3.7/site-packages/airflow/example_dags/tutorial_taskflow_api_etl_virtualenv.py
[2023-07-11 22:50:43,251] {processor.py:641} INFO - Processing file /home/airflow/.local/lib/python3.7/site-packages/airflow/example_dags/tutorial_taskflow_api_etl_virtualenv.py for tasks to queue
[2023-07-11 22:50:43,252] {logging_mixin.py:115} INFO - [2023-07-11 22:50:43,251] {dagbag.py:508} INFO - Filling up the DagBag from /home/airflow/.local/lib/python3.7/site-packages/airflow/example_dags/tutorial_taskflow_api_etl_virtualenv.py
[2023-07-11 22:50:43,291] {processor.py:651} INFO - DAG(s) dict_keys(['tutorial_taskflow_api_etl_virtualenv']) retrieved from /home/airflow/.local/lib/python3.7/site-packages/airflow/example_dags/tutorial_taskflow_api_etl_virtualenv.py
[2023-07-11 22:50:43,472] {logging_mixin.py:115} INFO - [2023-07-11 22:50:43,472] {dag.py:2420} INFO - Sync 1 DAGs
[2023-07-11 22:50:43,517] {logging_mixin.py:115} INFO - [2023-07-11 22:50:43,517] {dag.py:2972} INFO - Setting next_dagrun for tutorial_taskflow_api_etl_virtualenv to None, run_after=None
[2023-07-11 22:50:43,545] {processor.py:161} INFO - Processing /home/airflow/.local/lib/python3.7/site-packages/airflow/example_dags/tutorial_taskflow_api_etl_virtualenv.py took 0.301 seconds
[2023-07-11 22:51:14,292] {processor.py:153} INFO - Started process (PID=1180) to work on /home/airflow/.local/lib/python3.7/site-packages/airflow/example_dags/tutorial_taskflow_api_etl_virtualenv.py
[2023-07-11 22:51:14,292] {processor.py:641} INFO - Processing file /home/airflow/.local/lib/python3.7/site-packages/airflow/example_dags/tutorial_taskflow_api_etl_virtualenv.py for tasks to queue
[2023-07-11 22:51:14,293] {logging_mixin.py:115} INFO - [2023-07-11 22:51:14,293] {dagbag.py:508} INFO - Filling up the DagBag from /home/airflow/.local/lib/python3.7/site-packages/airflow/example_dags/tutorial_taskflow_api_etl_virtualenv.py
[2023-07-11 22:51:14,309] {processor.py:651} INFO - DAG(s) dict_keys(['tutorial_taskflow_api_etl_virtualenv']) retrieved from /home/airflow/.local/lib/python3.7/site-packages/airflow/example_dags/tutorial_taskflow_api_etl_virtualenv.py
[2023-07-11 22:51:14,380] {logging_mixin.py:115} INFO - [2023-07-11 22:51:14,380] {dag.py:2420} INFO - Sync 1 DAGs
[2023-07-11 22:51:14,401] {logging_mixin.py:115} INFO - [2023-07-11 22:51:14,401] {dag.py:2972} INFO - Setting next_dagrun for tutorial_taskflow_api_etl_virtualenv to None, run_after=None
[2023-07-11 22:51:14,417] {processor.py:161} INFO - Processing /home/airflow/.local/lib/python3.7/site-packages/airflow/example_dags/tutorial_taskflow_api_etl_virtualenv.py took 0.129 seconds
[2023-07-11 22:51:44,860] {processor.py:153} INFO - Started process (PID=1232) to work on /home/airflow/.local/lib/python3.7/site-packages/airflow/example_dags/tutorial_taskflow_api_etl_virtualenv.py
[2023-07-11 22:51:44,860] {processor.py:641} INFO - Processing file /home/airflow/.local/lib/python3.7/site-packages/airflow/example_dags/tutorial_taskflow_api_etl_virtualenv.py for tasks to queue
[2023-07-11 22:51:44,861] {logging_mixin.py:115} INFO - [2023-07-11 22:51:44,861] {dagbag.py:508} INFO - Filling up the DagBag from /home/airflow/.local/lib/python3.7/site-packages/airflow/example_dags/tutorial_taskflow_api_etl_virtualenv.py
[2023-07-11 22:51:44,880] {processor.py:651} INFO - DAG(s) dict_keys(['tutorial_taskflow_api_etl_virtualenv']) retrieved from /home/airflow/.local/lib/python3.7/site-packages/airflow/example_dags/tutorial_taskflow_api_etl_virtualenv.py
[2023-07-11 22:51:44,963] {logging_mixin.py:115} INFO - [2023-07-11 22:51:44,963] {dag.py:2420} INFO - Sync 1 DAGs
[2023-07-11 22:51:44,987] {logging_mixin.py:115} INFO - [2023-07-11 22:51:44,987] {dag.py:2972} INFO - Setting next_dagrun for tutorial_taskflow_api_etl_virtualenv to None, run_after=None
[2023-07-11 22:51:45,016] {processor.py:161} INFO - Processing /home/airflow/.local/lib/python3.7/site-packages/airflow/example_dags/tutorial_taskflow_api_etl_virtualenv.py took 0.160 seconds
[2023-07-11 22:52:16,002] {processor.py:153} INFO - Started process (PID=1291) to work on /home/airflow/.local/lib/python3.7/site-packages/airflow/example_dags/tutorial_taskflow_api_etl_virtualenv.py
[2023-07-11 22:52:16,003] {processor.py:641} INFO - Processing file /home/airflow/.local/lib/python3.7/site-packages/airflow/example_dags/tutorial_taskflow_api_etl_virtualenv.py for tasks to queue
[2023-07-11 22:52:16,004] {logging_mixin.py:115} INFO - [2023-07-11 22:52:16,004] {dagbag.py:508} INFO - Filling up the DagBag from /home/airflow/.local/lib/python3.7/site-packages/airflow/example_dags/tutorial_taskflow_api_etl_virtualenv.py
[2023-07-11 22:52:16,038] {processor.py:651} INFO - DAG(s) dict_keys(['tutorial_taskflow_api_etl_virtualenv']) retrieved from /home/airflow/.local/lib/python3.7/site-packages/airflow/example_dags/tutorial_taskflow_api_etl_virtualenv.py
[2023-07-11 22:52:16,171] {logging_mixin.py:115} INFO - [2023-07-11 22:52:16,171] {dag.py:2420} INFO - Sync 1 DAGs
[2023-07-11 22:52:16,216] {logging_mixin.py:115} INFO - [2023-07-11 22:52:16,216] {dag.py:2972} INFO - Setting next_dagrun for tutorial_taskflow_api_etl_virtualenv to None, run_after=None
[2023-07-11 22:52:16,239] {processor.py:161} INFO - Processing /home/airflow/.local/lib/python3.7/site-packages/airflow/example_dags/tutorial_taskflow_api_etl_virtualenv.py took 0.245 seconds
[2023-07-11 22:52:46,665] {processor.py:153} INFO - Started process (PID=1342) to work on /home/airflow/.local/lib/python3.7/site-packages/airflow/example_dags/tutorial_taskflow_api_etl_virtualenv.py
[2023-07-11 22:52:46,667] {processor.py:641} INFO - Processing file /home/airflow/.local/lib/python3.7/site-packages/airflow/example_dags/tutorial_taskflow_api_etl_virtualenv.py for tasks to queue
[2023-07-11 22:52:46,671] {logging_mixin.py:115} INFO - [2023-07-11 22:52:46,671] {dagbag.py:508} INFO - Filling up the DagBag from /home/airflow/.local/lib/python3.7/site-packages/airflow/example_dags/tutorial_taskflow_api_etl_virtualenv.py
[2023-07-11 22:52:46,778] {processor.py:651} INFO - DAG(s) dict_keys(['tutorial_taskflow_api_etl_virtualenv']) retrieved from /home/airflow/.local/lib/python3.7/site-packages/airflow/example_dags/tutorial_taskflow_api_etl_virtualenv.py
[2023-07-11 22:52:47,134] {logging_mixin.py:115} INFO - [2023-07-11 22:52:47,133] {dag.py:2420} INFO - Sync 1 DAGs
[2023-07-11 22:52:47,221] {logging_mixin.py:115} INFO - [2023-07-11 22:52:47,221] {dag.py:2972} INFO - Setting next_dagrun for tutorial_taskflow_api_etl_virtualenv to None, run_after=None
[2023-07-11 22:52:47,260] {processor.py:161} INFO - Processing /home/airflow/.local/lib/python3.7/site-packages/airflow/example_dags/tutorial_taskflow_api_etl_virtualenv.py took 0.614 seconds
[2023-07-11 22:53:17,864] {processor.py:153} INFO - Started process (PID=1393) to work on /home/airflow/.local/lib/python3.7/site-packages/airflow/example_dags/tutorial_taskflow_api_etl_virtualenv.py
[2023-07-11 22:53:17,866] {processor.py:641} INFO - Processing file /home/airflow/.local/lib/python3.7/site-packages/airflow/example_dags/tutorial_taskflow_api_etl_virtualenv.py for tasks to queue
[2023-07-11 22:53:17,867] {logging_mixin.py:115} INFO - [2023-07-11 22:53:17,866] {dagbag.py:508} INFO - Filling up the DagBag from /home/airflow/.local/lib/python3.7/site-packages/airflow/example_dags/tutorial_taskflow_api_etl_virtualenv.py
[2023-07-11 22:53:17,901] {processor.py:651} INFO - DAG(s) dict_keys(['tutorial_taskflow_api_etl_virtualenv']) retrieved from /home/airflow/.local/lib/python3.7/site-packages/airflow/example_dags/tutorial_taskflow_api_etl_virtualenv.py
[2023-07-11 22:53:18,099] {logging_mixin.py:115} INFO - [2023-07-11 22:53:18,099] {dag.py:2420} INFO - Sync 1 DAGs
[2023-07-11 22:53:18,142] {logging_mixin.py:115} INFO - [2023-07-11 22:53:18,142] {dag.py:2972} INFO - Setting next_dagrun for tutorial_taskflow_api_etl_virtualenv to None, run_after=None
[2023-07-11 22:53:18,173] {processor.py:161} INFO - Processing /home/airflow/.local/lib/python3.7/site-packages/airflow/example_dags/tutorial_taskflow_api_etl_virtualenv.py took 0.317 seconds
[2023-07-11 22:53:48,452] {processor.py:153} INFO - Started process (PID=1454) to work on /home/airflow/.local/lib/python3.7/site-packages/airflow/example_dags/tutorial_taskflow_api_etl_virtualenv.py
[2023-07-11 22:53:48,453] {processor.py:641} INFO - Processing file /home/airflow/.local/lib/python3.7/site-packages/airflow/example_dags/tutorial_taskflow_api_etl_virtualenv.py for tasks to queue
[2023-07-11 22:53:48,454] {logging_mixin.py:115} INFO - [2023-07-11 22:53:48,454] {dagbag.py:508} INFO - Filling up the DagBag from /home/airflow/.local/lib/python3.7/site-packages/airflow/example_dags/tutorial_taskflow_api_etl_virtualenv.py
[2023-07-11 22:53:48,617] {processor.py:651} INFO - DAG(s) dict_keys(['tutorial_taskflow_api_etl_virtualenv']) retrieved from /home/airflow/.local/lib/python3.7/site-packages/airflow/example_dags/tutorial_taskflow_api_etl_virtualenv.py
[2023-07-11 22:53:48,731] {logging_mixin.py:115} INFO - [2023-07-11 22:53:48,731] {dag.py:2420} INFO - Sync 1 DAGs
[2023-07-11 22:53:48,792] {logging_mixin.py:115} INFO - [2023-07-11 22:53:48,791] {dag.py:2972} INFO - Setting next_dagrun for tutorial_taskflow_api_etl_virtualenv to None, run_after=None
[2023-07-11 22:53:48,847] {processor.py:161} INFO - Processing /home/airflow/.local/lib/python3.7/site-packages/airflow/example_dags/tutorial_taskflow_api_etl_virtualenv.py took 0.412 seconds
[2023-07-11 22:54:19,109] {processor.py:153} INFO - Started process (PID=1505) to work on /home/airflow/.local/lib/python3.7/site-packages/airflow/example_dags/tutorial_taskflow_api_etl_virtualenv.py
[2023-07-11 22:54:19,111] {processor.py:641} INFO - Processing file /home/airflow/.local/lib/python3.7/site-packages/airflow/example_dags/tutorial_taskflow_api_etl_virtualenv.py for tasks to queue
[2023-07-11 22:54:19,115] {logging_mixin.py:115} INFO - [2023-07-11 22:54:19,114] {dagbag.py:508} INFO - Filling up the DagBag from /home/airflow/.local/lib/python3.7/site-packages/airflow/example_dags/tutorial_taskflow_api_etl_virtualenv.py
[2023-07-11 22:54:19,174] {processor.py:651} INFO - DAG(s) dict_keys(['tutorial_taskflow_api_etl_virtualenv']) retrieved from /home/airflow/.local/lib/python3.7/site-packages/airflow/example_dags/tutorial_taskflow_api_etl_virtualenv.py
[2023-07-11 22:54:19,515] {logging_mixin.py:115} INFO - [2023-07-11 22:54:19,514] {dag.py:2420} INFO - Sync 1 DAGs
[2023-07-11 22:54:19,618] {logging_mixin.py:115} INFO - [2023-07-11 22:54:19,618] {dag.py:2972} INFO - Setting next_dagrun for tutorial_taskflow_api_etl_virtualenv to None, run_after=None
[2023-07-11 22:54:19,669] {processor.py:161} INFO - Processing /home/airflow/.local/lib/python3.7/site-packages/airflow/example_dags/tutorial_taskflow_api_etl_virtualenv.py took 0.568 seconds
[2023-07-11 22:54:49,917] {processor.py:153} INFO - Started process (PID=1556) to work on /home/airflow/.local/lib/python3.7/site-packages/airflow/example_dags/tutorial_taskflow_api_etl_virtualenv.py
[2023-07-11 22:54:49,918] {processor.py:641} INFO - Processing file /home/airflow/.local/lib/python3.7/site-packages/airflow/example_dags/tutorial_taskflow_api_etl_virtualenv.py for tasks to queue
[2023-07-11 22:54:49,928] {logging_mixin.py:115} INFO - [2023-07-11 22:54:49,927] {dagbag.py:508} INFO - Filling up the DagBag from /home/airflow/.local/lib/python3.7/site-packages/airflow/example_dags/tutorial_taskflow_api_etl_virtualenv.py
[2023-07-11 22:54:49,995] {processor.py:651} INFO - DAG(s) dict_keys(['tutorial_taskflow_api_etl_virtualenv']) retrieved from /home/airflow/.local/lib/python3.7/site-packages/airflow/example_dags/tutorial_taskflow_api_etl_virtualenv.py
[2023-07-11 22:54:50,384] {logging_mixin.py:115} INFO - [2023-07-11 22:54:50,384] {dag.py:2420} INFO - Sync 1 DAGs
[2023-07-11 22:54:50,544] {logging_mixin.py:115} INFO - [2023-07-11 22:54:50,544] {dag.py:2972} INFO - Setting next_dagrun for tutorial_taskflow_api_etl_virtualenv to None, run_after=None
[2023-07-11 22:54:50,678] {processor.py:161} INFO - Processing /home/airflow/.local/lib/python3.7/site-packages/airflow/example_dags/tutorial_taskflow_api_etl_virtualenv.py took 0.777 seconds
[2023-07-11 22:55:21,185] {processor.py:153} INFO - Started process (PID=1608) to work on /home/airflow/.local/lib/python3.7/site-packages/airflow/example_dags/tutorial_taskflow_api_etl_virtualenv.py
[2023-07-11 22:55:21,187] {processor.py:641} INFO - Processing file /home/airflow/.local/lib/python3.7/site-packages/airflow/example_dags/tutorial_taskflow_api_etl_virtualenv.py for tasks to queue
[2023-07-11 22:55:21,196] {logging_mixin.py:115} INFO - [2023-07-11 22:55:21,196] {dagbag.py:508} INFO - Filling up the DagBag from /home/airflow/.local/lib/python3.7/site-packages/airflow/example_dags/tutorial_taskflow_api_etl_virtualenv.py
[2023-07-11 22:55:21,272] {processor.py:651} INFO - DAG(s) dict_keys(['tutorial_taskflow_api_etl_virtualenv']) retrieved from /home/airflow/.local/lib/python3.7/site-packages/airflow/example_dags/tutorial_taskflow_api_etl_virtualenv.py
[2023-07-11 22:55:21,591] {logging_mixin.py:115} INFO - [2023-07-11 22:55:21,591] {dag.py:2420} INFO - Sync 1 DAGs
[2023-07-11 22:55:21,678] {logging_mixin.py:115} INFO - [2023-07-11 22:55:21,677] {dag.py:2972} INFO - Setting next_dagrun for tutorial_taskflow_api_etl_virtualenv to None, run_after=None
[2023-07-11 22:55:21,746] {processor.py:161} INFO - Processing /home/airflow/.local/lib/python3.7/site-packages/airflow/example_dags/tutorial_taskflow_api_etl_virtualenv.py took 0.565 seconds
[2023-07-11 22:55:53,127] {processor.py:153} INFO - Started process (PID=1660) to work on /home/airflow/.local/lib/python3.7/site-packages/airflow/example_dags/tutorial_taskflow_api_etl_virtualenv.py
[2023-07-11 22:55:53,130] {processor.py:641} INFO - Processing file /home/airflow/.local/lib/python3.7/site-packages/airflow/example_dags/tutorial_taskflow_api_etl_virtualenv.py for tasks to queue
[2023-07-11 22:55:53,131] {logging_mixin.py:115} INFO - [2023-07-11 22:55:53,131] {dagbag.py:508} INFO - Filling up the DagBag from /home/airflow/.local/lib/python3.7/site-packages/airflow/example_dags/tutorial_taskflow_api_etl_virtualenv.py
[2023-07-11 22:55:53,321] {processor.py:651} INFO - DAG(s) dict_keys(['tutorial_taskflow_api_etl_virtualenv']) retrieved from /home/airflow/.local/lib/python3.7/site-packages/airflow/example_dags/tutorial_taskflow_api_etl_virtualenv.py
[2023-07-11 22:55:53,858] {logging_mixin.py:115} INFO - [2023-07-11 22:55:53,858] {dag.py:2420} INFO - Sync 1 DAGs
[2023-07-11 22:55:54,066] {logging_mixin.py:115} INFO - [2023-07-11 22:55:54,066] {dag.py:2972} INFO - Setting next_dagrun for tutorial_taskflow_api_etl_virtualenv to None, run_after=None
[2023-07-11 22:55:54,172] {processor.py:161} INFO - Processing /home/airflow/.local/lib/python3.7/site-packages/airflow/example_dags/tutorial_taskflow_api_etl_virtualenv.py took 1.056 seconds
[2023-07-11 22:56:24,241] {processor.py:153} INFO - Started process (PID=1721) to work on /home/airflow/.local/lib/python3.7/site-packages/airflow/example_dags/tutorial_taskflow_api_etl_virtualenv.py
[2023-07-11 22:56:24,242] {processor.py:641} INFO - Processing file /home/airflow/.local/lib/python3.7/site-packages/airflow/example_dags/tutorial_taskflow_api_etl_virtualenv.py for tasks to queue
[2023-07-11 22:56:24,243] {logging_mixin.py:115} INFO - [2023-07-11 22:56:24,242] {dagbag.py:508} INFO - Filling up the DagBag from /home/airflow/.local/lib/python3.7/site-packages/airflow/example_dags/tutorial_taskflow_api_etl_virtualenv.py
[2023-07-11 22:56:24,313] {processor.py:651} INFO - DAG(s) dict_keys(['tutorial_taskflow_api_etl_virtualenv']) retrieved from /home/airflow/.local/lib/python3.7/site-packages/airflow/example_dags/tutorial_taskflow_api_etl_virtualenv.py
[2023-07-11 22:56:24,785] {logging_mixin.py:115} INFO - [2023-07-11 22:56:24,785] {dag.py:2420} INFO - Sync 1 DAGs
[2023-07-11 22:56:24,888] {logging_mixin.py:115} INFO - [2023-07-11 22:56:24,888] {dag.py:2972} INFO - Setting next_dagrun for tutorial_taskflow_api_etl_virtualenv to None, run_after=None
[2023-07-11 22:56:24,942] {processor.py:161} INFO - Processing /home/airflow/.local/lib/python3.7/site-packages/airflow/example_dags/tutorial_taskflow_api_etl_virtualenv.py took 0.707 seconds
[2023-07-11 22:56:55,540] {processor.py:153} INFO - Started process (PID=1773) to work on /home/airflow/.local/lib/python3.7/site-packages/airflow/example_dags/tutorial_taskflow_api_etl_virtualenv.py
[2023-07-11 22:56:55,541] {processor.py:641} INFO - Processing file /home/airflow/.local/lib/python3.7/site-packages/airflow/example_dags/tutorial_taskflow_api_etl_virtualenv.py for tasks to queue
[2023-07-11 22:56:55,544] {logging_mixin.py:115} INFO - [2023-07-11 22:56:55,543] {dagbag.py:508} INFO - Filling up the DagBag from /home/airflow/.local/lib/python3.7/site-packages/airflow/example_dags/tutorial_taskflow_api_etl_virtualenv.py
[2023-07-11 22:56:55,587] {processor.py:651} INFO - DAG(s) dict_keys(['tutorial_taskflow_api_etl_virtualenv']) retrieved from /home/airflow/.local/lib/python3.7/site-packages/airflow/example_dags/tutorial_taskflow_api_etl_virtualenv.py
[2023-07-11 22:56:55,644] {logging_mixin.py:115} INFO - [2023-07-11 22:56:55,644] {dag.py:2420} INFO - Sync 1 DAGs
[2023-07-11 22:56:55,691] {logging_mixin.py:115} INFO - [2023-07-11 22:56:55,691] {dag.py:2972} INFO - Setting next_dagrun for tutorial_taskflow_api_etl_virtualenv to None, run_after=None
[2023-07-11 22:56:55,715] {processor.py:161} INFO - Processing /home/airflow/.local/lib/python3.7/site-packages/airflow/example_dags/tutorial_taskflow_api_etl_virtualenv.py took 0.180 seconds
[2023-07-11 22:57:26,005] {processor.py:153} INFO - Started process (PID=1824) to work on /home/airflow/.local/lib/python3.7/site-packages/airflow/example_dags/tutorial_taskflow_api_etl_virtualenv.py
[2023-07-11 22:57:26,006] {processor.py:641} INFO - Processing file /home/airflow/.local/lib/python3.7/site-packages/airflow/example_dags/tutorial_taskflow_api_etl_virtualenv.py for tasks to queue
[2023-07-11 22:57:26,007] {logging_mixin.py:115} INFO - [2023-07-11 22:57:26,007] {dagbag.py:508} INFO - Filling up the DagBag from /home/airflow/.local/lib/python3.7/site-packages/airflow/example_dags/tutorial_taskflow_api_etl_virtualenv.py
[2023-07-11 22:57:26,065] {processor.py:651} INFO - DAG(s) dict_keys(['tutorial_taskflow_api_etl_virtualenv']) retrieved from /home/airflow/.local/lib/python3.7/site-packages/airflow/example_dags/tutorial_taskflow_api_etl_virtualenv.py
[2023-07-11 22:57:26,124] {logging_mixin.py:115} INFO - [2023-07-11 22:57:26,124] {dag.py:2420} INFO - Sync 1 DAGs
[2023-07-11 22:57:26,186] {logging_mixin.py:115} INFO - [2023-07-11 22:57:26,186] {dag.py:2972} INFO - Setting next_dagrun for tutorial_taskflow_api_etl_virtualenv to None, run_after=None
[2023-07-11 22:57:26,258] {processor.py:161} INFO - Processing /home/airflow/.local/lib/python3.7/site-packages/airflow/example_dags/tutorial_taskflow_api_etl_virtualenv.py took 0.268 seconds
[2023-07-11 22:57:56,671] {processor.py:153} INFO - Started process (PID=1876) to work on /home/airflow/.local/lib/python3.7/site-packages/airflow/example_dags/tutorial_taskflow_api_etl_virtualenv.py
[2023-07-11 22:57:56,673] {processor.py:641} INFO - Processing file /home/airflow/.local/lib/python3.7/site-packages/airflow/example_dags/tutorial_taskflow_api_etl_virtualenv.py for tasks to queue
[2023-07-11 22:57:56,674] {logging_mixin.py:115} INFO - [2023-07-11 22:57:56,673] {dagbag.py:508} INFO - Filling up the DagBag from /home/airflow/.local/lib/python3.7/site-packages/airflow/example_dags/tutorial_taskflow_api_etl_virtualenv.py
[2023-07-11 22:57:56,735] {processor.py:651} INFO - DAG(s) dict_keys(['tutorial_taskflow_api_etl_virtualenv']) retrieved from /home/airflow/.local/lib/python3.7/site-packages/airflow/example_dags/tutorial_taskflow_api_etl_virtualenv.py
[2023-07-11 22:57:56,817] {logging_mixin.py:115} INFO - [2023-07-11 22:57:56,816] {dag.py:2420} INFO - Sync 1 DAGs
[2023-07-11 22:57:56,890] {logging_mixin.py:115} INFO - [2023-07-11 22:57:56,890] {dag.py:2972} INFO - Setting next_dagrun for tutorial_taskflow_api_etl_virtualenv to None, run_after=None
[2023-07-11 22:57:56,912] {processor.py:161} INFO - Processing /home/airflow/.local/lib/python3.7/site-packages/airflow/example_dags/tutorial_taskflow_api_etl_virtualenv.py took 0.247 seconds
[2023-07-11 22:58:27,166] {processor.py:153} INFO - Started process (PID=1928) to work on /home/airflow/.local/lib/python3.7/site-packages/airflow/example_dags/tutorial_taskflow_api_etl_virtualenv.py
[2023-07-11 22:58:27,168] {processor.py:641} INFO - Processing file /home/airflow/.local/lib/python3.7/site-packages/airflow/example_dags/tutorial_taskflow_api_etl_virtualenv.py for tasks to queue
[2023-07-11 22:58:27,172] {logging_mixin.py:115} INFO - [2023-07-11 22:58:27,171] {dagbag.py:508} INFO - Filling up the DagBag from /home/airflow/.local/lib/python3.7/site-packages/airflow/example_dags/tutorial_taskflow_api_etl_virtualenv.py
[2023-07-11 22:58:27,241] {processor.py:651} INFO - DAG(s) dict_keys(['tutorial_taskflow_api_etl_virtualenv']) retrieved from /home/airflow/.local/lib/python3.7/site-packages/airflow/example_dags/tutorial_taskflow_api_etl_virtualenv.py
[2023-07-11 22:58:27,342] {logging_mixin.py:115} INFO - [2023-07-11 22:58:27,342] {dag.py:2420} INFO - Sync 1 DAGs
[2023-07-11 22:58:27,532] {logging_mixin.py:115} INFO - [2023-07-11 22:58:27,531] {dag.py:2972} INFO - Setting next_dagrun for tutorial_taskflow_api_etl_virtualenv to None, run_after=None
[2023-07-11 22:58:27,600] {processor.py:161} INFO - Processing /home/airflow/.local/lib/python3.7/site-packages/airflow/example_dags/tutorial_taskflow_api_etl_virtualenv.py took 0.450 seconds
[2023-07-11 22:58:57,745] {processor.py:153} INFO - Started process (PID=1988) to work on /home/airflow/.local/lib/python3.7/site-packages/airflow/example_dags/tutorial_taskflow_api_etl_virtualenv.py
[2023-07-11 22:58:57,746] {processor.py:641} INFO - Processing file /home/airflow/.local/lib/python3.7/site-packages/airflow/example_dags/tutorial_taskflow_api_etl_virtualenv.py for tasks to queue
[2023-07-11 22:58:57,747] {logging_mixin.py:115} INFO - [2023-07-11 22:58:57,747] {dagbag.py:508} INFO - Filling up the DagBag from /home/airflow/.local/lib/python3.7/site-packages/airflow/example_dags/tutorial_taskflow_api_etl_virtualenv.py
[2023-07-11 22:58:57,798] {processor.py:651} INFO - DAG(s) dict_keys(['tutorial_taskflow_api_etl_virtualenv']) retrieved from /home/airflow/.local/lib/python3.7/site-packages/airflow/example_dags/tutorial_taskflow_api_etl_virtualenv.py
[2023-07-11 22:58:58,002] {logging_mixin.py:115} INFO - [2023-07-11 22:58:58,002] {dag.py:2420} INFO - Sync 1 DAGs
[2023-07-11 22:58:58,056] {logging_mixin.py:115} INFO - [2023-07-11 22:58:58,056] {dag.py:2972} INFO - Setting next_dagrun for tutorial_taskflow_api_etl_virtualenv to None, run_after=None
[2023-07-11 22:58:58,097] {processor.py:161} INFO - Processing /home/airflow/.local/lib/python3.7/site-packages/airflow/example_dags/tutorial_taskflow_api_etl_virtualenv.py took 0.361 seconds
[2023-07-11 22:59:28,971] {processor.py:153} INFO - Started process (PID=2040) to work on /home/airflow/.local/lib/python3.7/site-packages/airflow/example_dags/tutorial_taskflow_api_etl_virtualenv.py
[2023-07-11 22:59:28,973] {processor.py:641} INFO - Processing file /home/airflow/.local/lib/python3.7/site-packages/airflow/example_dags/tutorial_taskflow_api_etl_virtualenv.py for tasks to queue
[2023-07-11 22:59:28,974] {logging_mixin.py:115} INFO - [2023-07-11 22:59:28,973] {dagbag.py:508} INFO - Filling up the DagBag from /home/airflow/.local/lib/python3.7/site-packages/airflow/example_dags/tutorial_taskflow_api_etl_virtualenv.py
[2023-07-11 22:59:29,027] {processor.py:651} INFO - DAG(s) dict_keys(['tutorial_taskflow_api_etl_virtualenv']) retrieved from /home/airflow/.local/lib/python3.7/site-packages/airflow/example_dags/tutorial_taskflow_api_etl_virtualenv.py
[2023-07-11 22:59:29,462] {logging_mixin.py:115} INFO - [2023-07-11 22:59:29,462] {dag.py:2420} INFO - Sync 1 DAGs
[2023-07-11 22:59:29,558] {logging_mixin.py:115} INFO - [2023-07-11 22:59:29,558] {dag.py:2972} INFO - Setting next_dagrun for tutorial_taskflow_api_etl_virtualenv to None, run_after=None
[2023-07-11 22:59:29,623] {processor.py:161} INFO - Processing /home/airflow/.local/lib/python3.7/site-packages/airflow/example_dags/tutorial_taskflow_api_etl_virtualenv.py took 0.657 seconds
[2023-07-11 23:00:00,041] {processor.py:153} INFO - Started process (PID=2092) to work on /home/airflow/.local/lib/python3.7/site-packages/airflow/example_dags/tutorial_taskflow_api_etl_virtualenv.py
[2023-07-11 23:00:00,043] {processor.py:641} INFO - Processing file /home/airflow/.local/lib/python3.7/site-packages/airflow/example_dags/tutorial_taskflow_api_etl_virtualenv.py for tasks to queue
[2023-07-11 23:00:00,043] {logging_mixin.py:115} INFO - [2023-07-11 23:00:00,043] {dagbag.py:508} INFO - Filling up the DagBag from /home/airflow/.local/lib/python3.7/site-packages/airflow/example_dags/tutorial_taskflow_api_etl_virtualenv.py
[2023-07-11 23:00:00,073] {processor.py:651} INFO - DAG(s) dict_keys(['tutorial_taskflow_api_etl_virtualenv']) retrieved from /home/airflow/.local/lib/python3.7/site-packages/airflow/example_dags/tutorial_taskflow_api_etl_virtualenv.py
[2023-07-11 23:00:00,121] {logging_mixin.py:115} INFO - [2023-07-11 23:00:00,121] {dag.py:2420} INFO - Sync 1 DAGs
[2023-07-11 23:00:00,153] {logging_mixin.py:115} INFO - [2023-07-11 23:00:00,153] {dag.py:2972} INFO - Setting next_dagrun for tutorial_taskflow_api_etl_virtualenv to None, run_after=None
[2023-07-11 23:00:00,166] {processor.py:161} INFO - Processing /home/airflow/.local/lib/python3.7/site-packages/airflow/example_dags/tutorial_taskflow_api_etl_virtualenv.py took 0.131 seconds
[2023-07-11 23:00:30,631] {processor.py:153} INFO - Started process (PID=2144) to work on /home/airflow/.local/lib/python3.7/site-packages/airflow/example_dags/tutorial_taskflow_api_etl_virtualenv.py
[2023-07-11 23:00:30,632] {processor.py:641} INFO - Processing file /home/airflow/.local/lib/python3.7/site-packages/airflow/example_dags/tutorial_taskflow_api_etl_virtualenv.py for tasks to queue
[2023-07-11 23:00:30,633] {logging_mixin.py:115} INFO - [2023-07-11 23:00:30,633] {dagbag.py:508} INFO - Filling up the DagBag from /home/airflow/.local/lib/python3.7/site-packages/airflow/example_dags/tutorial_taskflow_api_etl_virtualenv.py
[2023-07-11 23:00:30,670] {processor.py:651} INFO - DAG(s) dict_keys(['tutorial_taskflow_api_etl_virtualenv']) retrieved from /home/airflow/.local/lib/python3.7/site-packages/airflow/example_dags/tutorial_taskflow_api_etl_virtualenv.py
[2023-07-11 23:00:30,919] {logging_mixin.py:115} INFO - [2023-07-11 23:00:30,919] {dag.py:2420} INFO - Sync 1 DAGs
[2023-07-11 23:00:31,006] {logging_mixin.py:115} INFO - [2023-07-11 23:00:31,005] {dag.py:2972} INFO - Setting next_dagrun for tutorial_taskflow_api_etl_virtualenv to None, run_after=None
[2023-07-11 23:00:31,057] {processor.py:161} INFO - Processing /home/airflow/.local/lib/python3.7/site-packages/airflow/example_dags/tutorial_taskflow_api_etl_virtualenv.py took 0.430 seconds
[2023-07-11 23:01:01,266] {processor.py:153} INFO - Started process (PID=2204) to work on /home/airflow/.local/lib/python3.7/site-packages/airflow/example_dags/tutorial_taskflow_api_etl_virtualenv.py
[2023-07-11 23:01:01,271] {processor.py:641} INFO - Processing file /home/airflow/.local/lib/python3.7/site-packages/airflow/example_dags/tutorial_taskflow_api_etl_virtualenv.py for tasks to queue
[2023-07-11 23:01:01,273] {logging_mixin.py:115} INFO - [2023-07-11 23:01:01,272] {dagbag.py:508} INFO - Filling up the DagBag from /home/airflow/.local/lib/python3.7/site-packages/airflow/example_dags/tutorial_taskflow_api_etl_virtualenv.py
[2023-07-11 23:01:01,421] {processor.py:651} INFO - DAG(s) dict_keys(['tutorial_taskflow_api_etl_virtualenv']) retrieved from /home/airflow/.local/lib/python3.7/site-packages/airflow/example_dags/tutorial_taskflow_api_etl_virtualenv.py
[2023-07-11 23:01:01,770] {logging_mixin.py:115} INFO - [2023-07-11 23:01:01,769] {dag.py:2420} INFO - Sync 1 DAGs
[2023-07-11 23:01:01,863] {logging_mixin.py:115} INFO - [2023-07-11 23:01:01,863] {dag.py:2972} INFO - Setting next_dagrun for tutorial_taskflow_api_etl_virtualenv to None, run_after=None
[2023-07-11 23:01:01,940] {processor.py:161} INFO - Processing /home/airflow/.local/lib/python3.7/site-packages/airflow/example_dags/tutorial_taskflow_api_etl_virtualenv.py took 0.702 seconds
[2023-07-11 23:01:32,247] {processor.py:153} INFO - Started process (PID=2258) to work on /home/airflow/.local/lib/python3.7/site-packages/airflow/example_dags/tutorial_taskflow_api_etl_virtualenv.py
[2023-07-11 23:01:32,248] {processor.py:641} INFO - Processing file /home/airflow/.local/lib/python3.7/site-packages/airflow/example_dags/tutorial_taskflow_api_etl_virtualenv.py for tasks to queue
[2023-07-11 23:01:32,249] {logging_mixin.py:115} INFO - [2023-07-11 23:01:32,249] {dagbag.py:508} INFO - Filling up the DagBag from /home/airflow/.local/lib/python3.7/site-packages/airflow/example_dags/tutorial_taskflow_api_etl_virtualenv.py
[2023-07-11 23:01:32,285] {processor.py:651} INFO - DAG(s) dict_keys(['tutorial_taskflow_api_etl_virtualenv']) retrieved from /home/airflow/.local/lib/python3.7/site-packages/airflow/example_dags/tutorial_taskflow_api_etl_virtualenv.py
[2023-07-11 23:01:32,382] {logging_mixin.py:115} INFO - [2023-07-11 23:01:32,382] {dag.py:2420} INFO - Sync 1 DAGs
[2023-07-11 23:01:32,495] {logging_mixin.py:115} INFO - [2023-07-11 23:01:32,495] {dag.py:2972} INFO - Setting next_dagrun for tutorial_taskflow_api_etl_virtualenv to None, run_after=None
[2023-07-11 23:01:32,570] {processor.py:161} INFO - Processing /home/airflow/.local/lib/python3.7/site-packages/airflow/example_dags/tutorial_taskflow_api_etl_virtualenv.py took 0.333 seconds
[2023-07-11 23:02:02,681] {processor.py:153} INFO - Started process (PID=2309) to work on /home/airflow/.local/lib/python3.7/site-packages/airflow/example_dags/tutorial_taskflow_api_etl_virtualenv.py
[2023-07-11 23:02:02,686] {processor.py:641} INFO - Processing file /home/airflow/.local/lib/python3.7/site-packages/airflow/example_dags/tutorial_taskflow_api_etl_virtualenv.py for tasks to queue
[2023-07-11 23:02:02,696] {logging_mixin.py:115} INFO - [2023-07-11 23:02:02,696] {dagbag.py:508} INFO - Filling up the DagBag from /home/airflow/.local/lib/python3.7/site-packages/airflow/example_dags/tutorial_taskflow_api_etl_virtualenv.py
[2023-07-11 23:02:02,807] {processor.py:651} INFO - DAG(s) dict_keys(['tutorial_taskflow_api_etl_virtualenv']) retrieved from /home/airflow/.local/lib/python3.7/site-packages/airflow/example_dags/tutorial_taskflow_api_etl_virtualenv.py
[2023-07-11 23:02:03,070] {logging_mixin.py:115} INFO - [2023-07-11 23:02:03,069] {dag.py:2420} INFO - Sync 1 DAGs
[2023-07-11 23:02:03,176] {logging_mixin.py:115} INFO - [2023-07-11 23:02:03,175] {dag.py:2972} INFO - Setting next_dagrun for tutorial_taskflow_api_etl_virtualenv to None, run_after=None
[2023-07-11 23:02:03,215] {processor.py:161} INFO - Processing /home/airflow/.local/lib/python3.7/site-packages/airflow/example_dags/tutorial_taskflow_api_etl_virtualenv.py took 0.545 seconds
[2023-07-11 23:02:33,981] {processor.py:153} INFO - Started process (PID=2361) to work on /home/airflow/.local/lib/python3.7/site-packages/airflow/example_dags/tutorial_taskflow_api_etl_virtualenv.py
[2023-07-11 23:02:33,982] {processor.py:641} INFO - Processing file /home/airflow/.local/lib/python3.7/site-packages/airflow/example_dags/tutorial_taskflow_api_etl_virtualenv.py for tasks to queue
[2023-07-11 23:02:33,983] {logging_mixin.py:115} INFO - [2023-07-11 23:02:33,983] {dagbag.py:508} INFO - Filling up the DagBag from /home/airflow/.local/lib/python3.7/site-packages/airflow/example_dags/tutorial_taskflow_api_etl_virtualenv.py
[2023-07-11 23:02:34,034] {processor.py:651} INFO - DAG(s) dict_keys(['tutorial_taskflow_api_etl_virtualenv']) retrieved from /home/airflow/.local/lib/python3.7/site-packages/airflow/example_dags/tutorial_taskflow_api_etl_virtualenv.py
[2023-07-11 23:02:34,353] {logging_mixin.py:115} INFO - [2023-07-11 23:02:34,352] {dag.py:2420} INFO - Sync 1 DAGs
[2023-07-11 23:02:34,409] {logging_mixin.py:115} INFO - [2023-07-11 23:02:34,409] {dag.py:2972} INFO - Setting next_dagrun for tutorial_taskflow_api_etl_virtualenv to None, run_after=None
[2023-07-11 23:02:34,449] {processor.py:161} INFO - Processing /home/airflow/.local/lib/python3.7/site-packages/airflow/example_dags/tutorial_taskflow_api_etl_virtualenv.py took 0.473 seconds
[2023-07-11 23:03:04,567] {processor.py:153} INFO - Started process (PID=2414) to work on /home/airflow/.local/lib/python3.7/site-packages/airflow/example_dags/tutorial_taskflow_api_etl_virtualenv.py
[2023-07-11 23:03:04,570] {processor.py:641} INFO - Processing file /home/airflow/.local/lib/python3.7/site-packages/airflow/example_dags/tutorial_taskflow_api_etl_virtualenv.py for tasks to queue
[2023-07-11 23:03:04,571] {logging_mixin.py:115} INFO - [2023-07-11 23:03:04,571] {dagbag.py:508} INFO - Filling up the DagBag from /home/airflow/.local/lib/python3.7/site-packages/airflow/example_dags/tutorial_taskflow_api_etl_virtualenv.py
[2023-07-11 23:03:04,610] {processor.py:651} INFO - DAG(s) dict_keys(['tutorial_taskflow_api_etl_virtualenv']) retrieved from /home/airflow/.local/lib/python3.7/site-packages/airflow/example_dags/tutorial_taskflow_api_etl_virtualenv.py
[2023-07-11 23:03:04,670] {logging_mixin.py:115} INFO - [2023-07-11 23:03:04,670] {dag.py:2420} INFO - Sync 1 DAGs
[2023-07-11 23:03:04,730] {logging_mixin.py:115} INFO - [2023-07-11 23:03:04,730] {dag.py:2972} INFO - Setting next_dagrun for tutorial_taskflow_api_etl_virtualenv to None, run_after=None
[2023-07-11 23:03:04,778] {processor.py:161} INFO - Processing /home/airflow/.local/lib/python3.7/site-packages/airflow/example_dags/tutorial_taskflow_api_etl_virtualenv.py took 0.219 seconds
[2023-07-11 23:03:35,170] {processor.py:153} INFO - Started process (PID=2471) to work on /home/airflow/.local/lib/python3.7/site-packages/airflow/example_dags/tutorial_taskflow_api_etl_virtualenv.py
[2023-07-11 23:03:35,171] {processor.py:641} INFO - Processing file /home/airflow/.local/lib/python3.7/site-packages/airflow/example_dags/tutorial_taskflow_api_etl_virtualenv.py for tasks to queue
[2023-07-11 23:03:35,173] {logging_mixin.py:115} INFO - [2023-07-11 23:03:35,173] {dagbag.py:508} INFO - Filling up the DagBag from /home/airflow/.local/lib/python3.7/site-packages/airflow/example_dags/tutorial_taskflow_api_etl_virtualenv.py
[2023-07-11 23:03:35,312] {processor.py:651} INFO - DAG(s) dict_keys(['tutorial_taskflow_api_etl_virtualenv']) retrieved from /home/airflow/.local/lib/python3.7/site-packages/airflow/example_dags/tutorial_taskflow_api_etl_virtualenv.py
[2023-07-11 23:03:35,608] {logging_mixin.py:115} INFO - [2023-07-11 23:03:35,608] {dag.py:2420} INFO - Sync 1 DAGs
[2023-07-11 23:03:35,680] {logging_mixin.py:115} INFO - [2023-07-11 23:03:35,679] {dag.py:2972} INFO - Setting next_dagrun for tutorial_taskflow_api_etl_virtualenv to None, run_after=None
[2023-07-11 23:03:35,733] {processor.py:161} INFO - Processing /home/airflow/.local/lib/python3.7/site-packages/airflow/example_dags/tutorial_taskflow_api_etl_virtualenv.py took 0.617 seconds
[2023-07-11 23:04:06,013] {processor.py:153} INFO - Started process (PID=2526) to work on /home/airflow/.local/lib/python3.7/site-packages/airflow/example_dags/tutorial_taskflow_api_etl_virtualenv.py
[2023-07-11 23:04:06,014] {processor.py:641} INFO - Processing file /home/airflow/.local/lib/python3.7/site-packages/airflow/example_dags/tutorial_taskflow_api_etl_virtualenv.py for tasks to queue
[2023-07-11 23:04:06,016] {logging_mixin.py:115} INFO - [2023-07-11 23:04:06,016] {dagbag.py:508} INFO - Filling up the DagBag from /home/airflow/.local/lib/python3.7/site-packages/airflow/example_dags/tutorial_taskflow_api_etl_virtualenv.py
[2023-07-11 23:04:06,078] {processor.py:651} INFO - DAG(s) dict_keys(['tutorial_taskflow_api_etl_virtualenv']) retrieved from /home/airflow/.local/lib/python3.7/site-packages/airflow/example_dags/tutorial_taskflow_api_etl_virtualenv.py
[2023-07-11 23:04:06,428] {logging_mixin.py:115} INFO - [2023-07-11 23:04:06,428] {dag.py:2420} INFO - Sync 1 DAGs
[2023-07-11 23:04:06,513] {logging_mixin.py:115} INFO - [2023-07-11 23:04:06,513] {dag.py:2972} INFO - Setting next_dagrun for tutorial_taskflow_api_etl_virtualenv to None, run_after=None
[2023-07-11 23:04:06,581] {processor.py:161} INFO - Processing /home/airflow/.local/lib/python3.7/site-packages/airflow/example_dags/tutorial_taskflow_api_etl_virtualenv.py took 0.577 seconds
[2023-07-11 23:04:36,915] {processor.py:153} INFO - Started process (PID=2578) to work on /home/airflow/.local/lib/python3.7/site-packages/airflow/example_dags/tutorial_taskflow_api_etl_virtualenv.py
[2023-07-11 23:04:36,917] {processor.py:641} INFO - Processing file /home/airflow/.local/lib/python3.7/site-packages/airflow/example_dags/tutorial_taskflow_api_etl_virtualenv.py for tasks to queue
[2023-07-11 23:04:36,918] {logging_mixin.py:115} INFO - [2023-07-11 23:04:36,918] {dagbag.py:508} INFO - Filling up the DagBag from /home/airflow/.local/lib/python3.7/site-packages/airflow/example_dags/tutorial_taskflow_api_etl_virtualenv.py
[2023-07-11 23:04:36,983] {processor.py:651} INFO - DAG(s) dict_keys(['tutorial_taskflow_api_etl_virtualenv']) retrieved from /home/airflow/.local/lib/python3.7/site-packages/airflow/example_dags/tutorial_taskflow_api_etl_virtualenv.py
[2023-07-11 23:04:37,152] {logging_mixin.py:115} INFO - [2023-07-11 23:04:37,152] {dag.py:2420} INFO - Sync 1 DAGs
[2023-07-11 23:04:37,195] {logging_mixin.py:115} INFO - [2023-07-11 23:04:37,195] {dag.py:2972} INFO - Setting next_dagrun for tutorial_taskflow_api_etl_virtualenv to None, run_after=None
[2023-07-11 23:04:37,222] {processor.py:161} INFO - Processing /home/airflow/.local/lib/python3.7/site-packages/airflow/example_dags/tutorial_taskflow_api_etl_virtualenv.py took 0.316 seconds
[2023-07-11 23:05:07,773] {processor.py:153} INFO - Started process (PID=2630) to work on /home/airflow/.local/lib/python3.7/site-packages/airflow/example_dags/tutorial_taskflow_api_etl_virtualenv.py
[2023-07-11 23:05:07,775] {processor.py:641} INFO - Processing file /home/airflow/.local/lib/python3.7/site-packages/airflow/example_dags/tutorial_taskflow_api_etl_virtualenv.py for tasks to queue
[2023-07-11 23:05:07,776] {logging_mixin.py:115} INFO - [2023-07-11 23:05:07,776] {dagbag.py:508} INFO - Filling up the DagBag from /home/airflow/.local/lib/python3.7/site-packages/airflow/example_dags/tutorial_taskflow_api_etl_virtualenv.py
[2023-07-11 23:05:07,816] {processor.py:651} INFO - DAG(s) dict_keys(['tutorial_taskflow_api_etl_virtualenv']) retrieved from /home/airflow/.local/lib/python3.7/site-packages/airflow/example_dags/tutorial_taskflow_api_etl_virtualenv.py
[2023-07-11 23:05:08,010] {logging_mixin.py:115} INFO - [2023-07-11 23:05:08,010] {dag.py:2420} INFO - Sync 1 DAGs
[2023-07-11 23:05:08,057] {logging_mixin.py:115} INFO - [2023-07-11 23:05:08,057] {dag.py:2972} INFO - Setting next_dagrun for tutorial_taskflow_api_etl_virtualenv to None, run_after=None
[2023-07-11 23:05:08,084] {processor.py:161} INFO - Processing /home/airflow/.local/lib/python3.7/site-packages/airflow/example_dags/tutorial_taskflow_api_etl_virtualenv.py took 0.316 seconds
[2023-07-11 23:05:38,139] {processor.py:153} INFO - Started process (PID=2682) to work on /home/airflow/.local/lib/python3.7/site-packages/airflow/example_dags/tutorial_taskflow_api_etl_virtualenv.py
[2023-07-11 23:05:38,140] {processor.py:641} INFO - Processing file /home/airflow/.local/lib/python3.7/site-packages/airflow/example_dags/tutorial_taskflow_api_etl_virtualenv.py for tasks to queue
[2023-07-11 23:05:38,140] {logging_mixin.py:115} INFO - [2023-07-11 23:05:38,140] {dagbag.py:508} INFO - Filling up the DagBag from /home/airflow/.local/lib/python3.7/site-packages/airflow/example_dags/tutorial_taskflow_api_etl_virtualenv.py
[2023-07-11 23:05:38,169] {processor.py:651} INFO - DAG(s) dict_keys(['tutorial_taskflow_api_etl_virtualenv']) retrieved from /home/airflow/.local/lib/python3.7/site-packages/airflow/example_dags/tutorial_taskflow_api_etl_virtualenv.py
[2023-07-11 23:05:38,304] {logging_mixin.py:115} INFO - [2023-07-11 23:05:38,303] {dag.py:2420} INFO - Sync 1 DAGs
[2023-07-11 23:05:38,340] {logging_mixin.py:115} INFO - [2023-07-11 23:05:38,340] {dag.py:2972} INFO - Setting next_dagrun for tutorial_taskflow_api_etl_virtualenv to None, run_after=None
[2023-07-11 23:05:38,362] {processor.py:161} INFO - Processing /home/airflow/.local/lib/python3.7/site-packages/airflow/example_dags/tutorial_taskflow_api_etl_virtualenv.py took 0.226 seconds
[2023-07-11 23:06:08,913] {processor.py:153} INFO - Started process (PID=2732) to work on /home/airflow/.local/lib/python3.7/site-packages/airflow/example_dags/tutorial_taskflow_api_etl_virtualenv.py
[2023-07-11 23:06:08,914] {processor.py:641} INFO - Processing file /home/airflow/.local/lib/python3.7/site-packages/airflow/example_dags/tutorial_taskflow_api_etl_virtualenv.py for tasks to queue
[2023-07-11 23:06:08,915] {logging_mixin.py:115} INFO - [2023-07-11 23:06:08,914] {dagbag.py:508} INFO - Filling up the DagBag from /home/airflow/.local/lib/python3.7/site-packages/airflow/example_dags/tutorial_taskflow_api_etl_virtualenv.py
[2023-07-11 23:06:08,998] {processor.py:651} INFO - DAG(s) dict_keys(['tutorial_taskflow_api_etl_virtualenv']) retrieved from /home/airflow/.local/lib/python3.7/site-packages/airflow/example_dags/tutorial_taskflow_api_etl_virtualenv.py
[2023-07-11 23:06:09,296] {logging_mixin.py:115} INFO - [2023-07-11 23:06:09,295] {dag.py:2420} INFO - Sync 1 DAGs
[2023-07-11 23:06:09,433] {logging_mixin.py:115} INFO - [2023-07-11 23:06:09,433] {dag.py:2972} INFO - Setting next_dagrun for tutorial_taskflow_api_etl_virtualenv to None, run_after=None
[2023-07-11 23:06:09,473] {processor.py:161} INFO - Processing /home/airflow/.local/lib/python3.7/site-packages/airflow/example_dags/tutorial_taskflow_api_etl_virtualenv.py took 0.566 seconds
[2023-07-11 23:06:39,742] {processor.py:153} INFO - Started process (PID=2783) to work on /home/airflow/.local/lib/python3.7/site-packages/airflow/example_dags/tutorial_taskflow_api_etl_virtualenv.py
[2023-07-11 23:06:39,743] {processor.py:641} INFO - Processing file /home/airflow/.local/lib/python3.7/site-packages/airflow/example_dags/tutorial_taskflow_api_etl_virtualenv.py for tasks to queue
[2023-07-11 23:06:39,745] {logging_mixin.py:115} INFO - [2023-07-11 23:06:39,745] {dagbag.py:508} INFO - Filling up the DagBag from /home/airflow/.local/lib/python3.7/site-packages/airflow/example_dags/tutorial_taskflow_api_etl_virtualenv.py
[2023-07-11 23:06:39,784] {processor.py:651} INFO - DAG(s) dict_keys(['tutorial_taskflow_api_etl_virtualenv']) retrieved from /home/airflow/.local/lib/python3.7/site-packages/airflow/example_dags/tutorial_taskflow_api_etl_virtualenv.py
[2023-07-11 23:06:39,906] {logging_mixin.py:115} INFO - [2023-07-11 23:06:39,906] {dag.py:2420} INFO - Sync 1 DAGs
[2023-07-11 23:06:39,947] {logging_mixin.py:115} INFO - [2023-07-11 23:06:39,947] {dag.py:2972} INFO - Setting next_dagrun for tutorial_taskflow_api_etl_virtualenv to None, run_after=None
[2023-07-11 23:06:39,967] {processor.py:161} INFO - Processing /home/airflow/.local/lib/python3.7/site-packages/airflow/example_dags/tutorial_taskflow_api_etl_virtualenv.py took 0.232 seconds
[2023-07-11 23:07:10,577] {processor.py:153} INFO - Started process (PID=2842) to work on /home/airflow/.local/lib/python3.7/site-packages/airflow/example_dags/tutorial_taskflow_api_etl_virtualenv.py
[2023-07-11 23:07:10,583] {processor.py:641} INFO - Processing file /home/airflow/.local/lib/python3.7/site-packages/airflow/example_dags/tutorial_taskflow_api_etl_virtualenv.py for tasks to queue
[2023-07-11 23:07:10,583] {logging_mixin.py:115} INFO - [2023-07-11 23:07:10,583] {dagbag.py:508} INFO - Filling up the DagBag from /home/airflow/.local/lib/python3.7/site-packages/airflow/example_dags/tutorial_taskflow_api_etl_virtualenv.py
[2023-07-11 23:07:10,741] {processor.py:651} INFO - DAG(s) dict_keys(['tutorial_taskflow_api_etl_virtualenv']) retrieved from /home/airflow/.local/lib/python3.7/site-packages/airflow/example_dags/tutorial_taskflow_api_etl_virtualenv.py
[2023-07-11 23:07:10,887] {logging_mixin.py:115} INFO - [2023-07-11 23:07:10,887] {dag.py:2420} INFO - Sync 1 DAGs
[2023-07-11 23:07:11,020] {logging_mixin.py:115} INFO - [2023-07-11 23:07:11,020] {dag.py:2972} INFO - Setting next_dagrun for tutorial_taskflow_api_etl_virtualenv to None, run_after=None
[2023-07-11 23:07:11,149] {processor.py:161} INFO - Processing /home/airflow/.local/lib/python3.7/site-packages/airflow/example_dags/tutorial_taskflow_api_etl_virtualenv.py took 0.579 seconds
[2023-07-11 23:07:41,397] {processor.py:153} INFO - Started process (PID=2894) to work on /home/airflow/.local/lib/python3.7/site-packages/airflow/example_dags/tutorial_taskflow_api_etl_virtualenv.py
[2023-07-11 23:07:41,399] {processor.py:641} INFO - Processing file /home/airflow/.local/lib/python3.7/site-packages/airflow/example_dags/tutorial_taskflow_api_etl_virtualenv.py for tasks to queue
[2023-07-11 23:07:41,400] {logging_mixin.py:115} INFO - [2023-07-11 23:07:41,400] {dagbag.py:508} INFO - Filling up the DagBag from /home/airflow/.local/lib/python3.7/site-packages/airflow/example_dags/tutorial_taskflow_api_etl_virtualenv.py
[2023-07-11 23:07:41,484] {processor.py:651} INFO - DAG(s) dict_keys(['tutorial_taskflow_api_etl_virtualenv']) retrieved from /home/airflow/.local/lib/python3.7/site-packages/airflow/example_dags/tutorial_taskflow_api_etl_virtualenv.py
[2023-07-11 23:07:41,744] {logging_mixin.py:115} INFO - [2023-07-11 23:07:41,744] {dag.py:2420} INFO - Sync 1 DAGs
[2023-07-11 23:07:41,828] {logging_mixin.py:115} INFO - [2023-07-11 23:07:41,827] {dag.py:2972} INFO - Setting next_dagrun for tutorial_taskflow_api_etl_virtualenv to None, run_after=None
[2023-07-11 23:07:41,880] {processor.py:161} INFO - Processing /home/airflow/.local/lib/python3.7/site-packages/airflow/example_dags/tutorial_taskflow_api_etl_virtualenv.py took 0.497 seconds
[2023-07-11 23:08:12,627] {processor.py:153} INFO - Started process (PID=2946) to work on /home/airflow/.local/lib/python3.7/site-packages/airflow/example_dags/tutorial_taskflow_api_etl_virtualenv.py
[2023-07-11 23:08:12,630] {processor.py:641} INFO - Processing file /home/airflow/.local/lib/python3.7/site-packages/airflow/example_dags/tutorial_taskflow_api_etl_virtualenv.py for tasks to queue
[2023-07-11 23:08:12,632] {logging_mixin.py:115} INFO - [2023-07-11 23:08:12,632] {dagbag.py:508} INFO - Filling up the DagBag from /home/airflow/.local/lib/python3.7/site-packages/airflow/example_dags/tutorial_taskflow_api_etl_virtualenv.py
[2023-07-11 23:08:12,659] {processor.py:651} INFO - DAG(s) dict_keys(['tutorial_taskflow_api_etl_virtualenv']) retrieved from /home/airflow/.local/lib/python3.7/site-packages/airflow/example_dags/tutorial_taskflow_api_etl_virtualenv.py
[2023-07-11 23:08:12,708] {logging_mixin.py:115} INFO - [2023-07-11 23:08:12,707] {dag.py:2420} INFO - Sync 1 DAGs
[2023-07-11 23:08:12,787] {logging_mixin.py:115} INFO - [2023-07-11 23:08:12,787] {dag.py:2972} INFO - Setting next_dagrun for tutorial_taskflow_api_etl_virtualenv to None, run_after=None
[2023-07-11 23:08:12,818] {processor.py:161} INFO - Processing /home/airflow/.local/lib/python3.7/site-packages/airflow/example_dags/tutorial_taskflow_api_etl_virtualenv.py took 0.198 seconds
[2023-07-11 23:08:42,997] {processor.py:153} INFO - Started process (PID=2998) to work on /home/airflow/.local/lib/python3.7/site-packages/airflow/example_dags/tutorial_taskflow_api_etl_virtualenv.py
[2023-07-11 23:08:42,998] {processor.py:641} INFO - Processing file /home/airflow/.local/lib/python3.7/site-packages/airflow/example_dags/tutorial_taskflow_api_etl_virtualenv.py for tasks to queue
[2023-07-11 23:08:42,999] {logging_mixin.py:115} INFO - [2023-07-11 23:08:42,999] {dagbag.py:508} INFO - Filling up the DagBag from /home/airflow/.local/lib/python3.7/site-packages/airflow/example_dags/tutorial_taskflow_api_etl_virtualenv.py
[2023-07-11 23:08:43,040] {processor.py:651} INFO - DAG(s) dict_keys(['tutorial_taskflow_api_etl_virtualenv']) retrieved from /home/airflow/.local/lib/python3.7/site-packages/airflow/example_dags/tutorial_taskflow_api_etl_virtualenv.py
[2023-07-11 23:08:43,242] {logging_mixin.py:115} INFO - [2023-07-11 23:08:43,242] {dag.py:2420} INFO - Sync 1 DAGs
[2023-07-11 23:08:43,324] {logging_mixin.py:115} INFO - [2023-07-11 23:08:43,323] {dag.py:2972} INFO - Setting next_dagrun for tutorial_taskflow_api_etl_virtualenv to None, run_after=None
[2023-07-11 23:08:43,386] {processor.py:161} INFO - Processing /home/airflow/.local/lib/python3.7/site-packages/airflow/example_dags/tutorial_taskflow_api_etl_virtualenv.py took 0.398 seconds
[2023-07-11 23:09:13,624] {processor.py:153} INFO - Started process (PID=3050) to work on /home/airflow/.local/lib/python3.7/site-packages/airflow/example_dags/tutorial_taskflow_api_etl_virtualenv.py
[2023-07-11 23:09:13,626] {processor.py:641} INFO - Processing file /home/airflow/.local/lib/python3.7/site-packages/airflow/example_dags/tutorial_taskflow_api_etl_virtualenv.py for tasks to queue
[2023-07-11 23:09:13,628] {logging_mixin.py:115} INFO - [2023-07-11 23:09:13,628] {dagbag.py:508} INFO - Filling up the DagBag from /home/airflow/.local/lib/python3.7/site-packages/airflow/example_dags/tutorial_taskflow_api_etl_virtualenv.py
[2023-07-11 23:09:13,686] {processor.py:651} INFO - DAG(s) dict_keys(['tutorial_taskflow_api_etl_virtualenv']) retrieved from /home/airflow/.local/lib/python3.7/site-packages/airflow/example_dags/tutorial_taskflow_api_etl_virtualenv.py
[2023-07-11 23:09:13,921] {logging_mixin.py:115} INFO - [2023-07-11 23:09:13,921] {dag.py:2420} INFO - Sync 1 DAGs
[2023-07-11 23:09:13,982] {logging_mixin.py:115} INFO - [2023-07-11 23:09:13,982] {dag.py:2972} INFO - Setting next_dagrun for tutorial_taskflow_api_etl_virtualenv to None, run_after=None
[2023-07-11 23:09:14,046] {processor.py:161} INFO - Processing /home/airflow/.local/lib/python3.7/site-packages/airflow/example_dags/tutorial_taskflow_api_etl_virtualenv.py took 0.432 seconds
[2023-07-11 23:09:44,237] {processor.py:153} INFO - Started process (PID=3111) to work on /home/airflow/.local/lib/python3.7/site-packages/airflow/example_dags/tutorial_taskflow_api_etl_virtualenv.py
[2023-07-11 23:09:44,238] {processor.py:641} INFO - Processing file /home/airflow/.local/lib/python3.7/site-packages/airflow/example_dags/tutorial_taskflow_api_etl_virtualenv.py for tasks to queue
[2023-07-11 23:09:44,238] {logging_mixin.py:115} INFO - [2023-07-11 23:09:44,238] {dagbag.py:508} INFO - Filling up the DagBag from /home/airflow/.local/lib/python3.7/site-packages/airflow/example_dags/tutorial_taskflow_api_etl_virtualenv.py
[2023-07-11 23:09:44,299] {processor.py:651} INFO - DAG(s) dict_keys(['tutorial_taskflow_api_etl_virtualenv']) retrieved from /home/airflow/.local/lib/python3.7/site-packages/airflow/example_dags/tutorial_taskflow_api_etl_virtualenv.py
[2023-07-11 23:09:44,377] {logging_mixin.py:115} INFO - [2023-07-11 23:09:44,377] {dag.py:2420} INFO - Sync 1 DAGs
[2023-07-11 23:09:44,466] {logging_mixin.py:115} INFO - [2023-07-11 23:09:44,466] {dag.py:2972} INFO - Setting next_dagrun for tutorial_taskflow_api_etl_virtualenv to None, run_after=None
[2023-07-11 23:09:44,518] {processor.py:161} INFO - Processing /home/airflow/.local/lib/python3.7/site-packages/airflow/example_dags/tutorial_taskflow_api_etl_virtualenv.py took 0.287 seconds
[2023-07-11 23:10:14,792] {processor.py:153} INFO - Started process (PID=3163) to work on /home/airflow/.local/lib/python3.7/site-packages/airflow/example_dags/tutorial_taskflow_api_etl_virtualenv.py
[2023-07-11 23:10:14,793] {processor.py:641} INFO - Processing file /home/airflow/.local/lib/python3.7/site-packages/airflow/example_dags/tutorial_taskflow_api_etl_virtualenv.py for tasks to queue
[2023-07-11 23:10:14,794] {logging_mixin.py:115} INFO - [2023-07-11 23:10:14,794] {dagbag.py:508} INFO - Filling up the DagBag from /home/airflow/.local/lib/python3.7/site-packages/airflow/example_dags/tutorial_taskflow_api_etl_virtualenv.py
[2023-07-11 23:10:14,842] {processor.py:651} INFO - DAG(s) dict_keys(['tutorial_taskflow_api_etl_virtualenv']) retrieved from /home/airflow/.local/lib/python3.7/site-packages/airflow/example_dags/tutorial_taskflow_api_etl_virtualenv.py
[2023-07-11 23:10:15,034] {logging_mixin.py:115} INFO - [2023-07-11 23:10:15,034] {dag.py:2420} INFO - Sync 1 DAGs
[2023-07-11 23:10:15,086] {logging_mixin.py:115} INFO - [2023-07-11 23:10:15,085] {dag.py:2972} INFO - Setting next_dagrun for tutorial_taskflow_api_etl_virtualenv to None, run_after=None
[2023-07-11 23:10:15,112] {processor.py:161} INFO - Processing /home/airflow/.local/lib/python3.7/site-packages/airflow/example_dags/tutorial_taskflow_api_etl_virtualenv.py took 0.329 seconds
[2023-07-11 23:10:45,418] {processor.py:153} INFO - Started process (PID=3215) to work on /home/airflow/.local/lib/python3.7/site-packages/airflow/example_dags/tutorial_taskflow_api_etl_virtualenv.py
[2023-07-11 23:10:45,419] {processor.py:641} INFO - Processing file /home/airflow/.local/lib/python3.7/site-packages/airflow/example_dags/tutorial_taskflow_api_etl_virtualenv.py for tasks to queue
[2023-07-11 23:10:45,419] {logging_mixin.py:115} INFO - [2023-07-11 23:10:45,419] {dagbag.py:508} INFO - Filling up the DagBag from /home/airflow/.local/lib/python3.7/site-packages/airflow/example_dags/tutorial_taskflow_api_etl_virtualenv.py
[2023-07-11 23:10:45,437] {processor.py:651} INFO - DAG(s) dict_keys(['tutorial_taskflow_api_etl_virtualenv']) retrieved from /home/airflow/.local/lib/python3.7/site-packages/airflow/example_dags/tutorial_taskflow_api_etl_virtualenv.py
[2023-07-11 23:10:45,554] {logging_mixin.py:115} INFO - [2023-07-11 23:10:45,553] {dag.py:2420} INFO - Sync 1 DAGs
[2023-07-11 23:10:45,596] {logging_mixin.py:115} INFO - [2023-07-11 23:10:45,595] {dag.py:2972} INFO - Setting next_dagrun for tutorial_taskflow_api_etl_virtualenv to None, run_after=None
[2023-07-11 23:10:45,621] {processor.py:161} INFO - Processing /home/airflow/.local/lib/python3.7/site-packages/airflow/example_dags/tutorial_taskflow_api_etl_virtualenv.py took 0.206 seconds
[2023-07-11 23:11:16,186] {processor.py:153} INFO - Started process (PID=3266) to work on /home/airflow/.local/lib/python3.7/site-packages/airflow/example_dags/tutorial_taskflow_api_etl_virtualenv.py
[2023-07-11 23:11:16,190] {processor.py:641} INFO - Processing file /home/airflow/.local/lib/python3.7/site-packages/airflow/example_dags/tutorial_taskflow_api_etl_virtualenv.py for tasks to queue
[2023-07-11 23:11:16,193] {logging_mixin.py:115} INFO - [2023-07-11 23:11:16,193] {dagbag.py:508} INFO - Filling up the DagBag from /home/airflow/.local/lib/python3.7/site-packages/airflow/example_dags/tutorial_taskflow_api_etl_virtualenv.py
[2023-07-11 23:11:16,257] {processor.py:651} INFO - DAG(s) dict_keys(['tutorial_taskflow_api_etl_virtualenv']) retrieved from /home/airflow/.local/lib/python3.7/site-packages/airflow/example_dags/tutorial_taskflow_api_etl_virtualenv.py
[2023-07-11 23:11:16,367] {logging_mixin.py:115} INFO - [2023-07-11 23:11:16,367] {dag.py:2420} INFO - Sync 1 DAGs
[2023-07-11 23:11:16,477] {logging_mixin.py:115} INFO - [2023-07-11 23:11:16,476] {dag.py:2972} INFO - Setting next_dagrun for tutorial_taskflow_api_etl_virtualenv to None, run_after=None
[2023-07-11 23:11:16,540] {processor.py:161} INFO - Processing /home/airflow/.local/lib/python3.7/site-packages/airflow/example_dags/tutorial_taskflow_api_etl_virtualenv.py took 0.360 seconds
[2023-07-11 23:11:47,197] {processor.py:153} INFO - Started process (PID=3318) to work on /home/airflow/.local/lib/python3.7/site-packages/airflow/example_dags/tutorial_taskflow_api_etl_virtualenv.py
[2023-07-11 23:11:47,198] {processor.py:641} INFO - Processing file /home/airflow/.local/lib/python3.7/site-packages/airflow/example_dags/tutorial_taskflow_api_etl_virtualenv.py for tasks to queue
[2023-07-11 23:11:47,199] {logging_mixin.py:115} INFO - [2023-07-11 23:11:47,199] {dagbag.py:508} INFO - Filling up the DagBag from /home/airflow/.local/lib/python3.7/site-packages/airflow/example_dags/tutorial_taskflow_api_etl_virtualenv.py
[2023-07-11 23:11:47,235] {processor.py:651} INFO - DAG(s) dict_keys(['tutorial_taskflow_api_etl_virtualenv']) retrieved from /home/airflow/.local/lib/python3.7/site-packages/airflow/example_dags/tutorial_taskflow_api_etl_virtualenv.py
[2023-07-11 23:11:47,466] {logging_mixin.py:115} INFO - [2023-07-11 23:11:47,466] {dag.py:2420} INFO - Sync 1 DAGs
[2023-07-11 23:11:47,525] {logging_mixin.py:115} INFO - [2023-07-11 23:11:47,525] {dag.py:2972} INFO - Setting next_dagrun for tutorial_taskflow_api_etl_virtualenv to None, run_after=None
[2023-07-11 23:11:47,565] {processor.py:161} INFO - Processing /home/airflow/.local/lib/python3.7/site-packages/airflow/example_dags/tutorial_taskflow_api_etl_virtualenv.py took 0.372 seconds
[2023-07-11 23:12:17,793] {processor.py:153} INFO - Started process (PID=3378) to work on /home/airflow/.local/lib/python3.7/site-packages/airflow/example_dags/tutorial_taskflow_api_etl_virtualenv.py
[2023-07-11 23:12:17,795] {processor.py:641} INFO - Processing file /home/airflow/.local/lib/python3.7/site-packages/airflow/example_dags/tutorial_taskflow_api_etl_virtualenv.py for tasks to queue
[2023-07-11 23:12:17,821] {logging_mixin.py:115} INFO - [2023-07-11 23:12:17,798] {dagbag.py:508} INFO - Filling up the DagBag from /home/airflow/.local/lib/python3.7/site-packages/airflow/example_dags/tutorial_taskflow_api_etl_virtualenv.py
[2023-07-11 23:12:17,950] {processor.py:651} INFO - DAG(s) dict_keys(['tutorial_taskflow_api_etl_virtualenv']) retrieved from /home/airflow/.local/lib/python3.7/site-packages/airflow/example_dags/tutorial_taskflow_api_etl_virtualenv.py
[2023-07-11 23:12:18,365] {logging_mixin.py:115} INFO - [2023-07-11 23:12:18,365] {dag.py:2420} INFO - Sync 1 DAGs
[2023-07-11 23:12:18,458] {logging_mixin.py:115} INFO - [2023-07-11 23:12:18,458] {dag.py:2972} INFO - Setting next_dagrun for tutorial_taskflow_api_etl_virtualenv to None, run_after=None
[2023-07-11 23:12:18,512] {processor.py:161} INFO - Processing /home/airflow/.local/lib/python3.7/site-packages/airflow/example_dags/tutorial_taskflow_api_etl_virtualenv.py took 0.741 seconds
[2023-07-11 23:12:48,688] {processor.py:153} INFO - Started process (PID=3430) to work on /home/airflow/.local/lib/python3.7/site-packages/airflow/example_dags/tutorial_taskflow_api_etl_virtualenv.py
[2023-07-11 23:12:48,690] {processor.py:641} INFO - Processing file /home/airflow/.local/lib/python3.7/site-packages/airflow/example_dags/tutorial_taskflow_api_etl_virtualenv.py for tasks to queue
[2023-07-11 23:12:48,691] {logging_mixin.py:115} INFO - [2023-07-11 23:12:48,691] {dagbag.py:508} INFO - Filling up the DagBag from /home/airflow/.local/lib/python3.7/site-packages/airflow/example_dags/tutorial_taskflow_api_etl_virtualenv.py
[2023-07-11 23:12:48,715] {processor.py:651} INFO - DAG(s) dict_keys(['tutorial_taskflow_api_etl_virtualenv']) retrieved from /home/airflow/.local/lib/python3.7/site-packages/airflow/example_dags/tutorial_taskflow_api_etl_virtualenv.py
[2023-07-11 23:12:48,855] {logging_mixin.py:115} INFO - [2023-07-11 23:12:48,855] {dag.py:2420} INFO - Sync 1 DAGs
[2023-07-11 23:12:48,893] {logging_mixin.py:115} INFO - [2023-07-11 23:12:48,893] {dag.py:2972} INFO - Setting next_dagrun for tutorial_taskflow_api_etl_virtualenv to None, run_after=None
[2023-07-11 23:12:48,941] {processor.py:161} INFO - Processing /home/airflow/.local/lib/python3.7/site-packages/airflow/example_dags/tutorial_taskflow_api_etl_virtualenv.py took 0.260 seconds
[2023-07-11 23:13:19,613] {processor.py:153} INFO - Started process (PID=3482) to work on /home/airflow/.local/lib/python3.7/site-packages/airflow/example_dags/tutorial_taskflow_api_etl_virtualenv.py
[2023-07-11 23:13:19,615] {processor.py:641} INFO - Processing file /home/airflow/.local/lib/python3.7/site-packages/airflow/example_dags/tutorial_taskflow_api_etl_virtualenv.py for tasks to queue
[2023-07-11 23:13:19,618] {logging_mixin.py:115} INFO - [2023-07-11 23:13:19,617] {dagbag.py:508} INFO - Filling up the DagBag from /home/airflow/.local/lib/python3.7/site-packages/airflow/example_dags/tutorial_taskflow_api_etl_virtualenv.py
[2023-07-11 23:13:19,710] {processor.py:651} INFO - DAG(s) dict_keys(['tutorial_taskflow_api_etl_virtualenv']) retrieved from /home/airflow/.local/lib/python3.7/site-packages/airflow/example_dags/tutorial_taskflow_api_etl_virtualenv.py
[2023-07-11 23:13:20,078] {logging_mixin.py:115} INFO - [2023-07-11 23:13:20,077] {dag.py:2420} INFO - Sync 1 DAGs
[2023-07-11 23:13:20,231] {logging_mixin.py:115} INFO - [2023-07-11 23:13:20,230] {dag.py:2972} INFO - Setting next_dagrun for tutorial_taskflow_api_etl_virtualenv to None, run_after=None
[2023-07-11 23:13:20,299] {processor.py:161} INFO - Processing /home/airflow/.local/lib/python3.7/site-packages/airflow/example_dags/tutorial_taskflow_api_etl_virtualenv.py took 0.700 seconds
[2023-07-11 23:13:50,914] {processor.py:153} INFO - Started process (PID=3534) to work on /home/airflow/.local/lib/python3.7/site-packages/airflow/example_dags/tutorial_taskflow_api_etl_virtualenv.py
[2023-07-11 23:13:50,918] {processor.py:641} INFO - Processing file /home/airflow/.local/lib/python3.7/site-packages/airflow/example_dags/tutorial_taskflow_api_etl_virtualenv.py for tasks to queue
[2023-07-11 23:13:50,919] {logging_mixin.py:115} INFO - [2023-07-11 23:13:50,919] {dagbag.py:508} INFO - Filling up the DagBag from /home/airflow/.local/lib/python3.7/site-packages/airflow/example_dags/tutorial_taskflow_api_etl_virtualenv.py
[2023-07-11 23:13:50,946] {processor.py:651} INFO - DAG(s) dict_keys(['tutorial_taskflow_api_etl_virtualenv']) retrieved from /home/airflow/.local/lib/python3.7/site-packages/airflow/example_dags/tutorial_taskflow_api_etl_virtualenv.py
[2023-07-11 23:13:51,086] {logging_mixin.py:115} INFO - [2023-07-11 23:13:51,085] {dag.py:2420} INFO - Sync 1 DAGs
[2023-07-11 23:13:51,115] {logging_mixin.py:115} INFO - [2023-07-11 23:13:51,115] {dag.py:2972} INFO - Setting next_dagrun for tutorial_taskflow_api_etl_virtualenv to None, run_after=None
[2023-07-11 23:13:51,176] {processor.py:161} INFO - Processing /home/airflow/.local/lib/python3.7/site-packages/airflow/example_dags/tutorial_taskflow_api_etl_virtualenv.py took 0.266 seconds
