[2023-07-11 00:42:58,397] {processor.py:153} INFO - Started process (PID=66) to work on /home/airflow/.local/lib/python3.7/site-packages/airflow/example_dags/tutorial.py
[2023-07-11 00:42:58,398] {processor.py:641} INFO - Processing file /home/airflow/.local/lib/python3.7/site-packages/airflow/example_dags/tutorial.py for tasks to queue
[2023-07-11 00:42:58,399] {logging_mixin.py:115} INFO - [2023-07-11 00:42:58,399] {dagbag.py:508} INFO - Filling up the DagBag from /home/airflow/.local/lib/python3.7/site-packages/airflow/example_dags/tutorial.py
[2023-07-11 00:42:58,444] {processor.py:651} INFO - DAG(s) dict_keys(['tutorial']) retrieved from /home/airflow/.local/lib/python3.7/site-packages/airflow/example_dags/tutorial.py
[2023-07-11 00:42:58,967] {logging_mixin.py:115} INFO - [2023-07-11 00:42:58,967] {manager.py:508} INFO - Created Permission View: can delete on DAG:tutorial
[2023-07-11 00:42:59,030] {logging_mixin.py:115} INFO - [2023-07-11 00:42:59,030] {manager.py:508} INFO - Created Permission View: can read on DAG:tutorial
[2023-07-11 00:42:59,103] {logging_mixin.py:115} INFO - [2023-07-11 00:42:59,103] {manager.py:508} INFO - Created Permission View: can edit on DAG:tutorial
[2023-07-11 00:42:59,103] {logging_mixin.py:115} INFO - [2023-07-11 00:42:59,103] {dag.py:2420} INFO - Sync 1 DAGs
[2023-07-11 00:42:59,145] {logging_mixin.py:115} INFO - [2023-07-11 00:42:59,144] {dag.py:2439} INFO - Creating ORM DAG for tutorial
[2023-07-11 00:42:59,206] {logging_mixin.py:115} INFO - [2023-07-11 00:42:59,206] {dag.py:2972} INFO - Setting next_dagrun for tutorial to 2023-07-10T00:42:59.205723+00:00, run_after=2023-07-11T00:42:59.205723+00:00
[2023-07-11 00:42:59,265] {processor.py:161} INFO - Processing /home/airflow/.local/lib/python3.7/site-packages/airflow/example_dags/tutorial.py took 0.879 seconds
[2023-07-11 00:43:29,403] {processor.py:153} INFO - Started process (PID=118) to work on /home/airflow/.local/lib/python3.7/site-packages/airflow/example_dags/tutorial.py
[2023-07-11 00:43:29,403] {processor.py:641} INFO - Processing file /home/airflow/.local/lib/python3.7/site-packages/airflow/example_dags/tutorial.py for tasks to queue
[2023-07-11 00:43:29,404] {logging_mixin.py:115} INFO - [2023-07-11 00:43:29,404] {dagbag.py:508} INFO - Filling up the DagBag from /home/airflow/.local/lib/python3.7/site-packages/airflow/example_dags/tutorial.py
[2023-07-11 00:43:29,410] {processor.py:651} INFO - DAG(s) dict_keys(['tutorial']) retrieved from /home/airflow/.local/lib/python3.7/site-packages/airflow/example_dags/tutorial.py
[2023-07-11 00:43:29,444] {logging_mixin.py:115} INFO - [2023-07-11 00:43:29,444] {dag.py:2420} INFO - Sync 1 DAGs
[2023-07-11 00:43:29,469] {logging_mixin.py:115} INFO - [2023-07-11 00:43:29,469] {dag.py:2972} INFO - Setting next_dagrun for tutorial to 2023-07-10T00:43:29.468926+00:00, run_after=2023-07-11T00:43:29.468926+00:00
[2023-07-11 00:43:29,483] {processor.py:161} INFO - Processing /home/airflow/.local/lib/python3.7/site-packages/airflow/example_dags/tutorial.py took 0.084 seconds
[2023-07-11 00:44:00,200] {processor.py:153} INFO - Started process (PID=169) to work on /home/airflow/.local/lib/python3.7/site-packages/airflow/example_dags/tutorial.py
[2023-07-11 00:44:00,200] {processor.py:641} INFO - Processing file /home/airflow/.local/lib/python3.7/site-packages/airflow/example_dags/tutorial.py for tasks to queue
[2023-07-11 00:44:00,201] {logging_mixin.py:115} INFO - [2023-07-11 00:44:00,201] {dagbag.py:508} INFO - Filling up the DagBag from /home/airflow/.local/lib/python3.7/site-packages/airflow/example_dags/tutorial.py
[2023-07-11 00:44:00,207] {processor.py:651} INFO - DAG(s) dict_keys(['tutorial']) retrieved from /home/airflow/.local/lib/python3.7/site-packages/airflow/example_dags/tutorial.py
[2023-07-11 00:44:00,251] {logging_mixin.py:115} INFO - [2023-07-11 00:44:00,251] {dag.py:2420} INFO - Sync 1 DAGs
[2023-07-11 00:44:00,289] {logging_mixin.py:115} INFO - [2023-07-11 00:44:00,289] {dag.py:2972} INFO - Setting next_dagrun for tutorial to 2023-07-10T00:44:00.289392+00:00, run_after=2023-07-11T00:44:00.289392+00:00
[2023-07-11 00:44:00,309] {processor.py:161} INFO - Processing /home/airflow/.local/lib/python3.7/site-packages/airflow/example_dags/tutorial.py took 0.113 seconds
[2023-07-11 00:44:30,486] {processor.py:153} INFO - Started process (PID=229) to work on /home/airflow/.local/lib/python3.7/site-packages/airflow/example_dags/tutorial.py
[2023-07-11 00:44:30,487] {processor.py:641} INFO - Processing file /home/airflow/.local/lib/python3.7/site-packages/airflow/example_dags/tutorial.py for tasks to queue
[2023-07-11 00:44:30,488] {logging_mixin.py:115} INFO - [2023-07-11 00:44:30,488] {dagbag.py:508} INFO - Filling up the DagBag from /home/airflow/.local/lib/python3.7/site-packages/airflow/example_dags/tutorial.py
[2023-07-11 00:44:30,498] {processor.py:651} INFO - DAG(s) dict_keys(['tutorial']) retrieved from /home/airflow/.local/lib/python3.7/site-packages/airflow/example_dags/tutorial.py
[2023-07-11 00:44:30,540] {logging_mixin.py:115} INFO - [2023-07-11 00:44:30,540] {dag.py:2420} INFO - Sync 1 DAGs
[2023-07-11 00:44:30,576] {logging_mixin.py:115} INFO - [2023-07-11 00:44:30,576] {dag.py:2972} INFO - Setting next_dagrun for tutorial to 2023-07-10T00:44:30.575786+00:00, run_after=2023-07-11T00:44:30.575786+00:00
[2023-07-11 00:44:30,600] {processor.py:161} INFO - Processing /home/airflow/.local/lib/python3.7/site-packages/airflow/example_dags/tutorial.py took 0.119 seconds
[2023-07-11 00:45:01,354] {processor.py:153} INFO - Started process (PID=281) to work on /home/airflow/.local/lib/python3.7/site-packages/airflow/example_dags/tutorial.py
[2023-07-11 00:45:01,355] {processor.py:641} INFO - Processing file /home/airflow/.local/lib/python3.7/site-packages/airflow/example_dags/tutorial.py for tasks to queue
[2023-07-11 00:45:01,355] {logging_mixin.py:115} INFO - [2023-07-11 00:45:01,355] {dagbag.py:508} INFO - Filling up the DagBag from /home/airflow/.local/lib/python3.7/site-packages/airflow/example_dags/tutorial.py
[2023-07-11 00:45:01,362] {processor.py:651} INFO - DAG(s) dict_keys(['tutorial']) retrieved from /home/airflow/.local/lib/python3.7/site-packages/airflow/example_dags/tutorial.py
[2023-07-11 00:45:01,395] {logging_mixin.py:115} INFO - [2023-07-11 00:45:01,395] {dag.py:2420} INFO - Sync 1 DAGs
[2023-07-11 00:45:01,424] {logging_mixin.py:115} INFO - [2023-07-11 00:45:01,424] {dag.py:2972} INFO - Setting next_dagrun for tutorial to 2023-07-10T00:45:01.424505+00:00, run_after=2023-07-11T00:45:01.424505+00:00
[2023-07-11 00:45:01,448] {processor.py:161} INFO - Processing /home/airflow/.local/lib/python3.7/site-packages/airflow/example_dags/tutorial.py took 0.098 seconds
[2023-07-11 00:45:32,089] {processor.py:153} INFO - Started process (PID=342) to work on /home/airflow/.local/lib/python3.7/site-packages/airflow/example_dags/tutorial.py
[2023-07-11 00:45:32,090] {processor.py:641} INFO - Processing file /home/airflow/.local/lib/python3.7/site-packages/airflow/example_dags/tutorial.py for tasks to queue
[2023-07-11 00:45:32,091] {logging_mixin.py:115} INFO - [2023-07-11 00:45:32,091] {dagbag.py:508} INFO - Filling up the DagBag from /home/airflow/.local/lib/python3.7/site-packages/airflow/example_dags/tutorial.py
[2023-07-11 00:45:32,100] {processor.py:651} INFO - DAG(s) dict_keys(['tutorial']) retrieved from /home/airflow/.local/lib/python3.7/site-packages/airflow/example_dags/tutorial.py
[2023-07-11 00:45:32,142] {logging_mixin.py:115} INFO - [2023-07-11 00:45:32,141] {dag.py:2420} INFO - Sync 1 DAGs
[2023-07-11 00:45:32,173] {logging_mixin.py:115} INFO - [2023-07-11 00:45:32,173] {dag.py:2972} INFO - Setting next_dagrun for tutorial to 2023-07-10T00:45:32.173157+00:00, run_after=2023-07-11T00:45:32.173157+00:00
[2023-07-11 00:45:32,191] {processor.py:161} INFO - Processing /home/airflow/.local/lib/python3.7/site-packages/airflow/example_dags/tutorial.py took 0.109 seconds
[2023-07-11 00:46:02,631] {processor.py:153} INFO - Started process (PID=394) to work on /home/airflow/.local/lib/python3.7/site-packages/airflow/example_dags/tutorial.py
[2023-07-11 00:46:02,631] {processor.py:641} INFO - Processing file /home/airflow/.local/lib/python3.7/site-packages/airflow/example_dags/tutorial.py for tasks to queue
[2023-07-11 00:46:02,632] {logging_mixin.py:115} INFO - [2023-07-11 00:46:02,632] {dagbag.py:508} INFO - Filling up the DagBag from /home/airflow/.local/lib/python3.7/site-packages/airflow/example_dags/tutorial.py
[2023-07-11 00:46:02,639] {processor.py:651} INFO - DAG(s) dict_keys(['tutorial']) retrieved from /home/airflow/.local/lib/python3.7/site-packages/airflow/example_dags/tutorial.py
[2023-07-11 00:46:02,674] {logging_mixin.py:115} INFO - [2023-07-11 00:46:02,673] {dag.py:2420} INFO - Sync 1 DAGs
[2023-07-11 00:46:02,703] {logging_mixin.py:115} INFO - [2023-07-11 00:46:02,702] {dag.py:2972} INFO - Setting next_dagrun for tutorial to 2023-07-10T00:46:02.702221+00:00, run_after=2023-07-11T00:46:02.702221+00:00
[2023-07-11 00:46:02,719] {processor.py:161} INFO - Processing /home/airflow/.local/lib/python3.7/site-packages/airflow/example_dags/tutorial.py took 0.092 seconds
[2023-07-11 00:46:33,111] {processor.py:153} INFO - Started process (PID=457) to work on /home/airflow/.local/lib/python3.7/site-packages/airflow/example_dags/tutorial.py
[2023-07-11 00:46:33,111] {processor.py:641} INFO - Processing file /home/airflow/.local/lib/python3.7/site-packages/airflow/example_dags/tutorial.py for tasks to queue
[2023-07-11 00:46:33,112] {logging_mixin.py:115} INFO - [2023-07-11 00:46:33,112] {dagbag.py:508} INFO - Filling up the DagBag from /home/airflow/.local/lib/python3.7/site-packages/airflow/example_dags/tutorial.py
[2023-07-11 00:46:33,118] {processor.py:651} INFO - DAG(s) dict_keys(['tutorial']) retrieved from /home/airflow/.local/lib/python3.7/site-packages/airflow/example_dags/tutorial.py
[2023-07-11 00:46:33,146] {logging_mixin.py:115} INFO - [2023-07-11 00:46:33,146] {dag.py:2420} INFO - Sync 1 DAGs
[2023-07-11 00:46:33,173] {logging_mixin.py:115} INFO - [2023-07-11 00:46:33,172] {dag.py:2972} INFO - Setting next_dagrun for tutorial to 2023-07-10T00:46:33.172497+00:00, run_after=2023-07-11T00:46:33.172497+00:00
[2023-07-11 00:46:33,192] {processor.py:161} INFO - Processing /home/airflow/.local/lib/python3.7/site-packages/airflow/example_dags/tutorial.py took 0.084 seconds
[2023-07-11 00:47:03,408] {processor.py:153} INFO - Started process (PID=518) to work on /home/airflow/.local/lib/python3.7/site-packages/airflow/example_dags/tutorial.py
[2023-07-11 00:47:03,409] {processor.py:641} INFO - Processing file /home/airflow/.local/lib/python3.7/site-packages/airflow/example_dags/tutorial.py for tasks to queue
[2023-07-11 00:47:03,410] {logging_mixin.py:115} INFO - [2023-07-11 00:47:03,409] {dagbag.py:508} INFO - Filling up the DagBag from /home/airflow/.local/lib/python3.7/site-packages/airflow/example_dags/tutorial.py
[2023-07-11 00:47:03,418] {processor.py:651} INFO - DAG(s) dict_keys(['tutorial']) retrieved from /home/airflow/.local/lib/python3.7/site-packages/airflow/example_dags/tutorial.py
[2023-07-11 00:47:03,447] {logging_mixin.py:115} INFO - [2023-07-11 00:47:03,447] {dag.py:2420} INFO - Sync 1 DAGs
[2023-07-11 00:47:03,477] {logging_mixin.py:115} INFO - [2023-07-11 00:47:03,477] {dag.py:2972} INFO - Setting next_dagrun for tutorial to 2023-07-10T00:47:03.476685+00:00, run_after=2023-07-11T00:47:03.476685+00:00
[2023-07-11 00:47:03,495] {processor.py:161} INFO - Processing /home/airflow/.local/lib/python3.7/site-packages/airflow/example_dags/tutorial.py took 0.092 seconds
[2023-07-11 00:47:34,339] {processor.py:153} INFO - Started process (PID=570) to work on /home/airflow/.local/lib/python3.7/site-packages/airflow/example_dags/tutorial.py
[2023-07-11 00:47:34,339] {processor.py:641} INFO - Processing file /home/airflow/.local/lib/python3.7/site-packages/airflow/example_dags/tutorial.py for tasks to queue
[2023-07-11 00:47:34,340] {logging_mixin.py:115} INFO - [2023-07-11 00:47:34,340] {dagbag.py:508} INFO - Filling up the DagBag from /home/airflow/.local/lib/python3.7/site-packages/airflow/example_dags/tutorial.py
[2023-07-11 00:47:34,347] {processor.py:651} INFO - DAG(s) dict_keys(['tutorial']) retrieved from /home/airflow/.local/lib/python3.7/site-packages/airflow/example_dags/tutorial.py
[2023-07-11 00:47:34,386] {logging_mixin.py:115} INFO - [2023-07-11 00:47:34,386] {dag.py:2420} INFO - Sync 1 DAGs
[2023-07-11 00:47:34,420] {logging_mixin.py:115} INFO - [2023-07-11 00:47:34,419] {dag.py:2972} INFO - Setting next_dagrun for tutorial to 2023-07-10T00:47:34.419668+00:00, run_after=2023-07-11T00:47:34.419668+00:00
[2023-07-11 00:47:34,435] {processor.py:161} INFO - Processing /home/airflow/.local/lib/python3.7/site-packages/airflow/example_dags/tutorial.py took 0.100 seconds
[2023-07-11 00:48:04,522] {processor.py:153} INFO - Started process (PID=632) to work on /home/airflow/.local/lib/python3.7/site-packages/airflow/example_dags/tutorial.py
[2023-07-11 00:48:04,522] {processor.py:641} INFO - Processing file /home/airflow/.local/lib/python3.7/site-packages/airflow/example_dags/tutorial.py for tasks to queue
[2023-07-11 00:48:04,523] {logging_mixin.py:115} INFO - [2023-07-11 00:48:04,523] {dagbag.py:508} INFO - Filling up the DagBag from /home/airflow/.local/lib/python3.7/site-packages/airflow/example_dags/tutorial.py
[2023-07-11 00:48:04,531] {processor.py:651} INFO - DAG(s) dict_keys(['tutorial']) retrieved from /home/airflow/.local/lib/python3.7/site-packages/airflow/example_dags/tutorial.py
[2023-07-11 00:48:04,574] {logging_mixin.py:115} INFO - [2023-07-11 00:48:04,574] {dag.py:2420} INFO - Sync 1 DAGs
[2023-07-11 00:48:04,615] {logging_mixin.py:115} INFO - [2023-07-11 00:48:04,615] {dag.py:2972} INFO - Setting next_dagrun for tutorial to 2023-07-10T00:48:04.614663+00:00, run_after=2023-07-11T00:48:04.614663+00:00
[2023-07-11 00:48:04,634] {processor.py:161} INFO - Processing /home/airflow/.local/lib/python3.7/site-packages/airflow/example_dags/tutorial.py took 0.117 seconds
[2023-07-11 00:48:34,682] {processor.py:153} INFO - Started process (PID=683) to work on /home/airflow/.local/lib/python3.7/site-packages/airflow/example_dags/tutorial.py
[2023-07-11 00:48:34,683] {processor.py:641} INFO - Processing file /home/airflow/.local/lib/python3.7/site-packages/airflow/example_dags/tutorial.py for tasks to queue
[2023-07-11 00:48:34,683] {logging_mixin.py:115} INFO - [2023-07-11 00:48:34,683] {dagbag.py:508} INFO - Filling up the DagBag from /home/airflow/.local/lib/python3.7/site-packages/airflow/example_dags/tutorial.py
[2023-07-11 00:48:34,690] {processor.py:651} INFO - DAG(s) dict_keys(['tutorial']) retrieved from /home/airflow/.local/lib/python3.7/site-packages/airflow/example_dags/tutorial.py
[2023-07-11 00:48:34,724] {logging_mixin.py:115} INFO - [2023-07-11 00:48:34,724] {dag.py:2420} INFO - Sync 1 DAGs
[2023-07-11 00:48:34,760] {logging_mixin.py:115} INFO - [2023-07-11 00:48:34,759] {dag.py:2972} INFO - Setting next_dagrun for tutorial to 2023-07-10T00:48:34.759722+00:00, run_after=2023-07-11T00:48:34.759722+00:00
[2023-07-11 00:48:34,775] {processor.py:161} INFO - Processing /home/airflow/.local/lib/python3.7/site-packages/airflow/example_dags/tutorial.py took 0.096 seconds
[2023-07-11 00:49:05,546] {processor.py:153} INFO - Started process (PID=745) to work on /home/airflow/.local/lib/python3.7/site-packages/airflow/example_dags/tutorial.py
[2023-07-11 00:49:05,546] {processor.py:641} INFO - Processing file /home/airflow/.local/lib/python3.7/site-packages/airflow/example_dags/tutorial.py for tasks to queue
[2023-07-11 00:49:05,547] {logging_mixin.py:115} INFO - [2023-07-11 00:49:05,547] {dagbag.py:508} INFO - Filling up the DagBag from /home/airflow/.local/lib/python3.7/site-packages/airflow/example_dags/tutorial.py
[2023-07-11 00:49:05,552] {processor.py:651} INFO - DAG(s) dict_keys(['tutorial']) retrieved from /home/airflow/.local/lib/python3.7/site-packages/airflow/example_dags/tutorial.py
[2023-07-11 00:49:05,583] {logging_mixin.py:115} INFO - [2023-07-11 00:49:05,583] {dag.py:2420} INFO - Sync 1 DAGs
[2023-07-11 00:49:05,609] {logging_mixin.py:115} INFO - [2023-07-11 00:49:05,609] {dag.py:2972} INFO - Setting next_dagrun for tutorial to 2023-07-10T00:49:05.609469+00:00, run_after=2023-07-11T00:49:05.609469+00:00
[2023-07-11 00:49:05,622] {processor.py:161} INFO - Processing /home/airflow/.local/lib/python3.7/site-packages/airflow/example_dags/tutorial.py took 0.080 seconds
[2023-07-11 00:49:35,725] {processor.py:153} INFO - Started process (PID=797) to work on /home/airflow/.local/lib/python3.7/site-packages/airflow/example_dags/tutorial.py
[2023-07-11 00:49:35,726] {processor.py:641} INFO - Processing file /home/airflow/.local/lib/python3.7/site-packages/airflow/example_dags/tutorial.py for tasks to queue
[2023-07-11 00:49:35,726] {logging_mixin.py:115} INFO - [2023-07-11 00:49:35,726] {dagbag.py:508} INFO - Filling up the DagBag from /home/airflow/.local/lib/python3.7/site-packages/airflow/example_dags/tutorial.py
[2023-07-11 00:49:35,732] {processor.py:651} INFO - DAG(s) dict_keys(['tutorial']) retrieved from /home/airflow/.local/lib/python3.7/site-packages/airflow/example_dags/tutorial.py
[2023-07-11 00:49:35,759] {logging_mixin.py:115} INFO - [2023-07-11 00:49:35,758] {dag.py:2420} INFO - Sync 1 DAGs
[2023-07-11 00:49:35,783] {logging_mixin.py:115} INFO - [2023-07-11 00:49:35,783] {dag.py:2972} INFO - Setting next_dagrun for tutorial to 2023-07-10T00:49:35.783223+00:00, run_after=2023-07-11T00:49:35.783223+00:00
[2023-07-11 00:49:35,797] {processor.py:161} INFO - Processing /home/airflow/.local/lib/python3.7/site-packages/airflow/example_dags/tutorial.py took 0.075 seconds
[2023-07-11 00:50:06,342] {processor.py:153} INFO - Started process (PID=856) to work on /home/airflow/.local/lib/python3.7/site-packages/airflow/example_dags/tutorial.py
[2023-07-11 00:50:06,343] {processor.py:641} INFO - Processing file /home/airflow/.local/lib/python3.7/site-packages/airflow/example_dags/tutorial.py for tasks to queue
[2023-07-11 00:50:06,344] {logging_mixin.py:115} INFO - [2023-07-11 00:50:06,344] {dagbag.py:508} INFO - Filling up the DagBag from /home/airflow/.local/lib/python3.7/site-packages/airflow/example_dags/tutorial.py
[2023-07-11 00:50:06,358] {processor.py:651} INFO - DAG(s) dict_keys(['tutorial']) retrieved from /home/airflow/.local/lib/python3.7/site-packages/airflow/example_dags/tutorial.py
[2023-07-11 00:50:06,428] {logging_mixin.py:115} INFO - [2023-07-11 00:50:06,428] {dag.py:2420} INFO - Sync 1 DAGs
[2023-07-11 00:50:06,474] {logging_mixin.py:115} INFO - [2023-07-11 00:50:06,473] {dag.py:2972} INFO - Setting next_dagrun for tutorial to 2023-07-10T00:50:06.473455+00:00, run_after=2023-07-11T00:50:06.473455+00:00
[2023-07-11 00:50:06,494] {processor.py:161} INFO - Processing /home/airflow/.local/lib/python3.7/site-packages/airflow/example_dags/tutorial.py took 0.157 seconds
[2023-07-11 00:50:36,977] {processor.py:153} INFO - Started process (PID=907) to work on /home/airflow/.local/lib/python3.7/site-packages/airflow/example_dags/tutorial.py
[2023-07-11 00:50:36,980] {processor.py:641} INFO - Processing file /home/airflow/.local/lib/python3.7/site-packages/airflow/example_dags/tutorial.py for tasks to queue
[2023-07-11 00:50:36,981] {logging_mixin.py:115} INFO - [2023-07-11 00:50:36,981] {dagbag.py:508} INFO - Filling up the DagBag from /home/airflow/.local/lib/python3.7/site-packages/airflow/example_dags/tutorial.py
[2023-07-11 00:50:36,991] {processor.py:651} INFO - DAG(s) dict_keys(['tutorial']) retrieved from /home/airflow/.local/lib/python3.7/site-packages/airflow/example_dags/tutorial.py
[2023-07-11 00:50:37,034] {logging_mixin.py:115} INFO - [2023-07-11 00:50:37,034] {dag.py:2420} INFO - Sync 1 DAGs
[2023-07-11 00:50:37,070] {logging_mixin.py:115} INFO - [2023-07-11 00:50:37,070] {dag.py:2972} INFO - Setting next_dagrun for tutorial to 2023-07-10T00:50:37.069904+00:00, run_after=2023-07-11T00:50:37.069904+00:00
[2023-07-11 00:50:37,087] {processor.py:161} INFO - Processing /home/airflow/.local/lib/python3.7/site-packages/airflow/example_dags/tutorial.py took 0.115 seconds
[2023-07-11 00:51:07,660] {processor.py:153} INFO - Started process (PID=967) to work on /home/airflow/.local/lib/python3.7/site-packages/airflow/example_dags/tutorial.py
[2023-07-11 00:51:07,660] {processor.py:641} INFO - Processing file /home/airflow/.local/lib/python3.7/site-packages/airflow/example_dags/tutorial.py for tasks to queue
[2023-07-11 00:51:07,661] {logging_mixin.py:115} INFO - [2023-07-11 00:51:07,661] {dagbag.py:508} INFO - Filling up the DagBag from /home/airflow/.local/lib/python3.7/site-packages/airflow/example_dags/tutorial.py
[2023-07-11 00:51:07,666] {processor.py:651} INFO - DAG(s) dict_keys(['tutorial']) retrieved from /home/airflow/.local/lib/python3.7/site-packages/airflow/example_dags/tutorial.py
[2023-07-11 00:51:07,712] {logging_mixin.py:115} INFO - [2023-07-11 00:51:07,712] {dag.py:2420} INFO - Sync 1 DAGs
[2023-07-11 00:51:07,750] {logging_mixin.py:115} INFO - [2023-07-11 00:51:07,750] {dag.py:2972} INFO - Setting next_dagrun for tutorial to 2023-07-10T00:51:07.750227+00:00, run_after=2023-07-11T00:51:07.750227+00:00
[2023-07-11 00:51:07,768] {processor.py:161} INFO - Processing /home/airflow/.local/lib/python3.7/site-packages/airflow/example_dags/tutorial.py took 0.113 seconds
[2023-07-11 00:51:37,996] {processor.py:153} INFO - Started process (PID=1019) to work on /home/airflow/.local/lib/python3.7/site-packages/airflow/example_dags/tutorial.py
[2023-07-11 00:51:37,996] {processor.py:641} INFO - Processing file /home/airflow/.local/lib/python3.7/site-packages/airflow/example_dags/tutorial.py for tasks to queue
[2023-07-11 00:51:37,997] {logging_mixin.py:115} INFO - [2023-07-11 00:51:37,997] {dagbag.py:508} INFO - Filling up the DagBag from /home/airflow/.local/lib/python3.7/site-packages/airflow/example_dags/tutorial.py
[2023-07-11 00:51:38,003] {processor.py:651} INFO - DAG(s) dict_keys(['tutorial']) retrieved from /home/airflow/.local/lib/python3.7/site-packages/airflow/example_dags/tutorial.py
[2023-07-11 00:51:38,040] {logging_mixin.py:115} INFO - [2023-07-11 00:51:38,040] {dag.py:2420} INFO - Sync 1 DAGs
[2023-07-11 00:51:38,070] {logging_mixin.py:115} INFO - [2023-07-11 00:51:38,070] {dag.py:2972} INFO - Setting next_dagrun for tutorial to 2023-07-10T00:51:38.070432+00:00, run_after=2023-07-11T00:51:38.070432+00:00
[2023-07-11 00:51:38,086] {processor.py:161} INFO - Processing /home/airflow/.local/lib/python3.7/site-packages/airflow/example_dags/tutorial.py took 0.094 seconds
[2023-07-11 22:50:10,776] {processor.py:153} INFO - Started process (PID=1070) to work on /home/airflow/.local/lib/python3.7/site-packages/airflow/example_dags/tutorial.py
[2023-07-11 22:50:10,778] {processor.py:641} INFO - Processing file /home/airflow/.local/lib/python3.7/site-packages/airflow/example_dags/tutorial.py for tasks to queue
[2023-07-11 22:50:10,779] {logging_mixin.py:115} INFO - [2023-07-11 22:50:10,779] {dagbag.py:508} INFO - Filling up the DagBag from /home/airflow/.local/lib/python3.7/site-packages/airflow/example_dags/tutorial.py
[2023-07-11 22:50:10,793] {processor.py:651} INFO - DAG(s) dict_keys(['tutorial']) retrieved from /home/airflow/.local/lib/python3.7/site-packages/airflow/example_dags/tutorial.py
[2023-07-11 22:50:10,904] {logging_mixin.py:115} INFO - [2023-07-11 22:50:10,904] {dag.py:2420} INFO - Sync 1 DAGs
[2023-07-11 22:50:11,100] {logging_mixin.py:115} INFO - [2023-07-11 22:50:11,100] {dag.py:2972} INFO - Setting next_dagrun for tutorial to 2023-07-10T22:50:11.100023+00:00, run_after=2023-07-11T22:50:11.100023+00:00
[2023-07-11 22:50:11,158] {processor.py:161} INFO - Processing /home/airflow/.local/lib/python3.7/site-packages/airflow/example_dags/tutorial.py took 0.391 seconds
[2023-07-11 22:50:41,702] {processor.py:153} INFO - Started process (PID=1122) to work on /home/airflow/.local/lib/python3.7/site-packages/airflow/example_dags/tutorial.py
[2023-07-11 22:50:41,702] {processor.py:641} INFO - Processing file /home/airflow/.local/lib/python3.7/site-packages/airflow/example_dags/tutorial.py for tasks to queue
[2023-07-11 22:50:41,703] {logging_mixin.py:115} INFO - [2023-07-11 22:50:41,703] {dagbag.py:508} INFO - Filling up the DagBag from /home/airflow/.local/lib/python3.7/site-packages/airflow/example_dags/tutorial.py
[2023-07-11 22:50:41,713] {processor.py:651} INFO - DAG(s) dict_keys(['tutorial']) retrieved from /home/airflow/.local/lib/python3.7/site-packages/airflow/example_dags/tutorial.py
[2023-07-11 22:50:41,769] {logging_mixin.py:115} INFO - [2023-07-11 22:50:41,768] {dag.py:2420} INFO - Sync 1 DAGs
[2023-07-11 22:50:41,866] {logging_mixin.py:115} INFO - [2023-07-11 22:50:41,866] {dag.py:2972} INFO - Setting next_dagrun for tutorial to 2023-07-10T22:50:41.865670+00:00, run_after=2023-07-11T22:50:41.865670+00:00
[2023-07-11 22:50:41,959] {processor.py:161} INFO - Processing /home/airflow/.local/lib/python3.7/site-packages/airflow/example_dags/tutorial.py took 0.263 seconds
[2023-07-11 22:51:12,941] {processor.py:153} INFO - Started process (PID=1174) to work on /home/airflow/.local/lib/python3.7/site-packages/airflow/example_dags/tutorial.py
[2023-07-11 22:51:12,942] {processor.py:641} INFO - Processing file /home/airflow/.local/lib/python3.7/site-packages/airflow/example_dags/tutorial.py for tasks to queue
[2023-07-11 22:51:12,943] {logging_mixin.py:115} INFO - [2023-07-11 22:51:12,943] {dagbag.py:508} INFO - Filling up the DagBag from /home/airflow/.local/lib/python3.7/site-packages/airflow/example_dags/tutorial.py
[2023-07-11 22:51:12,949] {processor.py:651} INFO - DAG(s) dict_keys(['tutorial']) retrieved from /home/airflow/.local/lib/python3.7/site-packages/airflow/example_dags/tutorial.py
[2023-07-11 22:51:12,983] {logging_mixin.py:115} INFO - [2023-07-11 22:51:12,983] {dag.py:2420} INFO - Sync 1 DAGs
[2023-07-11 22:51:13,012] {logging_mixin.py:115} INFO - [2023-07-11 22:51:13,012] {dag.py:2972} INFO - Setting next_dagrun for tutorial to 2023-07-10T22:51:13.011871+00:00, run_after=2023-07-11T22:51:13.011871+00:00
[2023-07-11 22:51:13,026] {processor.py:161} INFO - Processing /home/airflow/.local/lib/python3.7/site-packages/airflow/example_dags/tutorial.py took 0.088 seconds
[2023-07-11 22:51:43,493] {processor.py:153} INFO - Started process (PID=1226) to work on /home/airflow/.local/lib/python3.7/site-packages/airflow/example_dags/tutorial.py
[2023-07-11 22:51:43,494] {processor.py:641} INFO - Processing file /home/airflow/.local/lib/python3.7/site-packages/airflow/example_dags/tutorial.py for tasks to queue
[2023-07-11 22:51:43,495] {logging_mixin.py:115} INFO - [2023-07-11 22:51:43,495] {dagbag.py:508} INFO - Filling up the DagBag from /home/airflow/.local/lib/python3.7/site-packages/airflow/example_dags/tutorial.py
[2023-07-11 22:51:43,502] {processor.py:651} INFO - DAG(s) dict_keys(['tutorial']) retrieved from /home/airflow/.local/lib/python3.7/site-packages/airflow/example_dags/tutorial.py
[2023-07-11 22:51:43,543] {logging_mixin.py:115} INFO - [2023-07-11 22:51:43,542] {dag.py:2420} INFO - Sync 1 DAGs
[2023-07-11 22:51:43,578] {logging_mixin.py:115} INFO - [2023-07-11 22:51:43,578] {dag.py:2972} INFO - Setting next_dagrun for tutorial to 2023-07-10T22:51:43.578010+00:00, run_after=2023-07-11T22:51:43.578010+00:00
[2023-07-11 22:51:43,602] {processor.py:161} INFO - Processing /home/airflow/.local/lib/python3.7/site-packages/airflow/example_dags/tutorial.py took 0.113 seconds
[2023-07-11 22:52:14,481] {processor.py:153} INFO - Started process (PID=1285) to work on /home/airflow/.local/lib/python3.7/site-packages/airflow/example_dags/tutorial.py
[2023-07-11 22:52:14,482] {processor.py:641} INFO - Processing file /home/airflow/.local/lib/python3.7/site-packages/airflow/example_dags/tutorial.py for tasks to queue
[2023-07-11 22:52:14,483] {logging_mixin.py:115} INFO - [2023-07-11 22:52:14,483] {dagbag.py:508} INFO - Filling up the DagBag from /home/airflow/.local/lib/python3.7/site-packages/airflow/example_dags/tutorial.py
[2023-07-11 22:52:14,490] {processor.py:651} INFO - DAG(s) dict_keys(['tutorial']) retrieved from /home/airflow/.local/lib/python3.7/site-packages/airflow/example_dags/tutorial.py
[2023-07-11 22:52:14,520] {logging_mixin.py:115} INFO - [2023-07-11 22:52:14,520] {dag.py:2420} INFO - Sync 1 DAGs
[2023-07-11 22:52:14,561] {logging_mixin.py:115} INFO - [2023-07-11 22:52:14,560] {dag.py:2972} INFO - Setting next_dagrun for tutorial to 2023-07-10T22:52:14.560496+00:00, run_after=2023-07-11T22:52:14.560496+00:00
[2023-07-11 22:52:14,584] {processor.py:161} INFO - Processing /home/airflow/.local/lib/python3.7/site-packages/airflow/example_dags/tutorial.py took 0.107 seconds
[2023-07-11 22:52:45,472] {processor.py:153} INFO - Started process (PID=1336) to work on /home/airflow/.local/lib/python3.7/site-packages/airflow/example_dags/tutorial.py
[2023-07-11 22:52:45,475] {processor.py:641} INFO - Processing file /home/airflow/.local/lib/python3.7/site-packages/airflow/example_dags/tutorial.py for tasks to queue
[2023-07-11 22:52:45,477] {logging_mixin.py:115} INFO - [2023-07-11 22:52:45,477] {dagbag.py:508} INFO - Filling up the DagBag from /home/airflow/.local/lib/python3.7/site-packages/airflow/example_dags/tutorial.py
[2023-07-11 22:52:45,497] {processor.py:651} INFO - DAG(s) dict_keys(['tutorial']) retrieved from /home/airflow/.local/lib/python3.7/site-packages/airflow/example_dags/tutorial.py
[2023-07-11 22:52:45,576] {logging_mixin.py:115} INFO - [2023-07-11 22:52:45,576] {dag.py:2420} INFO - Sync 1 DAGs
[2023-07-11 22:52:45,663] {logging_mixin.py:115} INFO - [2023-07-11 22:52:45,663] {dag.py:2972} INFO - Setting next_dagrun for tutorial to 2023-07-10T22:52:45.663245+00:00, run_after=2023-07-11T22:52:45.663245+00:00
[2023-07-11 22:52:45,725] {processor.py:161} INFO - Processing /home/airflow/.local/lib/python3.7/site-packages/airflow/example_dags/tutorial.py took 0.260 seconds
[2023-07-11 22:53:16,346] {processor.py:153} INFO - Started process (PID=1387) to work on /home/airflow/.local/lib/python3.7/site-packages/airflow/example_dags/tutorial.py
[2023-07-11 22:53:16,348] {processor.py:641} INFO - Processing file /home/airflow/.local/lib/python3.7/site-packages/airflow/example_dags/tutorial.py for tasks to queue
[2023-07-11 22:53:16,349] {logging_mixin.py:115} INFO - [2023-07-11 22:53:16,349] {dagbag.py:508} INFO - Filling up the DagBag from /home/airflow/.local/lib/python3.7/site-packages/airflow/example_dags/tutorial.py
[2023-07-11 22:53:16,359] {processor.py:651} INFO - DAG(s) dict_keys(['tutorial']) retrieved from /home/airflow/.local/lib/python3.7/site-packages/airflow/example_dags/tutorial.py
[2023-07-11 22:53:16,409] {logging_mixin.py:115} INFO - [2023-07-11 22:53:16,409] {dag.py:2420} INFO - Sync 1 DAGs
[2023-07-11 22:53:16,444] {logging_mixin.py:115} INFO - [2023-07-11 22:53:16,444] {dag.py:2972} INFO - Setting next_dagrun for tutorial to 2023-07-10T22:53:16.443823+00:00, run_after=2023-07-11T22:53:16.443823+00:00
[2023-07-11 22:53:16,472] {processor.py:161} INFO - Processing /home/airflow/.local/lib/python3.7/site-packages/airflow/example_dags/tutorial.py took 0.135 seconds
[2023-07-11 22:53:47,178] {processor.py:153} INFO - Started process (PID=1448) to work on /home/airflow/.local/lib/python3.7/site-packages/airflow/example_dags/tutorial.py
[2023-07-11 22:53:47,180] {processor.py:641} INFO - Processing file /home/airflow/.local/lib/python3.7/site-packages/airflow/example_dags/tutorial.py for tasks to queue
[2023-07-11 22:53:47,181] {logging_mixin.py:115} INFO - [2023-07-11 22:53:47,180] {dagbag.py:508} INFO - Filling up the DagBag from /home/airflow/.local/lib/python3.7/site-packages/airflow/example_dags/tutorial.py
[2023-07-11 22:53:47,192] {processor.py:651} INFO - DAG(s) dict_keys(['tutorial']) retrieved from /home/airflow/.local/lib/python3.7/site-packages/airflow/example_dags/tutorial.py
[2023-07-11 22:53:47,236] {logging_mixin.py:115} INFO - [2023-07-11 22:53:47,236] {dag.py:2420} INFO - Sync 1 DAGs
[2023-07-11 22:53:47,317] {logging_mixin.py:115} INFO - [2023-07-11 22:53:47,317] {dag.py:2972} INFO - Setting next_dagrun for tutorial to 2023-07-10T22:53:47.317070+00:00, run_after=2023-07-11T22:53:47.317070+00:00
[2023-07-11 22:53:47,381] {processor.py:161} INFO - Processing /home/airflow/.local/lib/python3.7/site-packages/airflow/example_dags/tutorial.py took 0.210 seconds
[2023-07-11 22:54:18,316] {processor.py:153} INFO - Started process (PID=1499) to work on /home/airflow/.local/lib/python3.7/site-packages/airflow/example_dags/tutorial.py
[2023-07-11 22:54:18,317] {processor.py:641} INFO - Processing file /home/airflow/.local/lib/python3.7/site-packages/airflow/example_dags/tutorial.py for tasks to queue
[2023-07-11 22:54:18,318] {logging_mixin.py:115} INFO - [2023-07-11 22:54:18,318] {dagbag.py:508} INFO - Filling up the DagBag from /home/airflow/.local/lib/python3.7/site-packages/airflow/example_dags/tutorial.py
[2023-07-11 22:54:18,330] {processor.py:651} INFO - DAG(s) dict_keys(['tutorial']) retrieved from /home/airflow/.local/lib/python3.7/site-packages/airflow/example_dags/tutorial.py
[2023-07-11 22:54:18,419] {logging_mixin.py:115} INFO - [2023-07-11 22:54:18,419] {dag.py:2420} INFO - Sync 1 DAGs
[2023-07-11 22:54:18,501] {logging_mixin.py:115} INFO - [2023-07-11 22:54:18,501] {dag.py:2972} INFO - Setting next_dagrun for tutorial to 2023-07-10T22:54:18.500824+00:00, run_after=2023-07-11T22:54:18.500824+00:00
[2023-07-11 22:54:18,560] {processor.py:161} INFO - Processing /home/airflow/.local/lib/python3.7/site-packages/airflow/example_dags/tutorial.py took 0.251 seconds
[2023-07-11 22:54:48,815] {processor.py:153} INFO - Started process (PID=1550) to work on /home/airflow/.local/lib/python3.7/site-packages/airflow/example_dags/tutorial.py
[2023-07-11 22:54:48,816] {processor.py:641} INFO - Processing file /home/airflow/.local/lib/python3.7/site-packages/airflow/example_dags/tutorial.py for tasks to queue
[2023-07-11 22:54:48,816] {logging_mixin.py:115} INFO - [2023-07-11 22:54:48,816] {dagbag.py:508} INFO - Filling up the DagBag from /home/airflow/.local/lib/python3.7/site-packages/airflow/example_dags/tutorial.py
[2023-07-11 22:54:48,825] {processor.py:651} INFO - DAG(s) dict_keys(['tutorial']) retrieved from /home/airflow/.local/lib/python3.7/site-packages/airflow/example_dags/tutorial.py
[2023-07-11 22:54:48,887] {logging_mixin.py:115} INFO - [2023-07-11 22:54:48,887] {dag.py:2420} INFO - Sync 1 DAGs
[2023-07-11 22:54:48,943] {logging_mixin.py:115} INFO - [2023-07-11 22:54:48,943] {dag.py:2972} INFO - Setting next_dagrun for tutorial to 2023-07-10T22:54:48.942358+00:00, run_after=2023-07-11T22:54:48.942358+00:00
[2023-07-11 22:54:48,973] {processor.py:161} INFO - Processing /home/airflow/.local/lib/python3.7/site-packages/airflow/example_dags/tutorial.py took 0.162 seconds
[2023-07-11 22:55:19,158] {processor.py:153} INFO - Started process (PID=1602) to work on /home/airflow/.local/lib/python3.7/site-packages/airflow/example_dags/tutorial.py
[2023-07-11 22:55:19,159] {processor.py:641} INFO - Processing file /home/airflow/.local/lib/python3.7/site-packages/airflow/example_dags/tutorial.py for tasks to queue
[2023-07-11 22:55:19,161] {logging_mixin.py:115} INFO - [2023-07-11 22:55:19,160] {dagbag.py:508} INFO - Filling up the DagBag from /home/airflow/.local/lib/python3.7/site-packages/airflow/example_dags/tutorial.py
[2023-07-11 22:55:19,174] {processor.py:651} INFO - DAG(s) dict_keys(['tutorial']) retrieved from /home/airflow/.local/lib/python3.7/site-packages/airflow/example_dags/tutorial.py
[2023-07-11 22:55:19,302] {logging_mixin.py:115} INFO - [2023-07-11 22:55:19,297] {dag.py:2420} INFO - Sync 1 DAGs
[2023-07-11 22:55:19,435] {logging_mixin.py:115} INFO - [2023-07-11 22:55:19,429] {dag.py:2972} INFO - Setting next_dagrun for tutorial to 2023-07-10T22:55:19.429323+00:00, run_after=2023-07-11T22:55:19.429323+00:00
[2023-07-11 22:55:19,522] {processor.py:161} INFO - Processing /home/airflow/.local/lib/python3.7/site-packages/airflow/example_dags/tutorial.py took 0.379 seconds
[2023-07-11 22:55:51,485] {processor.py:153} INFO - Started process (PID=1654) to work on /home/airflow/.local/lib/python3.7/site-packages/airflow/example_dags/tutorial.py
[2023-07-11 22:55:51,487] {processor.py:641} INFO - Processing file /home/airflow/.local/lib/python3.7/site-packages/airflow/example_dags/tutorial.py for tasks to queue
[2023-07-11 22:55:51,488] {logging_mixin.py:115} INFO - [2023-07-11 22:55:51,488] {dagbag.py:508} INFO - Filling up the DagBag from /home/airflow/.local/lib/python3.7/site-packages/airflow/example_dags/tutorial.py
[2023-07-11 22:55:51,528] {processor.py:651} INFO - DAG(s) dict_keys(['tutorial']) retrieved from /home/airflow/.local/lib/python3.7/site-packages/airflow/example_dags/tutorial.py
[2023-07-11 22:55:51,702] {logging_mixin.py:115} INFO - [2023-07-11 22:55:51,702] {dag.py:2420} INFO - Sync 1 DAGs
[2023-07-11 22:55:51,806] {logging_mixin.py:115} INFO - [2023-07-11 22:55:51,805] {dag.py:2972} INFO - Setting next_dagrun for tutorial to 2023-07-10T22:55:51.805066+00:00, run_after=2023-07-11T22:55:51.805066+00:00
[2023-07-11 22:55:51,865] {processor.py:161} INFO - Processing /home/airflow/.local/lib/python3.7/site-packages/airflow/example_dags/tutorial.py took 0.418 seconds
[2023-07-11 22:56:22,704] {processor.py:153} INFO - Started process (PID=1713) to work on /home/airflow/.local/lib/python3.7/site-packages/airflow/example_dags/tutorial.py
[2023-07-11 22:56:22,705] {processor.py:641} INFO - Processing file /home/airflow/.local/lib/python3.7/site-packages/airflow/example_dags/tutorial.py for tasks to queue
[2023-07-11 22:56:22,708] {logging_mixin.py:115} INFO - [2023-07-11 22:56:22,708] {dagbag.py:508} INFO - Filling up the DagBag from /home/airflow/.local/lib/python3.7/site-packages/airflow/example_dags/tutorial.py
[2023-07-11 22:56:22,726] {processor.py:651} INFO - DAG(s) dict_keys(['tutorial']) retrieved from /home/airflow/.local/lib/python3.7/site-packages/airflow/example_dags/tutorial.py
[2023-07-11 22:56:22,848] {logging_mixin.py:115} INFO - [2023-07-11 22:56:22,847] {dag.py:2420} INFO - Sync 1 DAGs
[2023-07-11 22:56:22,985] {logging_mixin.py:115} INFO - [2023-07-11 22:56:22,984] {dag.py:2972} INFO - Setting next_dagrun for tutorial to 2023-07-10T22:56:22.984407+00:00, run_after=2023-07-11T22:56:22.984407+00:00
[2023-07-11 22:56:23,055] {processor.py:161} INFO - Processing /home/airflow/.local/lib/python3.7/site-packages/airflow/example_dags/tutorial.py took 0.374 seconds
[2023-07-11 22:56:53,509] {processor.py:153} INFO - Started process (PID=1767) to work on /home/airflow/.local/lib/python3.7/site-packages/airflow/example_dags/tutorial.py
[2023-07-11 22:56:53,511] {processor.py:641} INFO - Processing file /home/airflow/.local/lib/python3.7/site-packages/airflow/example_dags/tutorial.py for tasks to queue
[2023-07-11 22:56:53,512] {logging_mixin.py:115} INFO - [2023-07-11 22:56:53,511] {dagbag.py:508} INFO - Filling up the DagBag from /home/airflow/.local/lib/python3.7/site-packages/airflow/example_dags/tutorial.py
[2023-07-11 22:56:53,526] {processor.py:651} INFO - DAG(s) dict_keys(['tutorial']) retrieved from /home/airflow/.local/lib/python3.7/site-packages/airflow/example_dags/tutorial.py
[2023-07-11 22:56:53,587] {logging_mixin.py:115} INFO - [2023-07-11 22:56:53,587] {dag.py:2420} INFO - Sync 1 DAGs
[2023-07-11 22:56:53,645] {logging_mixin.py:115} INFO - [2023-07-11 22:56:53,645] {dag.py:2972} INFO - Setting next_dagrun for tutorial to 2023-07-10T22:56:53.644932+00:00, run_after=2023-07-11T22:56:53.644932+00:00
[2023-07-11 22:56:53,678] {processor.py:161} INFO - Processing /home/airflow/.local/lib/python3.7/site-packages/airflow/example_dags/tutorial.py took 0.182 seconds
[2023-07-11 22:57:24,156] {processor.py:153} INFO - Started process (PID=1818) to work on /home/airflow/.local/lib/python3.7/site-packages/airflow/example_dags/tutorial.py
[2023-07-11 22:57:24,158] {processor.py:641} INFO - Processing file /home/airflow/.local/lib/python3.7/site-packages/airflow/example_dags/tutorial.py for tasks to queue
[2023-07-11 22:57:24,160] {logging_mixin.py:115} INFO - [2023-07-11 22:57:24,160] {dagbag.py:508} INFO - Filling up the DagBag from /home/airflow/.local/lib/python3.7/site-packages/airflow/example_dags/tutorial.py
[2023-07-11 22:57:24,170] {processor.py:651} INFO - DAG(s) dict_keys(['tutorial']) retrieved from /home/airflow/.local/lib/python3.7/site-packages/airflow/example_dags/tutorial.py
[2023-07-11 22:57:24,220] {logging_mixin.py:115} INFO - [2023-07-11 22:57:24,220] {dag.py:2420} INFO - Sync 1 DAGs
[2023-07-11 22:57:24,263] {logging_mixin.py:115} INFO - [2023-07-11 22:57:24,262] {dag.py:2972} INFO - Setting next_dagrun for tutorial to 2023-07-10T22:57:24.262461+00:00, run_after=2023-07-11T22:57:24.262461+00:00
[2023-07-11 22:57:24,277] {processor.py:161} INFO - Processing /home/airflow/.local/lib/python3.7/site-packages/airflow/example_dags/tutorial.py took 0.128 seconds
[2023-07-11 22:57:54,616] {processor.py:153} INFO - Started process (PID=1870) to work on /home/airflow/.local/lib/python3.7/site-packages/airflow/example_dags/tutorial.py
[2023-07-11 22:57:54,620] {processor.py:641} INFO - Processing file /home/airflow/.local/lib/python3.7/site-packages/airflow/example_dags/tutorial.py for tasks to queue
[2023-07-11 22:57:54,623] {logging_mixin.py:115} INFO - [2023-07-11 22:57:54,621] {dagbag.py:508} INFO - Filling up the DagBag from /home/airflow/.local/lib/python3.7/site-packages/airflow/example_dags/tutorial.py
[2023-07-11 22:57:54,646] {processor.py:651} INFO - DAG(s) dict_keys(['tutorial']) retrieved from /home/airflow/.local/lib/python3.7/site-packages/airflow/example_dags/tutorial.py
[2023-07-11 22:57:54,724] {logging_mixin.py:115} INFO - [2023-07-11 22:57:54,724] {dag.py:2420} INFO - Sync 1 DAGs
[2023-07-11 22:57:54,814] {logging_mixin.py:115} INFO - [2023-07-11 22:57:54,813] {dag.py:2972} INFO - Setting next_dagrun for tutorial to 2023-07-10T22:57:54.812256+00:00, run_after=2023-07-11T22:57:54.812256+00:00
[2023-07-11 22:57:54,848] {processor.py:161} INFO - Processing /home/airflow/.local/lib/python3.7/site-packages/airflow/example_dags/tutorial.py took 0.240 seconds
[2023-07-11 22:58:25,578] {processor.py:153} INFO - Started process (PID=1922) to work on /home/airflow/.local/lib/python3.7/site-packages/airflow/example_dags/tutorial.py
[2023-07-11 22:58:25,580] {processor.py:641} INFO - Processing file /home/airflow/.local/lib/python3.7/site-packages/airflow/example_dags/tutorial.py for tasks to queue
[2023-07-11 22:58:25,582] {logging_mixin.py:115} INFO - [2023-07-11 22:58:25,581] {dagbag.py:508} INFO - Filling up the DagBag from /home/airflow/.local/lib/python3.7/site-packages/airflow/example_dags/tutorial.py
[2023-07-11 22:58:25,594] {processor.py:651} INFO - DAG(s) dict_keys(['tutorial']) retrieved from /home/airflow/.local/lib/python3.7/site-packages/airflow/example_dags/tutorial.py
[2023-07-11 22:58:25,666] {logging_mixin.py:115} INFO - [2023-07-11 22:58:25,666] {dag.py:2420} INFO - Sync 1 DAGs
[2023-07-11 22:58:25,738] {logging_mixin.py:115} INFO - [2023-07-11 22:58:25,738] {dag.py:2972} INFO - Setting next_dagrun for tutorial to 2023-07-10T22:58:25.736597+00:00, run_after=2023-07-11T22:58:25.736597+00:00
[2023-07-11 22:58:25,763] {processor.py:161} INFO - Processing /home/airflow/.local/lib/python3.7/site-packages/airflow/example_dags/tutorial.py took 0.193 seconds
[2023-07-11 22:58:56,497] {processor.py:153} INFO - Started process (PID=1982) to work on /home/airflow/.local/lib/python3.7/site-packages/airflow/example_dags/tutorial.py
[2023-07-11 22:58:56,498] {processor.py:641} INFO - Processing file /home/airflow/.local/lib/python3.7/site-packages/airflow/example_dags/tutorial.py for tasks to queue
[2023-07-11 22:58:56,499] {logging_mixin.py:115} INFO - [2023-07-11 22:58:56,499] {dagbag.py:508} INFO - Filling up the DagBag from /home/airflow/.local/lib/python3.7/site-packages/airflow/example_dags/tutorial.py
[2023-07-11 22:58:56,518] {processor.py:651} INFO - DAG(s) dict_keys(['tutorial']) retrieved from /home/airflow/.local/lib/python3.7/site-packages/airflow/example_dags/tutorial.py
[2023-07-11 22:58:56,587] {logging_mixin.py:115} INFO - [2023-07-11 22:58:56,587] {dag.py:2420} INFO - Sync 1 DAGs
[2023-07-11 22:58:56,652] {logging_mixin.py:115} INFO - [2023-07-11 22:58:56,652] {dag.py:2972} INFO - Setting next_dagrun for tutorial to 2023-07-10T22:58:56.652134+00:00, run_after=2023-07-11T22:58:56.652134+00:00
[2023-07-11 22:58:56,682] {processor.py:161} INFO - Processing /home/airflow/.local/lib/python3.7/site-packages/airflow/example_dags/tutorial.py took 0.192 seconds
[2023-07-11 22:59:27,229] {processor.py:153} INFO - Started process (PID=2034) to work on /home/airflow/.local/lib/python3.7/site-packages/airflow/example_dags/tutorial.py
[2023-07-11 22:59:27,230] {processor.py:641} INFO - Processing file /home/airflow/.local/lib/python3.7/site-packages/airflow/example_dags/tutorial.py for tasks to queue
[2023-07-11 22:59:27,231] {logging_mixin.py:115} INFO - [2023-07-11 22:59:27,231] {dagbag.py:508} INFO - Filling up the DagBag from /home/airflow/.local/lib/python3.7/site-packages/airflow/example_dags/tutorial.py
[2023-07-11 22:59:27,243] {processor.py:651} INFO - DAG(s) dict_keys(['tutorial']) retrieved from /home/airflow/.local/lib/python3.7/site-packages/airflow/example_dags/tutorial.py
[2023-07-11 22:59:27,292] {logging_mixin.py:115} INFO - [2023-07-11 22:59:27,292] {dag.py:2420} INFO - Sync 1 DAGs
[2023-07-11 22:59:27,348] {logging_mixin.py:115} INFO - [2023-07-11 22:59:27,347] {dag.py:2972} INFO - Setting next_dagrun for tutorial to 2023-07-10T22:59:27.347554+00:00, run_after=2023-07-11T22:59:27.347554+00:00
[2023-07-11 22:59:27,376] {processor.py:161} INFO - Processing /home/airflow/.local/lib/python3.7/site-packages/airflow/example_dags/tutorial.py took 0.152 seconds
[2023-07-11 22:59:57,504] {processor.py:153} INFO - Started process (PID=2085) to work on /home/airflow/.local/lib/python3.7/site-packages/airflow/example_dags/tutorial.py
[2023-07-11 22:59:57,508] {processor.py:641} INFO - Processing file /home/airflow/.local/lib/python3.7/site-packages/airflow/example_dags/tutorial.py for tasks to queue
[2023-07-11 22:59:57,511] {logging_mixin.py:115} INFO - [2023-07-11 22:59:57,510] {dagbag.py:508} INFO - Filling up the DagBag from /home/airflow/.local/lib/python3.7/site-packages/airflow/example_dags/tutorial.py
[2023-07-11 22:59:57,530] {processor.py:651} INFO - DAG(s) dict_keys(['tutorial']) retrieved from /home/airflow/.local/lib/python3.7/site-packages/airflow/example_dags/tutorial.py
[2023-07-11 22:59:57,630] {logging_mixin.py:115} INFO - [2023-07-11 22:59:57,630] {dag.py:2420} INFO - Sync 1 DAGs
[2023-07-11 22:59:57,726] {logging_mixin.py:115} INFO - [2023-07-11 22:59:57,726] {dag.py:2972} INFO - Setting next_dagrun for tutorial to 2023-07-10T22:59:57.725461+00:00, run_after=2023-07-11T22:59:57.725461+00:00
[2023-07-11 22:59:57,780] {processor.py:161} INFO - Processing /home/airflow/.local/lib/python3.7/site-packages/airflow/example_dags/tutorial.py took 0.286 seconds
[2023-07-11 23:00:28,263] {processor.py:153} INFO - Started process (PID=2137) to work on /home/airflow/.local/lib/python3.7/site-packages/airflow/example_dags/tutorial.py
[2023-07-11 23:00:28,264] {processor.py:641} INFO - Processing file /home/airflow/.local/lib/python3.7/site-packages/airflow/example_dags/tutorial.py for tasks to queue
[2023-07-11 23:00:28,265] {logging_mixin.py:115} INFO - [2023-07-11 23:00:28,265] {dagbag.py:508} INFO - Filling up the DagBag from /home/airflow/.local/lib/python3.7/site-packages/airflow/example_dags/tutorial.py
[2023-07-11 23:00:28,277] {processor.py:651} INFO - DAG(s) dict_keys(['tutorial']) retrieved from /home/airflow/.local/lib/python3.7/site-packages/airflow/example_dags/tutorial.py
[2023-07-11 23:00:28,325] {logging_mixin.py:115} INFO - [2023-07-11 23:00:28,325] {dag.py:2420} INFO - Sync 1 DAGs
[2023-07-11 23:00:28,385] {logging_mixin.py:115} INFO - [2023-07-11 23:00:28,385] {dag.py:2972} INFO - Setting next_dagrun for tutorial to 2023-07-10T23:00:28.385252+00:00, run_after=2023-07-11T23:00:28.385252+00:00
[2023-07-11 23:00:28,414] {processor.py:161} INFO - Processing /home/airflow/.local/lib/python3.7/site-packages/airflow/example_dags/tutorial.py took 0.160 seconds
[2023-07-11 23:00:58,716] {processor.py:153} INFO - Started process (PID=2190) to work on /home/airflow/.local/lib/python3.7/site-packages/airflow/example_dags/tutorial.py
[2023-07-11 23:00:58,717] {processor.py:641} INFO - Processing file /home/airflow/.local/lib/python3.7/site-packages/airflow/example_dags/tutorial.py for tasks to queue
[2023-07-11 23:00:58,719] {logging_mixin.py:115} INFO - [2023-07-11 23:00:58,719] {dagbag.py:508} INFO - Filling up the DagBag from /home/airflow/.local/lib/python3.7/site-packages/airflow/example_dags/tutorial.py
[2023-07-11 23:00:58,732] {processor.py:651} INFO - DAG(s) dict_keys(['tutorial']) retrieved from /home/airflow/.local/lib/python3.7/site-packages/airflow/example_dags/tutorial.py
[2023-07-11 23:00:58,789] {logging_mixin.py:115} INFO - [2023-07-11 23:00:58,789] {dag.py:2420} INFO - Sync 1 DAGs
[2023-07-11 23:00:58,839] {logging_mixin.py:115} INFO - [2023-07-11 23:00:58,838] {dag.py:2972} INFO - Setting next_dagrun for tutorial to 2023-07-10T23:00:58.838430+00:00, run_after=2023-07-11T23:00:58.838430+00:00
[2023-07-11 23:00:58,883] {processor.py:161} INFO - Processing /home/airflow/.local/lib/python3.7/site-packages/airflow/example_dags/tutorial.py took 0.174 seconds
[2023-07-11 23:01:29,374] {processor.py:153} INFO - Started process (PID=2247) to work on /home/airflow/.local/lib/python3.7/site-packages/airflow/example_dags/tutorial.py
[2023-07-11 23:01:29,375] {processor.py:641} INFO - Processing file /home/airflow/.local/lib/python3.7/site-packages/airflow/example_dags/tutorial.py for tasks to queue
[2023-07-11 23:01:29,376] {logging_mixin.py:115} INFO - [2023-07-11 23:01:29,376] {dagbag.py:508} INFO - Filling up the DagBag from /home/airflow/.local/lib/python3.7/site-packages/airflow/example_dags/tutorial.py
[2023-07-11 23:01:29,408] {processor.py:651} INFO - DAG(s) dict_keys(['tutorial']) retrieved from /home/airflow/.local/lib/python3.7/site-packages/airflow/example_dags/tutorial.py
[2023-07-11 23:01:29,660] {logging_mixin.py:115} INFO - [2023-07-11 23:01:29,659] {dag.py:2420} INFO - Sync 1 DAGs
[2023-07-11 23:01:29,887] {logging_mixin.py:115} INFO - [2023-07-11 23:01:29,887] {dag.py:2972} INFO - Setting next_dagrun for tutorial to 2023-07-10T23:01:29.886851+00:00, run_after=2023-07-11T23:01:29.886851+00:00
[2023-07-11 23:01:29,969] {processor.py:161} INFO - Processing /home/airflow/.local/lib/python3.7/site-packages/airflow/example_dags/tutorial.py took 0.608 seconds
[2023-07-11 23:02:00,838] {processor.py:153} INFO - Started process (PID=2301) to work on /home/airflow/.local/lib/python3.7/site-packages/airflow/example_dags/tutorial.py
[2023-07-11 23:02:00,838] {processor.py:641} INFO - Processing file /home/airflow/.local/lib/python3.7/site-packages/airflow/example_dags/tutorial.py for tasks to queue
[2023-07-11 23:02:00,839] {logging_mixin.py:115} INFO - [2023-07-11 23:02:00,839] {dagbag.py:508} INFO - Filling up the DagBag from /home/airflow/.local/lib/python3.7/site-packages/airflow/example_dags/tutorial.py
[2023-07-11 23:02:00,851] {processor.py:651} INFO - DAG(s) dict_keys(['tutorial']) retrieved from /home/airflow/.local/lib/python3.7/site-packages/airflow/example_dags/tutorial.py
[2023-07-11 23:02:00,917] {logging_mixin.py:115} INFO - [2023-07-11 23:02:00,916] {dag.py:2420} INFO - Sync 1 DAGs
[2023-07-11 23:02:01,104] {logging_mixin.py:115} INFO - [2023-07-11 23:02:01,103] {dag.py:2972} INFO - Setting next_dagrun for tutorial to 2023-07-10T23:02:01.103423+00:00, run_after=2023-07-11T23:02:01.103423+00:00
[2023-07-11 23:02:01,163] {processor.py:161} INFO - Processing /home/airflow/.local/lib/python3.7/site-packages/airflow/example_dags/tutorial.py took 0.329 seconds
[2023-07-11 23:02:31,310] {processor.py:153} INFO - Started process (PID=2353) to work on /home/airflow/.local/lib/python3.7/site-packages/airflow/example_dags/tutorial.py
[2023-07-11 23:02:31,310] {processor.py:641} INFO - Processing file /home/airflow/.local/lib/python3.7/site-packages/airflow/example_dags/tutorial.py for tasks to queue
[2023-07-11 23:02:31,311] {logging_mixin.py:115} INFO - [2023-07-11 23:02:31,311] {dagbag.py:508} INFO - Filling up the DagBag from /home/airflow/.local/lib/python3.7/site-packages/airflow/example_dags/tutorial.py
[2023-07-11 23:02:31,327] {processor.py:651} INFO - DAG(s) dict_keys(['tutorial']) retrieved from /home/airflow/.local/lib/python3.7/site-packages/airflow/example_dags/tutorial.py
[2023-07-11 23:02:31,390] {logging_mixin.py:115} INFO - [2023-07-11 23:02:31,390] {dag.py:2420} INFO - Sync 1 DAGs
[2023-07-11 23:02:31,464] {logging_mixin.py:115} INFO - [2023-07-11 23:02:31,464] {dag.py:2972} INFO - Setting next_dagrun for tutorial to 2023-07-10T23:02:31.463538+00:00, run_after=2023-07-11T23:02:31.463538+00:00
[2023-07-11 23:02:31,505] {processor.py:161} INFO - Processing /home/airflow/.local/lib/python3.7/site-packages/airflow/example_dags/tutorial.py took 0.201 seconds
[2023-07-11 23:03:01,659] {processor.py:153} INFO - Started process (PID=2405) to work on /home/airflow/.local/lib/python3.7/site-packages/airflow/example_dags/tutorial.py
[2023-07-11 23:03:01,660] {processor.py:641} INFO - Processing file /home/airflow/.local/lib/python3.7/site-packages/airflow/example_dags/tutorial.py for tasks to queue
[2023-07-11 23:03:01,662] {logging_mixin.py:115} INFO - [2023-07-11 23:03:01,661] {dagbag.py:508} INFO - Filling up the DagBag from /home/airflow/.local/lib/python3.7/site-packages/airflow/example_dags/tutorial.py
[2023-07-11 23:03:01,678] {processor.py:651} INFO - DAG(s) dict_keys(['tutorial']) retrieved from /home/airflow/.local/lib/python3.7/site-packages/airflow/example_dags/tutorial.py
[2023-07-11 23:03:01,744] {logging_mixin.py:115} INFO - [2023-07-11 23:03:01,744] {dag.py:2420} INFO - Sync 1 DAGs
[2023-07-11 23:03:01,817] {logging_mixin.py:115} INFO - [2023-07-11 23:03:01,817] {dag.py:2972} INFO - Setting next_dagrun for tutorial to 2023-07-10T23:03:01.816885+00:00, run_after=2023-07-11T23:03:01.816885+00:00
[2023-07-11 23:03:01,861] {processor.py:161} INFO - Processing /home/airflow/.local/lib/python3.7/site-packages/airflow/example_dags/tutorial.py took 0.212 seconds
[2023-07-11 23:03:32,673] {processor.py:153} INFO - Started process (PID=2458) to work on /home/airflow/.local/lib/python3.7/site-packages/airflow/example_dags/tutorial.py
[2023-07-11 23:03:32,674] {processor.py:641} INFO - Processing file /home/airflow/.local/lib/python3.7/site-packages/airflow/example_dags/tutorial.py for tasks to queue
[2023-07-11 23:03:32,674] {logging_mixin.py:115} INFO - [2023-07-11 23:03:32,674] {dagbag.py:508} INFO - Filling up the DagBag from /home/airflow/.local/lib/python3.7/site-packages/airflow/example_dags/tutorial.py
[2023-07-11 23:03:32,688] {processor.py:651} INFO - DAG(s) dict_keys(['tutorial']) retrieved from /home/airflow/.local/lib/python3.7/site-packages/airflow/example_dags/tutorial.py
[2023-07-11 23:03:32,735] {logging_mixin.py:115} INFO - [2023-07-11 23:03:32,735] {dag.py:2420} INFO - Sync 1 DAGs
[2023-07-11 23:03:32,774] {logging_mixin.py:115} INFO - [2023-07-11 23:03:32,774] {dag.py:2972} INFO - Setting next_dagrun for tutorial to 2023-07-10T23:03:32.773615+00:00, run_after=2023-07-11T23:03:32.773615+00:00
[2023-07-11 23:03:32,792] {processor.py:161} INFO - Processing /home/airflow/.local/lib/python3.7/site-packages/airflow/example_dags/tutorial.py took 0.127 seconds
[2023-07-11 23:04:03,157] {processor.py:153} INFO - Started process (PID=2516) to work on /home/airflow/.local/lib/python3.7/site-packages/airflow/example_dags/tutorial.py
[2023-07-11 23:04:03,158] {processor.py:641} INFO - Processing file /home/airflow/.local/lib/python3.7/site-packages/airflow/example_dags/tutorial.py for tasks to queue
[2023-07-11 23:04:03,159] {logging_mixin.py:115} INFO - [2023-07-11 23:04:03,159] {dagbag.py:508} INFO - Filling up the DagBag from /home/airflow/.local/lib/python3.7/site-packages/airflow/example_dags/tutorial.py
[2023-07-11 23:04:03,174] {processor.py:651} INFO - DAG(s) dict_keys(['tutorial']) retrieved from /home/airflow/.local/lib/python3.7/site-packages/airflow/example_dags/tutorial.py
[2023-07-11 23:04:03,271] {logging_mixin.py:115} INFO - [2023-07-11 23:04:03,271] {dag.py:2420} INFO - Sync 1 DAGs
[2023-07-11 23:04:03,349] {logging_mixin.py:115} INFO - [2023-07-11 23:04:03,349] {dag.py:2972} INFO - Setting next_dagrun for tutorial to 2023-07-10T23:04:03.348645+00:00, run_after=2023-07-11T23:04:03.348645+00:00
[2023-07-11 23:04:03,390] {processor.py:161} INFO - Processing /home/airflow/.local/lib/python3.7/site-packages/airflow/example_dags/tutorial.py took 0.261 seconds
[2023-07-11 23:04:33,490] {processor.py:153} INFO - Started process (PID=2569) to work on /home/airflow/.local/lib/python3.7/site-packages/airflow/example_dags/tutorial.py
[2023-07-11 23:04:33,491] {processor.py:641} INFO - Processing file /home/airflow/.local/lib/python3.7/site-packages/airflow/example_dags/tutorial.py for tasks to queue
[2023-07-11 23:04:33,491] {logging_mixin.py:115} INFO - [2023-07-11 23:04:33,491] {dagbag.py:508} INFO - Filling up the DagBag from /home/airflow/.local/lib/python3.7/site-packages/airflow/example_dags/tutorial.py
[2023-07-11 23:04:33,499] {processor.py:651} INFO - DAG(s) dict_keys(['tutorial']) retrieved from /home/airflow/.local/lib/python3.7/site-packages/airflow/example_dags/tutorial.py
[2023-07-11 23:04:33,582] {logging_mixin.py:115} INFO - [2023-07-11 23:04:33,581] {dag.py:2420} INFO - Sync 1 DAGs
[2023-07-11 23:04:33,662] {logging_mixin.py:115} INFO - [2023-07-11 23:04:33,662] {dag.py:2972} INFO - Setting next_dagrun for tutorial to 2023-07-10T23:04:33.661506+00:00, run_after=2023-07-11T23:04:33.661506+00:00
[2023-07-11 23:04:33,714] {processor.py:161} INFO - Processing /home/airflow/.local/lib/python3.7/site-packages/airflow/example_dags/tutorial.py took 0.230 seconds
[2023-07-11 23:05:03,856] {processor.py:153} INFO - Started process (PID=2621) to work on /home/airflow/.local/lib/python3.7/site-packages/airflow/example_dags/tutorial.py
[2023-07-11 23:05:03,857] {processor.py:641} INFO - Processing file /home/airflow/.local/lib/python3.7/site-packages/airflow/example_dags/tutorial.py for tasks to queue
[2023-07-11 23:05:03,860] {logging_mixin.py:115} INFO - [2023-07-11 23:05:03,859] {dagbag.py:508} INFO - Filling up the DagBag from /home/airflow/.local/lib/python3.7/site-packages/airflow/example_dags/tutorial.py
[2023-07-11 23:05:03,867] {processor.py:651} INFO - DAG(s) dict_keys(['tutorial']) retrieved from /home/airflow/.local/lib/python3.7/site-packages/airflow/example_dags/tutorial.py
[2023-07-11 23:05:03,918] {logging_mixin.py:115} INFO - [2023-07-11 23:05:03,918] {dag.py:2420} INFO - Sync 1 DAGs
[2023-07-11 23:05:03,964] {logging_mixin.py:115} INFO - [2023-07-11 23:05:03,963] {dag.py:2972} INFO - Setting next_dagrun for tutorial to 2023-07-10T23:05:03.963561+00:00, run_after=2023-07-11T23:05:03.963561+00:00
[2023-07-11 23:05:03,987] {processor.py:161} INFO - Processing /home/airflow/.local/lib/python3.7/site-packages/airflow/example_dags/tutorial.py took 0.139 seconds
[2023-07-11 23:05:34,504] {processor.py:153} INFO - Started process (PID=2673) to work on /home/airflow/.local/lib/python3.7/site-packages/airflow/example_dags/tutorial.py
[2023-07-11 23:05:34,505] {processor.py:641} INFO - Processing file /home/airflow/.local/lib/python3.7/site-packages/airflow/example_dags/tutorial.py for tasks to queue
[2023-07-11 23:05:34,508] {logging_mixin.py:115} INFO - [2023-07-11 23:05:34,508] {dagbag.py:508} INFO - Filling up the DagBag from /home/airflow/.local/lib/python3.7/site-packages/airflow/example_dags/tutorial.py
[2023-07-11 23:05:34,520] {processor.py:651} INFO - DAG(s) dict_keys(['tutorial']) retrieved from /home/airflow/.local/lib/python3.7/site-packages/airflow/example_dags/tutorial.py
[2023-07-11 23:05:34,573] {logging_mixin.py:115} INFO - [2023-07-11 23:05:34,573] {dag.py:2420} INFO - Sync 1 DAGs
[2023-07-11 23:05:34,621] {logging_mixin.py:115} INFO - [2023-07-11 23:05:34,621] {dag.py:2972} INFO - Setting next_dagrun for tutorial to 2023-07-10T23:05:34.621287+00:00, run_after=2023-07-11T23:05:34.621287+00:00
[2023-07-11 23:05:34,648] {processor.py:161} INFO - Processing /home/airflow/.local/lib/python3.7/site-packages/airflow/example_dags/tutorial.py took 0.153 seconds
[2023-07-11 23:06:05,024] {processor.py:153} INFO - Started process (PID=2725) to work on /home/airflow/.local/lib/python3.7/site-packages/airflow/example_dags/tutorial.py
[2023-07-11 23:06:05,025] {processor.py:641} INFO - Processing file /home/airflow/.local/lib/python3.7/site-packages/airflow/example_dags/tutorial.py for tasks to queue
[2023-07-11 23:06:05,027] {logging_mixin.py:115} INFO - [2023-07-11 23:06:05,026] {dagbag.py:508} INFO - Filling up the DagBag from /home/airflow/.local/lib/python3.7/site-packages/airflow/example_dags/tutorial.py
[2023-07-11 23:06:05,038] {processor.py:651} INFO - DAG(s) dict_keys(['tutorial']) retrieved from /home/airflow/.local/lib/python3.7/site-packages/airflow/example_dags/tutorial.py
[2023-07-11 23:06:05,088] {logging_mixin.py:115} INFO - [2023-07-11 23:06:05,088] {dag.py:2420} INFO - Sync 1 DAGs
[2023-07-11 23:06:05,137] {logging_mixin.py:115} INFO - [2023-07-11 23:06:05,137] {dag.py:2972} INFO - Setting next_dagrun for tutorial to 2023-07-10T23:06:05.136691+00:00, run_after=2023-07-11T23:06:05.136691+00:00
[2023-07-11 23:06:05,158] {processor.py:161} INFO - Processing /home/airflow/.local/lib/python3.7/site-packages/airflow/example_dags/tutorial.py took 0.140 seconds
[2023-07-11 23:06:35,339] {processor.py:153} INFO - Started process (PID=2776) to work on /home/airflow/.local/lib/python3.7/site-packages/airflow/example_dags/tutorial.py
[2023-07-11 23:06:35,341] {processor.py:641} INFO - Processing file /home/airflow/.local/lib/python3.7/site-packages/airflow/example_dags/tutorial.py for tasks to queue
[2023-07-11 23:06:35,343] {logging_mixin.py:115} INFO - [2023-07-11 23:06:35,342] {dagbag.py:508} INFO - Filling up the DagBag from /home/airflow/.local/lib/python3.7/site-packages/airflow/example_dags/tutorial.py
[2023-07-11 23:06:35,355] {processor.py:651} INFO - DAG(s) dict_keys(['tutorial']) retrieved from /home/airflow/.local/lib/python3.7/site-packages/airflow/example_dags/tutorial.py
[2023-07-11 23:06:35,418] {logging_mixin.py:115} INFO - [2023-07-11 23:06:35,418] {dag.py:2420} INFO - Sync 1 DAGs
[2023-07-11 23:06:35,457] {logging_mixin.py:115} INFO - [2023-07-11 23:06:35,457] {dag.py:2972} INFO - Setting next_dagrun for tutorial to 2023-07-10T23:06:35.457226+00:00, run_after=2023-07-11T23:06:35.457226+00:00
[2023-07-11 23:06:35,475] {processor.py:161} INFO - Processing /home/airflow/.local/lib/python3.7/site-packages/airflow/example_dags/tutorial.py took 0.144 seconds
[2023-07-11 23:07:05,951] {processor.py:153} INFO - Started process (PID=2828) to work on /home/airflow/.local/lib/python3.7/site-packages/airflow/example_dags/tutorial.py
[2023-07-11 23:07:05,953] {processor.py:641} INFO - Processing file /home/airflow/.local/lib/python3.7/site-packages/airflow/example_dags/tutorial.py for tasks to queue
[2023-07-11 23:07:05,955] {logging_mixin.py:115} INFO - [2023-07-11 23:07:05,954] {dagbag.py:508} INFO - Filling up the DagBag from /home/airflow/.local/lib/python3.7/site-packages/airflow/example_dags/tutorial.py
[2023-07-11 23:07:05,967] {processor.py:651} INFO - DAG(s) dict_keys(['tutorial']) retrieved from /home/airflow/.local/lib/python3.7/site-packages/airflow/example_dags/tutorial.py
[2023-07-11 23:07:06,040] {logging_mixin.py:115} INFO - [2023-07-11 23:07:06,040] {dag.py:2420} INFO - Sync 1 DAGs
[2023-07-11 23:07:06,085] {logging_mixin.py:115} INFO - [2023-07-11 23:07:06,085] {dag.py:2972} INFO - Setting next_dagrun for tutorial to 2023-07-10T23:07:06.085098+00:00, run_after=2023-07-11T23:07:06.085098+00:00
[2023-07-11 23:07:06,130] {processor.py:161} INFO - Processing /home/airflow/.local/lib/python3.7/site-packages/airflow/example_dags/tutorial.py took 0.187 seconds
[2023-07-11 23:07:36,666] {processor.py:153} INFO - Started process (PID=2879) to work on /home/airflow/.local/lib/python3.7/site-packages/airflow/example_dags/tutorial.py
[2023-07-11 23:07:36,667] {processor.py:641} INFO - Processing file /home/airflow/.local/lib/python3.7/site-packages/airflow/example_dags/tutorial.py for tasks to queue
[2023-07-11 23:07:36,669] {logging_mixin.py:115} INFO - [2023-07-11 23:07:36,668] {dagbag.py:508} INFO - Filling up the DagBag from /home/airflow/.local/lib/python3.7/site-packages/airflow/example_dags/tutorial.py
[2023-07-11 23:07:36,685] {processor.py:651} INFO - DAG(s) dict_keys(['tutorial']) retrieved from /home/airflow/.local/lib/python3.7/site-packages/airflow/example_dags/tutorial.py
[2023-07-11 23:07:36,758] {logging_mixin.py:115} INFO - [2023-07-11 23:07:36,757] {dag.py:2420} INFO - Sync 1 DAGs
[2023-07-11 23:07:36,817] {logging_mixin.py:115} INFO - [2023-07-11 23:07:36,817] {dag.py:2972} INFO - Setting next_dagrun for tutorial to 2023-07-10T23:07:36.817289+00:00, run_after=2023-07-11T23:07:36.817289+00:00
[2023-07-11 23:07:36,851] {processor.py:161} INFO - Processing /home/airflow/.local/lib/python3.7/site-packages/airflow/example_dags/tutorial.py took 0.193 seconds
[2023-07-11 23:08:07,344] {processor.py:153} INFO - Started process (PID=2937) to work on /home/airflow/.local/lib/python3.7/site-packages/airflow/example_dags/tutorial.py
[2023-07-11 23:08:07,346] {processor.py:641} INFO - Processing file /home/airflow/.local/lib/python3.7/site-packages/airflow/example_dags/tutorial.py for tasks to queue
[2023-07-11 23:08:07,353] {logging_mixin.py:115} INFO - [2023-07-11 23:08:07,352] {dagbag.py:508} INFO - Filling up the DagBag from /home/airflow/.local/lib/python3.7/site-packages/airflow/example_dags/tutorial.py
[2023-07-11 23:08:07,375] {processor.py:651} INFO - DAG(s) dict_keys(['tutorial']) retrieved from /home/airflow/.local/lib/python3.7/site-packages/airflow/example_dags/tutorial.py
[2023-07-11 23:08:07,479] {logging_mixin.py:115} INFO - [2023-07-11 23:08:07,478] {dag.py:2420} INFO - Sync 1 DAGs
[2023-07-11 23:08:07,608] {logging_mixin.py:115} INFO - [2023-07-11 23:08:07,608] {dag.py:2972} INFO - Setting next_dagrun for tutorial to 2023-07-10T23:08:07.608081+00:00, run_after=2023-07-11T23:08:07.608081+00:00
[2023-07-11 23:08:07,721] {processor.py:161} INFO - Processing /home/airflow/.local/lib/python3.7/site-packages/airflow/example_dags/tutorial.py took 0.389 seconds
[2023-07-11 23:08:38,386] {processor.py:153} INFO - Started process (PID=2991) to work on /home/airflow/.local/lib/python3.7/site-packages/airflow/example_dags/tutorial.py
[2023-07-11 23:08:38,390] {processor.py:641} INFO - Processing file /home/airflow/.local/lib/python3.7/site-packages/airflow/example_dags/tutorial.py for tasks to queue
[2023-07-11 23:08:38,392] {logging_mixin.py:115} INFO - [2023-07-11 23:08:38,392] {dagbag.py:508} INFO - Filling up the DagBag from /home/airflow/.local/lib/python3.7/site-packages/airflow/example_dags/tutorial.py
[2023-07-11 23:08:38,428] {processor.py:651} INFO - DAG(s) dict_keys(['tutorial']) retrieved from /home/airflow/.local/lib/python3.7/site-packages/airflow/example_dags/tutorial.py
[2023-07-11 23:08:38,503] {logging_mixin.py:115} INFO - [2023-07-11 23:08:38,503] {dag.py:2420} INFO - Sync 1 DAGs
[2023-07-11 23:08:38,547] {logging_mixin.py:115} INFO - [2023-07-11 23:08:38,547] {dag.py:2972} INFO - Setting next_dagrun for tutorial to 2023-07-10T23:08:38.546948+00:00, run_after=2023-07-11T23:08:38.546948+00:00
[2023-07-11 23:08:38,576] {processor.py:161} INFO - Processing /home/airflow/.local/lib/python3.7/site-packages/airflow/example_dags/tutorial.py took 0.198 seconds
[2023-07-11 23:09:09,536] {processor.py:153} INFO - Started process (PID=3043) to work on /home/airflow/.local/lib/python3.7/site-packages/airflow/example_dags/tutorial.py
[2023-07-11 23:09:09,537] {processor.py:641} INFO - Processing file /home/airflow/.local/lib/python3.7/site-packages/airflow/example_dags/tutorial.py for tasks to queue
[2023-07-11 23:09:09,539] {logging_mixin.py:115} INFO - [2023-07-11 23:09:09,539] {dagbag.py:508} INFO - Filling up the DagBag from /home/airflow/.local/lib/python3.7/site-packages/airflow/example_dags/tutorial.py
[2023-07-11 23:09:09,551] {processor.py:651} INFO - DAG(s) dict_keys(['tutorial']) retrieved from /home/airflow/.local/lib/python3.7/site-packages/airflow/example_dags/tutorial.py
[2023-07-11 23:09:09,599] {logging_mixin.py:115} INFO - [2023-07-11 23:09:09,598] {dag.py:2420} INFO - Sync 1 DAGs
[2023-07-11 23:09:09,659] {logging_mixin.py:115} INFO - [2023-07-11 23:09:09,659] {dag.py:2972} INFO - Setting next_dagrun for tutorial to 2023-07-10T23:09:09.658652+00:00, run_after=2023-07-11T23:09:09.658652+00:00
[2023-07-11 23:09:09,686] {processor.py:161} INFO - Processing /home/airflow/.local/lib/python3.7/site-packages/airflow/example_dags/tutorial.py took 0.160 seconds
[2023-07-11 23:09:40,051] {processor.py:153} INFO - Started process (PID=3095) to work on /home/airflow/.local/lib/python3.7/site-packages/airflow/example_dags/tutorial.py
[2023-07-11 23:09:40,056] {processor.py:641} INFO - Processing file /home/airflow/.local/lib/python3.7/site-packages/airflow/example_dags/tutorial.py for tasks to queue
[2023-07-11 23:09:40,059] {logging_mixin.py:115} INFO - [2023-07-11 23:09:40,057] {dagbag.py:508} INFO - Filling up the DagBag from /home/airflow/.local/lib/python3.7/site-packages/airflow/example_dags/tutorial.py
[2023-07-11 23:09:40,102] {processor.py:651} INFO - DAG(s) dict_keys(['tutorial']) retrieved from /home/airflow/.local/lib/python3.7/site-packages/airflow/example_dags/tutorial.py
[2023-07-11 23:09:40,177] {logging_mixin.py:115} INFO - [2023-07-11 23:09:40,176] {dag.py:2420} INFO - Sync 1 DAGs
[2023-07-11 23:09:40,253] {logging_mixin.py:115} INFO - [2023-07-11 23:09:40,253] {dag.py:2972} INFO - Setting next_dagrun for tutorial to 2023-07-10T23:09:40.252942+00:00, run_after=2023-07-11T23:09:40.252942+00:00
[2023-07-11 23:09:40,302] {processor.py:161} INFO - Processing /home/airflow/.local/lib/python3.7/site-packages/airflow/example_dags/tutorial.py took 0.301 seconds
[2023-07-11 23:10:10,922] {processor.py:153} INFO - Started process (PID=3149) to work on /home/airflow/.local/lib/python3.7/site-packages/airflow/example_dags/tutorial.py
[2023-07-11 23:10:10,928] {processor.py:641} INFO - Processing file /home/airflow/.local/lib/python3.7/site-packages/airflow/example_dags/tutorial.py for tasks to queue
[2023-07-11 23:10:10,929] {logging_mixin.py:115} INFO - [2023-07-11 23:10:10,929] {dagbag.py:508} INFO - Filling up the DagBag from /home/airflow/.local/lib/python3.7/site-packages/airflow/example_dags/tutorial.py
[2023-07-11 23:10:10,949] {processor.py:651} INFO - DAG(s) dict_keys(['tutorial']) retrieved from /home/airflow/.local/lib/python3.7/site-packages/airflow/example_dags/tutorial.py
[2023-07-11 23:10:11,067] {logging_mixin.py:115} INFO - [2023-07-11 23:10:11,067] {dag.py:2420} INFO - Sync 1 DAGs
[2023-07-11 23:10:11,217] {logging_mixin.py:115} INFO - [2023-07-11 23:10:11,216] {dag.py:2972} INFO - Setting next_dagrun for tutorial to 2023-07-10T23:10:11.216198+00:00, run_after=2023-07-11T23:10:11.216198+00:00
[2023-07-11 23:10:11,255] {processor.py:161} INFO - Processing /home/airflow/.local/lib/python3.7/site-packages/airflow/example_dags/tutorial.py took 0.354 seconds
[2023-07-11 23:10:41,741] {processor.py:153} INFO - Started process (PID=3208) to work on /home/airflow/.local/lib/python3.7/site-packages/airflow/example_dags/tutorial.py
[2023-07-11 23:10:41,741] {processor.py:641} INFO - Processing file /home/airflow/.local/lib/python3.7/site-packages/airflow/example_dags/tutorial.py for tasks to queue
[2023-07-11 23:10:41,742] {logging_mixin.py:115} INFO - [2023-07-11 23:10:41,742] {dagbag.py:508} INFO - Filling up the DagBag from /home/airflow/.local/lib/python3.7/site-packages/airflow/example_dags/tutorial.py
[2023-07-11 23:10:41,750] {processor.py:651} INFO - DAG(s) dict_keys(['tutorial']) retrieved from /home/airflow/.local/lib/python3.7/site-packages/airflow/example_dags/tutorial.py
[2023-07-11 23:10:41,800] {logging_mixin.py:115} INFO - [2023-07-11 23:10:41,800] {dag.py:2420} INFO - Sync 1 DAGs
[2023-07-11 23:10:41,861] {logging_mixin.py:115} INFO - [2023-07-11 23:10:41,861] {dag.py:2972} INFO - Setting next_dagrun for tutorial to 2023-07-10T23:10:41.860595+00:00, run_after=2023-07-11T23:10:41.860595+00:00
[2023-07-11 23:10:41,896] {processor.py:161} INFO - Processing /home/airflow/.local/lib/python3.7/site-packages/airflow/example_dags/tutorial.py took 0.161 seconds
[2023-07-11 23:11:12,785] {processor.py:153} INFO - Started process (PID=3259) to work on /home/airflow/.local/lib/python3.7/site-packages/airflow/example_dags/tutorial.py
[2023-07-11 23:11:12,788] {processor.py:641} INFO - Processing file /home/airflow/.local/lib/python3.7/site-packages/airflow/example_dags/tutorial.py for tasks to queue
[2023-07-11 23:11:12,789] {logging_mixin.py:115} INFO - [2023-07-11 23:11:12,789] {dagbag.py:508} INFO - Filling up the DagBag from /home/airflow/.local/lib/python3.7/site-packages/airflow/example_dags/tutorial.py
[2023-07-11 23:11:12,811] {processor.py:651} INFO - DAG(s) dict_keys(['tutorial']) retrieved from /home/airflow/.local/lib/python3.7/site-packages/airflow/example_dags/tutorial.py
[2023-07-11 23:11:12,918] {logging_mixin.py:115} INFO - [2023-07-11 23:11:12,917] {dag.py:2420} INFO - Sync 1 DAGs
[2023-07-11 23:11:12,997] {logging_mixin.py:115} INFO - [2023-07-11 23:11:12,997] {dag.py:2972} INFO - Setting next_dagrun for tutorial to 2023-07-10T23:11:12.996975+00:00, run_after=2023-07-11T23:11:12.996975+00:00
[2023-07-11 23:11:13,045] {processor.py:161} INFO - Processing /home/airflow/.local/lib/python3.7/site-packages/airflow/example_dags/tutorial.py took 0.270 seconds
[2023-07-11 23:11:43,608] {processor.py:153} INFO - Started process (PID=3311) to work on /home/airflow/.local/lib/python3.7/site-packages/airflow/example_dags/tutorial.py
[2023-07-11 23:11:43,608] {processor.py:641} INFO - Processing file /home/airflow/.local/lib/python3.7/site-packages/airflow/example_dags/tutorial.py for tasks to queue
[2023-07-11 23:11:43,609] {logging_mixin.py:115} INFO - [2023-07-11 23:11:43,609] {dagbag.py:508} INFO - Filling up the DagBag from /home/airflow/.local/lib/python3.7/site-packages/airflow/example_dags/tutorial.py
[2023-07-11 23:11:43,615] {processor.py:651} INFO - DAG(s) dict_keys(['tutorial']) retrieved from /home/airflow/.local/lib/python3.7/site-packages/airflow/example_dags/tutorial.py
[2023-07-11 23:11:43,643] {logging_mixin.py:115} INFO - [2023-07-11 23:11:43,643] {dag.py:2420} INFO - Sync 1 DAGs
[2023-07-11 23:11:43,677] {logging_mixin.py:115} INFO - [2023-07-11 23:11:43,677] {dag.py:2972} INFO - Setting next_dagrun for tutorial to 2023-07-10T23:11:43.677109+00:00, run_after=2023-07-11T23:11:43.677109+00:00
[2023-07-11 23:11:43,692] {processor.py:161} INFO - Processing /home/airflow/.local/lib/python3.7/site-packages/airflow/example_dags/tutorial.py took 0.088 seconds
[2023-07-11 23:12:14,735] {processor.py:153} INFO - Started process (PID=3362) to work on /home/airflow/.local/lib/python3.7/site-packages/airflow/example_dags/tutorial.py
[2023-07-11 23:12:14,736] {processor.py:641} INFO - Processing file /home/airflow/.local/lib/python3.7/site-packages/airflow/example_dags/tutorial.py for tasks to queue
[2023-07-11 23:12:14,737] {logging_mixin.py:115} INFO - [2023-07-11 23:12:14,737] {dagbag.py:508} INFO - Filling up the DagBag from /home/airflow/.local/lib/python3.7/site-packages/airflow/example_dags/tutorial.py
[2023-07-11 23:12:14,791] {processor.py:651} INFO - DAG(s) dict_keys(['tutorial']) retrieved from /home/airflow/.local/lib/python3.7/site-packages/airflow/example_dags/tutorial.py
[2023-07-11 23:12:15,052] {logging_mixin.py:115} INFO - [2023-07-11 23:12:15,051] {dag.py:2420} INFO - Sync 1 DAGs
[2023-07-11 23:12:15,230] {logging_mixin.py:115} INFO - [2023-07-11 23:12:15,230] {dag.py:2972} INFO - Setting next_dagrun for tutorial to 2023-07-10T23:12:15.229826+00:00, run_after=2023-07-11T23:12:15.229826+00:00
[2023-07-11 23:12:15,403] {processor.py:161} INFO - Processing /home/airflow/.local/lib/python3.7/site-packages/airflow/example_dags/tutorial.py took 0.685 seconds
[2023-07-11 23:12:45,771] {processor.py:153} INFO - Started process (PID=3424) to work on /home/airflow/.local/lib/python3.7/site-packages/airflow/example_dags/tutorial.py
[2023-07-11 23:12:45,774] {processor.py:641} INFO - Processing file /home/airflow/.local/lib/python3.7/site-packages/airflow/example_dags/tutorial.py for tasks to queue
[2023-07-11 23:12:45,775] {logging_mixin.py:115} INFO - [2023-07-11 23:12:45,775] {dagbag.py:508} INFO - Filling up the DagBag from /home/airflow/.local/lib/python3.7/site-packages/airflow/example_dags/tutorial.py
[2023-07-11 23:12:45,797] {processor.py:651} INFO - DAG(s) dict_keys(['tutorial']) retrieved from /home/airflow/.local/lib/python3.7/site-packages/airflow/example_dags/tutorial.py
[2023-07-11 23:12:45,983] {logging_mixin.py:115} INFO - [2023-07-11 23:12:45,983] {dag.py:2420} INFO - Sync 1 DAGs
[2023-07-11 23:12:46,167] {logging_mixin.py:115} INFO - [2023-07-11 23:12:46,167] {dag.py:2972} INFO - Setting next_dagrun for tutorial to 2023-07-10T23:12:46.167198+00:00, run_after=2023-07-11T23:12:46.167198+00:00
[2023-07-11 23:12:46,256] {processor.py:161} INFO - Processing /home/airflow/.local/lib/python3.7/site-packages/airflow/example_dags/tutorial.py took 0.492 seconds
