[2023-08-01 04:31:38,737] {taskinstance.py:1179} INFO - Dependencies all met for <TaskInstance: etl_api_marvel_hacia_aws_redshift_multitask.extraer_data scheduled__2023-08-01T04:29:35.277444+00:00 [queued]>
[2023-08-01 04:31:38,793] {taskinstance.py:1179} INFO - Dependencies all met for <TaskInstance: etl_api_marvel_hacia_aws_redshift_multitask.extraer_data scheduled__2023-08-01T04:29:35.277444+00:00 [queued]>
[2023-08-01 04:31:38,793] {taskinstance.py:1376} INFO - 
--------------------------------------------------------------------------------
[2023-08-01 04:31:38,794] {taskinstance.py:1377} INFO - Starting attempt 1 of 11
[2023-08-01 04:31:38,794] {taskinstance.py:1378} INFO - 
--------------------------------------------------------------------------------
[2023-08-01 04:31:38,860] {taskinstance.py:1397} INFO - Executing <Task(PythonOperator): extraer_data> on 2023-08-01 04:29:35.277444+00:00
[2023-08-01 04:31:38,885] {standard_task_runner.py:52} INFO - Started process 9038 to run task
[2023-08-01 04:31:38,901] {standard_task_runner.py:79} INFO - Running: ['***', 'tasks', 'run', 'etl_api_marvel_hacia_aws_redshift_multitask', 'extraer_data', 'scheduled__2023-08-01T04:29:35.277444+00:00', '--job-id', '893', '--raw', '--subdir', 'DAGS_FOLDER/dag_etl_multiple_tasks.py', '--cfg-path', '/tmp/tmpytr7ak_f', '--error-file', '/tmp/tmp2lpkuzj6']
[2023-08-01 04:31:38,903] {standard_task_runner.py:80} INFO - Job 893: Subtask extraer_data
[2023-08-01 04:31:39,216] {task_command.py:371} INFO - Running <TaskInstance: etl_api_marvel_hacia_aws_redshift_multitask.extraer_data scheduled__2023-08-01T04:29:35.277444+00:00 [running]> on host 24cbf2f01ed0
[2023-08-01 04:31:39,608] {taskinstance.py:1591} INFO - Exporting the following env vars:
AIRFLOW_CTX_DAG_EMAIL=arielmfeldman.af@gmail.com
AIRFLOW_CTX_DAG_OWNER=Ariel Feldman
AIRFLOW_CTX_DAG_ID=etl_api_marvel_hacia_aws_redshift_multitask
AIRFLOW_CTX_TASK_ID=extraer_data
AIRFLOW_CTX_EXECUTION_DATE=2023-08-01T04:29:35.277444+00:00
AIRFLOW_CTX_TRY_NUMBER=1
AIRFLOW_CTX_DAG_RUN_ID=scheduled__2023-08-01T04:29:35.277444+00:00
[2023-08-01 04:31:41,000] {python.py:173} INFO - Done. Returned value was: None
[2023-08-01 04:31:41,036] {taskinstance.py:1420} INFO - Marking task as SUCCESS. dag_id=etl_api_marvel_hacia_aws_redshift_multitask, task_id=extraer_data, execution_date=20230801T042935, start_date=20230801T043138, end_date=20230801T043141
[2023-08-01 04:31:41,094] {local_task_job.py:156} INFO - Task exited with return code 0
[2023-08-01 04:31:41,278] {warnings.py:110} WARNING - /home/***/.local/lib/python3.7/site-packages/***/utils/context.py:202: AirflowContextDeprecationWarning: Accessing 'execution_date' from the template is deprecated and will be removed in a future version. Please use 'data_interval_start' or 'logical_date' instead.
  warnings.warn(_create_deprecation_warning(key, self._deprecation_replacements[key]))

[2023-08-01 04:31:41,284] {warnings.py:110} WARNING - /home/***/.local/lib/python3.7/site-packages/***/utils/context.py:202: AirflowContextDeprecationWarning: Accessing 'next_execution_date' from the template is deprecated and will be removed in a future version. Please use 'data_interval_end' instead.
  warnings.warn(_create_deprecation_warning(key, self._deprecation_replacements[key]))

[2023-08-01 04:31:44,486] {local_task_job.py:273} INFO - 0 downstream tasks scheduled from follow-on schedule check
