[2023-07-15 23:49:20,816] {processor.py:153} INFO - Started process (PID=13400) to work on /opt/airflow/dags/variables_y_secrets.py
[2023-07-15 23:49:20,818] {processor.py:641} INFO - Processing file /opt/airflow/dags/variables_y_secrets.py for tasks to queue
[2023-07-15 23:49:20,820] {logging_mixin.py:115} INFO - [2023-07-15 23:49:20,820] {dagbag.py:508} INFO - Filling up the DagBag from /opt/airflow/dags/variables_y_secrets.py
[2023-07-15 23:49:20,834] {logging_mixin.py:115} INFO - [2023-07-15 23:49:20,828] {dagbag.py:321} ERROR - Failed to import: /opt/airflow/dags/variables_y_secrets.py
Traceback (most recent call last):
  File "/home/airflow/.local/lib/python3.7/site-packages/airflow/models/dagbag.py", line 318, in parse
    loader.exec_module(new_module)
  File "<frozen importlib._bootstrap_external>", line 728, in exec_module
  File "<frozen importlib._bootstrap>", line 219, in _call_with_frames_removed
  File "/opt/airflow/dags/variables_y_secrets.py", line 23, in <module>
    with DAG(
TypeError: __init__() missing 1 required positional argument: 'dag_id'
[2023-07-15 23:49:20,835] {processor.py:653} WARNING - No viable dags retrieved from /opt/airflow/dags/variables_y_secrets.py
[2023-07-15 23:49:20,878] {processor.py:161} INFO - Processing /opt/airflow/dags/variables_y_secrets.py took 0.070 seconds
[2023-07-15 23:49:51,304] {processor.py:153} INFO - Started process (PID=13468) to work on /opt/airflow/dags/variables_y_secrets.py
[2023-07-15 23:49:51,305] {processor.py:641} INFO - Processing file /opt/airflow/dags/variables_y_secrets.py for tasks to queue
[2023-07-15 23:49:51,305] {logging_mixin.py:115} INFO - [2023-07-15 23:49:51,305] {dagbag.py:508} INFO - Filling up the DagBag from /opt/airflow/dags/variables_y_secrets.py
[2023-07-15 23:49:51,310] {logging_mixin.py:115} INFO - [2023-07-15 23:49:51,310] {dagbag.py:321} ERROR - Failed to import: /opt/airflow/dags/variables_y_secrets.py
Traceback (most recent call last):
  File "/home/airflow/.local/lib/python3.7/site-packages/airflow/models/dagbag.py", line 318, in parse
    loader.exec_module(new_module)
  File "<frozen importlib._bootstrap_external>", line 728, in exec_module
  File "<frozen importlib._bootstrap>", line 219, in _call_with_frames_removed
  File "/opt/airflow/dags/variables_y_secrets.py", line 23, in <module>
    with DAG(
TypeError: __init__() missing 1 required positional argument: 'dag_id'
[2023-07-15 23:49:51,311] {processor.py:653} WARNING - No viable dags retrieved from /opt/airflow/dags/variables_y_secrets.py
[2023-07-15 23:49:51,337] {processor.py:161} INFO - Processing /opt/airflow/dags/variables_y_secrets.py took 0.036 seconds
[2023-07-15 23:50:14,006] {processor.py:153} INFO - Started process (PID=13516) to work on /opt/airflow/dags/variables_y_secrets.py
[2023-07-15 23:50:14,007] {processor.py:641} INFO - Processing file /opt/airflow/dags/variables_y_secrets.py for tasks to queue
[2023-07-15 23:50:14,007] {logging_mixin.py:115} INFO - [2023-07-15 23:50:14,007] {dagbag.py:508} INFO - Filling up the DagBag from /opt/airflow/dags/variables_y_secrets.py
[2023-07-15 23:50:14,016] {logging_mixin.py:115} INFO - [2023-07-15 23:50:14,012] {dagbag.py:321} ERROR - Failed to import: /opt/airflow/dags/variables_y_secrets.py
Traceback (most recent call last):
  File "/home/airflow/.local/lib/python3.7/site-packages/airflow/models/dagbag.py", line 318, in parse
    loader.exec_module(new_module)
  File "<frozen importlib._bootstrap_external>", line 728, in exec_module
  File "<frozen importlib._bootstrap>", line 219, in _call_with_frames_removed
  File "/opt/airflow/dags/variables_y_secrets.py", line 28, in <module>
    tags=['conexion_con_aws_redshift']
  File "/home/airflow/.local/lib/python3.7/site-packages/airflow/models/dag.py", line 409, in __init__
    self.start_date = timezone.convert_to_utc(start_date)
  File "/home/airflow/.local/lib/python3.7/site-packages/airflow/utils/timezone.py", line 105, in convert_to_utc
    if not is_localized(value):
  File "/home/airflow/.local/lib/python3.7/site-packages/airflow/utils/timezone.py", line 40, in is_localized
    return value.utcoffset() is not None
AttributeError: 'str' object has no attribute 'utcoffset'
[2023-07-15 23:50:14,016] {processor.py:653} WARNING - No viable dags retrieved from /opt/airflow/dags/variables_y_secrets.py
[2023-07-15 23:50:14,039] {processor.py:161} INFO - Processing /opt/airflow/dags/variables_y_secrets.py took 0.036 seconds
[2023-07-15 23:50:32,136] {processor.py:153} INFO - Started process (PID=13549) to work on /opt/airflow/dags/variables_y_secrets.py
[2023-07-15 23:50:32,137] {processor.py:641} INFO - Processing file /opt/airflow/dags/variables_y_secrets.py for tasks to queue
[2023-07-15 23:50:32,138] {logging_mixin.py:115} INFO - [2023-07-15 23:50:32,137] {dagbag.py:508} INFO - Filling up the DagBag from /opt/airflow/dags/variables_y_secrets.py
[2023-07-15 23:50:32,144] {logging_mixin.py:115} INFO - [2023-07-15 23:50:32,143] {dagbag.py:321} ERROR - Failed to import: /opt/airflow/dags/variables_y_secrets.py
Traceback (most recent call last):
  File "/home/airflow/.local/lib/python3.7/site-packages/airflow/models/dagbag.py", line 318, in parse
    loader.exec_module(new_module)
  File "<frozen importlib._bootstrap_external>", line 728, in exec_module
  File "<frozen importlib._bootstrap>", line 219, in _call_with_frames_removed
  File "/opt/airflow/dags/variables_y_secrets.py", line 29, in <module>
    scheduler_interval='@daily'
TypeError: __init__() got an unexpected keyword argument 'scheduler_interval'
[2023-07-15 23:50:32,145] {processor.py:653} WARNING - No viable dags retrieved from /opt/airflow/dags/variables_y_secrets.py
[2023-07-15 23:50:32,167] {processor.py:161} INFO - Processing /opt/airflow/dags/variables_y_secrets.py took 0.034 seconds
[2023-07-15 23:50:54,755] {processor.py:153} INFO - Started process (PID=13603) to work on /opt/airflow/dags/variables_y_secrets.py
[2023-07-15 23:50:54,756] {processor.py:641} INFO - Processing file /opt/airflow/dags/variables_y_secrets.py for tasks to queue
[2023-07-15 23:50:54,756] {logging_mixin.py:115} INFO - [2023-07-15 23:50:54,756] {dagbag.py:508} INFO - Filling up the DagBag from /opt/airflow/dags/variables_y_secrets.py
[2023-07-15 23:50:54,763] {logging_mixin.py:115} INFO - [2023-07-15 23:50:54,762] {dagbag.py:321} ERROR - Failed to import: /opt/airflow/dags/variables_y_secrets.py
Traceback (most recent call last):
  File "/home/airflow/.local/lib/python3.7/site-packages/airflow/models/dagbag.py", line 318, in parse
    loader.exec_module(new_module)
  File "<frozen importlib._bootstrap_external>", line 728, in exec_module
  File "<frozen importlib._bootstrap>", line 219, in _call_with_frames_removed
  File "/opt/airflow/dags/variables_y_secrets.py", line 35, in <module>
    scheduler_interval='@daily'
TypeError: __init__() got an unexpected keyword argument 'scheduler_interval'
[2023-07-15 23:50:54,763] {processor.py:653} WARNING - No viable dags retrieved from /opt/airflow/dags/variables_y_secrets.py
[2023-07-15 23:50:54,786] {processor.py:161} INFO - Processing /opt/airflow/dags/variables_y_secrets.py took 0.034 seconds
[2023-07-15 23:51:03,241] {processor.py:153} INFO - Started process (PID=13619) to work on /opt/airflow/dags/variables_y_secrets.py
[2023-07-15 23:51:03,242] {processor.py:641} INFO - Processing file /opt/airflow/dags/variables_y_secrets.py for tasks to queue
[2023-07-15 23:51:03,242] {logging_mixin.py:115} INFO - [2023-07-15 23:51:03,242] {dagbag.py:508} INFO - Filling up the DagBag from /opt/airflow/dags/variables_y_secrets.py
[2023-07-15 23:51:03,249] {logging_mixin.py:115} INFO - [2023-07-15 23:51:03,248] {dagbag.py:321} ERROR - Failed to import: /opt/airflow/dags/variables_y_secrets.py
Traceback (most recent call last):
  File "/home/airflow/.local/lib/python3.7/site-packages/airflow/models/dagbag.py", line 318, in parse
    loader.exec_module(new_module)
  File "<frozen importlib._bootstrap_external>", line 728, in exec_module
  File "<frozen importlib._bootstrap>", line 219, in _call_with_frames_removed
  File "/opt/airflow/dags/variables_y_secrets.py", line 35, in <module>
    scheduler_interval='@daily'
TypeError: __init__() got an unexpected keyword argument 'scheduler_interval'
[2023-07-15 23:51:03,249] {processor.py:653} WARNING - No viable dags retrieved from /opt/airflow/dags/variables_y_secrets.py
[2023-07-15 23:51:03,278] {processor.py:161} INFO - Processing /opt/airflow/dags/variables_y_secrets.py took 0.041 seconds
[2023-07-15 23:51:33,703] {processor.py:153} INFO - Started process (PID=13677) to work on /opt/airflow/dags/variables_y_secrets.py
[2023-07-15 23:51:33,705] {processor.py:641} INFO - Processing file /opt/airflow/dags/variables_y_secrets.py for tasks to queue
[2023-07-15 23:51:33,705] {logging_mixin.py:115} INFO - [2023-07-15 23:51:33,705] {dagbag.py:508} INFO - Filling up the DagBag from /opt/airflow/dags/variables_y_secrets.py
[2023-07-15 23:51:33,711] {logging_mixin.py:115} INFO - [2023-07-15 23:51:33,710] {dagbag.py:321} ERROR - Failed to import: /opt/airflow/dags/variables_y_secrets.py
Traceback (most recent call last):
  File "/home/airflow/.local/lib/python3.7/site-packages/airflow/models/dagbag.py", line 318, in parse
    loader.exec_module(new_module)
  File "<frozen importlib._bootstrap_external>", line 728, in exec_module
  File "<frozen importlib._bootstrap>", line 219, in _call_with_frames_removed
  File "/opt/airflow/dags/variables_y_secrets.py", line 35, in <module>
    scheduler_interval='@daily'
TypeError: __init__() got an unexpected keyword argument 'scheduler_interval'
[2023-07-15 23:51:33,711] {processor.py:653} WARNING - No viable dags retrieved from /opt/airflow/dags/variables_y_secrets.py
[2023-07-15 23:51:33,737] {processor.py:161} INFO - Processing /opt/airflow/dags/variables_y_secrets.py took 0.038 seconds
[2023-07-15 23:51:39,796] {processor.py:153} INFO - Started process (PID=13702) to work on /opt/airflow/dags/variables_y_secrets.py
[2023-07-15 23:51:39,797] {processor.py:641} INFO - Processing file /opt/airflow/dags/variables_y_secrets.py for tasks to queue
[2023-07-15 23:51:39,798] {logging_mixin.py:115} INFO - [2023-07-15 23:51:39,798] {dagbag.py:508} INFO - Filling up the DagBag from /opt/airflow/dags/variables_y_secrets.py
[2023-07-15 23:51:39,815] {processor.py:651} INFO - DAG(s) dict_keys(['probando_conexion']) retrieved from /opt/airflow/dags/variables_y_secrets.py
[2023-07-15 23:51:39,974] {logging_mixin.py:115} INFO - [2023-07-15 23:51:39,973] {manager.py:508} INFO - Created Permission View: can read on DAG:probando_conexion
[2023-07-15 23:51:39,992] {logging_mixin.py:115} INFO - [2023-07-15 23:51:39,992] {manager.py:508} INFO - Created Permission View: can delete on DAG:probando_conexion
[2023-07-15 23:51:40,004] {logging_mixin.py:115} INFO - [2023-07-15 23:51:40,004] {manager.py:508} INFO - Created Permission View: can edit on DAG:probando_conexion
[2023-07-15 23:51:40,004] {logging_mixin.py:115} INFO - [2023-07-15 23:51:40,004] {dag.py:2420} INFO - Sync 1 DAGs
[2023-07-15 23:51:40,016] {logging_mixin.py:115} INFO - [2023-07-15 23:51:40,016] {dag.py:2439} INFO - Creating ORM DAG for probando_conexion
[2023-07-15 23:51:40,034] {logging_mixin.py:115} INFO - [2023-07-15 23:51:40,034] {dag.py:2972} INFO - Setting next_dagrun for probando_conexion to 2023-07-16T00:00:00+00:00, run_after=2023-07-17T00:00:00+00:00
[2023-07-15 23:51:40,060] {processor.py:161} INFO - Processing /opt/airflow/dags/variables_y_secrets.py took 0.269 seconds
[2023-07-15 23:51:49,815] {processor.py:153} INFO - Started process (PID=13714) to work on /opt/airflow/dags/variables_y_secrets.py
[2023-07-15 23:51:49,816] {processor.py:641} INFO - Processing file /opt/airflow/dags/variables_y_secrets.py for tasks to queue
[2023-07-15 23:51:49,817] {logging_mixin.py:115} INFO - [2023-07-15 23:51:49,817] {dagbag.py:508} INFO - Filling up the DagBag from /opt/airflow/dags/variables_y_secrets.py
[2023-07-15 23:51:49,829] {processor.py:651} INFO - DAG(s) dict_keys(['probando_conexion']) retrieved from /opt/airflow/dags/variables_y_secrets.py
[2023-07-15 23:51:49,845] {logging_mixin.py:115} INFO - [2023-07-15 23:51:49,845] {dag.py:2420} INFO - Sync 1 DAGs
[2023-07-15 23:51:49,872] {logging_mixin.py:115} INFO - [2023-07-15 23:51:49,871] {dag.py:2972} INFO - Setting next_dagrun for probando_conexion to 2023-07-16T00:00:00+00:00, run_after=2023-07-17T00:00:00+00:00
[2023-07-15 23:51:49,885] {processor.py:161} INFO - Processing /opt/airflow/dags/variables_y_secrets.py took 0.073 seconds
[2023-07-15 23:52:09,173] {processor.py:153} INFO - Started process (PID=13756) to work on /opt/airflow/dags/variables_y_secrets.py
[2023-07-15 23:52:09,173] {processor.py:641} INFO - Processing file /opt/airflow/dags/variables_y_secrets.py for tasks to queue
[2023-07-15 23:52:09,174] {logging_mixin.py:115} INFO - [2023-07-15 23:52:09,174] {dagbag.py:508} INFO - Filling up the DagBag from /opt/airflow/dags/variables_y_secrets.py
[2023-07-15 23:52:09,195] {processor.py:651} INFO - DAG(s) dict_keys(['probando_conexion']) retrieved from /opt/airflow/dags/variables_y_secrets.py
[2023-07-15 23:52:09,216] {logging_mixin.py:115} INFO - [2023-07-15 23:52:09,216] {dag.py:2420} INFO - Sync 1 DAGs
[2023-07-15 23:52:09,260] {logging_mixin.py:115} INFO - [2023-07-15 23:52:09,260] {dag.py:2972} INFO - Setting next_dagrun for probando_conexion to 2023-07-16T00:00:00+00:00, run_after=2023-07-17T00:00:00+00:00
[2023-07-15 23:52:09,275] {processor.py:161} INFO - Processing /opt/airflow/dags/variables_y_secrets.py took 0.108 seconds
[2023-07-15 23:52:39,539] {processor.py:153} INFO - Started process (PID=13826) to work on /opt/airflow/dags/variables_y_secrets.py
[2023-07-15 23:52:39,540] {processor.py:641} INFO - Processing file /opt/airflow/dags/variables_y_secrets.py for tasks to queue
[2023-07-15 23:52:39,541] {logging_mixin.py:115} INFO - [2023-07-15 23:52:39,540] {dagbag.py:508} INFO - Filling up the DagBag from /opt/airflow/dags/variables_y_secrets.py
[2023-07-15 23:52:39,555] {processor.py:651} INFO - DAG(s) dict_keys(['probando_conexion']) retrieved from /opt/airflow/dags/variables_y_secrets.py
[2023-07-15 23:52:39,688] {logging_mixin.py:115} INFO - [2023-07-15 23:52:39,688] {dag.py:2420} INFO - Sync 1 DAGs
[2023-07-15 23:52:39,730] {logging_mixin.py:115} INFO - [2023-07-15 23:52:39,730] {dag.py:2972} INFO - Setting next_dagrun for probando_conexion to 2023-07-16T00:00:00+00:00, run_after=2023-07-17T00:00:00+00:00
[2023-07-15 23:52:39,752] {processor.py:161} INFO - Processing /opt/airflow/dags/variables_y_secrets.py took 0.216 seconds
[2023-07-15 23:53:09,972] {processor.py:153} INFO - Started process (PID=13885) to work on /opt/airflow/dags/variables_y_secrets.py
[2023-07-15 23:53:09,975] {processor.py:641} INFO - Processing file /opt/airflow/dags/variables_y_secrets.py for tasks to queue
[2023-07-15 23:53:09,978] {logging_mixin.py:115} INFO - [2023-07-15 23:53:09,977] {dagbag.py:508} INFO - Filling up the DagBag from /opt/airflow/dags/variables_y_secrets.py
[2023-07-15 23:53:09,993] {processor.py:651} INFO - DAG(s) dict_keys(['probando_conexion']) retrieved from /opt/airflow/dags/variables_y_secrets.py
[2023-07-15 23:53:10,121] {logging_mixin.py:115} INFO - [2023-07-15 23:53:10,121] {dag.py:2420} INFO - Sync 1 DAGs
[2023-07-15 23:53:10,159] {logging_mixin.py:115} INFO - [2023-07-15 23:53:10,159] {dag.py:2972} INFO - Setting next_dagrun for probando_conexion to 2023-07-16T00:00:00+00:00, run_after=2023-07-17T00:00:00+00:00
[2023-07-15 23:53:10,180] {processor.py:161} INFO - Processing /opt/airflow/dags/variables_y_secrets.py took 0.214 seconds
[2023-07-15 23:53:40,331] {processor.py:153} INFO - Started process (PID=13953) to work on /opt/airflow/dags/variables_y_secrets.py
[2023-07-15 23:53:40,332] {processor.py:641} INFO - Processing file /opt/airflow/dags/variables_y_secrets.py for tasks to queue
[2023-07-15 23:53:40,333] {logging_mixin.py:115} INFO - [2023-07-15 23:53:40,333] {dagbag.py:508} INFO - Filling up the DagBag from /opt/airflow/dags/variables_y_secrets.py
[2023-07-15 23:53:40,348] {processor.py:651} INFO - DAG(s) dict_keys(['probando_conexion']) retrieved from /opt/airflow/dags/variables_y_secrets.py
[2023-07-15 23:53:40,391] {logging_mixin.py:115} INFO - [2023-07-15 23:53:40,391] {dag.py:2420} INFO - Sync 1 DAGs
[2023-07-15 23:53:40,438] {logging_mixin.py:115} INFO - [2023-07-15 23:53:40,438] {dag.py:2972} INFO - Setting next_dagrun for probando_conexion to 2023-07-16T00:00:00+00:00, run_after=2023-07-17T00:00:00+00:00
[2023-07-15 23:53:40,455] {processor.py:161} INFO - Processing /opt/airflow/dags/variables_y_secrets.py took 0.127 seconds
[2023-07-15 23:53:41,134] {processor.py:153} INFO - Started process (PID=13960) to work on /opt/airflow/dags/variables_y_secrets.py
[2023-07-15 23:53:41,135] {processor.py:641} INFO - Processing file /opt/airflow/dags/variables_y_secrets.py for tasks to queue
[2023-07-15 23:53:41,136] {logging_mixin.py:115} INFO - [2023-07-15 23:53:41,135] {dagbag.py:508} INFO - Filling up the DagBag from /opt/airflow/dags/variables_y_secrets.py
[2023-07-15 23:53:41,149] {processor.py:651} INFO - DAG(s) dict_keys(['probando_conexion']) retrieved from /opt/airflow/dags/variables_y_secrets.py
[2023-07-15 23:53:41,189] {logging_mixin.py:115} INFO - [2023-07-15 23:53:41,188] {dag.py:2420} INFO - Sync 1 DAGs
[2023-07-15 23:53:41,233] {logging_mixin.py:115} INFO - [2023-07-15 23:53:41,233] {dag.py:2972} INFO - Setting next_dagrun for probando_conexion to 2023-07-16T00:00:00+00:00, run_after=2023-07-17T00:00:00+00:00
[2023-07-15 23:53:41,256] {processor.py:161} INFO - Processing /opt/airflow/dags/variables_y_secrets.py took 0.126 seconds
[2023-07-15 23:53:44,162] {processor.py:153} INFO - Started process (PID=13963) to work on /opt/airflow/dags/variables_y_secrets.py
[2023-07-15 23:53:44,162] {processor.py:641} INFO - Processing file /opt/airflow/dags/variables_y_secrets.py for tasks to queue
[2023-07-15 23:53:44,163] {logging_mixin.py:115} INFO - [2023-07-15 23:53:44,163] {dagbag.py:508} INFO - Filling up the DagBag from /opt/airflow/dags/variables_y_secrets.py
[2023-07-15 23:53:44,176] {processor.py:651} INFO - DAG(s) dict_keys(['probando_conexion']) retrieved from /opt/airflow/dags/variables_y_secrets.py
[2023-07-15 23:53:44,210] {logging_mixin.py:115} INFO - [2023-07-15 23:53:44,210] {dag.py:2420} INFO - Sync 1 DAGs
[2023-07-15 23:53:44,259] {logging_mixin.py:115} INFO - [2023-07-15 23:53:44,259] {dag.py:2972} INFO - Setting next_dagrun for probando_conexion to 2023-07-16T00:00:00+00:00, run_after=2023-07-17T00:00:00+00:00
[2023-07-15 23:53:44,297] {processor.py:161} INFO - Processing /opt/airflow/dags/variables_y_secrets.py took 0.140 seconds
[2023-07-15 23:54:14,682] {processor.py:153} INFO - Started process (PID=14022) to work on /opt/airflow/dags/variables_y_secrets.py
[2023-07-15 23:54:14,684] {processor.py:641} INFO - Processing file /opt/airflow/dags/variables_y_secrets.py for tasks to queue
[2023-07-15 23:54:14,684] {logging_mixin.py:115} INFO - [2023-07-15 23:54:14,684] {dagbag.py:508} INFO - Filling up the DagBag from /opt/airflow/dags/variables_y_secrets.py
[2023-07-15 23:54:14,697] {processor.py:651} INFO - DAG(s) dict_keys(['probando_conexion']) retrieved from /opt/airflow/dags/variables_y_secrets.py
[2023-07-15 23:54:14,816] {logging_mixin.py:115} INFO - [2023-07-15 23:54:14,816] {dag.py:2420} INFO - Sync 1 DAGs
[2023-07-15 23:54:14,845] {logging_mixin.py:115} INFO - [2023-07-15 23:54:14,845] {dag.py:2972} INFO - Setting next_dagrun for probando_conexion to 2023-07-16T00:00:00+00:00, run_after=2023-07-17T00:00:00+00:00
[2023-07-15 23:54:14,863] {processor.py:161} INFO - Processing /opt/airflow/dags/variables_y_secrets.py took 0.185 seconds
[2023-07-15 23:54:45,748] {processor.py:153} INFO - Started process (PID=14090) to work on /opt/airflow/dags/variables_y_secrets.py
[2023-07-15 23:54:45,749] {processor.py:641} INFO - Processing file /opt/airflow/dags/variables_y_secrets.py for tasks to queue
[2023-07-15 23:54:45,749] {logging_mixin.py:115} INFO - [2023-07-15 23:54:45,749] {dagbag.py:508} INFO - Filling up the DagBag from /opt/airflow/dags/variables_y_secrets.py
[2023-07-15 23:54:45,757] {processor.py:651} INFO - DAG(s) dict_keys(['probando_conexion']) retrieved from /opt/airflow/dags/variables_y_secrets.py
[2023-07-15 23:54:45,786] {logging_mixin.py:115} INFO - [2023-07-15 23:54:45,785] {dag.py:2420} INFO - Sync 1 DAGs
[2023-07-15 23:54:45,811] {logging_mixin.py:115} INFO - [2023-07-15 23:54:45,811] {dag.py:2972} INFO - Setting next_dagrun for probando_conexion to 2023-07-16T00:00:00+00:00, run_after=2023-07-17T00:00:00+00:00
[2023-07-15 23:54:45,824] {processor.py:161} INFO - Processing /opt/airflow/dags/variables_y_secrets.py took 0.079 seconds
[2023-07-15 23:55:09,503] {processor.py:153} INFO - Started process (PID=14136) to work on /opt/airflow/dags/variables_y_secrets.py
[2023-07-15 23:55:09,503] {processor.py:641} INFO - Processing file /opt/airflow/dags/variables_y_secrets.py for tasks to queue
[2023-07-15 23:55:09,504] {logging_mixin.py:115} INFO - [2023-07-15 23:55:09,504] {dagbag.py:508} INFO - Filling up the DagBag from /opt/airflow/dags/variables_y_secrets.py
[2023-07-15 23:55:09,514] {processor.py:651} INFO - DAG(s) dict_keys(['probando_conexion']) retrieved from /opt/airflow/dags/variables_y_secrets.py
[2023-07-15 23:55:09,653] {logging_mixin.py:115} INFO - [2023-07-15 23:55:09,653] {dag.py:2420} INFO - Sync 1 DAGs
[2023-07-15 23:55:09,711] {logging_mixin.py:115} INFO - [2023-07-15 23:55:09,711] {dag.py:2972} INFO - Setting next_dagrun for probando_conexion to 2023-07-16T00:00:00+00:00, run_after=2023-07-17T00:00:00+00:00
[2023-07-15 23:55:09,773] {processor.py:161} INFO - Processing /opt/airflow/dags/variables_y_secrets.py took 0.274 seconds
[2023-07-15 23:55:39,986] {processor.py:153} INFO - Started process (PID=14194) to work on /opt/airflow/dags/variables_y_secrets.py
[2023-07-15 23:55:39,987] {processor.py:641} INFO - Processing file /opt/airflow/dags/variables_y_secrets.py for tasks to queue
[2023-07-15 23:55:39,988] {logging_mixin.py:115} INFO - [2023-07-15 23:55:39,988] {dagbag.py:508} INFO - Filling up the DagBag from /opt/airflow/dags/variables_y_secrets.py
[2023-07-15 23:55:40,003] {processor.py:651} INFO - DAG(s) dict_keys(['probando_conexion']) retrieved from /opt/airflow/dags/variables_y_secrets.py
[2023-07-15 23:55:40,045] {logging_mixin.py:115} INFO - [2023-07-15 23:55:40,044] {dag.py:2420} INFO - Sync 1 DAGs
[2023-07-15 23:55:40,085] {logging_mixin.py:115} INFO - [2023-07-15 23:55:40,085] {dag.py:2972} INFO - Setting next_dagrun for probando_conexion to 2023-07-16T00:00:00+00:00, run_after=2023-07-17T00:00:00+00:00
[2023-07-15 23:55:40,101] {processor.py:161} INFO - Processing /opt/airflow/dags/variables_y_secrets.py took 0.122 seconds
[2023-07-15 23:56:10,479] {processor.py:153} INFO - Started process (PID=14262) to work on /opt/airflow/dags/variables_y_secrets.py
[2023-07-15 23:56:10,485] {processor.py:641} INFO - Processing file /opt/airflow/dags/variables_y_secrets.py for tasks to queue
[2023-07-15 23:56:10,486] {logging_mixin.py:115} INFO - [2023-07-15 23:56:10,486] {dagbag.py:508} INFO - Filling up the DagBag from /opt/airflow/dags/variables_y_secrets.py
[2023-07-15 23:56:10,550] {processor.py:651} INFO - DAG(s) dict_keys(['probando_conexion']) retrieved from /opt/airflow/dags/variables_y_secrets.py
[2023-07-15 23:56:11,131] {logging_mixin.py:115} INFO - [2023-07-15 23:56:11,130] {dag.py:2420} INFO - Sync 1 DAGs
[2023-07-15 23:56:11,274] {logging_mixin.py:115} INFO - [2023-07-15 23:56:11,268] {dag.py:2972} INFO - Setting next_dagrun for probando_conexion to 2023-07-16T00:00:00+00:00, run_after=2023-07-17T00:00:00+00:00
[2023-07-15 23:56:11,342] {processor.py:161} INFO - Processing /opt/airflow/dags/variables_y_secrets.py took 0.869 seconds
[2023-07-15 23:56:41,651] {processor.py:153} INFO - Started process (PID=14314) to work on /opt/airflow/dags/variables_y_secrets.py
[2023-07-15 23:56:41,652] {processor.py:641} INFO - Processing file /opt/airflow/dags/variables_y_secrets.py for tasks to queue
[2023-07-15 23:56:41,653] {logging_mixin.py:115} INFO - [2023-07-15 23:56:41,653] {dagbag.py:508} INFO - Filling up the DagBag from /opt/airflow/dags/variables_y_secrets.py
[2023-07-15 23:56:41,700] {processor.py:651} INFO - DAG(s) dict_keys(['probando_conexion']) retrieved from /opt/airflow/dags/variables_y_secrets.py
[2023-07-15 23:56:41,921] {logging_mixin.py:115} INFO - [2023-07-15 23:56:41,921] {dag.py:2420} INFO - Sync 1 DAGs
[2023-07-15 23:56:42,071] {logging_mixin.py:115} INFO - [2023-07-15 23:56:42,071] {dag.py:2972} INFO - Setting next_dagrun for probando_conexion to 2023-07-16T00:00:00+00:00, run_after=2023-07-17T00:00:00+00:00
[2023-07-15 23:56:42,193] {processor.py:161} INFO - Processing /opt/airflow/dags/variables_y_secrets.py took 0.582 seconds
[2023-07-15 23:57:12,403] {processor.py:153} INFO - Started process (PID=14379) to work on /opt/airflow/dags/variables_y_secrets.py
[2023-07-15 23:57:12,404] {processor.py:641} INFO - Processing file /opt/airflow/dags/variables_y_secrets.py for tasks to queue
[2023-07-15 23:57:12,405] {logging_mixin.py:115} INFO - [2023-07-15 23:57:12,405] {dagbag.py:508} INFO - Filling up the DagBag from /opt/airflow/dags/variables_y_secrets.py
[2023-07-15 23:57:12,419] {processor.py:651} INFO - DAG(s) dict_keys(['probando_conexion']) retrieved from /opt/airflow/dags/variables_y_secrets.py
[2023-07-15 23:57:12,510] {logging_mixin.py:115} INFO - [2023-07-15 23:57:12,509] {dag.py:2420} INFO - Sync 1 DAGs
[2023-07-15 23:57:12,542] {logging_mixin.py:115} INFO - [2023-07-15 23:57:12,542] {dag.py:2972} INFO - Setting next_dagrun for probando_conexion to 2023-07-16T00:00:00+00:00, run_after=2023-07-17T00:00:00+00:00
[2023-07-15 23:57:12,562] {processor.py:161} INFO - Processing /opt/airflow/dags/variables_y_secrets.py took 0.165 seconds
[2023-07-15 23:57:43,082] {processor.py:153} INFO - Started process (PID=14438) to work on /opt/airflow/dags/variables_y_secrets.py
[2023-07-15 23:57:43,083] {processor.py:641} INFO - Processing file /opt/airflow/dags/variables_y_secrets.py for tasks to queue
[2023-07-15 23:57:43,084] {logging_mixin.py:115} INFO - [2023-07-15 23:57:43,083] {dagbag.py:508} INFO - Filling up the DagBag from /opt/airflow/dags/variables_y_secrets.py
[2023-07-15 23:57:43,093] {processor.py:651} INFO - DAG(s) dict_keys(['probando_conexion']) retrieved from /opt/airflow/dags/variables_y_secrets.py
[2023-07-15 23:57:43,128] {logging_mixin.py:115} INFO - [2023-07-15 23:57:43,128] {dag.py:2420} INFO - Sync 1 DAGs
[2023-07-15 23:57:43,162] {logging_mixin.py:115} INFO - [2023-07-15 23:57:43,162] {dag.py:2972} INFO - Setting next_dagrun for probando_conexion to 2023-07-16T00:00:00+00:00, run_after=2023-07-17T00:00:00+00:00
[2023-07-15 23:57:43,176] {processor.py:161} INFO - Processing /opt/airflow/dags/variables_y_secrets.py took 0.098 seconds
[2023-07-15 23:58:13,307] {processor.py:153} INFO - Started process (PID=14497) to work on /opt/airflow/dags/variables_y_secrets.py
[2023-07-15 23:58:13,307] {processor.py:641} INFO - Processing file /opt/airflow/dags/variables_y_secrets.py for tasks to queue
[2023-07-15 23:58:13,308] {logging_mixin.py:115} INFO - [2023-07-15 23:58:13,308] {dagbag.py:508} INFO - Filling up the DagBag from /opt/airflow/dags/variables_y_secrets.py
[2023-07-15 23:58:13,321] {processor.py:651} INFO - DAG(s) dict_keys(['probando_conexion']) retrieved from /opt/airflow/dags/variables_y_secrets.py
[2023-07-15 23:58:13,417] {logging_mixin.py:115} INFO - [2023-07-15 23:58:13,417] {dag.py:2420} INFO - Sync 1 DAGs
[2023-07-15 23:58:13,446] {logging_mixin.py:115} INFO - [2023-07-15 23:58:13,446] {dag.py:2972} INFO - Setting next_dagrun for probando_conexion to 2023-07-16T00:00:00+00:00, run_after=2023-07-17T00:00:00+00:00
[2023-07-15 23:58:13,464] {processor.py:161} INFO - Processing /opt/airflow/dags/variables_y_secrets.py took 0.162 seconds
[2023-07-15 23:58:44,107] {processor.py:153} INFO - Started process (PID=14565) to work on /opt/airflow/dags/variables_y_secrets.py
[2023-07-15 23:58:44,108] {processor.py:641} INFO - Processing file /opt/airflow/dags/variables_y_secrets.py for tasks to queue
[2023-07-15 23:58:44,109] {logging_mixin.py:115} INFO - [2023-07-15 23:58:44,109] {dagbag.py:508} INFO - Filling up the DagBag from /opt/airflow/dags/variables_y_secrets.py
[2023-07-15 23:58:44,118] {processor.py:651} INFO - DAG(s) dict_keys(['probando_conexion']) retrieved from /opt/airflow/dags/variables_y_secrets.py
[2023-07-15 23:58:44,152] {logging_mixin.py:115} INFO - [2023-07-15 23:58:44,152] {dag.py:2420} INFO - Sync 1 DAGs
[2023-07-15 23:58:44,182] {logging_mixin.py:115} INFO - [2023-07-15 23:58:44,182] {dag.py:2972} INFO - Setting next_dagrun for probando_conexion to 2023-07-16T00:00:00+00:00, run_after=2023-07-17T00:00:00+00:00
[2023-07-15 23:58:44,198] {processor.py:161} INFO - Processing /opt/airflow/dags/variables_y_secrets.py took 0.095 seconds
[2023-07-15 23:59:14,480] {processor.py:153} INFO - Started process (PID=14625) to work on /opt/airflow/dags/variables_y_secrets.py
[2023-07-15 23:59:14,482] {processor.py:641} INFO - Processing file /opt/airflow/dags/variables_y_secrets.py for tasks to queue
[2023-07-15 23:59:14,484] {logging_mixin.py:115} INFO - [2023-07-15 23:59:14,484] {dagbag.py:508} INFO - Filling up the DagBag from /opt/airflow/dags/variables_y_secrets.py
[2023-07-15 23:59:14,502] {processor.py:651} INFO - DAG(s) dict_keys(['probando_conexion']) retrieved from /opt/airflow/dags/variables_y_secrets.py
[2023-07-15 23:59:14,605] {logging_mixin.py:115} INFO - [2023-07-15 23:59:14,604] {dag.py:2420} INFO - Sync 1 DAGs
[2023-07-15 23:59:14,652] {logging_mixin.py:115} INFO - [2023-07-15 23:59:14,651] {dag.py:2972} INFO - Setting next_dagrun for probando_conexion to 2023-07-16T00:00:00+00:00, run_after=2023-07-17T00:00:00+00:00
[2023-07-15 23:59:14,700] {processor.py:161} INFO - Processing /opt/airflow/dags/variables_y_secrets.py took 0.225 seconds
[2023-07-15 23:59:45,070] {processor.py:153} INFO - Started process (PID=14693) to work on /opt/airflow/dags/variables_y_secrets.py
[2023-07-15 23:59:45,071] {processor.py:641} INFO - Processing file /opt/airflow/dags/variables_y_secrets.py for tasks to queue
[2023-07-15 23:59:45,072] {logging_mixin.py:115} INFO - [2023-07-15 23:59:45,072] {dagbag.py:508} INFO - Filling up the DagBag from /opt/airflow/dags/variables_y_secrets.py
[2023-07-15 23:59:45,083] {processor.py:651} INFO - DAG(s) dict_keys(['probando_conexion']) retrieved from /opt/airflow/dags/variables_y_secrets.py
[2023-07-15 23:59:45,114] {logging_mixin.py:115} INFO - [2023-07-15 23:59:45,114] {dag.py:2420} INFO - Sync 1 DAGs
[2023-07-15 23:59:45,152] {logging_mixin.py:115} INFO - [2023-07-15 23:59:45,151] {dag.py:2972} INFO - Setting next_dagrun for probando_conexion to 2023-07-16T00:00:00+00:00, run_after=2023-07-17T00:00:00+00:00
[2023-07-15 23:59:45,166] {processor.py:161} INFO - Processing /opt/airflow/dags/variables_y_secrets.py took 0.099 seconds
