[2023-07-30 22:04:47,692] {taskinstance.py:1179} INFO - Dependencies all met for <TaskInstance: dag_smtp_email_automatico.dag_envio scheduled__2023-02-17T00:00:00+00:00 [queued]>
[2023-07-30 22:04:47,813] {taskinstance.py:1179} INFO - Dependencies all met for <TaskInstance: dag_smtp_email_automatico.dag_envio scheduled__2023-02-17T00:00:00+00:00 [queued]>
[2023-07-30 22:04:47,813] {taskinstance.py:1376} INFO - 
--------------------------------------------------------------------------------
[2023-07-30 22:04:47,813] {taskinstance.py:1377} INFO - Starting attempt 1 of 1
[2023-07-30 22:04:47,813] {taskinstance.py:1378} INFO - 
--------------------------------------------------------------------------------
[2023-07-30 22:04:48,046] {taskinstance.py:1397} INFO - Executing <Task(PythonOperator): dag_envio> on 2023-02-17 00:00:00+00:00
[2023-07-30 22:04:48,123] {standard_task_runner.py:52} INFO - Started process 1189 to run task
[2023-07-30 22:04:48,147] {standard_task_runner.py:79} INFO - Running: ['***', 'tasks', 'run', 'dag_smtp_email_automatico', 'dag_envio', 'scheduled__2023-02-17T00:00:00+00:00', '--job-id', '164', '--raw', '--subdir', 'DAGS_FOLDER/dag_smtp_email.py', '--cfg-path', '/tmp/tmpc9d_vgrf', '--error-file', '/tmp/tmptr48k9pw']
[2023-07-30 22:04:48,148] {standard_task_runner.py:80} INFO - Job 164: Subtask dag_envio
[2023-07-30 22:04:48,717] {task_command.py:371} INFO - Running <TaskInstance: dag_smtp_email_automatico.dag_envio scheduled__2023-02-17T00:00:00+00:00 [running]> on host b0e2d990d7ae
[2023-07-30 22:04:49,701] {taskinstance.py:1591} INFO - Exporting the following env vars:
AIRFLOW_CTX_DAG_OWNER=Ariel Feldman
AIRFLOW_CTX_DAG_ID=dag_smtp_email_automatico
AIRFLOW_CTX_TASK_ID=dag_envio
AIRFLOW_CTX_EXECUTION_DATE=2023-02-17T00:00:00+00:00
AIRFLOW_CTX_TRY_NUMBER=1
AIRFLOW_CTX_DAG_RUN_ID=scheduled__2023-02-17T00:00:00+00:00
[2023-07-30 22:04:51,221] {logging_mixin.py:115} INFO - (535, b'5.7.8 Username and Password not accepted. Learn more at\n5.7.8  https://support.google.com/mail/?p=BadCredentials v23-20020a544497000000b003a368f3e0a6sm3592131oiv.3 - gsmtp')
[2023-07-30 22:04:51,221] {logging_mixin.py:115} INFO - Failure
[2023-07-30 22:04:51,221] {python.py:173} INFO - Done. Returned value was: None
[2023-07-30 22:04:51,618] {taskinstance.py:1420} INFO - Marking task as SUCCESS. dag_id=dag_smtp_email_automatico, task_id=dag_envio, execution_date=20230217T000000, start_date=20230730T220447, end_date=20230730T220451
[2023-07-30 22:04:51,689] {local_task_job.py:156} INFO - Task exited with return code 0
[2023-07-30 22:04:52,474] {local_task_job.py:273} INFO - 0 downstream tasks scheduled from follow-on schedule check
