[2023-08-01 00:09:17,023] {taskinstance.py:1179} INFO - Dependencies all met for <TaskInstance: dag_smtp_email_automatico.dag_envio scheduled__2023-07-31T23:24:00+00:00 [queued]>
[2023-08-01 00:09:17,120] {taskinstance.py:1179} INFO - Dependencies all met for <TaskInstance: dag_smtp_email_automatico.dag_envio scheduled__2023-07-31T23:24:00+00:00 [queued]>
[2023-08-01 00:09:17,120] {taskinstance.py:1376} INFO - 
--------------------------------------------------------------------------------
[2023-08-01 00:09:17,120] {taskinstance.py:1377} INFO - Starting attempt 1 of 11
[2023-08-01 00:09:17,120] {taskinstance.py:1378} INFO - 
--------------------------------------------------------------------------------
[2023-08-01 00:09:17,268] {taskinstance.py:1397} INFO - Executing <Task(PythonOperator): dag_envio> on 2023-07-31 23:24:00+00:00
[2023-08-01 00:09:17,333] {standard_task_runner.py:79} INFO - Running: ['***', 'tasks', 'run', 'dag_smtp_email_automatico', 'dag_envio', 'scheduled__2023-07-31T23:24:00+00:00', '--job-id', '610', '--raw', '--subdir', 'DAGS_FOLDER/dag_smtp_email.py', '--cfg-path', '/tmp/tmp_uwaoebn', '--error-file', '/tmp/tmp3o0hlcw8']
[2023-08-01 00:09:17,334] {standard_task_runner.py:80} INFO - Job 610: Subtask dag_envio
[2023-08-01 00:09:17,303] {standard_task_runner.py:52} INFO - Started process 18403 to run task
[2023-08-01 00:09:17,816] {task_command.py:371} INFO - Running <TaskInstance: dag_smtp_email_automatico.dag_envio scheduled__2023-07-31T23:24:00+00:00 [running]> on host b0e2d990d7ae
[2023-08-01 00:09:18,424] {taskinstance.py:1591} INFO - Exporting the following env vars:
AIRFLOW_CTX_DAG_EMAIL=arielmfeldman.af@gmail.com
AIRFLOW_CTX_DAG_OWNER=Ariel Feldman
AIRFLOW_CTX_DAG_ID=dag_smtp_email_automatico
AIRFLOW_CTX_TASK_ID=dag_envio
AIRFLOW_CTX_EXECUTION_DATE=2023-07-31T23:24:00+00:00
AIRFLOW_CTX_TRY_NUMBER=1
AIRFLOW_CTX_DAG_RUN_ID=scheduled__2023-07-31T23:24:00+00:00
[2023-08-01 00:09:20,606] {logging_mixin.py:115} INFO - Exito
[2023-08-01 00:09:20,607] {python.py:173} INFO - Done. Returned value was: None
[2023-08-01 00:09:20,625] {taskinstance.py:1420} INFO - Marking task as SUCCESS. dag_id=dag_smtp_email_automatico, task_id=dag_envio, execution_date=20230731T232400, start_date=20230801T000917, end_date=20230801T000920
[2023-08-01 00:09:20,672] {local_task_job.py:156} INFO - Task exited with return code 0
[2023-08-01 00:09:20,714] {local_task_job.py:273} INFO - 0 downstream tasks scheduled from follow-on schedule check
