[2023-08-01 23:27:55,938] {taskinstance.py:1179} INFO - Dependencies all met for <TaskInstance: etl_api_marvel_2.extract manual__2023-08-01T23:27:53.960360+00:00 [queued]>
[2023-08-01 23:27:55,955] {taskinstance.py:1179} INFO - Dependencies all met for <TaskInstance: etl_api_marvel_2.extract manual__2023-08-01T23:27:53.960360+00:00 [queued]>
[2023-08-01 23:27:55,955] {taskinstance.py:1376} INFO - 
--------------------------------------------------------------------------------
[2023-08-01 23:27:55,955] {taskinstance.py:1377} INFO - Starting attempt 1 of 2
[2023-08-01 23:27:55,955] {taskinstance.py:1378} INFO - 
--------------------------------------------------------------------------------
[2023-08-01 23:27:55,981] {taskinstance.py:1397} INFO - Executing <Task(PythonOperator): extract> on 2023-08-01 23:27:53.960360+00:00
[2023-08-01 23:27:55,990] {standard_task_runner.py:52} INFO - Started process 2104 to run task
[2023-08-01 23:27:55,994] {standard_task_runner.py:79} INFO - Running: ['***', 'tasks', 'run', 'etl_api_marvel_2', 'extract', 'manual__2023-08-01T23:27:53.960360+00:00', '--job-id', '1273', '--raw', '--subdir', 'DAGS_FOLDER/dag_etl_failure.py', '--cfg-path', '/tmp/tmpkags8jrg', '--error-file', '/tmp/tmpvoscfb48']
[2023-08-01 23:27:55,996] {standard_task_runner.py:80} INFO - Job 1273: Subtask extract
[2023-08-01 23:27:56,095] {task_command.py:371} INFO - Running <TaskInstance: etl_api_marvel_2.extract manual__2023-08-01T23:27:53.960360+00:00 [running]> on host 24cbf2f01ed0
[2023-08-01 23:27:56,242] {taskinstance.py:1591} INFO - Exporting the following env vars:
AIRFLOW_CTX_DAG_EMAIL=arielmfeldman.af@gmail.com
AIRFLOW_CTX_DAG_OWNER=Ariel Feldman
AIRFLOW_CTX_DAG_ID=etl_api_marvel_2
AIRFLOW_CTX_TASK_ID=extract
AIRFLOW_CTX_EXECUTION_DATE=2023-08-01T23:27:53.960360+00:00
AIRFLOW_CTX_TRY_NUMBER=1
AIRFLOW_CTX_DAG_RUN_ID=manual__2023-08-01T23:27:53.960360+00:00
[2023-08-01 23:27:57,471] {python.py:173} INFO - Done. Returned value was: None
[2023-08-01 23:27:57,488] {taskinstance.py:1420} INFO - Marking task as SUCCESS. dag_id=etl_api_marvel_2, task_id=extract, execution_date=20230801T232753, start_date=20230801T232755, end_date=20230801T232757
[2023-08-01 23:27:57,536] {local_task_job.py:156} INFO - Task exited with return code 0
[2023-08-01 23:27:57,570] {taskinstance.py:1760} ERROR - Error when executing on_success_callback
Traceback (most recent call last):
  File "/home/airflow/.local/lib/python3.7/site-packages/airflow/models/taskinstance.py", line 1758, in _run_finished_callback
    task.on_success_callback(context)
TypeError: send_email() missing 1 required positional argument: 'context'
[2023-08-01 23:27:57,600] {local_task_job.py:273} INFO - 1 downstream tasks scheduled from follow-on schedule check
