[2023-07-30 22:02:47,874] {taskinstance.py:1179} INFO - Dependencies all met for <TaskInstance: dag_smtp_email_automatico.dag_envio scheduled__2022-10-29T00:00:00+00:00 [queued]>
[2023-07-30 22:02:47,937] {taskinstance.py:1179} INFO - Dependencies all met for <TaskInstance: dag_smtp_email_automatico.dag_envio scheduled__2022-10-29T00:00:00+00:00 [queued]>
[2023-07-30 22:02:47,937] {taskinstance.py:1376} INFO - 
--------------------------------------------------------------------------------
[2023-07-30 22:02:47,937] {taskinstance.py:1377} INFO - Starting attempt 1 of 1
[2023-07-30 22:02:47,938] {taskinstance.py:1378} INFO - 
--------------------------------------------------------------------------------
[2023-07-30 22:02:48,078] {taskinstance.py:1397} INFO - Executing <Task(PythonOperator): dag_envio> on 2022-10-29 00:00:00+00:00
[2023-07-30 22:02:48,108] {standard_task_runner.py:52} INFO - Started process 902 to run task
[2023-07-30 22:02:48,116] {standard_task_runner.py:79} INFO - Running: ['***', 'tasks', 'run', 'dag_smtp_email_automatico', 'dag_envio', 'scheduled__2022-10-29T00:00:00+00:00', '--job-id', '56', '--raw', '--subdir', 'DAGS_FOLDER/dag_smtp_email.py', '--cfg-path', '/tmp/tmpfvv53qiu', '--error-file', '/tmp/tmp0p55ftjv']
[2023-07-30 22:02:48,116] {standard_task_runner.py:80} INFO - Job 56: Subtask dag_envio
[2023-07-30 22:02:49,078] {task_command.py:371} INFO - Running <TaskInstance: dag_smtp_email_automatico.dag_envio scheduled__2022-10-29T00:00:00+00:00 [running]> on host b0e2d990d7ae
[2023-07-30 22:02:50,373] {taskinstance.py:1591} INFO - Exporting the following env vars:
AIRFLOW_CTX_DAG_OWNER=Ariel Feldman
AIRFLOW_CTX_DAG_ID=dag_smtp_email_automatico
AIRFLOW_CTX_TASK_ID=dag_envio
AIRFLOW_CTX_EXECUTION_DATE=2022-10-29T00:00:00+00:00
AIRFLOW_CTX_TRY_NUMBER=1
AIRFLOW_CTX_DAG_RUN_ID=scheduled__2022-10-29T00:00:00+00:00
[2023-07-30 22:02:51,122] {logging_mixin.py:115} INFO - 'EMAIL'
[2023-07-30 22:02:51,149] {logging_mixin.py:115} INFO - Failure
[2023-07-30 22:02:51,149] {python.py:173} INFO - Done. Returned value was: None
[2023-07-30 22:02:51,397] {taskinstance.py:1420} INFO - Marking task as SUCCESS. dag_id=dag_smtp_email_automatico, task_id=dag_envio, execution_date=20221029T000000, start_date=20230730T220247, end_date=20230730T220251
[2023-07-30 22:02:51,931] {local_task_job.py:156} INFO - Task exited with return code 0
[2023-07-30 22:02:52,553] {local_task_job.py:273} INFO - 0 downstream tasks scheduled from follow-on schedule check
