[2023-07-13 21:33:27,711] {taskinstance.py:1179} INFO - Dependencies all met for <TaskInstance: probando_de_manera_propia.segunda_tarea_master manual__2023-07-13T21:33:25.278300+00:00 [queued]>
[2023-07-13 21:33:27,724] {taskinstance.py:1179} INFO - Dependencies all met for <TaskInstance: probando_de_manera_propia.segunda_tarea_master manual__2023-07-13T21:33:25.278300+00:00 [queued]>
[2023-07-13 21:33:27,724] {taskinstance.py:1376} INFO - 
--------------------------------------------------------------------------------
[2023-07-13 21:33:27,724] {taskinstance.py:1377} INFO - Starting attempt 1 of 6
[2023-07-13 21:33:27,725] {taskinstance.py:1378} INFO - 
--------------------------------------------------------------------------------
[2023-07-13 21:33:27,740] {taskinstance.py:1397} INFO - Executing <Task(BashOperator): segunda_tarea_master> on 2023-07-13 21:33:25.278300+00:00
[2023-07-13 21:33:27,746] {standard_task_runner.py:52} INFO - Started process 208 to run task
[2023-07-13 21:33:27,749] {standard_task_runner.py:79} INFO - Running: ['***', 'tasks', 'run', 'probando_de_manera_propia', 'segunda_tarea_master', 'manual__2023-07-13T21:33:25.278300+00:00', '--job-id', '656', '--raw', '--subdir', 'DAGS_FOLDER/segundo_dag.py', '--cfg-path', '/tmp/tmpya3iihdl', '--error-file', '/tmp/tmpieerxmqz']
[2023-07-13 21:33:27,750] {standard_task_runner.py:80} INFO - Job 656: Subtask segunda_tarea_master
[2023-07-13 21:33:27,817] {task_command.py:371} INFO - Running <TaskInstance: probando_de_manera_propia.segunda_tarea_master manual__2023-07-13T21:33:25.278300+00:00 [running]> on host 7a1b6d75866e
[2023-07-13 21:33:27,898] {taskinstance.py:1591} INFO - Exporting the following env vars:
AIRFLOW_CTX_DAG_OWNER=Ariel Feldman
AIRFLOW_CTX_DAG_ID=probando_de_manera_propia
AIRFLOW_CTX_TASK_ID=segunda_tarea_master
AIRFLOW_CTX_EXECUTION_DATE=2023-07-13T21:33:25.278300+00:00
AIRFLOW_CTX_TRY_NUMBER=1
AIRFLOW_CTX_DAG_RUN_ID=manual__2023-07-13T21:33:25.278300+00:00
[2023-07-13 21:33:27,900] {subprocess.py:62} INFO - Tmp dir root location: 
 /tmp
[2023-07-13 21:33:27,900] {subprocess.py:74} INFO - Running command: ['bash', '-c', 'echo a que te muevo']
[2023-07-13 21:33:27,914] {subprocess.py:85} INFO - Output:
[2023-07-13 21:33:27,916] {subprocess.py:92} INFO - a que te muevo
[2023-07-13 21:33:27,916] {subprocess.py:96} INFO - Command exited with return code 0
[2023-07-13 21:33:27,952] {taskinstance.py:1420} INFO - Marking task as SUCCESS. dag_id=probando_de_manera_propia, task_id=segunda_tarea_master, execution_date=20230713T213325, start_date=20230713T213327, end_date=20230713T213327
[2023-07-13 21:33:28,001] {local_task_job.py:156} INFO - Task exited with return code 0
[2023-07-13 21:33:28,036] {local_task_job.py:273} INFO - 0 downstream tasks scheduled from follow-on schedule check
