[2023-07-31 00:00:46,152] {taskinstance.py:1179} INFO - Dependencies all met for <TaskInstance: hello_world.hello_task scheduled__2017-04-03T00:00:00+00:00 [queued]>
[2023-07-31 00:00:46,302] {taskinstance.py:1179} INFO - Dependencies all met for <TaskInstance: hello_world.hello_task scheduled__2017-04-03T00:00:00+00:00 [queued]>
[2023-07-31 00:00:46,302] {taskinstance.py:1376} INFO - 
--------------------------------------------------------------------------------
[2023-07-31 00:00:46,302] {taskinstance.py:1377} INFO - Starting attempt 1 of 1
[2023-07-31 00:00:46,302] {taskinstance.py:1378} INFO - 
--------------------------------------------------------------------------------
[2023-07-31 00:00:46,541] {taskinstance.py:1397} INFO - Executing <Task(PythonOperator): hello_task> on 2017-04-03 00:00:00+00:00
[2023-07-31 00:00:46,595] {standard_task_runner.py:52} INFO - Started process 6497 to run task
[2023-07-31 00:00:46,713] {standard_task_runner.py:79} INFO - Running: ['***', 'tasks', 'run', 'hello_world', 'hello_task', 'scheduled__2017-04-03T00:00:00+00:00', '--job-id', '360', '--raw', '--subdir', 'DAGS_FOLDER/dag_smtp_test.py', '--cfg-path', '/tmp/tmps5kze_ca', '--error-file', '/tmp/tmp47e095pc']
[2023-07-31 00:00:46,714] {standard_task_runner.py:80} INFO - Job 360: Subtask hello_task
[2023-07-31 00:00:47,426] {task_command.py:371} INFO - Running <TaskInstance: hello_world.hello_task scheduled__2017-04-03T00:00:00+00:00 [running]> on host b0e2d990d7ae
[2023-07-31 00:00:48,269] {taskinstance.py:1591} INFO - Exporting the following env vars:
AIRFLOW_CTX_DAG_OWNER=***
AIRFLOW_CTX_DAG_ID=hello_world
AIRFLOW_CTX_TASK_ID=hello_task
AIRFLOW_CTX_EXECUTION_DATE=2017-04-03T00:00:00+00:00
AIRFLOW_CTX_TRY_NUMBER=1
AIRFLOW_CTX_DAG_RUN_ID=scheduled__2017-04-03T00:00:00+00:00
[2023-07-31 00:00:48,271] {logging_mixin.py:115} INFO - Hello world!
[2023-07-31 00:00:48,271] {python.py:173} INFO - Done. Returned value was: None
[2023-07-31 00:00:48,608] {taskinstance.py:1420} INFO - Marking task as SUCCESS. dag_id=hello_world, task_id=hello_task, execution_date=20170403T000000, start_date=20230731T000046, end_date=20230731T000048
[2023-07-31 00:00:48,957] {local_task_job.py:156} INFO - Task exited with return code 0
[2023-07-31 00:00:49,712] {local_task_job.py:273} INFO - 1 downstream tasks scheduled from follow-on schedule check
