[2023-07-31 00:01:17,714] {taskinstance.py:1179} INFO - Dependencies all met for <TaskInstance: hello_world.hello_task scheduled__2017-04-23T00:00:00+00:00 [queued]>
[2023-07-31 00:01:17,889] {taskinstance.py:1179} INFO - Dependencies all met for <TaskInstance: hello_world.hello_task scheduled__2017-04-23T00:00:00+00:00 [queued]>
[2023-07-31 00:01:17,889] {taskinstance.py:1376} INFO - 
--------------------------------------------------------------------------------
[2023-07-31 00:01:17,889] {taskinstance.py:1377} INFO - Starting attempt 1 of 1
[2023-07-31 00:01:17,890] {taskinstance.py:1378} INFO - 
--------------------------------------------------------------------------------
[2023-07-31 00:01:18,158] {taskinstance.py:1397} INFO - Executing <Task(PythonOperator): hello_task> on 2017-04-23 00:00:00+00:00
[2023-07-31 00:01:18,229] {standard_task_runner.py:52} INFO - Started process 6588 to run task
[2023-07-31 00:01:18,242] {standard_task_runner.py:79} INFO - Running: ['***', 'tasks', 'run', 'hello_world', 'hello_task', 'scheduled__2017-04-23T00:00:00+00:00', '--job-id', '393', '--raw', '--subdir', 'DAGS_FOLDER/dag_smtp_test.py', '--cfg-path', '/tmp/tmpuidzahyf', '--error-file', '/tmp/tmpnrutsflo']
[2023-07-31 00:01:18,243] {standard_task_runner.py:80} INFO - Job 393: Subtask hello_task
[2023-07-31 00:01:18,877] {task_command.py:371} INFO - Running <TaskInstance: hello_world.hello_task scheduled__2017-04-23T00:00:00+00:00 [running]> on host b0e2d990d7ae
[2023-07-31 00:01:19,487] {taskinstance.py:1591} INFO - Exporting the following env vars:
AIRFLOW_CTX_DAG_OWNER=***
AIRFLOW_CTX_DAG_ID=hello_world
AIRFLOW_CTX_TASK_ID=hello_task
AIRFLOW_CTX_EXECUTION_DATE=2017-04-23T00:00:00+00:00
AIRFLOW_CTX_TRY_NUMBER=1
AIRFLOW_CTX_DAG_RUN_ID=scheduled__2017-04-23T00:00:00+00:00
[2023-07-31 00:01:19,493] {logging_mixin.py:115} INFO - Hello world!
[2023-07-31 00:01:19,494] {python.py:173} INFO - Done. Returned value was: None
[2023-07-31 00:01:19,882] {taskinstance.py:1420} INFO - Marking task as SUCCESS. dag_id=hello_world, task_id=hello_task, execution_date=20170423T000000, start_date=20230731T000117, end_date=20230731T000119
[2023-07-31 00:01:19,969] {local_task_job.py:156} INFO - Task exited with return code 0
[2023-07-31 00:01:20,318] {local_task_job.py:273} INFO - 1 downstream tasks scheduled from follow-on schedule check
