[2023-08-01 00:15:34,375] {taskinstance.py:1179} INFO - Dependencies all met for <TaskInstance: dag_smtp_email_automatico.dag_envio scheduled__2023-08-01T00:15:03.392019+00:00 [queued]>
[2023-08-01 00:15:34,390] {taskinstance.py:1179} INFO - Dependencies all met for <TaskInstance: dag_smtp_email_automatico.dag_envio scheduled__2023-08-01T00:15:03.392019+00:00 [queued]>
[2023-08-01 00:15:34,390] {taskinstance.py:1376} INFO - 
--------------------------------------------------------------------------------
[2023-08-01 00:15:34,390] {taskinstance.py:1377} INFO - Starting attempt 1 of 11
[2023-08-01 00:15:34,390] {taskinstance.py:1378} INFO - 
--------------------------------------------------------------------------------
[2023-08-01 00:15:34,410] {taskinstance.py:1397} INFO - Executing <Task(PythonOperator): dag_envio> on 2023-08-01 00:15:03.392019+00:00
[2023-08-01 00:15:34,418] {standard_task_runner.py:52} INFO - Started process 18705 to run task
[2023-08-01 00:15:34,422] {standard_task_runner.py:79} INFO - Running: ['***', 'tasks', 'run', 'dag_smtp_email_automatico', 'dag_envio', 'scheduled__2023-08-01T00:15:03.392019+00:00', '--job-id', '633', '--raw', '--subdir', 'DAGS_FOLDER/dag_smtp_email.py', '--cfg-path', '/tmp/tmpu4bqd6qn', '--error-file', '/tmp/tmp89r_tr3w']
[2023-08-01 00:15:34,423] {standard_task_runner.py:80} INFO - Job 633: Subtask dag_envio
[2023-08-01 00:15:34,511] {task_command.py:371} INFO - Running <TaskInstance: dag_smtp_email_automatico.dag_envio scheduled__2023-08-01T00:15:03.392019+00:00 [running]> on host b0e2d990d7ae
[2023-08-01 00:15:34,609] {taskinstance.py:1591} INFO - Exporting the following env vars:
AIRFLOW_CTX_DAG_EMAIL=arielmfeldman.af@gmail.com
AIRFLOW_CTX_DAG_OWNER=Ariel Feldman
AIRFLOW_CTX_DAG_ID=dag_smtp_email_automatico
AIRFLOW_CTX_TASK_ID=dag_envio
AIRFLOW_CTX_EXECUTION_DATE=2023-08-01T00:15:03.392019+00:00
AIRFLOW_CTX_TRY_NUMBER=1
AIRFLOW_CTX_DAG_RUN_ID=scheduled__2023-08-01T00:15:03.392019+00:00
[2023-08-01 00:15:37,180] {logging_mixin.py:115} INFO - Exito
[2023-08-01 00:15:37,181] {python.py:173} INFO - Done. Returned value was: None
[2023-08-01 00:15:37,280] {taskinstance.py:1420} INFO - Marking task as SUCCESS. dag_id=dag_smtp_email_automatico, task_id=dag_envio, execution_date=20230801T001503, start_date=20230801T001534, end_date=20230801T001537
[2023-08-01 00:15:37,392] {local_task_job.py:156} INFO - Task exited with return code 0
[2023-08-01 00:15:37,512] {local_task_job.py:273} INFO - 0 downstream tasks scheduled from follow-on schedule check
