[2023-08-01 00:01:48,848] {taskinstance.py:1179} INFO - Dependencies all met for <TaskInstance: dag_smtp_email_automatico.dag_envio scheduled__2023-07-31T21:33:00+00:00 [queued]>
[2023-08-01 00:01:48,868] {taskinstance.py:1179} INFO - Dependencies all met for <TaskInstance: dag_smtp_email_automatico.dag_envio scheduled__2023-07-31T21:33:00+00:00 [queued]>
[2023-08-01 00:01:48,868] {taskinstance.py:1376} INFO - 
--------------------------------------------------------------------------------
[2023-08-01 00:01:48,868] {taskinstance.py:1377} INFO - Starting attempt 1 of 11
[2023-08-01 00:01:48,868] {taskinstance.py:1378} INFO - 
--------------------------------------------------------------------------------
[2023-08-01 00:01:48,900] {taskinstance.py:1397} INFO - Executing <Task(PythonOperator): dag_envio> on 2023-07-31 21:33:00+00:00
[2023-08-01 00:01:48,909] {standard_task_runner.py:52} INFO - Started process 17963 to run task
[2023-08-01 00:01:48,917] {standard_task_runner.py:79} INFO - Running: ['***', 'tasks', 'run', 'dag_smtp_email_automatico', 'dag_envio', 'scheduled__2023-07-31T21:33:00+00:00', '--job-id', '542', '--raw', '--subdir', 'DAGS_FOLDER/dag_smtp_email.py', '--cfg-path', '/tmp/tmplm4tu2m6', '--error-file', '/tmp/tmpkfm8n4xi']
[2023-08-01 00:01:48,918] {standard_task_runner.py:80} INFO - Job 542: Subtask dag_envio
[2023-08-01 00:01:49,081] {task_command.py:371} INFO - Running <TaskInstance: dag_smtp_email_automatico.dag_envio scheduled__2023-07-31T21:33:00+00:00 [running]> on host b0e2d990d7ae
[2023-08-01 00:01:49,226] {taskinstance.py:1591} INFO - Exporting the following env vars:
AIRFLOW_CTX_DAG_EMAIL=arielmfeldman.af@gmail.com
AIRFLOW_CTX_DAG_OWNER=Ariel Feldman
AIRFLOW_CTX_DAG_ID=dag_smtp_email_automatico
AIRFLOW_CTX_TASK_ID=dag_envio
AIRFLOW_CTX_EXECUTION_DATE=2023-07-31T21:33:00+00:00
AIRFLOW_CTX_TRY_NUMBER=1
AIRFLOW_CTX_DAG_RUN_ID=scheduled__2023-07-31T21:33:00+00:00
[2023-08-01 00:01:50,176] {logging_mixin.py:115} INFO - Connection unexpectedly closed
[2023-08-01 00:01:50,176] {logging_mixin.py:115} INFO - Failure
[2023-08-01 00:01:50,176] {python.py:173} INFO - Done. Returned value was: None
[2023-08-01 00:01:50,199] {taskinstance.py:1420} INFO - Marking task as SUCCESS. dag_id=dag_smtp_email_automatico, task_id=dag_envio, execution_date=20230731T213300, start_date=20230801T000148, end_date=20230801T000150
[2023-08-01 00:01:50,265] {local_task_job.py:156} INFO - Task exited with return code 0
[2023-08-01 00:01:50,305] {local_task_job.py:273} INFO - 0 downstream tasks scheduled from follow-on schedule check
