[2023-07-30 22:04:50,527] {taskinstance.py:1179} INFO - Dependencies all met for <TaskInstance: dag_smtp_email_automatico.dag_envio scheduled__2023-02-19T00:00:00+00:00 [queued]>
[2023-07-30 22:04:50,653] {taskinstance.py:1179} INFO - Dependencies all met for <TaskInstance: dag_smtp_email_automatico.dag_envio scheduled__2023-02-19T00:00:00+00:00 [queued]>
[2023-07-30 22:04:50,653] {taskinstance.py:1376} INFO - 
--------------------------------------------------------------------------------
[2023-07-30 22:04:50,653] {taskinstance.py:1377} INFO - Starting attempt 1 of 1
[2023-07-30 22:04:50,654] {taskinstance.py:1378} INFO - 
--------------------------------------------------------------------------------
[2023-07-30 22:04:50,953] {taskinstance.py:1397} INFO - Executing <Task(PythonOperator): dag_envio> on 2023-02-19 00:00:00+00:00
[2023-07-30 22:04:51,003] {standard_task_runner.py:52} INFO - Started process 1197 to run task
[2023-07-30 22:04:51,016] {standard_task_runner.py:79} INFO - Running: ['***', 'tasks', 'run', 'dag_smtp_email_automatico', 'dag_envio', 'scheduled__2023-02-19T00:00:00+00:00', '--job-id', '167', '--raw', '--subdir', 'DAGS_FOLDER/dag_smtp_email.py', '--cfg-path', '/tmp/tmptn7a7wh3', '--error-file', '/tmp/tmpjv6c547q']
[2023-07-30 22:04:51,016] {standard_task_runner.py:80} INFO - Job 167: Subtask dag_envio
[2023-07-30 22:04:52,558] {task_command.py:371} INFO - Running <TaskInstance: dag_smtp_email_automatico.dag_envio scheduled__2023-02-19T00:00:00+00:00 [running]> on host b0e2d990d7ae
[2023-07-30 22:04:53,956] {taskinstance.py:1591} INFO - Exporting the following env vars:
AIRFLOW_CTX_DAG_OWNER=Ariel Feldman
AIRFLOW_CTX_DAG_ID=dag_smtp_email_automatico
AIRFLOW_CTX_TASK_ID=dag_envio
AIRFLOW_CTX_EXECUTION_DATE=2023-02-19T00:00:00+00:00
AIRFLOW_CTX_TRY_NUMBER=1
AIRFLOW_CTX_DAG_RUN_ID=scheduled__2023-02-19T00:00:00+00:00
[2023-07-30 22:04:55,731] {logging_mixin.py:115} INFO - (535, b'5.7.8 Username and Password not accepted. Learn more at\n5.7.8  https://support.google.com/mail/?p=BadCredentials ec53-20020a0568708c3500b001b05c4b3b3dsm3885536oab.31 - gsmtp')
[2023-07-30 22:04:55,732] {logging_mixin.py:115} INFO - Failure
[2023-07-30 22:04:55,732] {python.py:173} INFO - Done. Returned value was: None
[2023-07-30 22:04:55,885] {taskinstance.py:1420} INFO - Marking task as SUCCESS. dag_id=dag_smtp_email_automatico, task_id=dag_envio, execution_date=20230219T000000, start_date=20230730T220450, end_date=20230730T220455
[2023-07-30 22:04:56,263] {local_task_job.py:156} INFO - Task exited with return code 0
[2023-07-30 22:04:56,631] {local_task_job.py:273} INFO - 0 downstream tasks scheduled from follow-on schedule check
