[2023-07-31 23:20:41,507] {taskinstance.py:1179} INFO - Dependencies all met for <TaskInstance: dag_smtp_email_automatico.dag_envio manual__2023-07-31T23:20:40.082400+00:00 [queued]>
[2023-07-31 23:20:41,519] {taskinstance.py:1179} INFO - Dependencies all met for <TaskInstance: dag_smtp_email_automatico.dag_envio manual__2023-07-31T23:20:40.082400+00:00 [queued]>
[2023-07-31 23:20:41,519] {taskinstance.py:1376} INFO - 
--------------------------------------------------------------------------------
[2023-07-31 23:20:41,519] {taskinstance.py:1377} INFO - Starting attempt 1 of 1
[2023-07-31 23:20:41,519] {taskinstance.py:1378} INFO - 
--------------------------------------------------------------------------------
[2023-07-31 23:20:41,538] {taskinstance.py:1397} INFO - Executing <Task(PythonOperator): dag_envio> on 2023-07-31 23:20:40.082400+00:00
[2023-07-31 23:20:41,545] {standard_task_runner.py:52} INFO - Started process 16020 to run task
[2023-07-31 23:20:41,549] {standard_task_runner.py:79} INFO - Running: ['***', 'tasks', 'run', 'dag_smtp_email_automatico', 'dag_envio', 'manual__2023-07-31T23:20:40.082400+00:00', '--job-id', '433', '--raw', '--subdir', 'DAGS_FOLDER/dag_smtp_email.py', '--cfg-path', '/tmp/tmp6m7foov8', '--error-file', '/tmp/tmptpl92cqv']
[2023-07-31 23:20:41,549] {standard_task_runner.py:80} INFO - Job 433: Subtask dag_envio
[2023-07-31 23:20:41,638] {task_command.py:371} INFO - Running <TaskInstance: dag_smtp_email_automatico.dag_envio manual__2023-07-31T23:20:40.082400+00:00 [running]> on host b0e2d990d7ae
[2023-07-31 23:20:41,754] {taskinstance.py:1591} INFO - Exporting the following env vars:
AIRFLOW_CTX_DAG_OWNER=Ariel Feldman
AIRFLOW_CTX_DAG_ID=dag_smtp_email_automatico
AIRFLOW_CTX_TASK_ID=dag_envio
AIRFLOW_CTX_EXECUTION_DATE=2023-07-31T23:20:40.082400+00:00
AIRFLOW_CTX_TRY_NUMBER=1
AIRFLOW_CTX_DAG_RUN_ID=manual__2023-07-31T23:20:40.082400+00:00
[2023-07-31 23:20:43,055] {logging_mixin.py:115} INFO - 'ascii' codec can't encode character '\xe1' in position 449: ordinal not in range(128)
[2023-07-31 23:20:43,055] {logging_mixin.py:115} INFO - Failure
[2023-07-31 23:20:43,055] {python.py:173} INFO - Done. Returned value was: None
[2023-07-31 23:20:43,078] {taskinstance.py:1420} INFO - Marking task as SUCCESS. dag_id=dag_smtp_email_automatico, task_id=dag_envio, execution_date=20230731T232040, start_date=20230731T232041, end_date=20230731T232043
[2023-07-31 23:20:43,132] {local_task_job.py:156} INFO - Task exited with return code 0
[2023-07-31 23:20:43,181] {local_task_job.py:273} INFO - 0 downstream tasks scheduled from follow-on schedule check
