[2023-07-30 22:05:24,269] {taskinstance.py:1179} INFO - Dependencies all met for <TaskInstance: dag_smtp_email_automatico.dag_envio scheduled__2023-03-21T00:00:00+00:00 [queued]>
[2023-07-30 22:05:24,377] {taskinstance.py:1179} INFO - Dependencies all met for <TaskInstance: dag_smtp_email_automatico.dag_envio scheduled__2023-03-21T00:00:00+00:00 [queued]>
[2023-07-30 22:05:24,378] {taskinstance.py:1376} INFO - 
--------------------------------------------------------------------------------
[2023-07-30 22:05:24,378] {taskinstance.py:1377} INFO - Starting attempt 1 of 1
[2023-07-30 22:05:24,378] {taskinstance.py:1378} INFO - 
--------------------------------------------------------------------------------
[2023-07-30 22:05:24,429] {taskinstance.py:1397} INFO - Executing <Task(PythonOperator): dag_envio> on 2023-03-21 00:00:00+00:00
[2023-07-30 22:05:24,438] {standard_task_runner.py:52} INFO - Started process 1276 to run task
[2023-07-30 22:05:24,458] {standard_task_runner.py:79} INFO - Running: ['***', 'tasks', 'run', 'dag_smtp_email_automatico', 'dag_envio', 'scheduled__2023-03-21T00:00:00+00:00', '--job-id', '197', '--raw', '--subdir', 'DAGS_FOLDER/dag_smtp_email.py', '--cfg-path', '/tmp/tmpwwhp3c3w', '--error-file', '/tmp/tmpe7mjnwr1']
[2023-07-30 22:05:24,459] {standard_task_runner.py:80} INFO - Job 197: Subtask dag_envio
[2023-07-30 22:05:24,758] {task_command.py:371} INFO - Running <TaskInstance: dag_smtp_email_automatico.dag_envio scheduled__2023-03-21T00:00:00+00:00 [running]> on host b0e2d990d7ae
[2023-07-30 22:05:25,499] {taskinstance.py:1591} INFO - Exporting the following env vars:
AIRFLOW_CTX_DAG_OWNER=Ariel Feldman
AIRFLOW_CTX_DAG_ID=dag_smtp_email_automatico
AIRFLOW_CTX_TASK_ID=dag_envio
AIRFLOW_CTX_EXECUTION_DATE=2023-03-21T00:00:00+00:00
AIRFLOW_CTX_TRY_NUMBER=1
AIRFLOW_CTX_DAG_RUN_ID=scheduled__2023-03-21T00:00:00+00:00
[2023-07-30 22:05:26,941] {logging_mixin.py:115} INFO - (535, b'5.7.8 Username and Password not accepted. Learn more at\n5.7.8  https://support.google.com/mail/?p=BadCredentials h25-20020a9d6a59000000b006b4281cf424sm3611175otn.4 - gsmtp')
[2023-07-30 22:05:26,942] {logging_mixin.py:115} INFO - Failure
[2023-07-30 22:05:26,942] {python.py:173} INFO - Done. Returned value was: None
[2023-07-30 22:05:27,016] {taskinstance.py:1420} INFO - Marking task as SUCCESS. dag_id=dag_smtp_email_automatico, task_id=dag_envio, execution_date=20230321T000000, start_date=20230730T220524, end_date=20230730T220527
[2023-07-30 22:05:27,131] {local_task_job.py:156} INFO - Task exited with return code 0
[2023-07-30 22:05:27,315] {local_task_job.py:273} INFO - 0 downstream tasks scheduled from follow-on schedule check
