[2023-07-16 02:51:02,265] {taskinstance.py:1179} INFO - Dependencies all met for <TaskInstance: etl_api_marvel_hacia_aws_redshift_multitask.transformar_data manual__2023-07-16T02:50:55.454244+00:00 [queued]>
[2023-07-16 02:51:02,277] {taskinstance.py:1179} INFO - Dependencies all met for <TaskInstance: etl_api_marvel_hacia_aws_redshift_multitask.transformar_data manual__2023-07-16T02:50:55.454244+00:00 [queued]>
[2023-07-16 02:51:02,277] {taskinstance.py:1376} INFO - 
--------------------------------------------------------------------------------
[2023-07-16 02:51:02,278] {taskinstance.py:1377} INFO - Starting attempt 1 of 11
[2023-07-16 02:51:02,278] {taskinstance.py:1378} INFO - 
--------------------------------------------------------------------------------
[2023-07-16 02:51:02,310] {taskinstance.py:1397} INFO - Executing <Task(PythonOperator): transformar_data> on 2023-07-16 02:50:55.454244+00:00
[2023-07-16 02:51:02,317] {standard_task_runner.py:52} INFO - Started process 10663 to run task
[2023-07-16 02:51:02,320] {standard_task_runner.py:79} INFO - Running: ['***', 'tasks', 'run', 'etl_api_marvel_hacia_aws_redshift_multitask', 'transformar_data', 'manual__2023-07-16T02:50:55.454244+00:00', '--job-id', '899', '--raw', '--subdir', 'DAGS_FOLDER/dag_etl_multiple_tasks.py', '--cfg-path', '/tmp/tmpwsmkvqvx', '--error-file', '/tmp/tmpgylg0ot_']
[2023-07-16 02:51:02,321] {standard_task_runner.py:80} INFO - Job 899: Subtask transformar_data
[2023-07-16 02:51:02,421] {task_command.py:371} INFO - Running <TaskInstance: etl_api_marvel_hacia_aws_redshift_multitask.transformar_data manual__2023-07-16T02:50:55.454244+00:00 [running]> on host 7a1b6d75866e
[2023-07-16 02:51:02,560] {taskinstance.py:1591} INFO - Exporting the following env vars:
AIRFLOW_CTX_DAG_EMAIL=arielmfeldman.af@gmail.com
AIRFLOW_CTX_DAG_OWNER=Ariel Feldman
AIRFLOW_CTX_DAG_ID=etl_api_marvel_hacia_aws_redshift_multitask
AIRFLOW_CTX_TASK_ID=transformar_data
AIRFLOW_CTX_EXECUTION_DATE=2023-07-16T02:50:55.454244+00:00
AIRFLOW_CTX_TRY_NUMBER=1
AIRFLOW_CTX_DAG_RUN_ID=manual__2023-07-16T02:50:55.454244+00:00
[2023-07-16 02:51:02,581] {logging_mixin.py:115} INFO - Index(['id_character', 'nombre', 'descripcion', 'cantidad_de_comics',
       'cantidad_de_series', 'cantidad_de_historias', 'fecha_modificacion'],
      dtype='object')
[2023-07-16 02:51:02,581] {logging_mixin.py:115} INFO - (20, 7)
[2023-07-16 02:51:02,581] {logging_mixin.py:115} INFO - Ya existe el csv:  /opt/***/data/compania1/
[2023-07-16 02:51:02,582] {logging_mixin.py:115} INFO - Columnas en tranform data:
[2023-07-16 02:51:02,582] {logging_mixin.py:115} INFO -  Index(['id_character', 'nombre', 'descripcion', 'cantidad_de_comics',
       'cantidad_de_series', 'cantidad_de_historias', 'fecha_modificacion',
       'fecha_insercion_bd'],
      dtype='object')
[2023-07-16 02:51:02,612] {python.py:173} INFO - Done. Returned value was: None
[2023-07-16 02:51:02,628] {taskinstance.py:1420} INFO - Marking task as SUCCESS. dag_id=etl_api_marvel_hacia_aws_redshift_multitask, task_id=transformar_data, execution_date=20230716T025055, start_date=20230716T025102, end_date=20230716T025102
[2023-07-16 02:51:02,691] {local_task_job.py:156} INFO - Task exited with return code 0
[2023-07-16 02:51:02,758] {local_task_job.py:273} INFO - 1 downstream tasks scheduled from follow-on schedule check
