[2023-08-01 23:31:06,274] {taskinstance.py:1179} INFO - Dependencies all met for <TaskInstance: etl_api_marvel_2.transform manual__2023-08-01T23:31:02.022069+00:00 [queued]>
[2023-08-01 23:31:06,293] {taskinstance.py:1179} INFO - Dependencies all met for <TaskInstance: etl_api_marvel_2.transform manual__2023-08-01T23:31:02.022069+00:00 [queued]>
[2023-08-01 23:31:06,293] {taskinstance.py:1376} INFO - 
--------------------------------------------------------------------------------
[2023-08-01 23:31:06,293] {taskinstance.py:1377} INFO - Starting attempt 1 of 2
[2023-08-01 23:31:06,293] {taskinstance.py:1378} INFO - 
--------------------------------------------------------------------------------
[2023-08-01 23:31:06,316] {taskinstance.py:1397} INFO - Executing <Task(PythonOperator): transform> on 2023-08-01 23:31:02.022069+00:00
[2023-08-01 23:31:06,326] {standard_task_runner.py:52} INFO - Started process 2269 to run task
[2023-08-01 23:31:06,332] {standard_task_runner.py:79} INFO - Running: ['***', 'tasks', 'run', 'etl_api_marvel_2', 'transform', 'manual__2023-08-01T23:31:02.022069+00:00', '--job-id', '1286', '--raw', '--subdir', 'DAGS_FOLDER/dag_etl_failure.py', '--cfg-path', '/tmp/tmpfn39_i49', '--error-file', '/tmp/tmphr3pkcsc']
[2023-08-01 23:31:06,334] {standard_task_runner.py:80} INFO - Job 1286: Subtask transform
[2023-08-01 23:31:06,465] {task_command.py:371} INFO - Running <TaskInstance: etl_api_marvel_2.transform manual__2023-08-01T23:31:02.022069+00:00 [running]> on host 24cbf2f01ed0
[2023-08-01 23:31:06,557] {taskinstance.py:1591} INFO - Exporting the following env vars:
AIRFLOW_CTX_DAG_EMAIL=arielmfeldman.af@gmail.com
AIRFLOW_CTX_DAG_OWNER=Ariel Feldman
AIRFLOW_CTX_DAG_ID=etl_api_marvel_2
AIRFLOW_CTX_TASK_ID=transform
AIRFLOW_CTX_EXECUTION_DATE=2023-08-01T23:31:02.022069+00:00
AIRFLOW_CTX_TRY_NUMBER=1
AIRFLOW_CTX_DAG_RUN_ID=manual__2023-08-01T23:31:02.022069+00:00
[2023-08-01 23:31:06,622] {python.py:173} INFO - Done. Returned value was: None
[2023-08-01 23:31:06,641] {taskinstance.py:1420} INFO - Marking task as SUCCESS. dag_id=etl_api_marvel_2, task_id=transform, execution_date=20230801T233102, start_date=20230801T233106, end_date=20230801T233106
[2023-08-01 23:31:06,666] {local_task_job.py:156} INFO - Task exited with return code 0
[2023-08-01 23:31:06,715] {warnings.py:110} WARNING - /home/***/.local/lib/python3.7/site-packages/***/utils/context.py:202: AirflowContextDeprecationWarning: Accessing 'next_execution_date' from the template is deprecated and will be removed in a future version. Please use 'data_interval_end' instead.
  warnings.warn(_create_deprecation_warning(key, self._deprecation_replacements[key]))

[2023-08-01 23:31:08,611] {taskinstance.py:1760} ERROR - Error when executing on_success_callback
Traceback (most recent call last):
  File "/home/airflow/.local/lib/python3.7/site-packages/airflow/models/taskinstance.py", line 1758, in _run_finished_callback
    task.on_success_callback(context)
  File "/opt/airflow/dags/dag_etl_failure.py", line 81, in send_email
    msg=message,
  File "/usr/local/lib/python3.7/smtplib.py", line 887, in sendmail
    (code, resp) = self.data(msg)
  File "/usr/local/lib/python3.7/smtplib.py", line 569, in data
    q = _quote_periods(msg)
  File "/usr/local/lib/python3.7/smtplib.py", line 176, in _quote_periods
    return re.sub(br'(?m)^\.', b'..', bindata)
  File "/usr/local/lib/python3.7/re.py", line 194, in sub
    return _compile(pattern, flags).sub(repl, string, count)
TypeError: expected string or bytes-like object
[2023-08-01 23:31:08,634] {local_task_job.py:273} INFO - 0 downstream tasks scheduled from follow-on schedule check
