[2023-08-01 01:46:21,475] {taskinstance.py:1179} INFO - Dependencies all met for <TaskInstance: dag_smtp_email_automatico.dag_envio scheduled__2023-08-01T01:45:46.207144+00:00 [queued]>
[2023-08-01 01:46:21,488] {taskinstance.py:1179} INFO - Dependencies all met for <TaskInstance: dag_smtp_email_automatico.dag_envio scheduled__2023-08-01T01:45:46.207144+00:00 [queued]>
[2023-08-01 01:46:21,488] {taskinstance.py:1376} INFO - 
--------------------------------------------------------------------------------
[2023-08-01 01:46:21,488] {taskinstance.py:1377} INFO - Starting attempt 1 of 11
[2023-08-01 01:46:21,488] {taskinstance.py:1378} INFO - 
--------------------------------------------------------------------------------
[2023-08-01 01:46:21,505] {taskinstance.py:1397} INFO - Executing <Task(PythonOperator): dag_envio> on 2023-08-01 01:45:46.207144+00:00
[2023-08-01 01:46:21,512] {standard_task_runner.py:52} INFO - Started process 1411 to run task
[2023-08-01 01:46:21,516] {standard_task_runner.py:79} INFO - Running: ['***', 'tasks', 'run', 'dag_smtp_email_automatico', 'dag_envio', 'scheduled__2023-08-01T01:45:46.207144+00:00', '--job-id', '667', '--raw', '--subdir', 'DAGS_FOLDER/dag_smtp_email.py', '--cfg-path', '/tmp/tmpbd0cyba3', '--error-file', '/tmp/tmpccd8kvtu']
[2023-08-01 01:46:21,516] {standard_task_runner.py:80} INFO - Job 667: Subtask dag_envio
[2023-08-01 01:46:21,604] {task_command.py:371} INFO - Running <TaskInstance: dag_smtp_email_automatico.dag_envio scheduled__2023-08-01T01:45:46.207144+00:00 [running]> on host 24cbf2f01ed0
[2023-08-01 01:46:21,714] {taskinstance.py:1591} INFO - Exporting the following env vars:
AIRFLOW_CTX_DAG_EMAIL=arielmfeldman.af@gmail.com
AIRFLOW_CTX_DAG_OWNER=Ariel Feldman
AIRFLOW_CTX_DAG_ID=dag_smtp_email_automatico
AIRFLOW_CTX_TASK_ID=dag_envio
AIRFLOW_CTX_EXECUTION_DATE=2023-08-01T01:45:46.207144+00:00
AIRFLOW_CTX_TRY_NUMBER=1
AIRFLOW_CTX_DAG_RUN_ID=scheduled__2023-08-01T01:45:46.207144+00:00
[2023-08-01 01:46:24,872] {logging_mixin.py:115} INFO - Exito
[2023-08-01 01:46:24,873] {python.py:173} INFO - Done. Returned value was: None
[2023-08-01 01:46:24,896] {taskinstance.py:1420} INFO - Marking task as SUCCESS. dag_id=dag_smtp_email_automatico, task_id=dag_envio, execution_date=20230801T014546, start_date=20230801T014621, end_date=20230801T014624
[2023-08-01 01:46:24,947] {local_task_job.py:156} INFO - Task exited with return code 0
[2023-08-01 01:46:25,006] {local_task_job.py:273} INFO - 0 downstream tasks scheduled from follow-on schedule check
