[2023-08-01 22:29:33,771] {taskinstance.py:1179} INFO - Dependencies all met for <TaskInstance: etl_api_marvel_hacia_aws_redshift_multitask_failure.transformar_data manual__2023-08-01T22:29:29.691699+00:00 [queued]>
[2023-08-01 22:29:33,791] {taskinstance.py:1179} INFO - Dependencies all met for <TaskInstance: etl_api_marvel_hacia_aws_redshift_multitask_failure.transformar_data manual__2023-08-01T22:29:29.691699+00:00 [queued]>
[2023-08-01 22:29:33,792] {taskinstance.py:1376} INFO - 
--------------------------------------------------------------------------------
[2023-08-01 22:29:33,792] {taskinstance.py:1377} INFO - Starting attempt 1 of 2
[2023-08-01 22:29:33,792] {taskinstance.py:1378} INFO - 
--------------------------------------------------------------------------------
[2023-08-01 22:29:33,819] {taskinstance.py:1397} INFO - Executing <Task(PythonOperator): transformar_data> on 2023-08-01 22:29:29.691699+00:00
[2023-08-01 22:29:33,829] {standard_task_runner.py:52} INFO - Started process 4082 to run task
[2023-08-01 22:29:33,836] {standard_task_runner.py:79} INFO - Running: ['***', 'tasks', 'run', 'etl_api_marvel_hacia_aws_redshift_multitask_failure', 'transformar_data', 'manual__2023-08-01T22:29:29.691699+00:00', '--job-id', '1228', '--raw', '--subdir', 'DAGS_FOLDER/dag_etl_multiple_tasks_failure.py', '--cfg-path', '/tmp/tmp1ktdgotc', '--error-file', '/tmp/tmppbgbm63u']
[2023-08-01 22:29:33,838] {standard_task_runner.py:80} INFO - Job 1228: Subtask transformar_data
[2023-08-01 22:29:33,942] {task_command.py:371} INFO - Running <TaskInstance: etl_api_marvel_hacia_aws_redshift_multitask_failure.transformar_data manual__2023-08-01T22:29:29.691699+00:00 [running]> on host 24cbf2f01ed0
[2023-08-01 22:29:34,076] {taskinstance.py:1591} INFO - Exporting the following env vars:
AIRFLOW_CTX_DAG_EMAIL=arielmfeldman.af@gmail.com
AIRFLOW_CTX_DAG_OWNER=Ariel Feldman
AIRFLOW_CTX_DAG_ID=etl_api_marvel_hacia_aws_redshift_multitask_failure
AIRFLOW_CTX_TASK_ID=transformar_data
AIRFLOW_CTX_EXECUTION_DATE=2023-08-01T22:29:29.691699+00:00
AIRFLOW_CTX_TRY_NUMBER=1
AIRFLOW_CTX_DAG_RUN_ID=manual__2023-08-01T22:29:29.691699+00:00
[2023-08-01 22:29:34,141] {logging_mixin.py:115} INFO - <TaskInstance: etl_api_marvel_hacia_aws_redshift_multitask_failure.transformar_data manual__2023-08-01T22:29:29.691699+00:00 [running]>
[2023-08-01 22:29:34,207] {python.py:173} INFO - Done. Returned value was: None
[2023-08-01 22:29:34,232] {taskinstance.py:1420} INFO - Marking task as SUCCESS. dag_id=etl_api_marvel_hacia_aws_redshift_multitask_failure, task_id=transformar_data, execution_date=20230801T222929, start_date=20230801T222933, end_date=20230801T222934
[2023-08-01 22:29:34,296] {local_task_job.py:156} INFO - Task exited with return code 0
[2023-08-01 22:29:36,188] {taskinstance.py:1760} ERROR - Error when executing on_success_callback
Traceback (most recent call last):
  File "/home/airflow/.local/lib/python3.7/site-packages/airflow/models/taskinstance.py", line 1758, in _run_finished_callback
    task.on_success_callback(context)
  File "/opt/airflow/dags/dag_etl_multiple_tasks_failure.py", line 150, in send_mail_success
    msg=message,
  File "/usr/local/lib/python3.7/smtplib.py", line 887, in sendmail
    (code, resp) = self.data(msg)
  File "/usr/local/lib/python3.7/smtplib.py", line 569, in data
    q = _quote_periods(msg)
  File "/usr/local/lib/python3.7/smtplib.py", line 176, in _quote_periods
    return re.sub(br'(?m)^\.', b'..', bindata)
  File "/usr/local/lib/python3.7/re.py", line 194, in sub
    return _compile(pattern, flags).sub(repl, string, count)
TypeError: expected string or bytes-like object
[2023-08-01 22:29:36,205] {local_task_job.py:273} INFO - 0 downstream tasks scheduled from follow-on schedule check
