[2023-08-01 21:07:42,253] {taskinstance.py:1179} INFO - Dependencies all met for <TaskInstance: etl_api_marvel_hacia_aws_redshift_multitask_failure.transformar_data manual__2023-08-01T21:07:35.145939+00:00 [queued]>
[2023-08-01 21:07:42,266] {taskinstance.py:1179} INFO - Dependencies all met for <TaskInstance: etl_api_marvel_hacia_aws_redshift_multitask_failure.transformar_data manual__2023-08-01T21:07:35.145939+00:00 [queued]>
[2023-08-01 21:07:42,266] {taskinstance.py:1376} INFO - 
--------------------------------------------------------------------------------
[2023-08-01 21:07:42,266] {taskinstance.py:1377} INFO - Starting attempt 1 of 2
[2023-08-01 21:07:42,267] {taskinstance.py:1378} INFO - 
--------------------------------------------------------------------------------
[2023-08-01 21:07:42,285] {taskinstance.py:1397} INFO - Executing <Task(PythonOperator): transformar_data> on 2023-08-01 21:07:35.145939+00:00
[2023-08-01 21:07:42,292] {standard_task_runner.py:52} INFO - Started process 543 to run task
[2023-08-01 21:07:42,295] {standard_task_runner.py:79} INFO - Running: ['***', 'tasks', 'run', 'etl_api_marvel_hacia_aws_redshift_multitask_failure', 'transformar_data', 'manual__2023-08-01T21:07:35.145939+00:00', '--job-id', '1168', '--raw', '--subdir', 'DAGS_FOLDER/dag_etl_multiple_tasks_failure.py', '--cfg-path', '/tmp/tmps4dhqvhc', '--error-file', '/tmp/tmp24guhj8p']
[2023-08-01 21:07:42,296] {standard_task_runner.py:80} INFO - Job 1168: Subtask transformar_data
[2023-08-01 21:07:42,372] {task_command.py:371} INFO - Running <TaskInstance: etl_api_marvel_hacia_aws_redshift_multitask_failure.transformar_data manual__2023-08-01T21:07:35.145939+00:00 [running]> on host 24cbf2f01ed0
[2023-08-01 21:07:42,462] {taskinstance.py:1591} INFO - Exporting the following env vars:
AIRFLOW_CTX_DAG_EMAIL=arielmfeldman.af@gmail.com
AIRFLOW_CTX_DAG_OWNER=Ariel Feldman
AIRFLOW_CTX_DAG_ID=etl_api_marvel_hacia_aws_redshift_multitask_failure
AIRFLOW_CTX_TASK_ID=transformar_data
AIRFLOW_CTX_EXECUTION_DATE=2023-08-01T21:07:35.145939+00:00
AIRFLOW_CTX_TRY_NUMBER=1
AIRFLOW_CTX_DAG_RUN_ID=manual__2023-08-01T21:07:35.145939+00:00
[2023-08-01 21:07:42,477] {logging_mixin.py:115} INFO - <TaskInstance: etl_api_marvel_hacia_aws_redshift_multitask_failure.transformar_data manual__2023-08-01T21:07:35.145939+00:00 [running]>
[2023-08-01 21:07:42,515] {python.py:173} INFO - Done. Returned value was: None
[2023-08-01 21:07:42,532] {taskinstance.py:1420} INFO - Marking task as SUCCESS. dag_id=etl_api_marvel_hacia_aws_redshift_multitask_failure, task_id=transformar_data, execution_date=20230801T210735, start_date=20230801T210742, end_date=20230801T210742
[2023-08-01 21:07:42,586] {local_task_job.py:156} INFO - Task exited with return code 0
[2023-08-01 21:07:42,636] {warnings.py:110} WARNING - /home/***/.local/lib/python3.7/site-packages/***/utils/context.py:202: AirflowContextDeprecationWarning: Accessing 'execution_date' from the template is deprecated and will be removed in a future version. Please use 'data_interval_start' or 'logical_date' instead.
  warnings.warn(_create_deprecation_warning(key, self._deprecation_replacements[key]))

[2023-08-01 21:07:42,637] {warnings.py:110} WARNING - /home/***/.local/lib/python3.7/site-packages/***/utils/context.py:202: AirflowContextDeprecationWarning: Accessing 'next_execution_date' from the template is deprecated and will be removed in a future version. Please use 'data_interval_end' instead.
  warnings.warn(_create_deprecation_warning(key, self._deprecation_replacements[key]))

[2023-08-01 21:07:45,096] {logging_mixin.py:115} INFO - Exito
[2023-08-01 21:07:45,209] {local_task_job.py:273} INFO - 0 downstream tasks scheduled from follow-on schedule check
