[2023-08-01 22:32:26,221] {taskinstance.py:1179} INFO - Dependencies all met for <TaskInstance: etl_api_marvel_hacia_aws_redshift_multitask_failure.transformar_data manual__2023-08-01T22:32:21.648990+00:00 [queued]>
[2023-08-01 22:32:26,237] {taskinstance.py:1179} INFO - Dependencies all met for <TaskInstance: etl_api_marvel_hacia_aws_redshift_multitask_failure.transformar_data manual__2023-08-01T22:32:21.648990+00:00 [queued]>
[2023-08-01 22:32:26,237] {taskinstance.py:1376} INFO - 
--------------------------------------------------------------------------------
[2023-08-01 22:32:26,237] {taskinstance.py:1377} INFO - Starting attempt 1 of 2
[2023-08-01 22:32:26,238] {taskinstance.py:1378} INFO - 
--------------------------------------------------------------------------------
[2023-08-01 22:32:26,261] {taskinstance.py:1397} INFO - Executing <Task(PythonOperator): transformar_data> on 2023-08-01 22:32:21.648990+00:00
[2023-08-01 22:32:26,269] {standard_task_runner.py:52} INFO - Started process 4218 to run task
[2023-08-01 22:32:26,273] {standard_task_runner.py:79} INFO - Running: ['***', 'tasks', 'run', 'etl_api_marvel_hacia_aws_redshift_multitask_failure', 'transformar_data', 'manual__2023-08-01T22:32:21.648990+00:00', '--job-id', '1232', '--raw', '--subdir', 'DAGS_FOLDER/dag_etl_multiple_tasks_failure.py', '--cfg-path', '/tmp/tmpo78mm4nk', '--error-file', '/tmp/tmp6mbtgune']
[2023-08-01 22:32:26,275] {standard_task_runner.py:80} INFO - Job 1232: Subtask transformar_data
[2023-08-01 22:32:26,374] {task_command.py:371} INFO - Running <TaskInstance: etl_api_marvel_hacia_aws_redshift_multitask_failure.transformar_data manual__2023-08-01T22:32:21.648990+00:00 [running]> on host 24cbf2f01ed0
[2023-08-01 22:32:26,505] {taskinstance.py:1591} INFO - Exporting the following env vars:
AIRFLOW_CTX_DAG_EMAIL=arielmfeldman.af@gmail.com
AIRFLOW_CTX_DAG_OWNER=Ariel Feldman
AIRFLOW_CTX_DAG_ID=etl_api_marvel_hacia_aws_redshift_multitask_failure
AIRFLOW_CTX_TASK_ID=transformar_data
AIRFLOW_CTX_EXECUTION_DATE=2023-08-01T22:32:21.648990+00:00
AIRFLOW_CTX_TRY_NUMBER=1
AIRFLOW_CTX_DAG_RUN_ID=manual__2023-08-01T22:32:21.648990+00:00
[2023-08-01 22:32:26,537] {logging_mixin.py:115} INFO - <TaskInstance: etl_api_marvel_hacia_aws_redshift_multitask_failure.transformar_data manual__2023-08-01T22:32:21.648990+00:00 [running]>
[2023-08-01 22:32:26,601] {python.py:173} INFO - Done. Returned value was: None
[2023-08-01 22:32:26,621] {taskinstance.py:1420} INFO - Marking task as SUCCESS. dag_id=etl_api_marvel_hacia_aws_redshift_multitask_failure, task_id=transformar_data, execution_date=20230801T223221, start_date=20230801T223226, end_date=20230801T223226
[2023-08-01 22:32:26,690] {local_task_job.py:156} INFO - Task exited with return code 0
[2023-08-01 22:32:26,736] {warnings.py:110} WARNING - /home/***/.local/lib/python3.7/site-packages/***/utils/context.py:202: AirflowContextDeprecationWarning: Accessing 'next_execution_date' from the template is deprecated and will be removed in a future version. Please use 'data_interval_end' instead.
  warnings.warn(_create_deprecation_warning(key, self._deprecation_replacements[key]))

[2023-08-01 22:32:28,699] {taskinstance.py:1760} ERROR - Error when executing on_success_callback
Traceback (most recent call last):
  File "/home/airflow/.local/lib/python3.7/site-packages/airflow/models/taskinstance.py", line 1758, in _run_finished_callback
    task.on_success_callback(context)
  File "/opt/airflow/dags/dag_etl_multiple_tasks_failure.py", line 151, in send_mail_success
    msg=message,
  File "/usr/local/lib/python3.7/smtplib.py", line 887, in sendmail
    (code, resp) = self.data(msg)
  File "/usr/local/lib/python3.7/smtplib.py", line 569, in data
    q = _quote_periods(msg)
  File "/usr/local/lib/python3.7/smtplib.py", line 176, in _quote_periods
    return re.sub(br'(?m)^\.', b'..', bindata)
  File "/usr/local/lib/python3.7/re.py", line 194, in sub
    return _compile(pattern, flags).sub(repl, string, count)
TypeError: expected string or bytes-like object
[2023-08-01 22:32:28,755] {local_task_job.py:273} INFO - 0 downstream tasks scheduled from follow-on schedule check
