[2023-07-30 22:02:54,390] {taskinstance.py:1179} INFO - Dependencies all met for <TaskInstance: dag_smtp_email_automatico.dag_envio scheduled__2022-11-04T00:00:00+00:00 [queued]>
[2023-07-30 22:02:54,449] {taskinstance.py:1179} INFO - Dependencies all met for <TaskInstance: dag_smtp_email_automatico.dag_envio scheduled__2022-11-04T00:00:00+00:00 [queued]>
[2023-07-30 22:02:54,449] {taskinstance.py:1376} INFO - 
--------------------------------------------------------------------------------
[2023-07-30 22:02:54,449] {taskinstance.py:1377} INFO - Starting attempt 1 of 1
[2023-07-30 22:02:54,449] {taskinstance.py:1378} INFO - 
--------------------------------------------------------------------------------
[2023-07-30 22:02:54,524] {taskinstance.py:1397} INFO - Executing <Task(PythonOperator): dag_envio> on 2022-11-04 00:00:00+00:00
[2023-07-30 22:02:54,563] {standard_task_runner.py:79} INFO - Running: ['***', 'tasks', 'run', 'dag_smtp_email_automatico', 'dag_envio', 'scheduled__2022-11-04T00:00:00+00:00', '--job-id', '63', '--raw', '--subdir', 'DAGS_FOLDER/dag_smtp_email.py', '--cfg-path', '/tmp/tmp64wtarew', '--error-file', '/tmp/tmpoeqh5c8t']
[2023-07-30 22:02:54,564] {standard_task_runner.py:80} INFO - Job 63: Subtask dag_envio
[2023-07-30 22:02:54,556] {standard_task_runner.py:52} INFO - Started process 911 to run task
[2023-07-30 22:02:54,815] {task_command.py:371} INFO - Running <TaskInstance: dag_smtp_email_automatico.dag_envio scheduled__2022-11-04T00:00:00+00:00 [running]> on host b0e2d990d7ae
[2023-07-30 22:02:55,274] {taskinstance.py:1591} INFO - Exporting the following env vars:
AIRFLOW_CTX_DAG_OWNER=Ariel Feldman
AIRFLOW_CTX_DAG_ID=dag_smtp_email_automatico
AIRFLOW_CTX_TASK_ID=dag_envio
AIRFLOW_CTX_EXECUTION_DATE=2022-11-04T00:00:00+00:00
AIRFLOW_CTX_TRY_NUMBER=1
AIRFLOW_CTX_DAG_RUN_ID=scheduled__2022-11-04T00:00:00+00:00
[2023-07-30 22:02:55,873] {logging_mixin.py:115} INFO - 'EMAIL'
[2023-07-30 22:02:55,881] {logging_mixin.py:115} INFO - Failure
[2023-07-30 22:02:55,881] {python.py:173} INFO - Done. Returned value was: None
[2023-07-30 22:02:56,264] {taskinstance.py:1420} INFO - Marking task as SUCCESS. dag_id=dag_smtp_email_automatico, task_id=dag_envio, execution_date=20221104T000000, start_date=20230730T220254, end_date=20230730T220256
[2023-07-30 22:02:56,363] {local_task_job.py:156} INFO - Task exited with return code 0
[2023-07-30 22:02:56,501] {local_task_job.py:273} INFO - 0 downstream tasks scheduled from follow-on schedule check
