[2023-08-01 23:31:47,553] {taskinstance.py:1179} INFO - Dependencies all met for <TaskInstance: etl_api_marvel_2.transform manual__2023-08-01T23:31:43.525973+00:00 [queued]>
[2023-08-01 23:31:47,566] {taskinstance.py:1179} INFO - Dependencies all met for <TaskInstance: etl_api_marvel_2.transform manual__2023-08-01T23:31:43.525973+00:00 [queued]>
[2023-08-01 23:31:47,566] {taskinstance.py:1376} INFO - 
--------------------------------------------------------------------------------
[2023-08-01 23:31:47,566] {taskinstance.py:1377} INFO - Starting attempt 1 of 2
[2023-08-01 23:31:47,566] {taskinstance.py:1378} INFO - 
--------------------------------------------------------------------------------
[2023-08-01 23:31:47,585] {taskinstance.py:1397} INFO - Executing <Task(PythonOperator): transform> on 2023-08-01 23:31:43.525973+00:00
[2023-08-01 23:31:47,595] {standard_task_runner.py:52} INFO - Started process 2316 to run task
[2023-08-01 23:31:47,599] {standard_task_runner.py:79} INFO - Running: ['***', 'tasks', 'run', 'etl_api_marvel_2', 'transform', 'manual__2023-08-01T23:31:43.525973+00:00', '--job-id', '1293', '--raw', '--subdir', 'DAGS_FOLDER/dag_etl_failure.py', '--cfg-path', '/tmp/tmp5pw4nwwk', '--error-file', '/tmp/tmp8a62ow37']
[2023-08-01 23:31:47,600] {standard_task_runner.py:80} INFO - Job 1293: Subtask transform
[2023-08-01 23:31:47,682] {task_command.py:371} INFO - Running <TaskInstance: etl_api_marvel_2.transform manual__2023-08-01T23:31:43.525973+00:00 [running]> on host 24cbf2f01ed0
[2023-08-01 23:31:47,770] {taskinstance.py:1591} INFO - Exporting the following env vars:
AIRFLOW_CTX_DAG_EMAIL=arielmfeldman.af@gmail.com
AIRFLOW_CTX_DAG_OWNER=Ariel Feldman
AIRFLOW_CTX_DAG_ID=etl_api_marvel_2
AIRFLOW_CTX_TASK_ID=transform
AIRFLOW_CTX_EXECUTION_DATE=2023-08-01T23:31:43.525973+00:00
AIRFLOW_CTX_TRY_NUMBER=1
AIRFLOW_CTX_DAG_RUN_ID=manual__2023-08-01T23:31:43.525973+00:00
[2023-08-01 23:31:47,830] {python.py:173} INFO - Done. Returned value was: None
[2023-08-01 23:31:47,858] {taskinstance.py:1420} INFO - Marking task as SUCCESS. dag_id=etl_api_marvel_2, task_id=transform, execution_date=20230801T233143, start_date=20230801T233147, end_date=20230801T233147
[2023-08-01 23:31:47,932] {local_task_job.py:156} INFO - Task exited with return code 0
[2023-08-01 23:31:47,984] {warnings.py:110} WARNING - /home/***/.local/lib/python3.7/site-packages/***/utils/context.py:202: AirflowContextDeprecationWarning: Accessing 'next_execution_date' from the template is deprecated and will be removed in a future version. Please use 'data_interval_end' instead.
  warnings.warn(_create_deprecation_warning(key, self._deprecation_replacements[key]))

[2023-08-01 23:31:50,086] {taskinstance.py:1760} ERROR - Error when executing on_success_callback
Traceback (most recent call last):
  File "/home/airflow/.local/lib/python3.7/site-packages/airflow/models/taskinstance.py", line 1758, in _run_finished_callback
    task.on_success_callback(context)
  File "/opt/airflow/dags/dag_etl_failure.py", line 81, in send_email
    msg=message,
  File "/usr/local/lib/python3.7/smtplib.py", line 887, in sendmail
    (code, resp) = self.data(msg)
  File "/usr/local/lib/python3.7/smtplib.py", line 569, in data
    q = _quote_periods(msg)
  File "/usr/local/lib/python3.7/smtplib.py", line 176, in _quote_periods
    return re.sub(br'(?m)^\.', b'..', bindata)
  File "/usr/local/lib/python3.7/re.py", line 194, in sub
    return _compile(pattern, flags).sub(repl, string, count)
TypeError: expected string or bytes-like object
[2023-08-01 23:31:50,142] {local_task_job.py:273} INFO - 0 downstream tasks scheduled from follow-on schedule check
