[2023-07-30 22:05:34,838] {taskinstance.py:1179} INFO - Dependencies all met for <TaskInstance: dag_smtp_email_automatico.dag_envio scheduled__2023-04-02T00:00:00+00:00 [queued]>
[2023-07-30 22:05:34,882] {taskinstance.py:1179} INFO - Dependencies all met for <TaskInstance: dag_smtp_email_automatico.dag_envio scheduled__2023-04-02T00:00:00+00:00 [queued]>
[2023-07-30 22:05:34,883] {taskinstance.py:1376} INFO - 
--------------------------------------------------------------------------------
[2023-07-30 22:05:34,883] {taskinstance.py:1377} INFO - Starting attempt 1 of 1
[2023-07-30 22:05:34,883] {taskinstance.py:1378} INFO - 
--------------------------------------------------------------------------------
[2023-07-30 22:05:34,945] {taskinstance.py:1397} INFO - Executing <Task(PythonOperator): dag_envio> on 2023-04-02 00:00:00+00:00
[2023-07-30 22:05:34,975] {standard_task_runner.py:52} INFO - Started process 1296 to run task
[2023-07-30 22:05:34,980] {standard_task_runner.py:79} INFO - Running: ['***', 'tasks', 'run', 'dag_smtp_email_automatico', 'dag_envio', 'scheduled__2023-04-02T00:00:00+00:00', '--job-id', '209', '--raw', '--subdir', 'DAGS_FOLDER/dag_smtp_email.py', '--cfg-path', '/tmp/tmphfvallte', '--error-file', '/tmp/tmp3i7ls5yq']
[2023-07-30 22:05:34,986] {standard_task_runner.py:80} INFO - Job 209: Subtask dag_envio
[2023-07-30 22:05:35,327] {task_command.py:371} INFO - Running <TaskInstance: dag_smtp_email_automatico.dag_envio scheduled__2023-04-02T00:00:00+00:00 [running]> on host b0e2d990d7ae
[2023-07-30 22:05:35,694] {taskinstance.py:1591} INFO - Exporting the following env vars:
AIRFLOW_CTX_DAG_OWNER=Ariel Feldman
AIRFLOW_CTX_DAG_ID=dag_smtp_email_automatico
AIRFLOW_CTX_TASK_ID=dag_envio
AIRFLOW_CTX_EXECUTION_DATE=2023-04-02T00:00:00+00:00
AIRFLOW_CTX_TRY_NUMBER=1
AIRFLOW_CTX_DAG_RUN_ID=scheduled__2023-04-02T00:00:00+00:00
[2023-07-30 22:05:37,233] {logging_mixin.py:115} INFO - (535, b'5.7.8 Username and Password not accepted. Learn more at\n5.7.8  https://support.google.com/mail/?p=BadCredentials dv14-20020a056870d88e00b001bb9fd465c1sm3862961oab.45 - gsmtp')
[2023-07-30 22:05:37,233] {logging_mixin.py:115} INFO - Failure
[2023-07-30 22:05:37,234] {python.py:173} INFO - Done. Returned value was: None
[2023-07-30 22:05:37,251] {taskinstance.py:1420} INFO - Marking task as SUCCESS. dag_id=dag_smtp_email_automatico, task_id=dag_envio, execution_date=20230402T000000, start_date=20230730T220534, end_date=20230730T220537
[2023-07-30 22:05:37,285] {local_task_job.py:156} INFO - Task exited with return code 0
[2023-07-30 22:05:37,361] {local_task_job.py:273} INFO - 0 downstream tasks scheduled from follow-on schedule check
