[2023-08-01 23:03:32,529] {taskinstance.py:1179} INFO - Dependencies all met for <TaskInstance: etl_api_marvel.extract manual__2023-08-01T23:03:30.588309+00:00 [queued]>
[2023-08-01 23:03:32,546] {taskinstance.py:1179} INFO - Dependencies all met for <TaskInstance: etl_api_marvel.extract manual__2023-08-01T23:03:30.588309+00:00 [queued]>
[2023-08-01 23:03:32,546] {taskinstance.py:1376} INFO - 
--------------------------------------------------------------------------------
[2023-08-01 23:03:32,546] {taskinstance.py:1377} INFO - Starting attempt 1 of 2
[2023-08-01 23:03:32,546] {taskinstance.py:1378} INFO - 
--------------------------------------------------------------------------------
[2023-08-01 23:03:32,564] {taskinstance.py:1397} INFO - Executing <Task(PythonOperator): extract> on 2023-08-01 23:03:30.588309+00:00
[2023-08-01 23:03:32,573] {standard_task_runner.py:52} INFO - Started process 1030 to run task
[2023-08-01 23:03:32,578] {standard_task_runner.py:79} INFO - Running: ['***', 'tasks', 'run', 'etl_api_marvel', 'extract', 'manual__2023-08-01T23:03:30.588309+00:00', '--job-id', '1254', '--raw', '--subdir', 'DAGS_FOLDER/dag_etl_multiple_tasks_failure.py', '--cfg-path', '/tmp/tmpps71ktnw', '--error-file', '/tmp/tmpjbelaxzo']
[2023-08-01 23:03:32,579] {standard_task_runner.py:80} INFO - Job 1254: Subtask extract
[2023-08-01 23:03:32,666] {task_command.py:371} INFO - Running <TaskInstance: etl_api_marvel.extract manual__2023-08-01T23:03:30.588309+00:00 [running]> on host 24cbf2f01ed0
[2023-08-01 23:03:32,765] {taskinstance.py:1591} INFO - Exporting the following env vars:
AIRFLOW_CTX_DAG_EMAIL=arielmfeldman.af@gmail.com
AIRFLOW_CTX_DAG_OWNER=Ariel Feldman
AIRFLOW_CTX_DAG_ID=etl_api_marvel
AIRFLOW_CTX_TASK_ID=extract
AIRFLOW_CTX_EXECUTION_DATE=2023-08-01T23:03:30.588309+00:00
AIRFLOW_CTX_TRY_NUMBER=1
AIRFLOW_CTX_DAG_RUN_ID=manual__2023-08-01T23:03:30.588309+00:00
[2023-08-01 23:03:33,938] {python.py:173} INFO - Done. Returned value was: None
[2023-08-01 23:03:33,973] {taskinstance.py:1420} INFO - Marking task as SUCCESS. dag_id=etl_api_marvel, task_id=extract, execution_date=20230801T230330, start_date=20230801T230332, end_date=20230801T230333
[2023-08-01 23:03:34,010] {local_task_job.py:156} INFO - Task exited with return code 0
[2023-08-01 23:03:34,045] {warnings.py:110} WARNING - /home/***/.local/lib/python3.7/site-packages/***/utils/context.py:202: AirflowContextDeprecationWarning: Accessing 'next_execution_date' from the template is deprecated and will be removed in a future version. Please use 'data_interval_end' instead.
  warnings.warn(_create_deprecation_warning(key, self._deprecation_replacements[key]))

[2023-08-01 23:03:36,106] {taskinstance.py:1760} ERROR - Error when executing on_success_callback
Traceback (most recent call last):
  File "/home/airflow/.local/lib/python3.7/site-packages/airflow/models/taskinstance.py", line 1758, in _run_finished_callback
    task.on_success_callback(context)
  File "/opt/airflow/dags/dag_etl_multiple_tasks_failure.py", line 68, in send_email
    x.login(v_smtp['EMAIL'],v_smtp_pass)
  File "/usr/local/lib/python3.7/smtplib.py", line 735, in login
    raise last_exception
  File "/usr/local/lib/python3.7/smtplib.py", line 726, in login
    initial_response_ok=initial_response_ok)
  File "/usr/local/lib/python3.7/smtplib.py", line 647, in auth
    raise SMTPAuthenticationError(code, resp)
smtplib.SMTPAuthenticationError: (535, b'5.7.8 Username and Password not accepted. Learn more at\n5.7.8  https://support.google.com/mail/?p=BadCredentials e4-20020a9d7304000000b006af7580c84csm5422052otk.60 - gsmtp')
[2023-08-01 23:03:36,180] {local_task_job.py:273} INFO - 0 downstream tasks scheduled from follow-on schedule check
