[2023-08-01 00:00:29,138] {taskinstance.py:1179} INFO - Dependencies all met for <TaskInstance: dag_smtp_email_automatico.dag_envio scheduled__2023-07-31T00:16:00+00:00 [queued]>
[2023-08-01 00:00:29,165] {taskinstance.py:1179} INFO - Dependencies all met for <TaskInstance: dag_smtp_email_automatico.dag_envio scheduled__2023-07-31T00:16:00+00:00 [queued]>
[2023-08-01 00:00:29,165] {taskinstance.py:1376} INFO - 
--------------------------------------------------------------------------------
[2023-08-01 00:00:29,166] {taskinstance.py:1377} INFO - Starting attempt 1 of 11
[2023-08-01 00:00:29,166] {taskinstance.py:1378} INFO - 
--------------------------------------------------------------------------------
[2023-08-01 00:00:29,220] {taskinstance.py:1397} INFO - Executing <Task(PythonOperator): dag_envio> on 2023-07-31 00:16:00+00:00
[2023-08-01 00:00:29,241] {standard_task_runner.py:52} INFO - Started process 17752 to run task
[2023-08-01 00:00:29,256] {standard_task_runner.py:79} INFO - Running: ['***', 'tasks', 'run', 'dag_smtp_email_automatico', 'dag_envio', 'scheduled__2023-07-31T00:16:00+00:00', '--job-id', '458', '--raw', '--subdir', 'DAGS_FOLDER/dag_smtp_email.py', '--cfg-path', '/tmp/tmpo5k073xv', '--error-file', '/tmp/tmplk_kintp']
[2023-08-01 00:00:29,257] {standard_task_runner.py:80} INFO - Job 458: Subtask dag_envio
[2023-08-01 00:00:29,510] {task_command.py:371} INFO - Running <TaskInstance: dag_smtp_email_automatico.dag_envio scheduled__2023-07-31T00:16:00+00:00 [running]> on host b0e2d990d7ae
[2023-08-01 00:00:29,780] {taskinstance.py:1591} INFO - Exporting the following env vars:
AIRFLOW_CTX_DAG_EMAIL=arielmfeldman.af@gmail.com
AIRFLOW_CTX_DAG_OWNER=Ariel Feldman
AIRFLOW_CTX_DAG_ID=dag_smtp_email_automatico
AIRFLOW_CTX_TASK_ID=dag_envio
AIRFLOW_CTX_EXECUTION_DATE=2023-07-31T00:16:00+00:00
AIRFLOW_CTX_TRY_NUMBER=1
AIRFLOW_CTX_DAG_RUN_ID=scheduled__2023-07-31T00:16:00+00:00
[2023-08-01 00:00:32,640] {logging_mixin.py:115} INFO - Exito
[2023-08-01 00:00:32,640] {python.py:173} INFO - Done. Returned value was: None
[2023-08-01 00:00:32,692] {taskinstance.py:1420} INFO - Marking task as SUCCESS. dag_id=dag_smtp_email_automatico, task_id=dag_envio, execution_date=20230731T001600, start_date=20230801T000029, end_date=20230801T000032
[2023-08-01 00:00:32,754] {local_task_job.py:156} INFO - Task exited with return code 0
[2023-08-01 00:00:32,972] {local_task_job.py:273} INFO - 0 downstream tasks scheduled from follow-on schedule check
