[2023-07-16 02:51:04,520] {taskinstance.py:1179} INFO - Dependencies all met for <TaskInstance: etl_api_marvel_hacia_aws_redshift_multitask.cargar_data manual__2023-07-16T02:50:55.454244+00:00 [queued]>
[2023-07-16 02:51:04,532] {taskinstance.py:1179} INFO - Dependencies all met for <TaskInstance: etl_api_marvel_hacia_aws_redshift_multitask.cargar_data manual__2023-07-16T02:50:55.454244+00:00 [queued]>
[2023-07-16 02:51:04,532] {taskinstance.py:1376} INFO - 
--------------------------------------------------------------------------------
[2023-07-16 02:51:04,532] {taskinstance.py:1377} INFO - Starting attempt 1 of 11
[2023-07-16 02:51:04,533] {taskinstance.py:1378} INFO - 
--------------------------------------------------------------------------------
[2023-07-16 02:51:04,592] {taskinstance.py:1397} INFO - Executing <Task(PythonOperator): cargar_data> on 2023-07-16 02:50:55.454244+00:00
[2023-07-16 02:51:04,600] {standard_task_runner.py:52} INFO - Started process 10666 to run task
[2023-07-16 02:51:04,604] {standard_task_runner.py:79} INFO - Running: ['***', 'tasks', 'run', 'etl_api_marvel_hacia_aws_redshift_multitask', 'cargar_data', 'manual__2023-07-16T02:50:55.454244+00:00', '--job-id', '900', '--raw', '--subdir', 'DAGS_FOLDER/dag_etl_multiple_tasks.py', '--cfg-path', '/tmp/tmp28zqu8mo', '--error-file', '/tmp/tmpcmsk14gj']
[2023-07-16 02:51:04,605] {standard_task_runner.py:80} INFO - Job 900: Subtask cargar_data
[2023-07-16 02:51:04,743] {task_command.py:371} INFO - Running <TaskInstance: etl_api_marvel_hacia_aws_redshift_multitask.cargar_data manual__2023-07-16T02:50:55.454244+00:00 [running]> on host 7a1b6d75866e
[2023-07-16 02:51:04,958] {taskinstance.py:1591} INFO - Exporting the following env vars:
AIRFLOW_CTX_DAG_EMAIL=arielmfeldman.af@gmail.com
AIRFLOW_CTX_DAG_OWNER=Ariel Feldman
AIRFLOW_CTX_DAG_ID=etl_api_marvel_hacia_aws_redshift_multitask
AIRFLOW_CTX_TASK_ID=cargar_data
AIRFLOW_CTX_EXECUTION_DATE=2023-07-16T02:50:55.454244+00:00
AIRFLOW_CTX_TRY_NUMBER=1
AIRFLOW_CTX_DAG_RUN_ID=manual__2023-07-16T02:50:55.454244+00:00
[2023-07-16 02:51:05,015] {logging_mixin.py:115} INFO - Columnas en load data
[2023-07-16 02:51:05,016] {logging_mixin.py:115} INFO -  Index(['id_character', 'nombre', 'descripcion', 'cantidad_de_comics',
       'cantidad_de_series', 'cantidad_de_historias', 'fecha_modificacion',
       'fecha_insercion_bd'],
      dtype='object')
[2023-07-16 02:51:16,221] {python.py:173} INFO - Done. Returned value was: None
[2023-07-16 02:51:16,238] {taskinstance.py:1420} INFO - Marking task as SUCCESS. dag_id=etl_api_marvel_hacia_aws_redshift_multitask, task_id=cargar_data, execution_date=20230716T025055, start_date=20230716T025104, end_date=20230716T025116
[2023-07-16 02:51:16,313] {local_task_job.py:156} INFO - Task exited with return code 0
[2023-07-16 02:51:16,373] {local_task_job.py:273} INFO - 0 downstream tasks scheduled from follow-on schedule check
