[2023-08-01 21:44:19,076] {taskinstance.py:1179} INFO - Dependencies all met for <TaskInstance: etl_api_marvel_hacia_aws_redshift_multitask_failure.transformar_data manual__2023-08-01T21:44:13.493414+00:00 [queued]>
[2023-08-01 21:44:19,090] {taskinstance.py:1179} INFO - Dependencies all met for <TaskInstance: etl_api_marvel_hacia_aws_redshift_multitask_failure.transformar_data manual__2023-08-01T21:44:13.493414+00:00 [queued]>
[2023-08-01 21:44:19,090] {taskinstance.py:1376} INFO - 
--------------------------------------------------------------------------------
[2023-08-01 21:44:19,090] {taskinstance.py:1377} INFO - Starting attempt 1 of 2
[2023-08-01 21:44:19,090] {taskinstance.py:1378} INFO - 
--------------------------------------------------------------------------------
[2023-08-01 21:44:19,109] {taskinstance.py:1397} INFO - Executing <Task(PythonOperator): transformar_data> on 2023-08-01 21:44:13.493414+00:00
[2023-08-01 21:44:19,117] {standard_task_runner.py:52} INFO - Started process 2093 to run task
[2023-08-01 21:44:19,121] {standard_task_runner.py:79} INFO - Running: ['***', 'tasks', 'run', 'etl_api_marvel_hacia_aws_redshift_multitask_failure', 'transformar_data', 'manual__2023-08-01T21:44:13.493414+00:00', '--job-id', '1188', '--raw', '--subdir', 'DAGS_FOLDER/dag_etl_multiple_tasks_failure.py', '--cfg-path', '/tmp/tmp7bs94q6g', '--error-file', '/tmp/tmpjhd_r1lu']
[2023-08-01 21:44:19,122] {standard_task_runner.py:80} INFO - Job 1188: Subtask transformar_data
[2023-08-01 21:44:19,193] {task_command.py:371} INFO - Running <TaskInstance: etl_api_marvel_hacia_aws_redshift_multitask_failure.transformar_data manual__2023-08-01T21:44:13.493414+00:00 [running]> on host 24cbf2f01ed0
[2023-08-01 21:44:19,279] {taskinstance.py:1591} INFO - Exporting the following env vars:
AIRFLOW_CTX_DAG_EMAIL=arielmfeldman.af@gmail.com
AIRFLOW_CTX_DAG_OWNER=Ariel Feldman
AIRFLOW_CTX_DAG_ID=etl_api_marvel_hacia_aws_redshift_multitask_failure
AIRFLOW_CTX_TASK_ID=transformar_data
AIRFLOW_CTX_EXECUTION_DATE=2023-08-01T21:44:13.493414+00:00
AIRFLOW_CTX_TRY_NUMBER=1
AIRFLOW_CTX_DAG_RUN_ID=manual__2023-08-01T21:44:13.493414+00:00
[2023-08-01 21:44:19,293] {logging_mixin.py:115} INFO - <TaskInstance: etl_api_marvel_hacia_aws_redshift_multitask_failure.transformar_data manual__2023-08-01T21:44:13.493414+00:00 [running]>
[2023-08-01 21:44:19,329] {python.py:173} INFO - Done. Returned value was: None
[2023-08-01 21:44:19,345] {taskinstance.py:1420} INFO - Marking task as SUCCESS. dag_id=etl_api_marvel_hacia_aws_redshift_multitask_failure, task_id=transformar_data, execution_date=20230801T214413, start_date=20230801T214419, end_date=20230801T214419
[2023-08-01 21:44:19,372] {local_task_job.py:156} INFO - Task exited with return code 0
[2023-08-01 21:44:19,399] {taskinstance.py:1760} ERROR - Error when executing on_success_callback
Traceback (most recent call last):
  File "/home/airflow/.local/lib/python3.7/site-packages/airflow/models/taskinstance.py", line 1758, in _run_finished_callback
    task.on_success_callback(context)
  File "/opt/airflow/dags/dag_etl_multiple_tasks_failure.py", line 94, in send_mail_success
    operator_instance = dag_instance.get_task("task_id")
  File "/home/airflow/.local/lib/python3.7/site-packages/airflow/models/dag.py", line 2115, in get_task
    raise TaskNotFound(f"Task {task_id} not found")
airflow.exceptions.TaskNotFound: Task task_id not found
[2023-08-01 21:44:19,421] {local_task_job.py:273} INFO - 1 downstream tasks scheduled from follow-on schedule check
