[2023-08-01 04:23:41,079] {taskinstance.py:1179} INFO - Dependencies all met for <TaskInstance: etl_api_marvel_hacia_aws_redshift_multitask.cargar_data scheduled__2023-08-01T04:21:35.277444+00:00 [queued]>
[2023-08-01 04:23:41,092] {taskinstance.py:1179} INFO - Dependencies all met for <TaskInstance: etl_api_marvel_hacia_aws_redshift_multitask.cargar_data scheduled__2023-08-01T04:21:35.277444+00:00 [queued]>
[2023-08-01 04:23:41,092] {taskinstance.py:1376} INFO - 
--------------------------------------------------------------------------------
[2023-08-01 04:23:41,092] {taskinstance.py:1377} INFO - Starting attempt 1 of 11
[2023-08-01 04:23:41,092] {taskinstance.py:1378} INFO - 
--------------------------------------------------------------------------------
[2023-08-01 04:23:41,109] {taskinstance.py:1397} INFO - Executing <Task(PythonOperator): cargar_data> on 2023-08-01 04:21:35.277444+00:00
[2023-08-01 04:23:41,117] {standard_task_runner.py:52} INFO - Started process 8682 to run task
[2023-08-01 04:23:41,121] {standard_task_runner.py:79} INFO - Running: ['***', 'tasks', 'run', 'etl_api_marvel_hacia_aws_redshift_multitask', 'cargar_data', 'scheduled__2023-08-01T04:21:35.277444+00:00', '--job-id', '883', '--raw', '--subdir', 'DAGS_FOLDER/dag_etl_multiple_tasks.py', '--cfg-path', '/tmp/tmpkzlwee5y', '--error-file', '/tmp/tmppfqirxvg']
[2023-08-01 04:23:41,123] {standard_task_runner.py:80} INFO - Job 883: Subtask cargar_data
[2023-08-01 04:23:41,237] {task_command.py:371} INFO - Running <TaskInstance: etl_api_marvel_hacia_aws_redshift_multitask.cargar_data scheduled__2023-08-01T04:21:35.277444+00:00 [running]> on host 24cbf2f01ed0
[2023-08-01 04:23:41,337] {taskinstance.py:1591} INFO - Exporting the following env vars:
AIRFLOW_CTX_DAG_EMAIL=arielmfeldman.af@gmail.com
AIRFLOW_CTX_DAG_OWNER=Ariel Feldman
AIRFLOW_CTX_DAG_ID=etl_api_marvel_hacia_aws_redshift_multitask
AIRFLOW_CTX_TASK_ID=cargar_data
AIRFLOW_CTX_EXECUTION_DATE=2023-08-01T04:21:35.277444+00:00
AIRFLOW_CTX_TRY_NUMBER=1
AIRFLOW_CTX_DAG_RUN_ID=scheduled__2023-08-01T04:21:35.277444+00:00
[2023-08-01 04:23:52,380] {python.py:173} INFO - Done. Returned value was: None
[2023-08-01 04:23:52,394] {taskinstance.py:1420} INFO - Marking task as SUCCESS. dag_id=etl_api_marvel_hacia_aws_redshift_multitask, task_id=cargar_data, execution_date=20230801T042135, start_date=20230801T042341, end_date=20230801T042352
[2023-08-01 04:23:52,440] {local_task_job.py:156} INFO - Task exited with return code 0
[2023-08-01 04:23:52,463] {warnings.py:110} WARNING - /home/***/.local/lib/python3.7/site-packages/***/utils/context.py:202: AirflowContextDeprecationWarning: Accessing 'execution_date' from the template is deprecated and will be removed in a future version. Please use 'data_interval_start' or 'logical_date' instead.
  warnings.warn(_create_deprecation_warning(key, self._deprecation_replacements[key]))

[2023-08-01 04:23:52,464] {warnings.py:110} WARNING - /home/***/.local/lib/python3.7/site-packages/***/utils/context.py:202: AirflowContextDeprecationWarning: Accessing 'next_execution_date' from the template is deprecated and will be removed in a future version. Please use 'data_interval_end' instead.
  warnings.warn(_create_deprecation_warning(key, self._deprecation_replacements[key]))

[2023-08-01 04:23:52,464] {taskinstance.py:1760} ERROR - Error when executing on_success_callback
Traceback (most recent call last):
  File "/home/airflow/.local/lib/python3.7/site-packages/airflow/models/taskinstance.py", line 1758, in _run_finished_callback
    task.on_success_callback(context)
  File "/opt/airflow/dags/dag_etl_multiple_tasks.py", line 66, in send_mail_success
    print(cnt_task['dag_id'])
TypeError: 'PythonOperator' object is not subscriptable
[2023-08-01 04:23:52,476] {local_task_job.py:273} INFO - 0 downstream tasks scheduled from follow-on schedule check
