[2023-07-16 02:41:54,045] {taskinstance.py:1179} INFO - Dependencies all met for <TaskInstance: etl_api_marvel_hacia_aws_redshift_multitask.transformar manual__2023-07-16T02:41:49.895785+00:00 [queued]>
[2023-07-16 02:41:54,056] {taskinstance.py:1179} INFO - Dependencies all met for <TaskInstance: etl_api_marvel_hacia_aws_redshift_multitask.transformar manual__2023-07-16T02:41:49.895785+00:00 [queued]>
[2023-07-16 02:41:54,056] {taskinstance.py:1376} INFO - 
--------------------------------------------------------------------------------
[2023-07-16 02:41:54,056] {taskinstance.py:1377} INFO - Starting attempt 1 of 11
[2023-07-16 02:41:54,056] {taskinstance.py:1378} INFO - 
--------------------------------------------------------------------------------
[2023-07-16 02:41:54,073] {taskinstance.py:1397} INFO - Executing <Task(PythonOperator): transformar> on 2023-07-16 02:41:49.895785+00:00
[2023-07-16 02:41:54,080] {standard_task_runner.py:52} INFO - Started process 10240 to run task
[2023-07-16 02:41:54,083] {standard_task_runner.py:79} INFO - Running: ['***', 'tasks', 'run', 'etl_api_marvel_hacia_aws_redshift_multitask', 'transformar', 'manual__2023-07-16T02:41:49.895785+00:00', '--job-id', '884', '--raw', '--subdir', 'DAGS_FOLDER/dag_etl_multiple_tasks.py', '--cfg-path', '/tmp/tmpjmhkm4tz', '--error-file', '/tmp/tmp0c_tdz9l']
[2023-07-16 02:41:54,084] {standard_task_runner.py:80} INFO - Job 884: Subtask transformar
[2023-07-16 02:41:54,153] {task_command.py:371} INFO - Running <TaskInstance: etl_api_marvel_hacia_aws_redshift_multitask.transformar manual__2023-07-16T02:41:49.895785+00:00 [running]> on host 7a1b6d75866e
[2023-07-16 02:41:54,238] {taskinstance.py:1591} INFO - Exporting the following env vars:
AIRFLOW_CTX_DAG_EMAIL=arielmfeldman.af@gmail.com
AIRFLOW_CTX_DAG_OWNER=Ariel Feldman
AIRFLOW_CTX_DAG_ID=etl_api_marvel_hacia_aws_redshift_multitask
AIRFLOW_CTX_TASK_ID=transformar
AIRFLOW_CTX_EXECUTION_DATE=2023-07-16T02:41:49.895785+00:00
AIRFLOW_CTX_TRY_NUMBER=1
AIRFLOW_CTX_DAG_RUN_ID=manual__2023-07-16T02:41:49.895785+00:00
[2023-07-16 02:41:54,252] {logging_mixin.py:115} INFO - Aca pasa bien
[2023-07-16 02:41:54,259] {logging_mixin.py:115} INFO - Index(['id_character', 'nombre', 'descripcion', 'cantidad_de_comics',
       'cantidad_de_series', 'cantidad_de_historias', 'fecha_modificacion'],
      dtype='object')
[2023-07-16 02:41:54,259] {logging_mixin.py:115} INFO - (20, 7)
[2023-07-16 02:41:54,260] {logging_mixin.py:115} INFO - Ya existe el csv:  /opt/***/data/compania1/
[2023-07-16 02:41:54,276] {python.py:173} INFO - Done. Returned value was: None
[2023-07-16 02:41:54,297] {taskinstance.py:1420} INFO - Marking task as SUCCESS. dag_id=etl_api_marvel_hacia_aws_redshift_multitask, task_id=transformar, execution_date=20230716T024149, start_date=20230716T024154, end_date=20230716T024154
[2023-07-16 02:41:54,334] {local_task_job.py:156} INFO - Task exited with return code 0
[2023-07-16 02:41:54,374] {local_task_job.py:273} INFO - 1 downstream tasks scheduled from follow-on schedule check
