[2023-08-01 00:08:30,680] {taskinstance.py:1179} INFO - Dependencies all met for <TaskInstance: dag_smtp_email_automatico.dag_envio scheduled__2023-07-31T22:10:00+00:00 [queued]>
[2023-08-01 00:08:30,880] {taskinstance.py:1179} INFO - Dependencies all met for <TaskInstance: dag_smtp_email_automatico.dag_envio scheduled__2023-07-31T22:10:00+00:00 [queued]>
[2023-08-01 00:08:30,881] {taskinstance.py:1376} INFO - 
--------------------------------------------------------------------------------
[2023-08-01 00:08:30,881] {taskinstance.py:1377} INFO - Starting attempt 1 of 11
[2023-08-01 00:08:30,881] {taskinstance.py:1378} INFO - 
--------------------------------------------------------------------------------
[2023-08-01 00:08:31,420] {taskinstance.py:1397} INFO - Executing <Task(PythonOperator): dag_envio> on 2023-07-31 22:10:00+00:00
[2023-08-01 00:08:31,464] {standard_task_runner.py:52} INFO - Started process 18305 to run task
[2023-08-01 00:08:31,472] {standard_task_runner.py:79} INFO - Running: ['***', 'tasks', 'run', 'dag_smtp_email_automatico', 'dag_envio', 'scheduled__2023-07-31T22:10:00+00:00', '--job-id', '573', '--raw', '--subdir', 'DAGS_FOLDER/dag_smtp_email.py', '--cfg-path', '/tmp/tmpuh1i33yk', '--error-file', '/tmp/tmpre_mnhf_']
[2023-08-01 00:08:31,472] {standard_task_runner.py:80} INFO - Job 573: Subtask dag_envio
[2023-08-01 00:08:32,830] {task_command.py:371} INFO - Running <TaskInstance: dag_smtp_email_automatico.dag_envio scheduled__2023-07-31T22:10:00+00:00 [running]> on host b0e2d990d7ae
[2023-08-01 00:08:34,194] {taskinstance.py:1591} INFO - Exporting the following env vars:
AIRFLOW_CTX_DAG_EMAIL=arielmfeldman.af@gmail.com
AIRFLOW_CTX_DAG_OWNER=Ariel Feldman
AIRFLOW_CTX_DAG_ID=dag_smtp_email_automatico
AIRFLOW_CTX_TASK_ID=dag_envio
AIRFLOW_CTX_EXECUTION_DATE=2023-07-31T22:10:00+00:00
AIRFLOW_CTX_TRY_NUMBER=1
AIRFLOW_CTX_DAG_RUN_ID=scheduled__2023-07-31T22:10:00+00:00
[2023-08-01 00:08:36,568] {logging_mixin.py:115} INFO - Exito
[2023-08-01 00:08:36,569] {python.py:173} INFO - Done. Returned value was: None
[2023-08-01 00:08:36,835] {taskinstance.py:1420} INFO - Marking task as SUCCESS. dag_id=dag_smtp_email_automatico, task_id=dag_envio, execution_date=20230731T221000, start_date=20230801T000830, end_date=20230801T000836
[2023-08-01 00:08:36,950] {local_task_job.py:156} INFO - Task exited with return code 0
[2023-08-01 00:08:37,036] {local_task_job.py:273} INFO - 0 downstream tasks scheduled from follow-on schedule check
