[2023-08-01 21:40:38,223] {taskinstance.py:1179} INFO - Dependencies all met for <TaskInstance: etl_api_marvel_hacia_aws_redshift_multitask_failure.transformar_data manual__2023-08-01T21:40:31.319726+00:00 [queued]>
[2023-08-01 21:40:38,248] {taskinstance.py:1179} INFO - Dependencies all met for <TaskInstance: etl_api_marvel_hacia_aws_redshift_multitask_failure.transformar_data manual__2023-08-01T21:40:31.319726+00:00 [queued]>
[2023-08-01 21:40:38,249] {taskinstance.py:1376} INFO - 
--------------------------------------------------------------------------------
[2023-08-01 21:40:38,249] {taskinstance.py:1377} INFO - Starting attempt 1 of 2
[2023-08-01 21:40:38,249] {taskinstance.py:1378} INFO - 
--------------------------------------------------------------------------------
[2023-08-01 21:40:38,286] {taskinstance.py:1397} INFO - Executing <Task(PythonOperator): transformar_data> on 2023-08-01 21:40:31.319726+00:00
[2023-08-01 21:40:38,301] {standard_task_runner.py:52} INFO - Started process 1936 to run task
[2023-08-01 21:40:38,307] {standard_task_runner.py:79} INFO - Running: ['***', 'tasks', 'run', 'etl_api_marvel_hacia_aws_redshift_multitask_failure', 'transformar_data', 'manual__2023-08-01T21:40:31.319726+00:00', '--job-id', '1184', '--raw', '--subdir', 'DAGS_FOLDER/dag_etl_multiple_tasks_failure.py', '--cfg-path', '/tmp/tmpnjb8arm4', '--error-file', '/tmp/tmpaw92m0r7']
[2023-08-01 21:40:38,309] {standard_task_runner.py:80} INFO - Job 1184: Subtask transformar_data
[2023-08-01 21:40:38,455] {task_command.py:371} INFO - Running <TaskInstance: etl_api_marvel_hacia_aws_redshift_multitask_failure.transformar_data manual__2023-08-01T21:40:31.319726+00:00 [running]> on host 24cbf2f01ed0
[2023-08-01 21:40:38,650] {taskinstance.py:1591} INFO - Exporting the following env vars:
AIRFLOW_CTX_DAG_EMAIL=arielmfeldman.af@gmail.com
AIRFLOW_CTX_DAG_OWNER=Ariel Feldman
AIRFLOW_CTX_DAG_ID=etl_api_marvel_hacia_aws_redshift_multitask_failure
AIRFLOW_CTX_TASK_ID=transformar_data
AIRFLOW_CTX_EXECUTION_DATE=2023-08-01T21:40:31.319726+00:00
AIRFLOW_CTX_TRY_NUMBER=1
AIRFLOW_CTX_DAG_RUN_ID=manual__2023-08-01T21:40:31.319726+00:00
[2023-08-01 21:40:38,682] {logging_mixin.py:115} INFO - <TaskInstance: etl_api_marvel_hacia_aws_redshift_multitask_failure.transformar_data manual__2023-08-01T21:40:31.319726+00:00 [running]>
[2023-08-01 21:40:38,738] {python.py:173} INFO - Done. Returned value was: None
[2023-08-01 21:40:38,763] {taskinstance.py:1420} INFO - Marking task as SUCCESS. dag_id=etl_api_marvel_hacia_aws_redshift_multitask_failure, task_id=transformar_data, execution_date=20230801T214031, start_date=20230801T214038, end_date=20230801T214038
[2023-08-01 21:40:38,812] {local_task_job.py:156} INFO - Task exited with return code 0
[2023-08-01 21:40:38,854] {taskinstance.py:1760} ERROR - Error when executing on_success_callback
Traceback (most recent call last):
  File "/home/airflow/.local/lib/python3.7/site-packages/airflow/models/taskinstance.py", line 1758, in _run_finished_callback
    task.on_success_callback(context)
TypeError: send_mail_success() missing 1 required positional argument: 'task_id'
[2023-08-01 21:40:38,891] {local_task_job.py:273} INFO - 1 downstream tasks scheduled from follow-on schedule check
