[2023-08-01 00:01:11,327] {taskinstance.py:1179} INFO - Dependencies all met for <TaskInstance: dag_smtp_email_automatico.dag_envio scheduled__2023-07-31T01:08:00+00:00 [queued]>
[2023-08-01 00:01:11,353] {taskinstance.py:1179} INFO - Dependencies all met for <TaskInstance: dag_smtp_email_automatico.dag_envio scheduled__2023-07-31T01:08:00+00:00 [queued]>
[2023-08-01 00:01:11,353] {taskinstance.py:1376} INFO - 
--------------------------------------------------------------------------------
[2023-08-01 00:01:11,353] {taskinstance.py:1377} INFO - Starting attempt 1 of 11
[2023-08-01 00:01:11,353] {taskinstance.py:1378} INFO - 
--------------------------------------------------------------------------------
[2023-08-01 00:01:11,385] {taskinstance.py:1397} INFO - Executing <Task(PythonOperator): dag_envio> on 2023-07-31 01:08:00+00:00
[2023-08-01 00:01:11,395] {standard_task_runner.py:52} INFO - Started process 17877 to run task
[2023-08-01 00:01:11,403] {standard_task_runner.py:79} INFO - Running: ['***', 'tasks', 'run', 'dag_smtp_email_automatico', 'dag_envio', 'scheduled__2023-07-31T01:08:00+00:00', '--job-id', '510', '--raw', '--subdir', 'DAGS_FOLDER/dag_smtp_email.py', '--cfg-path', '/tmp/tmpifyxsl6z', '--error-file', '/tmp/tmp9rr6csr7']
[2023-08-01 00:01:11,403] {standard_task_runner.py:80} INFO - Job 510: Subtask dag_envio
[2023-08-01 00:01:11,595] {task_command.py:371} INFO - Running <TaskInstance: dag_smtp_email_automatico.dag_envio scheduled__2023-07-31T01:08:00+00:00 [running]> on host b0e2d990d7ae
[2023-08-01 00:01:11,753] {taskinstance.py:1591} INFO - Exporting the following env vars:
AIRFLOW_CTX_DAG_EMAIL=arielmfeldman.af@gmail.com
AIRFLOW_CTX_DAG_OWNER=Ariel Feldman
AIRFLOW_CTX_DAG_ID=dag_smtp_email_automatico
AIRFLOW_CTX_TASK_ID=dag_envio
AIRFLOW_CTX_EXECUTION_DATE=2023-07-31T01:08:00+00:00
AIRFLOW_CTX_TRY_NUMBER=1
AIRFLOW_CTX_DAG_RUN_ID=scheduled__2023-07-31T01:08:00+00:00
[2023-08-01 00:01:14,518] {logging_mixin.py:115} INFO - Exito
[2023-08-01 00:01:14,518] {python.py:173} INFO - Done. Returned value was: None
[2023-08-01 00:01:14,558] {taskinstance.py:1420} INFO - Marking task as SUCCESS. dag_id=dag_smtp_email_automatico, task_id=dag_envio, execution_date=20230731T010800, start_date=20230801T000111, end_date=20230801T000114
[2023-08-01 00:01:14,634] {local_task_job.py:156} INFO - Task exited with return code 0
[2023-08-01 00:01:14,703] {local_task_job.py:273} INFO - 0 downstream tasks scheduled from follow-on schedule check
