[2023-08-01 00:17:04,947] {taskinstance.py:1179} INFO - Dependencies all met for <TaskInstance: dag_smtp_email_automatico.dag_envio scheduled__2023-08-01T00:16:33.599037+00:00 [queued]>
[2023-08-01 00:17:04,958] {taskinstance.py:1179} INFO - Dependencies all met for <TaskInstance: dag_smtp_email_automatico.dag_envio scheduled__2023-08-01T00:16:33.599037+00:00 [queued]>
[2023-08-01 00:17:04,958] {taskinstance.py:1376} INFO - 
--------------------------------------------------------------------------------
[2023-08-01 00:17:04,958] {taskinstance.py:1377} INFO - Starting attempt 1 of 11
[2023-08-01 00:17:04,958] {taskinstance.py:1378} INFO - 
--------------------------------------------------------------------------------
[2023-08-01 00:17:04,974] {taskinstance.py:1397} INFO - Executing <Task(PythonOperator): dag_envio> on 2023-08-01 00:16:33.599037+00:00
[2023-08-01 00:17:04,981] {standard_task_runner.py:52} INFO - Started process 18781 to run task
[2023-08-01 00:17:04,985] {standard_task_runner.py:79} INFO - Running: ['***', 'tasks', 'run', 'dag_smtp_email_automatico', 'dag_envio', 'scheduled__2023-08-01T00:16:33.599037+00:00', '--job-id', '636', '--raw', '--subdir', 'DAGS_FOLDER/dag_smtp_email.py', '--cfg-path', '/tmp/tmpuag8eep_', '--error-file', '/tmp/tmp2ailbpuk']
[2023-08-01 00:17:04,985] {standard_task_runner.py:80} INFO - Job 636: Subtask dag_envio
[2023-08-01 00:17:05,107] {task_command.py:371} INFO - Running <TaskInstance: dag_smtp_email_automatico.dag_envio scheduled__2023-08-01T00:16:33.599037+00:00 [running]> on host b0e2d990d7ae
[2023-08-01 00:17:05,243] {taskinstance.py:1591} INFO - Exporting the following env vars:
AIRFLOW_CTX_DAG_EMAIL=arielmfeldman.af@gmail.com
AIRFLOW_CTX_DAG_OWNER=Ariel Feldman
AIRFLOW_CTX_DAG_ID=dag_smtp_email_automatico
AIRFLOW_CTX_TASK_ID=dag_envio
AIRFLOW_CTX_EXECUTION_DATE=2023-08-01T00:16:33.599037+00:00
AIRFLOW_CTX_TRY_NUMBER=1
AIRFLOW_CTX_DAG_RUN_ID=scheduled__2023-08-01T00:16:33.599037+00:00
[2023-08-01 00:17:07,831] {logging_mixin.py:115} INFO - Exito
[2023-08-01 00:17:07,832] {python.py:173} INFO - Done. Returned value was: None
[2023-08-01 00:17:07,861] {taskinstance.py:1420} INFO - Marking task as SUCCESS. dag_id=dag_smtp_email_automatico, task_id=dag_envio, execution_date=20230801T001633, start_date=20230801T001704, end_date=20230801T001707
[2023-08-01 00:17:07,926] {local_task_job.py:156} INFO - Task exited with return code 0
[2023-08-01 00:17:07,964] {local_task_job.py:273} INFO - 0 downstream tasks scheduled from follow-on schedule check
