[2023-07-30 22:03:14,244] {taskinstance.py:1179} INFO - Dependencies all met for <TaskInstance: dag_smtp_email_automatico.dag_envio scheduled__2022-11-17T00:00:00+00:00 [queued]>
[2023-07-30 22:03:14,333] {taskinstance.py:1179} INFO - Dependencies all met for <TaskInstance: dag_smtp_email_automatico.dag_envio scheduled__2022-11-17T00:00:00+00:00 [queued]>
[2023-07-30 22:03:14,333] {taskinstance.py:1376} INFO - 
--------------------------------------------------------------------------------
[2023-07-30 22:03:14,333] {taskinstance.py:1377} INFO - Starting attempt 1 of 1
[2023-07-30 22:03:14,334] {taskinstance.py:1378} INFO - 
--------------------------------------------------------------------------------
[2023-07-30 22:03:14,559] {taskinstance.py:1397} INFO - Executing <Task(PythonOperator): dag_envio> on 2022-11-17 00:00:00+00:00
[2023-07-30 22:03:14,603] {standard_task_runner.py:52} INFO - Started process 962 to run task
[2023-07-30 22:03:14,613] {standard_task_runner.py:79} INFO - Running: ['***', 'tasks', 'run', 'dag_smtp_email_automatico', 'dag_envio', 'scheduled__2022-11-17T00:00:00+00:00', '--job-id', '77', '--raw', '--subdir', 'DAGS_FOLDER/dag_smtp_email.py', '--cfg-path', '/tmp/tmp78ru8d74', '--error-file', '/tmp/tmp3ukuu_zs']
[2023-07-30 22:03:14,614] {standard_task_runner.py:80} INFO - Job 77: Subtask dag_envio
[2023-07-30 22:03:15,034] {task_command.py:371} INFO - Running <TaskInstance: dag_smtp_email_automatico.dag_envio scheduled__2022-11-17T00:00:00+00:00 [running]> on host b0e2d990d7ae
[2023-07-30 22:03:15,468] {taskinstance.py:1591} INFO - Exporting the following env vars:
AIRFLOW_CTX_DAG_OWNER=Ariel Feldman
AIRFLOW_CTX_DAG_ID=dag_smtp_email_automatico
AIRFLOW_CTX_TASK_ID=dag_envio
AIRFLOW_CTX_EXECUTION_DATE=2022-11-17T00:00:00+00:00
AIRFLOW_CTX_TRY_NUMBER=1
AIRFLOW_CTX_DAG_RUN_ID=scheduled__2022-11-17T00:00:00+00:00
[2023-07-30 22:03:16,084] {logging_mixin.py:115} INFO - 'EMAIL'
[2023-07-30 22:03:16,085] {logging_mixin.py:115} INFO - Failure
[2023-07-30 22:03:16,085] {python.py:173} INFO - Done. Returned value was: None
[2023-07-30 22:03:16,105] {taskinstance.py:1420} INFO - Marking task as SUCCESS. dag_id=dag_smtp_email_automatico, task_id=dag_envio, execution_date=20221117T000000, start_date=20230730T220314, end_date=20230730T220316
[2023-07-30 22:03:16,146] {local_task_job.py:156} INFO - Task exited with return code 0
[2023-07-30 22:03:16,211] {local_task_job.py:273} INFO - 0 downstream tasks scheduled from follow-on schedule check
