[2023-07-16 02:33:25,524] {taskinstance.py:1179} INFO - Dependencies all met for <TaskInstance: etl_api_marvel_hacia_aws_redshift_multitask.extraer_data manual__2023-07-16T02:33:23.122544+00:00 [queued]>
[2023-07-16 02:33:25,539] {taskinstance.py:1179} INFO - Dependencies all met for <TaskInstance: etl_api_marvel_hacia_aws_redshift_multitask.extraer_data manual__2023-07-16T02:33:23.122544+00:00 [queued]>
[2023-07-16 02:33:25,539] {taskinstance.py:1376} INFO - 
--------------------------------------------------------------------------------
[2023-07-16 02:33:25,539] {taskinstance.py:1377} INFO - Starting attempt 1 of 11
[2023-07-16 02:33:25,540] {taskinstance.py:1378} INFO - 
--------------------------------------------------------------------------------
[2023-07-16 02:33:25,558] {taskinstance.py:1397} INFO - Executing <Task(PythonOperator): extraer_data> on 2023-07-16 02:33:23.122544+00:00
[2023-07-16 02:33:25,566] {standard_task_runner.py:52} INFO - Started process 9879 to run task
[2023-07-16 02:33:25,570] {standard_task_runner.py:79} INFO - Running: ['***', 'tasks', 'run', 'etl_api_marvel_hacia_aws_redshift_multitask', 'extraer_data', 'manual__2023-07-16T02:33:23.122544+00:00', '--job-id', '873', '--raw', '--subdir', 'DAGS_FOLDER/dag_etl_multiple_tasks.py', '--cfg-path', '/tmp/tmpwh4oki4w', '--error-file', '/tmp/tmppw9_o5g_']
[2023-07-16 02:33:25,571] {standard_task_runner.py:80} INFO - Job 873: Subtask extraer_data
[2023-07-16 02:33:25,673] {task_command.py:371} INFO - Running <TaskInstance: etl_api_marvel_hacia_aws_redshift_multitask.extraer_data manual__2023-07-16T02:33:23.122544+00:00 [running]> on host 7a1b6d75866e
[2023-07-16 02:33:25,779] {taskinstance.py:1591} INFO - Exporting the following env vars:
AIRFLOW_CTX_DAG_EMAIL=arielmfeldman.af@gmail.com
AIRFLOW_CTX_DAG_OWNER=Ariel Feldman
AIRFLOW_CTX_DAG_ID=etl_api_marvel_hacia_aws_redshift_multitask
AIRFLOW_CTX_TASK_ID=extraer_data
AIRFLOW_CTX_EXECUTION_DATE=2023-07-16T02:33:23.122544+00:00
AIRFLOW_CTX_TRY_NUMBER=1
AIRFLOW_CTX_DAG_RUN_ID=manual__2023-07-16T02:33:23.122544+00:00
[2023-07-16 02:33:26,933] {logging_mixin.py:115} INFO - ya existe el archivo
[2023-07-16 02:33:26,977] {python.py:173} INFO - Done. Returned value was: None
[2023-07-16 02:33:27,016] {taskinstance.py:1420} INFO - Marking task as SUCCESS. dag_id=etl_api_marvel_hacia_aws_redshift_multitask, task_id=extraer_data, execution_date=20230716T023323, start_date=20230716T023325, end_date=20230716T023327
[2023-07-16 02:33:27,083] {local_task_job.py:156} INFO - Task exited with return code 0
[2023-07-16 02:33:27,203] {local_task_job.py:273} INFO - 1 downstream tasks scheduled from follow-on schedule check
