[2023-07-31 23:34:23,501] {taskinstance.py:1179} INFO - Dependencies all met for <TaskInstance: hello_world.hello_task manual__2023-07-31T23:34:20.629670+00:00 [queued]>
[2023-07-31 23:34:23,529] {taskinstance.py:1179} INFO - Dependencies all met for <TaskInstance: hello_world.hello_task manual__2023-07-31T23:34:20.629670+00:00 [queued]>
[2023-07-31 23:34:23,530] {taskinstance.py:1376} INFO - 
--------------------------------------------------------------------------------
[2023-07-31 23:34:23,530] {taskinstance.py:1377} INFO - Starting attempt 1 of 1
[2023-07-31 23:34:23,530] {taskinstance.py:1378} INFO - 
--------------------------------------------------------------------------------
[2023-07-31 23:34:23,565] {taskinstance.py:1397} INFO - Executing <Task(PythonOperator): hello_task> on 2023-07-31 23:34:20.629670+00:00
[2023-07-31 23:34:23,577] {standard_task_runner.py:52} INFO - Started process 16615 to run task
[2023-07-31 23:34:23,581] {standard_task_runner.py:79} INFO - Running: ['***', 'tasks', 'run', 'hello_world', 'hello_task', 'manual__2023-07-31T23:34:20.629670+00:00', '--job-id', '437', '--raw', '--subdir', 'DAGS_FOLDER/dag_smtp_test.py', '--cfg-path', '/tmp/tmpolc7eq9g', '--error-file', '/tmp/tmpkq9rojsp']
[2023-07-31 23:34:23,582] {standard_task_runner.py:80} INFO - Job 437: Subtask hello_task
[2023-07-31 23:34:23,672] {task_command.py:371} INFO - Running <TaskInstance: hello_world.hello_task manual__2023-07-31T23:34:20.629670+00:00 [running]> on host b0e2d990d7ae
[2023-07-31 23:34:23,815] {taskinstance.py:1591} INFO - Exporting the following env vars:
AIRFLOW_CTX_DAG_OWNER=***
AIRFLOW_CTX_DAG_ID=hello_world
AIRFLOW_CTX_TASK_ID=hello_task
AIRFLOW_CTX_EXECUTION_DATE=2023-07-31T23:34:20.629670+00:00
AIRFLOW_CTX_TRY_NUMBER=1
AIRFLOW_CTX_DAG_RUN_ID=manual__2023-07-31T23:34:20.629670+00:00
[2023-07-31 23:34:23,816] {logging_mixin.py:115} INFO - Hello world!
[2023-07-31 23:34:23,817] {python.py:173} INFO - Done. Returned value was: None
[2023-07-31 23:34:23,855] {taskinstance.py:1420} INFO - Marking task as SUCCESS. dag_id=hello_world, task_id=hello_task, execution_date=20230731T233420, start_date=20230731T233423, end_date=20230731T233423
[2023-07-31 23:34:23,931] {local_task_job.py:156} INFO - Task exited with return code 0
[2023-07-31 23:34:23,989] {local_task_job.py:273} INFO - 1 downstream tasks scheduled from follow-on schedule check
