[2023-07-31 23:28:54,191] {taskinstance.py:1179} INFO - Dependencies all met for <TaskInstance: dag_smtp_email_automatico.dag_envio manual__2023-07-31T23:28:52.873106+00:00 [queued]>
[2023-07-31 23:28:54,203] {taskinstance.py:1179} INFO - Dependencies all met for <TaskInstance: dag_smtp_email_automatico.dag_envio manual__2023-07-31T23:28:52.873106+00:00 [queued]>
[2023-07-31 23:28:54,204] {taskinstance.py:1376} INFO - 
--------------------------------------------------------------------------------
[2023-07-31 23:28:54,204] {taskinstance.py:1377} INFO - Starting attempt 1 of 1
[2023-07-31 23:28:54,204] {taskinstance.py:1378} INFO - 
--------------------------------------------------------------------------------
[2023-07-31 23:28:54,222] {taskinstance.py:1397} INFO - Executing <Task(PythonOperator): dag_envio> on 2023-07-31 23:28:52.873106+00:00
[2023-07-31 23:28:54,229] {standard_task_runner.py:52} INFO - Started process 16372 to run task
[2023-07-31 23:28:54,233] {standard_task_runner.py:79} INFO - Running: ['***', 'tasks', 'run', 'dag_smtp_email_automatico', 'dag_envio', 'manual__2023-07-31T23:28:52.873106+00:00', '--job-id', '435', '--raw', '--subdir', 'DAGS_FOLDER/dag_smtp_email.py', '--cfg-path', '/tmp/tmp4vejrljw', '--error-file', '/tmp/tmp493dud_u']
[2023-07-31 23:28:54,234] {standard_task_runner.py:80} INFO - Job 435: Subtask dag_envio
[2023-07-31 23:28:54,325] {task_command.py:371} INFO - Running <TaskInstance: dag_smtp_email_automatico.dag_envio manual__2023-07-31T23:28:52.873106+00:00 [running]> on host b0e2d990d7ae
[2023-07-31 23:28:54,444] {taskinstance.py:1591} INFO - Exporting the following env vars:
AIRFLOW_CTX_DAG_OWNER=Ariel Feldman
AIRFLOW_CTX_DAG_ID=dag_smtp_email_automatico
AIRFLOW_CTX_TASK_ID=dag_envio
AIRFLOW_CTX_EXECUTION_DATE=2023-07-31T23:28:52.873106+00:00
AIRFLOW_CTX_TRY_NUMBER=1
AIRFLOW_CTX_DAG_RUN_ID=manual__2023-07-31T23:28:52.873106+00:00
[2023-07-31 23:28:55,711] {logging_mixin.py:115} INFO - 'str' object has no attribute 'attach'
[2023-07-31 23:28:55,711] {logging_mixin.py:115} INFO - Failure
[2023-07-31 23:28:55,711] {python.py:173} INFO - Done. Returned value was: None
[2023-07-31 23:28:55,749] {taskinstance.py:1420} INFO - Marking task as SUCCESS. dag_id=dag_smtp_email_automatico, task_id=dag_envio, execution_date=20230731T232852, start_date=20230731T232854, end_date=20230731T232855
[2023-07-31 23:28:55,833] {local_task_job.py:156} INFO - Task exited with return code 0
[2023-07-31 23:28:55,929] {local_task_job.py:273} INFO - 0 downstream tasks scheduled from follow-on schedule check
