[2023-07-31 00:01:41,751] {taskinstance.py:1179} INFO - Dependencies all met for <TaskInstance: hello_world.hello_task scheduled__2023-07-30T00:00:00+00:00 [queued]>
[2023-07-31 00:01:41,912] {taskinstance.py:1179} INFO - Dependencies all met for <TaskInstance: hello_world.hello_task scheduled__2023-07-30T00:00:00+00:00 [queued]>
[2023-07-31 00:01:41,912] {taskinstance.py:1376} INFO - 
--------------------------------------------------------------------------------
[2023-07-31 00:01:41,913] {taskinstance.py:1377} INFO - Starting attempt 1 of 1
[2023-07-31 00:01:41,913] {taskinstance.py:1378} INFO - 
--------------------------------------------------------------------------------
[2023-07-31 00:01:42,104] {taskinstance.py:1397} INFO - Executing <Task(PythonOperator): hello_task> on 2023-07-30 00:00:00+00:00
[2023-07-31 00:01:42,125] {standard_task_runner.py:52} INFO - Started process 6652 to run task
[2023-07-31 00:01:42,165] {standard_task_runner.py:79} INFO - Running: ['***', 'tasks', 'run', 'hello_world', 'hello_task', 'scheduled__2023-07-30T00:00:00+00:00', '--job-id', '423', '--raw', '--subdir', 'DAGS_FOLDER/dag_smtp_test.py', '--cfg-path', '/tmp/tmp5zbb4gzs', '--error-file', '/tmp/tmpx4bnztbt']
[2023-07-31 00:01:42,166] {standard_task_runner.py:80} INFO - Job 423: Subtask hello_task
[2023-07-31 00:01:42,453] {task_command.py:371} INFO - Running <TaskInstance: hello_world.hello_task scheduled__2023-07-30T00:00:00+00:00 [running]> on host b0e2d990d7ae
[2023-07-31 00:01:43,226] {taskinstance.py:1591} INFO - Exporting the following env vars:
AIRFLOW_CTX_DAG_OWNER=***
AIRFLOW_CTX_DAG_ID=hello_world
AIRFLOW_CTX_TASK_ID=hello_task
AIRFLOW_CTX_EXECUTION_DATE=2023-07-30T00:00:00+00:00
AIRFLOW_CTX_TRY_NUMBER=1
AIRFLOW_CTX_DAG_RUN_ID=scheduled__2023-07-30T00:00:00+00:00
[2023-07-31 00:01:43,227] {logging_mixin.py:115} INFO - Hello world!
[2023-07-31 00:01:43,227] {python.py:173} INFO - Done. Returned value was: None
[2023-07-31 00:01:43,292] {taskinstance.py:1420} INFO - Marking task as SUCCESS. dag_id=hello_world, task_id=hello_task, execution_date=20230730T000000, start_date=20230731T000141, end_date=20230731T000143
[2023-07-31 00:01:43,437] {local_task_job.py:156} INFO - Task exited with return code 0
[2023-07-31 00:01:43,601] {local_task_job.py:273} INFO - 1 downstream tasks scheduled from follow-on schedule check
