[2023-08-01 04:23:39,094] {taskinstance.py:1179} INFO - Dependencies all met for <TaskInstance: etl_api_marvel_hacia_aws_redshift_multitask.transformar_data scheduled__2023-08-01T04:21:35.277444+00:00 [queued]>
[2023-08-01 04:23:39,106] {taskinstance.py:1179} INFO - Dependencies all met for <TaskInstance: etl_api_marvel_hacia_aws_redshift_multitask.transformar_data scheduled__2023-08-01T04:21:35.277444+00:00 [queued]>
[2023-08-01 04:23:39,106] {taskinstance.py:1376} INFO - 
--------------------------------------------------------------------------------
[2023-08-01 04:23:39,107] {taskinstance.py:1377} INFO - Starting attempt 1 of 11
[2023-08-01 04:23:39,107] {taskinstance.py:1378} INFO - 
--------------------------------------------------------------------------------
[2023-08-01 04:23:39,122] {taskinstance.py:1397} INFO - Executing <Task(PythonOperator): transformar_data> on 2023-08-01 04:21:35.277444+00:00
[2023-08-01 04:23:39,129] {standard_task_runner.py:52} INFO - Started process 8670 to run task
[2023-08-01 04:23:39,133] {standard_task_runner.py:79} INFO - Running: ['***', 'tasks', 'run', 'etl_api_marvel_hacia_aws_redshift_multitask', 'transformar_data', 'scheduled__2023-08-01T04:21:35.277444+00:00', '--job-id', '882', '--raw', '--subdir', 'DAGS_FOLDER/dag_etl_multiple_tasks.py', '--cfg-path', '/tmp/tmp4p8vrkc7', '--error-file', '/tmp/tmp8rp09s80']
[2023-08-01 04:23:39,134] {standard_task_runner.py:80} INFO - Job 882: Subtask transformar_data
[2023-08-01 04:23:39,205] {task_command.py:371} INFO - Running <TaskInstance: etl_api_marvel_hacia_aws_redshift_multitask.transformar_data scheduled__2023-08-01T04:21:35.277444+00:00 [running]> on host 24cbf2f01ed0
[2023-08-01 04:23:39,290] {taskinstance.py:1591} INFO - Exporting the following env vars:
AIRFLOW_CTX_DAG_EMAIL=arielmfeldman.af@gmail.com
AIRFLOW_CTX_DAG_OWNER=Ariel Feldman
AIRFLOW_CTX_DAG_ID=etl_api_marvel_hacia_aws_redshift_multitask
AIRFLOW_CTX_TASK_ID=transformar_data
AIRFLOW_CTX_EXECUTION_DATE=2023-08-01T04:21:35.277444+00:00
AIRFLOW_CTX_TRY_NUMBER=1
AIRFLOW_CTX_DAG_RUN_ID=scheduled__2023-08-01T04:21:35.277444+00:00
[2023-08-01 04:23:39,305] {logging_mixin.py:115} INFO - <TaskInstance: etl_api_marvel_hacia_aws_redshift_multitask.transformar_data scheduled__2023-08-01T04:21:35.277444+00:00 [running]>
[2023-08-01 04:23:39,342] {python.py:173} INFO - Done. Returned value was: None
[2023-08-01 04:23:39,361] {taskinstance.py:1420} INFO - Marking task as SUCCESS. dag_id=etl_api_marvel_hacia_aws_redshift_multitask, task_id=transformar_data, execution_date=20230801T042135, start_date=20230801T042339, end_date=20230801T042339
[2023-08-01 04:23:39,384] {local_task_job.py:156} INFO - Task exited with return code 0
[2023-08-01 04:23:39,416] {warnings.py:110} WARNING - /home/***/.local/lib/python3.7/site-packages/***/utils/context.py:202: AirflowContextDeprecationWarning: Accessing 'execution_date' from the template is deprecated and will be removed in a future version. Please use 'data_interval_start' or 'logical_date' instead.
  warnings.warn(_create_deprecation_warning(key, self._deprecation_replacements[key]))

[2023-08-01 04:23:39,417] {warnings.py:110} WARNING - /home/***/.local/lib/python3.7/site-packages/***/utils/context.py:202: AirflowContextDeprecationWarning: Accessing 'next_execution_date' from the template is deprecated and will be removed in a future version. Please use 'data_interval_end' instead.
  warnings.warn(_create_deprecation_warning(key, self._deprecation_replacements[key]))

[2023-08-01 04:23:39,417] {taskinstance.py:1760} ERROR - Error when executing on_success_callback
Traceback (most recent call last):
  File "/home/airflow/.local/lib/python3.7/site-packages/airflow/models/taskinstance.py", line 1758, in _run_finished_callback
    task.on_success_callback(context)
  File "/opt/airflow/dags/dag_etl_multiple_tasks.py", line 66, in send_mail_success
    print(cnt_task['dag_id'])
TypeError: 'PythonOperator' object is not subscriptable
[2023-08-01 04:23:39,436] {local_task_job.py:273} INFO - 1 downstream tasks scheduled from follow-on schedule check
