[2023-08-01 20:23:35,213] {taskinstance.py:1179} INFO - Dependencies all met for <TaskInstance: etl_api_marvel_hacia_aws_redshift_multitask.transformar_data scheduled__2023-08-01T20:14:49.556510+00:00 [queued]>
[2023-08-01 20:23:35,232] {taskinstance.py:1179} INFO - Dependencies all met for <TaskInstance: etl_api_marvel_hacia_aws_redshift_multitask.transformar_data scheduled__2023-08-01T20:14:49.556510+00:00 [queued]>
[2023-08-01 20:23:35,232] {taskinstance.py:1376} INFO - 
--------------------------------------------------------------------------------
[2023-08-01 20:23:35,232] {taskinstance.py:1377} INFO - Starting attempt 4 of 11
[2023-08-01 20:23:35,232] {taskinstance.py:1378} INFO - 
--------------------------------------------------------------------------------
[2023-08-01 20:23:35,254] {taskinstance.py:1397} INFO - Executing <Task(PythonOperator): transformar_data> on 2023-08-01 20:14:49.556510+00:00
[2023-08-01 20:23:35,265] {standard_task_runner.py:52} INFO - Started process 11286 to run task
[2023-08-01 20:23:35,269] {standard_task_runner.py:79} INFO - Running: ['***', 'tasks', 'run', 'etl_api_marvel_hacia_aws_redshift_multitask', 'transformar_data', 'scheduled__2023-08-01T20:14:49.556510+00:00', '--job-id', '987', '--raw', '--subdir', 'DAGS_FOLDER/dag_etl_multiple_tasks.py', '--cfg-path', '/tmp/tmp8j6x2kbj', '--error-file', '/tmp/tmpsulil1ta']
[2023-08-01 20:23:35,271] {standard_task_runner.py:80} INFO - Job 987: Subtask transformar_data
[2023-08-01 20:23:35,369] {task_command.py:371} INFO - Running <TaskInstance: etl_api_marvel_hacia_aws_redshift_multitask.transformar_data scheduled__2023-08-01T20:14:49.556510+00:00 [running]> on host 24cbf2f01ed0
[2023-08-01 20:23:35,571] {taskinstance.py:1591} INFO - Exporting the following env vars:
AIRFLOW_CTX_DAG_EMAIL=arielmfeldman.af@gmail.com
AIRFLOW_CTX_DAG_OWNER=Ariel Feldman
AIRFLOW_CTX_DAG_ID=etl_api_marvel_hacia_aws_redshift_multitask
AIRFLOW_CTX_TASK_ID=transformar_data
AIRFLOW_CTX_EXECUTION_DATE=2023-08-01T20:14:49.556510+00:00
AIRFLOW_CTX_TRY_NUMBER=4
AIRFLOW_CTX_DAG_RUN_ID=scheduled__2023-08-01T20:14:49.556510+00:00
[2023-08-01 20:23:35,608] {logging_mixin.py:115} INFO - <TaskInstance: etl_api_marvel_hacia_aws_redshift_multitask.transformar_data scheduled__2023-08-01T20:14:49.556510+00:00 [running]>
[2023-08-01 20:23:35,681] {python.py:173} INFO - Done. Returned value was: None
[2023-08-01 20:23:35,700] {taskinstance.py:1420} INFO - Marking task as SUCCESS. dag_id=etl_api_marvel_hacia_aws_redshift_multitask, task_id=transformar_data, execution_date=20230801T201449, start_date=20230801T202335, end_date=20230801T202335
[2023-08-01 20:23:35,731] {local_task_job.py:156} INFO - Task exited with return code 0
[2023-08-01 20:23:35,777] {warnings.py:110} WARNING - /home/***/.local/lib/python3.7/site-packages/***/utils/context.py:202: AirflowContextDeprecationWarning: Accessing 'execution_date' from the template is deprecated and will be removed in a future version. Please use 'data_interval_start' or 'logical_date' instead.
  warnings.warn(_create_deprecation_warning(key, self._deprecation_replacements[key]))

[2023-08-01 20:23:35,777] {warnings.py:110} WARNING - /home/***/.local/lib/python3.7/site-packages/***/utils/context.py:202: AirflowContextDeprecationWarning: Accessing 'next_execution_date' from the template is deprecated and will be removed in a future version. Please use 'data_interval_end' instead.
  warnings.warn(_create_deprecation_warning(key, self._deprecation_replacements[key]))

[2023-08-01 20:23:38,287] {local_task_job.py:273} INFO - 0 downstream tasks scheduled from follow-on schedule check
