[2023-08-01 00:07:01,109] {taskinstance.py:1179} INFO - Dependencies all met for <TaskInstance: dag_smtp_email_automatico.dag_envio scheduled__2023-07-31T21:56:00+00:00 [queued]>
[2023-08-01 00:07:01,389] {taskinstance.py:1179} INFO - Dependencies all met for <TaskInstance: dag_smtp_email_automatico.dag_envio scheduled__2023-07-31T21:56:00+00:00 [queued]>
[2023-08-01 00:07:01,389] {taskinstance.py:1376} INFO - 
--------------------------------------------------------------------------------
[2023-08-01 00:07:01,390] {taskinstance.py:1377} INFO - Starting attempt 1 of 11
[2023-08-01 00:07:01,390] {taskinstance.py:1378} INFO - 
--------------------------------------------------------------------------------
[2023-08-01 00:07:01,648] {taskinstance.py:1397} INFO - Executing <Task(PythonOperator): dag_envio> on 2023-07-31 21:56:00+00:00
[2023-08-01 00:07:01,694] {standard_task_runner.py:52} INFO - Started process 18229 to run task
[2023-08-01 00:07:01,744] {standard_task_runner.py:79} INFO - Running: ['***', 'tasks', 'run', 'dag_smtp_email_automatico', 'dag_envio', 'scheduled__2023-07-31T21:56:00+00:00', '--job-id', '565', '--raw', '--subdir', 'DAGS_FOLDER/dag_smtp_email.py', '--cfg-path', '/tmp/tmpaapym14h', '--error-file', '/tmp/tmp1_098xzq']
[2023-08-01 00:07:01,747] {standard_task_runner.py:80} INFO - Job 565: Subtask dag_envio
[2023-08-01 00:07:02,373] {task_command.py:371} INFO - Running <TaskInstance: dag_smtp_email_automatico.dag_envio scheduled__2023-07-31T21:56:00+00:00 [running]> on host b0e2d990d7ae
[2023-08-01 00:07:02,909] {taskinstance.py:1591} INFO - Exporting the following env vars:
AIRFLOW_CTX_DAG_EMAIL=arielmfeldman.af@gmail.com
AIRFLOW_CTX_DAG_OWNER=Ariel Feldman
AIRFLOW_CTX_DAG_ID=dag_smtp_email_automatico
AIRFLOW_CTX_TASK_ID=dag_envio
AIRFLOW_CTX_EXECUTION_DATE=2023-07-31T21:56:00+00:00
AIRFLOW_CTX_TRY_NUMBER=1
AIRFLOW_CTX_DAG_RUN_ID=scheduled__2023-07-31T21:56:00+00:00
[2023-08-01 00:07:05,233] {logging_mixin.py:115} INFO - Exito
[2023-08-01 00:07:05,233] {python.py:173} INFO - Done. Returned value was: None
[2023-08-01 00:07:05,252] {taskinstance.py:1420} INFO - Marking task as SUCCESS. dag_id=dag_smtp_email_automatico, task_id=dag_envio, execution_date=20230731T215600, start_date=20230801T000701, end_date=20230801T000705
[2023-08-01 00:07:05,308] {local_task_job.py:156} INFO - Task exited with return code 0
[2023-08-01 00:07:05,349] {local_task_job.py:273} INFO - 0 downstream tasks scheduled from follow-on schedule check
[2023-08-01 00:07:05,380] {dagrun.py:564} INFO - Marking run <DagRun dag_smtp_email_automatico @ 2023-07-31 21:56:00+00:00: scheduled__2023-07-31T21:56:00+00:00, externally triggered: False> successful
[2023-08-01 00:07:05,381] {dagrun.py:624} INFO - DagRun Finished: dag_id=dag_smtp_email_automatico, execution_date=2023-07-31 21:56:00+00:00, run_id=scheduled__2023-07-31T21:56:00+00:00, run_start_date=2023-08-01 00:06:55.674406+00:00, run_end_date=2023-08-01 00:07:05.381738+00:00, run_duration=9.707332, state=success, external_trigger=False, run_type=scheduled, data_interval_start=2023-07-31 21:56:00+00:00, data_interval_end=2023-07-31 21:57:00+00:00, dag_hash=2493db79aaa2e439e9b1ad502fe56c45
