[2023-07-13 21:14:53,001] {taskinstance.py:1179} INFO - Dependencies all met for <TaskInstance: mi_primer_dag_v3.tercera_tarea scheduled__2023-02-06T00:00:00+00:00 [queued]>
[2023-07-13 21:14:53,399] {taskinstance.py:1179} INFO - Dependencies all met for <TaskInstance: mi_primer_dag_v3.tercera_tarea scheduled__2023-02-06T00:00:00+00:00 [queued]>
[2023-07-13 21:14:53,400] {taskinstance.py:1376} INFO - 
--------------------------------------------------------------------------------
[2023-07-13 21:14:53,400] {taskinstance.py:1377} INFO - Starting attempt 1 of 6
[2023-07-13 21:14:53,400] {taskinstance.py:1378} INFO - 
--------------------------------------------------------------------------------
[2023-07-13 21:14:54,289] {taskinstance.py:1397} INFO - Executing <Task(BashOperator): tercera_tarea> on 2023-02-06 00:00:00+00:00
[2023-07-13 21:14:54,496] {standard_task_runner.py:52} INFO - Started process 2624 to run task
[2023-07-13 21:14:54,700] {standard_task_runner.py:79} INFO - Running: ['***', 'tasks', 'run', 'mi_primer_dag_v3', 'tercera_tarea', 'scheduled__2023-02-06T00:00:00+00:00', '--job-id', '584', '--raw', '--subdir', 'DAGS_FOLDER/primer_dag_v3.py', '--cfg-path', '/tmp/tmpk0gz28nx', '--error-file', '/tmp/tmpz2fz1pkh']
[2023-07-13 21:14:54,709] {standard_task_runner.py:80} INFO - Job 584: Subtask tercera_tarea
[2023-07-13 21:14:56,903] {task_command.py:371} INFO - Running <TaskInstance: mi_primer_dag_v3.tercera_tarea scheduled__2023-02-06T00:00:00+00:00 [running]> on host 7a1b6d75866e
[2023-07-13 21:15:00,258] {taskinstance.py:1591} INFO - Exporting the following env vars:
AIRFLOW_CTX_DAG_OWNER=Ari Feldman
AIRFLOW_CTX_DAG_ID=mi_primer_dag_v3
AIRFLOW_CTX_TASK_ID=tercera_tarea
AIRFLOW_CTX_EXECUTION_DATE=2023-02-06T00:00:00+00:00
AIRFLOW_CTX_TRY_NUMBER=1
AIRFLOW_CTX_DAG_RUN_ID=scheduled__2023-02-06T00:00:00+00:00
[2023-07-13 21:15:00,293] {subprocess.py:62} INFO - Tmp dir root location: 
 /tmp
[2023-07-13 21:15:00,295] {subprocess.py:74} INFO - Running command: ['bash', '-c', 'echo hola, soy la tarea 3 y sere corrida luego de Tarea 1 al mismo tiempo que Tarea 2']
[2023-07-13 21:15:01,213] {subprocess.py:85} INFO - Output:
[2023-07-13 21:15:01,217] {subprocess.py:92} INFO - hola, soy la tarea 3 y sere corrida luego de Tarea 1 al mismo tiempo que Tarea 2
[2023-07-13 21:15:01,219] {subprocess.py:96} INFO - Command exited with return code 0
[2023-07-13 21:15:02,974] {taskinstance.py:1420} INFO - Marking task as SUCCESS. dag_id=mi_primer_dag_v3, task_id=tercera_tarea, execution_date=20230206T000000, start_date=20230713T211453, end_date=20230713T211502
[2023-07-13 21:15:03,763] {local_task_job.py:156} INFO - Task exited with return code 0
[2023-07-13 21:15:04,155] {local_task_job.py:273} INFO - 0 downstream tasks scheduled from follow-on schedule check
