[2023-07-30 22:05:58,770] {taskinstance.py:1179} INFO - Dependencies all met for <TaskInstance: dag_smtp_email_automatico.dag_envio scheduled__2023-04-30T00:00:00+00:00 [queued]>
[2023-07-30 22:05:58,993] {taskinstance.py:1179} INFO - Dependencies all met for <TaskInstance: dag_smtp_email_automatico.dag_envio scheduled__2023-04-30T00:00:00+00:00 [queued]>
[2023-07-30 22:05:58,993] {taskinstance.py:1376} INFO - 
--------------------------------------------------------------------------------
[2023-07-30 22:05:58,994] {taskinstance.py:1377} INFO - Starting attempt 1 of 1
[2023-07-30 22:05:58,994] {taskinstance.py:1378} INFO - 
--------------------------------------------------------------------------------
[2023-07-30 22:05:59,178] {taskinstance.py:1397} INFO - Executing <Task(PythonOperator): dag_envio> on 2023-04-30 00:00:00+00:00
[2023-07-30 22:05:59,240] {standard_task_runner.py:52} INFO - Started process 1369 to run task
[2023-07-30 22:05:59,307] {standard_task_runner.py:79} INFO - Running: ['***', 'tasks', 'run', 'dag_smtp_email_automatico', 'dag_envio', 'scheduled__2023-04-30T00:00:00+00:00', '--job-id', '237', '--raw', '--subdir', 'DAGS_FOLDER/dag_smtp_email.py', '--cfg-path', '/tmp/tmp1514z0v0', '--error-file', '/tmp/tmp4r8h32_f']
[2023-07-30 22:05:59,307] {standard_task_runner.py:80} INFO - Job 237: Subtask dag_envio
[2023-07-30 22:05:59,862] {task_command.py:371} INFO - Running <TaskInstance: dag_smtp_email_automatico.dag_envio scheduled__2023-04-30T00:00:00+00:00 [running]> on host b0e2d990d7ae
[2023-07-30 22:06:00,737] {taskinstance.py:1591} INFO - Exporting the following env vars:
AIRFLOW_CTX_DAG_OWNER=Ariel Feldman
AIRFLOW_CTX_DAG_ID=dag_smtp_email_automatico
AIRFLOW_CTX_TASK_ID=dag_envio
AIRFLOW_CTX_EXECUTION_DATE=2023-04-30T00:00:00+00:00
AIRFLOW_CTX_TRY_NUMBER=1
AIRFLOW_CTX_DAG_RUN_ID=scheduled__2023-04-30T00:00:00+00:00
[2023-07-30 22:06:01,758] {logging_mixin.py:115} INFO - Connection unexpectedly closed
[2023-07-30 22:06:01,758] {logging_mixin.py:115} INFO - Failure
[2023-07-30 22:06:01,758] {python.py:173} INFO - Done. Returned value was: None
[2023-07-30 22:06:01,861] {taskinstance.py:1420} INFO - Marking task as SUCCESS. dag_id=dag_smtp_email_automatico, task_id=dag_envio, execution_date=20230430T000000, start_date=20230730T220558, end_date=20230730T220601
[2023-07-30 22:06:01,972] {local_task_job.py:156} INFO - Task exited with return code 0
[2023-07-30 22:06:02,116] {local_task_job.py:273} INFO - 0 downstream tasks scheduled from follow-on schedule check
