[2023-08-02 00:58:40,567] {taskinstance.py:1179} INFO - Dependencies all met for <TaskInstance: etl_api_marvel.load manual__2023-08-02T00:58:32.499398+00:00 [queued]>
[2023-08-02 00:58:40,581] {taskinstance.py:1179} INFO - Dependencies all met for <TaskInstance: etl_api_marvel.load manual__2023-08-02T00:58:32.499398+00:00 [queued]>
[2023-08-02 00:58:40,581] {taskinstance.py:1376} INFO - 
--------------------------------------------------------------------------------
[2023-08-02 00:58:40,581] {taskinstance.py:1377} INFO - Starting attempt 1 of 2
[2023-08-02 00:58:40,582] {taskinstance.py:1378} INFO - 
--------------------------------------------------------------------------------
[2023-08-02 00:58:40,613] {taskinstance.py:1397} INFO - Executing <Task(PythonOperator): load> on 2023-08-02 00:58:32.499398+00:00
[2023-08-02 00:58:40,623] {standard_task_runner.py:52} INFO - Started process 6107 to run task
[2023-08-02 00:58:40,629] {standard_task_runner.py:79} INFO - Running: ['***', 'tasks', 'run', 'etl_api_marvel', 'load', 'manual__2023-08-02T00:58:32.499398+00:00', '--job-id', '1306', '--raw', '--subdir', 'DAGS_FOLDER/dag_etl_ok.py', '--cfg-path', '/tmp/tmpmbxtofkd', '--error-file', '/tmp/tmpowh88iae']
[2023-08-02 00:58:40,631] {standard_task_runner.py:80} INFO - Job 1306: Subtask load
[2023-08-02 00:58:40,846] {task_command.py:371} INFO - Running <TaskInstance: etl_api_marvel.load manual__2023-08-02T00:58:32.499398+00:00 [running]> on host 24cbf2f01ed0
[2023-08-02 00:58:41,134] {taskinstance.py:1591} INFO - Exporting the following env vars:
AIRFLOW_CTX_DAG_EMAIL=arielmfeldman.af@gmail.com
AIRFLOW_CTX_DAG_OWNER=Ariel Feldman
AIRFLOW_CTX_DAG_ID=etl_api_marvel
AIRFLOW_CTX_TASK_ID=load
AIRFLOW_CTX_EXECUTION_DATE=2023-08-02T00:58:32.499398+00:00
AIRFLOW_CTX_TRY_NUMBER=1
AIRFLOW_CTX_DAG_RUN_ID=manual__2023-08-02T00:58:32.499398+00:00
[2023-08-02 00:59:07,122] {python.py:173} INFO - Done. Returned value was: None
[2023-08-02 00:59:07,140] {taskinstance.py:1420} INFO - Marking task as SUCCESS. dag_id=etl_api_marvel, task_id=load, execution_date=20230802T005832, start_date=20230802T005840, end_date=20230802T005907
[2023-08-02 00:59:07,177] {local_task_job.py:156} INFO - Task exited with return code 0
[2023-08-02 00:59:07,205] {warnings.py:110} WARNING - /home/***/.local/lib/python3.7/site-packages/***/utils/context.py:202: AirflowContextDeprecationWarning: Accessing 'next_execution_date' from the template is deprecated and will be removed in a future version. Please use 'data_interval_end' instead.
  warnings.warn(_create_deprecation_warning(key, self._deprecation_replacements[key]))

[2023-08-02 00:59:09,724] {local_task_job.py:273} INFO - 0 downstream tasks scheduled from follow-on schedule check
