[2023-07-13 21:14:51,532] {taskinstance.py:1179} INFO - Dependencies all met for <TaskInstance: mi_primer_dag_v3.primera_tarea scheduled__2023-02-12T00:00:00+00:00 [queued]>
[2023-07-13 21:14:51,649] {taskinstance.py:1179} INFO - Dependencies all met for <TaskInstance: mi_primer_dag_v3.primera_tarea scheduled__2023-02-12T00:00:00+00:00 [queued]>
[2023-07-13 21:14:51,685] {taskinstance.py:1376} INFO - 
--------------------------------------------------------------------------------
[2023-07-13 21:14:51,685] {taskinstance.py:1377} INFO - Starting attempt 1 of 6
[2023-07-13 21:14:51,686] {taskinstance.py:1378} INFO - 
--------------------------------------------------------------------------------
[2023-07-13 21:14:51,878] {taskinstance.py:1397} INFO - Executing <Task(BashOperator): primera_tarea> on 2023-02-12 00:00:00+00:00
[2023-07-13 21:14:51,963] {standard_task_runner.py:52} INFO - Started process 2618 to run task
[2023-07-13 21:14:52,029] {standard_task_runner.py:79} INFO - Running: ['***', 'tasks', 'run', 'mi_primer_dag_v3', 'primera_tarea', 'scheduled__2023-02-12T00:00:00+00:00', '--job-id', '581', '--raw', '--subdir', 'DAGS_FOLDER/primer_dag_v3.py', '--cfg-path', '/tmp/tmpb6yhsgyk', '--error-file', '/tmp/tmpbtq5eiu2']
[2023-07-13 21:14:52,030] {standard_task_runner.py:80} INFO - Job 581: Subtask primera_tarea
[2023-07-13 21:14:54,414] {task_command.py:371} INFO - Running <TaskInstance: mi_primer_dag_v3.primera_tarea scheduled__2023-02-12T00:00:00+00:00 [running]> on host 7a1b6d75866e
[2023-07-13 21:14:56,608] {taskinstance.py:1591} INFO - Exporting the following env vars:
AIRFLOW_CTX_DAG_OWNER=Ari Feldman
AIRFLOW_CTX_DAG_ID=mi_primer_dag_v3
AIRFLOW_CTX_TASK_ID=primera_tarea
AIRFLOW_CTX_EXECUTION_DATE=2023-02-12T00:00:00+00:00
AIRFLOW_CTX_TRY_NUMBER=1
AIRFLOW_CTX_DAG_RUN_ID=scheduled__2023-02-12T00:00:00+00:00
[2023-07-13 21:14:56,609] {subprocess.py:62} INFO - Tmp dir root location: 
 /tmp
[2023-07-13 21:14:56,610] {subprocess.py:74} INFO - Running command: ['bash', '-c', 'echo hola mundo, esta es nuestra primera tarea!']
[2023-07-13 21:14:56,655] {subprocess.py:85} INFO - Output:
[2023-07-13 21:14:56,660] {subprocess.py:92} INFO - hola mundo, esta es nuestra primera tarea!
[2023-07-13 21:14:56,661] {subprocess.py:96} INFO - Command exited with return code 0
[2023-07-13 21:14:57,289] {taskinstance.py:1420} INFO - Marking task as SUCCESS. dag_id=mi_primer_dag_v3, task_id=primera_tarea, execution_date=20230212T000000, start_date=20230713T211451, end_date=20230713T211457
[2023-07-13 21:14:58,426] {local_task_job.py:221} WARNING - State of this instance has been externally set to success. Terminating instance.
[2023-07-13 21:14:58,477] {process_utils.py:129} INFO - Sending Signals.SIGTERM to group 2618. PIDs of all processes in the group: [2618]
[2023-07-13 21:14:58,477] {process_utils.py:80} INFO - Sending the signal Signals.SIGTERM to group 2618
[2023-07-13 21:14:58,752] {process_utils.py:75} INFO - Process psutil.Process(pid=2618, status='terminated', exitcode=0, started='21:14:50') (2618) terminated with exit code 0
