[2023-07-31 00:00:50,778] {taskinstance.py:1179} INFO - Dependencies all met for <TaskInstance: hello_world.hello_task scheduled__2017-04-07T00:00:00+00:00 [queued]>
[2023-07-31 00:00:50,866] {taskinstance.py:1179} INFO - Dependencies all met for <TaskInstance: hello_world.hello_task scheduled__2017-04-07T00:00:00+00:00 [queued]>
[2023-07-31 00:00:50,866] {taskinstance.py:1376} INFO - 
--------------------------------------------------------------------------------
[2023-07-31 00:00:50,866] {taskinstance.py:1377} INFO - Starting attempt 1 of 1
[2023-07-31 00:00:50,866] {taskinstance.py:1378} INFO - 
--------------------------------------------------------------------------------
[2023-07-31 00:00:50,956] {taskinstance.py:1397} INFO - Executing <Task(PythonOperator): hello_task> on 2017-04-07 00:00:00+00:00
[2023-07-31 00:00:50,980] {standard_task_runner.py:52} INFO - Started process 6504 to run task
[2023-07-31 00:00:50,993] {standard_task_runner.py:79} INFO - Running: ['***', 'tasks', 'run', 'hello_world', 'hello_task', 'scheduled__2017-04-07T00:00:00+00:00', '--job-id', '364', '--raw', '--subdir', 'DAGS_FOLDER/dag_smtp_test.py', '--cfg-path', '/tmp/tmp75vjtqy2', '--error-file', '/tmp/tmpantq913s']
[2023-07-31 00:00:50,994] {standard_task_runner.py:80} INFO - Job 364: Subtask hello_task
[2023-07-31 00:00:52,009] {task_command.py:371} INFO - Running <TaskInstance: hello_world.hello_task scheduled__2017-04-07T00:00:00+00:00 [running]> on host b0e2d990d7ae
[2023-07-31 00:00:52,804] {taskinstance.py:1591} INFO - Exporting the following env vars:
AIRFLOW_CTX_DAG_OWNER=***
AIRFLOW_CTX_DAG_ID=hello_world
AIRFLOW_CTX_TASK_ID=hello_task
AIRFLOW_CTX_EXECUTION_DATE=2017-04-07T00:00:00+00:00
AIRFLOW_CTX_TRY_NUMBER=1
AIRFLOW_CTX_DAG_RUN_ID=scheduled__2017-04-07T00:00:00+00:00
[2023-07-31 00:00:52,806] {logging_mixin.py:115} INFO - Hello world!
[2023-07-31 00:00:52,809] {python.py:173} INFO - Done. Returned value was: None
[2023-07-31 00:00:53,121] {taskinstance.py:1420} INFO - Marking task as SUCCESS. dag_id=hello_world, task_id=hello_task, execution_date=20170407T000000, start_date=20230731T000050, end_date=20230731T000053
[2023-07-31 00:00:53,348] {local_task_job.py:156} INFO - Task exited with return code 0
[2023-07-31 00:00:54,135] {local_task_job.py:273} INFO - 1 downstream tasks scheduled from follow-on schedule check
