[2023-08-01 04:29:45,239] {taskinstance.py:1179} INFO - Dependencies all met for <TaskInstance: etl_api_marvel_hacia_aws_redshift_multitask.cargar_data scheduled__2023-08-01T04:27:35.277444+00:00 [queued]>
[2023-08-01 04:29:45,261] {taskinstance.py:1179} INFO - Dependencies all met for <TaskInstance: etl_api_marvel_hacia_aws_redshift_multitask.cargar_data scheduled__2023-08-01T04:27:35.277444+00:00 [queued]>
[2023-08-01 04:29:45,261] {taskinstance.py:1376} INFO - 
--------------------------------------------------------------------------------
[2023-08-01 04:29:45,261] {taskinstance.py:1377} INFO - Starting attempt 1 of 11
[2023-08-01 04:29:45,261] {taskinstance.py:1378} INFO - 
--------------------------------------------------------------------------------
[2023-08-01 04:29:45,288] {taskinstance.py:1397} INFO - Executing <Task(PythonOperator): cargar_data> on 2023-08-01 04:27:35.277444+00:00
[2023-08-01 04:29:45,300] {standard_task_runner.py:52} INFO - Started process 8965 to run task
[2023-08-01 04:29:45,307] {standard_task_runner.py:79} INFO - Running: ['***', 'tasks', 'run', 'etl_api_marvel_hacia_aws_redshift_multitask', 'cargar_data', 'scheduled__2023-08-01T04:27:35.277444+00:00', '--job-id', '892', '--raw', '--subdir', 'DAGS_FOLDER/dag_etl_multiple_tasks.py', '--cfg-path', '/tmp/tmpcjszrj78', '--error-file', '/tmp/tmp2qj8l1kr']
[2023-08-01 04:29:45,308] {standard_task_runner.py:80} INFO - Job 892: Subtask cargar_data
[2023-08-01 04:29:45,444] {task_command.py:371} INFO - Running <TaskInstance: etl_api_marvel_hacia_aws_redshift_multitask.cargar_data scheduled__2023-08-01T04:27:35.277444+00:00 [running]> on host 24cbf2f01ed0
[2023-08-01 04:29:45,652] {taskinstance.py:1591} INFO - Exporting the following env vars:
AIRFLOW_CTX_DAG_EMAIL=arielmfeldman.af@gmail.com
AIRFLOW_CTX_DAG_OWNER=Ariel Feldman
AIRFLOW_CTX_DAG_ID=etl_api_marvel_hacia_aws_redshift_multitask
AIRFLOW_CTX_TASK_ID=cargar_data
AIRFLOW_CTX_EXECUTION_DATE=2023-08-01T04:27:35.277444+00:00
AIRFLOW_CTX_TRY_NUMBER=1
AIRFLOW_CTX_DAG_RUN_ID=scheduled__2023-08-01T04:27:35.277444+00:00
[2023-08-01 04:29:57,135] {python.py:173} INFO - Done. Returned value was: None
[2023-08-01 04:29:57,196] {taskinstance.py:1420} INFO - Marking task as SUCCESS. dag_id=etl_api_marvel_hacia_aws_redshift_multitask, task_id=cargar_data, execution_date=20230801T042735, start_date=20230801T042945, end_date=20230801T042957
[2023-08-01 04:29:57,281] {local_task_job.py:156} INFO - Task exited with return code 0
[2023-08-01 04:29:57,340] {warnings.py:110} WARNING - /home/***/.local/lib/python3.7/site-packages/***/utils/context.py:202: AirflowContextDeprecationWarning: Accessing 'execution_date' from the template is deprecated and will be removed in a future version. Please use 'data_interval_start' or 'logical_date' instead.
  warnings.warn(_create_deprecation_warning(key, self._deprecation_replacements[key]))

[2023-08-01 04:29:57,342] {warnings.py:110} WARNING - /home/***/.local/lib/python3.7/site-packages/***/utils/context.py:202: AirflowContextDeprecationWarning: Accessing 'next_execution_date' from the template is deprecated and will be removed in a future version. Please use 'data_interval_end' instead.
  warnings.warn(_create_deprecation_warning(key, self._deprecation_replacements[key]))

[2023-08-01 04:30:00,458] {local_task_job.py:273} INFO - 0 downstream tasks scheduled from follow-on schedule check
