[2023-07-16 02:44:16,029] {taskinstance.py:1179} INFO - Dependencies all met for <TaskInstance: etl_api_marvel_hacia_aws_redshift_multitask.transformar manual__2023-07-16T02:44:10.868326+00:00 [queued]>
[2023-07-16 02:44:16,045] {taskinstance.py:1179} INFO - Dependencies all met for <TaskInstance: etl_api_marvel_hacia_aws_redshift_multitask.transformar manual__2023-07-16T02:44:10.868326+00:00 [queued]>
[2023-07-16 02:44:16,045] {taskinstance.py:1376} INFO - 
--------------------------------------------------------------------------------
[2023-07-16 02:44:16,045] {taskinstance.py:1377} INFO - Starting attempt 1 of 11
[2023-07-16 02:44:16,045] {taskinstance.py:1378} INFO - 
--------------------------------------------------------------------------------
[2023-07-16 02:44:16,068] {taskinstance.py:1397} INFO - Executing <Task(PythonOperator): transformar> on 2023-07-16 02:44:10.868326+00:00
[2023-07-16 02:44:16,077] {standard_task_runner.py:52} INFO - Started process 10349 to run task
[2023-07-16 02:44:16,081] {standard_task_runner.py:79} INFO - Running: ['***', 'tasks', 'run', 'etl_api_marvel_hacia_aws_redshift_multitask', 'transformar', 'manual__2023-07-16T02:44:10.868326+00:00', '--job-id', '888', '--raw', '--subdir', 'DAGS_FOLDER/dag_etl_multiple_tasks.py', '--cfg-path', '/tmp/tmpsxu3p7qa', '--error-file', '/tmp/tmpm_fvoizw']
[2023-07-16 02:44:16,083] {standard_task_runner.py:80} INFO - Job 888: Subtask transformar
[2023-07-16 02:44:16,164] {task_command.py:371} INFO - Running <TaskInstance: etl_api_marvel_hacia_aws_redshift_multitask.transformar manual__2023-07-16T02:44:10.868326+00:00 [running]> on host 7a1b6d75866e
[2023-07-16 02:44:16,274] {taskinstance.py:1591} INFO - Exporting the following env vars:
AIRFLOW_CTX_DAG_EMAIL=arielmfeldman.af@gmail.com
AIRFLOW_CTX_DAG_OWNER=Ariel Feldman
AIRFLOW_CTX_DAG_ID=etl_api_marvel_hacia_aws_redshift_multitask
AIRFLOW_CTX_TASK_ID=transformar
AIRFLOW_CTX_EXECUTION_DATE=2023-07-16T02:44:10.868326+00:00
AIRFLOW_CTX_TRY_NUMBER=1
AIRFLOW_CTX_DAG_RUN_ID=manual__2023-07-16T02:44:10.868326+00:00
[2023-07-16 02:44:16,291] {logging_mixin.py:115} INFO - Aca pasa bien
[2023-07-16 02:44:16,301] {logging_mixin.py:115} INFO - Index(['id_character', 'nombre', 'descripcion', 'cantidad_de_comics',
       'cantidad_de_series', 'cantidad_de_historias', 'fecha_modificacion'],
      dtype='object')
[2023-07-16 02:44:16,301] {logging_mixin.py:115} INFO - (20, 7)
[2023-07-16 02:44:16,301] {logging_mixin.py:115} INFO - Ya existe el csv:  /opt/***/data/compania1/
[2023-07-16 02:44:16,323] {python.py:173} INFO - Done. Returned value was: None
[2023-07-16 02:44:16,342] {taskinstance.py:1420} INFO - Marking task as SUCCESS. dag_id=etl_api_marvel_hacia_aws_redshift_multitask, task_id=transformar, execution_date=20230716T024410, start_date=20230716T024416, end_date=20230716T024416
[2023-07-16 02:44:16,375] {local_task_job.py:156} INFO - Task exited with return code 0
[2023-07-16 02:44:16,419] {local_task_job.py:273} INFO - 1 downstream tasks scheduled from follow-on schedule check
