[2023-07-31 00:00:29,397] {taskinstance.py:1179} INFO - Dependencies all met for <TaskInstance: hello_world.hello_task scheduled__2017-03-30T00:00:00+00:00 [queued]>
[2023-07-31 00:00:29,585] {taskinstance.py:1179} INFO - Dependencies all met for <TaskInstance: hello_world.hello_task scheduled__2017-03-30T00:00:00+00:00 [queued]>
[2023-07-31 00:00:29,585] {taskinstance.py:1376} INFO - 
--------------------------------------------------------------------------------
[2023-07-31 00:00:29,585] {taskinstance.py:1377} INFO - Starting attempt 1 of 1
[2023-07-31 00:00:29,586] {taskinstance.py:1378} INFO - 
--------------------------------------------------------------------------------
[2023-07-31 00:00:29,827] {taskinstance.py:1397} INFO - Executing <Task(PythonOperator): hello_task> on 2017-03-30 00:00:00+00:00
[2023-07-31 00:00:29,906] {standard_task_runner.py:52} INFO - Started process 6463 to run task
[2023-07-31 00:00:29,989] {standard_task_runner.py:79} INFO - Running: ['***', 'tasks', 'run', 'hello_world', 'hello_task', 'scheduled__2017-03-30T00:00:00+00:00', '--job-id', '343', '--raw', '--subdir', 'DAGS_FOLDER/dag_smtp_test.py', '--cfg-path', '/tmp/tmp5gxtfkh9', '--error-file', '/tmp/tmp45jtm8h9']
[2023-07-31 00:00:30,017] {standard_task_runner.py:80} INFO - Job 343: Subtask hello_task
[2023-07-31 00:00:31,376] {task_command.py:371} INFO - Running <TaskInstance: hello_world.hello_task scheduled__2017-03-30T00:00:00+00:00 [running]> on host b0e2d990d7ae
[2023-07-31 00:00:34,546] {taskinstance.py:1591} INFO - Exporting the following env vars:
AIRFLOW_CTX_DAG_OWNER=***
AIRFLOW_CTX_DAG_ID=hello_world
AIRFLOW_CTX_TASK_ID=hello_task
AIRFLOW_CTX_EXECUTION_DATE=2017-03-30T00:00:00+00:00
AIRFLOW_CTX_TRY_NUMBER=1
AIRFLOW_CTX_DAG_RUN_ID=scheduled__2017-03-30T00:00:00+00:00
[2023-07-31 00:00:34,547] {logging_mixin.py:115} INFO - Hello world!
[2023-07-31 00:00:34,547] {python.py:173} INFO - Done. Returned value was: None
[2023-07-31 00:00:34,833] {taskinstance.py:1420} INFO - Marking task as SUCCESS. dag_id=hello_world, task_id=hello_task, execution_date=20170330T000000, start_date=20230731T000029, end_date=20230731T000034
[2023-07-31 00:00:34,942] {local_task_job.py:156} INFO - Task exited with return code 0
[2023-07-31 00:00:36,382] {local_task_job.py:273} INFO - 1 downstream tasks scheduled from follow-on schedule check
