[2023-07-13 22:00:00,964] {taskinstance.py:1179} INFO - Dependencies all met for <TaskInstance: mi_primer_dag_v3.segunda_tarea scheduled__2023-03-29T00:00:00+00:00 [queued]>
[2023-07-13 22:00:01,080] {taskinstance.py:1179} INFO - Dependencies all met for <TaskInstance: mi_primer_dag_v3.segunda_tarea scheduled__2023-03-29T00:00:00+00:00 [queued]>
[2023-07-13 22:00:01,085] {taskinstance.py:1376} INFO - 
--------------------------------------------------------------------------------
[2023-07-13 22:00:01,086] {taskinstance.py:1377} INFO - Starting attempt 1 of 6
[2023-07-13 22:00:01,105] {taskinstance.py:1378} INFO - 
--------------------------------------------------------------------------------
[2023-07-13 22:00:01,352] {taskinstance.py:1397} INFO - Executing <Task(BashOperator): segunda_tarea> on 2023-03-29 00:00:00+00:00
[2023-07-13 22:00:01,423] {standard_task_runner.py:52} INFO - Started process 1544 to run task
[2023-07-13 22:00:01,470] {standard_task_runner.py:79} INFO - Running: ['***', 'tasks', 'run', 'mi_primer_dag_v3', 'segunda_tarea', 'scheduled__2023-03-29T00:00:00+00:00', '--job-id', '737', '--raw', '--subdir', 'DAGS_FOLDER/primer_dag_v3.py', '--cfg-path', '/tmp/tmpdfae0abp', '--error-file', '/tmp/tmpuxvqv4ak']
[2023-07-13 22:00:01,471] {standard_task_runner.py:80} INFO - Job 737: Subtask segunda_tarea
[2023-07-13 22:00:02,122] {task_command.py:371} INFO - Running <TaskInstance: mi_primer_dag_v3.segunda_tarea scheduled__2023-03-29T00:00:00+00:00 [running]> on host 7a1b6d75866e
[2023-07-13 22:00:03,158] {taskinstance.py:1591} INFO - Exporting the following env vars:
AIRFLOW_CTX_DAG_OWNER=Ari Feldman
AIRFLOW_CTX_DAG_ID=mi_primer_dag_v3
AIRFLOW_CTX_TASK_ID=segunda_tarea
AIRFLOW_CTX_EXECUTION_DATE=2023-03-29T00:00:00+00:00
AIRFLOW_CTX_TRY_NUMBER=1
AIRFLOW_CTX_DAG_RUN_ID=scheduled__2023-03-29T00:00:00+00:00
[2023-07-13 22:00:03,159] {subprocess.py:62} INFO - Tmp dir root location: 
 /tmp
[2023-07-13 22:00:03,160] {subprocess.py:74} INFO - Running command: ['bash', '-c', 'echo hola, soy la tarea 2 y sere corrida luego de la Tarea 1']
[2023-07-13 22:00:03,378] {subprocess.py:85} INFO - Output:
[2023-07-13 22:00:03,386] {subprocess.py:92} INFO - hola, soy la tarea 2 y sere corrida luego de la Tarea 1
[2023-07-13 22:00:03,433] {subprocess.py:96} INFO - Command exited with return code 0
[2023-07-13 22:00:03,667] {taskinstance.py:1420} INFO - Marking task as SUCCESS. dag_id=mi_primer_dag_v3, task_id=segunda_tarea, execution_date=20230329T000000, start_date=20230713T220000, end_date=20230713T220003
[2023-07-13 22:00:03,834] {local_task_job.py:156} INFO - Task exited with return code 0
[2023-07-13 22:00:04,027] {local_task_job.py:273} INFO - 0 downstream tasks scheduled from follow-on schedule check
