[2023-07-15 22:40:31,851] {taskinstance.py:1179} INFO - Dependencies all met for <TaskInstance: prueba_task_groups.ultima_tarea manual__2023-07-15T22:40:26.715590+00:00 [queued]>
[2023-07-15 22:40:31,868] {taskinstance.py:1179} INFO - Dependencies all met for <TaskInstance: prueba_task_groups.ultima_tarea manual__2023-07-15T22:40:26.715590+00:00 [queued]>
[2023-07-15 22:40:31,868] {taskinstance.py:1376} INFO - 
--------------------------------------------------------------------------------
[2023-07-15 22:40:31,869] {taskinstance.py:1377} INFO - Starting attempt 1 of 6
[2023-07-15 22:40:31,869] {taskinstance.py:1378} INFO - 
--------------------------------------------------------------------------------
[2023-07-15 22:40:31,890] {taskinstance.py:1397} INFO - Executing <Task(PythonOperator): ultima_tarea> on 2023-07-15 22:40:26.715590+00:00
[2023-07-15 22:40:31,897] {standard_task_runner.py:52} INFO - Started process 1766 to run task
[2023-07-15 22:40:31,901] {standard_task_runner.py:79} INFO - Running: ['***', 'tasks', 'run', 'prueba_task_groups', 'ultima_tarea', 'manual__2023-07-15T22:40:26.715590+00:00', '--job-id', '839', '--raw', '--subdir', 'DAGS_FOLDER/taskgroups.py', '--cfg-path', '/tmp/tmptgg_a482', '--error-file', '/tmp/tmpr2b4a_2k']
[2023-07-15 22:40:31,901] {standard_task_runner.py:80} INFO - Job 839: Subtask ultima_tarea
[2023-07-15 22:40:31,988] {task_command.py:371} INFO - Running <TaskInstance: prueba_task_groups.ultima_tarea manual__2023-07-15T22:40:26.715590+00:00 [running]> on host 7a1b6d75866e
[2023-07-15 22:40:32,098] {taskinstance.py:1591} INFO - Exporting the following env vars:
AIRFLOW_CTX_DAG_EMAIL=arielmfeldman.af@gmail.com
AIRFLOW_CTX_DAG_OWNER=Ariel Feldman
AIRFLOW_CTX_DAG_ID=prueba_task_groups
AIRFLOW_CTX_TASK_ID=ultima_tarea
AIRFLOW_CTX_EXECUTION_DATE=2023-07-15T22:40:26.715590+00:00
AIRFLOW_CTX_TRY_NUMBER=1
AIRFLOW_CTX_DAG_RUN_ID=manual__2023-07-15T22:40:26.715590+00:00
[2023-07-15 22:40:32,099] {logging_mixin.py:115} INFO - hola perro
[2023-07-15 22:40:32,099] {python.py:173} INFO - Done. Returned value was: None
[2023-07-15 22:40:32,117] {taskinstance.py:1420} INFO - Marking task as SUCCESS. dag_id=prueba_task_groups, task_id=ultima_tarea, execution_date=20230715T224026, start_date=20230715T224031, end_date=20230715T224032
[2023-07-15 22:40:32,152] {local_task_job.py:156} INFO - Task exited with return code 0
[2023-07-15 22:40:32,247] {local_task_job.py:273} INFO - 0 downstream tasks scheduled from follow-on schedule check
