[2023-07-13 21:59:31,262] {taskinstance.py:1179} INFO - Dependencies all met for <TaskInstance: mi_primer_dag_v3.tercera_tarea scheduled__2023-03-17T00:00:00+00:00 [queued]>
[2023-07-13 21:59:31,389] {taskinstance.py:1179} INFO - Dependencies all met for <TaskInstance: mi_primer_dag_v3.tercera_tarea scheduled__2023-03-17T00:00:00+00:00 [queued]>
[2023-07-13 21:59:31,390] {taskinstance.py:1376} INFO - 
--------------------------------------------------------------------------------
[2023-07-13 21:59:31,390] {taskinstance.py:1377} INFO - Starting attempt 1 of 6
[2023-07-13 21:59:31,390] {taskinstance.py:1378} INFO - 
--------------------------------------------------------------------------------
[2023-07-13 21:59:31,450] {taskinstance.py:1397} INFO - Executing <Task(BashOperator): tercera_tarea> on 2023-03-17 00:00:00+00:00
[2023-07-13 21:59:31,460] {standard_task_runner.py:52} INFO - Started process 1405 to run task
[2023-07-13 21:59:31,530] {standard_task_runner.py:79} INFO - Running: ['***', 'tasks', 'run', 'mi_primer_dag_v3', 'tercera_tarea', 'scheduled__2023-03-17T00:00:00+00:00', '--job-id', '698', '--raw', '--subdir', 'DAGS_FOLDER/primer_dag_v3.py', '--cfg-path', '/tmp/tmp9ighs3_j', '--error-file', '/tmp/tmp_q96s_3h']
[2023-07-13 21:59:31,537] {standard_task_runner.py:80} INFO - Job 698: Subtask tercera_tarea
[2023-07-13 21:59:32,564] {task_command.py:371} INFO - Running <TaskInstance: mi_primer_dag_v3.tercera_tarea scheduled__2023-03-17T00:00:00+00:00 [running]> on host 7a1b6d75866e
[2023-07-13 21:59:33,411] {taskinstance.py:1591} INFO - Exporting the following env vars:
AIRFLOW_CTX_DAG_OWNER=Ari Feldman
AIRFLOW_CTX_DAG_ID=mi_primer_dag_v3
AIRFLOW_CTX_TASK_ID=tercera_tarea
AIRFLOW_CTX_EXECUTION_DATE=2023-03-17T00:00:00+00:00
AIRFLOW_CTX_TRY_NUMBER=1
AIRFLOW_CTX_DAG_RUN_ID=scheduled__2023-03-17T00:00:00+00:00
[2023-07-13 21:59:33,413] {subprocess.py:62} INFO - Tmp dir root location: 
 /tmp
[2023-07-13 21:59:33,413] {subprocess.py:74} INFO - Running command: ['bash', '-c', 'echo hola, soy la tarea 3 y sere corrida luego de Tarea 1 al mismo tiempo que Tarea 2']
[2023-07-13 21:59:33,467] {subprocess.py:85} INFO - Output:
[2023-07-13 21:59:33,475] {subprocess.py:92} INFO - hola, soy la tarea 3 y sere corrida luego de Tarea 1 al mismo tiempo que Tarea 2
[2023-07-13 21:59:33,485] {subprocess.py:96} INFO - Command exited with return code 0
[2023-07-13 21:59:33,628] {taskinstance.py:1420} INFO - Marking task as SUCCESS. dag_id=mi_primer_dag_v3, task_id=tercera_tarea, execution_date=20230317T000000, start_date=20230713T215931, end_date=20230713T215933
[2023-07-13 21:59:33,689] {local_task_job.py:156} INFO - Task exited with return code 0
[2023-07-13 21:59:33,759] {local_task_job.py:273} INFO - 0 downstream tasks scheduled from follow-on schedule check
