[2023-07-30 22:05:10,397] {taskinstance.py:1179} INFO - Dependencies all met for <TaskInstance: dag_smtp_email_automatico.dag_envio scheduled__2023-03-08T00:00:00+00:00 [queued]>
[2023-07-30 22:05:10,483] {taskinstance.py:1179} INFO - Dependencies all met for <TaskInstance: dag_smtp_email_automatico.dag_envio scheduled__2023-03-08T00:00:00+00:00 [queued]>
[2023-07-30 22:05:10,484] {taskinstance.py:1376} INFO - 
--------------------------------------------------------------------------------
[2023-07-30 22:05:10,484] {taskinstance.py:1377} INFO - Starting attempt 1 of 1
[2023-07-30 22:05:10,484] {taskinstance.py:1378} INFO - 
--------------------------------------------------------------------------------
[2023-07-30 22:05:10,584] {taskinstance.py:1397} INFO - Executing <Task(PythonOperator): dag_envio> on 2023-03-08 00:00:00+00:00
[2023-07-30 22:05:10,622] {standard_task_runner.py:52} INFO - Started process 1239 to run task
[2023-07-30 22:05:10,631] {standard_task_runner.py:79} INFO - Running: ['***', 'tasks', 'run', 'dag_smtp_email_automatico', 'dag_envio', 'scheduled__2023-03-08T00:00:00+00:00', '--job-id', '184', '--raw', '--subdir', 'DAGS_FOLDER/dag_smtp_email.py', '--cfg-path', '/tmp/tmp0oml25ko', '--error-file', '/tmp/tmpsude_0qr']
[2023-07-30 22:05:10,632] {standard_task_runner.py:80} INFO - Job 184: Subtask dag_envio
[2023-07-30 22:05:11,219] {task_command.py:371} INFO - Running <TaskInstance: dag_smtp_email_automatico.dag_envio scheduled__2023-03-08T00:00:00+00:00 [running]> on host b0e2d990d7ae
[2023-07-30 22:05:12,229] {taskinstance.py:1591} INFO - Exporting the following env vars:
AIRFLOW_CTX_DAG_OWNER=Ariel Feldman
AIRFLOW_CTX_DAG_ID=dag_smtp_email_automatico
AIRFLOW_CTX_TASK_ID=dag_envio
AIRFLOW_CTX_EXECUTION_DATE=2023-03-08T00:00:00+00:00
AIRFLOW_CTX_TRY_NUMBER=1
AIRFLOW_CTX_DAG_RUN_ID=scheduled__2023-03-08T00:00:00+00:00
[2023-07-30 22:05:13,794] {logging_mixin.py:115} INFO - (535, b'5.7.8 Username and Password not accepted. Learn more at\n5.7.8  https://support.google.com/mail/?p=BadCredentials z2-20020a056808048200b003a422b6ff4csm3567657oid.49 - gsmtp')
[2023-07-30 22:05:13,794] {logging_mixin.py:115} INFO - Failure
[2023-07-30 22:05:13,794] {python.py:173} INFO - Done. Returned value was: None
[2023-07-30 22:05:13,850] {taskinstance.py:1420} INFO - Marking task as SUCCESS. dag_id=dag_smtp_email_automatico, task_id=dag_envio, execution_date=20230308T000000, start_date=20230730T220510, end_date=20230730T220513
[2023-07-30 22:05:13,959] {local_task_job.py:156} INFO - Task exited with return code 0
[2023-07-30 22:05:14,099] {local_task_job.py:273} INFO - 0 downstream tasks scheduled from follow-on schedule check
