[2023-08-01 00:44:36,840] {taskinstance.py:1179} INFO - Dependencies all met for <TaskInstance: etl_api_marvel_hacia_aws_redshift_multitask.extraer_data manual__2023-08-01T00:44:32.376299+00:00 [queued]>
[2023-08-01 00:44:36,858] {taskinstance.py:1179} INFO - Dependencies all met for <TaskInstance: etl_api_marvel_hacia_aws_redshift_multitask.extraer_data manual__2023-08-01T00:44:32.376299+00:00 [queued]>
[2023-08-01 00:44:36,858] {taskinstance.py:1376} INFO - 
--------------------------------------------------------------------------------
[2023-08-01 00:44:36,858] {taskinstance.py:1377} INFO - Starting attempt 1 of 11
[2023-08-01 00:44:36,859] {taskinstance.py:1378} INFO - 
--------------------------------------------------------------------------------
[2023-08-01 00:44:36,916] {taskinstance.py:1397} INFO - Executing <Task(PythonOperator): extraer_data> on 2023-08-01 00:44:32.376299+00:00
[2023-08-01 00:44:36,924] {standard_task_runner.py:52} INFO - Started process 19998 to run task
[2023-08-01 00:44:36,932] {standard_task_runner.py:79} INFO - Running: ['***', 'tasks', 'run', 'etl_api_marvel_hacia_aws_redshift_multitask', 'extraer_data', 'manual__2023-08-01T00:44:32.376299+00:00', '--job-id', '659', '--raw', '--subdir', 'DAGS_FOLDER/dag_etl_multiple_tasks.py', '--cfg-path', '/tmp/tmpr3ez7en0', '--error-file', '/tmp/tmpvyex2_gj']
[2023-08-01 00:44:36,933] {standard_task_runner.py:80} INFO - Job 659: Subtask extraer_data
[2023-08-01 00:44:37,103] {task_command.py:371} INFO - Running <TaskInstance: etl_api_marvel_hacia_aws_redshift_multitask.extraer_data manual__2023-08-01T00:44:32.376299+00:00 [running]> on host b0e2d990d7ae
[2023-08-01 00:44:37,325] {taskinstance.py:1591} INFO - Exporting the following env vars:
AIRFLOW_CTX_DAG_EMAIL=arielmfeldman.af@gmail.com
AIRFLOW_CTX_DAG_OWNER=Ariel Feldman
AIRFLOW_CTX_DAG_ID=etl_api_marvel_hacia_aws_redshift_multitask
AIRFLOW_CTX_TASK_ID=extraer_data
AIRFLOW_CTX_EXECUTION_DATE=2023-08-01T00:44:32.376299+00:00
AIRFLOW_CTX_TRY_NUMBER=1
AIRFLOW_CTX_DAG_RUN_ID=manual__2023-08-01T00:44:32.376299+00:00
[2023-08-01 00:44:38,832] {python.py:173} INFO - Done. Returned value was: None
[2023-08-01 00:44:38,847] {taskinstance.py:1420} INFO - Marking task as SUCCESS. dag_id=etl_api_marvel_hacia_aws_redshift_multitask, task_id=extraer_data, execution_date=20230801T004432, start_date=20230801T004436, end_date=20230801T004438
[2023-08-01 00:44:38,883] {local_task_job.py:156} INFO - Task exited with return code 0
[2023-08-01 00:44:38,952] {local_task_job.py:273} INFO - 1 downstream tasks scheduled from follow-on schedule check
