[2023-07-14 02:46:29,103] {taskinstance.py:1179} INFO - Dependencies all met for <TaskInstance: data_sensor_id.sensar_archivo scheduled__2023-07-12T00:00:00+00:00 [queued]>
[2023-07-14 02:46:29,124] {taskinstance.py:1179} INFO - Dependencies all met for <TaskInstance: data_sensor_id.sensar_archivo scheduled__2023-07-12T00:00:00+00:00 [queued]>
[2023-07-14 02:46:29,125] {taskinstance.py:1376} INFO - 
--------------------------------------------------------------------------------
[2023-07-14 02:46:29,125] {taskinstance.py:1377} INFO - Starting attempt 1 of 1
[2023-07-14 02:46:29,125] {taskinstance.py:1378} INFO - 
--------------------------------------------------------------------------------
[2023-07-14 02:46:29,168] {taskinstance.py:1397} INFO - Executing <Task(FileSensor): sensar_archivo> on 2023-07-12 00:00:00+00:00
[2023-07-14 02:46:29,179] {standard_task_runner.py:52} INFO - Started process 5172 to run task
[2023-07-14 02:46:29,190] {standard_task_runner.py:79} INFO - Running: ['***', 'tasks', 'run', 'data_sensor_id', 'sensar_archivo', 'scheduled__2023-07-12T00:00:00+00:00', '--job-id', '825', '--raw', '--subdir', 'DAGS_FOLDER/first_sensor.py', '--cfg-path', '/tmp/tmptancwww6', '--error-file', '/tmp/tmpev81l3c3']
[2023-07-14 02:46:29,192] {standard_task_runner.py:80} INFO - Job 825: Subtask sensar_archivo
[2023-07-14 02:46:29,320] {task_command.py:371} INFO - Running <TaskInstance: data_sensor_id.sensar_archivo scheduled__2023-07-12T00:00:00+00:00 [running]> on host 7a1b6d75866e
[2023-07-14 02:46:29,433] {taskinstance.py:1591} INFO - Exporting the following env vars:
AIRFLOW_CTX_DAG_OWNER=***
AIRFLOW_CTX_DAG_ID=data_sensor_id
AIRFLOW_CTX_TASK_ID=sensar_archivo
AIRFLOW_CTX_EXECUTION_DATE=2023-07-12T00:00:00+00:00
AIRFLOW_CTX_TRY_NUMBER=1
AIRFLOW_CTX_DAG_RUN_ID=scheduled__2023-07-12T00:00:00+00:00
[2023-07-14 02:46:29,480] {taskinstance.py:1909} ERROR - Task failed with exception
Traceback (most recent call last):
  File "/home/airflow/.local/lib/python3.7/site-packages/airflow/sensors/base.py", line 277, in execute
    poke_return = self.poke(context)
  File "/home/airflow/.local/lib/python3.7/site-packages/airflow/sensors/filesystem.py", line 55, in poke
    hook = FSHook(self.fs_conn_id)
  File "/home/airflow/.local/lib/python3.7/site-packages/airflow/hooks/filesystem.py", line 38, in __init__
    conn = self.get_connection(conn_id)
  File "/home/airflow/.local/lib/python3.7/site-packages/airflow/hooks/base.py", line 67, in get_connection
    conn = Connection.get_connection_from_secrets(conn_id)
  File "/home/airflow/.local/lib/python3.7/site-packages/airflow/models/connection.py", line 430, in get_connection_from_secrets
    raise AirflowNotFoundException(f"The conn_id `{conn_id}` isn't defined")
airflow.exceptions.AirflowNotFoundException: The conn_id `fs_default` isn't defined
[2023-07-14 02:46:29,487] {taskinstance.py:1420} INFO - Marking task as FAILED. dag_id=data_sensor_id, task_id=sensar_archivo, execution_date=20230712T000000, start_date=20230714T024629, end_date=20230714T024629
[2023-07-14 02:46:29,512] {standard_task_runner.py:97} ERROR - Failed to execute job 825 for task sensar_archivo (The conn_id `fs_default` isn't defined; 5172)
[2023-07-14 02:46:29,563] {local_task_job.py:156} INFO - Task exited with return code 1
[2023-07-14 02:46:29,645] {local_task_job.py:273} INFO - 0 downstream tasks scheduled from follow-on schedule check
