[2023-07-13 21:09:29,097] {taskinstance.py:1179} INFO - Dependencies all met for <TaskInstance: mi_primer_dag_v3.segunda_tarea scheduled__2022-10-27T00:00:00+00:00 [queued]>
[2023-07-13 21:09:29,365] {taskinstance.py:1179} INFO - Dependencies all met for <TaskInstance: mi_primer_dag_v3.segunda_tarea scheduled__2022-10-27T00:00:00+00:00 [queued]>
[2023-07-13 21:09:29,366] {taskinstance.py:1376} INFO - 
--------------------------------------------------------------------------------
[2023-07-13 21:09:29,366] {taskinstance.py:1377} INFO - Starting attempt 1 of 6
[2023-07-13 21:09:29,366] {taskinstance.py:1378} INFO - 
--------------------------------------------------------------------------------
[2023-07-13 21:09:29,725] {taskinstance.py:1397} INFO - Executing <Task(BashOperator): segunda_tarea> on 2022-10-27 00:00:00+00:00
[2023-07-13 21:09:29,779] {standard_task_runner.py:79} INFO - Running: ['***', 'tasks', 'run', 'mi_primer_dag_v3', 'segunda_tarea', 'scheduled__2022-10-27T00:00:00+00:00', '--job-id', '272', '--raw', '--subdir', 'DAGS_FOLDER/primer_dag_v3.py', '--cfg-path', '/tmp/tmp0_fdxxnw', '--error-file', '/tmp/tmp1alf8ukp']
[2023-07-13 21:09:29,780] {standard_task_runner.py:80} INFO - Job 272: Subtask segunda_tarea
[2023-07-13 21:09:29,752] {standard_task_runner.py:52} INFO - Started process 1545 to run task
[2023-07-13 21:09:30,456] {task_command.py:371} INFO - Running <TaskInstance: mi_primer_dag_v3.segunda_tarea scheduled__2022-10-27T00:00:00+00:00 [running]> on host 7a1b6d75866e
[2023-07-13 21:09:31,095] {taskinstance.py:1591} INFO - Exporting the following env vars:
AIRFLOW_CTX_DAG_OWNER=Ari Feldman
AIRFLOW_CTX_DAG_ID=mi_primer_dag_v3
AIRFLOW_CTX_TASK_ID=segunda_tarea
AIRFLOW_CTX_EXECUTION_DATE=2022-10-27T00:00:00+00:00
AIRFLOW_CTX_TRY_NUMBER=1
AIRFLOW_CTX_DAG_RUN_ID=scheduled__2022-10-27T00:00:00+00:00
[2023-07-13 21:09:31,103] {subprocess.py:62} INFO - Tmp dir root location: 
 /tmp
[2023-07-13 21:09:31,104] {subprocess.py:74} INFO - Running command: ['bash', '-c', 'echo hola, soy la tarea 2 y sere corrida luego de la Tarea 1']
[2023-07-13 21:09:31,137] {subprocess.py:85} INFO - Output:
[2023-07-13 21:09:31,144] {subprocess.py:92} INFO - hola, soy la tarea 2 y sere corrida luego de la Tarea 1
[2023-07-13 21:09:31,146] {subprocess.py:96} INFO - Command exited with return code 0
[2023-07-13 21:09:31,368] {taskinstance.py:1420} INFO - Marking task as SUCCESS. dag_id=mi_primer_dag_v3, task_id=segunda_tarea, execution_date=20221027T000000, start_date=20230713T210929, end_date=20230713T210931
[2023-07-13 21:09:31,465] {local_task_job.py:156} INFO - Task exited with return code 0
[2023-07-13 21:09:31,710] {local_task_job.py:273} INFO - 0 downstream tasks scheduled from follow-on schedule check
