[2023-08-01 00:40:25,420] {taskinstance.py:1179} INFO - Dependencies all met for <TaskInstance: dag_smtp_email_automatico.dag_envio scheduled__2023-08-01T00:39:54.459348+00:00 [queued]>
[2023-08-01 00:40:25,442] {taskinstance.py:1179} INFO - Dependencies all met for <TaskInstance: dag_smtp_email_automatico.dag_envio scheduled__2023-08-01T00:39:54.459348+00:00 [queued]>
[2023-08-01 00:40:25,442] {taskinstance.py:1376} INFO - 
--------------------------------------------------------------------------------
[2023-08-01 00:40:25,443] {taskinstance.py:1377} INFO - Starting attempt 1 of 11
[2023-08-01 00:40:25,443] {taskinstance.py:1378} INFO - 
--------------------------------------------------------------------------------
[2023-08-01 00:40:25,473] {taskinstance.py:1397} INFO - Executing <Task(PythonOperator): dag_envio> on 2023-08-01 00:39:54.459348+00:00
[2023-08-01 00:40:25,483] {standard_task_runner.py:52} INFO - Started process 19808 to run task
[2023-08-01 00:40:25,491] {standard_task_runner.py:79} INFO - Running: ['***', 'tasks', 'run', 'dag_smtp_email_automatico', 'dag_envio', 'scheduled__2023-08-01T00:39:54.459348+00:00', '--job-id', '649', '--raw', '--subdir', 'DAGS_FOLDER/dag_smtp_email.py', '--cfg-path', '/tmp/tmpzd4_bpz0', '--error-file', '/tmp/tmpi77zx4j3']
[2023-08-01 00:40:25,492] {standard_task_runner.py:80} INFO - Job 649: Subtask dag_envio
[2023-08-01 00:40:25,647] {task_command.py:371} INFO - Running <TaskInstance: dag_smtp_email_automatico.dag_envio scheduled__2023-08-01T00:39:54.459348+00:00 [running]> on host b0e2d990d7ae
[2023-08-01 00:40:25,804] {taskinstance.py:1591} INFO - Exporting the following env vars:
AIRFLOW_CTX_DAG_EMAIL=arielmfeldman.af@gmail.com
AIRFLOW_CTX_DAG_OWNER=Ariel Feldman
AIRFLOW_CTX_DAG_ID=dag_smtp_email_automatico
AIRFLOW_CTX_TASK_ID=dag_envio
AIRFLOW_CTX_EXECUTION_DATE=2023-08-01T00:39:54.459348+00:00
AIRFLOW_CTX_TRY_NUMBER=1
AIRFLOW_CTX_DAG_RUN_ID=scheduled__2023-08-01T00:39:54.459348+00:00
[2023-08-01 00:41:05,979] {local_task_job.py:221} WARNING - State of this instance has been externally set to failed. Terminating instance.
[2023-08-01 00:41:05,983] {process_utils.py:129} INFO - Sending Signals.SIGTERM to group 19808. PIDs of all processes in the group: [19808]
[2023-08-01 00:41:05,983] {process_utils.py:80} INFO - Sending the signal Signals.SIGTERM to group 19808
[2023-08-01 00:41:05,983] {taskinstance.py:1561} ERROR - Received SIGTERM. Terminating subprocesses.
[2023-08-01 00:41:05,984] {logging_mixin.py:115} INFO - Task received SIGTERM signal
[2023-08-01 00:41:05,984] {logging_mixin.py:115} INFO - Failure
[2023-08-01 00:41:05,985] {logging_mixin.py:115} INFO - 'NoneType' object has no attribute '__name__'
[2023-08-01 00:41:05,985] {logging_mixin.py:115} INFO - Failure
[2023-08-01 00:41:05,985] {logging_mixin.py:115} INFO - 'NoneType' object has no attribute '__name__'
[2023-08-01 00:41:05,986] {logging_mixin.py:115} INFO - Failure
[2023-08-01 00:41:05,986] {logging_mixin.py:115} INFO - 'NoneType' object has no attribute '__name__'
[2023-08-01 00:41:05,988] {logging_mixin.py:115} INFO - Failure
[2023-08-01 00:41:05,988] {logging_mixin.py:115} INFO - 'NoneType' object has no attribute '__name__'
[2023-08-01 00:41:05,989] {logging_mixin.py:115} INFO - Failure
[2023-08-01 00:41:05,989] {logging_mixin.py:115} INFO - 'NoneType' object has no attribute '__name__'
[2023-08-01 00:41:05,990] {logging_mixin.py:115} INFO - Failure
[2023-08-01 00:41:05,990] {logging_mixin.py:115} INFO - 'NoneType' object has no attribute '__name__'
[2023-08-01 00:41:05,991] {logging_mixin.py:115} INFO - Failure
[2023-08-01 00:41:05,991] {logging_mixin.py:115} INFO - 'NoneType' object has no attribute '__name__'
[2023-08-01 00:41:05,992] {logging_mixin.py:115} INFO - Failure
[2023-08-01 00:41:05,993] {logging_mixin.py:115} INFO - 'NoneType' object has no attribute '__name__'
[2023-08-01 00:41:05,994] {logging_mixin.py:115} INFO - Failure
[2023-08-01 00:41:05,994] {logging_mixin.py:115} INFO - 'NoneType' object has no attribute '__name__'
[2023-08-01 00:41:05,995] {logging_mixin.py:115} INFO - Failure
[2023-08-01 00:41:05,995] {logging_mixin.py:115} INFO - 'NoneType' object has no attribute '__name__'
[2023-08-01 00:41:05,996] {logging_mixin.py:115} INFO - Failure
[2023-08-01 00:41:05,996] {logging_mixin.py:115} INFO - 'NoneType' object has no attribute '__name__'
[2023-08-01 00:41:05,997] {logging_mixin.py:115} INFO - Failure
[2023-08-01 00:41:05,997] {logging_mixin.py:115} INFO - 'NoneType' object has no attribute '__name__'
[2023-08-01 00:41:05,998] {logging_mixin.py:115} INFO - Failure
[2023-08-01 00:41:05,999] {logging_mixin.py:115} INFO - 'NoneType' object has no attribute '__name__'
[2023-08-01 00:41:05,999] {logging_mixin.py:115} INFO - Failure
[2023-08-01 00:41:05,999] {logging_mixin.py:115} INFO - 'NoneType' object has no attribute '__name__'
[2023-08-01 00:41:06,000] {logging_mixin.py:115} INFO - Failure
[2023-08-01 00:41:06,001] {logging_mixin.py:115} INFO - 'NoneType' object has no attribute '__name__'
[2023-08-01 00:41:06,001] {logging_mixin.py:115} INFO - Failure
[2023-08-01 00:41:06,001] {python.py:173} INFO - Done. Returned value was: None
[2023-08-01 00:41:06,019] {taskinstance.py:1420} INFO - Marking task as SUCCESS. dag_id=dag_smtp_email_automatico, task_id=dag_envio, execution_date=20230801T003954, start_date=20230801T004025, end_date=20230801T004106
[2023-08-01 00:41:06,076] {process_utils.py:75} INFO - Process psutil.Process(pid=19808, status='terminated', exitcode=0, started='00:40:24') (19808) terminated with exit code 0
