[2023-08-01 20:49:56,848] {taskinstance.py:1179} INFO - Dependencies all met for <TaskInstance: etl_api_marvel_hacia_aws_redshift_multitask.extraer_data scheduled__2023-08-01T20:44:54.394597+00:00 [queued]>
[2023-08-01 20:49:56,882] {taskinstance.py:1179} INFO - Dependencies all met for <TaskInstance: etl_api_marvel_hacia_aws_redshift_multitask.extraer_data scheduled__2023-08-01T20:44:54.394597+00:00 [queued]>
[2023-08-01 20:49:56,882] {taskinstance.py:1376} INFO - 
--------------------------------------------------------------------------------
[2023-08-01 20:49:56,883] {taskinstance.py:1377} INFO - Starting attempt 1 of 2
[2023-08-01 20:49:56,883] {taskinstance.py:1378} INFO - 
--------------------------------------------------------------------------------
[2023-08-01 20:49:56,914] {taskinstance.py:1397} INFO - Executing <Task(PythonOperator): extraer_data> on 2023-08-01 20:44:54.394597+00:00
[2023-08-01 20:49:56,924] {standard_task_runner.py:52} INFO - Started process 12828 to run task
[2023-08-01 20:49:56,928] {standard_task_runner.py:79} INFO - Running: ['***', 'tasks', 'run', 'etl_api_marvel_hacia_aws_redshift_multitask', 'extraer_data', 'scheduled__2023-08-01T20:44:54.394597+00:00', '--job-id', '1150', '--raw', '--subdir', 'DAGS_FOLDER/dag_etl_multiple_tasks_failure.py', '--cfg-path', '/tmp/tmp8tkk8uxe', '--error-file', '/tmp/tmpd0m9wy86']
[2023-08-01 20:49:56,930] {standard_task_runner.py:80} INFO - Job 1150: Subtask extraer_data
[2023-08-01 20:49:57,079] {task_command.py:371} INFO - Running <TaskInstance: etl_api_marvel_hacia_aws_redshift_multitask.extraer_data scheduled__2023-08-01T20:44:54.394597+00:00 [running]> on host 24cbf2f01ed0
[2023-08-01 20:49:57,238] {taskinstance.py:1591} INFO - Exporting the following env vars:
AIRFLOW_CTX_DAG_EMAIL=arielmfeldman.af@gmail.com
AIRFLOW_CTX_DAG_OWNER=Ariel Feldman
AIRFLOW_CTX_DAG_ID=etl_api_marvel_hacia_aws_redshift_multitask
AIRFLOW_CTX_TASK_ID=extraer_data
AIRFLOW_CTX_EXECUTION_DATE=2023-08-01T20:44:54.394597+00:00
AIRFLOW_CTX_TRY_NUMBER=1
AIRFLOW_CTX_DAG_RUN_ID=scheduled__2023-08-01T20:44:54.394597+00:00
[2023-08-01 20:49:58,744] {python.py:173} INFO - Done. Returned value was: None
[2023-08-01 20:49:58,760] {taskinstance.py:1420} INFO - Marking task as SUCCESS. dag_id=etl_api_marvel_hacia_aws_redshift_multitask, task_id=extraer_data, execution_date=20230801T204454, start_date=20230801T204956, end_date=20230801T204958
[2023-08-01 20:49:58,792] {local_task_job.py:156} INFO - Task exited with return code 0
[2023-08-01 20:49:58,825] {warnings.py:110} WARNING - /home/***/.local/lib/python3.7/site-packages/***/utils/context.py:202: AirflowContextDeprecationWarning: Accessing 'execution_date' from the template is deprecated and will be removed in a future version. Please use 'data_interval_start' or 'logical_date' instead.
  warnings.warn(_create_deprecation_warning(key, self._deprecation_replacements[key]))

[2023-08-01 20:49:58,826] {warnings.py:110} WARNING - /home/***/.local/lib/python3.7/site-packages/***/utils/context.py:202: AirflowContextDeprecationWarning: Accessing 'next_execution_date' from the template is deprecated and will be removed in a future version. Please use 'data_interval_end' instead.
  warnings.warn(_create_deprecation_warning(key, self._deprecation_replacements[key]))

[2023-08-01 20:50:01,992] {logging_mixin.py:115} INFO - Exito
[2023-08-01 20:50:02,051] {local_task_job.py:273} INFO - 0 downstream tasks scheduled from follow-on schedule check
