[2023-08-01 00:41:11,698] {taskinstance.py:1179} INFO - Dependencies all met for <TaskInstance: dag_smtp_email_automatico.dag_envio manual__2023-08-01T00:41:09.782825+00:00 [queued]>
[2023-08-01 00:41:11,713] {taskinstance.py:1179} INFO - Dependencies all met for <TaskInstance: dag_smtp_email_automatico.dag_envio manual__2023-08-01T00:41:09.782825+00:00 [queued]>
[2023-08-01 00:41:11,713] {taskinstance.py:1376} INFO - 
--------------------------------------------------------------------------------
[2023-08-01 00:41:11,714] {taskinstance.py:1377} INFO - Starting attempt 1 of 11
[2023-08-01 00:41:11,714] {taskinstance.py:1378} INFO - 
--------------------------------------------------------------------------------
[2023-08-01 00:41:11,744] {taskinstance.py:1397} INFO - Executing <Task(PythonOperator): dag_envio> on 2023-08-01 00:41:09.782825+00:00
[2023-08-01 00:41:11,752] {standard_task_runner.py:52} INFO - Started process 19850 to run task
[2023-08-01 00:41:11,759] {standard_task_runner.py:79} INFO - Running: ['***', 'tasks', 'run', 'dag_smtp_email_automatico', 'dag_envio', 'manual__2023-08-01T00:41:09.782825+00:00', '--job-id', '652', '--raw', '--subdir', 'DAGS_FOLDER/dag_smtp_email.py', '--cfg-path', '/tmp/tmpbkovdl9d', '--error-file', '/tmp/tmp33h9epw7']
[2023-08-01 00:41:11,762] {standard_task_runner.py:80} INFO - Job 652: Subtask dag_envio
[2023-08-01 00:41:11,930] {task_command.py:371} INFO - Running <TaskInstance: dag_smtp_email_automatico.dag_envio manual__2023-08-01T00:41:09.782825+00:00 [running]> on host b0e2d990d7ae
[2023-08-01 00:41:12,216] {taskinstance.py:1591} INFO - Exporting the following env vars:
AIRFLOW_CTX_DAG_EMAIL=arielmfeldman.af@gmail.com
AIRFLOW_CTX_DAG_OWNER=Ariel Feldman
AIRFLOW_CTX_DAG_ID=dag_smtp_email_automatico
AIRFLOW_CTX_TASK_ID=dag_envio
AIRFLOW_CTX_EXECUTION_DATE=2023-08-01T00:41:09.782825+00:00
AIRFLOW_CTX_TRY_NUMBER=1
AIRFLOW_CTX_DAG_RUN_ID=manual__2023-08-01T00:41:09.782825+00:00
[2023-08-01 00:41:15,249] {logging_mixin.py:115} INFO - Exito Unusual_prefix_d1b972af6081d2ff28c9ade4f117a1022a8f725a_dag_smtp_email
[2023-08-01 00:41:15,250] {python.py:173} INFO - Done. Returned value was: None
[2023-08-01 00:41:15,269] {taskinstance.py:1420} INFO - Marking task as SUCCESS. dag_id=dag_smtp_email_automatico, task_id=dag_envio, execution_date=20230801T004109, start_date=20230801T004111, end_date=20230801T004115
[2023-08-01 00:41:15,291] {local_task_job.py:156} INFO - Task exited with return code 0
[2023-08-01 00:41:15,334] {local_task_job.py:273} INFO - 0 downstream tasks scheduled from follow-on schedule check
