[2023-08-01 23:31:36,677] {taskinstance.py:1179} INFO - Dependencies all met for <TaskInstance: etl_api_marvel_2.transform manual__2023-08-01T23:31:31.541695+00:00 [queued]>
[2023-08-01 23:31:36,693] {taskinstance.py:1179} INFO - Dependencies all met for <TaskInstance: etl_api_marvel_2.transform manual__2023-08-01T23:31:31.541695+00:00 [queued]>
[2023-08-01 23:31:36,693] {taskinstance.py:1376} INFO - 
--------------------------------------------------------------------------------
[2023-08-01 23:31:36,694] {taskinstance.py:1377} INFO - Starting attempt 1 of 2
[2023-08-01 23:31:36,694] {taskinstance.py:1378} INFO - 
--------------------------------------------------------------------------------
[2023-08-01 23:31:36,724] {taskinstance.py:1397} INFO - Executing <Task(PythonOperator): transform> on 2023-08-01 23:31:31.541695+00:00
[2023-08-01 23:31:36,737] {standard_task_runner.py:52} INFO - Started process 2298 to run task
[2023-08-01 23:31:36,742] {standard_task_runner.py:79} INFO - Running: ['***', 'tasks', 'run', 'etl_api_marvel_2', 'transform', 'manual__2023-08-01T23:31:31.541695+00:00', '--job-id', '1290', '--raw', '--subdir', 'DAGS_FOLDER/dag_etl_failure.py', '--cfg-path', '/tmp/tmp5b0jmapv', '--error-file', '/tmp/tmpytd5ct00']
[2023-08-01 23:31:36,743] {standard_task_runner.py:80} INFO - Job 1290: Subtask transform
[2023-08-01 23:31:36,869] {task_command.py:371} INFO - Running <TaskInstance: etl_api_marvel_2.transform manual__2023-08-01T23:31:31.541695+00:00 [running]> on host 24cbf2f01ed0
[2023-08-01 23:31:37,019] {taskinstance.py:1591} INFO - Exporting the following env vars:
AIRFLOW_CTX_DAG_EMAIL=arielmfeldman.af@gmail.com
AIRFLOW_CTX_DAG_OWNER=Ariel Feldman
AIRFLOW_CTX_DAG_ID=etl_api_marvel_2
AIRFLOW_CTX_TASK_ID=transform
AIRFLOW_CTX_EXECUTION_DATE=2023-08-01T23:31:31.541695+00:00
AIRFLOW_CTX_TRY_NUMBER=1
AIRFLOW_CTX_DAG_RUN_ID=manual__2023-08-01T23:31:31.541695+00:00
[2023-08-01 23:31:37,077] {python.py:173} INFO - Done. Returned value was: None
[2023-08-01 23:31:37,094] {taskinstance.py:1420} INFO - Marking task as SUCCESS. dag_id=etl_api_marvel_2, task_id=transform, execution_date=20230801T233131, start_date=20230801T233136, end_date=20230801T233137
[2023-08-01 23:31:37,159] {local_task_job.py:156} INFO - Task exited with return code 0
[2023-08-01 23:31:37,266] {warnings.py:110} WARNING - /home/***/.local/lib/python3.7/site-packages/***/utils/context.py:202: AirflowContextDeprecationWarning: Accessing 'next_execution_date' from the template is deprecated and will be removed in a future version. Please use 'data_interval_end' instead.
  warnings.warn(_create_deprecation_warning(key, self._deprecation_replacements[key]))

[2023-08-01 23:31:40,287] {local_task_job.py:273} INFO - 0 downstream tasks scheduled from follow-on schedule check
