[2023-07-13 21:08:37,367] {taskinstance.py:1179} INFO - Dependencies all met for <TaskInstance: mi_primer_dag_v3.primera_tarea scheduled__2022-10-17T00:00:00+00:00 [queued]>
[2023-07-13 21:08:37,643] {taskinstance.py:1179} INFO - Dependencies all met for <TaskInstance: mi_primer_dag_v3.primera_tarea scheduled__2022-10-17T00:00:00+00:00 [queued]>
[2023-07-13 21:08:37,643] {taskinstance.py:1376} INFO - 
--------------------------------------------------------------------------------
[2023-07-13 21:08:37,643] {taskinstance.py:1377} INFO - Starting attempt 1 of 6
[2023-07-13 21:08:37,644] {taskinstance.py:1378} INFO - 
--------------------------------------------------------------------------------
[2023-07-13 21:08:37,810] {taskinstance.py:1397} INFO - Executing <Task(BashOperator): primera_tarea> on 2022-10-17 00:00:00+00:00
[2023-07-13 21:08:37,899] {standard_task_runner.py:52} INFO - Started process 1361 to run task
[2023-07-13 21:08:38,136] {standard_task_runner.py:79} INFO - Running: ['***', 'tasks', 'run', 'mi_primer_dag_v3', 'primera_tarea', 'scheduled__2022-10-17T00:00:00+00:00', '--job-id', '219', '--raw', '--subdir', 'DAGS_FOLDER/primer_dag_v3.py', '--cfg-path', '/tmp/tmp0o774khb', '--error-file', '/tmp/tmpe7amfmld']
[2023-07-13 21:08:38,202] {standard_task_runner.py:80} INFO - Job 219: Subtask primera_tarea
[2023-07-13 21:08:40,615] {task_command.py:371} INFO - Running <TaskInstance: mi_primer_dag_v3.primera_tarea scheduled__2022-10-17T00:00:00+00:00 [running]> on host 7a1b6d75866e
[2023-07-13 21:08:43,635] {taskinstance.py:1591} INFO - Exporting the following env vars:
AIRFLOW_CTX_DAG_OWNER=Ari Feldman
AIRFLOW_CTX_DAG_ID=mi_primer_dag_v3
AIRFLOW_CTX_TASK_ID=primera_tarea
AIRFLOW_CTX_EXECUTION_DATE=2022-10-17T00:00:00+00:00
AIRFLOW_CTX_TRY_NUMBER=1
AIRFLOW_CTX_DAG_RUN_ID=scheduled__2022-10-17T00:00:00+00:00
[2023-07-13 21:08:43,637] {subprocess.py:62} INFO - Tmp dir root location: 
 /tmp
[2023-07-13 21:08:43,703] {subprocess.py:74} INFO - Running command: ['bash', '-c', 'echo hola mundo, esta es nuestra primera tarea!']
[2023-07-13 21:08:44,474] {subprocess.py:85} INFO - Output:
[2023-07-13 21:08:44,493] {subprocess.py:92} INFO - hola mundo, esta es nuestra primera tarea!
[2023-07-13 21:08:44,549] {subprocess.py:96} INFO - Command exited with return code 0
[2023-07-13 21:08:45,012] {taskinstance.py:1420} INFO - Marking task as SUCCESS. dag_id=mi_primer_dag_v3, task_id=primera_tarea, execution_date=20221017T000000, start_date=20230713T210837, end_date=20230713T210845
[2023-07-13 21:08:45,527] {local_task_job.py:156} INFO - Task exited with return code 0
[2023-07-13 21:08:46,114] {local_task_job.py:273} INFO - 0 downstream tasks scheduled from follow-on schedule check
