[2023-07-30 22:05:57,058] {taskinstance.py:1179} INFO - Dependencies all met for <TaskInstance: dag_smtp_email_automatico.dag_envio scheduled__2023-04-28T00:00:00+00:00 [queued]>
[2023-07-30 22:05:57,076] {taskinstance.py:1179} INFO - Dependencies all met for <TaskInstance: dag_smtp_email_automatico.dag_envio scheduled__2023-04-28T00:00:00+00:00 [queued]>
[2023-07-30 22:05:57,076] {taskinstance.py:1376} INFO - 
--------------------------------------------------------------------------------
[2023-07-30 22:05:57,076] {taskinstance.py:1377} INFO - Starting attempt 1 of 1
[2023-07-30 22:05:57,077] {taskinstance.py:1378} INFO - 
--------------------------------------------------------------------------------
[2023-07-30 22:05:57,115] {taskinstance.py:1397} INFO - Executing <Task(PythonOperator): dag_envio> on 2023-04-28 00:00:00+00:00
[2023-07-30 22:05:57,124] {standard_task_runner.py:52} INFO - Started process 1356 to run task
[2023-07-30 22:05:57,130] {standard_task_runner.py:79} INFO - Running: ['***', 'tasks', 'run', 'dag_smtp_email_automatico', 'dag_envio', 'scheduled__2023-04-28T00:00:00+00:00', '--job-id', '235', '--raw', '--subdir', 'DAGS_FOLDER/dag_smtp_email.py', '--cfg-path', '/tmp/tmpo9w8imx8', '--error-file', '/tmp/tmpytuvodiv']
[2023-07-30 22:05:57,131] {standard_task_runner.py:80} INFO - Job 235: Subtask dag_envio
[2023-07-30 22:05:57,411] {task_command.py:371} INFO - Running <TaskInstance: dag_smtp_email_automatico.dag_envio scheduled__2023-04-28T00:00:00+00:00 [running]> on host b0e2d990d7ae
[2023-07-30 22:05:57,784] {taskinstance.py:1591} INFO - Exporting the following env vars:
AIRFLOW_CTX_DAG_OWNER=Ariel Feldman
AIRFLOW_CTX_DAG_ID=dag_smtp_email_automatico
AIRFLOW_CTX_TASK_ID=dag_envio
AIRFLOW_CTX_EXECUTION_DATE=2023-04-28T00:00:00+00:00
AIRFLOW_CTX_TRY_NUMBER=1
AIRFLOW_CTX_DAG_RUN_ID=scheduled__2023-04-28T00:00:00+00:00
[2023-07-30 22:05:58,698] {logging_mixin.py:115} INFO - Connection unexpectedly closed
[2023-07-30 22:05:58,698] {logging_mixin.py:115} INFO - Failure
[2023-07-30 22:05:58,699] {python.py:173} INFO - Done. Returned value was: None
[2023-07-30 22:05:58,856] {taskinstance.py:1420} INFO - Marking task as SUCCESS. dag_id=dag_smtp_email_automatico, task_id=dag_envio, execution_date=20230428T000000, start_date=20230730T220557, end_date=20230730T220558
[2023-07-30 22:05:58,969] {local_task_job.py:156} INFO - Task exited with return code 0
[2023-07-30 22:05:59,351] {local_task_job.py:273} INFO - 0 downstream tasks scheduled from follow-on schedule check
