[2023-08-01 21:08:22,473] {taskinstance.py:1179} INFO - Dependencies all met for <TaskInstance: etl_api_marvel_hacia_aws_redshift_multitask_failure.extraer_data manual__2023-08-01T21:08:20.194903+00:00 [queued]>
[2023-08-01 21:08:22,486] {taskinstance.py:1179} INFO - Dependencies all met for <TaskInstance: etl_api_marvel_hacia_aws_redshift_multitask_failure.extraer_data manual__2023-08-01T21:08:20.194903+00:00 [queued]>
[2023-08-01 21:08:22,487] {taskinstance.py:1376} INFO - 
--------------------------------------------------------------------------------
[2023-08-01 21:08:22,487] {taskinstance.py:1377} INFO - Starting attempt 1 of 2
[2023-08-01 21:08:22,487] {taskinstance.py:1378} INFO - 
--------------------------------------------------------------------------------
[2023-08-01 21:08:22,506] {taskinstance.py:1397} INFO - Executing <Task(PythonOperator): extraer_data> on 2023-08-01 21:08:20.194903+00:00
[2023-08-01 21:08:22,514] {standard_task_runner.py:52} INFO - Started process 577 to run task
[2023-08-01 21:08:22,519] {standard_task_runner.py:79} INFO - Running: ['***', 'tasks', 'run', 'etl_api_marvel_hacia_aws_redshift_multitask_failure', 'extraer_data', 'manual__2023-08-01T21:08:20.194903+00:00', '--job-id', '1171', '--raw', '--subdir', 'DAGS_FOLDER/dag_etl_multiple_tasks_failure.py', '--cfg-path', '/tmp/tmp4_lw_8yp', '--error-file', '/tmp/tmp_02jae_y']
[2023-08-01 21:08:22,521] {standard_task_runner.py:80} INFO - Job 1171: Subtask extraer_data
[2023-08-01 21:08:22,614] {task_command.py:371} INFO - Running <TaskInstance: etl_api_marvel_hacia_aws_redshift_multitask_failure.extraer_data manual__2023-08-01T21:08:20.194903+00:00 [running]> on host 24cbf2f01ed0
[2023-08-01 21:08:22,759] {taskinstance.py:1591} INFO - Exporting the following env vars:
AIRFLOW_CTX_DAG_EMAIL=arielmfeldman.af@gmail.com
AIRFLOW_CTX_DAG_OWNER=Ariel Feldman
AIRFLOW_CTX_DAG_ID=etl_api_marvel_hacia_aws_redshift_multitask_failure
AIRFLOW_CTX_TASK_ID=extraer_data
AIRFLOW_CTX_EXECUTION_DATE=2023-08-01T21:08:20.194903+00:00
AIRFLOW_CTX_TRY_NUMBER=1
AIRFLOW_CTX_DAG_RUN_ID=manual__2023-08-01T21:08:20.194903+00:00
[2023-08-01 21:08:24,040] {python.py:173} INFO - Done. Returned value was: None
[2023-08-01 21:08:24,058] {taskinstance.py:1420} INFO - Marking task as SUCCESS. dag_id=etl_api_marvel_hacia_aws_redshift_multitask_failure, task_id=extraer_data, execution_date=20230801T210820, start_date=20230801T210822, end_date=20230801T210824
[2023-08-01 21:08:24,096] {local_task_job.py:156} INFO - Task exited with return code 0
[2023-08-01 21:08:24,129] {warnings.py:110} WARNING - /home/***/.local/lib/python3.7/site-packages/***/utils/context.py:202: AirflowContextDeprecationWarning: Accessing 'execution_date' from the template is deprecated and will be removed in a future version. Please use 'data_interval_start' or 'logical_date' instead.
  warnings.warn(_create_deprecation_warning(key, self._deprecation_replacements[key]))

[2023-08-01 21:08:24,130] {warnings.py:110} WARNING - /home/***/.local/lib/python3.7/site-packages/***/utils/context.py:202: AirflowContextDeprecationWarning: Accessing 'next_execution_date' from the template is deprecated and will be removed in a future version. Please use 'data_interval_end' instead.
  warnings.warn(_create_deprecation_warning(key, self._deprecation_replacements[key]))

[2023-08-01 21:08:26,625] {logging_mixin.py:115} INFO - Exito
[2023-08-01 21:08:26,650] {local_task_job.py:273} INFO - 0 downstream tasks scheduled from follow-on schedule check
