[2023-07-13 21:26:13,907] {taskinstance.py:1179} INFO - Dependencies all met for <TaskInstance: mi_primer_dag_v3.tercera_tarea scheduled__2023-02-25T00:00:00+00:00 [queued]>
[2023-07-13 21:26:14,016] {taskinstance.py:1179} INFO - Dependencies all met for <TaskInstance: mi_primer_dag_v3.tercera_tarea scheduled__2023-02-25T00:00:00+00:00 [queued]>
[2023-07-13 21:26:14,016] {taskinstance.py:1376} INFO - 
--------------------------------------------------------------------------------
[2023-07-13 21:26:14,016] {taskinstance.py:1377} INFO - Starting attempt 1 of 6
[2023-07-13 21:26:14,016] {taskinstance.py:1378} INFO - 
--------------------------------------------------------------------------------
[2023-07-13 21:26:14,121] {taskinstance.py:1397} INFO - Executing <Task(BashOperator): tercera_tarea> on 2023-02-25 00:00:00+00:00
[2023-07-13 21:26:14,194] {standard_task_runner.py:52} INFO - Started process 145 to run task
[2023-07-13 21:26:14,338] {standard_task_runner.py:79} INFO - Running: ['***', 'tasks', 'run', 'mi_primer_dag_v3', 'tercera_tarea', 'scheduled__2023-02-25T00:00:00+00:00', '--job-id', '650', '--raw', '--subdir', 'DAGS_FOLDER/primer_dag_v3.py', '--cfg-path', '/tmp/tmpiafa2zcr', '--error-file', '/tmp/tmpylxj_ret']
[2023-07-13 21:26:14,339] {standard_task_runner.py:80} INFO - Job 650: Subtask tercera_tarea
[2023-07-13 21:26:14,731] {task_command.py:371} INFO - Running <TaskInstance: mi_primer_dag_v3.tercera_tarea scheduled__2023-02-25T00:00:00+00:00 [running]> on host 7a1b6d75866e
[2023-07-13 21:26:15,721] {taskinstance.py:1591} INFO - Exporting the following env vars:
AIRFLOW_CTX_DAG_OWNER=Ari Feldman
AIRFLOW_CTX_DAG_ID=mi_primer_dag_v3
AIRFLOW_CTX_TASK_ID=tercera_tarea
AIRFLOW_CTX_EXECUTION_DATE=2023-02-25T00:00:00+00:00
AIRFLOW_CTX_TRY_NUMBER=1
AIRFLOW_CTX_DAG_RUN_ID=scheduled__2023-02-25T00:00:00+00:00
[2023-07-13 21:26:15,723] {subprocess.py:62} INFO - Tmp dir root location: 
 /tmp
[2023-07-13 21:26:15,724] {subprocess.py:74} INFO - Running command: ['bash', '-c', 'echo hola, soy la tarea 3 y sere corrida luego de Tarea 1 al mismo tiempo que Tarea 2']
[2023-07-13 21:26:15,889] {subprocess.py:85} INFO - Output:
[2023-07-13 21:26:15,897] {subprocess.py:92} INFO - hola, soy la tarea 3 y sere corrida luego de Tarea 1 al mismo tiempo que Tarea 2
[2023-07-13 21:26:15,898] {subprocess.py:96} INFO - Command exited with return code 0
[2023-07-13 21:26:16,174] {taskinstance.py:1420} INFO - Marking task as SUCCESS. dag_id=mi_primer_dag_v3, task_id=tercera_tarea, execution_date=20230225T000000, start_date=20230713T212613, end_date=20230713T212616
[2023-07-13 21:26:16,823] {local_task_job.py:156} INFO - Task exited with return code 0
[2023-07-13 21:26:17,596] {local_task_job.py:273} INFO - 0 downstream tasks scheduled from follow-on schedule check
[2023-07-13 21:26:17,703] {dagrun.py:564} INFO - Marking run <DagRun mi_primer_dag_v3 @ 2023-02-25 00:00:00+00:00: scheduled__2023-02-25T00:00:00+00:00, externally triggered: False> successful
[2023-07-13 21:26:17,704] {dagrun.py:624} INFO - DagRun Finished: dag_id=mi_primer_dag_v3, execution_date=2023-02-25 00:00:00+00:00, run_id=scheduled__2023-02-25T00:00:00+00:00, run_start_date=2023-07-13 21:24:50.793868+00:00, run_end_date=2023-07-13 21:26:17.704131+00:00, run_duration=86.910263, state=success, external_trigger=False, run_type=scheduled, data_interval_start=2023-02-25 00:00:00+00:00, data_interval_end=2023-02-26 00:00:00+00:00, dag_hash=98be42c8223b8d712459a9f67f7609f5
