[2023-08-01 04:19:43,827] {taskinstance.py:1179} INFO - Dependencies all met for <TaskInstance: etl_api_marvel_hacia_aws_redshift_multitask.cargar_data scheduled__2023-08-01T04:17:35.277444+00:00 [queued]>
[2023-08-01 04:19:43,844] {taskinstance.py:1179} INFO - Dependencies all met for <TaskInstance: etl_api_marvel_hacia_aws_redshift_multitask.cargar_data scheduled__2023-08-01T04:17:35.277444+00:00 [queued]>
[2023-08-01 04:19:43,844] {taskinstance.py:1376} INFO - 
--------------------------------------------------------------------------------
[2023-08-01 04:19:43,844] {taskinstance.py:1377} INFO - Starting attempt 1 of 11
[2023-08-01 04:19:43,844] {taskinstance.py:1378} INFO - 
--------------------------------------------------------------------------------
[2023-08-01 04:19:43,869] {taskinstance.py:1397} INFO - Executing <Task(PythonOperator): cargar_data> on 2023-08-01 04:17:35.277444+00:00
[2023-08-01 04:19:43,878] {standard_task_runner.py:52} INFO - Started process 8493 to run task
[2023-08-01 04:19:43,881] {standard_task_runner.py:79} INFO - Running: ['***', 'tasks', 'run', 'etl_api_marvel_hacia_aws_redshift_multitask', 'cargar_data', 'scheduled__2023-08-01T04:17:35.277444+00:00', '--job-id', '877', '--raw', '--subdir', 'DAGS_FOLDER/dag_etl_multiple_tasks.py', '--cfg-path', '/tmp/tmpyvepc5v7', '--error-file', '/tmp/tmpvw8ab0k2']
[2023-08-01 04:19:43,883] {standard_task_runner.py:80} INFO - Job 877: Subtask cargar_data
[2023-08-01 04:19:44,004] {task_command.py:371} INFO - Running <TaskInstance: etl_api_marvel_hacia_aws_redshift_multitask.cargar_data scheduled__2023-08-01T04:17:35.277444+00:00 [running]> on host 24cbf2f01ed0
[2023-08-01 04:19:44,210] {taskinstance.py:1591} INFO - Exporting the following env vars:
AIRFLOW_CTX_DAG_EMAIL=arielmfeldman.af@gmail.com
AIRFLOW_CTX_DAG_OWNER=Ariel Feldman
AIRFLOW_CTX_DAG_ID=etl_api_marvel_hacia_aws_redshift_multitask
AIRFLOW_CTX_TASK_ID=cargar_data
AIRFLOW_CTX_EXECUTION_DATE=2023-08-01T04:17:35.277444+00:00
AIRFLOW_CTX_TRY_NUMBER=1
AIRFLOW_CTX_DAG_RUN_ID=scheduled__2023-08-01T04:17:35.277444+00:00
[2023-08-01 04:19:55,219] {python.py:173} INFO - Done. Returned value was: None
[2023-08-01 04:19:55,235] {taskinstance.py:1420} INFO - Marking task as SUCCESS. dag_id=etl_api_marvel_hacia_aws_redshift_multitask, task_id=cargar_data, execution_date=20230801T041735, start_date=20230801T041943, end_date=20230801T041955
[2023-08-01 04:19:55,286] {local_task_job.py:156} INFO - Task exited with return code 0
[2023-08-01 04:19:55,316] {warnings.py:110} WARNING - /home/***/.local/lib/python3.7/site-packages/***/utils/context.py:202: AirflowContextDeprecationWarning: Accessing 'execution_date' from the template is deprecated and will be removed in a future version. Please use 'data_interval_start' or 'logical_date' instead.
  warnings.warn(_create_deprecation_warning(key, self._deprecation_replacements[key]))

[2023-08-01 04:19:55,317] {warnings.py:110} WARNING - /home/***/.local/lib/python3.7/site-packages/***/utils/context.py:202: AirflowContextDeprecationWarning: Accessing 'next_execution_date' from the template is deprecated and will be removed in a future version. Please use 'data_interval_end' instead.
  warnings.warn(_create_deprecation_warning(key, self._deprecation_replacements[key]))

[2023-08-01 04:19:55,317] {taskinstance.py:1760} ERROR - Error when executing on_success_callback
Traceback (most recent call last):
  File "/home/airflow/.local/lib/python3.7/site-packages/airflow/models/taskinstance.py", line 1758, in _run_finished_callback
    task.on_success_callback(context)
  File "/opt/airflow/dags/dag_etl_multiple_tasks.py", line 66, in send_mail_success
    print(cnt_task['dag_id'])
TypeError: 'PythonOperator' object is not subscriptable
[2023-08-01 04:19:55,366] {local_task_job.py:273} INFO - 0 downstream tasks scheduled from follow-on schedule check
