[2023-07-31 00:01:04,336] {taskinstance.py:1179} INFO - Dependencies all met for <TaskInstance: hello_world.hello_task scheduled__2017-04-15T00:00:00+00:00 [queued]>
[2023-07-31 00:01:04,374] {taskinstance.py:1179} INFO - Dependencies all met for <TaskInstance: hello_world.hello_task scheduled__2017-04-15T00:00:00+00:00 [queued]>
[2023-07-31 00:01:04,374] {taskinstance.py:1376} INFO - 
--------------------------------------------------------------------------------
[2023-07-31 00:01:04,374] {taskinstance.py:1377} INFO - Starting attempt 1 of 1
[2023-07-31 00:01:04,374] {taskinstance.py:1378} INFO - 
--------------------------------------------------------------------------------
[2023-07-31 00:01:04,449] {taskinstance.py:1397} INFO - Executing <Task(PythonOperator): hello_task> on 2017-04-15 00:00:00+00:00
[2023-07-31 00:01:04,475] {standard_task_runner.py:52} INFO - Started process 6543 to run task
[2023-07-31 00:01:04,515] {standard_task_runner.py:79} INFO - Running: ['***', 'tasks', 'run', 'hello_world', 'hello_task', 'scheduled__2017-04-15T00:00:00+00:00', '--job-id', '380', '--raw', '--subdir', 'DAGS_FOLDER/dag_smtp_test.py', '--cfg-path', '/tmp/tmpcdl_aj61', '--error-file', '/tmp/tmpl5hkq9d8']
[2023-07-31 00:01:04,515] {standard_task_runner.py:80} INFO - Job 380: Subtask hello_task
[2023-07-31 00:01:05,429] {task_command.py:371} INFO - Running <TaskInstance: hello_world.hello_task scheduled__2017-04-15T00:00:00+00:00 [running]> on host b0e2d990d7ae
[2023-07-31 00:01:06,174] {taskinstance.py:1591} INFO - Exporting the following env vars:
AIRFLOW_CTX_DAG_OWNER=***
AIRFLOW_CTX_DAG_ID=hello_world
AIRFLOW_CTX_TASK_ID=hello_task
AIRFLOW_CTX_EXECUTION_DATE=2017-04-15T00:00:00+00:00
AIRFLOW_CTX_TRY_NUMBER=1
AIRFLOW_CTX_DAG_RUN_ID=scheduled__2017-04-15T00:00:00+00:00
[2023-07-31 00:01:06,175] {logging_mixin.py:115} INFO - Hello world!
[2023-07-31 00:01:06,175] {python.py:173} INFO - Done. Returned value was: None
[2023-07-31 00:01:06,237] {taskinstance.py:1420} INFO - Marking task as SUCCESS. dag_id=hello_world, task_id=hello_task, execution_date=20170415T000000, start_date=20230731T000104, end_date=20230731T000106
[2023-07-31 00:01:06,311] {local_task_job.py:156} INFO - Task exited with return code 0
[2023-07-31 00:01:06,574] {local_task_job.py:273} INFO - 1 downstream tasks scheduled from follow-on schedule check
