[2023-07-31 23:08:09,650] {taskinstance.py:1179} INFO - Dependencies all met for <TaskInstance: dag_smtp_email_automatico.dag_envio manual__2023-07-31T23:08:08.199476+00:00 [queued]>
[2023-07-31 23:08:09,671] {taskinstance.py:1179} INFO - Dependencies all met for <TaskInstance: dag_smtp_email_automatico.dag_envio manual__2023-07-31T23:08:08.199476+00:00 [queued]>
[2023-07-31 23:08:09,671] {taskinstance.py:1376} INFO - 
--------------------------------------------------------------------------------
[2023-07-31 23:08:09,671] {taskinstance.py:1377} INFO - Starting attempt 1 of 1
[2023-07-31 23:08:09,672] {taskinstance.py:1378} INFO - 
--------------------------------------------------------------------------------
[2023-07-31 23:08:09,701] {taskinstance.py:1397} INFO - Executing <Task(PythonOperator): dag_envio> on 2023-07-31 23:08:08.199476+00:00
[2023-07-31 23:08:09,710] {standard_task_runner.py:52} INFO - Started process 15500 to run task
[2023-07-31 23:08:09,717] {standard_task_runner.py:79} INFO - Running: ['***', 'tasks', 'run', 'dag_smtp_email_automatico', 'dag_envio', 'manual__2023-07-31T23:08:08.199476+00:00', '--job-id', '430', '--raw', '--subdir', 'DAGS_FOLDER/dag_smtp_email.py', '--cfg-path', '/tmp/tmpqtkqhn1e', '--error-file', '/tmp/tmpg6jd13ud']
[2023-07-31 23:08:09,717] {standard_task_runner.py:80} INFO - Job 430: Subtask dag_envio
[2023-07-31 23:08:09,831] {task_command.py:371} INFO - Running <TaskInstance: dag_smtp_email_automatico.dag_envio manual__2023-07-31T23:08:08.199476+00:00 [running]> on host b0e2d990d7ae
[2023-07-31 23:08:09,952] {taskinstance.py:1591} INFO - Exporting the following env vars:
AIRFLOW_CTX_DAG_OWNER=Ariel Feldman
AIRFLOW_CTX_DAG_ID=dag_smtp_email_automatico
AIRFLOW_CTX_TASK_ID=dag_envio
AIRFLOW_CTX_EXECUTION_DATE=2023-07-31T23:08:08.199476+00:00
AIRFLOW_CTX_TRY_NUMBER=1
AIRFLOW_CTX_DAG_RUN_ID=manual__2023-07-31T23:08:08.199476+00:00
[2023-07-31 23:08:11,516] {logging_mixin.py:115} INFO - 'ascii' codec can't encode character '\xe1' in position 382: ordinal not in range(128)
[2023-07-31 23:08:11,516] {logging_mixin.py:115} INFO - Failure
[2023-07-31 23:08:11,516] {python.py:173} INFO - Done. Returned value was: None
[2023-07-31 23:08:11,540] {taskinstance.py:1420} INFO - Marking task as SUCCESS. dag_id=dag_smtp_email_automatico, task_id=dag_envio, execution_date=20230731T230808, start_date=20230731T230809, end_date=20230731T230811
[2023-07-31 23:08:11,588] {local_task_job.py:156} INFO - Task exited with return code 0
[2023-07-31 23:08:11,634] {local_task_job.py:273} INFO - 0 downstream tasks scheduled from follow-on schedule check
