[2023-07-30 22:06:37,593] {taskinstance.py:1179} INFO - Dependencies all met for <TaskInstance: dag_smtp_email_automatico.dag_envio scheduled__2023-06-08T00:00:00+00:00 [queued]>
[2023-07-30 22:06:37,654] {taskinstance.py:1179} INFO - Dependencies all met for <TaskInstance: dag_smtp_email_automatico.dag_envio scheduled__2023-06-08T00:00:00+00:00 [queued]>
[2023-07-30 22:06:37,654] {taskinstance.py:1376} INFO - 
--------------------------------------------------------------------------------
[2023-07-30 22:06:37,654] {taskinstance.py:1377} INFO - Starting attempt 1 of 1
[2023-07-30 22:06:37,654] {taskinstance.py:1378} INFO - 
--------------------------------------------------------------------------------
[2023-07-30 22:06:37,769] {taskinstance.py:1397} INFO - Executing <Task(PythonOperator): dag_envio> on 2023-06-08 00:00:00+00:00
[2023-07-30 22:06:37,797] {standard_task_runner.py:52} INFO - Started process 1466 to run task
[2023-07-30 22:06:37,819] {standard_task_runner.py:79} INFO - Running: ['***', 'tasks', 'run', 'dag_smtp_email_automatico', 'dag_envio', 'scheduled__2023-06-08T00:00:00+00:00', '--job-id', '276', '--raw', '--subdir', 'DAGS_FOLDER/dag_smtp_email.py', '--cfg-path', '/tmp/tmpaluxn2df', '--error-file', '/tmp/tmpsk_z61a3']
[2023-07-30 22:06:37,819] {standard_task_runner.py:80} INFO - Job 276: Subtask dag_envio
[2023-07-30 22:06:38,073] {task_command.py:371} INFO - Running <TaskInstance: dag_smtp_email_automatico.dag_envio scheduled__2023-06-08T00:00:00+00:00 [running]> on host b0e2d990d7ae
[2023-07-30 22:06:38,436] {taskinstance.py:1591} INFO - Exporting the following env vars:
AIRFLOW_CTX_DAG_OWNER=Ariel Feldman
AIRFLOW_CTX_DAG_ID=dag_smtp_email_automatico
AIRFLOW_CTX_TASK_ID=dag_envio
AIRFLOW_CTX_EXECUTION_DATE=2023-06-08T00:00:00+00:00
AIRFLOW_CTX_TRY_NUMBER=1
AIRFLOW_CTX_DAG_RUN_ID=scheduled__2023-06-08T00:00:00+00:00
[2023-07-30 22:06:39,359] {logging_mixin.py:115} INFO - Connection unexpectedly closed
[2023-07-30 22:06:39,359] {logging_mixin.py:115} INFO - Failure
[2023-07-30 22:06:39,359] {python.py:173} INFO - Done. Returned value was: None
[2023-07-30 22:06:39,416] {taskinstance.py:1420} INFO - Marking task as SUCCESS. dag_id=dag_smtp_email_automatico, task_id=dag_envio, execution_date=20230608T000000, start_date=20230730T220637, end_date=20230730T220639
[2023-07-30 22:06:39,485] {local_task_job.py:156} INFO - Task exited with return code 0
[2023-07-30 22:06:39,586] {local_task_job.py:273} INFO - 0 downstream tasks scheduled from follow-on schedule check
