[2023-08-01 00:49:54,070] {taskinstance.py:1179} INFO - Dependencies all met for <TaskInstance: etl_api_marvel_hacia_aws_redshift_multitask.extraer_data manual__2023-08-01T00:49:52.439390+00:00 [queued]>
[2023-08-01 00:49:54,085] {taskinstance.py:1179} INFO - Dependencies all met for <TaskInstance: etl_api_marvel_hacia_aws_redshift_multitask.extraer_data manual__2023-08-01T00:49:52.439390+00:00 [queued]>
[2023-08-01 00:49:54,086] {taskinstance.py:1376} INFO - 
--------------------------------------------------------------------------------
[2023-08-01 00:49:54,086] {taskinstance.py:1377} INFO - Starting attempt 1 of 11
[2023-08-01 00:49:54,086] {taskinstance.py:1378} INFO - 
--------------------------------------------------------------------------------
[2023-08-01 00:49:54,107] {taskinstance.py:1397} INFO - Executing <Task(PythonOperator): extraer_data> on 2023-08-01 00:49:52.439390+00:00
[2023-08-01 00:49:54,114] {standard_task_runner.py:52} INFO - Started process 20221 to run task
[2023-08-01 00:49:54,117] {standard_task_runner.py:79} INFO - Running: ['***', 'tasks', 'run', 'etl_api_marvel_hacia_aws_redshift_multitask', 'extraer_data', 'manual__2023-08-01T00:49:52.439390+00:00', '--job-id', '662', '--raw', '--subdir', 'DAGS_FOLDER/dag_etl_multiple_tasks.py', '--cfg-path', '/tmp/tmplzo7vrdo', '--error-file', '/tmp/tmpkhzlr6_l']
[2023-08-01 00:49:54,118] {standard_task_runner.py:80} INFO - Job 662: Subtask extraer_data
[2023-08-01 00:49:54,193] {task_command.py:371} INFO - Running <TaskInstance: etl_api_marvel_hacia_aws_redshift_multitask.extraer_data manual__2023-08-01T00:49:52.439390+00:00 [running]> on host b0e2d990d7ae
[2023-08-01 00:49:54,277] {taskinstance.py:1591} INFO - Exporting the following env vars:
AIRFLOW_CTX_DAG_EMAIL=arielmfeldman.af@gmail.com
AIRFLOW_CTX_DAG_OWNER=Ariel Feldman
AIRFLOW_CTX_DAG_ID=etl_api_marvel_hacia_aws_redshift_multitask
AIRFLOW_CTX_TASK_ID=extraer_data
AIRFLOW_CTX_EXECUTION_DATE=2023-08-01T00:49:52.439390+00:00
AIRFLOW_CTX_TRY_NUMBER=1
AIRFLOW_CTX_DAG_RUN_ID=manual__2023-08-01T00:49:52.439390+00:00
[2023-08-01 00:49:55,503] {python.py:173} INFO - Done. Returned value was: None
[2023-08-01 00:49:55,535] {taskinstance.py:1420} INFO - Marking task as SUCCESS. dag_id=etl_api_marvel_hacia_aws_redshift_multitask, task_id=extraer_data, execution_date=20230801T004952, start_date=20230801T004954, end_date=20230801T004955
[2023-08-01 00:49:55,583] {local_task_job.py:156} INFO - Task exited with return code 0
[2023-08-01 00:49:55,685] {local_task_job.py:273} INFO - 1 downstream tasks scheduled from follow-on schedule check
