[2023-08-01 04:09:36,225] {taskinstance.py:1179} INFO - Dependencies all met for <TaskInstance: etl_api_marvel_hacia_aws_redshift_multitask.extraer_data scheduled__2023-08-01T04:07:35.277444+00:00 [queued]>
[2023-08-01 04:09:36,236] {taskinstance.py:1179} INFO - Dependencies all met for <TaskInstance: etl_api_marvel_hacia_aws_redshift_multitask.extraer_data scheduled__2023-08-01T04:07:35.277444+00:00 [queued]>
[2023-08-01 04:09:36,236] {taskinstance.py:1376} INFO - 
--------------------------------------------------------------------------------
[2023-08-01 04:09:36,236] {taskinstance.py:1377} INFO - Starting attempt 1 of 11
[2023-08-01 04:09:36,236] {taskinstance.py:1378} INFO - 
--------------------------------------------------------------------------------
[2023-08-01 04:09:36,250] {taskinstance.py:1397} INFO - Executing <Task(PythonOperator): extraer_data> on 2023-08-01 04:07:35.277444+00:00
[2023-08-01 04:09:36,258] {standard_task_runner.py:52} INFO - Started process 8023 to run task
[2023-08-01 04:09:36,262] {standard_task_runner.py:79} INFO - Running: ['***', 'tasks', 'run', 'etl_api_marvel_hacia_aws_redshift_multitask', 'extraer_data', 'scheduled__2023-08-01T04:07:35.277444+00:00', '--job-id', '860', '--raw', '--subdir', 'DAGS_FOLDER/dag_etl_multiple_tasks.py', '--cfg-path', '/tmp/tmpassdjvdw', '--error-file', '/tmp/tmp1xzuo4ar']
[2023-08-01 04:09:36,263] {standard_task_runner.py:80} INFO - Job 860: Subtask extraer_data
[2023-08-01 04:09:36,340] {task_command.py:371} INFO - Running <TaskInstance: etl_api_marvel_hacia_aws_redshift_multitask.extraer_data scheduled__2023-08-01T04:07:35.277444+00:00 [running]> on host 24cbf2f01ed0
[2023-08-01 04:09:36,427] {taskinstance.py:1591} INFO - Exporting the following env vars:
AIRFLOW_CTX_DAG_EMAIL=arielmfeldman.af@gmail.com
AIRFLOW_CTX_DAG_OWNER=Ariel Feldman
AIRFLOW_CTX_DAG_ID=etl_api_marvel_hacia_aws_redshift_multitask
AIRFLOW_CTX_TASK_ID=extraer_data
AIRFLOW_CTX_EXECUTION_DATE=2023-08-01T04:07:35.277444+00:00
AIRFLOW_CTX_TRY_NUMBER=1
AIRFLOW_CTX_DAG_RUN_ID=scheduled__2023-08-01T04:07:35.277444+00:00
[2023-08-01 04:09:37,666] {python.py:173} INFO - Done. Returned value was: None
[2023-08-01 04:09:37,682] {taskinstance.py:1420} INFO - Marking task as SUCCESS. dag_id=etl_api_marvel_hacia_aws_redshift_multitask, task_id=extraer_data, execution_date=20230801T040735, start_date=20230801T040936, end_date=20230801T040937
[2023-08-01 04:09:37,717] {local_task_job.py:156} INFO - Task exited with return code 0
[2023-08-01 04:09:37,761] {warnings.py:110} WARNING - /home/***/.local/lib/python3.7/site-packages/***/utils/context.py:202: AirflowContextDeprecationWarning: Accessing 'execution_date' from the template is deprecated and will be removed in a future version. Please use 'data_interval_start' or 'logical_date' instead.
  warnings.warn(_create_deprecation_warning(key, self._deprecation_replacements[key]))

[2023-08-01 04:09:37,763] {warnings.py:110} WARNING - /home/***/.local/lib/python3.7/site-packages/***/utils/context.py:202: AirflowContextDeprecationWarning: Accessing 'next_execution_date' from the template is deprecated and will be removed in a future version. Please use 'data_interval_end' instead.
  warnings.warn(_create_deprecation_warning(key, self._deprecation_replacements[key]))

[2023-08-01 04:09:37,763] {logging_mixin.py:115} INFO - conf
[2023-08-01 04:09:37,763] {logging_mixin.py:115} INFO - dag
[2023-08-01 04:09:37,763] {logging_mixin.py:115} INFO - dag_run
[2023-08-01 04:09:37,763] {logging_mixin.py:115} INFO - data_interval_end
[2023-08-01 04:09:37,763] {logging_mixin.py:115} INFO - data_interval_start
[2023-08-01 04:09:37,763] {logging_mixin.py:115} INFO - ds
[2023-08-01 04:09:37,764] {logging_mixin.py:115} INFO - ds_nodash
[2023-08-01 04:09:37,764] {logging_mixin.py:115} INFO - execution_date
[2023-08-01 04:09:37,764] {logging_mixin.py:115} INFO - inlets
[2023-08-01 04:09:37,764] {logging_mixin.py:115} INFO - logical_date
[2023-08-01 04:09:37,764] {logging_mixin.py:115} INFO - macros
[2023-08-01 04:09:37,764] {logging_mixin.py:115} INFO - next_ds
[2023-08-01 04:09:37,764] {logging_mixin.py:115} INFO - next_ds_nodash
[2023-08-01 04:09:37,764] {logging_mixin.py:115} INFO - next_execution_date
[2023-08-01 04:09:37,764] {logging_mixin.py:115} INFO - outlets
[2023-08-01 04:09:37,764] {logging_mixin.py:115} INFO - params
[2023-08-01 04:09:37,765] {logging_mixin.py:115} INFO - prev_data_interval_start_success
[2023-08-01 04:09:37,765] {logging_mixin.py:115} INFO - prev_data_interval_end_success
[2023-08-01 04:09:37,765] {logging_mixin.py:115} INFO - prev_ds
[2023-08-01 04:09:37,765] {logging_mixin.py:115} INFO - prev_ds_nodash
[2023-08-01 04:09:37,765] {logging_mixin.py:115} INFO - prev_execution_date
[2023-08-01 04:09:37,765] {logging_mixin.py:115} INFO - prev_execution_date_success
[2023-08-01 04:09:37,765] {logging_mixin.py:115} INFO - prev_start_date_success
[2023-08-01 04:09:37,765] {logging_mixin.py:115} INFO - run_id
[2023-08-01 04:09:37,765] {logging_mixin.py:115} INFO - task
[2023-08-01 04:09:37,766] {logging_mixin.py:115} INFO - task_instance
[2023-08-01 04:09:37,766] {logging_mixin.py:115} INFO - task_instance_key_str
[2023-08-01 04:09:37,766] {logging_mixin.py:115} INFO - test_mode
[2023-08-01 04:09:37,766] {logging_mixin.py:115} INFO - ti
[2023-08-01 04:09:37,766] {logging_mixin.py:115} INFO - tomorrow_ds
[2023-08-01 04:09:37,766] {logging_mixin.py:115} INFO - tomorrow_ds_nodash
[2023-08-01 04:09:37,766] {logging_mixin.py:115} INFO - ts
[2023-08-01 04:09:37,767] {logging_mixin.py:115} INFO - ts_nodash
[2023-08-01 04:09:37,767] {logging_mixin.py:115} INFO - ts_nodash_with_tz
[2023-08-01 04:09:37,767] {logging_mixin.py:115} INFO - var
[2023-08-01 04:09:37,767] {logging_mixin.py:115} INFO - conn
[2023-08-01 04:09:37,767] {logging_mixin.py:115} INFO - yesterday_ds
[2023-08-01 04:09:37,767] {logging_mixin.py:115} INFO - yesterday_ds_nodash
[2023-08-01 04:09:40,228] {local_task_job.py:273} INFO - 0 downstream tasks scheduled from follow-on schedule check
