[2023-07-31 00:01:11,711] {taskinstance.py:1179} INFO - Dependencies all met for <TaskInstance: hello_world.hello_task scheduled__2017-04-16T00:00:00+00:00 [queued]>
[2023-07-31 00:01:11,732] {taskinstance.py:1179} INFO - Dependencies all met for <TaskInstance: hello_world.hello_task scheduled__2017-04-16T00:00:00+00:00 [queued]>
[2023-07-31 00:01:11,732] {taskinstance.py:1376} INFO - 
--------------------------------------------------------------------------------
[2023-07-31 00:01:11,732] {taskinstance.py:1377} INFO - Starting attempt 1 of 1
[2023-07-31 00:01:11,732] {taskinstance.py:1378} INFO - 
--------------------------------------------------------------------------------
[2023-07-31 00:01:11,805] {taskinstance.py:1397} INFO - Executing <Task(PythonOperator): hello_task> on 2017-04-16 00:00:00+00:00
[2023-07-31 00:01:11,817] {standard_task_runner.py:52} INFO - Started process 6558 to run task
[2023-07-31 00:01:11,842] {standard_task_runner.py:79} INFO - Running: ['***', 'tasks', 'run', 'hello_world', 'hello_task', 'scheduled__2017-04-16T00:00:00+00:00', '--job-id', '386', '--raw', '--subdir', 'DAGS_FOLDER/dag_smtp_test.py', '--cfg-path', '/tmp/tmpp5gcna3g', '--error-file', '/tmp/tmpuo3el2dh']
[2023-07-31 00:01:11,842] {standard_task_runner.py:80} INFO - Job 386: Subtask hello_task
[2023-07-31 00:01:12,144] {task_command.py:371} INFO - Running <TaskInstance: hello_world.hello_task scheduled__2017-04-16T00:00:00+00:00 [running]> on host b0e2d990d7ae
[2023-07-31 00:01:12,609] {taskinstance.py:1591} INFO - Exporting the following env vars:
AIRFLOW_CTX_DAG_OWNER=***
AIRFLOW_CTX_DAG_ID=hello_world
AIRFLOW_CTX_TASK_ID=hello_task
AIRFLOW_CTX_EXECUTION_DATE=2017-04-16T00:00:00+00:00
AIRFLOW_CTX_TRY_NUMBER=1
AIRFLOW_CTX_DAG_RUN_ID=scheduled__2017-04-16T00:00:00+00:00
[2023-07-31 00:01:12,610] {logging_mixin.py:115} INFO - Hello world!
[2023-07-31 00:01:12,610] {python.py:173} INFO - Done. Returned value was: None
[2023-07-31 00:01:12,717] {taskinstance.py:1420} INFO - Marking task as SUCCESS. dag_id=hello_world, task_id=hello_task, execution_date=20170416T000000, start_date=20230731T000111, end_date=20230731T000112
[2023-07-31 00:01:12,917] {local_task_job.py:156} INFO - Task exited with return code 0
[2023-07-31 00:01:13,168] {local_task_job.py:273} INFO - 1 downstream tasks scheduled from follow-on schedule check
