[2023-08-01 00:01:45,398] {taskinstance.py:1179} INFO - Dependencies all met for <TaskInstance: dag_smtp_email_automatico.dag_envio scheduled__2023-07-31T21:26:00+00:00 [queued]>
[2023-08-01 00:01:45,444] {taskinstance.py:1179} INFO - Dependencies all met for <TaskInstance: dag_smtp_email_automatico.dag_envio scheduled__2023-07-31T21:26:00+00:00 [queued]>
[2023-08-01 00:01:45,444] {taskinstance.py:1376} INFO - 
--------------------------------------------------------------------------------
[2023-08-01 00:01:45,444] {taskinstance.py:1377} INFO - Starting attempt 1 of 11
[2023-08-01 00:01:45,444] {taskinstance.py:1378} INFO - 
--------------------------------------------------------------------------------
[2023-08-01 00:01:45,623] {taskinstance.py:1397} INFO - Executing <Task(PythonOperator): dag_envio> on 2023-07-31 21:26:00+00:00
[2023-08-01 00:01:45,701] {standard_task_runner.py:52} INFO - Started process 17951 to run task
[2023-08-01 00:01:45,712] {standard_task_runner.py:79} INFO - Running: ['***', 'tasks', 'run', 'dag_smtp_email_automatico', 'dag_envio', 'scheduled__2023-07-31T21:26:00+00:00', '--job-id', '535', '--raw', '--subdir', 'DAGS_FOLDER/dag_smtp_email.py', '--cfg-path', '/tmp/tmp0qko1ig6', '--error-file', '/tmp/tmplca0s1hg']
[2023-08-01 00:01:45,712] {standard_task_runner.py:80} INFO - Job 535: Subtask dag_envio
[2023-08-01 00:01:46,078] {task_command.py:371} INFO - Running <TaskInstance: dag_smtp_email_automatico.dag_envio scheduled__2023-07-31T21:26:00+00:00 [running]> on host b0e2d990d7ae
[2023-08-01 00:01:46,670] {taskinstance.py:1591} INFO - Exporting the following env vars:
AIRFLOW_CTX_DAG_EMAIL=arielmfeldman.af@gmail.com
AIRFLOW_CTX_DAG_OWNER=Ariel Feldman
AIRFLOW_CTX_DAG_ID=dag_smtp_email_automatico
AIRFLOW_CTX_TASK_ID=dag_envio
AIRFLOW_CTX_EXECUTION_DATE=2023-07-31T21:26:00+00:00
AIRFLOW_CTX_TRY_NUMBER=1
AIRFLOW_CTX_DAG_RUN_ID=scheduled__2023-07-31T21:26:00+00:00
[2023-08-01 00:01:47,693] {logging_mixin.py:115} INFO - Connection unexpectedly closed
[2023-08-01 00:01:47,693] {logging_mixin.py:115} INFO - Failure
[2023-08-01 00:01:47,693] {python.py:173} INFO - Done. Returned value was: None
[2023-08-01 00:01:47,749] {taskinstance.py:1420} INFO - Marking task as SUCCESS. dag_id=dag_smtp_email_automatico, task_id=dag_envio, execution_date=20230731T212600, start_date=20230801T000145, end_date=20230801T000147
[2023-08-01 00:01:47,880] {local_task_job.py:156} INFO - Task exited with return code 0
[2023-08-01 00:01:48,103] {local_task_job.py:273} INFO - 0 downstream tasks scheduled from follow-on schedule check
