[2023-08-01 03:39:41,523] {taskinstance.py:1179} INFO - Dependencies all met for <TaskInstance: etl_api_marvel_hacia_aws_redshift_multitask.transformar_data scheduled__2023-08-01T03:37:35.277444+00:00 [queued]>
[2023-08-01 03:39:41,570] {taskinstance.py:1179} INFO - Dependencies all met for <TaskInstance: etl_api_marvel_hacia_aws_redshift_multitask.transformar_data scheduled__2023-08-01T03:37:35.277444+00:00 [queued]>
[2023-08-01 03:39:41,570] {taskinstance.py:1376} INFO - 
--------------------------------------------------------------------------------
[2023-08-01 03:39:41,570] {taskinstance.py:1377} INFO - Starting attempt 1 of 11
[2023-08-01 03:39:41,570] {taskinstance.py:1378} INFO - 
--------------------------------------------------------------------------------
[2023-08-01 03:39:41,612] {taskinstance.py:1397} INFO - Executing <Task(PythonOperator): transformar_data> on 2023-08-01 03:37:35.277444+00:00
[2023-08-01 03:39:41,629] {standard_task_runner.py:52} INFO - Started process 6684 to run task
[2023-08-01 03:39:41,649] {standard_task_runner.py:79} INFO - Running: ['***', 'tasks', 'run', 'etl_api_marvel_hacia_aws_redshift_multitask', 'transformar_data', 'scheduled__2023-08-01T03:37:35.277444+00:00', '--job-id', '816', '--raw', '--subdir', 'DAGS_FOLDER/dag_etl_multiple_tasks.py', '--cfg-path', '/tmp/tmpyb_ida8t', '--error-file', '/tmp/tmpdn14sazj']
[2023-08-01 03:39:41,651] {standard_task_runner.py:80} INFO - Job 816: Subtask transformar_data
[2023-08-01 03:39:41,907] {task_command.py:371} INFO - Running <TaskInstance: etl_api_marvel_hacia_aws_redshift_multitask.transformar_data scheduled__2023-08-01T03:37:35.277444+00:00 [running]> on host 24cbf2f01ed0
[2023-08-01 03:39:42,211] {taskinstance.py:1591} INFO - Exporting the following env vars:
AIRFLOW_CTX_DAG_EMAIL=arielmfeldman.af@gmail.com
AIRFLOW_CTX_DAG_OWNER=Ariel Feldman
AIRFLOW_CTX_DAG_ID=etl_api_marvel_hacia_aws_redshift_multitask
AIRFLOW_CTX_TASK_ID=transformar_data
AIRFLOW_CTX_EXECUTION_DATE=2023-08-01T03:37:35.277444+00:00
AIRFLOW_CTX_TRY_NUMBER=1
AIRFLOW_CTX_DAG_RUN_ID=scheduled__2023-08-01T03:37:35.277444+00:00
[2023-08-01 03:39:42,283] {logging_mixin.py:115} INFO - Columnas en tranform data:
[2023-08-01 03:39:42,284] {logging_mixin.py:115} INFO -  Index(['id_character', 'nombre', 'descripcion', 'cantidad_de_comics',
       'cantidad_de_series', 'cantidad_de_historias', 'fecha_modificacion',
       'fecha_insercion_bd'],
      dtype='object')
[2023-08-01 03:39:42,316] {python.py:173} INFO - Done. Returned value was: None
[2023-08-01 03:39:42,342] {taskinstance.py:1420} INFO - Marking task as SUCCESS. dag_id=etl_api_marvel_hacia_aws_redshift_multitask, task_id=transformar_data, execution_date=20230801T033735, start_date=20230801T033941, end_date=20230801T033942
[2023-08-01 03:39:42,405] {local_task_job.py:156} INFO - Task exited with return code 0
[2023-08-01 03:39:42,481] {warnings.py:110} WARNING - /home/***/.local/lib/python3.7/site-packages/***/utils/context.py:202: AirflowContextDeprecationWarning: Accessing 'execution_date' from the template is deprecated and will be removed in a future version. Please use 'data_interval_start' or 'logical_date' instead.
  warnings.warn(_create_deprecation_warning(key, self._deprecation_replacements[key]))

[2023-08-01 03:39:42,482] {warnings.py:110} WARNING - /home/***/.local/lib/python3.7/site-packages/***/utils/context.py:202: AirflowContextDeprecationWarning: Accessing 'next_execution_date' from the template is deprecated and will be removed in a future version. Please use 'data_interval_end' instead.
  warnings.warn(_create_deprecation_warning(key, self._deprecation_replacements[key]))

[2023-08-01 03:39:42,482] {logging_mixin.py:115} INFO - <TaskInstance: etl_api_marvel_hacia_aws_redshift_multitask.transformar_data scheduled__2023-08-01T03:37:35.277444+00:00 [success]>
[2023-08-01 03:39:44,639] {local_task_job.py:273} INFO - 0 downstream tasks scheduled from follow-on schedule check
