[2023-07-11 00:42:57,062] {processor.py:153} INFO - Started process (PID=62) to work on /home/airflow/.local/lib/python3.7/site-packages/airflow/example_dags/example_task_group.py
[2023-07-11 00:42:57,062] {processor.py:641} INFO - Processing file /home/airflow/.local/lib/python3.7/site-packages/airflow/example_dags/example_task_group.py for tasks to queue
[2023-07-11 00:42:57,063] {logging_mixin.py:115} INFO - [2023-07-11 00:42:57,063] {dagbag.py:508} INFO - Filling up the DagBag from /home/airflow/.local/lib/python3.7/site-packages/airflow/example_dags/example_task_group.py
[2023-07-11 00:42:57,099] {processor.py:651} INFO - DAG(s) dict_keys(['example_task_group']) retrieved from /home/airflow/.local/lib/python3.7/site-packages/airflow/example_dags/example_task_group.py
[2023-07-11 00:42:57,650] {logging_mixin.py:115} INFO - [2023-07-11 00:42:57,650] {manager.py:508} INFO - Created Permission View: can delete on DAG:example_task_group
[2023-07-11 00:42:57,743] {logging_mixin.py:115} INFO - [2023-07-11 00:42:57,743] {manager.py:508} INFO - Created Permission View: can read on DAG:example_task_group
[2023-07-11 00:42:57,812] {logging_mixin.py:115} INFO - [2023-07-11 00:42:57,812] {manager.py:508} INFO - Created Permission View: can edit on DAG:example_task_group
[2023-07-11 00:42:57,812] {logging_mixin.py:115} INFO - [2023-07-11 00:42:57,812] {dag.py:2420} INFO - Sync 1 DAGs
[2023-07-11 00:42:57,863] {logging_mixin.py:115} INFO - [2023-07-11 00:42:57,863] {dag.py:2439} INFO - Creating ORM DAG for example_task_group
[2023-07-11 00:42:57,966] {logging_mixin.py:115} INFO - [2023-07-11 00:42:57,966] {dag.py:2972} INFO - Setting next_dagrun for example_task_group to 2023-07-10T00:42:57.965845+00:00, run_after=2023-07-11T00:42:57.965845+00:00
[2023-07-11 00:42:58,074] {processor.py:161} INFO - Processing /home/airflow/.local/lib/python3.7/site-packages/airflow/example_dags/example_task_group.py took 1.032 seconds
[2023-07-11 00:43:28,202] {processor.py:153} INFO - Started process (PID=115) to work on /home/airflow/.local/lib/python3.7/site-packages/airflow/example_dags/example_task_group.py
[2023-07-11 00:43:28,203] {processor.py:641} INFO - Processing file /home/airflow/.local/lib/python3.7/site-packages/airflow/example_dags/example_task_group.py for tasks to queue
[2023-07-11 00:43:28,204] {logging_mixin.py:115} INFO - [2023-07-11 00:43:28,203] {dagbag.py:508} INFO - Filling up the DagBag from /home/airflow/.local/lib/python3.7/site-packages/airflow/example_dags/example_task_group.py
[2023-07-11 00:43:28,212] {processor.py:651} INFO - DAG(s) dict_keys(['example_task_group']) retrieved from /home/airflow/.local/lib/python3.7/site-packages/airflow/example_dags/example_task_group.py
[2023-07-11 00:43:28,242] {logging_mixin.py:115} INFO - [2023-07-11 00:43:28,241] {dag.py:2420} INFO - Sync 1 DAGs
[2023-07-11 00:43:28,269] {logging_mixin.py:115} INFO - [2023-07-11 00:43:28,269] {dag.py:2972} INFO - Setting next_dagrun for example_task_group to 2023-07-10T00:43:28.268991+00:00, run_after=2023-07-11T00:43:28.268991+00:00
[2023-07-11 00:43:28,286] {processor.py:161} INFO - Processing /home/airflow/.local/lib/python3.7/site-packages/airflow/example_dags/example_task_group.py took 0.087 seconds
[2023-07-11 00:43:58,876] {processor.py:153} INFO - Started process (PID=165) to work on /home/airflow/.local/lib/python3.7/site-packages/airflow/example_dags/example_task_group.py
[2023-07-11 00:43:58,876] {processor.py:641} INFO - Processing file /home/airflow/.local/lib/python3.7/site-packages/airflow/example_dags/example_task_group.py for tasks to queue
[2023-07-11 00:43:58,877] {logging_mixin.py:115} INFO - [2023-07-11 00:43:58,877] {dagbag.py:508} INFO - Filling up the DagBag from /home/airflow/.local/lib/python3.7/site-packages/airflow/example_dags/example_task_group.py
[2023-07-11 00:43:58,890] {processor.py:651} INFO - DAG(s) dict_keys(['example_task_group']) retrieved from /home/airflow/.local/lib/python3.7/site-packages/airflow/example_dags/example_task_group.py
[2023-07-11 00:43:58,966] {logging_mixin.py:115} INFO - [2023-07-11 00:43:58,966] {dag.py:2420} INFO - Sync 1 DAGs
[2023-07-11 00:43:59,033] {logging_mixin.py:115} INFO - [2023-07-11 00:43:59,033] {dag.py:2972} INFO - Setting next_dagrun for example_task_group to 2023-07-10T00:43:59.033154+00:00, run_after=2023-07-11T00:43:59.033154+00:00
[2023-07-11 00:43:59,059] {processor.py:161} INFO - Processing /home/airflow/.local/lib/python3.7/site-packages/airflow/example_dags/example_task_group.py took 0.191 seconds
[2023-07-11 00:44:29,152] {processor.py:153} INFO - Started process (PID=225) to work on /home/airflow/.local/lib/python3.7/site-packages/airflow/example_dags/example_task_group.py
[2023-07-11 00:44:29,153] {processor.py:641} INFO - Processing file /home/airflow/.local/lib/python3.7/site-packages/airflow/example_dags/example_task_group.py for tasks to queue
[2023-07-11 00:44:29,154] {logging_mixin.py:115} INFO - [2023-07-11 00:44:29,154] {dagbag.py:508} INFO - Filling up the DagBag from /home/airflow/.local/lib/python3.7/site-packages/airflow/example_dags/example_task_group.py
[2023-07-11 00:44:29,165] {processor.py:651} INFO - DAG(s) dict_keys(['example_task_group']) retrieved from /home/airflow/.local/lib/python3.7/site-packages/airflow/example_dags/example_task_group.py
[2023-07-11 00:44:29,206] {logging_mixin.py:115} INFO - [2023-07-11 00:44:29,206] {dag.py:2420} INFO - Sync 1 DAGs
[2023-07-11 00:44:29,249] {logging_mixin.py:115} INFO - [2023-07-11 00:44:29,248] {dag.py:2972} INFO - Setting next_dagrun for example_task_group to 2023-07-10T00:44:29.248136+00:00, run_after=2023-07-11T00:44:29.248136+00:00
[2023-07-11 00:44:29,274] {processor.py:161} INFO - Processing /home/airflow/.local/lib/python3.7/site-packages/airflow/example_dags/example_task_group.py took 0.127 seconds
[2023-07-11 00:45:00,089] {processor.py:153} INFO - Started process (PID=277) to work on /home/airflow/.local/lib/python3.7/site-packages/airflow/example_dags/example_task_group.py
[2023-07-11 00:45:00,089] {processor.py:641} INFO - Processing file /home/airflow/.local/lib/python3.7/site-packages/airflow/example_dags/example_task_group.py for tasks to queue
[2023-07-11 00:45:00,090] {logging_mixin.py:115} INFO - [2023-07-11 00:45:00,090] {dagbag.py:508} INFO - Filling up the DagBag from /home/airflow/.local/lib/python3.7/site-packages/airflow/example_dags/example_task_group.py
[2023-07-11 00:45:00,098] {processor.py:651} INFO - DAG(s) dict_keys(['example_task_group']) retrieved from /home/airflow/.local/lib/python3.7/site-packages/airflow/example_dags/example_task_group.py
[2023-07-11 00:45:00,133] {logging_mixin.py:115} INFO - [2023-07-11 00:45:00,133] {dag.py:2420} INFO - Sync 1 DAGs
[2023-07-11 00:45:00,163] {logging_mixin.py:115} INFO - [2023-07-11 00:45:00,163] {dag.py:2972} INFO - Setting next_dagrun for example_task_group to 2023-07-10T00:45:00.163349+00:00, run_after=2023-07-11T00:45:00.163349+00:00
[2023-07-11 00:45:00,181] {processor.py:161} INFO - Processing /home/airflow/.local/lib/python3.7/site-packages/airflow/example_dags/example_task_group.py took 0.096 seconds
[2023-07-11 00:45:30,754] {processor.py:153} INFO - Started process (PID=338) to work on /home/airflow/.local/lib/python3.7/site-packages/airflow/example_dags/example_task_group.py
[2023-07-11 00:45:30,755] {processor.py:641} INFO - Processing file /home/airflow/.local/lib/python3.7/site-packages/airflow/example_dags/example_task_group.py for tasks to queue
[2023-07-11 00:45:30,756] {logging_mixin.py:115} INFO - [2023-07-11 00:45:30,756] {dagbag.py:508} INFO - Filling up the DagBag from /home/airflow/.local/lib/python3.7/site-packages/airflow/example_dags/example_task_group.py
[2023-07-11 00:45:30,768] {processor.py:651} INFO - DAG(s) dict_keys(['example_task_group']) retrieved from /home/airflow/.local/lib/python3.7/site-packages/airflow/example_dags/example_task_group.py
[2023-07-11 00:45:30,818] {logging_mixin.py:115} INFO - [2023-07-11 00:45:30,817] {dag.py:2420} INFO - Sync 1 DAGs
[2023-07-11 00:45:30,864] {logging_mixin.py:115} INFO - [2023-07-11 00:45:30,864] {dag.py:2972} INFO - Setting next_dagrun for example_task_group to 2023-07-10T00:45:30.863870+00:00, run_after=2023-07-11T00:45:30.863870+00:00
[2023-07-11 00:45:30,883] {processor.py:161} INFO - Processing /home/airflow/.local/lib/python3.7/site-packages/airflow/example_dags/example_task_group.py took 0.134 seconds
[2023-07-11 00:46:01,389] {processor.py:153} INFO - Started process (PID=390) to work on /home/airflow/.local/lib/python3.7/site-packages/airflow/example_dags/example_task_group.py
[2023-07-11 00:46:01,389] {processor.py:641} INFO - Processing file /home/airflow/.local/lib/python3.7/site-packages/airflow/example_dags/example_task_group.py for tasks to queue
[2023-07-11 00:46:01,390] {logging_mixin.py:115} INFO - [2023-07-11 00:46:01,390] {dagbag.py:508} INFO - Filling up the DagBag from /home/airflow/.local/lib/python3.7/site-packages/airflow/example_dags/example_task_group.py
[2023-07-11 00:46:01,398] {processor.py:651} INFO - DAG(s) dict_keys(['example_task_group']) retrieved from /home/airflow/.local/lib/python3.7/site-packages/airflow/example_dags/example_task_group.py
[2023-07-11 00:46:01,431] {logging_mixin.py:115} INFO - [2023-07-11 00:46:01,431] {dag.py:2420} INFO - Sync 1 DAGs
[2023-07-11 00:46:01,460] {logging_mixin.py:115} INFO - [2023-07-11 00:46:01,460] {dag.py:2972} INFO - Setting next_dagrun for example_task_group to 2023-07-10T00:46:01.460159+00:00, run_after=2023-07-11T00:46:01.460159+00:00
[2023-07-11 00:46:01,476] {processor.py:161} INFO - Processing /home/airflow/.local/lib/python3.7/site-packages/airflow/example_dags/example_task_group.py took 0.092 seconds
[2023-07-11 00:46:31,821] {processor.py:153} INFO - Started process (PID=453) to work on /home/airflow/.local/lib/python3.7/site-packages/airflow/example_dags/example_task_group.py
[2023-07-11 00:46:31,821] {processor.py:641} INFO - Processing file /home/airflow/.local/lib/python3.7/site-packages/airflow/example_dags/example_task_group.py for tasks to queue
[2023-07-11 00:46:31,822] {logging_mixin.py:115} INFO - [2023-07-11 00:46:31,822] {dagbag.py:508} INFO - Filling up the DagBag from /home/airflow/.local/lib/python3.7/site-packages/airflow/example_dags/example_task_group.py
[2023-07-11 00:46:31,832] {processor.py:651} INFO - DAG(s) dict_keys(['example_task_group']) retrieved from /home/airflow/.local/lib/python3.7/site-packages/airflow/example_dags/example_task_group.py
[2023-07-11 00:46:31,875] {logging_mixin.py:115} INFO - [2023-07-11 00:46:31,875] {dag.py:2420} INFO - Sync 1 DAGs
[2023-07-11 00:46:31,919] {logging_mixin.py:115} INFO - [2023-07-11 00:46:31,919] {dag.py:2972} INFO - Setting next_dagrun for example_task_group to 2023-07-10T00:46:31.919247+00:00, run_after=2023-07-11T00:46:31.919247+00:00
[2023-07-11 00:46:31,942] {processor.py:161} INFO - Processing /home/airflow/.local/lib/python3.7/site-packages/airflow/example_dags/example_task_group.py took 0.127 seconds
[2023-07-11 00:47:02,119] {processor.py:153} INFO - Started process (PID=505) to work on /home/airflow/.local/lib/python3.7/site-packages/airflow/example_dags/example_task_group.py
[2023-07-11 00:47:02,119] {processor.py:641} INFO - Processing file /home/airflow/.local/lib/python3.7/site-packages/airflow/example_dags/example_task_group.py for tasks to queue
[2023-07-11 00:47:02,120] {logging_mixin.py:115} INFO - [2023-07-11 00:47:02,120] {dagbag.py:508} INFO - Filling up the DagBag from /home/airflow/.local/lib/python3.7/site-packages/airflow/example_dags/example_task_group.py
[2023-07-11 00:47:02,127] {processor.py:651} INFO - DAG(s) dict_keys(['example_task_group']) retrieved from /home/airflow/.local/lib/python3.7/site-packages/airflow/example_dags/example_task_group.py
[2023-07-11 00:47:02,166] {logging_mixin.py:115} INFO - [2023-07-11 00:47:02,166] {dag.py:2420} INFO - Sync 1 DAGs
[2023-07-11 00:47:02,196] {logging_mixin.py:115} INFO - [2023-07-11 00:47:02,196] {dag.py:2972} INFO - Setting next_dagrun for example_task_group to 2023-07-10T00:47:02.196020+00:00, run_after=2023-07-11T00:47:02.196020+00:00
[2023-07-11 00:47:02,210] {processor.py:161} INFO - Processing /home/airflow/.local/lib/python3.7/site-packages/airflow/example_dags/example_task_group.py took 0.095 seconds
[2023-07-11 00:47:33,020] {processor.py:153} INFO - Started process (PID=566) to work on /home/airflow/.local/lib/python3.7/site-packages/airflow/example_dags/example_task_group.py
[2023-07-11 00:47:33,021] {processor.py:641} INFO - Processing file /home/airflow/.local/lib/python3.7/site-packages/airflow/example_dags/example_task_group.py for tasks to queue
[2023-07-11 00:47:33,022] {logging_mixin.py:115} INFO - [2023-07-11 00:47:33,022] {dagbag.py:508} INFO - Filling up the DagBag from /home/airflow/.local/lib/python3.7/site-packages/airflow/example_dags/example_task_group.py
[2023-07-11 00:47:33,041] {processor.py:651} INFO - DAG(s) dict_keys(['example_task_group']) retrieved from /home/airflow/.local/lib/python3.7/site-packages/airflow/example_dags/example_task_group.py
[2023-07-11 00:47:33,095] {logging_mixin.py:115} INFO - [2023-07-11 00:47:33,095] {dag.py:2420} INFO - Sync 1 DAGs
[2023-07-11 00:47:33,151] {logging_mixin.py:115} INFO - [2023-07-11 00:47:33,151] {dag.py:2972} INFO - Setting next_dagrun for example_task_group to 2023-07-10T00:47:33.151015+00:00, run_after=2023-07-11T00:47:33.151015+00:00
[2023-07-11 00:47:33,172] {processor.py:161} INFO - Processing /home/airflow/.local/lib/python3.7/site-packages/airflow/example_dags/example_task_group.py took 0.165 seconds
[2023-07-11 00:48:03,217] {processor.py:153} INFO - Started process (PID=619) to work on /home/airflow/.local/lib/python3.7/site-packages/airflow/example_dags/example_task_group.py
[2023-07-11 00:48:03,217] {processor.py:641} INFO - Processing file /home/airflow/.local/lib/python3.7/site-packages/airflow/example_dags/example_task_group.py for tasks to queue
[2023-07-11 00:48:03,218] {logging_mixin.py:115} INFO - [2023-07-11 00:48:03,218] {dagbag.py:508} INFO - Filling up the DagBag from /home/airflow/.local/lib/python3.7/site-packages/airflow/example_dags/example_task_group.py
[2023-07-11 00:48:03,225] {processor.py:651} INFO - DAG(s) dict_keys(['example_task_group']) retrieved from /home/airflow/.local/lib/python3.7/site-packages/airflow/example_dags/example_task_group.py
[2023-07-11 00:48:03,253] {logging_mixin.py:115} INFO - [2023-07-11 00:48:03,253] {dag.py:2420} INFO - Sync 1 DAGs
[2023-07-11 00:48:03,277] {logging_mixin.py:115} INFO - [2023-07-11 00:48:03,277] {dag.py:2972} INFO - Setting next_dagrun for example_task_group to 2023-07-10T00:48:03.277531+00:00, run_after=2023-07-11T00:48:03.277531+00:00
[2023-07-11 00:48:03,292] {processor.py:161} INFO - Processing /home/airflow/.local/lib/python3.7/site-packages/airflow/example_dags/example_task_group.py took 0.078 seconds
[2023-07-11 00:48:33,562] {processor.py:153} INFO - Started process (PID=680) to work on /home/airflow/.local/lib/python3.7/site-packages/airflow/example_dags/example_task_group.py
[2023-07-11 00:48:33,563] {processor.py:641} INFO - Processing file /home/airflow/.local/lib/python3.7/site-packages/airflow/example_dags/example_task_group.py for tasks to queue
[2023-07-11 00:48:33,563] {logging_mixin.py:115} INFO - [2023-07-11 00:48:33,563] {dagbag.py:508} INFO - Filling up the DagBag from /home/airflow/.local/lib/python3.7/site-packages/airflow/example_dags/example_task_group.py
[2023-07-11 00:48:33,572] {processor.py:651} INFO - DAG(s) dict_keys(['example_task_group']) retrieved from /home/airflow/.local/lib/python3.7/site-packages/airflow/example_dags/example_task_group.py
[2023-07-11 00:48:33,603] {logging_mixin.py:115} INFO - [2023-07-11 00:48:33,603] {dag.py:2420} INFO - Sync 1 DAGs
[2023-07-11 00:48:33,633] {logging_mixin.py:115} INFO - [2023-07-11 00:48:33,633] {dag.py:2972} INFO - Setting next_dagrun for example_task_group to 2023-07-10T00:48:33.633067+00:00, run_after=2023-07-11T00:48:33.633067+00:00
[2023-07-11 00:48:33,647] {processor.py:161} INFO - Processing /home/airflow/.local/lib/python3.7/site-packages/airflow/example_dags/example_task_group.py took 0.089 seconds
[2023-07-11 00:49:04,217] {processor.py:153} INFO - Started process (PID=741) to work on /home/airflow/.local/lib/python3.7/site-packages/airflow/example_dags/example_task_group.py
[2023-07-11 00:49:04,218] {processor.py:641} INFO - Processing file /home/airflow/.local/lib/python3.7/site-packages/airflow/example_dags/example_task_group.py for tasks to queue
[2023-07-11 00:49:04,218] {logging_mixin.py:115} INFO - [2023-07-11 00:49:04,218] {dagbag.py:508} INFO - Filling up the DagBag from /home/airflow/.local/lib/python3.7/site-packages/airflow/example_dags/example_task_group.py
[2023-07-11 00:49:04,230] {processor.py:651} INFO - DAG(s) dict_keys(['example_task_group']) retrieved from /home/airflow/.local/lib/python3.7/site-packages/airflow/example_dags/example_task_group.py
[2023-07-11 00:49:04,279] {logging_mixin.py:115} INFO - [2023-07-11 00:49:04,278] {dag.py:2420} INFO - Sync 1 DAGs
[2023-07-11 00:49:04,319] {logging_mixin.py:115} INFO - [2023-07-11 00:49:04,319] {dag.py:2972} INFO - Setting next_dagrun for example_task_group to 2023-07-10T00:49:04.319236+00:00, run_after=2023-07-11T00:49:04.319236+00:00
[2023-07-11 00:49:04,341] {processor.py:161} INFO - Processing /home/airflow/.local/lib/python3.7/site-packages/airflow/example_dags/example_task_group.py took 0.129 seconds
[2023-07-11 00:49:34,494] {processor.py:153} INFO - Started process (PID=793) to work on /home/airflow/.local/lib/python3.7/site-packages/airflow/example_dags/example_task_group.py
[2023-07-11 00:49:34,495] {processor.py:641} INFO - Processing file /home/airflow/.local/lib/python3.7/site-packages/airflow/example_dags/example_task_group.py for tasks to queue
[2023-07-11 00:49:34,496] {logging_mixin.py:115} INFO - [2023-07-11 00:49:34,496] {dagbag.py:508} INFO - Filling up the DagBag from /home/airflow/.local/lib/python3.7/site-packages/airflow/example_dags/example_task_group.py
[2023-07-11 00:49:34,504] {processor.py:651} INFO - DAG(s) dict_keys(['example_task_group']) retrieved from /home/airflow/.local/lib/python3.7/site-packages/airflow/example_dags/example_task_group.py
[2023-07-11 00:49:34,541] {logging_mixin.py:115} INFO - [2023-07-11 00:49:34,540] {dag.py:2420} INFO - Sync 1 DAGs
[2023-07-11 00:49:34,572] {logging_mixin.py:115} INFO - [2023-07-11 00:49:34,572] {dag.py:2972} INFO - Setting next_dagrun for example_task_group to 2023-07-10T00:49:34.571863+00:00, run_after=2023-07-11T00:49:34.571863+00:00
[2023-07-11 00:49:34,586] {processor.py:161} INFO - Processing /home/airflow/.local/lib/python3.7/site-packages/airflow/example_dags/example_task_group.py took 0.095 seconds
[2023-07-11 00:50:04,937] {processor.py:153} INFO - Started process (PID=846) to work on /home/airflow/.local/lib/python3.7/site-packages/airflow/example_dags/example_task_group.py
[2023-07-11 00:50:04,939] {processor.py:641} INFO - Processing file /home/airflow/.local/lib/python3.7/site-packages/airflow/example_dags/example_task_group.py for tasks to queue
[2023-07-11 00:50:04,940] {logging_mixin.py:115} INFO - [2023-07-11 00:50:04,940] {dagbag.py:508} INFO - Filling up the DagBag from /home/airflow/.local/lib/python3.7/site-packages/airflow/example_dags/example_task_group.py
[2023-07-11 00:50:04,958] {processor.py:651} INFO - DAG(s) dict_keys(['example_task_group']) retrieved from /home/airflow/.local/lib/python3.7/site-packages/airflow/example_dags/example_task_group.py
[2023-07-11 00:50:05,024] {logging_mixin.py:115} INFO - [2023-07-11 00:50:05,024] {dag.py:2420} INFO - Sync 1 DAGs
[2023-07-11 00:50:05,101] {logging_mixin.py:115} INFO - [2023-07-11 00:50:05,101] {dag.py:2972} INFO - Setting next_dagrun for example_task_group to 2023-07-10T00:50:05.100610+00:00, run_after=2023-07-11T00:50:05.100610+00:00
[2023-07-11 00:50:05,122] {processor.py:161} INFO - Processing /home/airflow/.local/lib/python3.7/site-packages/airflow/example_dags/example_task_group.py took 0.189 seconds
[2023-07-11 00:50:35,613] {processor.py:153} INFO - Started process (PID=903) to work on /home/airflow/.local/lib/python3.7/site-packages/airflow/example_dags/example_task_group.py
[2023-07-11 00:50:35,614] {processor.py:641} INFO - Processing file /home/airflow/.local/lib/python3.7/site-packages/airflow/example_dags/example_task_group.py for tasks to queue
[2023-07-11 00:50:35,615] {logging_mixin.py:115} INFO - [2023-07-11 00:50:35,615] {dagbag.py:508} INFO - Filling up the DagBag from /home/airflow/.local/lib/python3.7/site-packages/airflow/example_dags/example_task_group.py
[2023-07-11 00:50:35,629] {processor.py:651} INFO - DAG(s) dict_keys(['example_task_group']) retrieved from /home/airflow/.local/lib/python3.7/site-packages/airflow/example_dags/example_task_group.py
[2023-07-11 00:50:35,729] {logging_mixin.py:115} INFO - [2023-07-11 00:50:35,728] {dag.py:2420} INFO - Sync 1 DAGs
[2023-07-11 00:50:35,774] {logging_mixin.py:115} INFO - [2023-07-11 00:50:35,774] {dag.py:2972} INFO - Setting next_dagrun for example_task_group to 2023-07-10T00:50:35.774049+00:00, run_after=2023-07-11T00:50:35.774049+00:00
[2023-07-11 00:50:35,793] {processor.py:161} INFO - Processing /home/airflow/.local/lib/python3.7/site-packages/airflow/example_dags/example_task_group.py took 0.187 seconds
[2023-07-11 00:51:06,386] {processor.py:153} INFO - Started process (PID=963) to work on /home/airflow/.local/lib/python3.7/site-packages/airflow/example_dags/example_task_group.py
[2023-07-11 00:51:06,386] {processor.py:641} INFO - Processing file /home/airflow/.local/lib/python3.7/site-packages/airflow/example_dags/example_task_group.py for tasks to queue
[2023-07-11 00:51:06,387] {logging_mixin.py:115} INFO - [2023-07-11 00:51:06,387] {dagbag.py:508} INFO - Filling up the DagBag from /home/airflow/.local/lib/python3.7/site-packages/airflow/example_dags/example_task_group.py
[2023-07-11 00:51:06,394] {processor.py:651} INFO - DAG(s) dict_keys(['example_task_group']) retrieved from /home/airflow/.local/lib/python3.7/site-packages/airflow/example_dags/example_task_group.py
[2023-07-11 00:51:06,426] {logging_mixin.py:115} INFO - [2023-07-11 00:51:06,426] {dag.py:2420} INFO - Sync 1 DAGs
[2023-07-11 00:51:06,458] {logging_mixin.py:115} INFO - [2023-07-11 00:51:06,457] {dag.py:2972} INFO - Setting next_dagrun for example_task_group to 2023-07-10T00:51:06.457724+00:00, run_after=2023-07-11T00:51:06.457724+00:00
[2023-07-11 00:51:06,472] {processor.py:161} INFO - Processing /home/airflow/.local/lib/python3.7/site-packages/airflow/example_dags/example_task_group.py took 0.090 seconds
[2023-07-11 00:51:36,746] {processor.py:153} INFO - Started process (PID=1015) to work on /home/airflow/.local/lib/python3.7/site-packages/airflow/example_dags/example_task_group.py
[2023-07-11 00:51:36,746] {processor.py:641} INFO - Processing file /home/airflow/.local/lib/python3.7/site-packages/airflow/example_dags/example_task_group.py for tasks to queue
[2023-07-11 00:51:36,747] {logging_mixin.py:115} INFO - [2023-07-11 00:51:36,747] {dagbag.py:508} INFO - Filling up the DagBag from /home/airflow/.local/lib/python3.7/site-packages/airflow/example_dags/example_task_group.py
[2023-07-11 00:51:36,759] {processor.py:651} INFO - DAG(s) dict_keys(['example_task_group']) retrieved from /home/airflow/.local/lib/python3.7/site-packages/airflow/example_dags/example_task_group.py
[2023-07-11 00:51:36,791] {logging_mixin.py:115} INFO - [2023-07-11 00:51:36,791] {dag.py:2420} INFO - Sync 1 DAGs
[2023-07-11 00:51:36,830] {logging_mixin.py:115} INFO - [2023-07-11 00:51:36,830] {dag.py:2972} INFO - Setting next_dagrun for example_task_group to 2023-07-10T00:51:36.829686+00:00, run_after=2023-07-11T00:51:36.829686+00:00
[2023-07-11 00:51:36,847] {processor.py:161} INFO - Processing /home/airflow/.local/lib/python3.7/site-packages/airflow/example_dags/example_task_group.py took 0.105 seconds
[2023-07-11 22:50:09,794] {processor.py:153} INFO - Started process (PID=1066) to work on /home/airflow/.local/lib/python3.7/site-packages/airflow/example_dags/example_task_group.py
[2023-07-11 22:50:09,800] {processor.py:641} INFO - Processing file /home/airflow/.local/lib/python3.7/site-packages/airflow/example_dags/example_task_group.py for tasks to queue
[2023-07-11 22:50:09,801] {logging_mixin.py:115} INFO - [2023-07-11 22:50:09,801] {dagbag.py:508} INFO - Filling up the DagBag from /home/airflow/.local/lib/python3.7/site-packages/airflow/example_dags/example_task_group.py
[2023-07-11 22:50:09,827] {processor.py:651} INFO - DAG(s) dict_keys(['example_task_group']) retrieved from /home/airflow/.local/lib/python3.7/site-packages/airflow/example_dags/example_task_group.py
[2023-07-11 22:50:09,981] {logging_mixin.py:115} INFO - [2023-07-11 22:50:09,981] {dag.py:2420} INFO - Sync 1 DAGs
[2023-07-11 22:50:10,056] {logging_mixin.py:115} INFO - [2023-07-11 22:50:10,056] {dag.py:2972} INFO - Setting next_dagrun for example_task_group to 2023-07-10T22:50:10.055431+00:00, run_after=2023-07-11T22:50:10.055431+00:00
[2023-07-11 22:50:10,089] {processor.py:161} INFO - Processing /home/airflow/.local/lib/python3.7/site-packages/airflow/example_dags/example_task_group.py took 0.300 seconds
[2023-07-11 22:50:41,251] {processor.py:153} INFO - Started process (PID=1116) to work on /home/airflow/.local/lib/python3.7/site-packages/airflow/example_dags/example_task_group.py
[2023-07-11 22:50:41,252] {processor.py:641} INFO - Processing file /home/airflow/.local/lib/python3.7/site-packages/airflow/example_dags/example_task_group.py for tasks to queue
[2023-07-11 22:50:41,253] {logging_mixin.py:115} INFO - [2023-07-11 22:50:41,253] {dagbag.py:508} INFO - Filling up the DagBag from /home/airflow/.local/lib/python3.7/site-packages/airflow/example_dags/example_task_group.py
[2023-07-11 22:50:41,265] {processor.py:651} INFO - DAG(s) dict_keys(['example_task_group']) retrieved from /home/airflow/.local/lib/python3.7/site-packages/airflow/example_dags/example_task_group.py
[2023-07-11 22:50:41,315] {logging_mixin.py:115} INFO - [2023-07-11 22:50:41,315] {dag.py:2420} INFO - Sync 1 DAGs
[2023-07-11 22:50:41,366] {logging_mixin.py:115} INFO - [2023-07-11 22:50:41,366] {dag.py:2972} INFO - Setting next_dagrun for example_task_group to 2023-07-10T22:50:41.365780+00:00, run_after=2023-07-11T22:50:41.365780+00:00
[2023-07-11 22:50:41,395] {processor.py:161} INFO - Processing /home/airflow/.local/lib/python3.7/site-packages/airflow/example_dags/example_task_group.py took 0.149 seconds
[2023-07-11 22:51:11,636] {processor.py:153} INFO - Started process (PID=1170) to work on /home/airflow/.local/lib/python3.7/site-packages/airflow/example_dags/example_task_group.py
[2023-07-11 22:51:11,637] {processor.py:641} INFO - Processing file /home/airflow/.local/lib/python3.7/site-packages/airflow/example_dags/example_task_group.py for tasks to queue
[2023-07-11 22:51:11,637] {logging_mixin.py:115} INFO - [2023-07-11 22:51:11,637] {dagbag.py:508} INFO - Filling up the DagBag from /home/airflow/.local/lib/python3.7/site-packages/airflow/example_dags/example_task_group.py
[2023-07-11 22:51:11,645] {processor.py:651} INFO - DAG(s) dict_keys(['example_task_group']) retrieved from /home/airflow/.local/lib/python3.7/site-packages/airflow/example_dags/example_task_group.py
[2023-07-11 22:51:11,677] {logging_mixin.py:115} INFO - [2023-07-11 22:51:11,677] {dag.py:2420} INFO - Sync 1 DAGs
[2023-07-11 22:51:11,703] {logging_mixin.py:115} INFO - [2023-07-11 22:51:11,702] {dag.py:2972} INFO - Setting next_dagrun for example_task_group to 2023-07-10T22:51:11.702624+00:00, run_after=2023-07-11T22:51:11.702624+00:00
[2023-07-11 22:51:11,716] {processor.py:161} INFO - Processing /home/airflow/.local/lib/python3.7/site-packages/airflow/example_dags/example_task_group.py took 0.083 seconds
[2023-07-11 22:51:42,107] {processor.py:153} INFO - Started process (PID=1222) to work on /home/airflow/.local/lib/python3.7/site-packages/airflow/example_dags/example_task_group.py
[2023-07-11 22:51:42,107] {processor.py:641} INFO - Processing file /home/airflow/.local/lib/python3.7/site-packages/airflow/example_dags/example_task_group.py for tasks to queue
[2023-07-11 22:51:42,108] {logging_mixin.py:115} INFO - [2023-07-11 22:51:42,108] {dagbag.py:508} INFO - Filling up the DagBag from /home/airflow/.local/lib/python3.7/site-packages/airflow/example_dags/example_task_group.py
[2023-07-11 22:51:42,115] {processor.py:651} INFO - DAG(s) dict_keys(['example_task_group']) retrieved from /home/airflow/.local/lib/python3.7/site-packages/airflow/example_dags/example_task_group.py
[2023-07-11 22:51:42,145] {logging_mixin.py:115} INFO - [2023-07-11 22:51:42,145] {dag.py:2420} INFO - Sync 1 DAGs
[2023-07-11 22:51:42,171] {logging_mixin.py:115} INFO - [2023-07-11 22:51:42,171] {dag.py:2972} INFO - Setting next_dagrun for example_task_group to 2023-07-10T22:51:42.171237+00:00, run_after=2023-07-11T22:51:42.171237+00:00
[2023-07-11 22:51:42,185] {processor.py:161} INFO - Processing /home/airflow/.local/lib/python3.7/site-packages/airflow/example_dags/example_task_group.py took 0.081 seconds
[2023-07-11 22:52:13,214] {processor.py:153} INFO - Started process (PID=1281) to work on /home/airflow/.local/lib/python3.7/site-packages/airflow/example_dags/example_task_group.py
[2023-07-11 22:52:13,214] {processor.py:641} INFO - Processing file /home/airflow/.local/lib/python3.7/site-packages/airflow/example_dags/example_task_group.py for tasks to queue
[2023-07-11 22:52:13,215] {logging_mixin.py:115} INFO - [2023-07-11 22:52:13,215] {dagbag.py:508} INFO - Filling up the DagBag from /home/airflow/.local/lib/python3.7/site-packages/airflow/example_dags/example_task_group.py
[2023-07-11 22:52:13,223] {processor.py:651} INFO - DAG(s) dict_keys(['example_task_group']) retrieved from /home/airflow/.local/lib/python3.7/site-packages/airflow/example_dags/example_task_group.py
[2023-07-11 22:52:13,259] {logging_mixin.py:115} INFO - [2023-07-11 22:52:13,258] {dag.py:2420} INFO - Sync 1 DAGs
[2023-07-11 22:52:13,288] {logging_mixin.py:115} INFO - [2023-07-11 22:52:13,288] {dag.py:2972} INFO - Setting next_dagrun for example_task_group to 2023-07-10T22:52:13.287998+00:00, run_after=2023-07-11T22:52:13.287998+00:00
[2023-07-11 22:52:13,304] {processor.py:161} INFO - Processing /home/airflow/.local/lib/python3.7/site-packages/airflow/example_dags/example_task_group.py took 0.094 seconds
[2023-07-11 22:52:44,001] {processor.py:153} INFO - Started process (PID=1332) to work on /home/airflow/.local/lib/python3.7/site-packages/airflow/example_dags/example_task_group.py
[2023-07-11 22:52:44,004] {processor.py:641} INFO - Processing file /home/airflow/.local/lib/python3.7/site-packages/airflow/example_dags/example_task_group.py for tasks to queue
[2023-07-11 22:52:44,005] {logging_mixin.py:115} INFO - [2023-07-11 22:52:44,005] {dagbag.py:508} INFO - Filling up the DagBag from /home/airflow/.local/lib/python3.7/site-packages/airflow/example_dags/example_task_group.py
[2023-07-11 22:52:44,018] {processor.py:651} INFO - DAG(s) dict_keys(['example_task_group']) retrieved from /home/airflow/.local/lib/python3.7/site-packages/airflow/example_dags/example_task_group.py
[2023-07-11 22:52:44,075] {logging_mixin.py:115} INFO - [2023-07-11 22:52:44,075] {dag.py:2420} INFO - Sync 1 DAGs
[2023-07-11 22:52:44,124] {logging_mixin.py:115} INFO - [2023-07-11 22:52:44,123] {dag.py:2972} INFO - Setting next_dagrun for example_task_group to 2023-07-10T22:52:44.123537+00:00, run_after=2023-07-11T22:52:44.123537+00:00
[2023-07-11 22:52:44,144] {processor.py:161} INFO - Processing /home/airflow/.local/lib/python3.7/site-packages/airflow/example_dags/example_task_group.py took 0.151 seconds
[2023-07-11 22:53:15,043] {processor.py:153} INFO - Started process (PID=1383) to work on /home/airflow/.local/lib/python3.7/site-packages/airflow/example_dags/example_task_group.py
[2023-07-11 22:53:15,044] {processor.py:641} INFO - Processing file /home/airflow/.local/lib/python3.7/site-packages/airflow/example_dags/example_task_group.py for tasks to queue
[2023-07-11 22:53:15,044] {logging_mixin.py:115} INFO - [2023-07-11 22:53:15,044] {dagbag.py:508} INFO - Filling up the DagBag from /home/airflow/.local/lib/python3.7/site-packages/airflow/example_dags/example_task_group.py
[2023-07-11 22:53:15,054] {processor.py:651} INFO - DAG(s) dict_keys(['example_task_group']) retrieved from /home/airflow/.local/lib/python3.7/site-packages/airflow/example_dags/example_task_group.py
[2023-07-11 22:53:15,097] {logging_mixin.py:115} INFO - [2023-07-11 22:53:15,096] {dag.py:2420} INFO - Sync 1 DAGs
[2023-07-11 22:53:15,140] {logging_mixin.py:115} INFO - [2023-07-11 22:53:15,140] {dag.py:2972} INFO - Setting next_dagrun for example_task_group to 2023-07-10T22:53:15.140497+00:00, run_after=2023-07-11T22:53:15.140497+00:00
[2023-07-11 22:53:15,160] {processor.py:161} INFO - Processing /home/airflow/.local/lib/python3.7/site-packages/airflow/example_dags/example_task_group.py took 0.122 seconds
[2023-07-11 22:53:46,038] {processor.py:153} INFO - Started process (PID=1444) to work on /home/airflow/.local/lib/python3.7/site-packages/airflow/example_dags/example_task_group.py
[2023-07-11 22:53:46,043] {processor.py:641} INFO - Processing file /home/airflow/.local/lib/python3.7/site-packages/airflow/example_dags/example_task_group.py for tasks to queue
[2023-07-11 22:53:46,049] {logging_mixin.py:115} INFO - [2023-07-11 22:53:46,049] {dagbag.py:508} INFO - Filling up the DagBag from /home/airflow/.local/lib/python3.7/site-packages/airflow/example_dags/example_task_group.py
[2023-07-11 22:53:46,074] {processor.py:651} INFO - DAG(s) dict_keys(['example_task_group']) retrieved from /home/airflow/.local/lib/python3.7/site-packages/airflow/example_dags/example_task_group.py
[2023-07-11 22:53:46,194] {logging_mixin.py:115} INFO - [2023-07-11 22:53:46,193] {dag.py:2420} INFO - Sync 1 DAGs
[2023-07-11 22:53:46,318] {logging_mixin.py:115} INFO - [2023-07-11 22:53:46,318] {dag.py:2972} INFO - Setting next_dagrun for example_task_group to 2023-07-10T22:53:46.317612+00:00, run_after=2023-07-11T22:53:46.317612+00:00
[2023-07-11 22:53:46,388] {processor.py:161} INFO - Processing /home/airflow/.local/lib/python3.7/site-packages/airflow/example_dags/example_task_group.py took 0.359 seconds
[2023-07-11 22:54:16,562] {processor.py:153} INFO - Started process (PID=1495) to work on /home/airflow/.local/lib/python3.7/site-packages/airflow/example_dags/example_task_group.py
[2023-07-11 22:54:16,563] {processor.py:641} INFO - Processing file /home/airflow/.local/lib/python3.7/site-packages/airflow/example_dags/example_task_group.py for tasks to queue
[2023-07-11 22:54:16,564] {logging_mixin.py:115} INFO - [2023-07-11 22:54:16,564] {dagbag.py:508} INFO - Filling up the DagBag from /home/airflow/.local/lib/python3.7/site-packages/airflow/example_dags/example_task_group.py
[2023-07-11 22:54:16,585] {processor.py:651} INFO - DAG(s) dict_keys(['example_task_group']) retrieved from /home/airflow/.local/lib/python3.7/site-packages/airflow/example_dags/example_task_group.py
[2023-07-11 22:54:16,655] {logging_mixin.py:115} INFO - [2023-07-11 22:54:16,655] {dag.py:2420} INFO - Sync 1 DAGs
[2023-07-11 22:54:16,752] {logging_mixin.py:115} INFO - [2023-07-11 22:54:16,752] {dag.py:2972} INFO - Setting next_dagrun for example_task_group to 2023-07-10T22:54:16.750052+00:00, run_after=2023-07-11T22:54:16.750052+00:00
[2023-07-11 22:54:16,802] {processor.py:161} INFO - Processing /home/airflow/.local/lib/python3.7/site-packages/airflow/example_dags/example_task_group.py took 0.253 seconds
[2023-07-11 22:54:47,272] {processor.py:153} INFO - Started process (PID=1545) to work on /home/airflow/.local/lib/python3.7/site-packages/airflow/example_dags/example_task_group.py
[2023-07-11 22:54:47,273] {processor.py:641} INFO - Processing file /home/airflow/.local/lib/python3.7/site-packages/airflow/example_dags/example_task_group.py for tasks to queue
[2023-07-11 22:54:47,275] {logging_mixin.py:115} INFO - [2023-07-11 22:54:47,275] {dagbag.py:508} INFO - Filling up the DagBag from /home/airflow/.local/lib/python3.7/site-packages/airflow/example_dags/example_task_group.py
[2023-07-11 22:54:47,289] {processor.py:651} INFO - DAG(s) dict_keys(['example_task_group']) retrieved from /home/airflow/.local/lib/python3.7/site-packages/airflow/example_dags/example_task_group.py
[2023-07-11 22:54:47,333] {logging_mixin.py:115} INFO - [2023-07-11 22:54:47,333] {dag.py:2420} INFO - Sync 1 DAGs
[2023-07-11 22:54:47,367] {logging_mixin.py:115} INFO - [2023-07-11 22:54:47,367] {dag.py:2972} INFO - Setting next_dagrun for example_task_group to 2023-07-10T22:54:47.367389+00:00, run_after=2023-07-11T22:54:47.367389+00:00
[2023-07-11 22:54:47,396] {processor.py:161} INFO - Processing /home/airflow/.local/lib/python3.7/site-packages/airflow/example_dags/example_task_group.py took 0.129 seconds
[2023-07-11 22:55:18,420] {processor.py:153} INFO - Started process (PID=1598) to work on /home/airflow/.local/lib/python3.7/site-packages/airflow/example_dags/example_task_group.py
[2023-07-11 22:55:18,420] {processor.py:641} INFO - Processing file /home/airflow/.local/lib/python3.7/site-packages/airflow/example_dags/example_task_group.py for tasks to queue
[2023-07-11 22:55:18,422] {logging_mixin.py:115} INFO - [2023-07-11 22:55:18,421] {dagbag.py:508} INFO - Filling up the DagBag from /home/airflow/.local/lib/python3.7/site-packages/airflow/example_dags/example_task_group.py
[2023-07-11 22:55:18,440] {processor.py:651} INFO - DAG(s) dict_keys(['example_task_group']) retrieved from /home/airflow/.local/lib/python3.7/site-packages/airflow/example_dags/example_task_group.py
[2023-07-11 22:55:18,526] {logging_mixin.py:115} INFO - [2023-07-11 22:55:18,526] {dag.py:2420} INFO - Sync 1 DAGs
[2023-07-11 22:55:18,616] {logging_mixin.py:115} INFO - [2023-07-11 22:55:18,615] {dag.py:2972} INFO - Setting next_dagrun for example_task_group to 2023-07-10T22:55:18.613870+00:00, run_after=2023-07-11T22:55:18.613870+00:00
[2023-07-11 22:55:18,653] {processor.py:161} INFO - Processing /home/airflow/.local/lib/python3.7/site-packages/airflow/example_dags/example_task_group.py took 0.239 seconds
[2023-07-11 22:55:50,436] {processor.py:153} INFO - Started process (PID=1650) to work on /home/airflow/.local/lib/python3.7/site-packages/airflow/example_dags/example_task_group.py
[2023-07-11 22:55:50,440] {processor.py:641} INFO - Processing file /home/airflow/.local/lib/python3.7/site-packages/airflow/example_dags/example_task_group.py for tasks to queue
[2023-07-11 22:55:50,441] {logging_mixin.py:115} INFO - [2023-07-11 22:55:50,441] {dagbag.py:508} INFO - Filling up the DagBag from /home/airflow/.local/lib/python3.7/site-packages/airflow/example_dags/example_task_group.py
[2023-07-11 22:55:50,484] {processor.py:651} INFO - DAG(s) dict_keys(['example_task_group']) retrieved from /home/airflow/.local/lib/python3.7/site-packages/airflow/example_dags/example_task_group.py
[2023-07-11 22:55:50,609] {logging_mixin.py:115} INFO - [2023-07-11 22:55:50,609] {dag.py:2420} INFO - Sync 1 DAGs
[2023-07-11 22:55:50,720] {logging_mixin.py:115} INFO - [2023-07-11 22:55:50,720] {dag.py:2972} INFO - Setting next_dagrun for example_task_group to 2023-07-10T22:55:50.718118+00:00, run_after=2023-07-11T22:55:50.718118+00:00
[2023-07-11 22:55:50,758] {processor.py:161} INFO - Processing /home/airflow/.local/lib/python3.7/site-packages/airflow/example_dags/example_task_group.py took 0.338 seconds
[2023-07-11 22:56:21,813] {processor.py:153} INFO - Started process (PID=1702) to work on /home/airflow/.local/lib/python3.7/site-packages/airflow/example_dags/example_task_group.py
[2023-07-11 22:56:21,814] {processor.py:641} INFO - Processing file /home/airflow/.local/lib/python3.7/site-packages/airflow/example_dags/example_task_group.py for tasks to queue
[2023-07-11 22:56:21,816] {logging_mixin.py:115} INFO - [2023-07-11 22:56:21,815] {dagbag.py:508} INFO - Filling up the DagBag from /home/airflow/.local/lib/python3.7/site-packages/airflow/example_dags/example_task_group.py
[2023-07-11 22:56:21,838] {processor.py:651} INFO - DAG(s) dict_keys(['example_task_group']) retrieved from /home/airflow/.local/lib/python3.7/site-packages/airflow/example_dags/example_task_group.py
[2023-07-11 22:56:21,936] {logging_mixin.py:115} INFO - [2023-07-11 22:56:21,936] {dag.py:2420} INFO - Sync 1 DAGs
[2023-07-11 22:56:22,041] {logging_mixin.py:115} INFO - [2023-07-11 22:56:22,041] {dag.py:2972} INFO - Setting next_dagrun for example_task_group to 2023-07-10T22:56:22.041061+00:00, run_after=2023-07-11T22:56:22.041061+00:00
[2023-07-11 22:56:22,074] {processor.py:161} INFO - Processing /home/airflow/.local/lib/python3.7/site-packages/airflow/example_dags/example_task_group.py took 0.268 seconds
[2023-07-11 22:56:52,159] {processor.py:153} INFO - Started process (PID=1763) to work on /home/airflow/.local/lib/python3.7/site-packages/airflow/example_dags/example_task_group.py
[2023-07-11 22:56:52,168] {processor.py:641} INFO - Processing file /home/airflow/.local/lib/python3.7/site-packages/airflow/example_dags/example_task_group.py for tasks to queue
[2023-07-11 22:56:52,170] {logging_mixin.py:115} INFO - [2023-07-11 22:56:52,170] {dagbag.py:508} INFO - Filling up the DagBag from /home/airflow/.local/lib/python3.7/site-packages/airflow/example_dags/example_task_group.py
[2023-07-11 22:56:52,213] {processor.py:651} INFO - DAG(s) dict_keys(['example_task_group']) retrieved from /home/airflow/.local/lib/python3.7/site-packages/airflow/example_dags/example_task_group.py
[2023-07-11 22:56:52,290] {logging_mixin.py:115} INFO - [2023-07-11 22:56:52,290] {dag.py:2420} INFO - Sync 1 DAGs
[2023-07-11 22:56:52,395] {logging_mixin.py:115} INFO - [2023-07-11 22:56:52,394] {dag.py:2972} INFO - Setting next_dagrun for example_task_group to 2023-07-10T22:56:52.394431+00:00, run_after=2023-07-11T22:56:52.394431+00:00
[2023-07-11 22:56:52,447] {processor.py:161} INFO - Processing /home/airflow/.local/lib/python3.7/site-packages/airflow/example_dags/example_task_group.py took 0.299 seconds
[2023-07-11 22:57:22,831] {processor.py:153} INFO - Started process (PID=1814) to work on /home/airflow/.local/lib/python3.7/site-packages/airflow/example_dags/example_task_group.py
[2023-07-11 22:57:22,831] {processor.py:641} INFO - Processing file /home/airflow/.local/lib/python3.7/site-packages/airflow/example_dags/example_task_group.py for tasks to queue
[2023-07-11 22:57:22,832] {logging_mixin.py:115} INFO - [2023-07-11 22:57:22,831] {dagbag.py:508} INFO - Filling up the DagBag from /home/airflow/.local/lib/python3.7/site-packages/airflow/example_dags/example_task_group.py
[2023-07-11 22:57:22,842] {processor.py:651} INFO - DAG(s) dict_keys(['example_task_group']) retrieved from /home/airflow/.local/lib/python3.7/site-packages/airflow/example_dags/example_task_group.py
[2023-07-11 22:57:22,886] {logging_mixin.py:115} INFO - [2023-07-11 22:57:22,886] {dag.py:2420} INFO - Sync 1 DAGs
[2023-07-11 22:57:22,927] {logging_mixin.py:115} INFO - [2023-07-11 22:57:22,927] {dag.py:2972} INFO - Setting next_dagrun for example_task_group to 2023-07-10T22:57:22.927043+00:00, run_after=2023-07-11T22:57:22.927043+00:00
[2023-07-11 22:57:22,946] {processor.py:161} INFO - Processing /home/airflow/.local/lib/python3.7/site-packages/airflow/example_dags/example_task_group.py took 0.120 seconds
[2023-07-11 22:57:53,259] {processor.py:153} INFO - Started process (PID=1866) to work on /home/airflow/.local/lib/python3.7/site-packages/airflow/example_dags/example_task_group.py
[2023-07-11 22:57:53,261] {processor.py:641} INFO - Processing file /home/airflow/.local/lib/python3.7/site-packages/airflow/example_dags/example_task_group.py for tasks to queue
[2023-07-11 22:57:53,262] {logging_mixin.py:115} INFO - [2023-07-11 22:57:53,261] {dagbag.py:508} INFO - Filling up the DagBag from /home/airflow/.local/lib/python3.7/site-packages/airflow/example_dags/example_task_group.py
[2023-07-11 22:57:53,276] {processor.py:651} INFO - DAG(s) dict_keys(['example_task_group']) retrieved from /home/airflow/.local/lib/python3.7/site-packages/airflow/example_dags/example_task_group.py
[2023-07-11 22:57:53,326] {logging_mixin.py:115} INFO - [2023-07-11 22:57:53,326] {dag.py:2420} INFO - Sync 1 DAGs
[2023-07-11 22:57:53,354] {logging_mixin.py:115} INFO - [2023-07-11 22:57:53,354] {dag.py:2972} INFO - Setting next_dagrun for example_task_group to 2023-07-10T22:57:53.354224+00:00, run_after=2023-07-11T22:57:53.354224+00:00
[2023-07-11 22:57:53,383] {processor.py:161} INFO - Processing /home/airflow/.local/lib/python3.7/site-packages/airflow/example_dags/example_task_group.py took 0.132 seconds
[2023-07-11 22:58:24,345] {processor.py:153} INFO - Started process (PID=1918) to work on /home/airflow/.local/lib/python3.7/site-packages/airflow/example_dags/example_task_group.py
[2023-07-11 22:58:24,347] {processor.py:641} INFO - Processing file /home/airflow/.local/lib/python3.7/site-packages/airflow/example_dags/example_task_group.py for tasks to queue
[2023-07-11 22:58:24,348] {logging_mixin.py:115} INFO - [2023-07-11 22:58:24,348] {dagbag.py:508} INFO - Filling up the DagBag from /home/airflow/.local/lib/python3.7/site-packages/airflow/example_dags/example_task_group.py
[2023-07-11 22:58:24,364] {processor.py:651} INFO - DAG(s) dict_keys(['example_task_group']) retrieved from /home/airflow/.local/lib/python3.7/site-packages/airflow/example_dags/example_task_group.py
[2023-07-11 22:58:24,432] {logging_mixin.py:115} INFO - [2023-07-11 22:58:24,431] {dag.py:2420} INFO - Sync 1 DAGs
[2023-07-11 22:58:24,496] {logging_mixin.py:115} INFO - [2023-07-11 22:58:24,495] {dag.py:2972} INFO - Setting next_dagrun for example_task_group to 2023-07-10T22:58:24.495229+00:00, run_after=2023-07-11T22:58:24.495229+00:00
[2023-07-11 22:58:24,529] {processor.py:161} INFO - Processing /home/airflow/.local/lib/python3.7/site-packages/airflow/example_dags/example_task_group.py took 0.194 seconds
[2023-07-11 22:58:54,744] {processor.py:153} INFO - Started process (PID=1975) to work on /home/airflow/.local/lib/python3.7/site-packages/airflow/example_dags/example_task_group.py
[2023-07-11 22:58:54,751] {processor.py:641} INFO - Processing file /home/airflow/.local/lib/python3.7/site-packages/airflow/example_dags/example_task_group.py for tasks to queue
[2023-07-11 22:58:54,752] {logging_mixin.py:115} INFO - [2023-07-11 22:58:54,752] {dagbag.py:508} INFO - Filling up the DagBag from /home/airflow/.local/lib/python3.7/site-packages/airflow/example_dags/example_task_group.py
[2023-07-11 22:58:54,806] {processor.py:651} INFO - DAG(s) dict_keys(['example_task_group']) retrieved from /home/airflow/.local/lib/python3.7/site-packages/airflow/example_dags/example_task_group.py
[2023-07-11 22:58:54,962] {logging_mixin.py:115} INFO - [2023-07-11 22:58:54,961] {dag.py:2420} INFO - Sync 1 DAGs
[2023-07-11 22:58:55,042] {logging_mixin.py:115} INFO - [2023-07-11 22:58:55,042] {dag.py:2972} INFO - Setting next_dagrun for example_task_group to 2023-07-10T22:58:55.041537+00:00, run_after=2023-07-11T22:58:55.041537+00:00
[2023-07-11 22:58:55,098] {processor.py:161} INFO - Processing /home/airflow/.local/lib/python3.7/site-packages/airflow/example_dags/example_task_group.py took 0.362 seconds
[2023-07-11 22:59:25,952] {processor.py:153} INFO - Started process (PID=2030) to work on /home/airflow/.local/lib/python3.7/site-packages/airflow/example_dags/example_task_group.py
[2023-07-11 22:59:25,952] {processor.py:641} INFO - Processing file /home/airflow/.local/lib/python3.7/site-packages/airflow/example_dags/example_task_group.py for tasks to queue
[2023-07-11 22:59:25,953] {logging_mixin.py:115} INFO - [2023-07-11 22:59:25,953] {dagbag.py:508} INFO - Filling up the DagBag from /home/airflow/.local/lib/python3.7/site-packages/airflow/example_dags/example_task_group.py
[2023-07-11 22:59:25,962] {processor.py:651} INFO - DAG(s) dict_keys(['example_task_group']) retrieved from /home/airflow/.local/lib/python3.7/site-packages/airflow/example_dags/example_task_group.py
[2023-07-11 22:59:26,003] {logging_mixin.py:115} INFO - [2023-07-11 22:59:26,002] {dag.py:2420} INFO - Sync 1 DAGs
[2023-07-11 22:59:26,041] {logging_mixin.py:115} INFO - [2023-07-11 22:59:26,041] {dag.py:2972} INFO - Setting next_dagrun for example_task_group to 2023-07-10T22:59:26.041445+00:00, run_after=2023-07-11T22:59:26.041445+00:00
[2023-07-11 22:59:26,060] {processor.py:161} INFO - Processing /home/airflow/.local/lib/python3.7/site-packages/airflow/example_dags/example_task_group.py took 0.112 seconds
[2023-07-11 22:59:56,717] {processor.py:153} INFO - Started process (PID=2082) to work on /home/airflow/.local/lib/python3.7/site-packages/airflow/example_dags/example_task_group.py
[2023-07-11 22:59:56,719] {processor.py:641} INFO - Processing file /home/airflow/.local/lib/python3.7/site-packages/airflow/example_dags/example_task_group.py for tasks to queue
[2023-07-11 22:59:56,720] {logging_mixin.py:115} INFO - [2023-07-11 22:59:56,720] {dagbag.py:508} INFO - Filling up the DagBag from /home/airflow/.local/lib/python3.7/site-packages/airflow/example_dags/example_task_group.py
[2023-07-11 22:59:56,741] {processor.py:651} INFO - DAG(s) dict_keys(['example_task_group']) retrieved from /home/airflow/.local/lib/python3.7/site-packages/airflow/example_dags/example_task_group.py
[2023-07-11 22:59:56,822] {logging_mixin.py:115} INFO - [2023-07-11 22:59:56,821] {dag.py:2420} INFO - Sync 1 DAGs
[2023-07-11 22:59:56,905] {logging_mixin.py:115} INFO - [2023-07-11 22:59:56,905] {dag.py:2972} INFO - Setting next_dagrun for example_task_group to 2023-07-10T22:59:56.904661+00:00, run_after=2023-07-11T22:59:56.904661+00:00
[2023-07-11 22:59:56,985] {processor.py:161} INFO - Processing /home/airflow/.local/lib/python3.7/site-packages/airflow/example_dags/example_task_group.py took 0.281 seconds
[2023-07-11 23:00:27,102] {processor.py:153} INFO - Started process (PID=2134) to work on /home/airflow/.local/lib/python3.7/site-packages/airflow/example_dags/example_task_group.py
[2023-07-11 23:00:27,103] {processor.py:641} INFO - Processing file /home/airflow/.local/lib/python3.7/site-packages/airflow/example_dags/example_task_group.py for tasks to queue
[2023-07-11 23:00:27,103] {logging_mixin.py:115} INFO - [2023-07-11 23:00:27,103] {dagbag.py:508} INFO - Filling up the DagBag from /home/airflow/.local/lib/python3.7/site-packages/airflow/example_dags/example_task_group.py
[2023-07-11 23:00:27,115] {processor.py:651} INFO - DAG(s) dict_keys(['example_task_group']) retrieved from /home/airflow/.local/lib/python3.7/site-packages/airflow/example_dags/example_task_group.py
[2023-07-11 23:00:27,163] {logging_mixin.py:115} INFO - [2023-07-11 23:00:27,163] {dag.py:2420} INFO - Sync 1 DAGs
[2023-07-11 23:00:27,200] {logging_mixin.py:115} INFO - [2023-07-11 23:00:27,200] {dag.py:2972} INFO - Setting next_dagrun for example_task_group to 2023-07-10T23:00:27.199901+00:00, run_after=2023-07-11T23:00:27.199901+00:00
[2023-07-11 23:00:27,217] {processor.py:161} INFO - Processing /home/airflow/.local/lib/python3.7/site-packages/airflow/example_dags/example_task_group.py took 0.122 seconds
[2023-07-11 23:00:57,523] {processor.py:153} INFO - Started process (PID=2187) to work on /home/airflow/.local/lib/python3.7/site-packages/airflow/example_dags/example_task_group.py
[2023-07-11 23:00:57,525] {processor.py:641} INFO - Processing file /home/airflow/.local/lib/python3.7/site-packages/airflow/example_dags/example_task_group.py for tasks to queue
[2023-07-11 23:00:57,526] {logging_mixin.py:115} INFO - [2023-07-11 23:00:57,526] {dagbag.py:508} INFO - Filling up the DagBag from /home/airflow/.local/lib/python3.7/site-packages/airflow/example_dags/example_task_group.py
[2023-07-11 23:00:57,537] {processor.py:651} INFO - DAG(s) dict_keys(['example_task_group']) retrieved from /home/airflow/.local/lib/python3.7/site-packages/airflow/example_dags/example_task_group.py
[2023-07-11 23:00:57,581] {logging_mixin.py:115} INFO - [2023-07-11 23:00:57,581] {dag.py:2420} INFO - Sync 1 DAGs
[2023-07-11 23:00:57,620] {logging_mixin.py:115} INFO - [2023-07-11 23:00:57,619] {dag.py:2972} INFO - Setting next_dagrun for example_task_group to 2023-07-10T23:00:57.619578+00:00, run_after=2023-07-11T23:00:57.619578+00:00
[2023-07-11 23:00:57,642] {processor.py:161} INFO - Processing /home/airflow/.local/lib/python3.7/site-packages/airflow/example_dags/example_task_group.py took 0.124 seconds
[2023-07-11 23:01:28,056] {processor.py:153} INFO - Started process (PID=2239) to work on /home/airflow/.local/lib/python3.7/site-packages/airflow/example_dags/example_task_group.py
[2023-07-11 23:01:28,058] {processor.py:641} INFO - Processing file /home/airflow/.local/lib/python3.7/site-packages/airflow/example_dags/example_task_group.py for tasks to queue
[2023-07-11 23:01:28,060] {logging_mixin.py:115} INFO - [2023-07-11 23:01:28,059] {dagbag.py:508} INFO - Filling up the DagBag from /home/airflow/.local/lib/python3.7/site-packages/airflow/example_dags/example_task_group.py
[2023-07-11 23:01:28,084] {processor.py:651} INFO - DAG(s) dict_keys(['example_task_group']) retrieved from /home/airflow/.local/lib/python3.7/site-packages/airflow/example_dags/example_task_group.py
[2023-07-11 23:01:28,154] {logging_mixin.py:115} INFO - [2023-07-11 23:01:28,154] {dag.py:2420} INFO - Sync 1 DAGs
[2023-07-11 23:01:28,209] {logging_mixin.py:115} INFO - [2023-07-11 23:01:28,209] {dag.py:2972} INFO - Setting next_dagrun for example_task_group to 2023-07-10T23:01:28.208374+00:00, run_after=2023-07-11T23:01:28.208374+00:00
[2023-07-11 23:01:28,241] {processor.py:161} INFO - Processing /home/airflow/.local/lib/python3.7/site-packages/airflow/example_dags/example_task_group.py took 0.203 seconds
[2023-07-11 23:01:58,618] {processor.py:153} INFO - Started process (PID=2289) to work on /home/airflow/.local/lib/python3.7/site-packages/airflow/example_dags/example_task_group.py
[2023-07-11 23:01:58,619] {processor.py:641} INFO - Processing file /home/airflow/.local/lib/python3.7/site-packages/airflow/example_dags/example_task_group.py for tasks to queue
[2023-07-11 23:01:58,619] {logging_mixin.py:115} INFO - [2023-07-11 23:01:58,619] {dagbag.py:508} INFO - Filling up the DagBag from /home/airflow/.local/lib/python3.7/site-packages/airflow/example_dags/example_task_group.py
[2023-07-11 23:01:58,631] {processor.py:651} INFO - DAG(s) dict_keys(['example_task_group']) retrieved from /home/airflow/.local/lib/python3.7/site-packages/airflow/example_dags/example_task_group.py
[2023-07-11 23:01:58,665] {logging_mixin.py:115} INFO - [2023-07-11 23:01:58,665] {dag.py:2420} INFO - Sync 1 DAGs
[2023-07-11 23:01:58,704] {logging_mixin.py:115} INFO - [2023-07-11 23:01:58,704] {dag.py:2972} INFO - Setting next_dagrun for example_task_group to 2023-07-10T23:01:58.704194+00:00, run_after=2023-07-11T23:01:58.704194+00:00
[2023-07-11 23:01:58,739] {processor.py:161} INFO - Processing /home/airflow/.local/lib/python3.7/site-packages/airflow/example_dags/example_task_group.py took 0.126 seconds
[2023-07-11 23:02:29,984] {processor.py:153} INFO - Started process (PID=2350) to work on /home/airflow/.local/lib/python3.7/site-packages/airflow/example_dags/example_task_group.py
[2023-07-11 23:02:29,988] {processor.py:641} INFO - Processing file /home/airflow/.local/lib/python3.7/site-packages/airflow/example_dags/example_task_group.py for tasks to queue
[2023-07-11 23:02:29,990] {logging_mixin.py:115} INFO - [2023-07-11 23:02:29,989] {dagbag.py:508} INFO - Filling up the DagBag from /home/airflow/.local/lib/python3.7/site-packages/airflow/example_dags/example_task_group.py
[2023-07-11 23:02:30,008] {processor.py:651} INFO - DAG(s) dict_keys(['example_task_group']) retrieved from /home/airflow/.local/lib/python3.7/site-packages/airflow/example_dags/example_task_group.py
[2023-07-11 23:02:30,093] {logging_mixin.py:115} INFO - [2023-07-11 23:02:30,092] {dag.py:2420} INFO - Sync 1 DAGs
[2023-07-11 23:02:30,173] {logging_mixin.py:115} INFO - [2023-07-11 23:02:30,172] {dag.py:2972} INFO - Setting next_dagrun for example_task_group to 2023-07-10T23:02:30.171702+00:00, run_after=2023-07-11T23:02:30.171702+00:00
[2023-07-11 23:02:30,204] {processor.py:161} INFO - Processing /home/airflow/.local/lib/python3.7/site-packages/airflow/example_dags/example_task_group.py took 0.228 seconds
[2023-07-11 23:03:00,246] {processor.py:153} INFO - Started process (PID=2402) to work on /home/airflow/.local/lib/python3.7/site-packages/airflow/example_dags/example_task_group.py
[2023-07-11 23:03:00,247] {processor.py:641} INFO - Processing file /home/airflow/.local/lib/python3.7/site-packages/airflow/example_dags/example_task_group.py for tasks to queue
[2023-07-11 23:03:00,247] {logging_mixin.py:115} INFO - [2023-07-11 23:03:00,247] {dagbag.py:508} INFO - Filling up the DagBag from /home/airflow/.local/lib/python3.7/site-packages/airflow/example_dags/example_task_group.py
[2023-07-11 23:03:00,256] {processor.py:651} INFO - DAG(s) dict_keys(['example_task_group']) retrieved from /home/airflow/.local/lib/python3.7/site-packages/airflow/example_dags/example_task_group.py
[2023-07-11 23:03:00,288] {logging_mixin.py:115} INFO - [2023-07-11 23:03:00,288] {dag.py:2420} INFO - Sync 1 DAGs
[2023-07-11 23:03:00,331] {logging_mixin.py:115} INFO - [2023-07-11 23:03:00,331] {dag.py:2972} INFO - Setting next_dagrun for example_task_group to 2023-07-10T23:03:00.331022+00:00, run_after=2023-07-11T23:03:00.331022+00:00
[2023-07-11 23:03:00,357] {processor.py:161} INFO - Processing /home/airflow/.local/lib/python3.7/site-packages/airflow/example_dags/example_task_group.py took 0.116 seconds
[2023-07-11 23:03:30,641] {processor.py:153} INFO - Started process (PID=2454) to work on /home/airflow/.local/lib/python3.7/site-packages/airflow/example_dags/example_task_group.py
[2023-07-11 23:03:30,642] {processor.py:641} INFO - Processing file /home/airflow/.local/lib/python3.7/site-packages/airflow/example_dags/example_task_group.py for tasks to queue
[2023-07-11 23:03:30,643] {logging_mixin.py:115} INFO - [2023-07-11 23:03:30,643] {dagbag.py:508} INFO - Filling up the DagBag from /home/airflow/.local/lib/python3.7/site-packages/airflow/example_dags/example_task_group.py
[2023-07-11 23:03:30,657] {processor.py:651} INFO - DAG(s) dict_keys(['example_task_group']) retrieved from /home/airflow/.local/lib/python3.7/site-packages/airflow/example_dags/example_task_group.py
[2023-07-11 23:03:30,775] {logging_mixin.py:115} INFO - [2023-07-11 23:03:30,775] {dag.py:2420} INFO - Sync 1 DAGs
[2023-07-11 23:03:31,061] {logging_mixin.py:115} INFO - [2023-07-11 23:03:31,060] {dag.py:2972} INFO - Setting next_dagrun for example_task_group to 2023-07-10T23:03:31.059317+00:00, run_after=2023-07-11T23:03:31.059317+00:00
[2023-07-11 23:03:31,146] {processor.py:161} INFO - Processing /home/airflow/.local/lib/python3.7/site-packages/airflow/example_dags/example_task_group.py took 0.512 seconds
[2023-07-11 23:04:01,250] {processor.py:153} INFO - Started process (PID=2504) to work on /home/airflow/.local/lib/python3.7/site-packages/airflow/example_dags/example_task_group.py
[2023-07-11 23:04:01,251] {processor.py:641} INFO - Processing file /home/airflow/.local/lib/python3.7/site-packages/airflow/example_dags/example_task_group.py for tasks to queue
[2023-07-11 23:04:01,253] {logging_mixin.py:115} INFO - [2023-07-11 23:04:01,253] {dagbag.py:508} INFO - Filling up the DagBag from /home/airflow/.local/lib/python3.7/site-packages/airflow/example_dags/example_task_group.py
[2023-07-11 23:04:01,271] {processor.py:651} INFO - DAG(s) dict_keys(['example_task_group']) retrieved from /home/airflow/.local/lib/python3.7/site-packages/airflow/example_dags/example_task_group.py
[2023-07-11 23:04:01,416] {logging_mixin.py:115} INFO - [2023-07-11 23:04:01,415] {dag.py:2420} INFO - Sync 1 DAGs
[2023-07-11 23:04:01,573] {logging_mixin.py:115} INFO - [2023-07-11 23:04:01,572] {dag.py:2972} INFO - Setting next_dagrun for example_task_group to 2023-07-10T23:04:01.572074+00:00, run_after=2023-07-11T23:04:01.572074+00:00
[2023-07-11 23:04:01,636] {processor.py:161} INFO - Processing /home/airflow/.local/lib/python3.7/site-packages/airflow/example_dags/example_task_group.py took 0.396 seconds
[2023-07-11 23:04:32,537] {processor.py:153} INFO - Started process (PID=2564) to work on /home/airflow/.local/lib/python3.7/site-packages/airflow/example_dags/example_task_group.py
[2023-07-11 23:04:32,540] {processor.py:641} INFO - Processing file /home/airflow/.local/lib/python3.7/site-packages/airflow/example_dags/example_task_group.py for tasks to queue
[2023-07-11 23:04:32,542] {logging_mixin.py:115} INFO - [2023-07-11 23:04:32,541] {dagbag.py:508} INFO - Filling up the DagBag from /home/airflow/.local/lib/python3.7/site-packages/airflow/example_dags/example_task_group.py
[2023-07-11 23:04:32,566] {processor.py:651} INFO - DAG(s) dict_keys(['example_task_group']) retrieved from /home/airflow/.local/lib/python3.7/site-packages/airflow/example_dags/example_task_group.py
[2023-07-11 23:04:32,688] {logging_mixin.py:115} INFO - [2023-07-11 23:04:32,688] {dag.py:2420} INFO - Sync 1 DAGs
[2023-07-11 23:04:32,771] {logging_mixin.py:115} INFO - [2023-07-11 23:04:32,771] {dag.py:2972} INFO - Setting next_dagrun for example_task_group to 2023-07-10T23:04:32.770843+00:00, run_after=2023-07-11T23:04:32.770843+00:00
[2023-07-11 23:04:32,823] {processor.py:161} INFO - Processing /home/airflow/.local/lib/python3.7/site-packages/airflow/example_dags/example_task_group.py took 0.295 seconds
[2023-07-11 23:05:03,449] {processor.py:153} INFO - Started process (PID=2618) to work on /home/airflow/.local/lib/python3.7/site-packages/airflow/example_dags/example_task_group.py
[2023-07-11 23:05:03,454] {processor.py:641} INFO - Processing file /home/airflow/.local/lib/python3.7/site-packages/airflow/example_dags/example_task_group.py for tasks to queue
[2023-07-11 23:05:03,456] {logging_mixin.py:115} INFO - [2023-07-11 23:05:03,456] {dagbag.py:508} INFO - Filling up the DagBag from /home/airflow/.local/lib/python3.7/site-packages/airflow/example_dags/example_task_group.py
[2023-07-11 23:05:03,487] {processor.py:651} INFO - DAG(s) dict_keys(['example_task_group']) retrieved from /home/airflow/.local/lib/python3.7/site-packages/airflow/example_dags/example_task_group.py
[2023-07-11 23:05:03,559] {logging_mixin.py:115} INFO - [2023-07-11 23:05:03,559] {dag.py:2420} INFO - Sync 1 DAGs
[2023-07-11 23:05:03,609] {logging_mixin.py:115} INFO - [2023-07-11 23:05:03,609] {dag.py:2972} INFO - Setting next_dagrun for example_task_group to 2023-07-10T23:05:03.608688+00:00, run_after=2023-07-11T23:05:03.608688+00:00
[2023-07-11 23:05:03,630] {processor.py:161} INFO - Processing /home/airflow/.local/lib/python3.7/site-packages/airflow/example_dags/example_task_group.py took 0.193 seconds
[2023-07-11 23:05:34,159] {processor.py:153} INFO - Started process (PID=2670) to work on /home/airflow/.local/lib/python3.7/site-packages/airflow/example_dags/example_task_group.py
[2023-07-11 23:05:34,160] {processor.py:641} INFO - Processing file /home/airflow/.local/lib/python3.7/site-packages/airflow/example_dags/example_task_group.py for tasks to queue
[2023-07-11 23:05:34,161] {logging_mixin.py:115} INFO - [2023-07-11 23:05:34,160] {dagbag.py:508} INFO - Filling up the DagBag from /home/airflow/.local/lib/python3.7/site-packages/airflow/example_dags/example_task_group.py
[2023-07-11 23:05:34,170] {processor.py:651} INFO - DAG(s) dict_keys(['example_task_group']) retrieved from /home/airflow/.local/lib/python3.7/site-packages/airflow/example_dags/example_task_group.py
[2023-07-11 23:05:34,222] {logging_mixin.py:115} INFO - [2023-07-11 23:05:34,220] {dag.py:2420} INFO - Sync 1 DAGs
[2023-07-11 23:05:34,265] {logging_mixin.py:115} INFO - [2023-07-11 23:05:34,265] {dag.py:2972} INFO - Setting next_dagrun for example_task_group to 2023-07-10T23:05:34.265418+00:00, run_after=2023-07-11T23:05:34.265418+00:00
[2023-07-11 23:05:34,289] {processor.py:161} INFO - Processing /home/airflow/.local/lib/python3.7/site-packages/airflow/example_dags/example_task_group.py took 0.136 seconds
[2023-07-11 23:06:04,587] {processor.py:153} INFO - Started process (PID=2722) to work on /home/airflow/.local/lib/python3.7/site-packages/airflow/example_dags/example_task_group.py
[2023-07-11 23:06:04,588] {processor.py:641} INFO - Processing file /home/airflow/.local/lib/python3.7/site-packages/airflow/example_dags/example_task_group.py for tasks to queue
[2023-07-11 23:06:04,590] {logging_mixin.py:115} INFO - [2023-07-11 23:06:04,589] {dagbag.py:508} INFO - Filling up the DagBag from /home/airflow/.local/lib/python3.7/site-packages/airflow/example_dags/example_task_group.py
[2023-07-11 23:06:04,609] {processor.py:651} INFO - DAG(s) dict_keys(['example_task_group']) retrieved from /home/airflow/.local/lib/python3.7/site-packages/airflow/example_dags/example_task_group.py
[2023-07-11 23:06:04,664] {logging_mixin.py:115} INFO - [2023-07-11 23:06:04,664] {dag.py:2420} INFO - Sync 1 DAGs
[2023-07-11 23:06:04,714] {logging_mixin.py:115} INFO - [2023-07-11 23:06:04,714] {dag.py:2972} INFO - Setting next_dagrun for example_task_group to 2023-07-10T23:06:04.713598+00:00, run_after=2023-07-11T23:06:04.713598+00:00
[2023-07-11 23:06:04,745] {processor.py:161} INFO - Processing /home/airflow/.local/lib/python3.7/site-packages/airflow/example_dags/example_task_group.py took 0.168 seconds
[2023-07-11 23:06:34,908] {processor.py:153} INFO - Started process (PID=2773) to work on /home/airflow/.local/lib/python3.7/site-packages/airflow/example_dags/example_task_group.py
[2023-07-11 23:06:34,908] {processor.py:641} INFO - Processing file /home/airflow/.local/lib/python3.7/site-packages/airflow/example_dags/example_task_group.py for tasks to queue
[2023-07-11 23:06:34,909] {logging_mixin.py:115} INFO - [2023-07-11 23:06:34,909] {dagbag.py:508} INFO - Filling up the DagBag from /home/airflow/.local/lib/python3.7/site-packages/airflow/example_dags/example_task_group.py
[2023-07-11 23:06:34,917] {processor.py:651} INFO - DAG(s) dict_keys(['example_task_group']) retrieved from /home/airflow/.local/lib/python3.7/site-packages/airflow/example_dags/example_task_group.py
[2023-07-11 23:06:34,952] {logging_mixin.py:115} INFO - [2023-07-11 23:06:34,952] {dag.py:2420} INFO - Sync 1 DAGs
[2023-07-11 23:06:35,003] {logging_mixin.py:115} INFO - [2023-07-11 23:06:35,003] {dag.py:2972} INFO - Setting next_dagrun for example_task_group to 2023-07-10T23:06:35.002833+00:00, run_after=2023-07-11T23:06:35.002833+00:00
[2023-07-11 23:06:35,036] {processor.py:161} INFO - Processing /home/airflow/.local/lib/python3.7/site-packages/airflow/example_dags/example_task_group.py took 0.132 seconds
[2023-07-11 23:07:05,367] {processor.py:153} INFO - Started process (PID=2825) to work on /home/airflow/.local/lib/python3.7/site-packages/airflow/example_dags/example_task_group.py
[2023-07-11 23:07:05,369] {processor.py:641} INFO - Processing file /home/airflow/.local/lib/python3.7/site-packages/airflow/example_dags/example_task_group.py for tasks to queue
[2023-07-11 23:07:05,370] {logging_mixin.py:115} INFO - [2023-07-11 23:07:05,370] {dagbag.py:508} INFO - Filling up the DagBag from /home/airflow/.local/lib/python3.7/site-packages/airflow/example_dags/example_task_group.py
[2023-07-11 23:07:05,397] {processor.py:651} INFO - DAG(s) dict_keys(['example_task_group']) retrieved from /home/airflow/.local/lib/python3.7/site-packages/airflow/example_dags/example_task_group.py
[2023-07-11 23:07:05,527] {logging_mixin.py:115} INFO - [2023-07-11 23:07:05,527] {dag.py:2420} INFO - Sync 1 DAGs
[2023-07-11 23:07:05,597] {logging_mixin.py:115} INFO - [2023-07-11 23:07:05,597] {dag.py:2972} INFO - Setting next_dagrun for example_task_group to 2023-07-10T23:07:05.596814+00:00, run_after=2023-07-11T23:07:05.596814+00:00
[2023-07-11 23:07:05,635] {processor.py:161} INFO - Processing /home/airflow/.local/lib/python3.7/site-packages/airflow/example_dags/example_task_group.py took 0.278 seconds
[2023-07-11 23:07:35,928] {processor.py:153} INFO - Started process (PID=2876) to work on /home/airflow/.local/lib/python3.7/site-packages/airflow/example_dags/example_task_group.py
[2023-07-11 23:07:35,930] {processor.py:641} INFO - Processing file /home/airflow/.local/lib/python3.7/site-packages/airflow/example_dags/example_task_group.py for tasks to queue
[2023-07-11 23:07:35,931] {logging_mixin.py:115} INFO - [2023-07-11 23:07:35,931] {dagbag.py:508} INFO - Filling up the DagBag from /home/airflow/.local/lib/python3.7/site-packages/airflow/example_dags/example_task_group.py
[2023-07-11 23:07:35,964] {processor.py:651} INFO - DAG(s) dict_keys(['example_task_group']) retrieved from /home/airflow/.local/lib/python3.7/site-packages/airflow/example_dags/example_task_group.py
[2023-07-11 23:07:36,087] {logging_mixin.py:115} INFO - [2023-07-11 23:07:36,087] {dag.py:2420} INFO - Sync 1 DAGs
[2023-07-11 23:07:36,162] {logging_mixin.py:115} INFO - [2023-07-11 23:07:36,162] {dag.py:2972} INFO - Setting next_dagrun for example_task_group to 2023-07-10T23:07:36.161992+00:00, run_after=2023-07-11T23:07:36.161992+00:00
[2023-07-11 23:07:36,225] {processor.py:161} INFO - Processing /home/airflow/.local/lib/python3.7/site-packages/airflow/example_dags/example_task_group.py took 0.306 seconds
[2023-07-11 23:08:06,385] {processor.py:153} INFO - Started process (PID=2927) to work on /home/airflow/.local/lib/python3.7/site-packages/airflow/example_dags/example_task_group.py
[2023-07-11 23:08:06,386] {processor.py:641} INFO - Processing file /home/airflow/.local/lib/python3.7/site-packages/airflow/example_dags/example_task_group.py for tasks to queue
[2023-07-11 23:08:06,389] {logging_mixin.py:115} INFO - [2023-07-11 23:08:06,389] {dagbag.py:508} INFO - Filling up the DagBag from /home/airflow/.local/lib/python3.7/site-packages/airflow/example_dags/example_task_group.py
[2023-07-11 23:08:06,436] {processor.py:651} INFO - DAG(s) dict_keys(['example_task_group']) retrieved from /home/airflow/.local/lib/python3.7/site-packages/airflow/example_dags/example_task_group.py
[2023-07-11 23:08:06,647] {logging_mixin.py:115} INFO - [2023-07-11 23:08:06,647] {dag.py:2420} INFO - Sync 1 DAGs
[2023-07-11 23:08:06,801] {logging_mixin.py:115} INFO - [2023-07-11 23:08:06,800] {dag.py:2972} INFO - Setting next_dagrun for example_task_group to 2023-07-10T23:08:06.800190+00:00, run_after=2023-07-11T23:08:06.800190+00:00
[2023-07-11 23:08:06,910] {processor.py:161} INFO - Processing /home/airflow/.local/lib/python3.7/site-packages/airflow/example_dags/example_task_group.py took 0.548 seconds
[2023-07-11 23:08:37,827] {processor.py:153} INFO - Started process (PID=2988) to work on /home/airflow/.local/lib/python3.7/site-packages/airflow/example_dags/example_task_group.py
[2023-07-11 23:08:37,828] {processor.py:641} INFO - Processing file /home/airflow/.local/lib/python3.7/site-packages/airflow/example_dags/example_task_group.py for tasks to queue
[2023-07-11 23:08:37,829] {logging_mixin.py:115} INFO - [2023-07-11 23:08:37,829] {dagbag.py:508} INFO - Filling up the DagBag from /home/airflow/.local/lib/python3.7/site-packages/airflow/example_dags/example_task_group.py
[2023-07-11 23:08:37,840] {processor.py:651} INFO - DAG(s) dict_keys(['example_task_group']) retrieved from /home/airflow/.local/lib/python3.7/site-packages/airflow/example_dags/example_task_group.py
[2023-07-11 23:08:37,905] {logging_mixin.py:115} INFO - [2023-07-11 23:08:37,905] {dag.py:2420} INFO - Sync 1 DAGs
[2023-07-11 23:08:37,992] {logging_mixin.py:115} INFO - [2023-07-11 23:08:37,992] {dag.py:2972} INFO - Setting next_dagrun for example_task_group to 2023-07-10T23:08:37.991689+00:00, run_after=2023-07-11T23:08:37.991689+00:00
[2023-07-11 23:08:38,035] {processor.py:161} INFO - Processing /home/airflow/.local/lib/python3.7/site-packages/airflow/example_dags/example_task_group.py took 0.216 seconds
[2023-07-11 23:09:08,086] {processor.py:153} INFO - Started process (PID=3039) to work on /home/airflow/.local/lib/python3.7/site-packages/airflow/example_dags/example_task_group.py
[2023-07-11 23:09:08,086] {processor.py:641} INFO - Processing file /home/airflow/.local/lib/python3.7/site-packages/airflow/example_dags/example_task_group.py for tasks to queue
[2023-07-11 23:09:08,087] {logging_mixin.py:115} INFO - [2023-07-11 23:09:08,087] {dagbag.py:508} INFO - Filling up the DagBag from /home/airflow/.local/lib/python3.7/site-packages/airflow/example_dags/example_task_group.py
[2023-07-11 23:09:08,095] {processor.py:651} INFO - DAG(s) dict_keys(['example_task_group']) retrieved from /home/airflow/.local/lib/python3.7/site-packages/airflow/example_dags/example_task_group.py
[2023-07-11 23:09:08,123] {logging_mixin.py:115} INFO - [2023-07-11 23:09:08,123] {dag.py:2420} INFO - Sync 1 DAGs
[2023-07-11 23:09:08,154] {logging_mixin.py:115} INFO - [2023-07-11 23:09:08,153] {dag.py:2972} INFO - Setting next_dagrun for example_task_group to 2023-07-10T23:09:08.153614+00:00, run_after=2023-07-11T23:09:08.153614+00:00
[2023-07-11 23:09:08,169] {processor.py:161} INFO - Processing /home/airflow/.local/lib/python3.7/site-packages/airflow/example_dags/example_task_group.py took 0.086 seconds
[2023-07-11 23:09:38,364] {processor.py:153} INFO - Started process (PID=3091) to work on /home/airflow/.local/lib/python3.7/site-packages/airflow/example_dags/example_task_group.py
[2023-07-11 23:09:38,369] {processor.py:641} INFO - Processing file /home/airflow/.local/lib/python3.7/site-packages/airflow/example_dags/example_task_group.py for tasks to queue
[2023-07-11 23:09:38,371] {logging_mixin.py:115} INFO - [2023-07-11 23:09:38,371] {dagbag.py:508} INFO - Filling up the DagBag from /home/airflow/.local/lib/python3.7/site-packages/airflow/example_dags/example_task_group.py
[2023-07-11 23:09:38,424] {processor.py:651} INFO - DAG(s) dict_keys(['example_task_group']) retrieved from /home/airflow/.local/lib/python3.7/site-packages/airflow/example_dags/example_task_group.py
[2023-07-11 23:09:38,509] {logging_mixin.py:115} INFO - [2023-07-11 23:09:38,509] {dag.py:2420} INFO - Sync 1 DAGs
[2023-07-11 23:09:38,596] {logging_mixin.py:115} INFO - [2023-07-11 23:09:38,595] {dag.py:2972} INFO - Setting next_dagrun for example_task_group to 2023-07-10T23:09:38.595384+00:00, run_after=2023-07-11T23:09:38.595384+00:00
[2023-07-11 23:09:38,642] {processor.py:161} INFO - Processing /home/airflow/.local/lib/python3.7/site-packages/airflow/example_dags/example_task_group.py took 0.289 seconds
[2023-07-11 23:10:09,172] {processor.py:153} INFO - Started process (PID=3143) to work on /home/airflow/.local/lib/python3.7/site-packages/airflow/example_dags/example_task_group.py
[2023-07-11 23:10:09,173] {processor.py:641} INFO - Processing file /home/airflow/.local/lib/python3.7/site-packages/airflow/example_dags/example_task_group.py for tasks to queue
[2023-07-11 23:10:09,174] {logging_mixin.py:115} INFO - [2023-07-11 23:10:09,174] {dagbag.py:508} INFO - Filling up the DagBag from /home/airflow/.local/lib/python3.7/site-packages/airflow/example_dags/example_task_group.py
[2023-07-11 23:10:09,194] {processor.py:651} INFO - DAG(s) dict_keys(['example_task_group']) retrieved from /home/airflow/.local/lib/python3.7/site-packages/airflow/example_dags/example_task_group.py
[2023-07-11 23:10:09,274] {logging_mixin.py:115} INFO - [2023-07-11 23:10:09,274] {dag.py:2420} INFO - Sync 1 DAGs
[2023-07-11 23:10:09,362] {logging_mixin.py:115} INFO - [2023-07-11 23:10:09,361] {dag.py:2972} INFO - Setting next_dagrun for example_task_group to 2023-07-10T23:10:09.360827+00:00, run_after=2023-07-11T23:10:09.360827+00:00
[2023-07-11 23:10:09,395] {processor.py:161} INFO - Processing /home/airflow/.local/lib/python3.7/site-packages/airflow/example_dags/example_task_group.py took 0.231 seconds
[2023-07-11 23:10:40,172] {processor.py:153} INFO - Started process (PID=3203) to work on /home/airflow/.local/lib/python3.7/site-packages/airflow/example_dags/example_task_group.py
[2023-07-11 23:10:40,174] {processor.py:641} INFO - Processing file /home/airflow/.local/lib/python3.7/site-packages/airflow/example_dags/example_task_group.py for tasks to queue
[2023-07-11 23:10:40,175] {logging_mixin.py:115} INFO - [2023-07-11 23:10:40,175] {dagbag.py:508} INFO - Filling up the DagBag from /home/airflow/.local/lib/python3.7/site-packages/airflow/example_dags/example_task_group.py
[2023-07-11 23:10:40,263] {processor.py:651} INFO - DAG(s) dict_keys(['example_task_group']) retrieved from /home/airflow/.local/lib/python3.7/site-packages/airflow/example_dags/example_task_group.py
[2023-07-11 23:10:40,390] {logging_mixin.py:115} INFO - [2023-07-11 23:10:40,390] {dag.py:2420} INFO - Sync 1 DAGs
[2023-07-11 23:10:40,465] {logging_mixin.py:115} INFO - [2023-07-11 23:10:40,465] {dag.py:2972} INFO - Setting next_dagrun for example_task_group to 2023-07-10T23:10:40.464727+00:00, run_after=2023-07-11T23:10:40.464727+00:00
[2023-07-11 23:10:40,509] {processor.py:161} INFO - Processing /home/airflow/.local/lib/python3.7/site-packages/airflow/example_dags/example_task_group.py took 0.370 seconds
[2023-07-11 23:11:11,019] {processor.py:153} INFO - Started process (PID=3256) to work on /home/airflow/.local/lib/python3.7/site-packages/airflow/example_dags/example_task_group.py
[2023-07-11 23:11:11,036] {processor.py:641} INFO - Processing file /home/airflow/.local/lib/python3.7/site-packages/airflow/example_dags/example_task_group.py for tasks to queue
[2023-07-11 23:11:11,038] {logging_mixin.py:115} INFO - [2023-07-11 23:11:11,037] {dagbag.py:508} INFO - Filling up the DagBag from /home/airflow/.local/lib/python3.7/site-packages/airflow/example_dags/example_task_group.py
[2023-07-11 23:11:11,059] {processor.py:651} INFO - DAG(s) dict_keys(['example_task_group']) retrieved from /home/airflow/.local/lib/python3.7/site-packages/airflow/example_dags/example_task_group.py
[2023-07-11 23:11:11,246] {logging_mixin.py:115} INFO - [2023-07-11 23:11:11,246] {dag.py:2420} INFO - Sync 1 DAGs
[2023-07-11 23:11:11,413] {logging_mixin.py:115} INFO - [2023-07-11 23:11:11,413] {dag.py:2972} INFO - Setting next_dagrun for example_task_group to 2023-07-10T23:11:11.413142+00:00, run_after=2023-07-11T23:11:11.413142+00:00
[2023-07-11 23:11:11,466] {processor.py:161} INFO - Processing /home/airflow/.local/lib/python3.7/site-packages/airflow/example_dags/example_task_group.py took 0.472 seconds
[2023-07-11 23:11:42,300] {processor.py:153} INFO - Started process (PID=3308) to work on /home/airflow/.local/lib/python3.7/site-packages/airflow/example_dags/example_task_group.py
[2023-07-11 23:11:42,301] {processor.py:641} INFO - Processing file /home/airflow/.local/lib/python3.7/site-packages/airflow/example_dags/example_task_group.py for tasks to queue
[2023-07-11 23:11:42,302] {logging_mixin.py:115} INFO - [2023-07-11 23:11:42,302] {dagbag.py:508} INFO - Filling up the DagBag from /home/airflow/.local/lib/python3.7/site-packages/airflow/example_dags/example_task_group.py
[2023-07-11 23:11:42,313] {processor.py:651} INFO - DAG(s) dict_keys(['example_task_group']) retrieved from /home/airflow/.local/lib/python3.7/site-packages/airflow/example_dags/example_task_group.py
[2023-07-11 23:11:42,367] {logging_mixin.py:115} INFO - [2023-07-11 23:11:42,367] {dag.py:2420} INFO - Sync 1 DAGs
[2023-07-11 23:11:42,415] {logging_mixin.py:115} INFO - [2023-07-11 23:11:42,414] {dag.py:2972} INFO - Setting next_dagrun for example_task_group to 2023-07-10T23:11:42.414489+00:00, run_after=2023-07-11T23:11:42.414489+00:00
[2023-07-11 23:11:42,449] {processor.py:161} INFO - Processing /home/airflow/.local/lib/python3.7/site-packages/airflow/example_dags/example_task_group.py took 0.155 seconds
[2023-07-11 23:12:12,707] {processor.py:153} INFO - Started process (PID=3359) to work on /home/airflow/.local/lib/python3.7/site-packages/airflow/example_dags/example_task_group.py
[2023-07-11 23:12:12,708] {processor.py:641} INFO - Processing file /home/airflow/.local/lib/python3.7/site-packages/airflow/example_dags/example_task_group.py for tasks to queue
[2023-07-11 23:12:12,709] {logging_mixin.py:115} INFO - [2023-07-11 23:12:12,709] {dagbag.py:508} INFO - Filling up the DagBag from /home/airflow/.local/lib/python3.7/site-packages/airflow/example_dags/example_task_group.py
[2023-07-11 23:12:12,741] {processor.py:651} INFO - DAG(s) dict_keys(['example_task_group']) retrieved from /home/airflow/.local/lib/python3.7/site-packages/airflow/example_dags/example_task_group.py
[2023-07-11 23:12:12,843] {logging_mixin.py:115} INFO - [2023-07-11 23:12:12,843] {dag.py:2420} INFO - Sync 1 DAGs
[2023-07-11 23:12:12,945] {logging_mixin.py:115} INFO - [2023-07-11 23:12:12,945] {dag.py:2972} INFO - Setting next_dagrun for example_task_group to 2023-07-10T23:12:12.945060+00:00, run_after=2023-07-11T23:12:12.945060+00:00
[2023-07-11 23:12:13,007] {processor.py:161} INFO - Processing /home/airflow/.local/lib/python3.7/site-packages/airflow/example_dags/example_task_group.py took 0.306 seconds
[2023-07-11 23:12:43,487] {processor.py:153} INFO - Started process (PID=3411) to work on /home/airflow/.local/lib/python3.7/site-packages/airflow/example_dags/example_task_group.py
[2023-07-11 23:12:43,498] {processor.py:641} INFO - Processing file /home/airflow/.local/lib/python3.7/site-packages/airflow/example_dags/example_task_group.py for tasks to queue
[2023-07-11 23:12:43,499] {logging_mixin.py:115} INFO - [2023-07-11 23:12:43,499] {dagbag.py:508} INFO - Filling up the DagBag from /home/airflow/.local/lib/python3.7/site-packages/airflow/example_dags/example_task_group.py
[2023-07-11 23:12:43,545] {processor.py:651} INFO - DAG(s) dict_keys(['example_task_group']) retrieved from /home/airflow/.local/lib/python3.7/site-packages/airflow/example_dags/example_task_group.py
[2023-07-11 23:12:43,751] {logging_mixin.py:115} INFO - [2023-07-11 23:12:43,751] {dag.py:2420} INFO - Sync 1 DAGs
[2023-07-11 23:12:43,820] {logging_mixin.py:115} INFO - [2023-07-11 23:12:43,820] {dag.py:2972} INFO - Setting next_dagrun for example_task_group to 2023-07-10T23:12:43.820004+00:00, run_after=2023-07-11T23:12:43.820004+00:00
[2023-07-11 23:12:43,852] {processor.py:161} INFO - Processing /home/airflow/.local/lib/python3.7/site-packages/airflow/example_dags/example_task_group.py took 0.381 seconds
[2023-07-11 23:13:14,187] {processor.py:153} INFO - Started process (PID=3472) to work on /home/airflow/.local/lib/python3.7/site-packages/airflow/example_dags/example_task_group.py
[2023-07-11 23:13:14,188] {processor.py:641} INFO - Processing file /home/airflow/.local/lib/python3.7/site-packages/airflow/example_dags/example_task_group.py for tasks to queue
[2023-07-11 23:13:14,188] {logging_mixin.py:115} INFO - [2023-07-11 23:13:14,188] {dagbag.py:508} INFO - Filling up the DagBag from /home/airflow/.local/lib/python3.7/site-packages/airflow/example_dags/example_task_group.py
[2023-07-11 23:13:14,204] {processor.py:651} INFO - DAG(s) dict_keys(['example_task_group']) retrieved from /home/airflow/.local/lib/python3.7/site-packages/airflow/example_dags/example_task_group.py
[2023-07-11 23:13:14,292] {logging_mixin.py:115} INFO - [2023-07-11 23:13:14,292] {dag.py:2420} INFO - Sync 1 DAGs
[2023-07-11 23:13:14,367] {logging_mixin.py:115} INFO - [2023-07-11 23:13:14,366] {dag.py:2972} INFO - Setting next_dagrun for example_task_group to 2023-07-10T23:13:14.366377+00:00, run_after=2023-07-11T23:13:14.366377+00:00
[2023-07-11 23:13:14,422] {processor.py:161} INFO - Processing /home/airflow/.local/lib/python3.7/site-packages/airflow/example_dags/example_task_group.py took 0.245 seconds
[2023-07-11 23:13:44,684] {processor.py:153} INFO - Started process (PID=3524) to work on /home/airflow/.local/lib/python3.7/site-packages/airflow/example_dags/example_task_group.py
[2023-07-11 23:13:44,685] {processor.py:641} INFO - Processing file /home/airflow/.local/lib/python3.7/site-packages/airflow/example_dags/example_task_group.py for tasks to queue
[2023-07-11 23:13:44,685] {logging_mixin.py:115} INFO - [2023-07-11 23:13:44,685] {dagbag.py:508} INFO - Filling up the DagBag from /home/airflow/.local/lib/python3.7/site-packages/airflow/example_dags/example_task_group.py
[2023-07-11 23:13:44,694] {processor.py:651} INFO - DAG(s) dict_keys(['example_task_group']) retrieved from /home/airflow/.local/lib/python3.7/site-packages/airflow/example_dags/example_task_group.py
[2023-07-11 23:13:44,730] {logging_mixin.py:115} INFO - [2023-07-11 23:13:44,729] {dag.py:2420} INFO - Sync 1 DAGs
[2023-07-11 23:13:44,768] {logging_mixin.py:115} INFO - [2023-07-11 23:13:44,768] {dag.py:2972} INFO - Setting next_dagrun for example_task_group to 2023-07-10T23:13:44.767615+00:00, run_after=2023-07-11T23:13:44.767615+00:00
[2023-07-11 23:13:44,789] {processor.py:161} INFO - Processing /home/airflow/.local/lib/python3.7/site-packages/airflow/example_dags/example_task_group.py took 0.109 seconds
[2023-07-11 23:14:15,078] {processor.py:153} INFO - Started process (PID=3576) to work on /home/airflow/.local/lib/python3.7/site-packages/airflow/example_dags/example_task_group.py
[2023-07-11 23:14:15,079] {processor.py:641} INFO - Processing file /home/airflow/.local/lib/python3.7/site-packages/airflow/example_dags/example_task_group.py for tasks to queue
[2023-07-11 23:14:15,081] {logging_mixin.py:115} INFO - [2023-07-11 23:14:15,081] {dagbag.py:508} INFO - Filling up the DagBag from /home/airflow/.local/lib/python3.7/site-packages/airflow/example_dags/example_task_group.py
[2023-07-11 23:14:15,092] {processor.py:651} INFO - DAG(s) dict_keys(['example_task_group']) retrieved from /home/airflow/.local/lib/python3.7/site-packages/airflow/example_dags/example_task_group.py
[2023-07-11 23:14:15,139] {logging_mixin.py:115} INFO - [2023-07-11 23:14:15,139] {dag.py:2420} INFO - Sync 1 DAGs
[2023-07-11 23:14:15,175] {logging_mixin.py:115} INFO - [2023-07-11 23:14:15,174] {dag.py:2972} INFO - Setting next_dagrun for example_task_group to 2023-07-10T23:14:15.174695+00:00, run_after=2023-07-11T23:14:15.174695+00:00
[2023-07-11 23:14:15,193] {processor.py:161} INFO - Processing /home/airflow/.local/lib/python3.7/site-packages/airflow/example_dags/example_task_group.py took 0.121 seconds
