[2023-07-11 00:42:53,643] {processor.py:153} INFO - Started process (PID=45) to work on /home/airflow/.local/lib/python3.7/site-packages/airflow/example_dags/example_bash_operator.py
[2023-07-11 00:42:53,644] {processor.py:641} INFO - Processing file /home/airflow/.local/lib/python3.7/site-packages/airflow/example_dags/example_bash_operator.py for tasks to queue
[2023-07-11 00:42:53,645] {logging_mixin.py:115} INFO - [2023-07-11 00:42:53,645] {dagbag.py:508} INFO - Filling up the DagBag from /home/airflow/.local/lib/python3.7/site-packages/airflow/example_dags/example_bash_operator.py
[2023-07-11 00:42:53,703] {processor.py:651} INFO - DAG(s) dict_keys(['example_bash_operator']) retrieved from /home/airflow/.local/lib/python3.7/site-packages/airflow/example_dags/example_bash_operator.py
[2023-07-11 00:42:53,965] {logging_mixin.py:115} INFO - [2023-07-11 00:42:53,965] {manager.py:508} INFO - Created Permission View: can delete on DAG:example_bash_operator
[2023-07-11 00:42:54,002] {logging_mixin.py:115} INFO - [2023-07-11 00:42:54,002] {manager.py:508} INFO - Created Permission View: can read on DAG:example_bash_operator
[2023-07-11 00:42:54,027] {logging_mixin.py:115} INFO - [2023-07-11 00:42:54,027] {manager.py:508} INFO - Created Permission View: can edit on DAG:example_bash_operator
[2023-07-11 00:42:54,027] {logging_mixin.py:115} INFO - [2023-07-11 00:42:54,027] {dag.py:2420} INFO - Sync 1 DAGs
[2023-07-11 00:42:54,064] {logging_mixin.py:115} INFO - [2023-07-11 00:42:54,064] {dag.py:2439} INFO - Creating ORM DAG for example_bash_operator
[2023-07-11 00:42:54,127] {logging_mixin.py:115} INFO - [2023-07-11 00:42:54,126] {dag.py:2972} INFO - Setting next_dagrun for example_bash_operator to 2023-07-10T00:00:00+00:00, run_after=2023-07-11T00:00:00+00:00
[2023-07-11 00:42:54,206] {processor.py:161} INFO - Processing /home/airflow/.local/lib/python3.7/site-packages/airflow/example_dags/example_bash_operator.py took 0.567 seconds
[2023-07-11 00:43:24,441] {processor.py:153} INFO - Started process (PID=104) to work on /home/airflow/.local/lib/python3.7/site-packages/airflow/example_dags/example_bash_operator.py
[2023-07-11 00:43:24,443] {processor.py:641} INFO - Processing file /home/airflow/.local/lib/python3.7/site-packages/airflow/example_dags/example_bash_operator.py for tasks to queue
[2023-07-11 00:43:24,452] {logging_mixin.py:115} INFO - [2023-07-11 00:43:24,445] {dagbag.py:508} INFO - Filling up the DagBag from /home/airflow/.local/lib/python3.7/site-packages/airflow/example_dags/example_bash_operator.py
[2023-07-11 00:43:24,496] {processor.py:651} INFO - DAG(s) dict_keys(['example_bash_operator']) retrieved from /home/airflow/.local/lib/python3.7/site-packages/airflow/example_dags/example_bash_operator.py
[2023-07-11 00:43:24,563] {logging_mixin.py:115} INFO - [2023-07-11 00:43:24,563] {dag.py:2420} INFO - Sync 1 DAGs
[2023-07-11 00:43:24,637] {logging_mixin.py:115} INFO - [2023-07-11 00:43:24,632] {dag.py:2972} INFO - Setting next_dagrun for example_bash_operator to 2023-07-10T00:00:00+00:00, run_after=2023-07-11T00:00:00+00:00
[2023-07-11 00:43:24,660] {processor.py:161} INFO - Processing /home/airflow/.local/lib/python3.7/site-packages/airflow/example_dags/example_bash_operator.py took 0.224 seconds
[2023-07-11 00:43:54,957] {processor.py:153} INFO - Started process (PID=157) to work on /home/airflow/.local/lib/python3.7/site-packages/airflow/example_dags/example_bash_operator.py
[2023-07-11 00:43:54,957] {processor.py:641} INFO - Processing file /home/airflow/.local/lib/python3.7/site-packages/airflow/example_dags/example_bash_operator.py for tasks to queue
[2023-07-11 00:43:54,958] {logging_mixin.py:115} INFO - [2023-07-11 00:43:54,958] {dagbag.py:508} INFO - Filling up the DagBag from /home/airflow/.local/lib/python3.7/site-packages/airflow/example_dags/example_bash_operator.py
[2023-07-11 00:43:54,972] {processor.py:651} INFO - DAG(s) dict_keys(['example_bash_operator']) retrieved from /home/airflow/.local/lib/python3.7/site-packages/airflow/example_dags/example_bash_operator.py
[2023-07-11 00:43:55,007] {logging_mixin.py:115} INFO - [2023-07-11 00:43:55,006] {dag.py:2420} INFO - Sync 1 DAGs
[2023-07-11 00:43:55,045] {logging_mixin.py:115} INFO - [2023-07-11 00:43:55,045] {dag.py:2972} INFO - Setting next_dagrun for example_bash_operator to 2023-07-10T00:00:00+00:00, run_after=2023-07-11T00:00:00+00:00
[2023-07-11 00:43:55,062] {processor.py:161} INFO - Processing /home/airflow/.local/lib/python3.7/site-packages/airflow/example_dags/example_bash_operator.py took 0.108 seconds
[2023-07-11 00:44:25,631] {processor.py:153} INFO - Started process (PID=208) to work on /home/airflow/.local/lib/python3.7/site-packages/airflow/example_dags/example_bash_operator.py
[2023-07-11 00:44:25,632] {processor.py:641} INFO - Processing file /home/airflow/.local/lib/python3.7/site-packages/airflow/example_dags/example_bash_operator.py for tasks to queue
[2023-07-11 00:44:25,632] {logging_mixin.py:115} INFO - [2023-07-11 00:44:25,632] {dagbag.py:508} INFO - Filling up the DagBag from /home/airflow/.local/lib/python3.7/site-packages/airflow/example_dags/example_bash_operator.py
[2023-07-11 00:44:25,651] {processor.py:651} INFO - DAG(s) dict_keys(['example_bash_operator']) retrieved from /home/airflow/.local/lib/python3.7/site-packages/airflow/example_dags/example_bash_operator.py
[2023-07-11 00:44:25,698] {logging_mixin.py:115} INFO - [2023-07-11 00:44:25,697] {dag.py:2420} INFO - Sync 1 DAGs
[2023-07-11 00:44:25,736] {logging_mixin.py:115} INFO - [2023-07-11 00:44:25,736] {dag.py:2972} INFO - Setting next_dagrun for example_bash_operator to 2023-07-10T00:00:00+00:00, run_after=2023-07-11T00:00:00+00:00
[2023-07-11 00:44:25,751] {processor.py:161} INFO - Processing /home/airflow/.local/lib/python3.7/site-packages/airflow/example_dags/example_bash_operator.py took 0.124 seconds
[2023-07-11 00:44:56,518] {processor.py:153} INFO - Started process (PID=269) to work on /home/airflow/.local/lib/python3.7/site-packages/airflow/example_dags/example_bash_operator.py
[2023-07-11 00:44:56,519] {processor.py:641} INFO - Processing file /home/airflow/.local/lib/python3.7/site-packages/airflow/example_dags/example_bash_operator.py for tasks to queue
[2023-07-11 00:44:56,519] {logging_mixin.py:115} INFO - [2023-07-11 00:44:56,519] {dagbag.py:508} INFO - Filling up the DagBag from /home/airflow/.local/lib/python3.7/site-packages/airflow/example_dags/example_bash_operator.py
[2023-07-11 00:44:56,540] {processor.py:651} INFO - DAG(s) dict_keys(['example_bash_operator']) retrieved from /home/airflow/.local/lib/python3.7/site-packages/airflow/example_dags/example_bash_operator.py
[2023-07-11 00:44:56,579] {logging_mixin.py:115} INFO - [2023-07-11 00:44:56,579] {dag.py:2420} INFO - Sync 1 DAGs
[2023-07-11 00:44:56,622] {logging_mixin.py:115} INFO - [2023-07-11 00:44:56,622] {dag.py:2972} INFO - Setting next_dagrun for example_bash_operator to 2023-07-10T00:00:00+00:00, run_after=2023-07-11T00:00:00+00:00
[2023-07-11 00:44:56,644] {processor.py:161} INFO - Processing /home/airflow/.local/lib/python3.7/site-packages/airflow/example_dags/example_bash_operator.py took 0.132 seconds
[2023-07-11 00:45:27,142] {processor.py:153} INFO - Started process (PID=328) to work on /home/airflow/.local/lib/python3.7/site-packages/airflow/example_dags/example_bash_operator.py
[2023-07-11 00:45:27,143] {processor.py:641} INFO - Processing file /home/airflow/.local/lib/python3.7/site-packages/airflow/example_dags/example_bash_operator.py for tasks to queue
[2023-07-11 00:45:27,143] {logging_mixin.py:115} INFO - [2023-07-11 00:45:27,143] {dagbag.py:508} INFO - Filling up the DagBag from /home/airflow/.local/lib/python3.7/site-packages/airflow/example_dags/example_bash_operator.py
[2023-07-11 00:45:27,161] {processor.py:651} INFO - DAG(s) dict_keys(['example_bash_operator']) retrieved from /home/airflow/.local/lib/python3.7/site-packages/airflow/example_dags/example_bash_operator.py
[2023-07-11 00:45:27,201] {logging_mixin.py:115} INFO - [2023-07-11 00:45:27,201] {dag.py:2420} INFO - Sync 1 DAGs
[2023-07-11 00:45:27,257] {logging_mixin.py:115} INFO - [2023-07-11 00:45:27,257] {dag.py:2972} INFO - Setting next_dagrun for example_bash_operator to 2023-07-10T00:00:00+00:00, run_after=2023-07-11T00:00:00+00:00
[2023-07-11 00:45:27,282] {processor.py:161} INFO - Processing /home/airflow/.local/lib/python3.7/site-packages/airflow/example_dags/example_bash_operator.py took 0.145 seconds
[2023-07-11 00:45:57,796] {processor.py:153} INFO - Started process (PID=382) to work on /home/airflow/.local/lib/python3.7/site-packages/airflow/example_dags/example_bash_operator.py
[2023-07-11 00:45:57,797] {processor.py:641} INFO - Processing file /home/airflow/.local/lib/python3.7/site-packages/airflow/example_dags/example_bash_operator.py for tasks to queue
[2023-07-11 00:45:57,798] {logging_mixin.py:115} INFO - [2023-07-11 00:45:57,798] {dagbag.py:508} INFO - Filling up the DagBag from /home/airflow/.local/lib/python3.7/site-packages/airflow/example_dags/example_bash_operator.py
[2023-07-11 00:45:57,819] {processor.py:651} INFO - DAG(s) dict_keys(['example_bash_operator']) retrieved from /home/airflow/.local/lib/python3.7/site-packages/airflow/example_dags/example_bash_operator.py
[2023-07-11 00:45:57,867] {logging_mixin.py:115} INFO - [2023-07-11 00:45:57,866] {dag.py:2420} INFO - Sync 1 DAGs
[2023-07-11 00:45:57,913] {logging_mixin.py:115} INFO - [2023-07-11 00:45:57,913] {dag.py:2972} INFO - Setting next_dagrun for example_bash_operator to 2023-07-10T00:00:00+00:00, run_after=2023-07-11T00:00:00+00:00
[2023-07-11 00:45:57,931] {processor.py:161} INFO - Processing /home/airflow/.local/lib/python3.7/site-packages/airflow/example_dags/example_bash_operator.py took 0.140 seconds
[2023-07-11 00:46:28,194] {processor.py:153} INFO - Started process (PID=445) to work on /home/airflow/.local/lib/python3.7/site-packages/airflow/example_dags/example_bash_operator.py
[2023-07-11 00:46:28,200] {processor.py:641} INFO - Processing file /home/airflow/.local/lib/python3.7/site-packages/airflow/example_dags/example_bash_operator.py for tasks to queue
[2023-07-11 00:46:28,201] {logging_mixin.py:115} INFO - [2023-07-11 00:46:28,201] {dagbag.py:508} INFO - Filling up the DagBag from /home/airflow/.local/lib/python3.7/site-packages/airflow/example_dags/example_bash_operator.py
[2023-07-11 00:46:28,263] {processor.py:651} INFO - DAG(s) dict_keys(['example_bash_operator']) retrieved from /home/airflow/.local/lib/python3.7/site-packages/airflow/example_dags/example_bash_operator.py
[2023-07-11 00:46:28,315] {logging_mixin.py:115} INFO - [2023-07-11 00:46:28,315] {dag.py:2420} INFO - Sync 1 DAGs
[2023-07-11 00:46:28,356] {logging_mixin.py:115} INFO - [2023-07-11 00:46:28,355] {dag.py:2972} INFO - Setting next_dagrun for example_bash_operator to 2023-07-10T00:00:00+00:00, run_after=2023-07-11T00:00:00+00:00
[2023-07-11 00:46:28,375] {processor.py:161} INFO - Processing /home/airflow/.local/lib/python3.7/site-packages/airflow/example_dags/example_bash_operator.py took 0.198 seconds
[2023-07-11 00:46:58,419] {processor.py:153} INFO - Started process (PID=497) to work on /home/airflow/.local/lib/python3.7/site-packages/airflow/example_dags/example_bash_operator.py
[2023-07-11 00:46:58,420] {processor.py:641} INFO - Processing file /home/airflow/.local/lib/python3.7/site-packages/airflow/example_dags/example_bash_operator.py for tasks to queue
[2023-07-11 00:46:58,421] {logging_mixin.py:115} INFO - [2023-07-11 00:46:58,421] {dagbag.py:508} INFO - Filling up the DagBag from /home/airflow/.local/lib/python3.7/site-packages/airflow/example_dags/example_bash_operator.py
[2023-07-11 00:46:58,442] {processor.py:651} INFO - DAG(s) dict_keys(['example_bash_operator']) retrieved from /home/airflow/.local/lib/python3.7/site-packages/airflow/example_dags/example_bash_operator.py
[2023-07-11 00:46:58,489] {logging_mixin.py:115} INFO - [2023-07-11 00:46:58,489] {dag.py:2420} INFO - Sync 1 DAGs
[2023-07-11 00:46:58,537] {logging_mixin.py:115} INFO - [2023-07-11 00:46:58,537] {dag.py:2972} INFO - Setting next_dagrun for example_bash_operator to 2023-07-10T00:00:00+00:00, run_after=2023-07-11T00:00:00+00:00
[2023-07-11 00:46:58,569] {processor.py:161} INFO - Processing /home/airflow/.local/lib/python3.7/site-packages/airflow/example_dags/example_bash_operator.py took 0.155 seconds
[2023-07-11 00:47:29,390] {processor.py:153} INFO - Started process (PID=558) to work on /home/airflow/.local/lib/python3.7/site-packages/airflow/example_dags/example_bash_operator.py
[2023-07-11 00:47:29,391] {processor.py:641} INFO - Processing file /home/airflow/.local/lib/python3.7/site-packages/airflow/example_dags/example_bash_operator.py for tasks to queue
[2023-07-11 00:47:29,392] {logging_mixin.py:115} INFO - [2023-07-11 00:47:29,392] {dagbag.py:508} INFO - Filling up the DagBag from /home/airflow/.local/lib/python3.7/site-packages/airflow/example_dags/example_bash_operator.py
[2023-07-11 00:47:29,410] {processor.py:651} INFO - DAG(s) dict_keys(['example_bash_operator']) retrieved from /home/airflow/.local/lib/python3.7/site-packages/airflow/example_dags/example_bash_operator.py
[2023-07-11 00:47:29,448] {logging_mixin.py:115} INFO - [2023-07-11 00:47:29,447] {dag.py:2420} INFO - Sync 1 DAGs
[2023-07-11 00:47:29,490] {logging_mixin.py:115} INFO - [2023-07-11 00:47:29,490] {dag.py:2972} INFO - Setting next_dagrun for example_bash_operator to 2023-07-10T00:00:00+00:00, run_after=2023-07-11T00:00:00+00:00
[2023-07-11 00:47:29,509] {processor.py:161} INFO - Processing /home/airflow/.local/lib/python3.7/site-packages/airflow/example_dags/example_bash_operator.py took 0.123 seconds
[2023-07-11 00:48:00,434] {processor.py:153} INFO - Started process (PID=611) to work on /home/airflow/.local/lib/python3.7/site-packages/airflow/example_dags/example_bash_operator.py
[2023-07-11 00:48:00,435] {processor.py:641} INFO - Processing file /home/airflow/.local/lib/python3.7/site-packages/airflow/example_dags/example_bash_operator.py for tasks to queue
[2023-07-11 00:48:00,436] {logging_mixin.py:115} INFO - [2023-07-11 00:48:00,436] {dagbag.py:508} INFO - Filling up the DagBag from /home/airflow/.local/lib/python3.7/site-packages/airflow/example_dags/example_bash_operator.py
[2023-07-11 00:48:00,471] {processor.py:651} INFO - DAG(s) dict_keys(['example_bash_operator']) retrieved from /home/airflow/.local/lib/python3.7/site-packages/airflow/example_dags/example_bash_operator.py
[2023-07-11 00:48:00,515] {logging_mixin.py:115} INFO - [2023-07-11 00:48:00,515] {dag.py:2420} INFO - Sync 1 DAGs
[2023-07-11 00:48:00,566] {logging_mixin.py:115} INFO - [2023-07-11 00:48:00,566] {dag.py:2972} INFO - Setting next_dagrun for example_bash_operator to 2023-07-10T00:00:00+00:00, run_after=2023-07-11T00:00:00+00:00
[2023-07-11 00:48:00,613] {processor.py:161} INFO - Processing /home/airflow/.local/lib/python3.7/site-packages/airflow/example_dags/example_bash_operator.py took 0.184 seconds
[2023-07-11 00:48:31,076] {processor.py:153} INFO - Started process (PID=672) to work on /home/airflow/.local/lib/python3.7/site-packages/airflow/example_dags/example_bash_operator.py
[2023-07-11 00:48:31,077] {processor.py:641} INFO - Processing file /home/airflow/.local/lib/python3.7/site-packages/airflow/example_dags/example_bash_operator.py for tasks to queue
[2023-07-11 00:48:31,077] {logging_mixin.py:115} INFO - [2023-07-11 00:48:31,077] {dagbag.py:508} INFO - Filling up the DagBag from /home/airflow/.local/lib/python3.7/site-packages/airflow/example_dags/example_bash_operator.py
[2023-07-11 00:48:31,095] {processor.py:651} INFO - DAG(s) dict_keys(['example_bash_operator']) retrieved from /home/airflow/.local/lib/python3.7/site-packages/airflow/example_dags/example_bash_operator.py
[2023-07-11 00:48:31,126] {logging_mixin.py:115} INFO - [2023-07-11 00:48:31,126] {dag.py:2420} INFO - Sync 1 DAGs
[2023-07-11 00:48:31,154] {logging_mixin.py:115} INFO - [2023-07-11 00:48:31,154] {dag.py:2972} INFO - Setting next_dagrun for example_bash_operator to 2023-07-10T00:00:00+00:00, run_after=2023-07-11T00:00:00+00:00
[2023-07-11 00:48:31,181] {processor.py:161} INFO - Processing /home/airflow/.local/lib/python3.7/site-packages/airflow/example_dags/example_bash_operator.py took 0.108 seconds
[2023-07-11 00:49:01,599] {processor.py:153} INFO - Started process (PID=724) to work on /home/airflow/.local/lib/python3.7/site-packages/airflow/example_dags/example_bash_operator.py
[2023-07-11 00:49:01,599] {processor.py:641} INFO - Processing file /home/airflow/.local/lib/python3.7/site-packages/airflow/example_dags/example_bash_operator.py for tasks to queue
[2023-07-11 00:49:01,600] {logging_mixin.py:115} INFO - [2023-07-11 00:49:01,600] {dagbag.py:508} INFO - Filling up the DagBag from /home/airflow/.local/lib/python3.7/site-packages/airflow/example_dags/example_bash_operator.py
[2023-07-11 00:49:01,622] {processor.py:651} INFO - DAG(s) dict_keys(['example_bash_operator']) retrieved from /home/airflow/.local/lib/python3.7/site-packages/airflow/example_dags/example_bash_operator.py
[2023-07-11 00:49:01,665] {logging_mixin.py:115} INFO - [2023-07-11 00:49:01,665] {dag.py:2420} INFO - Sync 1 DAGs
[2023-07-11 00:49:01,711] {logging_mixin.py:115} INFO - [2023-07-11 00:49:01,711] {dag.py:2972} INFO - Setting next_dagrun for example_bash_operator to 2023-07-10T00:00:00+00:00, run_after=2023-07-11T00:00:00+00:00
[2023-07-11 00:49:01,732] {processor.py:161} INFO - Processing /home/airflow/.local/lib/python3.7/site-packages/airflow/example_dags/example_bash_operator.py took 0.138 seconds
[2023-07-11 00:49:32,037] {processor.py:153} INFO - Started process (PID=785) to work on /home/airflow/.local/lib/python3.7/site-packages/airflow/example_dags/example_bash_operator.py
[2023-07-11 00:49:32,037] {processor.py:641} INFO - Processing file /home/airflow/.local/lib/python3.7/site-packages/airflow/example_dags/example_bash_operator.py for tasks to queue
[2023-07-11 00:49:32,038] {logging_mixin.py:115} INFO - [2023-07-11 00:49:32,038] {dagbag.py:508} INFO - Filling up the DagBag from /home/airflow/.local/lib/python3.7/site-packages/airflow/example_dags/example_bash_operator.py
[2023-07-11 00:49:32,051] {processor.py:651} INFO - DAG(s) dict_keys(['example_bash_operator']) retrieved from /home/airflow/.local/lib/python3.7/site-packages/airflow/example_dags/example_bash_operator.py
[2023-07-11 00:49:32,081] {logging_mixin.py:115} INFO - [2023-07-11 00:49:32,081] {dag.py:2420} INFO - Sync 1 DAGs
[2023-07-11 00:49:32,117] {logging_mixin.py:115} INFO - [2023-07-11 00:49:32,117] {dag.py:2972} INFO - Setting next_dagrun for example_bash_operator to 2023-07-10T00:00:00+00:00, run_after=2023-07-11T00:00:00+00:00
[2023-07-11 00:49:32,131] {processor.py:161} INFO - Processing /home/airflow/.local/lib/python3.7/site-packages/airflow/example_dags/example_bash_operator.py took 0.097 seconds
[2023-07-11 00:50:02,428] {processor.py:153} INFO - Started process (PID=836) to work on /home/airflow/.local/lib/python3.7/site-packages/airflow/example_dags/example_bash_operator.py
[2023-07-11 00:50:02,429] {processor.py:641} INFO - Processing file /home/airflow/.local/lib/python3.7/site-packages/airflow/example_dags/example_bash_operator.py for tasks to queue
[2023-07-11 00:50:02,430] {logging_mixin.py:115} INFO - [2023-07-11 00:50:02,430] {dagbag.py:508} INFO - Filling up the DagBag from /home/airflow/.local/lib/python3.7/site-packages/airflow/example_dags/example_bash_operator.py
[2023-07-11 00:50:02,446] {processor.py:651} INFO - DAG(s) dict_keys(['example_bash_operator']) retrieved from /home/airflow/.local/lib/python3.7/site-packages/airflow/example_dags/example_bash_operator.py
[2023-07-11 00:50:02,474] {logging_mixin.py:115} INFO - [2023-07-11 00:50:02,474] {dag.py:2420} INFO - Sync 1 DAGs
[2023-07-11 00:50:02,501] {logging_mixin.py:115} INFO - [2023-07-11 00:50:02,501] {dag.py:2972} INFO - Setting next_dagrun for example_bash_operator to 2023-07-10T00:00:00+00:00, run_after=2023-07-11T00:00:00+00:00
[2023-07-11 00:50:02,516] {processor.py:161} INFO - Processing /home/airflow/.local/lib/python3.7/site-packages/airflow/example_dags/example_bash_operator.py took 0.092 seconds
[2023-07-11 00:50:33,055] {processor.py:153} INFO - Started process (PID=895) to work on /home/airflow/.local/lib/python3.7/site-packages/airflow/example_dags/example_bash_operator.py
[2023-07-11 00:50:33,056] {processor.py:641} INFO - Processing file /home/airflow/.local/lib/python3.7/site-packages/airflow/example_dags/example_bash_operator.py for tasks to queue
[2023-07-11 00:50:33,057] {logging_mixin.py:115} INFO - [2023-07-11 00:50:33,057] {dagbag.py:508} INFO - Filling up the DagBag from /home/airflow/.local/lib/python3.7/site-packages/airflow/example_dags/example_bash_operator.py
[2023-07-11 00:50:33,072] {processor.py:651} INFO - DAG(s) dict_keys(['example_bash_operator']) retrieved from /home/airflow/.local/lib/python3.7/site-packages/airflow/example_dags/example_bash_operator.py
[2023-07-11 00:50:33,111] {logging_mixin.py:115} INFO - [2023-07-11 00:50:33,111] {dag.py:2420} INFO - Sync 1 DAGs
[2023-07-11 00:50:33,149] {logging_mixin.py:115} INFO - [2023-07-11 00:50:33,149] {dag.py:2972} INFO - Setting next_dagrun for example_bash_operator to 2023-07-10T00:00:00+00:00, run_after=2023-07-11T00:00:00+00:00
[2023-07-11 00:50:33,167] {processor.py:161} INFO - Processing /home/airflow/.local/lib/python3.7/site-packages/airflow/example_dags/example_bash_operator.py took 0.118 seconds
[2023-07-11 00:51:03,810] {processor.py:153} INFO - Started process (PID=946) to work on /home/airflow/.local/lib/python3.7/site-packages/airflow/example_dags/example_bash_operator.py
[2023-07-11 00:51:03,811] {processor.py:641} INFO - Processing file /home/airflow/.local/lib/python3.7/site-packages/airflow/example_dags/example_bash_operator.py for tasks to queue
[2023-07-11 00:51:03,811] {logging_mixin.py:115} INFO - [2023-07-11 00:51:03,811] {dagbag.py:508} INFO - Filling up the DagBag from /home/airflow/.local/lib/python3.7/site-packages/airflow/example_dags/example_bash_operator.py
[2023-07-11 00:51:03,825] {processor.py:651} INFO - DAG(s) dict_keys(['example_bash_operator']) retrieved from /home/airflow/.local/lib/python3.7/site-packages/airflow/example_dags/example_bash_operator.py
[2023-07-11 00:51:03,853] {logging_mixin.py:115} INFO - [2023-07-11 00:51:03,853] {dag.py:2420} INFO - Sync 1 DAGs
[2023-07-11 00:51:03,881] {logging_mixin.py:115} INFO - [2023-07-11 00:51:03,881] {dag.py:2972} INFO - Setting next_dagrun for example_bash_operator to 2023-07-10T00:00:00+00:00, run_after=2023-07-11T00:00:00+00:00
[2023-07-11 00:51:03,896] {processor.py:161} INFO - Processing /home/airflow/.local/lib/python3.7/site-packages/airflow/example_dags/example_bash_operator.py took 0.090 seconds
[2023-07-11 00:51:34,029] {processor.py:153} INFO - Started process (PID=1007) to work on /home/airflow/.local/lib/python3.7/site-packages/airflow/example_dags/example_bash_operator.py
[2023-07-11 00:51:34,030] {processor.py:641} INFO - Processing file /home/airflow/.local/lib/python3.7/site-packages/airflow/example_dags/example_bash_operator.py for tasks to queue
[2023-07-11 00:51:34,030] {logging_mixin.py:115} INFO - [2023-07-11 00:51:34,030] {dagbag.py:508} INFO - Filling up the DagBag from /home/airflow/.local/lib/python3.7/site-packages/airflow/example_dags/example_bash_operator.py
[2023-07-11 00:51:34,049] {processor.py:651} INFO - DAG(s) dict_keys(['example_bash_operator']) retrieved from /home/airflow/.local/lib/python3.7/site-packages/airflow/example_dags/example_bash_operator.py
[2023-07-11 00:51:34,093] {logging_mixin.py:115} INFO - [2023-07-11 00:51:34,093] {dag.py:2420} INFO - Sync 1 DAGs
[2023-07-11 00:51:34,149] {logging_mixin.py:115} INFO - [2023-07-11 00:51:34,149] {dag.py:2972} INFO - Setting next_dagrun for example_bash_operator to 2023-07-10T00:00:00+00:00, run_after=2023-07-11T00:00:00+00:00
[2023-07-11 00:51:34,179] {processor.py:161} INFO - Processing /home/airflow/.local/lib/python3.7/site-packages/airflow/example_dags/example_bash_operator.py took 0.154 seconds
[2023-07-11 22:50:08,094] {processor.py:153} INFO - Started process (PID=1056) to work on /home/airflow/.local/lib/python3.7/site-packages/airflow/example_dags/example_bash_operator.py
[2023-07-11 22:50:08,103] {processor.py:641} INFO - Processing file /home/airflow/.local/lib/python3.7/site-packages/airflow/example_dags/example_bash_operator.py for tasks to queue
[2023-07-11 22:50:08,103] {logging_mixin.py:115} INFO - [2023-07-11 22:50:08,103] {dagbag.py:508} INFO - Filling up the DagBag from /home/airflow/.local/lib/python3.7/site-packages/airflow/example_dags/example_bash_operator.py
[2023-07-11 22:50:08,157] {processor.py:651} INFO - DAG(s) dict_keys(['example_bash_operator']) retrieved from /home/airflow/.local/lib/python3.7/site-packages/airflow/example_dags/example_bash_operator.py
[2023-07-11 22:50:08,405] {logging_mixin.py:115} INFO - [2023-07-11 22:50:08,405] {dag.py:2420} INFO - Sync 1 DAGs
[2023-07-11 22:50:08,551] {logging_mixin.py:115} INFO - [2023-07-11 22:50:08,551] {dag.py:2972} INFO - Setting next_dagrun for example_bash_operator to 2023-07-10T00:00:00+00:00, run_after=2023-07-11T00:00:00+00:00
[2023-07-11 22:50:08,607] {processor.py:161} INFO - Processing /home/airflow/.local/lib/python3.7/site-packages/airflow/example_dags/example_bash_operator.py took 0.523 seconds
[2023-07-11 22:50:38,702] {processor.py:153} INFO - Started process (PID=1101) to work on /home/airflow/.local/lib/python3.7/site-packages/airflow/example_dags/example_bash_operator.py
[2023-07-11 22:50:38,702] {processor.py:641} INFO - Processing file /home/airflow/.local/lib/python3.7/site-packages/airflow/example_dags/example_bash_operator.py for tasks to queue
[2023-07-11 22:50:38,703] {logging_mixin.py:115} INFO - [2023-07-11 22:50:38,703] {dagbag.py:508} INFO - Filling up the DagBag from /home/airflow/.local/lib/python3.7/site-packages/airflow/example_dags/example_bash_operator.py
[2023-07-11 22:50:38,728] {processor.py:651} INFO - DAG(s) dict_keys(['example_bash_operator']) retrieved from /home/airflow/.local/lib/python3.7/site-packages/airflow/example_dags/example_bash_operator.py
[2023-07-11 22:50:38,798] {logging_mixin.py:115} INFO - [2023-07-11 22:50:38,797] {dag.py:2420} INFO - Sync 1 DAGs
[2023-07-11 22:50:38,860] {logging_mixin.py:115} INFO - [2023-07-11 22:50:38,859] {dag.py:2972} INFO - Setting next_dagrun for example_bash_operator to 2023-07-10T00:00:00+00:00, run_after=2023-07-11T00:00:00+00:00
[2023-07-11 22:50:38,889] {processor.py:161} INFO - Processing /home/airflow/.local/lib/python3.7/site-packages/airflow/example_dags/example_bash_operator.py took 0.193 seconds
[2023-07-11 22:51:09,101] {processor.py:153} INFO - Started process (PID=1162) to work on /home/airflow/.local/lib/python3.7/site-packages/airflow/example_dags/example_bash_operator.py
[2023-07-11 22:51:09,104] {processor.py:641} INFO - Processing file /home/airflow/.local/lib/python3.7/site-packages/airflow/example_dags/example_bash_operator.py for tasks to queue
[2023-07-11 22:51:09,105] {logging_mixin.py:115} INFO - [2023-07-11 22:51:09,105] {dagbag.py:508} INFO - Filling up the DagBag from /home/airflow/.local/lib/python3.7/site-packages/airflow/example_dags/example_bash_operator.py
[2023-07-11 22:51:09,126] {processor.py:651} INFO - DAG(s) dict_keys(['example_bash_operator']) retrieved from /home/airflow/.local/lib/python3.7/site-packages/airflow/example_dags/example_bash_operator.py
[2023-07-11 22:51:09,168] {logging_mixin.py:115} INFO - [2023-07-11 22:51:09,168] {dag.py:2420} INFO - Sync 1 DAGs
[2023-07-11 22:51:09,211] {logging_mixin.py:115} INFO - [2023-07-11 22:51:09,211] {dag.py:2972} INFO - Setting next_dagrun for example_bash_operator to 2023-07-10T00:00:00+00:00, run_after=2023-07-11T00:00:00+00:00
[2023-07-11 22:51:09,230] {processor.py:161} INFO - Processing /home/airflow/.local/lib/python3.7/site-packages/airflow/example_dags/example_bash_operator.py took 0.135 seconds
[2023-07-11 22:51:39,573] {processor.py:153} INFO - Started process (PID=1214) to work on /home/airflow/.local/lib/python3.7/site-packages/airflow/example_dags/example_bash_operator.py
[2023-07-11 22:51:39,574] {processor.py:641} INFO - Processing file /home/airflow/.local/lib/python3.7/site-packages/airflow/example_dags/example_bash_operator.py for tasks to queue
[2023-07-11 22:51:39,574] {logging_mixin.py:115} INFO - [2023-07-11 22:51:39,574] {dagbag.py:508} INFO - Filling up the DagBag from /home/airflow/.local/lib/python3.7/site-packages/airflow/example_dags/example_bash_operator.py
[2023-07-11 22:51:39,588] {processor.py:651} INFO - DAG(s) dict_keys(['example_bash_operator']) retrieved from /home/airflow/.local/lib/python3.7/site-packages/airflow/example_dags/example_bash_operator.py
[2023-07-11 22:51:39,623] {logging_mixin.py:115} INFO - [2023-07-11 22:51:39,623] {dag.py:2420} INFO - Sync 1 DAGs
[2023-07-11 22:51:39,659] {logging_mixin.py:115} INFO - [2023-07-11 22:51:39,659] {dag.py:2972} INFO - Setting next_dagrun for example_bash_operator to 2023-07-10T00:00:00+00:00, run_after=2023-07-11T00:00:00+00:00
[2023-07-11 22:51:39,680] {processor.py:161} INFO - Processing /home/airflow/.local/lib/python3.7/site-packages/airflow/example_dags/example_bash_operator.py took 0.111 seconds
[2023-07-11 22:52:10,494] {processor.py:153} INFO - Started process (PID=1271) to work on /home/airflow/.local/lib/python3.7/site-packages/airflow/example_dags/example_bash_operator.py
[2023-07-11 22:52:10,497] {processor.py:641} INFO - Processing file /home/airflow/.local/lib/python3.7/site-packages/airflow/example_dags/example_bash_operator.py for tasks to queue
[2023-07-11 22:52:10,498] {logging_mixin.py:115} INFO - [2023-07-11 22:52:10,498] {dagbag.py:508} INFO - Filling up the DagBag from /home/airflow/.local/lib/python3.7/site-packages/airflow/example_dags/example_bash_operator.py
[2023-07-11 22:52:10,521] {processor.py:651} INFO - DAG(s) dict_keys(['example_bash_operator']) retrieved from /home/airflow/.local/lib/python3.7/site-packages/airflow/example_dags/example_bash_operator.py
[2023-07-11 22:52:10,588] {logging_mixin.py:115} INFO - [2023-07-11 22:52:10,588] {dag.py:2420} INFO - Sync 1 DAGs
[2023-07-11 22:52:10,630] {logging_mixin.py:115} INFO - [2023-07-11 22:52:10,629] {dag.py:2972} INFO - Setting next_dagrun for example_bash_operator to 2023-07-10T00:00:00+00:00, run_after=2023-07-11T00:00:00+00:00
[2023-07-11 22:52:10,650] {processor.py:161} INFO - Processing /home/airflow/.local/lib/python3.7/site-packages/airflow/example_dags/example_bash_operator.py took 0.161 seconds
[2023-07-11 22:52:41,318] {processor.py:153} INFO - Started process (PID=1324) to work on /home/airflow/.local/lib/python3.7/site-packages/airflow/example_dags/example_bash_operator.py
[2023-07-11 22:52:41,319] {processor.py:641} INFO - Processing file /home/airflow/.local/lib/python3.7/site-packages/airflow/example_dags/example_bash_operator.py for tasks to queue
[2023-07-11 22:52:41,320] {logging_mixin.py:115} INFO - [2023-07-11 22:52:41,320] {dagbag.py:508} INFO - Filling up the DagBag from /home/airflow/.local/lib/python3.7/site-packages/airflow/example_dags/example_bash_operator.py
[2023-07-11 22:52:41,335] {processor.py:651} INFO - DAG(s) dict_keys(['example_bash_operator']) retrieved from /home/airflow/.local/lib/python3.7/site-packages/airflow/example_dags/example_bash_operator.py
[2023-07-11 22:52:41,365] {logging_mixin.py:115} INFO - [2023-07-11 22:52:41,365] {dag.py:2420} INFO - Sync 1 DAGs
[2023-07-11 22:52:41,396] {logging_mixin.py:115} INFO - [2023-07-11 22:52:41,396] {dag.py:2972} INFO - Setting next_dagrun for example_bash_operator to 2023-07-10T00:00:00+00:00, run_after=2023-07-11T00:00:00+00:00
[2023-07-11 22:52:41,409] {processor.py:161} INFO - Processing /home/airflow/.local/lib/python3.7/site-packages/airflow/example_dags/example_bash_operator.py took 0.095 seconds
[2023-07-11 22:53:12,496] {processor.py:153} INFO - Started process (PID=1375) to work on /home/airflow/.local/lib/python3.7/site-packages/airflow/example_dags/example_bash_operator.py
[2023-07-11 22:53:12,497] {processor.py:641} INFO - Processing file /home/airflow/.local/lib/python3.7/site-packages/airflow/example_dags/example_bash_operator.py for tasks to queue
[2023-07-11 22:53:12,498] {logging_mixin.py:115} INFO - [2023-07-11 22:53:12,498] {dagbag.py:508} INFO - Filling up the DagBag from /home/airflow/.local/lib/python3.7/site-packages/airflow/example_dags/example_bash_operator.py
[2023-07-11 22:53:12,515] {processor.py:651} INFO - DAG(s) dict_keys(['example_bash_operator']) retrieved from /home/airflow/.local/lib/python3.7/site-packages/airflow/example_dags/example_bash_operator.py
[2023-07-11 22:53:12,551] {logging_mixin.py:115} INFO - [2023-07-11 22:53:12,550] {dag.py:2420} INFO - Sync 1 DAGs
[2023-07-11 22:53:12,577] {logging_mixin.py:115} INFO - [2023-07-11 22:53:12,577] {dag.py:2972} INFO - Setting next_dagrun for example_bash_operator to 2023-07-10T00:00:00+00:00, run_after=2023-07-11T00:00:00+00:00
[2023-07-11 22:53:12,590] {processor.py:161} INFO - Processing /home/airflow/.local/lib/python3.7/site-packages/airflow/example_dags/example_bash_operator.py took 0.098 seconds
[2023-07-11 22:53:43,353] {processor.py:153} INFO - Started process (PID=1427) to work on /home/airflow/.local/lib/python3.7/site-packages/airflow/example_dags/example_bash_operator.py
[2023-07-11 22:53:43,355] {processor.py:641} INFO - Processing file /home/airflow/.local/lib/python3.7/site-packages/airflow/example_dags/example_bash_operator.py for tasks to queue
[2023-07-11 22:53:43,359] {logging_mixin.py:115} INFO - [2023-07-11 22:53:43,359] {dagbag.py:508} INFO - Filling up the DagBag from /home/airflow/.local/lib/python3.7/site-packages/airflow/example_dags/example_bash_operator.py
[2023-07-11 22:53:43,404] {processor.py:651} INFO - DAG(s) dict_keys(['example_bash_operator']) retrieved from /home/airflow/.local/lib/python3.7/site-packages/airflow/example_dags/example_bash_operator.py
[2023-07-11 22:53:43,474] {logging_mixin.py:115} INFO - [2023-07-11 22:53:43,474] {dag.py:2420} INFO - Sync 1 DAGs
[2023-07-11 22:53:43,544] {logging_mixin.py:115} INFO - [2023-07-11 22:53:43,544] {dag.py:2972} INFO - Setting next_dagrun for example_bash_operator to 2023-07-10T00:00:00+00:00, run_after=2023-07-11T00:00:00+00:00
[2023-07-11 22:53:43,584] {processor.py:161} INFO - Processing /home/airflow/.local/lib/python3.7/site-packages/airflow/example_dags/example_bash_operator.py took 0.239 seconds
[2023-07-11 22:54:14,054] {processor.py:153} INFO - Started process (PID=1484) to work on /home/airflow/.local/lib/python3.7/site-packages/airflow/example_dags/example_bash_operator.py
[2023-07-11 22:54:14,054] {processor.py:641} INFO - Processing file /home/airflow/.local/lib/python3.7/site-packages/airflow/example_dags/example_bash_operator.py for tasks to queue
[2023-07-11 22:54:14,057] {logging_mixin.py:115} INFO - [2023-07-11 22:54:14,056] {dagbag.py:508} INFO - Filling up the DagBag from /home/airflow/.local/lib/python3.7/site-packages/airflow/example_dags/example_bash_operator.py
[2023-07-11 22:54:14,099] {processor.py:651} INFO - DAG(s) dict_keys(['example_bash_operator']) retrieved from /home/airflow/.local/lib/python3.7/site-packages/airflow/example_dags/example_bash_operator.py
[2023-07-11 22:54:14,161] {logging_mixin.py:115} INFO - [2023-07-11 22:54:14,161] {dag.py:2420} INFO - Sync 1 DAGs
[2023-07-11 22:54:14,251] {logging_mixin.py:115} INFO - [2023-07-11 22:54:14,251] {dag.py:2972} INFO - Setting next_dagrun for example_bash_operator to 2023-07-10T00:00:00+00:00, run_after=2023-07-11T00:00:00+00:00
[2023-07-11 22:54:14,284] {processor.py:161} INFO - Processing /home/airflow/.local/lib/python3.7/site-packages/airflow/example_dags/example_bash_operator.py took 0.236 seconds
[2023-07-11 22:54:44,717] {processor.py:153} INFO - Started process (PID=1538) to work on /home/airflow/.local/lib/python3.7/site-packages/airflow/example_dags/example_bash_operator.py
[2023-07-11 22:54:44,718] {processor.py:641} INFO - Processing file /home/airflow/.local/lib/python3.7/site-packages/airflow/example_dags/example_bash_operator.py for tasks to queue
[2023-07-11 22:54:44,719] {logging_mixin.py:115} INFO - [2023-07-11 22:54:44,719] {dagbag.py:508} INFO - Filling up the DagBag from /home/airflow/.local/lib/python3.7/site-packages/airflow/example_dags/example_bash_operator.py
[2023-07-11 22:54:44,755] {processor.py:651} INFO - DAG(s) dict_keys(['example_bash_operator']) retrieved from /home/airflow/.local/lib/python3.7/site-packages/airflow/example_dags/example_bash_operator.py
[2023-07-11 22:54:44,865] {logging_mixin.py:115} INFO - [2023-07-11 22:54:44,865] {dag.py:2420} INFO - Sync 1 DAGs
[2023-07-11 22:54:44,985] {logging_mixin.py:115} INFO - [2023-07-11 22:54:44,984] {dag.py:2972} INFO - Setting next_dagrun for example_bash_operator to 2023-07-10T00:00:00+00:00, run_after=2023-07-11T00:00:00+00:00
[2023-07-11 22:54:45,108] {processor.py:161} INFO - Processing /home/airflow/.local/lib/python3.7/site-packages/airflow/example_dags/example_bash_operator.py took 0.400 seconds
[2023-07-11 22:55:15,210] {processor.py:153} INFO - Started process (PID=1589) to work on /home/airflow/.local/lib/python3.7/site-packages/airflow/example_dags/example_bash_operator.py
[2023-07-11 22:55:15,212] {processor.py:641} INFO - Processing file /home/airflow/.local/lib/python3.7/site-packages/airflow/example_dags/example_bash_operator.py for tasks to queue
[2023-07-11 22:55:15,213] {logging_mixin.py:115} INFO - [2023-07-11 22:55:15,213] {dagbag.py:508} INFO - Filling up the DagBag from /home/airflow/.local/lib/python3.7/site-packages/airflow/example_dags/example_bash_operator.py
[2023-07-11 22:55:15,253] {processor.py:651} INFO - DAG(s) dict_keys(['example_bash_operator']) retrieved from /home/airflow/.local/lib/python3.7/site-packages/airflow/example_dags/example_bash_operator.py
[2023-07-11 22:55:15,321] {logging_mixin.py:115} INFO - [2023-07-11 22:55:15,320] {dag.py:2420} INFO - Sync 1 DAGs
[2023-07-11 22:55:15,390] {logging_mixin.py:115} INFO - [2023-07-11 22:55:15,389] {dag.py:2972} INFO - Setting next_dagrun for example_bash_operator to 2023-07-10T00:00:00+00:00, run_after=2023-07-11T00:00:00+00:00
[2023-07-11 22:55:15,418] {processor.py:161} INFO - Processing /home/airflow/.local/lib/python3.7/site-packages/airflow/example_dags/example_bash_operator.py took 0.214 seconds
[2023-07-11 22:55:45,602] {processor.py:153} INFO - Started process (PID=1642) to work on /home/airflow/.local/lib/python3.7/site-packages/airflow/example_dags/example_bash_operator.py
[2023-07-11 22:55:45,603] {processor.py:641} INFO - Processing file /home/airflow/.local/lib/python3.7/site-packages/airflow/example_dags/example_bash_operator.py for tasks to queue
[2023-07-11 22:55:45,605] {logging_mixin.py:115} INFO - [2023-07-11 22:55:45,604] {dagbag.py:508} INFO - Filling up the DagBag from /home/airflow/.local/lib/python3.7/site-packages/airflow/example_dags/example_bash_operator.py
[2023-07-11 22:55:45,634] {processor.py:651} INFO - DAG(s) dict_keys(['example_bash_operator']) retrieved from /home/airflow/.local/lib/python3.7/site-packages/airflow/example_dags/example_bash_operator.py
[2023-07-11 22:55:45,697] {logging_mixin.py:115} INFO - [2023-07-11 22:55:45,697] {dag.py:2420} INFO - Sync 1 DAGs
[2023-07-11 22:55:45,747] {logging_mixin.py:115} INFO - [2023-07-11 22:55:45,747] {dag.py:2972} INFO - Setting next_dagrun for example_bash_operator to 2023-07-10T00:00:00+00:00, run_after=2023-07-11T00:00:00+00:00
[2023-07-11 22:55:45,773] {processor.py:161} INFO - Processing /home/airflow/.local/lib/python3.7/site-packages/airflow/example_dags/example_bash_operator.py took 0.177 seconds
[2023-07-11 22:56:16,273] {processor.py:153} INFO - Started process (PID=1694) to work on /home/airflow/.local/lib/python3.7/site-packages/airflow/example_dags/example_bash_operator.py
[2023-07-11 22:56:16,274] {processor.py:641} INFO - Processing file /home/airflow/.local/lib/python3.7/site-packages/airflow/example_dags/example_bash_operator.py for tasks to queue
[2023-07-11 22:56:16,274] {logging_mixin.py:115} INFO - [2023-07-11 22:56:16,274] {dagbag.py:508} INFO - Filling up the DagBag from /home/airflow/.local/lib/python3.7/site-packages/airflow/example_dags/example_bash_operator.py
[2023-07-11 22:56:16,291] {processor.py:651} INFO - DAG(s) dict_keys(['example_bash_operator']) retrieved from /home/airflow/.local/lib/python3.7/site-packages/airflow/example_dags/example_bash_operator.py
[2023-07-11 22:56:16,348] {logging_mixin.py:115} INFO - [2023-07-11 22:56:16,347] {dag.py:2420} INFO - Sync 1 DAGs
[2023-07-11 22:56:16,401] {logging_mixin.py:115} INFO - [2023-07-11 22:56:16,401] {dag.py:2972} INFO - Setting next_dagrun for example_bash_operator to 2023-07-10T00:00:00+00:00, run_after=2023-07-11T00:00:00+00:00
[2023-07-11 22:56:16,426] {processor.py:161} INFO - Processing /home/airflow/.local/lib/python3.7/site-packages/airflow/example_dags/example_bash_operator.py took 0.159 seconds
[2023-07-11 22:56:47,006] {processor.py:153} INFO - Started process (PID=1746) to work on /home/airflow/.local/lib/python3.7/site-packages/airflow/example_dags/example_bash_operator.py
[2023-07-11 22:56:47,007] {processor.py:641} INFO - Processing file /home/airflow/.local/lib/python3.7/site-packages/airflow/example_dags/example_bash_operator.py for tasks to queue
[2023-07-11 22:56:47,008] {logging_mixin.py:115} INFO - [2023-07-11 22:56:47,008] {dagbag.py:508} INFO - Filling up the DagBag from /home/airflow/.local/lib/python3.7/site-packages/airflow/example_dags/example_bash_operator.py
[2023-07-11 22:56:47,041] {processor.py:651} INFO - DAG(s) dict_keys(['example_bash_operator']) retrieved from /home/airflow/.local/lib/python3.7/site-packages/airflow/example_dags/example_bash_operator.py
[2023-07-11 22:56:47,105] {logging_mixin.py:115} INFO - [2023-07-11 22:56:47,105] {dag.py:2420} INFO - Sync 1 DAGs
[2023-07-11 22:56:47,164] {logging_mixin.py:115} INFO - [2023-07-11 22:56:47,164] {dag.py:2972} INFO - Setting next_dagrun for example_bash_operator to 2023-07-10T00:00:00+00:00, run_after=2023-07-11T00:00:00+00:00
[2023-07-11 22:56:47,198] {processor.py:161} INFO - Processing /home/airflow/.local/lib/python3.7/site-packages/airflow/example_dags/example_bash_operator.py took 0.199 seconds
[2023-07-11 22:57:17,561] {processor.py:153} INFO - Started process (PID=1797) to work on /home/airflow/.local/lib/python3.7/site-packages/airflow/example_dags/example_bash_operator.py
[2023-07-11 22:57:17,562] {processor.py:641} INFO - Processing file /home/airflow/.local/lib/python3.7/site-packages/airflow/example_dags/example_bash_operator.py for tasks to queue
[2023-07-11 22:57:17,563] {logging_mixin.py:115} INFO - [2023-07-11 22:57:17,563] {dagbag.py:508} INFO - Filling up the DagBag from /home/airflow/.local/lib/python3.7/site-packages/airflow/example_dags/example_bash_operator.py
[2023-07-11 22:57:17,589] {processor.py:651} INFO - DAG(s) dict_keys(['example_bash_operator']) retrieved from /home/airflow/.local/lib/python3.7/site-packages/airflow/example_dags/example_bash_operator.py
[2023-07-11 22:57:17,651] {logging_mixin.py:115} INFO - [2023-07-11 22:57:17,651] {dag.py:2420} INFO - Sync 1 DAGs
[2023-07-11 22:57:17,711] {logging_mixin.py:115} INFO - [2023-07-11 22:57:17,711] {dag.py:2972} INFO - Setting next_dagrun for example_bash_operator to 2023-07-10T00:00:00+00:00, run_after=2023-07-11T00:00:00+00:00
[2023-07-11 22:57:17,755] {processor.py:161} INFO - Processing /home/airflow/.local/lib/python3.7/site-packages/airflow/example_dags/example_bash_operator.py took 0.200 seconds
[2023-07-11 22:57:48,697] {processor.py:153} INFO - Started process (PID=1858) to work on /home/airflow/.local/lib/python3.7/site-packages/airflow/example_dags/example_bash_operator.py
[2023-07-11 22:57:48,699] {processor.py:641} INFO - Processing file /home/airflow/.local/lib/python3.7/site-packages/airflow/example_dags/example_bash_operator.py for tasks to queue
[2023-07-11 22:57:48,700] {logging_mixin.py:115} INFO - [2023-07-11 22:57:48,700] {dagbag.py:508} INFO - Filling up the DagBag from /home/airflow/.local/lib/python3.7/site-packages/airflow/example_dags/example_bash_operator.py
[2023-07-11 22:57:48,718] {processor.py:651} INFO - DAG(s) dict_keys(['example_bash_operator']) retrieved from /home/airflow/.local/lib/python3.7/site-packages/airflow/example_dags/example_bash_operator.py
[2023-07-11 22:57:48,790] {logging_mixin.py:115} INFO - [2023-07-11 22:57:48,790] {dag.py:2420} INFO - Sync 1 DAGs
[2023-07-11 22:57:48,875] {logging_mixin.py:115} INFO - [2023-07-11 22:57:48,875] {dag.py:2972} INFO - Setting next_dagrun for example_bash_operator to 2023-07-10T00:00:00+00:00, run_after=2023-07-11T00:00:00+00:00
[2023-07-11 22:57:48,895] {processor.py:161} INFO - Processing /home/airflow/.local/lib/python3.7/site-packages/airflow/example_dags/example_bash_operator.py took 0.207 seconds
[2023-07-11 22:58:19,157] {processor.py:153} INFO - Started process (PID=1910) to work on /home/airflow/.local/lib/python3.7/site-packages/airflow/example_dags/example_bash_operator.py
[2023-07-11 22:58:19,158] {processor.py:641} INFO - Processing file /home/airflow/.local/lib/python3.7/site-packages/airflow/example_dags/example_bash_operator.py for tasks to queue
[2023-07-11 22:58:19,158] {logging_mixin.py:115} INFO - [2023-07-11 22:58:19,158] {dagbag.py:508} INFO - Filling up the DagBag from /home/airflow/.local/lib/python3.7/site-packages/airflow/example_dags/example_bash_operator.py
[2023-07-11 22:58:19,183] {processor.py:651} INFO - DAG(s) dict_keys(['example_bash_operator']) retrieved from /home/airflow/.local/lib/python3.7/site-packages/airflow/example_dags/example_bash_operator.py
[2023-07-11 22:58:19,235] {logging_mixin.py:115} INFO - [2023-07-11 22:58:19,235] {dag.py:2420} INFO - Sync 1 DAGs
[2023-07-11 22:58:19,285] {logging_mixin.py:115} INFO - [2023-07-11 22:58:19,285] {dag.py:2972} INFO - Setting next_dagrun for example_bash_operator to 2023-07-10T00:00:00+00:00, run_after=2023-07-11T00:00:00+00:00
[2023-07-11 22:58:19,316] {processor.py:161} INFO - Processing /home/airflow/.local/lib/python3.7/site-packages/airflow/example_dags/example_bash_operator.py took 0.163 seconds
[2023-07-11 22:58:49,669] {processor.py:153} INFO - Started process (PID=1962) to work on /home/airflow/.local/lib/python3.7/site-packages/airflow/example_dags/example_bash_operator.py
[2023-07-11 22:58:49,671] {processor.py:641} INFO - Processing file /home/airflow/.local/lib/python3.7/site-packages/airflow/example_dags/example_bash_operator.py for tasks to queue
[2023-07-11 22:58:49,672] {logging_mixin.py:115} INFO - [2023-07-11 22:58:49,672] {dagbag.py:508} INFO - Filling up the DagBag from /home/airflow/.local/lib/python3.7/site-packages/airflow/example_dags/example_bash_operator.py
[2023-07-11 22:58:49,730] {processor.py:651} INFO - DAG(s) dict_keys(['example_bash_operator']) retrieved from /home/airflow/.local/lib/python3.7/site-packages/airflow/example_dags/example_bash_operator.py
[2023-07-11 22:58:49,793] {logging_mixin.py:115} INFO - [2023-07-11 22:58:49,793] {dag.py:2420} INFO - Sync 1 DAGs
[2023-07-11 22:58:49,861] {logging_mixin.py:115} INFO - [2023-07-11 22:58:49,861] {dag.py:2972} INFO - Setting next_dagrun for example_bash_operator to 2023-07-10T00:00:00+00:00, run_after=2023-07-11T00:00:00+00:00
[2023-07-11 22:58:49,898] {processor.py:161} INFO - Processing /home/airflow/.local/lib/python3.7/site-packages/airflow/example_dags/example_bash_operator.py took 0.238 seconds
[2023-07-11 22:59:20,169] {processor.py:153} INFO - Started process (PID=2013) to work on /home/airflow/.local/lib/python3.7/site-packages/airflow/example_dags/example_bash_operator.py
[2023-07-11 22:59:20,180] {processor.py:641} INFO - Processing file /home/airflow/.local/lib/python3.7/site-packages/airflow/example_dags/example_bash_operator.py for tasks to queue
[2023-07-11 22:59:20,186] {logging_mixin.py:115} INFO - [2023-07-11 22:59:20,185] {dagbag.py:508} INFO - Filling up the DagBag from /home/airflow/.local/lib/python3.7/site-packages/airflow/example_dags/example_bash_operator.py
[2023-07-11 22:59:20,221] {processor.py:651} INFO - DAG(s) dict_keys(['example_bash_operator']) retrieved from /home/airflow/.local/lib/python3.7/site-packages/airflow/example_dags/example_bash_operator.py
[2023-07-11 22:59:20,268] {logging_mixin.py:115} INFO - [2023-07-11 22:59:20,268] {dag.py:2420} INFO - Sync 1 DAGs
[2023-07-11 22:59:20,324] {logging_mixin.py:115} INFO - [2023-07-11 22:59:20,324] {dag.py:2972} INFO - Setting next_dagrun for example_bash_operator to 2023-07-10T00:00:00+00:00, run_after=2023-07-11T00:00:00+00:00
[2023-07-11 22:59:20,347] {processor.py:161} INFO - Processing /home/airflow/.local/lib/python3.7/site-packages/airflow/example_dags/example_bash_operator.py took 0.186 seconds
[2023-07-11 22:59:51,543] {processor.py:153} INFO - Started process (PID=2074) to work on /home/airflow/.local/lib/python3.7/site-packages/airflow/example_dags/example_bash_operator.py
[2023-07-11 22:59:51,545] {processor.py:641} INFO - Processing file /home/airflow/.local/lib/python3.7/site-packages/airflow/example_dags/example_bash_operator.py for tasks to queue
[2023-07-11 22:59:51,560] {logging_mixin.py:115} INFO - [2023-07-11 22:59:51,560] {dagbag.py:508} INFO - Filling up the DagBag from /home/airflow/.local/lib/python3.7/site-packages/airflow/example_dags/example_bash_operator.py
[2023-07-11 22:59:51,646] {processor.py:651} INFO - DAG(s) dict_keys(['example_bash_operator']) retrieved from /home/airflow/.local/lib/python3.7/site-packages/airflow/example_dags/example_bash_operator.py
[2023-07-11 22:59:51,738] {logging_mixin.py:115} INFO - [2023-07-11 22:59:51,737] {dag.py:2420} INFO - Sync 1 DAGs
[2023-07-11 22:59:51,820] {logging_mixin.py:115} INFO - [2023-07-11 22:59:51,820] {dag.py:2972} INFO - Setting next_dagrun for example_bash_operator to 2023-07-10T00:00:00+00:00, run_after=2023-07-11T00:00:00+00:00
[2023-07-11 22:59:51,878] {processor.py:161} INFO - Processing /home/airflow/.local/lib/python3.7/site-packages/airflow/example_dags/example_bash_operator.py took 0.365 seconds
[2023-07-11 23:00:22,788] {processor.py:153} INFO - Started process (PID=2126) to work on /home/airflow/.local/lib/python3.7/site-packages/airflow/example_dags/example_bash_operator.py
[2023-07-11 23:00:22,791] {processor.py:641} INFO - Processing file /home/airflow/.local/lib/python3.7/site-packages/airflow/example_dags/example_bash_operator.py for tasks to queue
[2023-07-11 23:00:22,791] {logging_mixin.py:115} INFO - [2023-07-11 23:00:22,791] {dagbag.py:508} INFO - Filling up the DagBag from /home/airflow/.local/lib/python3.7/site-packages/airflow/example_dags/example_bash_operator.py
[2023-07-11 23:00:22,823] {processor.py:651} INFO - DAG(s) dict_keys(['example_bash_operator']) retrieved from /home/airflow/.local/lib/python3.7/site-packages/airflow/example_dags/example_bash_operator.py
[2023-07-11 23:00:22,900] {logging_mixin.py:115} INFO - [2023-07-11 23:00:22,900] {dag.py:2420} INFO - Sync 1 DAGs
[2023-07-11 23:00:22,965] {logging_mixin.py:115} INFO - [2023-07-11 23:00:22,965] {dag.py:2972} INFO - Setting next_dagrun for example_bash_operator to 2023-07-10T00:00:00+00:00, run_after=2023-07-11T00:00:00+00:00
[2023-07-11 23:00:22,997] {processor.py:161} INFO - Processing /home/airflow/.local/lib/python3.7/site-packages/airflow/example_dags/example_bash_operator.py took 0.224 seconds
[2023-07-11 23:00:53,266] {processor.py:153} INFO - Started process (PID=2179) to work on /home/airflow/.local/lib/python3.7/site-packages/airflow/example_dags/example_bash_operator.py
[2023-07-11 23:00:53,267] {processor.py:641} INFO - Processing file /home/airflow/.local/lib/python3.7/site-packages/airflow/example_dags/example_bash_operator.py for tasks to queue
[2023-07-11 23:00:53,268] {logging_mixin.py:115} INFO - [2023-07-11 23:00:53,268] {dagbag.py:508} INFO - Filling up the DagBag from /home/airflow/.local/lib/python3.7/site-packages/airflow/example_dags/example_bash_operator.py
[2023-07-11 23:00:53,293] {processor.py:651} INFO - DAG(s) dict_keys(['example_bash_operator']) retrieved from /home/airflow/.local/lib/python3.7/site-packages/airflow/example_dags/example_bash_operator.py
[2023-07-11 23:00:53,459] {logging_mixin.py:115} INFO - [2023-07-11 23:00:53,458] {dag.py:2420} INFO - Sync 1 DAGs
[2023-07-11 23:00:53,547] {logging_mixin.py:115} INFO - [2023-07-11 23:00:53,546] {dag.py:2972} INFO - Setting next_dagrun for example_bash_operator to 2023-07-10T00:00:00+00:00, run_after=2023-07-11T00:00:00+00:00
[2023-07-11 23:00:53,606] {processor.py:161} INFO - Processing /home/airflow/.local/lib/python3.7/site-packages/airflow/example_dags/example_bash_operator.py took 0.344 seconds
[2023-07-11 23:01:24,385] {processor.py:153} INFO - Started process (PID=2231) to work on /home/airflow/.local/lib/python3.7/site-packages/airflow/example_dags/example_bash_operator.py
[2023-07-11 23:01:24,386] {processor.py:641} INFO - Processing file /home/airflow/.local/lib/python3.7/site-packages/airflow/example_dags/example_bash_operator.py for tasks to queue
[2023-07-11 23:01:24,393] {logging_mixin.py:115} INFO - [2023-07-11 23:01:24,390] {dagbag.py:508} INFO - Filling up the DagBag from /home/airflow/.local/lib/python3.7/site-packages/airflow/example_dags/example_bash_operator.py
[2023-07-11 23:01:24,433] {processor.py:651} INFO - DAG(s) dict_keys(['example_bash_operator']) retrieved from /home/airflow/.local/lib/python3.7/site-packages/airflow/example_dags/example_bash_operator.py
[2023-07-11 23:01:24,496] {logging_mixin.py:115} INFO - [2023-07-11 23:01:24,496] {dag.py:2420} INFO - Sync 1 DAGs
[2023-07-11 23:01:24,543] {logging_mixin.py:115} INFO - [2023-07-11 23:01:24,543] {dag.py:2972} INFO - Setting next_dagrun for example_bash_operator to 2023-07-10T00:00:00+00:00, run_after=2023-07-11T00:00:00+00:00
[2023-07-11 23:01:24,578] {processor.py:161} INFO - Processing /home/airflow/.local/lib/python3.7/site-packages/airflow/example_dags/example_bash_operator.py took 0.201 seconds
[2023-07-11 23:01:54,813] {processor.py:153} INFO - Started process (PID=2281) to work on /home/airflow/.local/lib/python3.7/site-packages/airflow/example_dags/example_bash_operator.py
[2023-07-11 23:01:54,818] {processor.py:641} INFO - Processing file /home/airflow/.local/lib/python3.7/site-packages/airflow/example_dags/example_bash_operator.py for tasks to queue
[2023-07-11 23:01:54,819] {logging_mixin.py:115} INFO - [2023-07-11 23:01:54,819] {dagbag.py:508} INFO - Filling up the DagBag from /home/airflow/.local/lib/python3.7/site-packages/airflow/example_dags/example_bash_operator.py
[2023-07-11 23:01:54,855] {processor.py:651} INFO - DAG(s) dict_keys(['example_bash_operator']) retrieved from /home/airflow/.local/lib/python3.7/site-packages/airflow/example_dags/example_bash_operator.py
[2023-07-11 23:01:54,916] {logging_mixin.py:115} INFO - [2023-07-11 23:01:54,916] {dag.py:2420} INFO - Sync 1 DAGs
[2023-07-11 23:01:54,994] {logging_mixin.py:115} INFO - [2023-07-11 23:01:54,994] {dag.py:2972} INFO - Setting next_dagrun for example_bash_operator to 2023-07-10T00:00:00+00:00, run_after=2023-07-11T00:00:00+00:00
[2023-07-11 23:01:55,030] {processor.py:161} INFO - Processing /home/airflow/.local/lib/python3.7/site-packages/airflow/example_dags/example_bash_operator.py took 0.241 seconds
[2023-07-11 23:02:25,799] {processor.py:153} INFO - Started process (PID=2333) to work on /home/airflow/.local/lib/python3.7/site-packages/airflow/example_dags/example_bash_operator.py
[2023-07-11 23:02:25,800] {processor.py:641} INFO - Processing file /home/airflow/.local/lib/python3.7/site-packages/airflow/example_dags/example_bash_operator.py for tasks to queue
[2023-07-11 23:02:25,801] {logging_mixin.py:115} INFO - [2023-07-11 23:02:25,800] {dagbag.py:508} INFO - Filling up the DagBag from /home/airflow/.local/lib/python3.7/site-packages/airflow/example_dags/example_bash_operator.py
[2023-07-11 23:02:25,839] {processor.py:651} INFO - DAG(s) dict_keys(['example_bash_operator']) retrieved from /home/airflow/.local/lib/python3.7/site-packages/airflow/example_dags/example_bash_operator.py
[2023-07-11 23:02:25,896] {logging_mixin.py:115} INFO - [2023-07-11 23:02:25,896] {dag.py:2420} INFO - Sync 1 DAGs
[2023-07-11 23:02:25,965] {logging_mixin.py:115} INFO - [2023-07-11 23:02:25,964] {dag.py:2972} INFO - Setting next_dagrun for example_bash_operator to 2023-07-10T00:00:00+00:00, run_after=2023-07-11T00:00:00+00:00
[2023-07-11 23:02:25,988] {processor.py:161} INFO - Processing /home/airflow/.local/lib/python3.7/site-packages/airflow/example_dags/example_bash_operator.py took 0.196 seconds
[2023-07-11 23:02:56,614] {processor.py:153} INFO - Started process (PID=2394) to work on /home/airflow/.local/lib/python3.7/site-packages/airflow/example_dags/example_bash_operator.py
[2023-07-11 23:02:56,616] {processor.py:641} INFO - Processing file /home/airflow/.local/lib/python3.7/site-packages/airflow/example_dags/example_bash_operator.py for tasks to queue
[2023-07-11 23:02:56,617] {logging_mixin.py:115} INFO - [2023-07-11 23:02:56,617] {dagbag.py:508} INFO - Filling up the DagBag from /home/airflow/.local/lib/python3.7/site-packages/airflow/example_dags/example_bash_operator.py
[2023-07-11 23:02:56,663] {processor.py:651} INFO - DAG(s) dict_keys(['example_bash_operator']) retrieved from /home/airflow/.local/lib/python3.7/site-packages/airflow/example_dags/example_bash_operator.py
[2023-07-11 23:02:56,774] {logging_mixin.py:115} INFO - [2023-07-11 23:02:56,774] {dag.py:2420} INFO - Sync 1 DAGs
[2023-07-11 23:02:56,867] {logging_mixin.py:115} INFO - [2023-07-11 23:02:56,867] {dag.py:2972} INFO - Setting next_dagrun for example_bash_operator to 2023-07-10T00:00:00+00:00, run_after=2023-07-11T00:00:00+00:00
[2023-07-11 23:02:56,916] {processor.py:161} INFO - Processing /home/airflow/.local/lib/python3.7/site-packages/airflow/example_dags/example_bash_operator.py took 0.309 seconds
[2023-07-11 23:03:27,489] {processor.py:153} INFO - Started process (PID=2446) to work on /home/airflow/.local/lib/python3.7/site-packages/airflow/example_dags/example_bash_operator.py
[2023-07-11 23:03:27,489] {processor.py:641} INFO - Processing file /home/airflow/.local/lib/python3.7/site-packages/airflow/example_dags/example_bash_operator.py for tasks to queue
[2023-07-11 23:03:27,497] {logging_mixin.py:115} INFO - [2023-07-11 23:03:27,496] {dagbag.py:508} INFO - Filling up the DagBag from /home/airflow/.local/lib/python3.7/site-packages/airflow/example_dags/example_bash_operator.py
[2023-07-11 23:03:27,527] {processor.py:651} INFO - DAG(s) dict_keys(['example_bash_operator']) retrieved from /home/airflow/.local/lib/python3.7/site-packages/airflow/example_dags/example_bash_operator.py
[2023-07-11 23:03:27,595] {logging_mixin.py:115} INFO - [2023-07-11 23:03:27,595] {dag.py:2420} INFO - Sync 1 DAGs
[2023-07-11 23:03:27,725] {logging_mixin.py:115} INFO - [2023-07-11 23:03:27,725] {dag.py:2972} INFO - Setting next_dagrun for example_bash_operator to 2023-07-10T00:00:00+00:00, run_after=2023-07-11T00:00:00+00:00
[2023-07-11 23:03:27,766] {processor.py:161} INFO - Processing /home/airflow/.local/lib/python3.7/site-packages/airflow/example_dags/example_bash_operator.py took 0.285 seconds
[2023-07-11 23:03:58,050] {processor.py:153} INFO - Started process (PID=2497) to work on /home/airflow/.local/lib/python3.7/site-packages/airflow/example_dags/example_bash_operator.py
[2023-07-11 23:03:58,051] {processor.py:641} INFO - Processing file /home/airflow/.local/lib/python3.7/site-packages/airflow/example_dags/example_bash_operator.py for tasks to queue
[2023-07-11 23:03:58,051] {logging_mixin.py:115} INFO - [2023-07-11 23:03:58,051] {dagbag.py:508} INFO - Filling up the DagBag from /home/airflow/.local/lib/python3.7/site-packages/airflow/example_dags/example_bash_operator.py
[2023-07-11 23:03:58,072] {processor.py:651} INFO - DAG(s) dict_keys(['example_bash_operator']) retrieved from /home/airflow/.local/lib/python3.7/site-packages/airflow/example_dags/example_bash_operator.py
[2023-07-11 23:03:58,123] {logging_mixin.py:115} INFO - [2023-07-11 23:03:58,123] {dag.py:2420} INFO - Sync 1 DAGs
[2023-07-11 23:03:58,184] {logging_mixin.py:115} INFO - [2023-07-11 23:03:58,184] {dag.py:2972} INFO - Setting next_dagrun for example_bash_operator to 2023-07-10T00:00:00+00:00, run_after=2023-07-11T00:00:00+00:00
[2023-07-11 23:03:58,205] {processor.py:161} INFO - Processing /home/airflow/.local/lib/python3.7/site-packages/airflow/example_dags/example_bash_operator.py took 0.159 seconds
[2023-07-11 23:04:28,713] {processor.py:153} INFO - Started process (PID=2549) to work on /home/airflow/.local/lib/python3.7/site-packages/airflow/example_dags/example_bash_operator.py
[2023-07-11 23:04:28,721] {processor.py:641} INFO - Processing file /home/airflow/.local/lib/python3.7/site-packages/airflow/example_dags/example_bash_operator.py for tasks to queue
[2023-07-11 23:04:28,722] {logging_mixin.py:115} INFO - [2023-07-11 23:04:28,722] {dagbag.py:508} INFO - Filling up the DagBag from /home/airflow/.local/lib/python3.7/site-packages/airflow/example_dags/example_bash_operator.py
[2023-07-11 23:04:28,835] {processor.py:651} INFO - DAG(s) dict_keys(['example_bash_operator']) retrieved from /home/airflow/.local/lib/python3.7/site-packages/airflow/example_dags/example_bash_operator.py
[2023-07-11 23:04:29,068] {logging_mixin.py:115} INFO - [2023-07-11 23:04:29,067] {dag.py:2420} INFO - Sync 1 DAGs
[2023-07-11 23:04:29,207] {logging_mixin.py:115} INFO - [2023-07-11 23:04:29,207] {dag.py:2972} INFO - Setting next_dagrun for example_bash_operator to 2023-07-10T00:00:00+00:00, run_after=2023-07-11T00:00:00+00:00
[2023-07-11 23:04:29,311] {processor.py:161} INFO - Processing /home/airflow/.local/lib/python3.7/site-packages/airflow/example_dags/example_bash_operator.py took 0.627 seconds
[2023-07-11 23:04:59,424] {processor.py:153} INFO - Started process (PID=2602) to work on /home/airflow/.local/lib/python3.7/site-packages/airflow/example_dags/example_bash_operator.py
[2023-07-11 23:04:59,425] {processor.py:641} INFO - Processing file /home/airflow/.local/lib/python3.7/site-packages/airflow/example_dags/example_bash_operator.py for tasks to queue
[2023-07-11 23:04:59,427] {logging_mixin.py:115} INFO - [2023-07-11 23:04:59,426] {dagbag.py:508} INFO - Filling up the DagBag from /home/airflow/.local/lib/python3.7/site-packages/airflow/example_dags/example_bash_operator.py
[2023-07-11 23:04:59,459] {processor.py:651} INFO - DAG(s) dict_keys(['example_bash_operator']) retrieved from /home/airflow/.local/lib/python3.7/site-packages/airflow/example_dags/example_bash_operator.py
[2023-07-11 23:04:59,584] {logging_mixin.py:115} INFO - [2023-07-11 23:04:59,584] {dag.py:2420} INFO - Sync 1 DAGs
[2023-07-11 23:04:59,753] {logging_mixin.py:115} INFO - [2023-07-11 23:04:59,753] {dag.py:2972} INFO - Setting next_dagrun for example_bash_operator to 2023-07-10T00:00:00+00:00, run_after=2023-07-11T00:00:00+00:00
[2023-07-11 23:04:59,860] {processor.py:161} INFO - Processing /home/airflow/.local/lib/python3.7/site-packages/airflow/example_dags/example_bash_operator.py took 0.442 seconds
[2023-07-11 23:05:30,565] {processor.py:153} INFO - Started process (PID=2662) to work on /home/airflow/.local/lib/python3.7/site-packages/airflow/example_dags/example_bash_operator.py
[2023-07-11 23:05:30,567] {processor.py:641} INFO - Processing file /home/airflow/.local/lib/python3.7/site-packages/airflow/example_dags/example_bash_operator.py for tasks to queue
[2023-07-11 23:05:30,568] {logging_mixin.py:115} INFO - [2023-07-11 23:05:30,568] {dagbag.py:508} INFO - Filling up the DagBag from /home/airflow/.local/lib/python3.7/site-packages/airflow/example_dags/example_bash_operator.py
[2023-07-11 23:05:30,601] {processor.py:651} INFO - DAG(s) dict_keys(['example_bash_operator']) retrieved from /home/airflow/.local/lib/python3.7/site-packages/airflow/example_dags/example_bash_operator.py
[2023-07-11 23:05:30,684] {logging_mixin.py:115} INFO - [2023-07-11 23:05:30,684] {dag.py:2420} INFO - Sync 1 DAGs
[2023-07-11 23:05:30,764] {logging_mixin.py:115} INFO - [2023-07-11 23:05:30,764] {dag.py:2972} INFO - Setting next_dagrun for example_bash_operator to 2023-07-10T00:00:00+00:00, run_after=2023-07-11T00:00:00+00:00
[2023-07-11 23:05:30,797] {processor.py:161} INFO - Processing /home/airflow/.local/lib/python3.7/site-packages/airflow/example_dags/example_bash_operator.py took 0.243 seconds
[2023-07-11 23:06:01,048] {processor.py:153} INFO - Started process (PID=2714) to work on /home/airflow/.local/lib/python3.7/site-packages/airflow/example_dags/example_bash_operator.py
[2023-07-11 23:06:01,048] {processor.py:641} INFO - Processing file /home/airflow/.local/lib/python3.7/site-packages/airflow/example_dags/example_bash_operator.py for tasks to queue
[2023-07-11 23:06:01,049] {logging_mixin.py:115} INFO - [2023-07-11 23:06:01,049] {dagbag.py:508} INFO - Filling up the DagBag from /home/airflow/.local/lib/python3.7/site-packages/airflow/example_dags/example_bash_operator.py
[2023-07-11 23:06:01,079] {processor.py:651} INFO - DAG(s) dict_keys(['example_bash_operator']) retrieved from /home/airflow/.local/lib/python3.7/site-packages/airflow/example_dags/example_bash_operator.py
[2023-07-11 23:06:01,172] {logging_mixin.py:115} INFO - [2023-07-11 23:06:01,171] {dag.py:2420} INFO - Sync 1 DAGs
[2023-07-11 23:06:01,244] {logging_mixin.py:115} INFO - [2023-07-11 23:06:01,244] {dag.py:2972} INFO - Setting next_dagrun for example_bash_operator to 2023-07-10T00:00:00+00:00, run_after=2023-07-11T00:00:00+00:00
[2023-07-11 23:06:01,270] {processor.py:161} INFO - Processing /home/airflow/.local/lib/python3.7/site-packages/airflow/example_dags/example_bash_operator.py took 0.227 seconds
[2023-07-11 23:06:31,933] {processor.py:153} INFO - Started process (PID=2765) to work on /home/airflow/.local/lib/python3.7/site-packages/airflow/example_dags/example_bash_operator.py
[2023-07-11 23:06:31,935] {processor.py:641} INFO - Processing file /home/airflow/.local/lib/python3.7/site-packages/airflow/example_dags/example_bash_operator.py for tasks to queue
[2023-07-11 23:06:31,936] {logging_mixin.py:115} INFO - [2023-07-11 23:06:31,936] {dagbag.py:508} INFO - Filling up the DagBag from /home/airflow/.local/lib/python3.7/site-packages/airflow/example_dags/example_bash_operator.py
[2023-07-11 23:06:31,973] {processor.py:651} INFO - DAG(s) dict_keys(['example_bash_operator']) retrieved from /home/airflow/.local/lib/python3.7/site-packages/airflow/example_dags/example_bash_operator.py
[2023-07-11 23:06:32,069] {logging_mixin.py:115} INFO - [2023-07-11 23:06:32,069] {dag.py:2420} INFO - Sync 1 DAGs
[2023-07-11 23:06:32,142] {logging_mixin.py:115} INFO - [2023-07-11 23:06:32,141] {dag.py:2972} INFO - Setting next_dagrun for example_bash_operator to 2023-07-10T00:00:00+00:00, run_after=2023-07-11T00:00:00+00:00
[2023-07-11 23:06:32,212] {processor.py:161} INFO - Processing /home/airflow/.local/lib/python3.7/site-packages/airflow/example_dags/example_bash_operator.py took 0.288 seconds
[2023-07-11 23:07:02,345] {processor.py:153} INFO - Started process (PID=2817) to work on /home/airflow/.local/lib/python3.7/site-packages/airflow/example_dags/example_bash_operator.py
[2023-07-11 23:07:02,345] {processor.py:641} INFO - Processing file /home/airflow/.local/lib/python3.7/site-packages/airflow/example_dags/example_bash_operator.py for tasks to queue
[2023-07-11 23:07:02,346] {logging_mixin.py:115} INFO - [2023-07-11 23:07:02,346] {dagbag.py:508} INFO - Filling up the DagBag from /home/airflow/.local/lib/python3.7/site-packages/airflow/example_dags/example_bash_operator.py
[2023-07-11 23:07:02,366] {processor.py:651} INFO - DAG(s) dict_keys(['example_bash_operator']) retrieved from /home/airflow/.local/lib/python3.7/site-packages/airflow/example_dags/example_bash_operator.py
[2023-07-11 23:07:02,417] {logging_mixin.py:115} INFO - [2023-07-11 23:07:02,417] {dag.py:2420} INFO - Sync 1 DAGs
[2023-07-11 23:07:02,470] {logging_mixin.py:115} INFO - [2023-07-11 23:07:02,470] {dag.py:2972} INFO - Setting next_dagrun for example_bash_operator to 2023-07-10T00:00:00+00:00, run_after=2023-07-11T00:00:00+00:00
[2023-07-11 23:07:02,496] {processor.py:161} INFO - Processing /home/airflow/.local/lib/python3.7/site-packages/airflow/example_dags/example_bash_operator.py took 0.156 seconds
[2023-07-11 23:07:32,642] {processor.py:153} INFO - Started process (PID=2868) to work on /home/airflow/.local/lib/python3.7/site-packages/airflow/example_dags/example_bash_operator.py
[2023-07-11 23:07:32,642] {processor.py:641} INFO - Processing file /home/airflow/.local/lib/python3.7/site-packages/airflow/example_dags/example_bash_operator.py for tasks to queue
[2023-07-11 23:07:32,644] {logging_mixin.py:115} INFO - [2023-07-11 23:07:32,644] {dagbag.py:508} INFO - Filling up the DagBag from /home/airflow/.local/lib/python3.7/site-packages/airflow/example_dags/example_bash_operator.py
[2023-07-11 23:07:32,734] {processor.py:651} INFO - DAG(s) dict_keys(['example_bash_operator']) retrieved from /home/airflow/.local/lib/python3.7/site-packages/airflow/example_dags/example_bash_operator.py
[2023-07-11 23:07:32,779] {logging_mixin.py:115} INFO - [2023-07-11 23:07:32,779] {dag.py:2420} INFO - Sync 1 DAGs
[2023-07-11 23:07:32,831] {logging_mixin.py:115} INFO - [2023-07-11 23:07:32,831] {dag.py:2972} INFO - Setting next_dagrun for example_bash_operator to 2023-07-10T00:00:00+00:00, run_after=2023-07-11T00:00:00+00:00
[2023-07-11 23:07:32,890] {processor.py:161} INFO - Processing /home/airflow/.local/lib/python3.7/site-packages/airflow/example_dags/example_bash_operator.py took 0.259 seconds
[2023-07-11 23:08:03,058] {processor.py:153} INFO - Started process (PID=2919) to work on /home/airflow/.local/lib/python3.7/site-packages/airflow/example_dags/example_bash_operator.py
[2023-07-11 23:08:03,059] {processor.py:641} INFO - Processing file /home/airflow/.local/lib/python3.7/site-packages/airflow/example_dags/example_bash_operator.py for tasks to queue
[2023-07-11 23:08:03,060] {logging_mixin.py:115} INFO - [2023-07-11 23:08:03,060] {dagbag.py:508} INFO - Filling up the DagBag from /home/airflow/.local/lib/python3.7/site-packages/airflow/example_dags/example_bash_operator.py
[2023-07-11 23:08:03,089] {processor.py:651} INFO - DAG(s) dict_keys(['example_bash_operator']) retrieved from /home/airflow/.local/lib/python3.7/site-packages/airflow/example_dags/example_bash_operator.py
[2023-07-11 23:08:03,143] {logging_mixin.py:115} INFO - [2023-07-11 23:08:03,142] {dag.py:2420} INFO - Sync 1 DAGs
[2023-07-11 23:08:03,194] {logging_mixin.py:115} INFO - [2023-07-11 23:08:03,194] {dag.py:2972} INFO - Setting next_dagrun for example_bash_operator to 2023-07-10T00:00:00+00:00, run_after=2023-07-11T00:00:00+00:00
[2023-07-11 23:08:03,225] {processor.py:161} INFO - Processing /home/airflow/.local/lib/python3.7/site-packages/airflow/example_dags/example_bash_operator.py took 0.175 seconds
[2023-07-11 23:08:33,479] {processor.py:153} INFO - Started process (PID=2971) to work on /home/airflow/.local/lib/python3.7/site-packages/airflow/example_dags/example_bash_operator.py
[2023-07-11 23:08:33,480] {processor.py:641} INFO - Processing file /home/airflow/.local/lib/python3.7/site-packages/airflow/example_dags/example_bash_operator.py for tasks to queue
[2023-07-11 23:08:33,485] {logging_mixin.py:115} INFO - [2023-07-11 23:08:33,485] {dagbag.py:508} INFO - Filling up the DagBag from /home/airflow/.local/lib/python3.7/site-packages/airflow/example_dags/example_bash_operator.py
[2023-07-11 23:08:33,526] {processor.py:651} INFO - DAG(s) dict_keys(['example_bash_operator']) retrieved from /home/airflow/.local/lib/python3.7/site-packages/airflow/example_dags/example_bash_operator.py
[2023-07-11 23:08:33,621] {logging_mixin.py:115} INFO - [2023-07-11 23:08:33,621] {dag.py:2420} INFO - Sync 1 DAGs
[2023-07-11 23:08:33,695] {logging_mixin.py:115} INFO - [2023-07-11 23:08:33,695] {dag.py:2972} INFO - Setting next_dagrun for example_bash_operator to 2023-07-10T00:00:00+00:00, run_after=2023-07-11T00:00:00+00:00
[2023-07-11 23:08:33,734] {processor.py:161} INFO - Processing /home/airflow/.local/lib/python3.7/site-packages/airflow/example_dags/example_bash_operator.py took 0.263 seconds
[2023-07-11 23:09:03,961] {processor.py:153} INFO - Started process (PID=3032) to work on /home/airflow/.local/lib/python3.7/site-packages/airflow/example_dags/example_bash_operator.py
[2023-07-11 23:09:03,965] {processor.py:641} INFO - Processing file /home/airflow/.local/lib/python3.7/site-packages/airflow/example_dags/example_bash_operator.py for tasks to queue
[2023-07-11 23:09:03,967] {logging_mixin.py:115} INFO - [2023-07-11 23:09:03,967] {dagbag.py:508} INFO - Filling up the DagBag from /home/airflow/.local/lib/python3.7/site-packages/airflow/example_dags/example_bash_operator.py
[2023-07-11 23:09:04,002] {processor.py:651} INFO - DAG(s) dict_keys(['example_bash_operator']) retrieved from /home/airflow/.local/lib/python3.7/site-packages/airflow/example_dags/example_bash_operator.py
[2023-07-11 23:09:04,099] {logging_mixin.py:115} INFO - [2023-07-11 23:09:04,098] {dag.py:2420} INFO - Sync 1 DAGs
[2023-07-11 23:09:04,178] {logging_mixin.py:115} INFO - [2023-07-11 23:09:04,178] {dag.py:2972} INFO - Setting next_dagrun for example_bash_operator to 2023-07-10T00:00:00+00:00, run_after=2023-07-11T00:00:00+00:00
[2023-07-11 23:09:04,229] {processor.py:161} INFO - Processing /home/airflow/.local/lib/python3.7/site-packages/airflow/example_dags/example_bash_operator.py took 0.279 seconds
[2023-07-11 23:09:34,541] {processor.py:153} INFO - Started process (PID=3084) to work on /home/airflow/.local/lib/python3.7/site-packages/airflow/example_dags/example_bash_operator.py
[2023-07-11 23:09:34,542] {processor.py:641} INFO - Processing file /home/airflow/.local/lib/python3.7/site-packages/airflow/example_dags/example_bash_operator.py for tasks to queue
[2023-07-11 23:09:34,542] {logging_mixin.py:115} INFO - [2023-07-11 23:09:34,542] {dagbag.py:508} INFO - Filling up the DagBag from /home/airflow/.local/lib/python3.7/site-packages/airflow/example_dags/example_bash_operator.py
[2023-07-11 23:09:34,593] {processor.py:651} INFO - DAG(s) dict_keys(['example_bash_operator']) retrieved from /home/airflow/.local/lib/python3.7/site-packages/airflow/example_dags/example_bash_operator.py
[2023-07-11 23:09:34,658] {logging_mixin.py:115} INFO - [2023-07-11 23:09:34,658] {dag.py:2420} INFO - Sync 1 DAGs
[2023-07-11 23:09:34,714] {logging_mixin.py:115} INFO - [2023-07-11 23:09:34,714] {dag.py:2972} INFO - Setting next_dagrun for example_bash_operator to 2023-07-10T00:00:00+00:00, run_after=2023-07-11T00:00:00+00:00
[2023-07-11 23:09:34,745] {processor.py:161} INFO - Processing /home/airflow/.local/lib/python3.7/site-packages/airflow/example_dags/example_bash_operator.py took 0.209 seconds
[2023-07-11 23:10:04,950] {processor.py:153} INFO - Started process (PID=3135) to work on /home/airflow/.local/lib/python3.7/site-packages/airflow/example_dags/example_bash_operator.py
[2023-07-11 23:10:04,950] {processor.py:641} INFO - Processing file /home/airflow/.local/lib/python3.7/site-packages/airflow/example_dags/example_bash_operator.py for tasks to queue
[2023-07-11 23:10:04,951] {logging_mixin.py:115} INFO - [2023-07-11 23:10:04,951] {dagbag.py:508} INFO - Filling up the DagBag from /home/airflow/.local/lib/python3.7/site-packages/airflow/example_dags/example_bash_operator.py
[2023-07-11 23:10:04,979] {processor.py:651} INFO - DAG(s) dict_keys(['example_bash_operator']) retrieved from /home/airflow/.local/lib/python3.7/site-packages/airflow/example_dags/example_bash_operator.py
[2023-07-11 23:10:05,049] {logging_mixin.py:115} INFO - [2023-07-11 23:10:05,049] {dag.py:2420} INFO - Sync 1 DAGs
[2023-07-11 23:10:05,125] {logging_mixin.py:115} INFO - [2023-07-11 23:10:05,124] {dag.py:2972} INFO - Setting next_dagrun for example_bash_operator to 2023-07-10T00:00:00+00:00, run_after=2023-07-11T00:00:00+00:00
[2023-07-11 23:10:05,181] {processor.py:161} INFO - Processing /home/airflow/.local/lib/python3.7/site-packages/airflow/example_dags/example_bash_operator.py took 0.238 seconds
[2023-07-11 23:10:35,665] {processor.py:153} INFO - Started process (PID=3188) to work on /home/airflow/.local/lib/python3.7/site-packages/airflow/example_dags/example_bash_operator.py
[2023-07-11 23:10:35,667] {processor.py:641} INFO - Processing file /home/airflow/.local/lib/python3.7/site-packages/airflow/example_dags/example_bash_operator.py for tasks to queue
[2023-07-11 23:10:35,670] {logging_mixin.py:115} INFO - [2023-07-11 23:10:35,670] {dagbag.py:508} INFO - Filling up the DagBag from /home/airflow/.local/lib/python3.7/site-packages/airflow/example_dags/example_bash_operator.py
[2023-07-11 23:10:35,714] {processor.py:651} INFO - DAG(s) dict_keys(['example_bash_operator']) retrieved from /home/airflow/.local/lib/python3.7/site-packages/airflow/example_dags/example_bash_operator.py
[2023-07-11 23:10:35,806] {logging_mixin.py:115} INFO - [2023-07-11 23:10:35,806] {dag.py:2420} INFO - Sync 1 DAGs
[2023-07-11 23:10:35,882] {logging_mixin.py:115} INFO - [2023-07-11 23:10:35,882] {dag.py:2972} INFO - Setting next_dagrun for example_bash_operator to 2023-07-10T00:00:00+00:00, run_after=2023-07-11T00:00:00+00:00
[2023-07-11 23:10:35,905] {processor.py:161} INFO - Processing /home/airflow/.local/lib/python3.7/site-packages/airflow/example_dags/example_bash_operator.py took 0.264 seconds
[2023-07-11 23:11:06,316] {processor.py:153} INFO - Started process (PID=3240) to work on /home/airflow/.local/lib/python3.7/site-packages/airflow/example_dags/example_bash_operator.py
[2023-07-11 23:11:06,316] {processor.py:641} INFO - Processing file /home/airflow/.local/lib/python3.7/site-packages/airflow/example_dags/example_bash_operator.py for tasks to queue
[2023-07-11 23:11:06,318] {logging_mixin.py:115} INFO - [2023-07-11 23:11:06,317] {dagbag.py:508} INFO - Filling up the DagBag from /home/airflow/.local/lib/python3.7/site-packages/airflow/example_dags/example_bash_operator.py
[2023-07-11 23:11:06,352] {processor.py:651} INFO - DAG(s) dict_keys(['example_bash_operator']) retrieved from /home/airflow/.local/lib/python3.7/site-packages/airflow/example_dags/example_bash_operator.py
[2023-07-11 23:11:06,478] {logging_mixin.py:115} INFO - [2023-07-11 23:11:06,477] {dag.py:2420} INFO - Sync 1 DAGs
[2023-07-11 23:11:06,568] {logging_mixin.py:115} INFO - [2023-07-11 23:11:06,568] {dag.py:2972} INFO - Setting next_dagrun for example_bash_operator to 2023-07-10T00:00:00+00:00, run_after=2023-07-11T00:00:00+00:00
[2023-07-11 23:11:06,626] {processor.py:161} INFO - Processing /home/airflow/.local/lib/python3.7/site-packages/airflow/example_dags/example_bash_operator.py took 0.316 seconds
[2023-07-11 23:11:37,444] {processor.py:153} INFO - Started process (PID=3300) to work on /home/airflow/.local/lib/python3.7/site-packages/airflow/example_dags/example_bash_operator.py
[2023-07-11 23:11:37,445] {processor.py:641} INFO - Processing file /home/airflow/.local/lib/python3.7/site-packages/airflow/example_dags/example_bash_operator.py for tasks to queue
[2023-07-11 23:11:37,447] {logging_mixin.py:115} INFO - [2023-07-11 23:11:37,446] {dagbag.py:508} INFO - Filling up the DagBag from /home/airflow/.local/lib/python3.7/site-packages/airflow/example_dags/example_bash_operator.py
[2023-07-11 23:11:37,470] {processor.py:651} INFO - DAG(s) dict_keys(['example_bash_operator']) retrieved from /home/airflow/.local/lib/python3.7/site-packages/airflow/example_dags/example_bash_operator.py
[2023-07-11 23:11:37,534] {logging_mixin.py:115} INFO - [2023-07-11 23:11:37,534] {dag.py:2420} INFO - Sync 1 DAGs
[2023-07-11 23:11:37,589] {logging_mixin.py:115} INFO - [2023-07-11 23:11:37,589] {dag.py:2972} INFO - Setting next_dagrun for example_bash_operator to 2023-07-10T00:00:00+00:00, run_after=2023-07-11T00:00:00+00:00
[2023-07-11 23:11:37,633] {processor.py:161} INFO - Processing /home/airflow/.local/lib/python3.7/site-packages/airflow/example_dags/example_bash_operator.py took 0.196 seconds
[2023-07-11 23:12:07,865] {processor.py:153} INFO - Started process (PID=3351) to work on /home/airflow/.local/lib/python3.7/site-packages/airflow/example_dags/example_bash_operator.py
[2023-07-11 23:12:07,866] {processor.py:641} INFO - Processing file /home/airflow/.local/lib/python3.7/site-packages/airflow/example_dags/example_bash_operator.py for tasks to queue
[2023-07-11 23:12:07,866] {logging_mixin.py:115} INFO - [2023-07-11 23:12:07,866] {dagbag.py:508} INFO - Filling up the DagBag from /home/airflow/.local/lib/python3.7/site-packages/airflow/example_dags/example_bash_operator.py
[2023-07-11 23:12:07,891] {processor.py:651} INFO - DAG(s) dict_keys(['example_bash_operator']) retrieved from /home/airflow/.local/lib/python3.7/site-packages/airflow/example_dags/example_bash_operator.py
[2023-07-11 23:12:07,938] {logging_mixin.py:115} INFO - [2023-07-11 23:12:07,938] {dag.py:2420} INFO - Sync 1 DAGs
[2023-07-11 23:12:08,004] {logging_mixin.py:115} INFO - [2023-07-11 23:12:08,004] {dag.py:2972} INFO - Setting next_dagrun for example_bash_operator to 2023-07-10T00:00:00+00:00, run_after=2023-07-11T00:00:00+00:00
[2023-07-11 23:12:08,029] {processor.py:161} INFO - Processing /home/airflow/.local/lib/python3.7/site-packages/airflow/example_dags/example_bash_operator.py took 0.170 seconds
[2023-07-11 23:12:38,415] {processor.py:153} INFO - Started process (PID=3403) to work on /home/airflow/.local/lib/python3.7/site-packages/airflow/example_dags/example_bash_operator.py
[2023-07-11 23:12:38,418] {processor.py:641} INFO - Processing file /home/airflow/.local/lib/python3.7/site-packages/airflow/example_dags/example_bash_operator.py for tasks to queue
[2023-07-11 23:12:38,419] {logging_mixin.py:115} INFO - [2023-07-11 23:12:38,418] {dagbag.py:508} INFO - Filling up the DagBag from /home/airflow/.local/lib/python3.7/site-packages/airflow/example_dags/example_bash_operator.py
[2023-07-11 23:12:38,502] {processor.py:651} INFO - DAG(s) dict_keys(['example_bash_operator']) retrieved from /home/airflow/.local/lib/python3.7/site-packages/airflow/example_dags/example_bash_operator.py
[2023-07-11 23:12:38,586] {logging_mixin.py:115} INFO - [2023-07-11 23:12:38,586] {dag.py:2420} INFO - Sync 1 DAGs
[2023-07-11 23:12:38,632] {logging_mixin.py:115} INFO - [2023-07-11 23:12:38,631] {dag.py:2972} INFO - Setting next_dagrun for example_bash_operator to 2023-07-10T00:00:00+00:00, run_after=2023-07-11T00:00:00+00:00
[2023-07-11 23:12:38,655] {processor.py:161} INFO - Processing /home/airflow/.local/lib/python3.7/site-packages/airflow/example_dags/example_bash_operator.py took 0.247 seconds
[2023-07-11 23:13:08,940] {processor.py:153} INFO - Started process (PID=3455) to work on /home/airflow/.local/lib/python3.7/site-packages/airflow/example_dags/example_bash_operator.py
[2023-07-11 23:13:08,948] {processor.py:641} INFO - Processing file /home/airflow/.local/lib/python3.7/site-packages/airflow/example_dags/example_bash_operator.py for tasks to queue
[2023-07-11 23:13:08,949] {logging_mixin.py:115} INFO - [2023-07-11 23:13:08,949] {dagbag.py:508} INFO - Filling up the DagBag from /home/airflow/.local/lib/python3.7/site-packages/airflow/example_dags/example_bash_operator.py
[2023-07-11 23:13:09,012] {processor.py:651} INFO - DAG(s) dict_keys(['example_bash_operator']) retrieved from /home/airflow/.local/lib/python3.7/site-packages/airflow/example_dags/example_bash_operator.py
[2023-07-11 23:13:09,078] {logging_mixin.py:115} INFO - [2023-07-11 23:13:09,077] {dag.py:2420} INFO - Sync 1 DAGs
[2023-07-11 23:13:09,140] {logging_mixin.py:115} INFO - [2023-07-11 23:13:09,140] {dag.py:2972} INFO - Setting next_dagrun for example_bash_operator to 2023-07-10T00:00:00+00:00, run_after=2023-07-11T00:00:00+00:00
[2023-07-11 23:13:09,168] {processor.py:161} INFO - Processing /home/airflow/.local/lib/python3.7/site-packages/airflow/example_dags/example_bash_operator.py took 0.237 seconds
[2023-07-11 23:13:39,268] {processor.py:153} INFO - Started process (PID=3507) to work on /home/airflow/.local/lib/python3.7/site-packages/airflow/example_dags/example_bash_operator.py
[2023-07-11 23:13:39,269] {processor.py:641} INFO - Processing file /home/airflow/.local/lib/python3.7/site-packages/airflow/example_dags/example_bash_operator.py for tasks to queue
[2023-07-11 23:13:39,270] {logging_mixin.py:115} INFO - [2023-07-11 23:13:39,270] {dagbag.py:508} INFO - Filling up the DagBag from /home/airflow/.local/lib/python3.7/site-packages/airflow/example_dags/example_bash_operator.py
[2023-07-11 23:13:39,309] {processor.py:651} INFO - DAG(s) dict_keys(['example_bash_operator']) retrieved from /home/airflow/.local/lib/python3.7/site-packages/airflow/example_dags/example_bash_operator.py
[2023-07-11 23:13:39,351] {logging_mixin.py:115} INFO - [2023-07-11 23:13:39,351] {dag.py:2420} INFO - Sync 1 DAGs
[2023-07-11 23:13:39,467] {logging_mixin.py:115} INFO - [2023-07-11 23:13:39,466] {dag.py:2972} INFO - Setting next_dagrun for example_bash_operator to 2023-07-10T00:00:00+00:00, run_after=2023-07-11T00:00:00+00:00
[2023-07-11 23:13:39,493] {processor.py:161} INFO - Processing /home/airflow/.local/lib/python3.7/site-packages/airflow/example_dags/example_bash_operator.py took 0.232 seconds
[2023-07-11 23:14:10,665] {processor.py:153} INFO - Started process (PID=3568) to work on /home/airflow/.local/lib/python3.7/site-packages/airflow/example_dags/example_bash_operator.py
[2023-07-11 23:14:10,671] {processor.py:641} INFO - Processing file /home/airflow/.local/lib/python3.7/site-packages/airflow/example_dags/example_bash_operator.py for tasks to queue
[2023-07-11 23:14:10,671] {logging_mixin.py:115} INFO - [2023-07-11 23:14:10,671] {dagbag.py:508} INFO - Filling up the DagBag from /home/airflow/.local/lib/python3.7/site-packages/airflow/example_dags/example_bash_operator.py
[2023-07-11 23:14:10,718] {processor.py:651} INFO - DAG(s) dict_keys(['example_bash_operator']) retrieved from /home/airflow/.local/lib/python3.7/site-packages/airflow/example_dags/example_bash_operator.py
[2023-07-11 23:14:10,838] {logging_mixin.py:115} INFO - [2023-07-11 23:14:10,836] {dag.py:2420} INFO - Sync 1 DAGs
[2023-07-11 23:14:10,932] {logging_mixin.py:115} INFO - [2023-07-11 23:14:10,932] {dag.py:2972} INFO - Setting next_dagrun for example_bash_operator to 2023-07-10T00:00:00+00:00, run_after=2023-07-11T00:00:00+00:00
[2023-07-11 23:14:11,060] {processor.py:161} INFO - Processing /home/airflow/.local/lib/python3.7/site-packages/airflow/example_dags/example_bash_operator.py took 0.404 seconds
