[2023-07-11 00:42:55,310] {processor.py:153} INFO - Started process (PID=57) to work on /home/airflow/.local/lib/python3.7/site-packages/airflow/example_dags/example_branch_python_dop_operator_3.py
[2023-07-11 00:42:55,321] {processor.py:641} INFO - Processing file /home/airflow/.local/lib/python3.7/site-packages/airflow/example_dags/example_branch_python_dop_operator_3.py for tasks to queue
[2023-07-11 00:42:55,322] {logging_mixin.py:115} INFO - [2023-07-11 00:42:55,322] {dagbag.py:508} INFO - Filling up the DagBag from /home/airflow/.local/lib/python3.7/site-packages/airflow/example_dags/example_branch_python_dop_operator_3.py
[2023-07-11 00:42:55,402] {processor.py:651} INFO - DAG(s) dict_keys(['example_branch_dop_operator_v3']) retrieved from /home/airflow/.local/lib/python3.7/site-packages/airflow/example_dags/example_branch_python_dop_operator_3.py
[2023-07-11 00:42:56,199] {logging_mixin.py:115} INFO - [2023-07-11 00:42:56,199] {manager.py:508} INFO - Created Permission View: can delete on DAG:example_branch_dop_operator_v3
[2023-07-11 00:42:56,304] {logging_mixin.py:115} INFO - [2023-07-11 00:42:56,304] {manager.py:508} INFO - Created Permission View: can read on DAG:example_branch_dop_operator_v3
[2023-07-11 00:42:56,343] {logging_mixin.py:115} INFO - [2023-07-11 00:42:56,342] {manager.py:508} INFO - Created Permission View: can edit on DAG:example_branch_dop_operator_v3
[2023-07-11 00:42:56,343] {logging_mixin.py:115} INFO - [2023-07-11 00:42:56,343] {dag.py:2420} INFO - Sync 1 DAGs
[2023-07-11 00:42:56,400] {logging_mixin.py:115} INFO - [2023-07-11 00:42:56,400] {dag.py:2439} INFO - Creating ORM DAG for example_branch_dop_operator_v3
[2023-07-11 00:42:56,508] {logging_mixin.py:115} INFO - [2023-07-11 00:42:56,507] {dag.py:2972} INFO - Setting next_dagrun for example_branch_dop_operator_v3 to 2023-07-11T00:41:00+00:00, run_after=2023-07-11T00:42:00+00:00
[2023-07-11 00:42:56,616] {processor.py:161} INFO - Processing /home/airflow/.local/lib/python3.7/site-packages/airflow/example_dags/example_branch_python_dop_operator_3.py took 1.313 seconds
[2023-07-11 00:43:26,894] {processor.py:153} INFO - Started process (PID=111) to work on /home/airflow/.local/lib/python3.7/site-packages/airflow/example_dags/example_branch_python_dop_operator_3.py
[2023-07-11 00:43:26,894] {processor.py:641} INFO - Processing file /home/airflow/.local/lib/python3.7/site-packages/airflow/example_dags/example_branch_python_dop_operator_3.py for tasks to queue
[2023-07-11 00:43:26,895] {logging_mixin.py:115} INFO - [2023-07-11 00:43:26,895] {dagbag.py:508} INFO - Filling up the DagBag from /home/airflow/.local/lib/python3.7/site-packages/airflow/example_dags/example_branch_python_dop_operator_3.py
[2023-07-11 00:43:26,907] {processor.py:651} INFO - DAG(s) dict_keys(['example_branch_dop_operator_v3']) retrieved from /home/airflow/.local/lib/python3.7/site-packages/airflow/example_dags/example_branch_python_dop_operator_3.py
[2023-07-11 00:43:26,937] {logging_mixin.py:115} INFO - [2023-07-11 00:43:26,937] {dag.py:2420} INFO - Sync 1 DAGs
[2023-07-11 00:43:26,968] {logging_mixin.py:115} INFO - [2023-07-11 00:43:26,968] {dag.py:2972} INFO - Setting next_dagrun for example_branch_dop_operator_v3 to 2023-07-11T00:42:00+00:00, run_after=2023-07-11T00:43:00+00:00
[2023-07-11 00:43:26,984] {processor.py:161} INFO - Processing /home/airflow/.local/lib/python3.7/site-packages/airflow/example_dags/example_branch_python_dop_operator_3.py took 0.093 seconds
[2023-07-11 00:43:57,394] {processor.py:153} INFO - Started process (PID=162) to work on /home/airflow/.local/lib/python3.7/site-packages/airflow/example_dags/example_branch_python_dop_operator_3.py
[2023-07-11 00:43:57,395] {processor.py:641} INFO - Processing file /home/airflow/.local/lib/python3.7/site-packages/airflow/example_dags/example_branch_python_dop_operator_3.py for tasks to queue
[2023-07-11 00:43:57,396] {logging_mixin.py:115} INFO - [2023-07-11 00:43:57,396] {dagbag.py:508} INFO - Filling up the DagBag from /home/airflow/.local/lib/python3.7/site-packages/airflow/example_dags/example_branch_python_dop_operator_3.py
[2023-07-11 00:43:57,449] {processor.py:651} INFO - DAG(s) dict_keys(['example_branch_dop_operator_v3']) retrieved from /home/airflow/.local/lib/python3.7/site-packages/airflow/example_dags/example_branch_python_dop_operator_3.py
[2023-07-11 00:43:57,527] {logging_mixin.py:115} INFO - [2023-07-11 00:43:57,526] {dag.py:2420} INFO - Sync 1 DAGs
[2023-07-11 00:43:57,582] {logging_mixin.py:115} INFO - [2023-07-11 00:43:57,582] {dag.py:2972} INFO - Setting next_dagrun for example_branch_dop_operator_v3 to 2023-07-11T00:42:00+00:00, run_after=2023-07-11T00:43:00+00:00
[2023-07-11 00:43:57,603] {processor.py:161} INFO - Processing /home/airflow/.local/lib/python3.7/site-packages/airflow/example_dags/example_branch_python_dop_operator_3.py took 0.231 seconds
[2023-07-11 00:44:27,966] {processor.py:153} INFO - Started process (PID=222) to work on /home/airflow/.local/lib/python3.7/site-packages/airflow/example_dags/example_branch_python_dop_operator_3.py
[2023-07-11 00:44:27,973] {processor.py:641} INFO - Processing file /home/airflow/.local/lib/python3.7/site-packages/airflow/example_dags/example_branch_python_dop_operator_3.py for tasks to queue
[2023-07-11 00:44:27,974] {logging_mixin.py:115} INFO - [2023-07-11 00:44:27,974] {dagbag.py:508} INFO - Filling up the DagBag from /home/airflow/.local/lib/python3.7/site-packages/airflow/example_dags/example_branch_python_dop_operator_3.py
[2023-07-11 00:44:27,999] {processor.py:651} INFO - DAG(s) dict_keys(['example_branch_dop_operator_v3']) retrieved from /home/airflow/.local/lib/python3.7/site-packages/airflow/example_dags/example_branch_python_dop_operator_3.py
[2023-07-11 00:44:28,093] {logging_mixin.py:115} INFO - [2023-07-11 00:44:28,093] {dag.py:2420} INFO - Sync 1 DAGs
[2023-07-11 00:44:28,173] {logging_mixin.py:115} INFO - [2023-07-11 00:44:28,172] {dag.py:2972} INFO - Setting next_dagrun for example_branch_dop_operator_v3 to 2023-07-11T00:43:00+00:00, run_after=2023-07-11T00:44:00+00:00
[2023-07-11 00:44:28,199] {processor.py:161} INFO - Processing /home/airflow/.local/lib/python3.7/site-packages/airflow/example_dags/example_branch_python_dop_operator_3.py took 0.239 seconds
[2023-07-11 00:44:58,806] {processor.py:153} INFO - Started process (PID=274) to work on /home/airflow/.local/lib/python3.7/site-packages/airflow/example_dags/example_branch_python_dop_operator_3.py
[2023-07-11 00:44:58,807] {processor.py:641} INFO - Processing file /home/airflow/.local/lib/python3.7/site-packages/airflow/example_dags/example_branch_python_dop_operator_3.py for tasks to queue
[2023-07-11 00:44:58,808] {logging_mixin.py:115} INFO - [2023-07-11 00:44:58,807] {dagbag.py:508} INFO - Filling up the DagBag from /home/airflow/.local/lib/python3.7/site-packages/airflow/example_dags/example_branch_python_dop_operator_3.py
[2023-07-11 00:44:58,825] {processor.py:651} INFO - DAG(s) dict_keys(['example_branch_dop_operator_v3']) retrieved from /home/airflow/.local/lib/python3.7/site-packages/airflow/example_dags/example_branch_python_dop_operator_3.py
[2023-07-11 00:44:58,884] {logging_mixin.py:115} INFO - [2023-07-11 00:44:58,884] {dag.py:2420} INFO - Sync 1 DAGs
[2023-07-11 00:44:58,946] {logging_mixin.py:115} INFO - [2023-07-11 00:44:58,945] {dag.py:2972} INFO - Setting next_dagrun for example_branch_dop_operator_v3 to 2023-07-11T00:43:00+00:00, run_after=2023-07-11T00:44:00+00:00
[2023-07-11 00:44:58,965] {processor.py:161} INFO - Processing /home/airflow/.local/lib/python3.7/site-packages/airflow/example_dags/example_branch_python_dop_operator_3.py took 0.164 seconds
[2023-07-11 00:45:29,476] {processor.py:153} INFO - Started process (PID=335) to work on /home/airflow/.local/lib/python3.7/site-packages/airflow/example_dags/example_branch_python_dop_operator_3.py
[2023-07-11 00:45:29,477] {processor.py:641} INFO - Processing file /home/airflow/.local/lib/python3.7/site-packages/airflow/example_dags/example_branch_python_dop_operator_3.py for tasks to queue
[2023-07-11 00:45:29,478] {logging_mixin.py:115} INFO - [2023-07-11 00:45:29,478] {dagbag.py:508} INFO - Filling up the DagBag from /home/airflow/.local/lib/python3.7/site-packages/airflow/example_dags/example_branch_python_dop_operator_3.py
[2023-07-11 00:45:29,494] {processor.py:651} INFO - DAG(s) dict_keys(['example_branch_dop_operator_v3']) retrieved from /home/airflow/.local/lib/python3.7/site-packages/airflow/example_dags/example_branch_python_dop_operator_3.py
[2023-07-11 00:45:29,527] {logging_mixin.py:115} INFO - [2023-07-11 00:45:29,527] {dag.py:2420} INFO - Sync 1 DAGs
[2023-07-11 00:45:29,569] {logging_mixin.py:115} INFO - [2023-07-11 00:45:29,569] {dag.py:2972} INFO - Setting next_dagrun for example_branch_dop_operator_v3 to 2023-07-11T00:44:00+00:00, run_after=2023-07-11T00:45:00+00:00
[2023-07-11 00:45:29,587] {processor.py:161} INFO - Processing /home/airflow/.local/lib/python3.7/site-packages/airflow/example_dags/example_branch_python_dop_operator_3.py took 0.115 seconds
[2023-07-11 00:46:00,129] {processor.py:153} INFO - Started process (PID=387) to work on /home/airflow/.local/lib/python3.7/site-packages/airflow/example_dags/example_branch_python_dop_operator_3.py
[2023-07-11 00:46:00,129] {processor.py:641} INFO - Processing file /home/airflow/.local/lib/python3.7/site-packages/airflow/example_dags/example_branch_python_dop_operator_3.py for tasks to queue
[2023-07-11 00:46:00,130] {logging_mixin.py:115} INFO - [2023-07-11 00:46:00,129] {dagbag.py:508} INFO - Filling up the DagBag from /home/airflow/.local/lib/python3.7/site-packages/airflow/example_dags/example_branch_python_dop_operator_3.py
[2023-07-11 00:46:00,143] {processor.py:651} INFO - DAG(s) dict_keys(['example_branch_dop_operator_v3']) retrieved from /home/airflow/.local/lib/python3.7/site-packages/airflow/example_dags/example_branch_python_dop_operator_3.py
[2023-07-11 00:46:00,187] {logging_mixin.py:115} INFO - [2023-07-11 00:46:00,187] {dag.py:2420} INFO - Sync 1 DAGs
[2023-07-11 00:46:00,240] {logging_mixin.py:115} INFO - [2023-07-11 00:46:00,239] {dag.py:2972} INFO - Setting next_dagrun for example_branch_dop_operator_v3 to 2023-07-11T00:45:00+00:00, run_after=2023-07-11T00:46:00+00:00
[2023-07-11 00:46:00,257] {processor.py:161} INFO - Processing /home/airflow/.local/lib/python3.7/site-packages/airflow/example_dags/example_branch_python_dop_operator_3.py took 0.132 seconds
[2023-07-11 00:46:30,556] {processor.py:153} INFO - Started process (PID=450) to work on /home/airflow/.local/lib/python3.7/site-packages/airflow/example_dags/example_branch_python_dop_operator_3.py
[2023-07-11 00:46:30,557] {processor.py:641} INFO - Processing file /home/airflow/.local/lib/python3.7/site-packages/airflow/example_dags/example_branch_python_dop_operator_3.py for tasks to queue
[2023-07-11 00:46:30,558] {logging_mixin.py:115} INFO - [2023-07-11 00:46:30,557] {dagbag.py:508} INFO - Filling up the DagBag from /home/airflow/.local/lib/python3.7/site-packages/airflow/example_dags/example_branch_python_dop_operator_3.py
[2023-07-11 00:46:30,569] {processor.py:651} INFO - DAG(s) dict_keys(['example_branch_dop_operator_v3']) retrieved from /home/airflow/.local/lib/python3.7/site-packages/airflow/example_dags/example_branch_python_dop_operator_3.py
[2023-07-11 00:46:30,601] {logging_mixin.py:115} INFO - [2023-07-11 00:46:30,600] {dag.py:2420} INFO - Sync 1 DAGs
[2023-07-11 00:46:30,633] {logging_mixin.py:115} INFO - [2023-07-11 00:46:30,633] {dag.py:2972} INFO - Setting next_dagrun for example_branch_dop_operator_v3 to 2023-07-11T00:45:00+00:00, run_after=2023-07-11T00:46:00+00:00
[2023-07-11 00:46:30,649] {processor.py:161} INFO - Processing /home/airflow/.local/lib/python3.7/site-packages/airflow/example_dags/example_branch_python_dop_operator_3.py took 0.096 seconds
[2023-07-11 00:47:00,786] {processor.py:153} INFO - Started process (PID=502) to work on /home/airflow/.local/lib/python3.7/site-packages/airflow/example_dags/example_branch_python_dop_operator_3.py
[2023-07-11 00:47:00,786] {processor.py:641} INFO - Processing file /home/airflow/.local/lib/python3.7/site-packages/airflow/example_dags/example_branch_python_dop_operator_3.py for tasks to queue
[2023-07-11 00:47:00,787] {logging_mixin.py:115} INFO - [2023-07-11 00:47:00,787] {dagbag.py:508} INFO - Filling up the DagBag from /home/airflow/.local/lib/python3.7/site-packages/airflow/example_dags/example_branch_python_dop_operator_3.py
[2023-07-11 00:47:00,826] {processor.py:651} INFO - DAG(s) dict_keys(['example_branch_dop_operator_v3']) retrieved from /home/airflow/.local/lib/python3.7/site-packages/airflow/example_dags/example_branch_python_dop_operator_3.py
[2023-07-11 00:47:00,888] {logging_mixin.py:115} INFO - [2023-07-11 00:47:00,887] {dag.py:2420} INFO - Sync 1 DAGs
[2023-07-11 00:47:00,965] {logging_mixin.py:115} INFO - [2023-07-11 00:47:00,965] {dag.py:2972} INFO - Setting next_dagrun for example_branch_dop_operator_v3 to 2023-07-11T00:46:00+00:00, run_after=2023-07-11T00:47:00+00:00
[2023-07-11 00:47:00,986] {processor.py:161} INFO - Processing /home/airflow/.local/lib/python3.7/site-packages/airflow/example_dags/example_branch_python_dop_operator_3.py took 0.206 seconds
[2023-07-11 00:47:31,723] {processor.py:153} INFO - Started process (PID=563) to work on /home/airflow/.local/lib/python3.7/site-packages/airflow/example_dags/example_branch_python_dop_operator_3.py
[2023-07-11 00:47:31,725] {processor.py:641} INFO - Processing file /home/airflow/.local/lib/python3.7/site-packages/airflow/example_dags/example_branch_python_dop_operator_3.py for tasks to queue
[2023-07-11 00:47:31,726] {logging_mixin.py:115} INFO - [2023-07-11 00:47:31,725] {dagbag.py:508} INFO - Filling up the DagBag from /home/airflow/.local/lib/python3.7/site-packages/airflow/example_dags/example_branch_python_dop_operator_3.py
[2023-07-11 00:47:31,738] {processor.py:651} INFO - DAG(s) dict_keys(['example_branch_dop_operator_v3']) retrieved from /home/airflow/.local/lib/python3.7/site-packages/airflow/example_dags/example_branch_python_dop_operator_3.py
[2023-07-11 00:47:31,776] {logging_mixin.py:115} INFO - [2023-07-11 00:47:31,775] {dag.py:2420} INFO - Sync 1 DAGs
[2023-07-11 00:47:31,821] {logging_mixin.py:115} INFO - [2023-07-11 00:47:31,821] {dag.py:2972} INFO - Setting next_dagrun for example_branch_dop_operator_v3 to 2023-07-11T00:46:00+00:00, run_after=2023-07-11T00:47:00+00:00
[2023-07-11 00:47:31,841] {processor.py:161} INFO - Processing /home/airflow/.local/lib/python3.7/site-packages/airflow/example_dags/example_branch_python_dop_operator_3.py took 0.122 seconds
[2023-07-11 00:48:01,928] {processor.py:153} INFO - Started process (PID=616) to work on /home/airflow/.local/lib/python3.7/site-packages/airflow/example_dags/example_branch_python_dop_operator_3.py
[2023-07-11 00:48:01,928] {processor.py:641} INFO - Processing file /home/airflow/.local/lib/python3.7/site-packages/airflow/example_dags/example_branch_python_dop_operator_3.py for tasks to queue
[2023-07-11 00:48:01,929] {logging_mixin.py:115} INFO - [2023-07-11 00:48:01,929] {dagbag.py:508} INFO - Filling up the DagBag from /home/airflow/.local/lib/python3.7/site-packages/airflow/example_dags/example_branch_python_dop_operator_3.py
[2023-07-11 00:48:01,949] {processor.py:651} INFO - DAG(s) dict_keys(['example_branch_dop_operator_v3']) retrieved from /home/airflow/.local/lib/python3.7/site-packages/airflow/example_dags/example_branch_python_dop_operator_3.py
[2023-07-11 00:48:01,991] {logging_mixin.py:115} INFO - [2023-07-11 00:48:01,990] {dag.py:2420} INFO - Sync 1 DAGs
[2023-07-11 00:48:02,046] {logging_mixin.py:115} INFO - [2023-07-11 00:48:02,046] {dag.py:2972} INFO - Setting next_dagrun for example_branch_dop_operator_v3 to 2023-07-11T00:47:00+00:00, run_after=2023-07-11T00:48:00+00:00
[2023-07-11 00:48:02,066] {processor.py:161} INFO - Processing /home/airflow/.local/lib/python3.7/site-packages/airflow/example_dags/example_branch_python_dop_operator_3.py took 0.144 seconds
[2023-07-11 00:48:32,339] {processor.py:153} INFO - Started process (PID=677) to work on /home/airflow/.local/lib/python3.7/site-packages/airflow/example_dags/example_branch_python_dop_operator_3.py
[2023-07-11 00:48:32,339] {processor.py:641} INFO - Processing file /home/airflow/.local/lib/python3.7/site-packages/airflow/example_dags/example_branch_python_dop_operator_3.py for tasks to queue
[2023-07-11 00:48:32,340] {logging_mixin.py:115} INFO - [2023-07-11 00:48:32,340] {dagbag.py:508} INFO - Filling up the DagBag from /home/airflow/.local/lib/python3.7/site-packages/airflow/example_dags/example_branch_python_dop_operator_3.py
[2023-07-11 00:48:32,351] {processor.py:651} INFO - DAG(s) dict_keys(['example_branch_dop_operator_v3']) retrieved from /home/airflow/.local/lib/python3.7/site-packages/airflow/example_dags/example_branch_python_dop_operator_3.py
[2023-07-11 00:48:32,378] {logging_mixin.py:115} INFO - [2023-07-11 00:48:32,378] {dag.py:2420} INFO - Sync 1 DAGs
[2023-07-11 00:48:32,413] {logging_mixin.py:115} INFO - [2023-07-11 00:48:32,413] {dag.py:2972} INFO - Setting next_dagrun for example_branch_dop_operator_v3 to 2023-07-11T00:47:00+00:00, run_after=2023-07-11T00:48:00+00:00
[2023-07-11 00:48:32,430] {processor.py:161} INFO - Processing /home/airflow/.local/lib/python3.7/site-packages/airflow/example_dags/example_branch_python_dop_operator_3.py took 0.095 seconds
[2023-07-11 00:49:02,914] {processor.py:153} INFO - Started process (PID=729) to work on /home/airflow/.local/lib/python3.7/site-packages/airflow/example_dags/example_branch_python_dop_operator_3.py
[2023-07-11 00:49:02,915] {processor.py:641} INFO - Processing file /home/airflow/.local/lib/python3.7/site-packages/airflow/example_dags/example_branch_python_dop_operator_3.py for tasks to queue
[2023-07-11 00:49:02,916] {logging_mixin.py:115} INFO - [2023-07-11 00:49:02,916] {dagbag.py:508} INFO - Filling up the DagBag from /home/airflow/.local/lib/python3.7/site-packages/airflow/example_dags/example_branch_python_dop_operator_3.py
[2023-07-11 00:49:02,937] {processor.py:651} INFO - DAG(s) dict_keys(['example_branch_dop_operator_v3']) retrieved from /home/airflow/.local/lib/python3.7/site-packages/airflow/example_dags/example_branch_python_dop_operator_3.py
[2023-07-11 00:49:02,977] {logging_mixin.py:115} INFO - [2023-07-11 00:49:02,977] {dag.py:2420} INFO - Sync 1 DAGs
[2023-07-11 00:49:03,015] {logging_mixin.py:115} INFO - [2023-07-11 00:49:03,015] {dag.py:2972} INFO - Setting next_dagrun for example_branch_dop_operator_v3 to 2023-07-11T00:48:00+00:00, run_after=2023-07-11T00:49:00+00:00
[2023-07-11 00:49:03,032] {processor.py:161} INFO - Processing /home/airflow/.local/lib/python3.7/site-packages/airflow/example_dags/example_branch_python_dop_operator_3.py took 0.123 seconds
[2023-07-11 00:49:33,277] {processor.py:153} INFO - Started process (PID=790) to work on /home/airflow/.local/lib/python3.7/site-packages/airflow/example_dags/example_branch_python_dop_operator_3.py
[2023-07-11 00:49:33,278] {processor.py:641} INFO - Processing file /home/airflow/.local/lib/python3.7/site-packages/airflow/example_dags/example_branch_python_dop_operator_3.py for tasks to queue
[2023-07-11 00:49:33,278] {logging_mixin.py:115} INFO - [2023-07-11 00:49:33,278] {dagbag.py:508} INFO - Filling up the DagBag from /home/airflow/.local/lib/python3.7/site-packages/airflow/example_dags/example_branch_python_dop_operator_3.py
[2023-07-11 00:49:33,291] {processor.py:651} INFO - DAG(s) dict_keys(['example_branch_dop_operator_v3']) retrieved from /home/airflow/.local/lib/python3.7/site-packages/airflow/example_dags/example_branch_python_dop_operator_3.py
[2023-07-11 00:49:33,319] {logging_mixin.py:115} INFO - [2023-07-11 00:49:33,319] {dag.py:2420} INFO - Sync 1 DAGs
[2023-07-11 00:49:33,357] {logging_mixin.py:115} INFO - [2023-07-11 00:49:33,357] {dag.py:2972} INFO - Setting next_dagrun for example_branch_dop_operator_v3 to 2023-07-11T00:48:00+00:00, run_after=2023-07-11T00:49:00+00:00
[2023-07-11 00:49:33,374] {processor.py:161} INFO - Processing /home/airflow/.local/lib/python3.7/site-packages/airflow/example_dags/example_branch_python_dop_operator_3.py took 0.100 seconds
[2023-07-11 00:50:03,669] {processor.py:153} INFO - Started process (PID=841) to work on /home/airflow/.local/lib/python3.7/site-packages/airflow/example_dags/example_branch_python_dop_operator_3.py
[2023-07-11 00:50:03,670] {processor.py:641} INFO - Processing file /home/airflow/.local/lib/python3.7/site-packages/airflow/example_dags/example_branch_python_dop_operator_3.py for tasks to queue
[2023-07-11 00:50:03,671] {logging_mixin.py:115} INFO - [2023-07-11 00:50:03,671] {dagbag.py:508} INFO - Filling up the DagBag from /home/airflow/.local/lib/python3.7/site-packages/airflow/example_dags/example_branch_python_dop_operator_3.py
[2023-07-11 00:50:03,682] {processor.py:651} INFO - DAG(s) dict_keys(['example_branch_dop_operator_v3']) retrieved from /home/airflow/.local/lib/python3.7/site-packages/airflow/example_dags/example_branch_python_dop_operator_3.py
[2023-07-11 00:50:03,715] {logging_mixin.py:115} INFO - [2023-07-11 00:50:03,715] {dag.py:2420} INFO - Sync 1 DAGs
[2023-07-11 00:50:03,750] {logging_mixin.py:115} INFO - [2023-07-11 00:50:03,750] {dag.py:2972} INFO - Setting next_dagrun for example_branch_dop_operator_v3 to 2023-07-11T00:49:00+00:00, run_after=2023-07-11T00:50:00+00:00
[2023-07-11 00:50:03,767] {processor.py:161} INFO - Processing /home/airflow/.local/lib/python3.7/site-packages/airflow/example_dags/example_branch_python_dop_operator_3.py took 0.101 seconds
[2023-07-11 00:50:34,322] {processor.py:153} INFO - Started process (PID=900) to work on /home/airflow/.local/lib/python3.7/site-packages/airflow/example_dags/example_branch_python_dop_operator_3.py
[2023-07-11 00:50:34,322] {processor.py:641} INFO - Processing file /home/airflow/.local/lib/python3.7/site-packages/airflow/example_dags/example_branch_python_dop_operator_3.py for tasks to queue
[2023-07-11 00:50:34,323] {logging_mixin.py:115} INFO - [2023-07-11 00:50:34,323] {dagbag.py:508} INFO - Filling up the DagBag from /home/airflow/.local/lib/python3.7/site-packages/airflow/example_dags/example_branch_python_dop_operator_3.py
[2023-07-11 00:50:34,334] {processor.py:651} INFO - DAG(s) dict_keys(['example_branch_dop_operator_v3']) retrieved from /home/airflow/.local/lib/python3.7/site-packages/airflow/example_dags/example_branch_python_dop_operator_3.py
[2023-07-11 00:50:34,372] {logging_mixin.py:115} INFO - [2023-07-11 00:50:34,372] {dag.py:2420} INFO - Sync 1 DAGs
[2023-07-11 00:50:34,409] {logging_mixin.py:115} INFO - [2023-07-11 00:50:34,409] {dag.py:2972} INFO - Setting next_dagrun for example_branch_dop_operator_v3 to 2023-07-11T00:49:00+00:00, run_after=2023-07-11T00:50:00+00:00
[2023-07-11 00:50:34,427] {processor.py:161} INFO - Processing /home/airflow/.local/lib/python3.7/site-packages/airflow/example_dags/example_branch_python_dop_operator_3.py took 0.110 seconds
[2023-07-11 00:51:05,127] {processor.py:153} INFO - Started process (PID=960) to work on /home/airflow/.local/lib/python3.7/site-packages/airflow/example_dags/example_branch_python_dop_operator_3.py
[2023-07-11 00:51:05,128] {processor.py:641} INFO - Processing file /home/airflow/.local/lib/python3.7/site-packages/airflow/example_dags/example_branch_python_dop_operator_3.py for tasks to queue
[2023-07-11 00:51:05,129] {logging_mixin.py:115} INFO - [2023-07-11 00:51:05,129] {dagbag.py:508} INFO - Filling up the DagBag from /home/airflow/.local/lib/python3.7/site-packages/airflow/example_dags/example_branch_python_dop_operator_3.py
[2023-07-11 00:51:05,147] {processor.py:651} INFO - DAG(s) dict_keys(['example_branch_dop_operator_v3']) retrieved from /home/airflow/.local/lib/python3.7/site-packages/airflow/example_dags/example_branch_python_dop_operator_3.py
[2023-07-11 00:51:05,188] {logging_mixin.py:115} INFO - [2023-07-11 00:51:05,188] {dag.py:2420} INFO - Sync 1 DAGs
[2023-07-11 00:51:05,235] {logging_mixin.py:115} INFO - [2023-07-11 00:51:05,234] {dag.py:2972} INFO - Setting next_dagrun for example_branch_dop_operator_v3 to 2023-07-11T00:50:00+00:00, run_after=2023-07-11T00:51:00+00:00
[2023-07-11 00:51:05,249] {processor.py:161} INFO - Processing /home/airflow/.local/lib/python3.7/site-packages/airflow/example_dags/example_branch_python_dop_operator_3.py took 0.126 seconds
[2023-07-11 00:51:35,490] {processor.py:153} INFO - Started process (PID=1012) to work on /home/airflow/.local/lib/python3.7/site-packages/airflow/example_dags/example_branch_python_dop_operator_3.py
[2023-07-11 00:51:35,491] {processor.py:641} INFO - Processing file /home/airflow/.local/lib/python3.7/site-packages/airflow/example_dags/example_branch_python_dop_operator_3.py for tasks to queue
[2023-07-11 00:51:35,492] {logging_mixin.py:115} INFO - [2023-07-11 00:51:35,492] {dagbag.py:508} INFO - Filling up the DagBag from /home/airflow/.local/lib/python3.7/site-packages/airflow/example_dags/example_branch_python_dop_operator_3.py
[2023-07-11 00:51:35,510] {processor.py:651} INFO - DAG(s) dict_keys(['example_branch_dop_operator_v3']) retrieved from /home/airflow/.local/lib/python3.7/site-packages/airflow/example_dags/example_branch_python_dop_operator_3.py
[2023-07-11 00:51:35,549] {logging_mixin.py:115} INFO - [2023-07-11 00:51:35,549] {dag.py:2420} INFO - Sync 1 DAGs
[2023-07-11 00:51:35,592] {logging_mixin.py:115} INFO - [2023-07-11 00:51:35,592] {dag.py:2972} INFO - Setting next_dagrun for example_branch_dop_operator_v3 to 2023-07-11T00:50:00+00:00, run_after=2023-07-11T00:51:00+00:00
[2023-07-11 00:51:35,608] {processor.py:161} INFO - Processing /home/airflow/.local/lib/python3.7/site-packages/airflow/example_dags/example_branch_python_dop_operator_3.py took 0.123 seconds
[2023-07-11 22:50:09,302] {processor.py:153} INFO - Started process (PID=1063) to work on /home/airflow/.local/lib/python3.7/site-packages/airflow/example_dags/example_branch_python_dop_operator_3.py
[2023-07-11 22:50:09,308] {processor.py:641} INFO - Processing file /home/airflow/.local/lib/python3.7/site-packages/airflow/example_dags/example_branch_python_dop_operator_3.py for tasks to queue
[2023-07-11 22:50:09,309] {logging_mixin.py:115} INFO - [2023-07-11 22:50:09,309] {dagbag.py:508} INFO - Filling up the DagBag from /home/airflow/.local/lib/python3.7/site-packages/airflow/example_dags/example_branch_python_dop_operator_3.py
[2023-07-11 22:50:09,345] {processor.py:651} INFO - DAG(s) dict_keys(['example_branch_dop_operator_v3']) retrieved from /home/airflow/.local/lib/python3.7/site-packages/airflow/example_dags/example_branch_python_dop_operator_3.py
[2023-07-11 22:50:09,407] {logging_mixin.py:115} INFO - [2023-07-11 22:50:09,407] {dag.py:2420} INFO - Sync 1 DAGs
[2023-07-11 22:50:09,527] {logging_mixin.py:115} INFO - [2023-07-11 22:50:09,527] {dag.py:2972} INFO - Setting next_dagrun for example_branch_dop_operator_v3 to 2023-07-11T22:49:00+00:00, run_after=2023-07-11T22:50:00+00:00
[2023-07-11 22:50:09,595] {processor.py:161} INFO - Processing /home/airflow/.local/lib/python3.7/site-packages/airflow/example_dags/example_branch_python_dop_operator_3.py took 0.301 seconds
[2023-07-11 22:50:40,423] {processor.py:153} INFO - Started process (PID=1106) to work on /home/airflow/.local/lib/python3.7/site-packages/airflow/example_dags/example_branch_python_dop_operator_3.py
[2023-07-11 22:50:40,423] {processor.py:641} INFO - Processing file /home/airflow/.local/lib/python3.7/site-packages/airflow/example_dags/example_branch_python_dop_operator_3.py for tasks to queue
[2023-07-11 22:50:40,424] {logging_mixin.py:115} INFO - [2023-07-11 22:50:40,424] {dagbag.py:508} INFO - Filling up the DagBag from /home/airflow/.local/lib/python3.7/site-packages/airflow/example_dags/example_branch_python_dop_operator_3.py
[2023-07-11 22:50:40,497] {processor.py:651} INFO - DAG(s) dict_keys(['example_branch_dop_operator_v3']) retrieved from /home/airflow/.local/lib/python3.7/site-packages/airflow/example_dags/example_branch_python_dop_operator_3.py
[2023-07-11 22:50:40,591] {logging_mixin.py:115} INFO - [2023-07-11 22:50:40,591] {dag.py:2420} INFO - Sync 1 DAGs
[2023-07-11 22:50:40,725] {logging_mixin.py:115} INFO - [2023-07-11 22:50:40,725] {dag.py:2972} INFO - Setting next_dagrun for example_branch_dop_operator_v3 to 2023-07-11T22:49:00+00:00, run_after=2023-07-11T22:50:00+00:00
[2023-07-11 22:50:40,833] {processor.py:161} INFO - Processing /home/airflow/.local/lib/python3.7/site-packages/airflow/example_dags/example_branch_python_dop_operator_3.py took 0.439 seconds
[2023-07-11 22:51:11,424] {processor.py:153} INFO - Started process (PID=1167) to work on /home/airflow/.local/lib/python3.7/site-packages/airflow/example_dags/example_branch_python_dop_operator_3.py
[2023-07-11 22:51:11,425] {processor.py:641} INFO - Processing file /home/airflow/.local/lib/python3.7/site-packages/airflow/example_dags/example_branch_python_dop_operator_3.py for tasks to queue
[2023-07-11 22:51:11,425] {logging_mixin.py:115} INFO - [2023-07-11 22:51:11,425] {dagbag.py:508} INFO - Filling up the DagBag from /home/airflow/.local/lib/python3.7/site-packages/airflow/example_dags/example_branch_python_dop_operator_3.py
[2023-07-11 22:51:11,435] {processor.py:651} INFO - DAG(s) dict_keys(['example_branch_dop_operator_v3']) retrieved from /home/airflow/.local/lib/python3.7/site-packages/airflow/example_dags/example_branch_python_dop_operator_3.py
[2023-07-11 22:51:11,461] {logging_mixin.py:115} INFO - [2023-07-11 22:51:11,461] {dag.py:2420} INFO - Sync 1 DAGs
[2023-07-11 22:51:11,500] {logging_mixin.py:115} INFO - [2023-07-11 22:51:11,500] {dag.py:2972} INFO - Setting next_dagrun for example_branch_dop_operator_v3 to 2023-07-11T22:50:00+00:00, run_after=2023-07-11T22:51:00+00:00
[2023-07-11 22:51:11,516] {processor.py:161} INFO - Processing /home/airflow/.local/lib/python3.7/site-packages/airflow/example_dags/example_branch_python_dop_operator_3.py took 0.095 seconds
[2023-07-11 22:51:41,915] {processor.py:153} INFO - Started process (PID=1219) to work on /home/airflow/.local/lib/python3.7/site-packages/airflow/example_dags/example_branch_python_dop_operator_3.py
[2023-07-11 22:51:41,915] {processor.py:641} INFO - Processing file /home/airflow/.local/lib/python3.7/site-packages/airflow/example_dags/example_branch_python_dop_operator_3.py for tasks to queue
[2023-07-11 22:51:41,916] {logging_mixin.py:115} INFO - [2023-07-11 22:51:41,916] {dagbag.py:508} INFO - Filling up the DagBag from /home/airflow/.local/lib/python3.7/site-packages/airflow/example_dags/example_branch_python_dop_operator_3.py
[2023-07-11 22:51:41,928] {processor.py:651} INFO - DAG(s) dict_keys(['example_branch_dop_operator_v3']) retrieved from /home/airflow/.local/lib/python3.7/site-packages/airflow/example_dags/example_branch_python_dop_operator_3.py
[2023-07-11 22:51:41,960] {logging_mixin.py:115} INFO - [2023-07-11 22:51:41,960] {dag.py:2420} INFO - Sync 1 DAGs
[2023-07-11 22:51:41,995] {logging_mixin.py:115} INFO - [2023-07-11 22:51:41,995] {dag.py:2972} INFO - Setting next_dagrun for example_branch_dop_operator_v3 to 2023-07-11T22:50:00+00:00, run_after=2023-07-11T22:51:00+00:00
[2023-07-11 22:51:42,012] {processor.py:161} INFO - Processing /home/airflow/.local/lib/python3.7/site-packages/airflow/example_dags/example_branch_python_dop_operator_3.py took 0.101 seconds
[2023-07-11 22:52:12,991] {processor.py:153} INFO - Started process (PID=1278) to work on /home/airflow/.local/lib/python3.7/site-packages/airflow/example_dags/example_branch_python_dop_operator_3.py
[2023-07-11 22:52:12,992] {processor.py:641} INFO - Processing file /home/airflow/.local/lib/python3.7/site-packages/airflow/example_dags/example_branch_python_dop_operator_3.py for tasks to queue
[2023-07-11 22:52:12,993] {logging_mixin.py:115} INFO - [2023-07-11 22:52:12,993] {dagbag.py:508} INFO - Filling up the DagBag from /home/airflow/.local/lib/python3.7/site-packages/airflow/example_dags/example_branch_python_dop_operator_3.py
[2023-07-11 22:52:13,006] {processor.py:651} INFO - DAG(s) dict_keys(['example_branch_dop_operator_v3']) retrieved from /home/airflow/.local/lib/python3.7/site-packages/airflow/example_dags/example_branch_python_dop_operator_3.py
[2023-07-11 22:52:13,034] {logging_mixin.py:115} INFO - [2023-07-11 22:52:13,034] {dag.py:2420} INFO - Sync 1 DAGs
[2023-07-11 22:52:13,072] {logging_mixin.py:115} INFO - [2023-07-11 22:52:13,072] {dag.py:2972} INFO - Setting next_dagrun for example_branch_dop_operator_v3 to 2023-07-11T22:51:00+00:00, run_after=2023-07-11T22:52:00+00:00
[2023-07-11 22:52:13,088] {processor.py:161} INFO - Processing /home/airflow/.local/lib/python3.7/site-packages/airflow/example_dags/example_branch_python_dop_operator_3.py took 0.100 seconds
[2023-07-11 22:52:43,647] {processor.py:153} INFO - Started process (PID=1329) to work on /home/airflow/.local/lib/python3.7/site-packages/airflow/example_dags/example_branch_python_dop_operator_3.py
[2023-07-11 22:52:43,648] {processor.py:641} INFO - Processing file /home/airflow/.local/lib/python3.7/site-packages/airflow/example_dags/example_branch_python_dop_operator_3.py for tasks to queue
[2023-07-11 22:52:43,649] {logging_mixin.py:115} INFO - [2023-07-11 22:52:43,649] {dagbag.py:508} INFO - Filling up the DagBag from /home/airflow/.local/lib/python3.7/site-packages/airflow/example_dags/example_branch_python_dop_operator_3.py
[2023-07-11 22:52:43,697] {processor.py:651} INFO - DAG(s) dict_keys(['example_branch_dop_operator_v3']) retrieved from /home/airflow/.local/lib/python3.7/site-packages/airflow/example_dags/example_branch_python_dop_operator_3.py
[2023-07-11 22:52:43,743] {logging_mixin.py:115} INFO - [2023-07-11 22:52:43,742] {dag.py:2420} INFO - Sync 1 DAGs
[2023-07-11 22:52:43,822] {logging_mixin.py:115} INFO - [2023-07-11 22:52:43,822] {dag.py:2972} INFO - Setting next_dagrun for example_branch_dop_operator_v3 to 2023-07-11T22:51:00+00:00, run_after=2023-07-11T22:52:00+00:00
[2023-07-11 22:52:43,845] {processor.py:161} INFO - Processing /home/airflow/.local/lib/python3.7/site-packages/airflow/example_dags/example_branch_python_dop_operator_3.py took 0.209 seconds
[2023-07-11 22:53:13,918] {processor.py:153} INFO - Started process (PID=1380) to work on /home/airflow/.local/lib/python3.7/site-packages/airflow/example_dags/example_branch_python_dop_operator_3.py
[2023-07-11 22:53:13,919] {processor.py:641} INFO - Processing file /home/airflow/.local/lib/python3.7/site-packages/airflow/example_dags/example_branch_python_dop_operator_3.py for tasks to queue
[2023-07-11 22:53:13,919] {logging_mixin.py:115} INFO - [2023-07-11 22:53:13,919] {dagbag.py:508} INFO - Filling up the DagBag from /home/airflow/.local/lib/python3.7/site-packages/airflow/example_dags/example_branch_python_dop_operator_3.py
[2023-07-11 22:53:13,930] {processor.py:651} INFO - DAG(s) dict_keys(['example_branch_dop_operator_v3']) retrieved from /home/airflow/.local/lib/python3.7/site-packages/airflow/example_dags/example_branch_python_dop_operator_3.py
[2023-07-11 22:53:13,959] {logging_mixin.py:115} INFO - [2023-07-11 22:53:13,959] {dag.py:2420} INFO - Sync 1 DAGs
[2023-07-11 22:53:13,991] {logging_mixin.py:115} INFO - [2023-07-11 22:53:13,991] {dag.py:2972} INFO - Setting next_dagrun for example_branch_dop_operator_v3 to 2023-07-11T22:52:00+00:00, run_after=2023-07-11T22:53:00+00:00
[2023-07-11 22:53:14,006] {processor.py:161} INFO - Processing /home/airflow/.local/lib/python3.7/site-packages/airflow/example_dags/example_branch_python_dop_operator_3.py took 0.092 seconds
[2023-07-11 22:53:45,462] {processor.py:153} INFO - Started process (PID=1439) to work on /home/airflow/.local/lib/python3.7/site-packages/airflow/example_dags/example_branch_python_dop_operator_3.py
[2023-07-11 22:53:45,464] {processor.py:641} INFO - Processing file /home/airflow/.local/lib/python3.7/site-packages/airflow/example_dags/example_branch_python_dop_operator_3.py for tasks to queue
[2023-07-11 22:53:45,465] {logging_mixin.py:115} INFO - [2023-07-11 22:53:45,465] {dagbag.py:508} INFO - Filling up the DagBag from /home/airflow/.local/lib/python3.7/site-packages/airflow/example_dags/example_branch_python_dop_operator_3.py
[2023-07-11 22:53:45,523] {processor.py:651} INFO - DAG(s) dict_keys(['example_branch_dop_operator_v3']) retrieved from /home/airflow/.local/lib/python3.7/site-packages/airflow/example_dags/example_branch_python_dop_operator_3.py
[2023-07-11 22:53:45,625] {logging_mixin.py:115} INFO - [2023-07-11 22:53:45,625] {dag.py:2420} INFO - Sync 1 DAGs
[2023-07-11 22:53:45,751] {logging_mixin.py:115} INFO - [2023-07-11 22:53:45,750] {dag.py:2972} INFO - Setting next_dagrun for example_branch_dop_operator_v3 to 2023-07-11T22:52:00+00:00, run_after=2023-07-11T22:53:00+00:00
[2023-07-11 22:53:45,816] {processor.py:161} INFO - Processing /home/airflow/.local/lib/python3.7/site-packages/airflow/example_dags/example_branch_python_dop_operator_3.py took 0.369 seconds
[2023-07-11 22:54:16,150] {processor.py:153} INFO - Started process (PID=1492) to work on /home/airflow/.local/lib/python3.7/site-packages/airflow/example_dags/example_branch_python_dop_operator_3.py
[2023-07-11 22:54:16,166] {processor.py:641} INFO - Processing file /home/airflow/.local/lib/python3.7/site-packages/airflow/example_dags/example_branch_python_dop_operator_3.py for tasks to queue
[2023-07-11 22:54:16,167] {logging_mixin.py:115} INFO - [2023-07-11 22:54:16,167] {dagbag.py:508} INFO - Filling up the DagBag from /home/airflow/.local/lib/python3.7/site-packages/airflow/example_dags/example_branch_python_dop_operator_3.py
[2023-07-11 22:54:16,293] {processor.py:651} INFO - DAG(s) dict_keys(['example_branch_dop_operator_v3']) retrieved from /home/airflow/.local/lib/python3.7/site-packages/airflow/example_dags/example_branch_python_dop_operator_3.py
[2023-07-11 22:54:16,368] {logging_mixin.py:115} INFO - [2023-07-11 22:54:16,368] {dag.py:2420} INFO - Sync 1 DAGs
[2023-07-11 22:54:16,442] {logging_mixin.py:115} INFO - [2023-07-11 22:54:16,442] {dag.py:2972} INFO - Setting next_dagrun for example_branch_dop_operator_v3 to 2023-07-11T22:53:00+00:00, run_after=2023-07-11T22:54:00+00:00
[2023-07-11 22:54:16,482] {processor.py:161} INFO - Processing /home/airflow/.local/lib/python3.7/site-packages/airflow/example_dags/example_branch_python_dop_operator_3.py took 0.352 seconds
[2023-07-11 22:54:46,868] {processor.py:153} INFO - Started process (PID=1543) to work on /home/airflow/.local/lib/python3.7/site-packages/airflow/example_dags/example_branch_python_dop_operator_3.py
[2023-07-11 22:54:46,883] {processor.py:641} INFO - Processing file /home/airflow/.local/lib/python3.7/site-packages/airflow/example_dags/example_branch_python_dop_operator_3.py for tasks to queue
[2023-07-11 22:54:46,890] {logging_mixin.py:115} INFO - [2023-07-11 22:54:46,889] {dagbag.py:508} INFO - Filling up the DagBag from /home/airflow/.local/lib/python3.7/site-packages/airflow/example_dags/example_branch_python_dop_operator_3.py
[2023-07-11 22:54:46,954] {processor.py:651} INFO - DAG(s) dict_keys(['example_branch_dop_operator_v3']) retrieved from /home/airflow/.local/lib/python3.7/site-packages/airflow/example_dags/example_branch_python_dop_operator_3.py
[2023-07-11 22:54:47,077] {logging_mixin.py:115} INFO - [2023-07-11 22:54:47,076] {dag.py:2420} INFO - Sync 1 DAGs
[2023-07-11 22:54:47,188] {logging_mixin.py:115} INFO - [2023-07-11 22:54:47,188] {dag.py:2972} INFO - Setting next_dagrun for example_branch_dop_operator_v3 to 2023-07-11T22:53:00+00:00, run_after=2023-07-11T22:54:00+00:00
[2023-07-11 22:54:47,223] {processor.py:161} INFO - Processing /home/airflow/.local/lib/python3.7/site-packages/airflow/example_dags/example_branch_python_dop_operator_3.py took 0.371 seconds
[2023-07-11 22:55:18,064] {processor.py:153} INFO - Started process (PID=1595) to work on /home/airflow/.local/lib/python3.7/site-packages/airflow/example_dags/example_branch_python_dop_operator_3.py
[2023-07-11 22:55:18,065] {processor.py:641} INFO - Processing file /home/airflow/.local/lib/python3.7/site-packages/airflow/example_dags/example_branch_python_dop_operator_3.py for tasks to queue
[2023-07-11 22:55:18,067] {logging_mixin.py:115} INFO - [2023-07-11 22:55:18,067] {dagbag.py:508} INFO - Filling up the DagBag from /home/airflow/.local/lib/python3.7/site-packages/airflow/example_dags/example_branch_python_dop_operator_3.py
[2023-07-11 22:55:18,090] {processor.py:651} INFO - DAG(s) dict_keys(['example_branch_dop_operator_v3']) retrieved from /home/airflow/.local/lib/python3.7/site-packages/airflow/example_dags/example_branch_python_dop_operator_3.py
[2023-07-11 22:55:18,162] {logging_mixin.py:115} INFO - [2023-07-11 22:55:18,161] {dag.py:2420} INFO - Sync 1 DAGs
[2023-07-11 22:55:18,293] {logging_mixin.py:115} INFO - [2023-07-11 22:55:18,293] {dag.py:2972} INFO - Setting next_dagrun for example_branch_dop_operator_v3 to 2023-07-11T22:54:00+00:00, run_after=2023-07-11T22:55:00+00:00
[2023-07-11 22:55:18,353] {processor.py:161} INFO - Processing /home/airflow/.local/lib/python3.7/site-packages/airflow/example_dags/example_branch_python_dop_operator_3.py took 0.293 seconds
[2023-07-11 22:55:49,183] {processor.py:153} INFO - Started process (PID=1647) to work on /home/airflow/.local/lib/python3.7/site-packages/airflow/example_dags/example_branch_python_dop_operator_3.py
[2023-07-11 22:55:49,195] {processor.py:641} INFO - Processing file /home/airflow/.local/lib/python3.7/site-packages/airflow/example_dags/example_branch_python_dop_operator_3.py for tasks to queue
[2023-07-11 22:55:49,204] {logging_mixin.py:115} INFO - [2023-07-11 22:55:49,198] {dagbag.py:508} INFO - Filling up the DagBag from /home/airflow/.local/lib/python3.7/site-packages/airflow/example_dags/example_branch_python_dop_operator_3.py
[2023-07-11 22:55:49,352] {processor.py:651} INFO - DAG(s) dict_keys(['example_branch_dop_operator_v3']) retrieved from /home/airflow/.local/lib/python3.7/site-packages/airflow/example_dags/example_branch_python_dop_operator_3.py
[2023-07-11 22:55:49,693] {logging_mixin.py:115} INFO - [2023-07-11 22:55:49,692] {dag.py:2420} INFO - Sync 1 DAGs
[2023-07-11 22:55:50,156] {logging_mixin.py:115} INFO - [2023-07-11 22:55:50,152] {dag.py:2972} INFO - Setting next_dagrun for example_branch_dop_operator_v3 to 2023-07-11T22:54:00+00:00, run_after=2023-07-11T22:55:00+00:00
[2023-07-11 22:55:50,295] {processor.py:161} INFO - Processing /home/airflow/.local/lib/python3.7/site-packages/airflow/example_dags/example_branch_python_dop_operator_3.py took 1.158 seconds
[2023-07-11 22:56:20,785] {processor.py:153} INFO - Started process (PID=1699) to work on /home/airflow/.local/lib/python3.7/site-packages/airflow/example_dags/example_branch_python_dop_operator_3.py
[2023-07-11 22:56:20,786] {processor.py:641} INFO - Processing file /home/airflow/.local/lib/python3.7/site-packages/airflow/example_dags/example_branch_python_dop_operator_3.py for tasks to queue
[2023-07-11 22:56:20,787] {logging_mixin.py:115} INFO - [2023-07-11 22:56:20,787] {dagbag.py:508} INFO - Filling up the DagBag from /home/airflow/.local/lib/python3.7/site-packages/airflow/example_dags/example_branch_python_dop_operator_3.py
[2023-07-11 22:56:20,827] {processor.py:651} INFO - DAG(s) dict_keys(['example_branch_dop_operator_v3']) retrieved from /home/airflow/.local/lib/python3.7/site-packages/airflow/example_dags/example_branch_python_dop_operator_3.py
[2023-07-11 22:56:20,908] {logging_mixin.py:115} INFO - [2023-07-11 22:56:20,907] {dag.py:2420} INFO - Sync 1 DAGs
[2023-07-11 22:56:21,083] {logging_mixin.py:115} INFO - [2023-07-11 22:56:21,083] {dag.py:2972} INFO - Setting next_dagrun for example_branch_dop_operator_v3 to 2023-07-11T22:55:00+00:00, run_after=2023-07-11T22:56:00+00:00
[2023-07-11 22:56:21,176] {processor.py:161} INFO - Processing /home/airflow/.local/lib/python3.7/site-packages/airflow/example_dags/example_branch_python_dop_operator_3.py took 0.401 seconds
[2023-07-11 22:56:51,677] {processor.py:153} INFO - Started process (PID=1760) to work on /home/airflow/.local/lib/python3.7/site-packages/airflow/example_dags/example_branch_python_dop_operator_3.py
[2023-07-11 22:56:51,679] {processor.py:641} INFO - Processing file /home/airflow/.local/lib/python3.7/site-packages/airflow/example_dags/example_branch_python_dop_operator_3.py for tasks to queue
[2023-07-11 22:56:51,680] {logging_mixin.py:115} INFO - [2023-07-11 22:56:51,680] {dagbag.py:508} INFO - Filling up the DagBag from /home/airflow/.local/lib/python3.7/site-packages/airflow/example_dags/example_branch_python_dop_operator_3.py
[2023-07-11 22:56:51,760] {processor.py:651} INFO - DAG(s) dict_keys(['example_branch_dop_operator_v3']) retrieved from /home/airflow/.local/lib/python3.7/site-packages/airflow/example_dags/example_branch_python_dop_operator_3.py
[2023-07-11 22:56:51,853] {logging_mixin.py:115} INFO - [2023-07-11 22:56:51,852] {dag.py:2420} INFO - Sync 1 DAGs
[2023-07-11 22:56:52,014] {logging_mixin.py:115} INFO - [2023-07-11 22:56:52,014] {dag.py:2972} INFO - Setting next_dagrun for example_branch_dop_operator_v3 to 2023-07-11T22:55:00+00:00, run_after=2023-07-11T22:56:00+00:00
[2023-07-11 22:56:52,081] {processor.py:161} INFO - Processing /home/airflow/.local/lib/python3.7/site-packages/airflow/example_dags/example_branch_python_dop_operator_3.py took 0.410 seconds
[2023-07-11 22:57:22,424] {processor.py:153} INFO - Started process (PID=1811) to work on /home/airflow/.local/lib/python3.7/site-packages/airflow/example_dags/example_branch_python_dop_operator_3.py
[2023-07-11 22:57:22,425] {processor.py:641} INFO - Processing file /home/airflow/.local/lib/python3.7/site-packages/airflow/example_dags/example_branch_python_dop_operator_3.py for tasks to queue
[2023-07-11 22:57:22,426] {logging_mixin.py:115} INFO - [2023-07-11 22:57:22,425] {dagbag.py:508} INFO - Filling up the DagBag from /home/airflow/.local/lib/python3.7/site-packages/airflow/example_dags/example_branch_python_dop_operator_3.py
[2023-07-11 22:57:22,451] {processor.py:651} INFO - DAG(s) dict_keys(['example_branch_dop_operator_v3']) retrieved from /home/airflow/.local/lib/python3.7/site-packages/airflow/example_dags/example_branch_python_dop_operator_3.py
[2023-07-11 22:57:22,507] {logging_mixin.py:115} INFO - [2023-07-11 22:57:22,507] {dag.py:2420} INFO - Sync 1 DAGs
[2023-07-11 22:57:22,581] {logging_mixin.py:115} INFO - [2023-07-11 22:57:22,581] {dag.py:2972} INFO - Setting next_dagrun for example_branch_dop_operator_v3 to 2023-07-11T22:56:00+00:00, run_after=2023-07-11T22:57:00+00:00
[2023-07-11 22:57:22,604] {processor.py:161} INFO - Processing /home/airflow/.local/lib/python3.7/site-packages/airflow/example_dags/example_branch_python_dop_operator_3.py took 0.183 seconds
[2023-07-11 22:57:53,083] {processor.py:153} INFO - Started process (PID=1863) to work on /home/airflow/.local/lib/python3.7/site-packages/airflow/example_dags/example_branch_python_dop_operator_3.py
[2023-07-11 22:57:53,085] {processor.py:641} INFO - Processing file /home/airflow/.local/lib/python3.7/site-packages/airflow/example_dags/example_branch_python_dop_operator_3.py for tasks to queue
[2023-07-11 22:57:53,086] {logging_mixin.py:115} INFO - [2023-07-11 22:57:53,086] {dagbag.py:508} INFO - Filling up the DagBag from /home/airflow/.local/lib/python3.7/site-packages/airflow/example_dags/example_branch_python_dop_operator_3.py
[2023-07-11 22:57:53,111] {processor.py:651} INFO - DAG(s) dict_keys(['example_branch_dop_operator_v3']) retrieved from /home/airflow/.local/lib/python3.7/site-packages/airflow/example_dags/example_branch_python_dop_operator_3.py
[2023-07-11 22:57:53,143] {logging_mixin.py:115} INFO - [2023-07-11 22:57:53,143] {dag.py:2420} INFO - Sync 1 DAGs
[2023-07-11 22:57:53,191] {logging_mixin.py:115} INFO - [2023-07-11 22:57:53,191] {dag.py:2972} INFO - Setting next_dagrun for example_branch_dop_operator_v3 to 2023-07-11T22:56:00+00:00, run_after=2023-07-11T22:57:00+00:00
[2023-07-11 22:57:53,215] {processor.py:161} INFO - Processing /home/airflow/.local/lib/python3.7/site-packages/airflow/example_dags/example_branch_python_dop_operator_3.py took 0.140 seconds
[2023-07-11 22:58:23,816] {processor.py:153} INFO - Started process (PID=1915) to work on /home/airflow/.local/lib/python3.7/site-packages/airflow/example_dags/example_branch_python_dop_operator_3.py
[2023-07-11 22:58:23,817] {processor.py:641} INFO - Processing file /home/airflow/.local/lib/python3.7/site-packages/airflow/example_dags/example_branch_python_dop_operator_3.py for tasks to queue
[2023-07-11 22:58:23,818] {logging_mixin.py:115} INFO - [2023-07-11 22:58:23,818] {dagbag.py:508} INFO - Filling up the DagBag from /home/airflow/.local/lib/python3.7/site-packages/airflow/example_dags/example_branch_python_dop_operator_3.py
[2023-07-11 22:58:23,843] {processor.py:651} INFO - DAG(s) dict_keys(['example_branch_dop_operator_v3']) retrieved from /home/airflow/.local/lib/python3.7/site-packages/airflow/example_dags/example_branch_python_dop_operator_3.py
[2023-07-11 22:58:23,919] {logging_mixin.py:115} INFO - [2023-07-11 22:58:23,919] {dag.py:2420} INFO - Sync 1 DAGs
[2023-07-11 22:58:23,998] {logging_mixin.py:115} INFO - [2023-07-11 22:58:23,998] {dag.py:2972} INFO - Setting next_dagrun for example_branch_dop_operator_v3 to 2023-07-11T22:57:00+00:00, run_after=2023-07-11T22:58:00+00:00
[2023-07-11 22:58:24,030] {processor.py:161} INFO - Processing /home/airflow/.local/lib/python3.7/site-packages/airflow/example_dags/example_branch_python_dop_operator_3.py took 0.221 seconds
[2023-07-11 22:58:54,300] {processor.py:153} INFO - Started process (PID=1967) to work on /home/airflow/.local/lib/python3.7/site-packages/airflow/example_dags/example_branch_python_dop_operator_3.py
[2023-07-11 22:58:54,301] {processor.py:641} INFO - Processing file /home/airflow/.local/lib/python3.7/site-packages/airflow/example_dags/example_branch_python_dop_operator_3.py for tasks to queue
[2023-07-11 22:58:54,303] {logging_mixin.py:115} INFO - [2023-07-11 22:58:54,303] {dagbag.py:508} INFO - Filling up the DagBag from /home/airflow/.local/lib/python3.7/site-packages/airflow/example_dags/example_branch_python_dop_operator_3.py
[2023-07-11 22:58:54,349] {processor.py:651} INFO - DAG(s) dict_keys(['example_branch_dop_operator_v3']) retrieved from /home/airflow/.local/lib/python3.7/site-packages/airflow/example_dags/example_branch_python_dop_operator_3.py
[2023-07-11 22:58:54,427] {logging_mixin.py:115} INFO - [2023-07-11 22:58:54,427] {dag.py:2420} INFO - Sync 1 DAGs
[2023-07-11 22:58:54,529] {logging_mixin.py:115} INFO - [2023-07-11 22:58:54,529] {dag.py:2972} INFO - Setting next_dagrun for example_branch_dop_operator_v3 to 2023-07-11T22:57:00+00:00, run_after=2023-07-11T22:58:00+00:00
[2023-07-11 22:58:54,558] {processor.py:161} INFO - Processing /home/airflow/.local/lib/python3.7/site-packages/airflow/example_dags/example_branch_python_dop_operator_3.py took 0.269 seconds
[2023-07-11 22:59:24,758] {processor.py:153} INFO - Started process (PID=2027) to work on /home/airflow/.local/lib/python3.7/site-packages/airflow/example_dags/example_branch_python_dop_operator_3.py
[2023-07-11 22:59:24,759] {processor.py:641} INFO - Processing file /home/airflow/.local/lib/python3.7/site-packages/airflow/example_dags/example_branch_python_dop_operator_3.py for tasks to queue
[2023-07-11 22:59:24,760] {logging_mixin.py:115} INFO - [2023-07-11 22:59:24,760] {dagbag.py:508} INFO - Filling up the DagBag from /home/airflow/.local/lib/python3.7/site-packages/airflow/example_dags/example_branch_python_dop_operator_3.py
[2023-07-11 22:59:24,791] {processor.py:651} INFO - DAG(s) dict_keys(['example_branch_dop_operator_v3']) retrieved from /home/airflow/.local/lib/python3.7/site-packages/airflow/example_dags/example_branch_python_dop_operator_3.py
[2023-07-11 22:59:24,838] {logging_mixin.py:115} INFO - [2023-07-11 22:59:24,838] {dag.py:2420} INFO - Sync 1 DAGs
[2023-07-11 22:59:24,894] {logging_mixin.py:115} INFO - [2023-07-11 22:59:24,894] {dag.py:2972} INFO - Setting next_dagrun for example_branch_dop_operator_v3 to 2023-07-11T22:58:00+00:00, run_after=2023-07-11T22:59:00+00:00
[2023-07-11 22:59:24,922] {processor.py:161} INFO - Processing /home/airflow/.local/lib/python3.7/site-packages/airflow/example_dags/example_branch_python_dop_operator_3.py took 0.172 seconds
[2023-07-11 22:59:55,810] {processor.py:153} INFO - Started process (PID=2079) to work on /home/airflow/.local/lib/python3.7/site-packages/airflow/example_dags/example_branch_python_dop_operator_3.py
[2023-07-11 22:59:55,813] {processor.py:641} INFO - Processing file /home/airflow/.local/lib/python3.7/site-packages/airflow/example_dags/example_branch_python_dop_operator_3.py for tasks to queue
[2023-07-11 22:59:55,818] {logging_mixin.py:115} INFO - [2023-07-11 22:59:55,816] {dagbag.py:508} INFO - Filling up the DagBag from /home/airflow/.local/lib/python3.7/site-packages/airflow/example_dags/example_branch_python_dop_operator_3.py
[2023-07-11 22:59:55,928] {processor.py:651} INFO - DAG(s) dict_keys(['example_branch_dop_operator_v3']) retrieved from /home/airflow/.local/lib/python3.7/site-packages/airflow/example_dags/example_branch_python_dop_operator_3.py
[2023-07-11 22:59:56,028] {logging_mixin.py:115} INFO - [2023-07-11 22:59:56,027] {dag.py:2420} INFO - Sync 1 DAGs
[2023-07-11 22:59:56,142] {logging_mixin.py:115} INFO - [2023-07-11 22:59:56,142] {dag.py:2972} INFO - Setting next_dagrun for example_branch_dop_operator_v3 to 2023-07-11T22:58:00+00:00, run_after=2023-07-11T22:59:00+00:00
[2023-07-11 22:59:56,211] {processor.py:161} INFO - Processing /home/airflow/.local/lib/python3.7/site-packages/airflow/example_dags/example_branch_python_dop_operator_3.py took 0.410 seconds
[2023-07-11 23:00:26,503] {processor.py:153} INFO - Started process (PID=2131) to work on /home/airflow/.local/lib/python3.7/site-packages/airflow/example_dags/example_branch_python_dop_operator_3.py
[2023-07-11 23:00:26,510] {processor.py:641} INFO - Processing file /home/airflow/.local/lib/python3.7/site-packages/airflow/example_dags/example_branch_python_dop_operator_3.py for tasks to queue
[2023-07-11 23:00:26,512] {logging_mixin.py:115} INFO - [2023-07-11 23:00:26,511] {dagbag.py:508} INFO - Filling up the DagBag from /home/airflow/.local/lib/python3.7/site-packages/airflow/example_dags/example_branch_python_dop_operator_3.py
[2023-07-11 23:00:26,548] {processor.py:651} INFO - DAG(s) dict_keys(['example_branch_dop_operator_v3']) retrieved from /home/airflow/.local/lib/python3.7/site-packages/airflow/example_dags/example_branch_python_dop_operator_3.py
[2023-07-11 23:00:26,637] {logging_mixin.py:115} INFO - [2023-07-11 23:00:26,636] {dag.py:2420} INFO - Sync 1 DAGs
[2023-07-11 23:00:26,731] {logging_mixin.py:115} INFO - [2023-07-11 23:00:26,731] {dag.py:2972} INFO - Setting next_dagrun for example_branch_dop_operator_v3 to 2023-07-11T22:59:00+00:00, run_after=2023-07-11T23:00:00+00:00
[2023-07-11 23:00:26,800] {processor.py:161} INFO - Processing /home/airflow/.local/lib/python3.7/site-packages/airflow/example_dags/example_branch_python_dop_operator_3.py took 0.307 seconds
[2023-07-11 23:00:57,062] {processor.py:153} INFO - Started process (PID=2184) to work on /home/airflow/.local/lib/python3.7/site-packages/airflow/example_dags/example_branch_python_dop_operator_3.py
[2023-07-11 23:00:57,067] {processor.py:641} INFO - Processing file /home/airflow/.local/lib/python3.7/site-packages/airflow/example_dags/example_branch_python_dop_operator_3.py for tasks to queue
[2023-07-11 23:00:57,068] {logging_mixin.py:115} INFO - [2023-07-11 23:00:57,068] {dagbag.py:508} INFO - Filling up the DagBag from /home/airflow/.local/lib/python3.7/site-packages/airflow/example_dags/example_branch_python_dop_operator_3.py
[2023-07-11 23:00:57,093] {processor.py:651} INFO - DAG(s) dict_keys(['example_branch_dop_operator_v3']) retrieved from /home/airflow/.local/lib/python3.7/site-packages/airflow/example_dags/example_branch_python_dop_operator_3.py
[2023-07-11 23:00:57,167] {logging_mixin.py:115} INFO - [2023-07-11 23:00:57,166] {dag.py:2420} INFO - Sync 1 DAGs
[2023-07-11 23:00:57,249] {logging_mixin.py:115} INFO - [2023-07-11 23:00:57,248] {dag.py:2972} INFO - Setting next_dagrun for example_branch_dop_operator_v3 to 2023-07-11T22:59:00+00:00, run_after=2023-07-11T23:00:00+00:00
[2023-07-11 23:00:57,283] {processor.py:161} INFO - Processing /home/airflow/.local/lib/python3.7/site-packages/airflow/example_dags/example_branch_python_dop_operator_3.py took 0.228 seconds
[2023-07-11 23:01:27,871] {processor.py:153} INFO - Started process (PID=2236) to work on /home/airflow/.local/lib/python3.7/site-packages/airflow/example_dags/example_branch_python_dop_operator_3.py
[2023-07-11 23:01:27,872] {processor.py:641} INFO - Processing file /home/airflow/.local/lib/python3.7/site-packages/airflow/example_dags/example_branch_python_dop_operator_3.py for tasks to queue
[2023-07-11 23:01:27,872] {logging_mixin.py:115} INFO - [2023-07-11 23:01:27,872] {dagbag.py:508} INFO - Filling up the DagBag from /home/airflow/.local/lib/python3.7/site-packages/airflow/example_dags/example_branch_python_dop_operator_3.py
[2023-07-11 23:01:27,889] {processor.py:651} INFO - DAG(s) dict_keys(['example_branch_dop_operator_v3']) retrieved from /home/airflow/.local/lib/python3.7/site-packages/airflow/example_dags/example_branch_python_dop_operator_3.py
[2023-07-11 23:01:27,933] {logging_mixin.py:115} INFO - [2023-07-11 23:01:27,932] {dag.py:2420} INFO - Sync 1 DAGs
[2023-07-11 23:01:27,980] {logging_mixin.py:115} INFO - [2023-07-11 23:01:27,980] {dag.py:2972} INFO - Setting next_dagrun for example_branch_dop_operator_v3 to 2023-07-11T23:00:00+00:00, run_after=2023-07-11T23:01:00+00:00
[2023-07-11 23:01:28,004] {processor.py:161} INFO - Processing /home/airflow/.local/lib/python3.7/site-packages/airflow/example_dags/example_branch_python_dop_operator_3.py took 0.137 seconds
[2023-07-11 23:01:58,438] {processor.py:153} INFO - Started process (PID=2286) to work on /home/airflow/.local/lib/python3.7/site-packages/airflow/example_dags/example_branch_python_dop_operator_3.py
[2023-07-11 23:01:58,439] {processor.py:641} INFO - Processing file /home/airflow/.local/lib/python3.7/site-packages/airflow/example_dags/example_branch_python_dop_operator_3.py for tasks to queue
[2023-07-11 23:01:58,440] {logging_mixin.py:115} INFO - [2023-07-11 23:01:58,440] {dagbag.py:508} INFO - Filling up the DagBag from /home/airflow/.local/lib/python3.7/site-packages/airflow/example_dags/example_branch_python_dop_operator_3.py
[2023-07-11 23:01:58,461] {processor.py:651} INFO - DAG(s) dict_keys(['example_branch_dop_operator_v3']) retrieved from /home/airflow/.local/lib/python3.7/site-packages/airflow/example_dags/example_branch_python_dop_operator_3.py
[2023-07-11 23:01:58,518] {logging_mixin.py:115} INFO - [2023-07-11 23:01:58,518] {dag.py:2420} INFO - Sync 1 DAGs
[2023-07-11 23:01:58,573] {logging_mixin.py:115} INFO - [2023-07-11 23:01:58,572] {dag.py:2972} INFO - Setting next_dagrun for example_branch_dop_operator_v3 to 2023-07-11T23:00:00+00:00, run_after=2023-07-11T23:01:00+00:00
[2023-07-11 23:01:58,592] {processor.py:161} INFO - Processing /home/airflow/.local/lib/python3.7/site-packages/airflow/example_dags/example_branch_python_dop_operator_3.py took 0.163 seconds
[2023-07-11 23:02:29,357] {processor.py:153} INFO - Started process (PID=2347) to work on /home/airflow/.local/lib/python3.7/site-packages/airflow/example_dags/example_branch_python_dop_operator_3.py
[2023-07-11 23:02:29,359] {processor.py:641} INFO - Processing file /home/airflow/.local/lib/python3.7/site-packages/airflow/example_dags/example_branch_python_dop_operator_3.py for tasks to queue
[2023-07-11 23:02:29,361] {logging_mixin.py:115} INFO - [2023-07-11 23:02:29,360] {dagbag.py:508} INFO - Filling up the DagBag from /home/airflow/.local/lib/python3.7/site-packages/airflow/example_dags/example_branch_python_dop_operator_3.py
[2023-07-11 23:02:29,403] {processor.py:651} INFO - DAG(s) dict_keys(['example_branch_dop_operator_v3']) retrieved from /home/airflow/.local/lib/python3.7/site-packages/airflow/example_dags/example_branch_python_dop_operator_3.py
[2023-07-11 23:02:29,480] {logging_mixin.py:115} INFO - [2023-07-11 23:02:29,479] {dag.py:2420} INFO - Sync 1 DAGs
[2023-07-11 23:02:29,615] {logging_mixin.py:115} INFO - [2023-07-11 23:02:29,615] {dag.py:2972} INFO - Setting next_dagrun for example_branch_dop_operator_v3 to 2023-07-11T23:01:00+00:00, run_after=2023-07-11T23:02:00+00:00
[2023-07-11 23:02:29,651] {processor.py:161} INFO - Processing /home/airflow/.local/lib/python3.7/site-packages/airflow/example_dags/example_branch_python_dop_operator_3.py took 0.303 seconds
[2023-07-11 23:02:59,854] {processor.py:153} INFO - Started process (PID=2399) to work on /home/airflow/.local/lib/python3.7/site-packages/airflow/example_dags/example_branch_python_dop_operator_3.py
[2023-07-11 23:02:59,854] {processor.py:641} INFO - Processing file /home/airflow/.local/lib/python3.7/site-packages/airflow/example_dags/example_branch_python_dop_operator_3.py for tasks to queue
[2023-07-11 23:02:59,855] {logging_mixin.py:115} INFO - [2023-07-11 23:02:59,855] {dagbag.py:508} INFO - Filling up the DagBag from /home/airflow/.local/lib/python3.7/site-packages/airflow/example_dags/example_branch_python_dop_operator_3.py
[2023-07-11 23:02:59,886] {processor.py:651} INFO - DAG(s) dict_keys(['example_branch_dop_operator_v3']) retrieved from /home/airflow/.local/lib/python3.7/site-packages/airflow/example_dags/example_branch_python_dop_operator_3.py
[2023-07-11 23:02:59,946] {logging_mixin.py:115} INFO - [2023-07-11 23:02:59,945] {dag.py:2420} INFO - Sync 1 DAGs
[2023-07-11 23:03:00,018] {logging_mixin.py:115} INFO - [2023-07-11 23:03:00,018] {dag.py:2972} INFO - Setting next_dagrun for example_branch_dop_operator_v3 to 2023-07-11T23:02:00+00:00, run_after=2023-07-11T23:03:00+00:00
[2023-07-11 23:03:00,059] {processor.py:161} INFO - Processing /home/airflow/.local/lib/python3.7/site-packages/airflow/example_dags/example_branch_python_dop_operator_3.py took 0.222 seconds
[2023-07-11 23:03:30,280] {processor.py:153} INFO - Started process (PID=2451) to work on /home/airflow/.local/lib/python3.7/site-packages/airflow/example_dags/example_branch_python_dop_operator_3.py
[2023-07-11 23:03:30,282] {processor.py:641} INFO - Processing file /home/airflow/.local/lib/python3.7/site-packages/airflow/example_dags/example_branch_python_dop_operator_3.py for tasks to queue
[2023-07-11 23:03:30,284] {logging_mixin.py:115} INFO - [2023-07-11 23:03:30,284] {dagbag.py:508} INFO - Filling up the DagBag from /home/airflow/.local/lib/python3.7/site-packages/airflow/example_dags/example_branch_python_dop_operator_3.py
[2023-07-11 23:03:30,311] {processor.py:651} INFO - DAG(s) dict_keys(['example_branch_dop_operator_v3']) retrieved from /home/airflow/.local/lib/python3.7/site-packages/airflow/example_dags/example_branch_python_dop_operator_3.py
[2023-07-11 23:03:30,377] {logging_mixin.py:115} INFO - [2023-07-11 23:03:30,376] {dag.py:2420} INFO - Sync 1 DAGs
[2023-07-11 23:03:30,453] {logging_mixin.py:115} INFO - [2023-07-11 23:03:30,453] {dag.py:2972} INFO - Setting next_dagrun for example_branch_dop_operator_v3 to 2023-07-11T23:02:00+00:00, run_after=2023-07-11T23:03:00+00:00
[2023-07-11 23:03:30,487] {processor.py:161} INFO - Processing /home/airflow/.local/lib/python3.7/site-packages/airflow/example_dags/example_branch_python_dop_operator_3.py took 0.216 seconds
[2023-07-11 23:04:00,700] {processor.py:153} INFO - Started process (PID=2502) to work on /home/airflow/.local/lib/python3.7/site-packages/airflow/example_dags/example_branch_python_dop_operator_3.py
[2023-07-11 23:04:00,709] {processor.py:641} INFO - Processing file /home/airflow/.local/lib/python3.7/site-packages/airflow/example_dags/example_branch_python_dop_operator_3.py for tasks to queue
[2023-07-11 23:04:00,718] {logging_mixin.py:115} INFO - [2023-07-11 23:04:00,718] {dagbag.py:508} INFO - Filling up the DagBag from /home/airflow/.local/lib/python3.7/site-packages/airflow/example_dags/example_branch_python_dop_operator_3.py
[2023-07-11 23:04:00,786] {processor.py:651} INFO - DAG(s) dict_keys(['example_branch_dop_operator_v3']) retrieved from /home/airflow/.local/lib/python3.7/site-packages/airflow/example_dags/example_branch_python_dop_operator_3.py
[2023-07-11 23:04:00,891] {logging_mixin.py:115} INFO - [2023-07-11 23:04:00,890] {dag.py:2420} INFO - Sync 1 DAGs
[2023-07-11 23:04:01,171] {logging_mixin.py:115} INFO - [2023-07-11 23:04:01,171] {dag.py:2972} INFO - Setting next_dagrun for example_branch_dop_operator_v3 to 2023-07-11T23:03:00+00:00, run_after=2023-07-11T23:04:00+00:00
[2023-07-11 23:04:01,319] {processor.py:161} INFO - Processing /home/airflow/.local/lib/python3.7/site-packages/airflow/example_dags/example_branch_python_dop_operator_3.py took 0.643 seconds
[2023-07-11 23:04:32,071] {processor.py:153} INFO - Started process (PID=2561) to work on /home/airflow/.local/lib/python3.7/site-packages/airflow/example_dags/example_branch_python_dop_operator_3.py
[2023-07-11 23:04:32,079] {processor.py:641} INFO - Processing file /home/airflow/.local/lib/python3.7/site-packages/airflow/example_dags/example_branch_python_dop_operator_3.py for tasks to queue
[2023-07-11 23:04:32,088] {logging_mixin.py:115} INFO - [2023-07-11 23:04:32,088] {dagbag.py:508} INFO - Filling up the DagBag from /home/airflow/.local/lib/python3.7/site-packages/airflow/example_dags/example_branch_python_dop_operator_3.py
[2023-07-11 23:04:32,173] {processor.py:651} INFO - DAG(s) dict_keys(['example_branch_dop_operator_v3']) retrieved from /home/airflow/.local/lib/python3.7/site-packages/airflow/example_dags/example_branch_python_dop_operator_3.py
[2023-07-11 23:04:32,325] {logging_mixin.py:115} INFO - [2023-07-11 23:04:32,324] {dag.py:2420} INFO - Sync 1 DAGs
[2023-07-11 23:04:32,429] {logging_mixin.py:115} INFO - [2023-07-11 23:04:32,428] {dag.py:2972} INFO - Setting next_dagrun for example_branch_dop_operator_v3 to 2023-07-11T23:03:00+00:00, run_after=2023-07-11T23:04:00+00:00
[2023-07-11 23:04:32,471] {processor.py:161} INFO - Processing /home/airflow/.local/lib/python3.7/site-packages/airflow/example_dags/example_branch_python_dop_operator_3.py took 0.409 seconds
[2023-07-11 23:05:02,804] {processor.py:153} INFO - Started process (PID=2615) to work on /home/airflow/.local/lib/python3.7/site-packages/airflow/example_dags/example_branch_python_dop_operator_3.py
[2023-07-11 23:05:02,805] {processor.py:641} INFO - Processing file /home/airflow/.local/lib/python3.7/site-packages/airflow/example_dags/example_branch_python_dop_operator_3.py for tasks to queue
[2023-07-11 23:05:02,805] {logging_mixin.py:115} INFO - [2023-07-11 23:05:02,805] {dagbag.py:508} INFO - Filling up the DagBag from /home/airflow/.local/lib/python3.7/site-packages/airflow/example_dags/example_branch_python_dop_operator_3.py
[2023-07-11 23:05:02,836] {processor.py:651} INFO - DAG(s) dict_keys(['example_branch_dop_operator_v3']) retrieved from /home/airflow/.local/lib/python3.7/site-packages/airflow/example_dags/example_branch_python_dop_operator_3.py
[2023-07-11 23:05:02,933] {logging_mixin.py:115} INFO - [2023-07-11 23:05:02,933] {dag.py:2420} INFO - Sync 1 DAGs
[2023-07-11 23:05:03,011] {logging_mixin.py:115} INFO - [2023-07-11 23:05:03,011] {dag.py:2972} INFO - Setting next_dagrun for example_branch_dop_operator_v3 to 2023-07-11T23:04:00+00:00, run_after=2023-07-11T23:05:00+00:00
[2023-07-11 23:05:03,053] {processor.py:161} INFO - Processing /home/airflow/.local/lib/python3.7/site-packages/airflow/example_dags/example_branch_python_dop_operator_3.py took 0.255 seconds
[2023-07-11 23:05:33,758] {processor.py:153} INFO - Started process (PID=2667) to work on /home/airflow/.local/lib/python3.7/site-packages/airflow/example_dags/example_branch_python_dop_operator_3.py
[2023-07-11 23:05:33,760] {processor.py:641} INFO - Processing file /home/airflow/.local/lib/python3.7/site-packages/airflow/example_dags/example_branch_python_dop_operator_3.py for tasks to queue
[2023-07-11 23:05:33,762] {logging_mixin.py:115} INFO - [2023-07-11 23:05:33,762] {dagbag.py:508} INFO - Filling up the DagBag from /home/airflow/.local/lib/python3.7/site-packages/airflow/example_dags/example_branch_python_dop_operator_3.py
[2023-07-11 23:05:33,788] {processor.py:651} INFO - DAG(s) dict_keys(['example_branch_dop_operator_v3']) retrieved from /home/airflow/.local/lib/python3.7/site-packages/airflow/example_dags/example_branch_python_dop_operator_3.py
[2023-07-11 23:05:33,834] {logging_mixin.py:115} INFO - [2023-07-11 23:05:33,834] {dag.py:2420} INFO - Sync 1 DAGs
[2023-07-11 23:05:33,903] {logging_mixin.py:115} INFO - [2023-07-11 23:05:33,903] {dag.py:2972} INFO - Setting next_dagrun for example_branch_dop_operator_v3 to 2023-07-11T23:04:00+00:00, run_after=2023-07-11T23:05:00+00:00
[2023-07-11 23:05:33,937] {processor.py:161} INFO - Processing /home/airflow/.local/lib/python3.7/site-packages/airflow/example_dags/example_branch_python_dop_operator_3.py took 0.184 seconds
[2023-07-11 23:06:04,098] {processor.py:153} INFO - Started process (PID=2719) to work on /home/airflow/.local/lib/python3.7/site-packages/airflow/example_dags/example_branch_python_dop_operator_3.py
[2023-07-11 23:06:04,099] {processor.py:641} INFO - Processing file /home/airflow/.local/lib/python3.7/site-packages/airflow/example_dags/example_branch_python_dop_operator_3.py for tasks to queue
[2023-07-11 23:06:04,102] {logging_mixin.py:115} INFO - [2023-07-11 23:06:04,102] {dagbag.py:508} INFO - Filling up the DagBag from /home/airflow/.local/lib/python3.7/site-packages/airflow/example_dags/example_branch_python_dop_operator_3.py
[2023-07-11 23:06:04,123] {processor.py:651} INFO - DAG(s) dict_keys(['example_branch_dop_operator_v3']) retrieved from /home/airflow/.local/lib/python3.7/site-packages/airflow/example_dags/example_branch_python_dop_operator_3.py
[2023-07-11 23:06:04,183] {logging_mixin.py:115} INFO - [2023-07-11 23:06:04,183] {dag.py:2420} INFO - Sync 1 DAGs
[2023-07-11 23:06:04,248] {logging_mixin.py:115} INFO - [2023-07-11 23:06:04,247] {dag.py:2972} INFO - Setting next_dagrun for example_branch_dop_operator_v3 to 2023-07-11T23:05:00+00:00, run_after=2023-07-11T23:06:00+00:00
[2023-07-11 23:06:04,303] {processor.py:161} INFO - Processing /home/airflow/.local/lib/python3.7/site-packages/airflow/example_dags/example_branch_python_dop_operator_3.py took 0.209 seconds
[2023-07-11 23:06:34,519] {processor.py:153} INFO - Started process (PID=2770) to work on /home/airflow/.local/lib/python3.7/site-packages/airflow/example_dags/example_branch_python_dop_operator_3.py
[2023-07-11 23:06:34,521] {processor.py:641} INFO - Processing file /home/airflow/.local/lib/python3.7/site-packages/airflow/example_dags/example_branch_python_dop_operator_3.py for tasks to queue
[2023-07-11 23:06:34,523] {logging_mixin.py:115} INFO - [2023-07-11 23:06:34,522] {dagbag.py:508} INFO - Filling up the DagBag from /home/airflow/.local/lib/python3.7/site-packages/airflow/example_dags/example_branch_python_dop_operator_3.py
[2023-07-11 23:06:34,549] {processor.py:651} INFO - DAG(s) dict_keys(['example_branch_dop_operator_v3']) retrieved from /home/airflow/.local/lib/python3.7/site-packages/airflow/example_dags/example_branch_python_dop_operator_3.py
[2023-07-11 23:06:34,597] {logging_mixin.py:115} INFO - [2023-07-11 23:06:34,597] {dag.py:2420} INFO - Sync 1 DAGs
[2023-07-11 23:06:34,680] {logging_mixin.py:115} INFO - [2023-07-11 23:06:34,679] {dag.py:2972} INFO - Setting next_dagrun for example_branch_dop_operator_v3 to 2023-07-11T23:05:00+00:00, run_after=2023-07-11T23:06:00+00:00
[2023-07-11 23:06:34,705] {processor.py:161} INFO - Processing /home/airflow/.local/lib/python3.7/site-packages/airflow/example_dags/example_branch_python_dop_operator_3.py took 0.192 seconds
[2023-07-11 23:07:04,762] {processor.py:153} INFO - Started process (PID=2822) to work on /home/airflow/.local/lib/python3.7/site-packages/airflow/example_dags/example_branch_python_dop_operator_3.py
[2023-07-11 23:07:04,767] {processor.py:641} INFO - Processing file /home/airflow/.local/lib/python3.7/site-packages/airflow/example_dags/example_branch_python_dop_operator_3.py for tasks to queue
[2023-07-11 23:07:04,768] {logging_mixin.py:115} INFO - [2023-07-11 23:07:04,768] {dagbag.py:508} INFO - Filling up the DagBag from /home/airflow/.local/lib/python3.7/site-packages/airflow/example_dags/example_branch_python_dop_operator_3.py
[2023-07-11 23:07:04,810] {processor.py:651} INFO - DAG(s) dict_keys(['example_branch_dop_operator_v3']) retrieved from /home/airflow/.local/lib/python3.7/site-packages/airflow/example_dags/example_branch_python_dop_operator_3.py
[2023-07-11 23:07:04,906] {logging_mixin.py:115} INFO - [2023-07-11 23:07:04,905] {dag.py:2420} INFO - Sync 1 DAGs
[2023-07-11 23:07:04,995] {logging_mixin.py:115} INFO - [2023-07-11 23:07:04,995] {dag.py:2972} INFO - Setting next_dagrun for example_branch_dop_operator_v3 to 2023-07-11T23:06:00+00:00, run_after=2023-07-11T23:07:00+00:00
[2023-07-11 23:07:05,056] {processor.py:161} INFO - Processing /home/airflow/.local/lib/python3.7/site-packages/airflow/example_dags/example_branch_python_dop_operator_3.py took 0.302 seconds
[2023-07-11 23:07:35,641] {processor.py:153} INFO - Started process (PID=2873) to work on /home/airflow/.local/lib/python3.7/site-packages/airflow/example_dags/example_branch_python_dop_operator_3.py
[2023-07-11 23:07:35,643] {processor.py:641} INFO - Processing file /home/airflow/.local/lib/python3.7/site-packages/airflow/example_dags/example_branch_python_dop_operator_3.py for tasks to queue
[2023-07-11 23:07:35,644] {logging_mixin.py:115} INFO - [2023-07-11 23:07:35,644] {dagbag.py:508} INFO - Filling up the DagBag from /home/airflow/.local/lib/python3.7/site-packages/airflow/example_dags/example_branch_python_dop_operator_3.py
[2023-07-11 23:07:35,662] {processor.py:651} INFO - DAG(s) dict_keys(['example_branch_dop_operator_v3']) retrieved from /home/airflow/.local/lib/python3.7/site-packages/airflow/example_dags/example_branch_python_dop_operator_3.py
[2023-07-11 23:07:35,711] {logging_mixin.py:115} INFO - [2023-07-11 23:07:35,711] {dag.py:2420} INFO - Sync 1 DAGs
[2023-07-11 23:07:35,785] {logging_mixin.py:115} INFO - [2023-07-11 23:07:35,785] {dag.py:2972} INFO - Setting next_dagrun for example_branch_dop_operator_v3 to 2023-07-11T23:06:00+00:00, run_after=2023-07-11T23:07:00+00:00
[2023-07-11 23:07:35,822] {processor.py:161} INFO - Processing /home/airflow/.local/lib/python3.7/site-packages/airflow/example_dags/example_branch_python_dop_operator_3.py took 0.186 seconds
[2023-07-11 23:08:06,020] {processor.py:153} INFO - Started process (PID=2925) to work on /home/airflow/.local/lib/python3.7/site-packages/airflow/example_dags/example_branch_python_dop_operator_3.py
[2023-07-11 23:08:06,021] {processor.py:641} INFO - Processing file /home/airflow/.local/lib/python3.7/site-packages/airflow/example_dags/example_branch_python_dop_operator_3.py for tasks to queue
[2023-07-11 23:08:06,022] {logging_mixin.py:115} INFO - [2023-07-11 23:08:06,022] {dagbag.py:508} INFO - Filling up the DagBag from /home/airflow/.local/lib/python3.7/site-packages/airflow/example_dags/example_branch_python_dop_operator_3.py
[2023-07-11 23:08:06,047] {processor.py:651} INFO - DAG(s) dict_keys(['example_branch_dop_operator_v3']) retrieved from /home/airflow/.local/lib/python3.7/site-packages/airflow/example_dags/example_branch_python_dop_operator_3.py
[2023-07-11 23:08:06,112] {logging_mixin.py:115} INFO - [2023-07-11 23:08:06,112] {dag.py:2420} INFO - Sync 1 DAGs
[2023-07-11 23:08:06,177] {logging_mixin.py:115} INFO - [2023-07-11 23:08:06,177] {dag.py:2972} INFO - Setting next_dagrun for example_branch_dop_operator_v3 to 2023-07-11T23:07:00+00:00, run_after=2023-07-11T23:08:00+00:00
[2023-07-11 23:08:06,240] {processor.py:161} INFO - Processing /home/airflow/.local/lib/python3.7/site-packages/airflow/example_dags/example_branch_python_dop_operator_3.py took 0.230 seconds
[2023-07-11 23:08:36,524] {processor.py:153} INFO - Started process (PID=2985) to work on /home/airflow/.local/lib/python3.7/site-packages/airflow/example_dags/example_branch_python_dop_operator_3.py
[2023-07-11 23:08:36,526] {processor.py:641} INFO - Processing file /home/airflow/.local/lib/python3.7/site-packages/airflow/example_dags/example_branch_python_dop_operator_3.py for tasks to queue
[2023-07-11 23:08:36,527] {logging_mixin.py:115} INFO - [2023-07-11 23:08:36,526] {dagbag.py:508} INFO - Filling up the DagBag from /home/airflow/.local/lib/python3.7/site-packages/airflow/example_dags/example_branch_python_dop_operator_3.py
[2023-07-11 23:08:36,567] {processor.py:651} INFO - DAG(s) dict_keys(['example_branch_dop_operator_v3']) retrieved from /home/airflow/.local/lib/python3.7/site-packages/airflow/example_dags/example_branch_python_dop_operator_3.py
[2023-07-11 23:08:36,652] {logging_mixin.py:115} INFO - [2023-07-11 23:08:36,652] {dag.py:2420} INFO - Sync 1 DAGs
[2023-07-11 23:08:36,728] {logging_mixin.py:115} INFO - [2023-07-11 23:08:36,728] {dag.py:2972} INFO - Setting next_dagrun for example_branch_dop_operator_v3 to 2023-07-11T23:07:00+00:00, run_after=2023-07-11T23:08:00+00:00
[2023-07-11 23:08:36,769] {processor.py:161} INFO - Processing /home/airflow/.local/lib/python3.7/site-packages/airflow/example_dags/example_branch_python_dop_operator_3.py took 0.252 seconds
[2023-07-11 23:09:06,954] {processor.py:153} INFO - Started process (PID=3037) to work on /home/airflow/.local/lib/python3.7/site-packages/airflow/example_dags/example_branch_python_dop_operator_3.py
[2023-07-11 23:09:06,955] {processor.py:641} INFO - Processing file /home/airflow/.local/lib/python3.7/site-packages/airflow/example_dags/example_branch_python_dop_operator_3.py for tasks to queue
[2023-07-11 23:09:06,956] {logging_mixin.py:115} INFO - [2023-07-11 23:09:06,956] {dagbag.py:508} INFO - Filling up the DagBag from /home/airflow/.local/lib/python3.7/site-packages/airflow/example_dags/example_branch_python_dop_operator_3.py
[2023-07-11 23:09:06,968] {processor.py:651} INFO - DAG(s) dict_keys(['example_branch_dop_operator_v3']) retrieved from /home/airflow/.local/lib/python3.7/site-packages/airflow/example_dags/example_branch_python_dop_operator_3.py
[2023-07-11 23:09:07,003] {logging_mixin.py:115} INFO - [2023-07-11 23:09:07,003] {dag.py:2420} INFO - Sync 1 DAGs
[2023-07-11 23:09:07,047] {logging_mixin.py:115} INFO - [2023-07-11 23:09:07,047] {dag.py:2972} INFO - Setting next_dagrun for example_branch_dop_operator_v3 to 2023-07-11T23:08:00+00:00, run_after=2023-07-11T23:09:00+00:00
[2023-07-11 23:09:07,064] {processor.py:161} INFO - Processing /home/airflow/.local/lib/python3.7/site-packages/airflow/example_dags/example_branch_python_dop_operator_3.py took 0.113 seconds
[2023-07-11 23:09:37,148] {processor.py:153} INFO - Started process (PID=3089) to work on /home/airflow/.local/lib/python3.7/site-packages/airflow/example_dags/example_branch_python_dop_operator_3.py
[2023-07-11 23:09:37,149] {processor.py:641} INFO - Processing file /home/airflow/.local/lib/python3.7/site-packages/airflow/example_dags/example_branch_python_dop_operator_3.py for tasks to queue
[2023-07-11 23:09:37,150] {logging_mixin.py:115} INFO - [2023-07-11 23:09:37,149] {dagbag.py:508} INFO - Filling up the DagBag from /home/airflow/.local/lib/python3.7/site-packages/airflow/example_dags/example_branch_python_dop_operator_3.py
[2023-07-11 23:09:37,164] {processor.py:651} INFO - DAG(s) dict_keys(['example_branch_dop_operator_v3']) retrieved from /home/airflow/.local/lib/python3.7/site-packages/airflow/example_dags/example_branch_python_dop_operator_3.py
[2023-07-11 23:09:37,206] {logging_mixin.py:115} INFO - [2023-07-11 23:09:37,206] {dag.py:2420} INFO - Sync 1 DAGs
[2023-07-11 23:09:37,270] {logging_mixin.py:115} INFO - [2023-07-11 23:09:37,270] {dag.py:2972} INFO - Setting next_dagrun for example_branch_dop_operator_v3 to 2023-07-11T23:08:00+00:00, run_after=2023-07-11T23:09:00+00:00
[2023-07-11 23:09:37,301] {processor.py:161} INFO - Processing /home/airflow/.local/lib/python3.7/site-packages/airflow/example_dags/example_branch_python_dop_operator_3.py took 0.159 seconds
[2023-07-11 23:10:08,057] {processor.py:153} INFO - Started process (PID=3140) to work on /home/airflow/.local/lib/python3.7/site-packages/airflow/example_dags/example_branch_python_dop_operator_3.py
[2023-07-11 23:10:08,058] {processor.py:641} INFO - Processing file /home/airflow/.local/lib/python3.7/site-packages/airflow/example_dags/example_branch_python_dop_operator_3.py for tasks to queue
[2023-07-11 23:10:08,069] {logging_mixin.py:115} INFO - [2023-07-11 23:10:08,059] {dagbag.py:508} INFO - Filling up the DagBag from /home/airflow/.local/lib/python3.7/site-packages/airflow/example_dags/example_branch_python_dop_operator_3.py
[2023-07-11 23:10:08,145] {processor.py:651} INFO - DAG(s) dict_keys(['example_branch_dop_operator_v3']) retrieved from /home/airflow/.local/lib/python3.7/site-packages/airflow/example_dags/example_branch_python_dop_operator_3.py
[2023-07-11 23:10:08,361] {logging_mixin.py:115} INFO - [2023-07-11 23:10:08,361] {dag.py:2420} INFO - Sync 1 DAGs
[2023-07-11 23:10:08,486] {logging_mixin.py:115} INFO - [2023-07-11 23:10:08,486] {dag.py:2972} INFO - Setting next_dagrun for example_branch_dop_operator_v3 to 2023-07-11T23:09:00+00:00, run_after=2023-07-11T23:10:00+00:00
[2023-07-11 23:10:08,543] {processor.py:161} INFO - Processing /home/airflow/.local/lib/python3.7/site-packages/airflow/example_dags/example_branch_python_dop_operator_3.py took 0.497 seconds
[2023-07-11 23:10:39,609] {processor.py:153} INFO - Started process (PID=3200) to work on /home/airflow/.local/lib/python3.7/site-packages/airflow/example_dags/example_branch_python_dop_operator_3.py
[2023-07-11 23:10:39,618] {processor.py:641} INFO - Processing file /home/airflow/.local/lib/python3.7/site-packages/airflow/example_dags/example_branch_python_dop_operator_3.py for tasks to queue
[2023-07-11 23:10:39,620] {logging_mixin.py:115} INFO - [2023-07-11 23:10:39,620] {dagbag.py:508} INFO - Filling up the DagBag from /home/airflow/.local/lib/python3.7/site-packages/airflow/example_dags/example_branch_python_dop_operator_3.py
[2023-07-11 23:10:39,715] {processor.py:651} INFO - DAG(s) dict_keys(['example_branch_dop_operator_v3']) retrieved from /home/airflow/.local/lib/python3.7/site-packages/airflow/example_dags/example_branch_python_dop_operator_3.py
[2023-07-11 23:10:39,807] {logging_mixin.py:115} INFO - [2023-07-11 23:10:39,806] {dag.py:2420} INFO - Sync 1 DAGs
[2023-07-11 23:10:39,976] {logging_mixin.py:115} INFO - [2023-07-11 23:10:39,975] {dag.py:2972} INFO - Setting next_dagrun for example_branch_dop_operator_v3 to 2023-07-11T23:09:00+00:00, run_after=2023-07-11T23:10:00+00:00
[2023-07-11 23:10:40,052] {processor.py:161} INFO - Processing /home/airflow/.local/lib/python3.7/site-packages/airflow/example_dags/example_branch_python_dop_operator_3.py took 0.459 seconds
[2023-07-11 23:11:10,597] {processor.py:153} INFO - Started process (PID=3253) to work on /home/airflow/.local/lib/python3.7/site-packages/airflow/example_dags/example_branch_python_dop_operator_3.py
[2023-07-11 23:11:10,603] {processor.py:641} INFO - Processing file /home/airflow/.local/lib/python3.7/site-packages/airflow/example_dags/example_branch_python_dop_operator_3.py for tasks to queue
[2023-07-11 23:11:10,605] {logging_mixin.py:115} INFO - [2023-07-11 23:11:10,605] {dagbag.py:508} INFO - Filling up the DagBag from /home/airflow/.local/lib/python3.7/site-packages/airflow/example_dags/example_branch_python_dop_operator_3.py
[2023-07-11 23:11:10,657] {processor.py:651} INFO - DAG(s) dict_keys(['example_branch_dop_operator_v3']) retrieved from /home/airflow/.local/lib/python3.7/site-packages/airflow/example_dags/example_branch_python_dop_operator_3.py
[2023-07-11 23:11:10,764] {logging_mixin.py:115} INFO - [2023-07-11 23:11:10,763] {dag.py:2420} INFO - Sync 1 DAGs
[2023-07-11 23:11:10,863] {logging_mixin.py:115} INFO - [2023-07-11 23:11:10,863] {dag.py:2972} INFO - Setting next_dagrun for example_branch_dop_operator_v3 to 2023-07-11T23:10:00+00:00, run_after=2023-07-11T23:11:00+00:00
[2023-07-11 23:11:10,897] {processor.py:161} INFO - Processing /home/airflow/.local/lib/python3.7/site-packages/airflow/example_dags/example_branch_python_dop_operator_3.py took 0.323 seconds
[2023-07-11 23:11:41,032] {processor.py:153} INFO - Started process (PID=3305) to work on /home/airflow/.local/lib/python3.7/site-packages/airflow/example_dags/example_branch_python_dop_operator_3.py
[2023-07-11 23:11:41,033] {processor.py:641} INFO - Processing file /home/airflow/.local/lib/python3.7/site-packages/airflow/example_dags/example_branch_python_dop_operator_3.py for tasks to queue
[2023-07-11 23:11:41,034] {logging_mixin.py:115} INFO - [2023-07-11 23:11:41,034] {dagbag.py:508} INFO - Filling up the DagBag from /home/airflow/.local/lib/python3.7/site-packages/airflow/example_dags/example_branch_python_dop_operator_3.py
[2023-07-11 23:11:41,064] {processor.py:651} INFO - DAG(s) dict_keys(['example_branch_dop_operator_v3']) retrieved from /home/airflow/.local/lib/python3.7/site-packages/airflow/example_dags/example_branch_python_dop_operator_3.py
[2023-07-11 23:11:41,133] {logging_mixin.py:115} INFO - [2023-07-11 23:11:41,132] {dag.py:2420} INFO - Sync 1 DAGs
[2023-07-11 23:11:41,201] {logging_mixin.py:115} INFO - [2023-07-11 23:11:41,200] {dag.py:2972} INFO - Setting next_dagrun for example_branch_dop_operator_v3 to 2023-07-11T23:10:00+00:00, run_after=2023-07-11T23:11:00+00:00
[2023-07-11 23:11:41,232] {processor.py:161} INFO - Processing /home/airflow/.local/lib/python3.7/site-packages/airflow/example_dags/example_branch_python_dop_operator_3.py took 0.207 seconds
[2023-07-11 23:12:11,421] {processor.py:153} INFO - Started process (PID=3356) to work on /home/airflow/.local/lib/python3.7/site-packages/airflow/example_dags/example_branch_python_dop_operator_3.py
[2023-07-11 23:12:11,427] {processor.py:641} INFO - Processing file /home/airflow/.local/lib/python3.7/site-packages/airflow/example_dags/example_branch_python_dop_operator_3.py for tasks to queue
[2023-07-11 23:12:11,428] {logging_mixin.py:115} INFO - [2023-07-11 23:12:11,427] {dagbag.py:508} INFO - Filling up the DagBag from /home/airflow/.local/lib/python3.7/site-packages/airflow/example_dags/example_branch_python_dop_operator_3.py
[2023-07-11 23:12:11,454] {processor.py:651} INFO - DAG(s) dict_keys(['example_branch_dop_operator_v3']) retrieved from /home/airflow/.local/lib/python3.7/site-packages/airflow/example_dags/example_branch_python_dop_operator_3.py
[2023-07-11 23:12:11,518] {logging_mixin.py:115} INFO - [2023-07-11 23:12:11,518] {dag.py:2420} INFO - Sync 1 DAGs
[2023-07-11 23:12:11,644] {logging_mixin.py:115} INFO - [2023-07-11 23:12:11,644] {dag.py:2972} INFO - Setting next_dagrun for example_branch_dop_operator_v3 to 2023-07-11T23:11:00+00:00, run_after=2023-07-11T23:12:00+00:00
[2023-07-11 23:12:11,681] {processor.py:161} INFO - Processing /home/airflow/.local/lib/python3.7/site-packages/airflow/example_dags/example_branch_python_dop_operator_3.py took 0.267 seconds
[2023-07-11 23:12:42,155] {processor.py:153} INFO - Started process (PID=3408) to work on /home/airflow/.local/lib/python3.7/site-packages/airflow/example_dags/example_branch_python_dop_operator_3.py
[2023-07-11 23:12:42,156] {processor.py:641} INFO - Processing file /home/airflow/.local/lib/python3.7/site-packages/airflow/example_dags/example_branch_python_dop_operator_3.py for tasks to queue
[2023-07-11 23:12:42,157] {logging_mixin.py:115} INFO - [2023-07-11 23:12:42,157] {dagbag.py:508} INFO - Filling up the DagBag from /home/airflow/.local/lib/python3.7/site-packages/airflow/example_dags/example_branch_python_dop_operator_3.py
[2023-07-11 23:12:42,187] {processor.py:651} INFO - DAG(s) dict_keys(['example_branch_dop_operator_v3']) retrieved from /home/airflow/.local/lib/python3.7/site-packages/airflow/example_dags/example_branch_python_dop_operator_3.py
[2023-07-11 23:12:42,280] {logging_mixin.py:115} INFO - [2023-07-11 23:12:42,279] {dag.py:2420} INFO - Sync 1 DAGs
[2023-07-11 23:12:42,359] {logging_mixin.py:115} INFO - [2023-07-11 23:12:42,359] {dag.py:2972} INFO - Setting next_dagrun for example_branch_dop_operator_v3 to 2023-07-11T23:11:00+00:00, run_after=2023-07-11T23:12:00+00:00
[2023-07-11 23:12:42,385] {processor.py:161} INFO - Processing /home/airflow/.local/lib/python3.7/site-packages/airflow/example_dags/example_branch_python_dop_operator_3.py took 0.238 seconds
[2023-07-11 23:13:12,687] {processor.py:153} INFO - Started process (PID=3466) to work on /home/airflow/.local/lib/python3.7/site-packages/airflow/example_dags/example_branch_python_dop_operator_3.py
[2023-07-11 23:13:12,691] {processor.py:641} INFO - Processing file /home/airflow/.local/lib/python3.7/site-packages/airflow/example_dags/example_branch_python_dop_operator_3.py for tasks to queue
[2023-07-11 23:13:12,693] {logging_mixin.py:115} INFO - [2023-07-11 23:13:12,692] {dagbag.py:508} INFO - Filling up the DagBag from /home/airflow/.local/lib/python3.7/site-packages/airflow/example_dags/example_branch_python_dop_operator_3.py
[2023-07-11 23:13:12,741] {processor.py:651} INFO - DAG(s) dict_keys(['example_branch_dop_operator_v3']) retrieved from /home/airflow/.local/lib/python3.7/site-packages/airflow/example_dags/example_branch_python_dop_operator_3.py
[2023-07-11 23:13:12,884] {logging_mixin.py:115} INFO - [2023-07-11 23:13:12,884] {dag.py:2420} INFO - Sync 1 DAGs
[2023-07-11 23:13:13,033] {logging_mixin.py:115} INFO - [2023-07-11 23:13:13,032] {dag.py:2972} INFO - Setting next_dagrun for example_branch_dop_operator_v3 to 2023-07-11T23:12:00+00:00, run_after=2023-07-11T23:13:00+00:00
[2023-07-11 23:13:13,072] {processor.py:161} INFO - Processing /home/airflow/.local/lib/python3.7/site-packages/airflow/example_dags/example_branch_python_dop_operator_3.py took 0.399 seconds
[2023-07-11 23:13:43,466] {processor.py:153} INFO - Started process (PID=3521) to work on /home/airflow/.local/lib/python3.7/site-packages/airflow/example_dags/example_branch_python_dop_operator_3.py
[2023-07-11 23:13:43,467] {processor.py:641} INFO - Processing file /home/airflow/.local/lib/python3.7/site-packages/airflow/example_dags/example_branch_python_dop_operator_3.py for tasks to queue
[2023-07-11 23:13:43,468] {logging_mixin.py:115} INFO - [2023-07-11 23:13:43,468] {dagbag.py:508} INFO - Filling up the DagBag from /home/airflow/.local/lib/python3.7/site-packages/airflow/example_dags/example_branch_python_dop_operator_3.py
[2023-07-11 23:13:43,490] {processor.py:651} INFO - DAG(s) dict_keys(['example_branch_dop_operator_v3']) retrieved from /home/airflow/.local/lib/python3.7/site-packages/airflow/example_dags/example_branch_python_dop_operator_3.py
[2023-07-11 23:13:43,551] {logging_mixin.py:115} INFO - [2023-07-11 23:13:43,551] {dag.py:2420} INFO - Sync 1 DAGs
[2023-07-11 23:13:43,625] {logging_mixin.py:115} INFO - [2023-07-11 23:13:43,625] {dag.py:2972} INFO - Setting next_dagrun for example_branch_dop_operator_v3 to 2023-07-11T23:12:00+00:00, run_after=2023-07-11T23:13:00+00:00
[2023-07-11 23:13:43,655] {processor.py:161} INFO - Processing /home/airflow/.local/lib/python3.7/site-packages/airflow/example_dags/example_branch_python_dop_operator_3.py took 0.196 seconds
[2023-07-11 23:14:13,929] {processor.py:153} INFO - Started process (PID=3573) to work on /home/airflow/.local/lib/python3.7/site-packages/airflow/example_dags/example_branch_python_dop_operator_3.py
[2023-07-11 23:14:13,930] {processor.py:641} INFO - Processing file /home/airflow/.local/lib/python3.7/site-packages/airflow/example_dags/example_branch_python_dop_operator_3.py for tasks to queue
[2023-07-11 23:14:13,930] {logging_mixin.py:115} INFO - [2023-07-11 23:14:13,930] {dagbag.py:508} INFO - Filling up the DagBag from /home/airflow/.local/lib/python3.7/site-packages/airflow/example_dags/example_branch_python_dop_operator_3.py
[2023-07-11 23:14:13,942] {processor.py:651} INFO - DAG(s) dict_keys(['example_branch_dop_operator_v3']) retrieved from /home/airflow/.local/lib/python3.7/site-packages/airflow/example_dags/example_branch_python_dop_operator_3.py
[2023-07-11 23:14:13,975] {logging_mixin.py:115} INFO - [2023-07-11 23:14:13,975] {dag.py:2420} INFO - Sync 1 DAGs
[2023-07-11 23:14:14,023] {logging_mixin.py:115} INFO - [2023-07-11 23:14:14,023] {dag.py:2972} INFO - Setting next_dagrun for example_branch_dop_operator_v3 to 2023-07-11T23:13:00+00:00, run_after=2023-07-11T23:14:00+00:00
[2023-07-11 23:14:14,040] {processor.py:161} INFO - Processing /home/airflow/.local/lib/python3.7/site-packages/airflow/example_dags/example_branch_python_dop_operator_3.py took 0.115 seconds
