[2023-07-11 00:42:52,284] {processor.py:153} INFO - Started process (PID=42) to work on /home/airflow/.local/lib/python3.7/site-packages/airflow/example_dags/example_sla_dag.py
[2023-07-11 00:42:52,300] {processor.py:641} INFO - Processing file /home/airflow/.local/lib/python3.7/site-packages/airflow/example_dags/example_sla_dag.py for tasks to queue
[2023-07-11 00:42:52,301] {logging_mixin.py:115} INFO - [2023-07-11 00:42:52,301] {dagbag.py:508} INFO - Filling up the DagBag from /home/airflow/.local/lib/python3.7/site-packages/airflow/example_dags/example_sla_dag.py
[2023-07-11 00:42:52,821] {processor.py:651} INFO - DAG(s) dict_keys(['example_sla_dag']) retrieved from /home/airflow/.local/lib/python3.7/site-packages/airflow/example_dags/example_sla_dag.py
[2023-07-11 00:42:53,124] {logging_mixin.py:115} INFO - [2023-07-11 00:42:53,124] {manager.py:508} INFO - Created Permission View: can delete on DAG:example_sla_dag
[2023-07-11 00:42:53,142] {logging_mixin.py:115} INFO - [2023-07-11 00:42:53,142] {manager.py:508} INFO - Created Permission View: can read on DAG:example_sla_dag
[2023-07-11 00:42:53,155] {logging_mixin.py:115} INFO - [2023-07-11 00:42:53,155] {manager.py:508} INFO - Created Permission View: can edit on DAG:example_sla_dag
[2023-07-11 00:42:53,156] {logging_mixin.py:115} INFO - [2023-07-11 00:42:53,156] {dag.py:2420} INFO - Sync 1 DAGs
[2023-07-11 00:42:53,171] {logging_mixin.py:115} INFO - [2023-07-11 00:42:53,171] {dag.py:2439} INFO - Creating ORM DAG for example_sla_dag
[2023-07-11 00:42:53,215] {logging_mixin.py:115} INFO - [2023-07-11 00:42:53,214] {dag.py:2972} INFO - Setting next_dagrun for example_sla_dag to 2023-07-11T00:40:00+00:00, run_after=2023-07-11T00:42:00+00:00
[2023-07-11 00:42:53,266] {processor.py:161} INFO - Processing /home/airflow/.local/lib/python3.7/site-packages/airflow/example_dags/example_sla_dag.py took 0.990 seconds
[2023-07-11 00:43:23,314] {processor.py:153} INFO - Started process (PID=95) to work on /home/airflow/.local/lib/python3.7/site-packages/airflow/example_dags/example_sla_dag.py
[2023-07-11 00:43:23,314] {processor.py:641} INFO - Processing file /home/airflow/.local/lib/python3.7/site-packages/airflow/example_dags/example_sla_dag.py for tasks to queue
[2023-07-11 00:43:23,315] {logging_mixin.py:115} INFO - [2023-07-11 00:43:23,315] {dagbag.py:508} INFO - Filling up the DagBag from /home/airflow/.local/lib/python3.7/site-packages/airflow/example_dags/example_sla_dag.py
[2023-07-11 00:43:23,335] {processor.py:651} INFO - DAG(s) dict_keys(['example_sla_dag']) retrieved from /home/airflow/.local/lib/python3.7/site-packages/airflow/example_dags/example_sla_dag.py
[2023-07-11 00:43:23,361] {logging_mixin.py:115} INFO - [2023-07-11 00:43:23,361] {dag.py:2420} INFO - Sync 1 DAGs
[2023-07-11 00:43:23,392] {logging_mixin.py:115} INFO - [2023-07-11 00:43:23,392] {dag.py:2972} INFO - Setting next_dagrun for example_sla_dag to 2023-07-11T00:40:00+00:00, run_after=2023-07-11T00:42:00+00:00
[2023-07-11 00:43:23,405] {processor.py:161} INFO - Processing /home/airflow/.local/lib/python3.7/site-packages/airflow/example_dags/example_sla_dag.py took 0.094 seconds
[2023-07-11 00:43:53,820] {processor.py:153} INFO - Started process (PID=154) to work on /home/airflow/.local/lib/python3.7/site-packages/airflow/example_dags/example_sla_dag.py
[2023-07-11 00:43:53,820] {processor.py:641} INFO - Processing file /home/airflow/.local/lib/python3.7/site-packages/airflow/example_dags/example_sla_dag.py for tasks to queue
[2023-07-11 00:43:53,821] {logging_mixin.py:115} INFO - [2023-07-11 00:43:53,821] {dagbag.py:508} INFO - Filling up the DagBag from /home/airflow/.local/lib/python3.7/site-packages/airflow/example_dags/example_sla_dag.py
[2023-07-11 00:43:53,842] {processor.py:651} INFO - DAG(s) dict_keys(['example_sla_dag']) retrieved from /home/airflow/.local/lib/python3.7/site-packages/airflow/example_dags/example_sla_dag.py
[2023-07-11 00:43:53,875] {logging_mixin.py:115} INFO - [2023-07-11 00:43:53,874] {dag.py:2420} INFO - Sync 1 DAGs
[2023-07-11 00:43:53,906] {logging_mixin.py:115} INFO - [2023-07-11 00:43:53,906] {dag.py:2972} INFO - Setting next_dagrun for example_sla_dag to 2023-07-11T00:40:00+00:00, run_after=2023-07-11T00:42:00+00:00
[2023-07-11 00:43:53,920] {processor.py:161} INFO - Processing /home/airflow/.local/lib/python3.7/site-packages/airflow/example_dags/example_sla_dag.py took 0.103 seconds
[2023-07-11 00:44:24,477] {processor.py:153} INFO - Started process (PID=205) to work on /home/airflow/.local/lib/python3.7/site-packages/airflow/example_dags/example_sla_dag.py
[2023-07-11 00:44:24,478] {processor.py:641} INFO - Processing file /home/airflow/.local/lib/python3.7/site-packages/airflow/example_dags/example_sla_dag.py for tasks to queue
[2023-07-11 00:44:24,479] {logging_mixin.py:115} INFO - [2023-07-11 00:44:24,479] {dagbag.py:508} INFO - Filling up the DagBag from /home/airflow/.local/lib/python3.7/site-packages/airflow/example_dags/example_sla_dag.py
[2023-07-11 00:44:24,509] {processor.py:651} INFO - DAG(s) dict_keys(['example_sla_dag']) retrieved from /home/airflow/.local/lib/python3.7/site-packages/airflow/example_dags/example_sla_dag.py
[2023-07-11 00:44:24,540] {logging_mixin.py:115} INFO - [2023-07-11 00:44:24,540] {dag.py:2420} INFO - Sync 1 DAGs
[2023-07-11 00:44:24,581] {logging_mixin.py:115} INFO - [2023-07-11 00:44:24,581] {dag.py:2972} INFO - Setting next_dagrun for example_sla_dag to 2023-07-11T00:42:00+00:00, run_after=2023-07-11T00:44:00+00:00
[2023-07-11 00:44:24,597] {processor.py:161} INFO - Processing /home/airflow/.local/lib/python3.7/site-packages/airflow/example_dags/example_sla_dag.py took 0.124 seconds
[2023-07-11 00:44:55,174] {processor.py:153} INFO - Started process (PID=266) to work on /home/airflow/.local/lib/python3.7/site-packages/airflow/example_dags/example_sla_dag.py
[2023-07-11 00:44:55,175] {processor.py:641} INFO - Processing file /home/airflow/.local/lib/python3.7/site-packages/airflow/example_dags/example_sla_dag.py for tasks to queue
[2023-07-11 00:44:55,176] {logging_mixin.py:115} INFO - [2023-07-11 00:44:55,176] {dagbag.py:508} INFO - Filling up the DagBag from /home/airflow/.local/lib/python3.7/site-packages/airflow/example_dags/example_sla_dag.py
[2023-07-11 00:44:55,280] {processor.py:651} INFO - DAG(s) dict_keys(['example_sla_dag']) retrieved from /home/airflow/.local/lib/python3.7/site-packages/airflow/example_dags/example_sla_dag.py
[2023-07-11 00:44:55,443] {logging_mixin.py:115} INFO - [2023-07-11 00:44:55,442] {dag.py:2420} INFO - Sync 1 DAGs
[2023-07-11 00:44:55,498] {logging_mixin.py:115} INFO - [2023-07-11 00:44:55,498] {dag.py:2972} INFO - Setting next_dagrun for example_sla_dag to 2023-07-11T00:42:00+00:00, run_after=2023-07-11T00:44:00+00:00
[2023-07-11 00:44:55,519] {processor.py:161} INFO - Processing /home/airflow/.local/lib/python3.7/site-packages/airflow/example_dags/example_sla_dag.py took 0.352 seconds
[2023-07-11 00:45:25,976] {processor.py:153} INFO - Started process (PID=318) to work on /home/airflow/.local/lib/python3.7/site-packages/airflow/example_dags/example_sla_dag.py
[2023-07-11 00:45:25,976] {processor.py:641} INFO - Processing file /home/airflow/.local/lib/python3.7/site-packages/airflow/example_dags/example_sla_dag.py for tasks to queue
[2023-07-11 00:45:25,977] {logging_mixin.py:115} INFO - [2023-07-11 00:45:25,977] {dagbag.py:508} INFO - Filling up the DagBag from /home/airflow/.local/lib/python3.7/site-packages/airflow/example_dags/example_sla_dag.py
[2023-07-11 00:45:26,000] {processor.py:651} INFO - DAG(s) dict_keys(['example_sla_dag']) retrieved from /home/airflow/.local/lib/python3.7/site-packages/airflow/example_dags/example_sla_dag.py
[2023-07-11 00:45:26,035] {logging_mixin.py:115} INFO - [2023-07-11 00:45:26,035] {dag.py:2420} INFO - Sync 1 DAGs
[2023-07-11 00:45:26,080] {logging_mixin.py:115} INFO - [2023-07-11 00:45:26,080] {dag.py:2972} INFO - Setting next_dagrun for example_sla_dag to 2023-07-11T00:42:00+00:00, run_after=2023-07-11T00:44:00+00:00
[2023-07-11 00:45:26,096] {processor.py:161} INFO - Processing /home/airflow/.local/lib/python3.7/site-packages/airflow/example_dags/example_sla_dag.py took 0.124 seconds
[2023-07-11 00:45:56,556] {processor.py:153} INFO - Started process (PID=379) to work on /home/airflow/.local/lib/python3.7/site-packages/airflow/example_dags/example_sla_dag.py
[2023-07-11 00:45:56,556] {processor.py:641} INFO - Processing file /home/airflow/.local/lib/python3.7/site-packages/airflow/example_dags/example_sla_dag.py for tasks to queue
[2023-07-11 00:45:56,558] {logging_mixin.py:115} INFO - [2023-07-11 00:45:56,557] {dagbag.py:508} INFO - Filling up the DagBag from /home/airflow/.local/lib/python3.7/site-packages/airflow/example_dags/example_sla_dag.py
[2023-07-11 00:45:56,606] {processor.py:651} INFO - DAG(s) dict_keys(['example_sla_dag']) retrieved from /home/airflow/.local/lib/python3.7/site-packages/airflow/example_dags/example_sla_dag.py
[2023-07-11 00:45:56,686] {logging_mixin.py:115} INFO - [2023-07-11 00:45:56,685] {dag.py:2420} INFO - Sync 1 DAGs
[2023-07-11 00:45:56,771] {logging_mixin.py:115} INFO - [2023-07-11 00:45:56,771] {dag.py:2972} INFO - Setting next_dagrun for example_sla_dag to 2023-07-11T00:42:00+00:00, run_after=2023-07-11T00:44:00+00:00
[2023-07-11 00:45:56,790] {processor.py:161} INFO - Processing /home/airflow/.local/lib/python3.7/site-packages/airflow/example_dags/example_sla_dag.py took 0.238 seconds
[2023-07-11 00:46:27,089] {processor.py:153} INFO - Started process (PID=440) to work on /home/airflow/.local/lib/python3.7/site-packages/airflow/example_dags/example_sla_dag.py
[2023-07-11 00:46:27,090] {processor.py:641} INFO - Processing file /home/airflow/.local/lib/python3.7/site-packages/airflow/example_dags/example_sla_dag.py for tasks to queue
[2023-07-11 00:46:27,091] {logging_mixin.py:115} INFO - [2023-07-11 00:46:27,091] {dagbag.py:508} INFO - Filling up the DagBag from /home/airflow/.local/lib/python3.7/site-packages/airflow/example_dags/example_sla_dag.py
[2023-07-11 00:46:27,134] {processor.py:651} INFO - DAG(s) dict_keys(['example_sla_dag']) retrieved from /home/airflow/.local/lib/python3.7/site-packages/airflow/example_dags/example_sla_dag.py
[2023-07-11 00:46:27,179] {logging_mixin.py:115} INFO - [2023-07-11 00:46:27,178] {dag.py:2420} INFO - Sync 1 DAGs
[2023-07-11 00:46:27,233] {logging_mixin.py:115} INFO - [2023-07-11 00:46:27,233] {dag.py:2972} INFO - Setting next_dagrun for example_sla_dag to 2023-07-11T00:44:00+00:00, run_after=2023-07-11T00:46:00+00:00
[2023-07-11 00:46:27,257] {processor.py:161} INFO - Processing /home/airflow/.local/lib/python3.7/site-packages/airflow/example_dags/example_sla_dag.py took 0.174 seconds
[2023-07-11 00:46:58,190] {processor.py:153} INFO - Started process (PID=494) to work on /home/airflow/.local/lib/python3.7/site-packages/airflow/example_dags/example_sla_dag.py
[2023-07-11 00:46:58,198] {processor.py:641} INFO - Processing file /home/airflow/.local/lib/python3.7/site-packages/airflow/example_dags/example_sla_dag.py for tasks to queue
[2023-07-11 00:46:58,199] {logging_mixin.py:115} INFO - [2023-07-11 00:46:58,199] {dagbag.py:508} INFO - Filling up the DagBag from /home/airflow/.local/lib/python3.7/site-packages/airflow/example_dags/example_sla_dag.py
[2023-07-11 00:46:58,232] {processor.py:651} INFO - DAG(s) dict_keys(['example_sla_dag']) retrieved from /home/airflow/.local/lib/python3.7/site-packages/airflow/example_dags/example_sla_dag.py
[2023-07-11 00:46:58,275] {logging_mixin.py:115} INFO - [2023-07-11 00:46:58,274] {dag.py:2420} INFO - Sync 1 DAGs
[2023-07-11 00:46:58,327] {logging_mixin.py:115} INFO - [2023-07-11 00:46:58,327] {dag.py:2972} INFO - Setting next_dagrun for example_sla_dag to 2023-07-11T00:44:00+00:00, run_after=2023-07-11T00:46:00+00:00
[2023-07-11 00:46:58,347] {processor.py:161} INFO - Processing /home/airflow/.local/lib/python3.7/site-packages/airflow/example_dags/example_sla_dag.py took 0.162 seconds
[2023-07-11 00:47:29,236] {processor.py:153} INFO - Started process (PID=555) to work on /home/airflow/.local/lib/python3.7/site-packages/airflow/example_dags/example_sla_dag.py
[2023-07-11 00:47:29,236] {processor.py:641} INFO - Processing file /home/airflow/.local/lib/python3.7/site-packages/airflow/example_dags/example_sla_dag.py for tasks to queue
[2023-07-11 00:47:29,237] {logging_mixin.py:115} INFO - [2023-07-11 00:47:29,237] {dagbag.py:508} INFO - Filling up the DagBag from /home/airflow/.local/lib/python3.7/site-packages/airflow/example_dags/example_sla_dag.py
[2023-07-11 00:47:29,261] {processor.py:651} INFO - DAG(s) dict_keys(['example_sla_dag']) retrieved from /home/airflow/.local/lib/python3.7/site-packages/airflow/example_dags/example_sla_dag.py
[2023-07-11 00:47:29,294] {logging_mixin.py:115} INFO - [2023-07-11 00:47:29,294] {dag.py:2420} INFO - Sync 1 DAGs
[2023-07-11 00:47:29,330] {logging_mixin.py:115} INFO - [2023-07-11 00:47:29,330] {dag.py:2972} INFO - Setting next_dagrun for example_sla_dag to 2023-07-11T00:44:00+00:00, run_after=2023-07-11T00:46:00+00:00
[2023-07-11 00:47:29,345] {processor.py:161} INFO - Processing /home/airflow/.local/lib/python3.7/site-packages/airflow/example_dags/example_sla_dag.py took 0.113 seconds
[2023-07-11 00:48:00,136] {processor.py:153} INFO - Started process (PID=608) to work on /home/airflow/.local/lib/python3.7/site-packages/airflow/example_dags/example_sla_dag.py
[2023-07-11 00:48:00,143] {processor.py:641} INFO - Processing file /home/airflow/.local/lib/python3.7/site-packages/airflow/example_dags/example_sla_dag.py for tasks to queue
[2023-07-11 00:48:00,144] {logging_mixin.py:115} INFO - [2023-07-11 00:48:00,144] {dagbag.py:508} INFO - Filling up the DagBag from /home/airflow/.local/lib/python3.7/site-packages/airflow/example_dags/example_sla_dag.py
[2023-07-11 00:48:00,178] {processor.py:651} INFO - DAG(s) dict_keys(['example_sla_dag']) retrieved from /home/airflow/.local/lib/python3.7/site-packages/airflow/example_dags/example_sla_dag.py
[2023-07-11 00:48:00,263] {logging_mixin.py:115} INFO - [2023-07-11 00:48:00,263] {dag.py:2420} INFO - Sync 1 DAGs
[2023-07-11 00:48:00,318] {logging_mixin.py:115} INFO - [2023-07-11 00:48:00,317] {dag.py:2972} INFO - Setting next_dagrun for example_sla_dag to 2023-07-11T00:46:00+00:00, run_after=2023-07-11T00:48:00+00:00
[2023-07-11 00:48:00,362] {processor.py:161} INFO - Processing /home/airflow/.local/lib/python3.7/site-packages/airflow/example_dags/example_sla_dag.py took 0.239 seconds
[2023-07-11 00:48:30,925] {processor.py:153} INFO - Started process (PID=669) to work on /home/airflow/.local/lib/python3.7/site-packages/airflow/example_dags/example_sla_dag.py
[2023-07-11 00:48:30,926] {processor.py:641} INFO - Processing file /home/airflow/.local/lib/python3.7/site-packages/airflow/example_dags/example_sla_dag.py for tasks to queue
[2023-07-11 00:48:30,926] {logging_mixin.py:115} INFO - [2023-07-11 00:48:30,926] {dagbag.py:508} INFO - Filling up the DagBag from /home/airflow/.local/lib/python3.7/site-packages/airflow/example_dags/example_sla_dag.py
[2023-07-11 00:48:30,946] {processor.py:651} INFO - DAG(s) dict_keys(['example_sla_dag']) retrieved from /home/airflow/.local/lib/python3.7/site-packages/airflow/example_dags/example_sla_dag.py
[2023-07-11 00:48:30,979] {logging_mixin.py:115} INFO - [2023-07-11 00:48:30,978] {dag.py:2420} INFO - Sync 1 DAGs
[2023-07-11 00:48:31,011] {logging_mixin.py:115} INFO - [2023-07-11 00:48:31,011] {dag.py:2972} INFO - Setting next_dagrun for example_sla_dag to 2023-07-11T00:46:00+00:00, run_after=2023-07-11T00:48:00+00:00
[2023-07-11 00:48:31,036] {processor.py:161} INFO - Processing /home/airflow/.local/lib/python3.7/site-packages/airflow/example_dags/example_sla_dag.py took 0.115 seconds
[2023-07-11 00:49:01,422] {processor.py:153} INFO - Started process (PID=721) to work on /home/airflow/.local/lib/python3.7/site-packages/airflow/example_dags/example_sla_dag.py
[2023-07-11 00:49:01,423] {processor.py:641} INFO - Processing file /home/airflow/.local/lib/python3.7/site-packages/airflow/example_dags/example_sla_dag.py for tasks to queue
[2023-07-11 00:49:01,423] {logging_mixin.py:115} INFO - [2023-07-11 00:49:01,423] {dagbag.py:508} INFO - Filling up the DagBag from /home/airflow/.local/lib/python3.7/site-packages/airflow/example_dags/example_sla_dag.py
[2023-07-11 00:49:01,443] {processor.py:651} INFO - DAG(s) dict_keys(['example_sla_dag']) retrieved from /home/airflow/.local/lib/python3.7/site-packages/airflow/example_dags/example_sla_dag.py
[2023-07-11 00:49:01,470] {logging_mixin.py:115} INFO - [2023-07-11 00:49:01,470] {dag.py:2420} INFO - Sync 1 DAGs
[2023-07-11 00:49:01,513] {logging_mixin.py:115} INFO - [2023-07-11 00:49:01,513] {dag.py:2972} INFO - Setting next_dagrun for example_sla_dag to 2023-07-11T00:46:00+00:00, run_after=2023-07-11T00:48:00+00:00
[2023-07-11 00:49:01,531] {processor.py:161} INFO - Processing /home/airflow/.local/lib/python3.7/site-packages/airflow/example_dags/example_sla_dag.py took 0.114 seconds
[2023-07-11 00:49:31,892] {processor.py:153} INFO - Started process (PID=782) to work on /home/airflow/.local/lib/python3.7/site-packages/airflow/example_dags/example_sla_dag.py
[2023-07-11 00:49:31,893] {processor.py:641} INFO - Processing file /home/airflow/.local/lib/python3.7/site-packages/airflow/example_dags/example_sla_dag.py for tasks to queue
[2023-07-11 00:49:31,894] {logging_mixin.py:115} INFO - [2023-07-11 00:49:31,894] {dagbag.py:508} INFO - Filling up the DagBag from /home/airflow/.local/lib/python3.7/site-packages/airflow/example_dags/example_sla_dag.py
[2023-07-11 00:49:31,916] {processor.py:651} INFO - DAG(s) dict_keys(['example_sla_dag']) retrieved from /home/airflow/.local/lib/python3.7/site-packages/airflow/example_dags/example_sla_dag.py
[2023-07-11 00:49:31,948] {logging_mixin.py:115} INFO - [2023-07-11 00:49:31,948] {dag.py:2420} INFO - Sync 1 DAGs
[2023-07-11 00:49:31,984] {logging_mixin.py:115} INFO - [2023-07-11 00:49:31,984] {dag.py:2972} INFO - Setting next_dagrun for example_sla_dag to 2023-07-11T00:46:00+00:00, run_after=2023-07-11T00:48:00+00:00
[2023-07-11 00:49:31,997] {processor.py:161} INFO - Processing /home/airflow/.local/lib/python3.7/site-packages/airflow/example_dags/example_sla_dag.py took 0.109 seconds
[2023-07-11 00:50:02,294] {processor.py:153} INFO - Started process (PID=833) to work on /home/airflow/.local/lib/python3.7/site-packages/airflow/example_dags/example_sla_dag.py
[2023-07-11 00:50:02,295] {processor.py:641} INFO - Processing file /home/airflow/.local/lib/python3.7/site-packages/airflow/example_dags/example_sla_dag.py for tasks to queue
[2023-07-11 00:50:02,296] {logging_mixin.py:115} INFO - [2023-07-11 00:50:02,295] {dagbag.py:508} INFO - Filling up the DagBag from /home/airflow/.local/lib/python3.7/site-packages/airflow/example_dags/example_sla_dag.py
[2023-07-11 00:50:02,315] {processor.py:651} INFO - DAG(s) dict_keys(['example_sla_dag']) retrieved from /home/airflow/.local/lib/python3.7/site-packages/airflow/example_dags/example_sla_dag.py
[2023-07-11 00:50:02,344] {logging_mixin.py:115} INFO - [2023-07-11 00:50:02,344] {dag.py:2420} INFO - Sync 1 DAGs
[2023-07-11 00:50:02,374] {logging_mixin.py:115} INFO - [2023-07-11 00:50:02,374] {dag.py:2972} INFO - Setting next_dagrun for example_sla_dag to 2023-07-11T00:48:00+00:00, run_after=2023-07-11T00:50:00+00:00
[2023-07-11 00:50:02,388] {processor.py:161} INFO - Processing /home/airflow/.local/lib/python3.7/site-packages/airflow/example_dags/example_sla_dag.py took 0.097 seconds
[2023-07-11 00:50:32,873] {processor.py:153} INFO - Started process (PID=892) to work on /home/airflow/.local/lib/python3.7/site-packages/airflow/example_dags/example_sla_dag.py
[2023-07-11 00:50:32,874] {processor.py:641} INFO - Processing file /home/airflow/.local/lib/python3.7/site-packages/airflow/example_dags/example_sla_dag.py for tasks to queue
[2023-07-11 00:50:32,875] {logging_mixin.py:115} INFO - [2023-07-11 00:50:32,875] {dagbag.py:508} INFO - Filling up the DagBag from /home/airflow/.local/lib/python3.7/site-packages/airflow/example_dags/example_sla_dag.py
[2023-07-11 00:50:32,900] {processor.py:651} INFO - DAG(s) dict_keys(['example_sla_dag']) retrieved from /home/airflow/.local/lib/python3.7/site-packages/airflow/example_dags/example_sla_dag.py
[2023-07-11 00:50:32,930] {logging_mixin.py:115} INFO - [2023-07-11 00:50:32,930] {dag.py:2420} INFO - Sync 1 DAGs
[2023-07-11 00:50:32,979] {logging_mixin.py:115} INFO - [2023-07-11 00:50:32,979] {dag.py:2972} INFO - Setting next_dagrun for example_sla_dag to 2023-07-11T00:48:00+00:00, run_after=2023-07-11T00:50:00+00:00
[2023-07-11 00:50:32,998] {processor.py:161} INFO - Processing /home/airflow/.local/lib/python3.7/site-packages/airflow/example_dags/example_sla_dag.py took 0.130 seconds
[2023-07-11 00:51:03,671] {processor.py:153} INFO - Started process (PID=943) to work on /home/airflow/.local/lib/python3.7/site-packages/airflow/example_dags/example_sla_dag.py
[2023-07-11 00:51:03,672] {processor.py:641} INFO - Processing file /home/airflow/.local/lib/python3.7/site-packages/airflow/example_dags/example_sla_dag.py for tasks to queue
[2023-07-11 00:51:03,672] {logging_mixin.py:115} INFO - [2023-07-11 00:51:03,672] {dagbag.py:508} INFO - Filling up the DagBag from /home/airflow/.local/lib/python3.7/site-packages/airflow/example_dags/example_sla_dag.py
[2023-07-11 00:51:03,692] {processor.py:651} INFO - DAG(s) dict_keys(['example_sla_dag']) retrieved from /home/airflow/.local/lib/python3.7/site-packages/airflow/example_dags/example_sla_dag.py
[2023-07-11 00:51:03,723] {logging_mixin.py:115} INFO - [2023-07-11 00:51:03,723] {dag.py:2420} INFO - Sync 1 DAGs
[2023-07-11 00:51:03,761] {logging_mixin.py:115} INFO - [2023-07-11 00:51:03,761] {dag.py:2972} INFO - Setting next_dagrun for example_sla_dag to 2023-07-11T00:48:00+00:00, run_after=2023-07-11T00:50:00+00:00
[2023-07-11 00:51:03,774] {processor.py:161} INFO - Processing /home/airflow/.local/lib/python3.7/site-packages/airflow/example_dags/example_sla_dag.py took 0.107 seconds
[2023-07-11 00:51:33,875] {processor.py:153} INFO - Started process (PID=1004) to work on /home/airflow/.local/lib/python3.7/site-packages/airflow/example_dags/example_sla_dag.py
[2023-07-11 00:51:33,876] {processor.py:641} INFO - Processing file /home/airflow/.local/lib/python3.7/site-packages/airflow/example_dags/example_sla_dag.py for tasks to queue
[2023-07-11 00:51:33,876] {logging_mixin.py:115} INFO - [2023-07-11 00:51:33,876] {dagbag.py:508} INFO - Filling up the DagBag from /home/airflow/.local/lib/python3.7/site-packages/airflow/example_dags/example_sla_dag.py
[2023-07-11 00:51:33,899] {processor.py:651} INFO - DAG(s) dict_keys(['example_sla_dag']) retrieved from /home/airflow/.local/lib/python3.7/site-packages/airflow/example_dags/example_sla_dag.py
[2023-07-11 00:51:33,932] {logging_mixin.py:115} INFO - [2023-07-11 00:51:33,932] {dag.py:2420} INFO - Sync 1 DAGs
[2023-07-11 00:51:33,972] {logging_mixin.py:115} INFO - [2023-07-11 00:51:33,972] {dag.py:2972} INFO - Setting next_dagrun for example_sla_dag to 2023-07-11T00:48:00+00:00, run_after=2023-07-11T00:50:00+00:00
[2023-07-11 00:51:33,986] {processor.py:161} INFO - Processing /home/airflow/.local/lib/python3.7/site-packages/airflow/example_dags/example_sla_dag.py took 0.114 seconds
[2023-07-11 22:50:06,969] {processor.py:153} INFO - Started process (PID=1053) to work on /home/airflow/.local/lib/python3.7/site-packages/airflow/example_dags/example_sla_dag.py
[2023-07-11 22:50:07,001] {processor.py:641} INFO - Processing file /home/airflow/.local/lib/python3.7/site-packages/airflow/example_dags/example_sla_dag.py for tasks to queue
[2023-07-11 22:50:07,002] {logging_mixin.py:115} INFO - [2023-07-11 22:50:07,002] {dagbag.py:508} INFO - Filling up the DagBag from /home/airflow/.local/lib/python3.7/site-packages/airflow/example_dags/example_sla_dag.py
[2023-07-11 22:50:07,291] {processor.py:651} INFO - DAG(s) dict_keys(['example_sla_dag']) retrieved from /home/airflow/.local/lib/python3.7/site-packages/airflow/example_dags/example_sla_dag.py
[2023-07-11 22:50:07,571] {logging_mixin.py:115} INFO - [2023-07-11 22:50:07,571] {dag.py:2420} INFO - Sync 1 DAGs
[2023-07-11 22:50:07,766] {logging_mixin.py:115} INFO - [2023-07-11 22:50:07,766] {dag.py:2972} INFO - Setting next_dagrun for example_sla_dag to 2023-07-11T22:48:00+00:00, run_after=2023-07-11T22:50:00+00:00
[2023-07-11 22:50:07,916] {processor.py:161} INFO - Processing /home/airflow/.local/lib/python3.7/site-packages/airflow/example_dags/example_sla_dag.py took 0.984 seconds
[2023-07-11 22:50:38,487] {processor.py:153} INFO - Started process (PID=1098) to work on /home/airflow/.local/lib/python3.7/site-packages/airflow/example_dags/example_sla_dag.py
[2023-07-11 22:50:38,488] {processor.py:641} INFO - Processing file /home/airflow/.local/lib/python3.7/site-packages/airflow/example_dags/example_sla_dag.py for tasks to queue
[2023-07-11 22:50:38,489] {logging_mixin.py:115} INFO - [2023-07-11 22:50:38,488] {dagbag.py:508} INFO - Filling up the DagBag from /home/airflow/.local/lib/python3.7/site-packages/airflow/example_dags/example_sla_dag.py
[2023-07-11 22:50:38,515] {processor.py:651} INFO - DAG(s) dict_keys(['example_sla_dag']) retrieved from /home/airflow/.local/lib/python3.7/site-packages/airflow/example_dags/example_sla_dag.py
[2023-07-11 22:50:38,554] {logging_mixin.py:115} INFO - [2023-07-11 22:50:38,553] {dag.py:2420} INFO - Sync 1 DAGs
[2023-07-11 22:50:38,604] {logging_mixin.py:115} INFO - [2023-07-11 22:50:38,604] {dag.py:2972} INFO - Setting next_dagrun for example_sla_dag to 2023-07-11T22:48:00+00:00, run_after=2023-07-11T22:50:00+00:00
[2023-07-11 22:50:38,625] {processor.py:161} INFO - Processing /home/airflow/.local/lib/python3.7/site-packages/airflow/example_dags/example_sla_dag.py took 0.143 seconds
[2023-07-11 22:51:08,676] {processor.py:153} INFO - Started process (PID=1159) to work on /home/airflow/.local/lib/python3.7/site-packages/airflow/example_dags/example_sla_dag.py
[2023-07-11 22:51:08,677] {processor.py:641} INFO - Processing file /home/airflow/.local/lib/python3.7/site-packages/airflow/example_dags/example_sla_dag.py for tasks to queue
[2023-07-11 22:51:08,678] {logging_mixin.py:115} INFO - [2023-07-11 22:51:08,678] {dagbag.py:508} INFO - Filling up the DagBag from /home/airflow/.local/lib/python3.7/site-packages/airflow/example_dags/example_sla_dag.py
[2023-07-11 22:51:08,709] {processor.py:651} INFO - DAG(s) dict_keys(['example_sla_dag']) retrieved from /home/airflow/.local/lib/python3.7/site-packages/airflow/example_dags/example_sla_dag.py
[2023-07-11 22:51:08,751] {logging_mixin.py:115} INFO - [2023-07-11 22:51:08,751] {dag.py:2420} INFO - Sync 1 DAGs
[2023-07-11 22:51:08,802] {logging_mixin.py:115} INFO - [2023-07-11 22:51:08,802] {dag.py:2972} INFO - Setting next_dagrun for example_sla_dag to 2023-07-11T22:48:00+00:00, run_after=2023-07-11T22:50:00+00:00
[2023-07-11 22:51:08,824] {processor.py:161} INFO - Processing /home/airflow/.local/lib/python3.7/site-packages/airflow/example_dags/example_sla_dag.py took 0.155 seconds
[2023-07-11 22:51:39,420] {processor.py:153} INFO - Started process (PID=1211) to work on /home/airflow/.local/lib/python3.7/site-packages/airflow/example_dags/example_sla_dag.py
[2023-07-11 22:51:39,420] {processor.py:641} INFO - Processing file /home/airflow/.local/lib/python3.7/site-packages/airflow/example_dags/example_sla_dag.py for tasks to queue
[2023-07-11 22:51:39,421] {logging_mixin.py:115} INFO - [2023-07-11 22:51:39,421] {dagbag.py:508} INFO - Filling up the DagBag from /home/airflow/.local/lib/python3.7/site-packages/airflow/example_dags/example_sla_dag.py
[2023-07-11 22:51:39,452] {processor.py:651} INFO - DAG(s) dict_keys(['example_sla_dag']) retrieved from /home/airflow/.local/lib/python3.7/site-packages/airflow/example_dags/example_sla_dag.py
[2023-07-11 22:51:39,486] {logging_mixin.py:115} INFO - [2023-07-11 22:51:39,486] {dag.py:2420} INFO - Sync 1 DAGs
[2023-07-11 22:51:39,519] {logging_mixin.py:115} INFO - [2023-07-11 22:51:39,519] {dag.py:2972} INFO - Setting next_dagrun for example_sla_dag to 2023-07-11T22:48:00+00:00, run_after=2023-07-11T22:50:00+00:00
[2023-07-11 22:51:39,532] {processor.py:161} INFO - Processing /home/airflow/.local/lib/python3.7/site-packages/airflow/example_dags/example_sla_dag.py took 0.117 seconds
[2023-07-11 22:52:09,878] {processor.py:153} INFO - Started process (PID=1262) to work on /home/airflow/.local/lib/python3.7/site-packages/airflow/example_dags/example_sla_dag.py
[2023-07-11 22:52:09,879] {processor.py:641} INFO - Processing file /home/airflow/.local/lib/python3.7/site-packages/airflow/example_dags/example_sla_dag.py for tasks to queue
[2023-07-11 22:52:09,880] {logging_mixin.py:115} INFO - [2023-07-11 22:52:09,880] {dagbag.py:508} INFO - Filling up the DagBag from /home/airflow/.local/lib/python3.7/site-packages/airflow/example_dags/example_sla_dag.py
[2023-07-11 22:52:09,976] {processor.py:651} INFO - DAG(s) dict_keys(['example_sla_dag']) retrieved from /home/airflow/.local/lib/python3.7/site-packages/airflow/example_dags/example_sla_dag.py
[2023-07-11 22:52:10,183] {logging_mixin.py:115} INFO - [2023-07-11 22:52:10,183] {dag.py:2420} INFO - Sync 1 DAGs
[2023-07-11 22:52:10,345] {logging_mixin.py:115} INFO - [2023-07-11 22:52:10,344] {dag.py:2972} INFO - Setting next_dagrun for example_sla_dag to 2023-07-11T22:50:00+00:00, run_after=2023-07-11T22:52:00+00:00
[2023-07-11 22:52:10,456] {processor.py:161} INFO - Processing /home/airflow/.local/lib/python3.7/site-packages/airflow/example_dags/example_sla_dag.py took 0.586 seconds
[2023-07-11 22:52:41,163] {processor.py:153} INFO - Started process (PID=1321) to work on /home/airflow/.local/lib/python3.7/site-packages/airflow/example_dags/example_sla_dag.py
[2023-07-11 22:52:41,164] {processor.py:641} INFO - Processing file /home/airflow/.local/lib/python3.7/site-packages/airflow/example_dags/example_sla_dag.py for tasks to queue
[2023-07-11 22:52:41,164] {logging_mixin.py:115} INFO - [2023-07-11 22:52:41,164] {dagbag.py:508} INFO - Filling up the DagBag from /home/airflow/.local/lib/python3.7/site-packages/airflow/example_dags/example_sla_dag.py
[2023-07-11 22:52:41,185] {processor.py:651} INFO - DAG(s) dict_keys(['example_sla_dag']) retrieved from /home/airflow/.local/lib/python3.7/site-packages/airflow/example_dags/example_sla_dag.py
[2023-07-11 22:52:41,213] {logging_mixin.py:115} INFO - [2023-07-11 22:52:41,213] {dag.py:2420} INFO - Sync 1 DAGs
[2023-07-11 22:52:41,259] {logging_mixin.py:115} INFO - [2023-07-11 22:52:41,259] {dag.py:2972} INFO - Setting next_dagrun for example_sla_dag to 2023-07-11T22:50:00+00:00, run_after=2023-07-11T22:52:00+00:00
[2023-07-11 22:52:41,272] {processor.py:161} INFO - Processing /home/airflow/.local/lib/python3.7/site-packages/airflow/example_dags/example_sla_dag.py took 0.113 seconds
[2023-07-11 22:53:12,133] {processor.py:153} INFO - Started process (PID=1372) to work on /home/airflow/.local/lib/python3.7/site-packages/airflow/example_dags/example_sla_dag.py
[2023-07-11 22:53:12,134] {processor.py:641} INFO - Processing file /home/airflow/.local/lib/python3.7/site-packages/airflow/example_dags/example_sla_dag.py for tasks to queue
[2023-07-11 22:53:12,135] {logging_mixin.py:115} INFO - [2023-07-11 22:53:12,135] {dagbag.py:508} INFO - Filling up the DagBag from /home/airflow/.local/lib/python3.7/site-packages/airflow/example_dags/example_sla_dag.py
[2023-07-11 22:53:12,217] {processor.py:651} INFO - DAG(s) dict_keys(['example_sla_dag']) retrieved from /home/airflow/.local/lib/python3.7/site-packages/airflow/example_dags/example_sla_dag.py
[2023-07-11 22:53:12,271] {logging_mixin.py:115} INFO - [2023-07-11 22:53:12,271] {dag.py:2420} INFO - Sync 1 DAGs
[2023-07-11 22:53:12,309] {logging_mixin.py:115} INFO - [2023-07-11 22:53:12,309] {dag.py:2972} INFO - Setting next_dagrun for example_sla_dag to 2023-07-11T22:50:00+00:00, run_after=2023-07-11T22:52:00+00:00
[2023-07-11 22:53:12,332] {processor.py:161} INFO - Processing /home/airflow/.local/lib/python3.7/site-packages/airflow/example_dags/example_sla_dag.py took 0.205 seconds
[2023-07-11 22:53:42,865] {processor.py:153} INFO - Started process (PID=1424) to work on /home/airflow/.local/lib/python3.7/site-packages/airflow/example_dags/example_sla_dag.py
[2023-07-11 22:53:42,866] {processor.py:641} INFO - Processing file /home/airflow/.local/lib/python3.7/site-packages/airflow/example_dags/example_sla_dag.py for tasks to queue
[2023-07-11 22:53:42,867] {logging_mixin.py:115} INFO - [2023-07-11 22:53:42,867] {dagbag.py:508} INFO - Filling up the DagBag from /home/airflow/.local/lib/python3.7/site-packages/airflow/example_dags/example_sla_dag.py
[2023-07-11 22:53:43,009] {processor.py:651} INFO - DAG(s) dict_keys(['example_sla_dag']) retrieved from /home/airflow/.local/lib/python3.7/site-packages/airflow/example_dags/example_sla_dag.py
[2023-07-11 22:53:43,150] {logging_mixin.py:115} INFO - [2023-07-11 22:53:43,150] {dag.py:2420} INFO - Sync 1 DAGs
[2023-07-11 22:53:43,231] {logging_mixin.py:115} INFO - [2023-07-11 22:53:43,230] {dag.py:2972} INFO - Setting next_dagrun for example_sla_dag to 2023-07-11T22:50:00+00:00, run_after=2023-07-11T22:52:00+00:00
[2023-07-11 22:53:43,291] {processor.py:161} INFO - Processing /home/airflow/.local/lib/python3.7/site-packages/airflow/example_dags/example_sla_dag.py took 0.435 seconds
[2023-07-11 22:54:13,590] {processor.py:153} INFO - Started process (PID=1475) to work on /home/airflow/.local/lib/python3.7/site-packages/airflow/example_dags/example_sla_dag.py
[2023-07-11 22:54:13,591] {processor.py:641} INFO - Processing file /home/airflow/.local/lib/python3.7/site-packages/airflow/example_dags/example_sla_dag.py for tasks to queue
[2023-07-11 22:54:13,592] {logging_mixin.py:115} INFO - [2023-07-11 22:54:13,592] {dagbag.py:508} INFO - Filling up the DagBag from /home/airflow/.local/lib/python3.7/site-packages/airflow/example_dags/example_sla_dag.py
[2023-07-11 22:54:13,615] {processor.py:651} INFO - DAG(s) dict_keys(['example_sla_dag']) retrieved from /home/airflow/.local/lib/python3.7/site-packages/airflow/example_dags/example_sla_dag.py
[2023-07-11 22:54:13,651] {logging_mixin.py:115} INFO - [2023-07-11 22:54:13,651] {dag.py:2420} INFO - Sync 1 DAGs
[2023-07-11 22:54:13,726] {logging_mixin.py:115} INFO - [2023-07-11 22:54:13,725] {dag.py:2972} INFO - Setting next_dagrun for example_sla_dag to 2023-07-11T22:52:00+00:00, run_after=2023-07-11T22:54:00+00:00
[2023-07-11 22:54:13,785] {processor.py:161} INFO - Processing /home/airflow/.local/lib/python3.7/site-packages/airflow/example_dags/example_sla_dag.py took 0.199 seconds
[2023-07-11 22:54:43,918] {processor.py:153} INFO - Started process (PID=1535) to work on /home/airflow/.local/lib/python3.7/site-packages/airflow/example_dags/example_sla_dag.py
[2023-07-11 22:54:43,927] {processor.py:641} INFO - Processing file /home/airflow/.local/lib/python3.7/site-packages/airflow/example_dags/example_sla_dag.py for tasks to queue
[2023-07-11 22:54:43,929] {logging_mixin.py:115} INFO - [2023-07-11 22:54:43,929] {dagbag.py:508} INFO - Filling up the DagBag from /home/airflow/.local/lib/python3.7/site-packages/airflow/example_dags/example_sla_dag.py
[2023-07-11 22:54:44,017] {processor.py:651} INFO - DAG(s) dict_keys(['example_sla_dag']) retrieved from /home/airflow/.local/lib/python3.7/site-packages/airflow/example_dags/example_sla_dag.py
[2023-07-11 22:54:44,092] {logging_mixin.py:115} INFO - [2023-07-11 22:54:44,092] {dag.py:2420} INFO - Sync 1 DAGs
[2023-07-11 22:54:44,195] {logging_mixin.py:115} INFO - [2023-07-11 22:54:44,195] {dag.py:2972} INFO - Setting next_dagrun for example_sla_dag to 2023-07-11T22:52:00+00:00, run_after=2023-07-11T22:54:00+00:00
[2023-07-11 22:54:44,243] {processor.py:161} INFO - Processing /home/airflow/.local/lib/python3.7/site-packages/airflow/example_dags/example_sla_dag.py took 0.334 seconds
[2023-07-11 22:55:15,018] {processor.py:153} INFO - Started process (PID=1587) to work on /home/airflow/.local/lib/python3.7/site-packages/airflow/example_dags/example_sla_dag.py
[2023-07-11 22:55:15,019] {processor.py:641} INFO - Processing file /home/airflow/.local/lib/python3.7/site-packages/airflow/example_dags/example_sla_dag.py for tasks to queue
[2023-07-11 22:55:15,019] {logging_mixin.py:115} INFO - [2023-07-11 22:55:15,019] {dagbag.py:508} INFO - Filling up the DagBag from /home/airflow/.local/lib/python3.7/site-packages/airflow/example_dags/example_sla_dag.py
[2023-07-11 22:55:15,054] {processor.py:651} INFO - DAG(s) dict_keys(['example_sla_dag']) retrieved from /home/airflow/.local/lib/python3.7/site-packages/airflow/example_dags/example_sla_dag.py
[2023-07-11 22:55:15,101] {logging_mixin.py:115} INFO - [2023-07-11 22:55:15,100] {dag.py:2420} INFO - Sync 1 DAGs
[2023-07-11 22:55:15,159] {logging_mixin.py:115} INFO - [2023-07-11 22:55:15,159] {dag.py:2972} INFO - Setting next_dagrun for example_sla_dag to 2023-07-11T22:52:00+00:00, run_after=2023-07-11T22:54:00+00:00
[2023-07-11 22:55:15,181] {processor.py:161} INFO - Processing /home/airflow/.local/lib/python3.7/site-packages/airflow/example_dags/example_sla_dag.py took 0.168 seconds
[2023-07-11 22:55:45,391] {processor.py:153} INFO - Started process (PID=1639) to work on /home/airflow/.local/lib/python3.7/site-packages/airflow/example_dags/example_sla_dag.py
[2023-07-11 22:55:45,392] {processor.py:641} INFO - Processing file /home/airflow/.local/lib/python3.7/site-packages/airflow/example_dags/example_sla_dag.py for tasks to queue
[2023-07-11 22:55:45,393] {logging_mixin.py:115} INFO - [2023-07-11 22:55:45,393] {dagbag.py:508} INFO - Filling up the DagBag from /home/airflow/.local/lib/python3.7/site-packages/airflow/example_dags/example_sla_dag.py
[2023-07-11 22:55:45,420] {processor.py:651} INFO - DAG(s) dict_keys(['example_sla_dag']) retrieved from /home/airflow/.local/lib/python3.7/site-packages/airflow/example_dags/example_sla_dag.py
[2023-07-11 22:55:45,463] {logging_mixin.py:115} INFO - [2023-07-11 22:55:45,462] {dag.py:2420} INFO - Sync 1 DAGs
[2023-07-11 22:55:45,510] {logging_mixin.py:115} INFO - [2023-07-11 22:55:45,510] {dag.py:2972} INFO - Setting next_dagrun for example_sla_dag to 2023-07-11T22:52:00+00:00, run_after=2023-07-11T22:54:00+00:00
[2023-07-11 22:55:45,537] {processor.py:161} INFO - Processing /home/airflow/.local/lib/python3.7/site-packages/airflow/example_dags/example_sla_dag.py took 0.149 seconds
[2023-07-11 22:56:15,976] {processor.py:153} INFO - Started process (PID=1691) to work on /home/airflow/.local/lib/python3.7/site-packages/airflow/example_dags/example_sla_dag.py
[2023-07-11 22:56:15,977] {processor.py:641} INFO - Processing file /home/airflow/.local/lib/python3.7/site-packages/airflow/example_dags/example_sla_dag.py for tasks to queue
[2023-07-11 22:56:15,978] {logging_mixin.py:115} INFO - [2023-07-11 22:56:15,978] {dagbag.py:508} INFO - Filling up the DagBag from /home/airflow/.local/lib/python3.7/site-packages/airflow/example_dags/example_sla_dag.py
[2023-07-11 22:56:16,027] {processor.py:651} INFO - DAG(s) dict_keys(['example_sla_dag']) retrieved from /home/airflow/.local/lib/python3.7/site-packages/airflow/example_dags/example_sla_dag.py
[2023-07-11 22:56:16,082] {logging_mixin.py:115} INFO - [2023-07-11 22:56:16,082] {dag.py:2420} INFO - Sync 1 DAGs
[2023-07-11 22:56:16,140] {logging_mixin.py:115} INFO - [2023-07-11 22:56:16,139] {dag.py:2972} INFO - Setting next_dagrun for example_sla_dag to 2023-07-11T22:54:00+00:00, run_after=2023-07-11T22:56:00+00:00
[2023-07-11 22:56:16,175] {processor.py:161} INFO - Processing /home/airflow/.local/lib/python3.7/site-packages/airflow/example_dags/example_sla_dag.py took 0.203 seconds
[2023-07-11 22:56:46,678] {processor.py:153} INFO - Started process (PID=1743) to work on /home/airflow/.local/lib/python3.7/site-packages/airflow/example_dags/example_sla_dag.py
[2023-07-11 22:56:46,680] {processor.py:641} INFO - Processing file /home/airflow/.local/lib/python3.7/site-packages/airflow/example_dags/example_sla_dag.py for tasks to queue
[2023-07-11 22:56:46,681] {logging_mixin.py:115} INFO - [2023-07-11 22:56:46,680] {dagbag.py:508} INFO - Filling up the DagBag from /home/airflow/.local/lib/python3.7/site-packages/airflow/example_dags/example_sla_dag.py
[2023-07-11 22:56:46,716] {processor.py:651} INFO - DAG(s) dict_keys(['example_sla_dag']) retrieved from /home/airflow/.local/lib/python3.7/site-packages/airflow/example_dags/example_sla_dag.py
[2023-07-11 22:56:46,779] {logging_mixin.py:115} INFO - [2023-07-11 22:56:46,778] {dag.py:2420} INFO - Sync 1 DAGs
[2023-07-11 22:56:46,859] {logging_mixin.py:115} INFO - [2023-07-11 22:56:46,858] {dag.py:2972} INFO - Setting next_dagrun for example_sla_dag to 2023-07-11T22:54:00+00:00, run_after=2023-07-11T22:56:00+00:00
[2023-07-11 22:56:46,879] {processor.py:161} INFO - Processing /home/airflow/.local/lib/python3.7/site-packages/airflow/example_dags/example_sla_dag.py took 0.209 seconds
[2023-07-11 22:57:17,237] {processor.py:153} INFO - Started process (PID=1794) to work on /home/airflow/.local/lib/python3.7/site-packages/airflow/example_dags/example_sla_dag.py
[2023-07-11 22:57:17,239] {processor.py:641} INFO - Processing file /home/airflow/.local/lib/python3.7/site-packages/airflow/example_dags/example_sla_dag.py for tasks to queue
[2023-07-11 22:57:17,240] {logging_mixin.py:115} INFO - [2023-07-11 22:57:17,240] {dagbag.py:508} INFO - Filling up the DagBag from /home/airflow/.local/lib/python3.7/site-packages/airflow/example_dags/example_sla_dag.py
[2023-07-11 22:57:17,289] {processor.py:651} INFO - DAG(s) dict_keys(['example_sla_dag']) retrieved from /home/airflow/.local/lib/python3.7/site-packages/airflow/example_dags/example_sla_dag.py
[2023-07-11 22:57:17,384] {logging_mixin.py:115} INFO - [2023-07-11 22:57:17,384] {dag.py:2420} INFO - Sync 1 DAGs
[2023-07-11 22:57:17,468] {logging_mixin.py:115} INFO - [2023-07-11 22:57:17,468] {dag.py:2972} INFO - Setting next_dagrun for example_sla_dag to 2023-07-11T22:54:00+00:00, run_after=2023-07-11T22:56:00+00:00
[2023-07-11 22:57:17,488] {processor.py:161} INFO - Processing /home/airflow/.local/lib/python3.7/site-packages/airflow/example_dags/example_sla_dag.py took 0.257 seconds
[2023-07-11 22:57:48,234] {processor.py:153} INFO - Started process (PID=1855) to work on /home/airflow/.local/lib/python3.7/site-packages/airflow/example_dags/example_sla_dag.py
[2023-07-11 22:57:48,243] {processor.py:641} INFO - Processing file /home/airflow/.local/lib/python3.7/site-packages/airflow/example_dags/example_sla_dag.py for tasks to queue
[2023-07-11 22:57:48,244] {logging_mixin.py:115} INFO - [2023-07-11 22:57:48,243] {dagbag.py:508} INFO - Filling up the DagBag from /home/airflow/.local/lib/python3.7/site-packages/airflow/example_dags/example_sla_dag.py
[2023-07-11 22:57:48,305] {processor.py:651} INFO - DAG(s) dict_keys(['example_sla_dag']) retrieved from /home/airflow/.local/lib/python3.7/site-packages/airflow/example_dags/example_sla_dag.py
[2023-07-11 22:57:48,397] {logging_mixin.py:115} INFO - [2023-07-11 22:57:48,396] {dag.py:2420} INFO - Sync 1 DAGs
[2023-07-11 22:57:48,526] {logging_mixin.py:115} INFO - [2023-07-11 22:57:48,525] {dag.py:2972} INFO - Setting next_dagrun for example_sla_dag to 2023-07-11T22:54:00+00:00, run_after=2023-07-11T22:56:00+00:00
[2023-07-11 22:57:48,586] {processor.py:161} INFO - Processing /home/airflow/.local/lib/python3.7/site-packages/airflow/example_dags/example_sla_dag.py took 0.366 seconds
[2023-07-11 22:58:18,932] {processor.py:153} INFO - Started process (PID=1907) to work on /home/airflow/.local/lib/python3.7/site-packages/airflow/example_dags/example_sla_dag.py
[2023-07-11 22:58:18,934] {processor.py:641} INFO - Processing file /home/airflow/.local/lib/python3.7/site-packages/airflow/example_dags/example_sla_dag.py for tasks to queue
[2023-07-11 22:58:18,937] {logging_mixin.py:115} INFO - [2023-07-11 22:58:18,936] {dagbag.py:508} INFO - Filling up the DagBag from /home/airflow/.local/lib/python3.7/site-packages/airflow/example_dags/example_sla_dag.py
[2023-07-11 22:58:18,988] {processor.py:651} INFO - DAG(s) dict_keys(['example_sla_dag']) retrieved from /home/airflow/.local/lib/python3.7/site-packages/airflow/example_dags/example_sla_dag.py
[2023-07-11 22:58:19,035] {logging_mixin.py:115} INFO - [2023-07-11 22:58:19,035] {dag.py:2420} INFO - Sync 1 DAGs
[2023-07-11 22:58:19,095] {logging_mixin.py:115} INFO - [2023-07-11 22:58:19,095] {dag.py:2972} INFO - Setting next_dagrun for example_sla_dag to 2023-07-11T22:56:00+00:00, run_after=2023-07-11T22:58:00+00:00
[2023-07-11 22:58:19,113] {processor.py:161} INFO - Processing /home/airflow/.local/lib/python3.7/site-packages/airflow/example_dags/example_sla_dag.py took 0.190 seconds
[2023-07-11 22:58:49,268] {processor.py:153} INFO - Started process (PID=1959) to work on /home/airflow/.local/lib/python3.7/site-packages/airflow/example_dags/example_sla_dag.py
[2023-07-11 22:58:49,270] {processor.py:641} INFO - Processing file /home/airflow/.local/lib/python3.7/site-packages/airflow/example_dags/example_sla_dag.py for tasks to queue
[2023-07-11 22:58:49,271] {logging_mixin.py:115} INFO - [2023-07-11 22:58:49,271] {dagbag.py:508} INFO - Filling up the DagBag from /home/airflow/.local/lib/python3.7/site-packages/airflow/example_dags/example_sla_dag.py
[2023-07-11 22:58:49,345] {processor.py:651} INFO - DAG(s) dict_keys(['example_sla_dag']) retrieved from /home/airflow/.local/lib/python3.7/site-packages/airflow/example_dags/example_sla_dag.py
[2023-07-11 22:58:49,418] {logging_mixin.py:115} INFO - [2023-07-11 22:58:49,417] {dag.py:2420} INFO - Sync 1 DAGs
[2023-07-11 22:58:49,539] {logging_mixin.py:115} INFO - [2023-07-11 22:58:49,539] {dag.py:2972} INFO - Setting next_dagrun for example_sla_dag to 2023-07-11T22:56:00+00:00, run_after=2023-07-11T22:58:00+00:00
[2023-07-11 22:58:49,588] {processor.py:161} INFO - Processing /home/airflow/.local/lib/python3.7/site-packages/airflow/example_dags/example_sla_dag.py took 0.327 seconds
[2023-07-11 22:59:19,647] {processor.py:153} INFO - Started process (PID=2010) to work on /home/airflow/.local/lib/python3.7/site-packages/airflow/example_dags/example_sla_dag.py
[2023-07-11 22:59:19,648] {processor.py:641} INFO - Processing file /home/airflow/.local/lib/python3.7/site-packages/airflow/example_dags/example_sla_dag.py for tasks to queue
[2023-07-11 22:59:19,649] {logging_mixin.py:115} INFO - [2023-07-11 22:59:19,649] {dagbag.py:508} INFO - Filling up the DagBag from /home/airflow/.local/lib/python3.7/site-packages/airflow/example_dags/example_sla_dag.py
[2023-07-11 22:59:19,698] {processor.py:651} INFO - DAG(s) dict_keys(['example_sla_dag']) retrieved from /home/airflow/.local/lib/python3.7/site-packages/airflow/example_dags/example_sla_dag.py
[2023-07-11 22:59:19,738] {logging_mixin.py:115} INFO - [2023-07-11 22:59:19,737] {dag.py:2420} INFO - Sync 1 DAGs
[2023-07-11 22:59:19,789] {logging_mixin.py:115} INFO - [2023-07-11 22:59:19,789] {dag.py:2972} INFO - Setting next_dagrun for example_sla_dag to 2023-07-11T22:56:00+00:00, run_after=2023-07-11T22:58:00+00:00
[2023-07-11 22:59:19,822] {processor.py:161} INFO - Processing /home/airflow/.local/lib/python3.7/site-packages/airflow/example_dags/example_sla_dag.py took 0.180 seconds
[2023-07-11 22:59:50,548] {processor.py:153} INFO - Started process (PID=2071) to work on /home/airflow/.local/lib/python3.7/site-packages/airflow/example_dags/example_sla_dag.py
[2023-07-11 22:59:50,557] {processor.py:641} INFO - Processing file /home/airflow/.local/lib/python3.7/site-packages/airflow/example_dags/example_sla_dag.py for tasks to queue
[2023-07-11 22:59:50,558] {logging_mixin.py:115} INFO - [2023-07-11 22:59:50,558] {dagbag.py:508} INFO - Filling up the DagBag from /home/airflow/.local/lib/python3.7/site-packages/airflow/example_dags/example_sla_dag.py
[2023-07-11 22:59:50,676] {processor.py:651} INFO - DAG(s) dict_keys(['example_sla_dag']) retrieved from /home/airflow/.local/lib/python3.7/site-packages/airflow/example_dags/example_sla_dag.py
[2023-07-11 22:59:50,770] {logging_mixin.py:115} INFO - [2023-07-11 22:59:50,770] {dag.py:2420} INFO - Sync 1 DAGs
[2023-07-11 22:59:50,925] {logging_mixin.py:115} INFO - [2023-07-11 22:59:50,924] {dag.py:2972} INFO - Setting next_dagrun for example_sla_dag to 2023-07-11T22:56:00+00:00, run_after=2023-07-11T22:58:00+00:00
[2023-07-11 22:59:51,014] {processor.py:161} INFO - Processing /home/airflow/.local/lib/python3.7/site-packages/airflow/example_dags/example_sla_dag.py took 0.483 seconds
[2023-07-11 23:00:21,384] {processor.py:153} INFO - Started process (PID=2123) to work on /home/airflow/.local/lib/python3.7/site-packages/airflow/example_dags/example_sla_dag.py
[2023-07-11 23:00:21,386] {processor.py:641} INFO - Processing file /home/airflow/.local/lib/python3.7/site-packages/airflow/example_dags/example_sla_dag.py for tasks to queue
[2023-07-11 23:00:21,386] {logging_mixin.py:115} INFO - [2023-07-11 23:00:21,386] {dagbag.py:508} INFO - Filling up the DagBag from /home/airflow/.local/lib/python3.7/site-packages/airflow/example_dags/example_sla_dag.py
[2023-07-11 23:00:21,448] {processor.py:651} INFO - DAG(s) dict_keys(['example_sla_dag']) retrieved from /home/airflow/.local/lib/python3.7/site-packages/airflow/example_dags/example_sla_dag.py
[2023-07-11 23:00:21,535] {logging_mixin.py:115} INFO - [2023-07-11 23:00:21,535] {dag.py:2420} INFO - Sync 1 DAGs
[2023-07-11 23:00:21,623] {logging_mixin.py:115} INFO - [2023-07-11 23:00:21,622] {dag.py:2972} INFO - Setting next_dagrun for example_sla_dag to 2023-07-11T22:58:00+00:00, run_after=2023-07-11T23:00:00+00:00
[2023-07-11 23:00:21,668] {processor.py:161} INFO - Processing /home/airflow/.local/lib/python3.7/site-packages/airflow/example_dags/example_sla_dag.py took 0.290 seconds
[2023-07-11 23:00:51,889] {processor.py:153} INFO - Started process (PID=2176) to work on /home/airflow/.local/lib/python3.7/site-packages/airflow/example_dags/example_sla_dag.py
[2023-07-11 23:00:51,890] {processor.py:641} INFO - Processing file /home/airflow/.local/lib/python3.7/site-packages/airflow/example_dags/example_sla_dag.py for tasks to queue
[2023-07-11 23:00:51,891] {logging_mixin.py:115} INFO - [2023-07-11 23:00:51,891] {dagbag.py:508} INFO - Filling up the DagBag from /home/airflow/.local/lib/python3.7/site-packages/airflow/example_dags/example_sla_dag.py
[2023-07-11 23:00:51,933] {processor.py:651} INFO - DAG(s) dict_keys(['example_sla_dag']) retrieved from /home/airflow/.local/lib/python3.7/site-packages/airflow/example_dags/example_sla_dag.py
[2023-07-11 23:00:51,995] {logging_mixin.py:115} INFO - [2023-07-11 23:00:51,995] {dag.py:2420} INFO - Sync 1 DAGs
[2023-07-11 23:00:52,072] {logging_mixin.py:115} INFO - [2023-07-11 23:00:52,072] {dag.py:2972} INFO - Setting next_dagrun for example_sla_dag to 2023-07-11T22:58:00+00:00, run_after=2023-07-11T23:00:00+00:00
[2023-07-11 23:00:52,115] {processor.py:161} INFO - Processing /home/airflow/.local/lib/python3.7/site-packages/airflow/example_dags/example_sla_dag.py took 0.234 seconds
[2023-07-11 23:01:23,033] {processor.py:153} INFO - Started process (PID=2228) to work on /home/airflow/.local/lib/python3.7/site-packages/airflow/example_dags/example_sla_dag.py
[2023-07-11 23:01:23,039] {processor.py:641} INFO - Processing file /home/airflow/.local/lib/python3.7/site-packages/airflow/example_dags/example_sla_dag.py for tasks to queue
[2023-07-11 23:01:23,041] {logging_mixin.py:115} INFO - [2023-07-11 23:01:23,041] {dagbag.py:508} INFO - Filling up the DagBag from /home/airflow/.local/lib/python3.7/site-packages/airflow/example_dags/example_sla_dag.py
[2023-07-11 23:01:23,087] {processor.py:651} INFO - DAG(s) dict_keys(['example_sla_dag']) retrieved from /home/airflow/.local/lib/python3.7/site-packages/airflow/example_dags/example_sla_dag.py
[2023-07-11 23:01:23,150] {logging_mixin.py:115} INFO - [2023-07-11 23:01:23,150] {dag.py:2420} INFO - Sync 1 DAGs
[2023-07-11 23:01:23,286] {logging_mixin.py:115} INFO - [2023-07-11 23:01:23,286] {dag.py:2972} INFO - Setting next_dagrun for example_sla_dag to 2023-07-11T22:58:00+00:00, run_after=2023-07-11T23:00:00+00:00
[2023-07-11 23:01:23,337] {processor.py:161} INFO - Processing /home/airflow/.local/lib/python3.7/site-packages/airflow/example_dags/example_sla_dag.py took 0.311 seconds
[2023-07-11 23:01:53,395] {processor.py:153} INFO - Started process (PID=2278) to work on /home/airflow/.local/lib/python3.7/site-packages/airflow/example_dags/example_sla_dag.py
[2023-07-11 23:01:53,396] {processor.py:641} INFO - Processing file /home/airflow/.local/lib/python3.7/site-packages/airflow/example_dags/example_sla_dag.py for tasks to queue
[2023-07-11 23:01:53,397] {logging_mixin.py:115} INFO - [2023-07-11 23:01:53,397] {dagbag.py:508} INFO - Filling up the DagBag from /home/airflow/.local/lib/python3.7/site-packages/airflow/example_dags/example_sla_dag.py
[2023-07-11 23:01:53,444] {processor.py:651} INFO - DAG(s) dict_keys(['example_sla_dag']) retrieved from /home/airflow/.local/lib/python3.7/site-packages/airflow/example_dags/example_sla_dag.py
[2023-07-11 23:01:53,564] {logging_mixin.py:115} INFO - [2023-07-11 23:01:53,564] {dag.py:2420} INFO - Sync 1 DAGs
[2023-07-11 23:01:53,650] {logging_mixin.py:115} INFO - [2023-07-11 23:01:53,650] {dag.py:2972} INFO - Setting next_dagrun for example_sla_dag to 2023-07-11T22:58:00+00:00, run_after=2023-07-11T23:00:00+00:00
[2023-07-11 23:01:53,695] {processor.py:161} INFO - Processing /home/airflow/.local/lib/python3.7/site-packages/airflow/example_dags/example_sla_dag.py took 0.307 seconds
[2023-07-11 23:02:24,426] {processor.py:153} INFO - Started process (PID=2330) to work on /home/airflow/.local/lib/python3.7/site-packages/airflow/example_dags/example_sla_dag.py
[2023-07-11 23:02:24,427] {processor.py:641} INFO - Processing file /home/airflow/.local/lib/python3.7/site-packages/airflow/example_dags/example_sla_dag.py for tasks to queue
[2023-07-11 23:02:24,428] {logging_mixin.py:115} INFO - [2023-07-11 23:02:24,428] {dagbag.py:508} INFO - Filling up the DagBag from /home/airflow/.local/lib/python3.7/site-packages/airflow/example_dags/example_sla_dag.py
[2023-07-11 23:02:24,470] {processor.py:651} INFO - DAG(s) dict_keys(['example_sla_dag']) retrieved from /home/airflow/.local/lib/python3.7/site-packages/airflow/example_dags/example_sla_dag.py
[2023-07-11 23:02:24,571] {logging_mixin.py:115} INFO - [2023-07-11 23:02:24,571] {dag.py:2420} INFO - Sync 1 DAGs
[2023-07-11 23:02:24,664] {logging_mixin.py:115} INFO - [2023-07-11 23:02:24,664] {dag.py:2972} INFO - Setting next_dagrun for example_sla_dag to 2023-07-11T23:00:00+00:00, run_after=2023-07-11T23:02:00+00:00
[2023-07-11 23:02:24,688] {processor.py:161} INFO - Processing /home/airflow/.local/lib/python3.7/site-packages/airflow/example_dags/example_sla_dag.py took 0.268 seconds
[2023-07-11 23:02:55,210] {processor.py:153} INFO - Started process (PID=2391) to work on /home/airflow/.local/lib/python3.7/site-packages/airflow/example_dags/example_sla_dag.py
[2023-07-11 23:02:55,214] {processor.py:641} INFO - Processing file /home/airflow/.local/lib/python3.7/site-packages/airflow/example_dags/example_sla_dag.py for tasks to queue
[2023-07-11 23:02:55,223] {logging_mixin.py:115} INFO - [2023-07-11 23:02:55,220] {dagbag.py:508} INFO - Filling up the DagBag from /home/airflow/.local/lib/python3.7/site-packages/airflow/example_dags/example_sla_dag.py
[2023-07-11 23:02:55,346] {processor.py:651} INFO - DAG(s) dict_keys(['example_sla_dag']) retrieved from /home/airflow/.local/lib/python3.7/site-packages/airflow/example_dags/example_sla_dag.py
[2023-07-11 23:02:55,452] {logging_mixin.py:115} INFO - [2023-07-11 23:02:55,452] {dag.py:2420} INFO - Sync 1 DAGs
[2023-07-11 23:02:55,525] {logging_mixin.py:115} INFO - [2023-07-11 23:02:55,525] {dag.py:2972} INFO - Setting next_dagrun for example_sla_dag to 2023-07-11T23:00:00+00:00, run_after=2023-07-11T23:02:00+00:00
[2023-07-11 23:02:55,551] {processor.py:161} INFO - Processing /home/airflow/.local/lib/python3.7/site-packages/airflow/example_dags/example_sla_dag.py took 0.354 seconds
[2023-07-11 23:03:26,220] {processor.py:153} INFO - Started process (PID=2443) to work on /home/airflow/.local/lib/python3.7/site-packages/airflow/example_dags/example_sla_dag.py
[2023-07-11 23:03:26,221] {processor.py:641} INFO - Processing file /home/airflow/.local/lib/python3.7/site-packages/airflow/example_dags/example_sla_dag.py for tasks to queue
[2023-07-11 23:03:26,222] {logging_mixin.py:115} INFO - [2023-07-11 23:03:26,222] {dagbag.py:508} INFO - Filling up the DagBag from /home/airflow/.local/lib/python3.7/site-packages/airflow/example_dags/example_sla_dag.py
[2023-07-11 23:03:26,269] {processor.py:651} INFO - DAG(s) dict_keys(['example_sla_dag']) retrieved from /home/airflow/.local/lib/python3.7/site-packages/airflow/example_dags/example_sla_dag.py
[2023-07-11 23:03:26,329] {logging_mixin.py:115} INFO - [2023-07-11 23:03:26,329] {dag.py:2420} INFO - Sync 1 DAGs
[2023-07-11 23:03:26,391] {logging_mixin.py:115} INFO - [2023-07-11 23:03:26,391] {dag.py:2972} INFO - Setting next_dagrun for example_sla_dag to 2023-07-11T23:00:00+00:00, run_after=2023-07-11T23:02:00+00:00
[2023-07-11 23:03:26,418] {processor.py:161} INFO - Processing /home/airflow/.local/lib/python3.7/site-packages/airflow/example_dags/example_sla_dag.py took 0.205 seconds
[2023-07-11 23:03:56,744] {processor.py:153} INFO - Started process (PID=2494) to work on /home/airflow/.local/lib/python3.7/site-packages/airflow/example_dags/example_sla_dag.py
[2023-07-11 23:03:56,745] {processor.py:641} INFO - Processing file /home/airflow/.local/lib/python3.7/site-packages/airflow/example_dags/example_sla_dag.py for tasks to queue
[2023-07-11 23:03:56,746] {logging_mixin.py:115} INFO - [2023-07-11 23:03:56,746] {dagbag.py:508} INFO - Filling up the DagBag from /home/airflow/.local/lib/python3.7/site-packages/airflow/example_dags/example_sla_dag.py
[2023-07-11 23:03:56,794] {processor.py:651} INFO - DAG(s) dict_keys(['example_sla_dag']) retrieved from /home/airflow/.local/lib/python3.7/site-packages/airflow/example_dags/example_sla_dag.py
[2023-07-11 23:03:56,857] {logging_mixin.py:115} INFO - [2023-07-11 23:03:56,857] {dag.py:2420} INFO - Sync 1 DAGs
[2023-07-11 23:03:56,898] {logging_mixin.py:115} INFO - [2023-07-11 23:03:56,898] {dag.py:2972} INFO - Setting next_dagrun for example_sla_dag to 2023-07-11T23:00:00+00:00, run_after=2023-07-11T23:02:00+00:00
[2023-07-11 23:03:56,914] {processor.py:161} INFO - Processing /home/airflow/.local/lib/python3.7/site-packages/airflow/example_dags/example_sla_dag.py took 0.177 seconds
[2023-07-11 23:04:27,345] {processor.py:153} INFO - Started process (PID=2546) to work on /home/airflow/.local/lib/python3.7/site-packages/airflow/example_dags/example_sla_dag.py
[2023-07-11 23:04:27,346] {processor.py:641} INFO - Processing file /home/airflow/.local/lib/python3.7/site-packages/airflow/example_dags/example_sla_dag.py for tasks to queue
[2023-07-11 23:04:27,347] {logging_mixin.py:115} INFO - [2023-07-11 23:04:27,347] {dagbag.py:508} INFO - Filling up the DagBag from /home/airflow/.local/lib/python3.7/site-packages/airflow/example_dags/example_sla_dag.py
[2023-07-11 23:04:27,403] {processor.py:651} INFO - DAG(s) dict_keys(['example_sla_dag']) retrieved from /home/airflow/.local/lib/python3.7/site-packages/airflow/example_dags/example_sla_dag.py
[2023-07-11 23:04:27,493] {logging_mixin.py:115} INFO - [2023-07-11 23:04:27,493] {dag.py:2420} INFO - Sync 1 DAGs
[2023-07-11 23:04:27,580] {logging_mixin.py:115} INFO - [2023-07-11 23:04:27,580] {dag.py:2972} INFO - Setting next_dagrun for example_sla_dag to 2023-07-11T23:02:00+00:00, run_after=2023-07-11T23:04:00+00:00
[2023-07-11 23:04:27,629] {processor.py:161} INFO - Processing /home/airflow/.local/lib/python3.7/site-packages/airflow/example_dags/example_sla_dag.py took 0.289 seconds
[2023-07-11 23:04:57,793] {processor.py:153} INFO - Started process (PID=2600) to work on /home/airflow/.local/lib/python3.7/site-packages/airflow/example_dags/example_sla_dag.py
[2023-07-11 23:04:57,794] {processor.py:641} INFO - Processing file /home/airflow/.local/lib/python3.7/site-packages/airflow/example_dags/example_sla_dag.py for tasks to queue
[2023-07-11 23:04:57,795] {logging_mixin.py:115} INFO - [2023-07-11 23:04:57,795] {dagbag.py:508} INFO - Filling up the DagBag from /home/airflow/.local/lib/python3.7/site-packages/airflow/example_dags/example_sla_dag.py
[2023-07-11 23:04:57,938] {processor.py:651} INFO - DAG(s) dict_keys(['example_sla_dag']) retrieved from /home/airflow/.local/lib/python3.7/site-packages/airflow/example_dags/example_sla_dag.py
[2023-07-11 23:04:58,130] {logging_mixin.py:115} INFO - [2023-07-11 23:04:58,130] {dag.py:2420} INFO - Sync 1 DAGs
[2023-07-11 23:04:58,224] {logging_mixin.py:115} INFO - [2023-07-11 23:04:58,223] {dag.py:2972} INFO - Setting next_dagrun for example_sla_dag to 2023-07-11T23:02:00+00:00, run_after=2023-07-11T23:04:00+00:00
[2023-07-11 23:04:58,252] {processor.py:161} INFO - Processing /home/airflow/.local/lib/python3.7/site-packages/airflow/example_dags/example_sla_dag.py took 0.486 seconds
[2023-07-11 23:05:28,957] {processor.py:153} INFO - Started process (PID=2657) to work on /home/airflow/.local/lib/python3.7/site-packages/airflow/example_dags/example_sla_dag.py
[2023-07-11 23:05:28,961] {processor.py:641} INFO - Processing file /home/airflow/.local/lib/python3.7/site-packages/airflow/example_dags/example_sla_dag.py for tasks to queue
[2023-07-11 23:05:28,962] {logging_mixin.py:115} INFO - [2023-07-11 23:05:28,962] {dagbag.py:508} INFO - Filling up the DagBag from /home/airflow/.local/lib/python3.7/site-packages/airflow/example_dags/example_sla_dag.py
[2023-07-11 23:05:29,088] {processor.py:651} INFO - DAG(s) dict_keys(['example_sla_dag']) retrieved from /home/airflow/.local/lib/python3.7/site-packages/airflow/example_dags/example_sla_dag.py
[2023-07-11 23:05:29,166] {logging_mixin.py:115} INFO - [2023-07-11 23:05:29,166] {dag.py:2420} INFO - Sync 1 DAGs
[2023-07-11 23:05:29,274] {logging_mixin.py:115} INFO - [2023-07-11 23:05:29,274] {dag.py:2972} INFO - Setting next_dagrun for example_sla_dag to 2023-07-11T23:02:00+00:00, run_after=2023-07-11T23:04:00+00:00
[2023-07-11 23:05:29,351] {processor.py:161} INFO - Processing /home/airflow/.local/lib/python3.7/site-packages/airflow/example_dags/example_sla_dag.py took 0.399 seconds
[2023-07-11 23:06:00,188] {processor.py:153} INFO - Started process (PID=2711) to work on /home/airflow/.local/lib/python3.7/site-packages/airflow/example_dags/example_sla_dag.py
[2023-07-11 23:06:00,191] {processor.py:641} INFO - Processing file /home/airflow/.local/lib/python3.7/site-packages/airflow/example_dags/example_sla_dag.py for tasks to queue
[2023-07-11 23:06:00,193] {logging_mixin.py:115} INFO - [2023-07-11 23:06:00,193] {dagbag.py:508} INFO - Filling up the DagBag from /home/airflow/.local/lib/python3.7/site-packages/airflow/example_dags/example_sla_dag.py
[2023-07-11 23:06:00,256] {processor.py:651} INFO - DAG(s) dict_keys(['example_sla_dag']) retrieved from /home/airflow/.local/lib/python3.7/site-packages/airflow/example_dags/example_sla_dag.py
[2023-07-11 23:06:00,358] {logging_mixin.py:115} INFO - [2023-07-11 23:06:00,358] {dag.py:2420} INFO - Sync 1 DAGs
[2023-07-11 23:06:00,509] {logging_mixin.py:115} INFO - [2023-07-11 23:06:00,509] {dag.py:2972} INFO - Setting next_dagrun for example_sla_dag to 2023-07-11T23:04:00+00:00, run_after=2023-07-11T23:06:00+00:00
[2023-07-11 23:06:00,548] {processor.py:161} INFO - Processing /home/airflow/.local/lib/python3.7/site-packages/airflow/example_dags/example_sla_dag.py took 0.376 seconds
[2023-07-11 23:06:31,376] {processor.py:153} INFO - Started process (PID=2762) to work on /home/airflow/.local/lib/python3.7/site-packages/airflow/example_dags/example_sla_dag.py
[2023-07-11 23:06:31,381] {processor.py:641} INFO - Processing file /home/airflow/.local/lib/python3.7/site-packages/airflow/example_dags/example_sla_dag.py for tasks to queue
[2023-07-11 23:06:31,382] {logging_mixin.py:115} INFO - [2023-07-11 23:06:31,382] {dagbag.py:508} INFO - Filling up the DagBag from /home/airflow/.local/lib/python3.7/site-packages/airflow/example_dags/example_sla_dag.py
[2023-07-11 23:06:31,439] {processor.py:651} INFO - DAG(s) dict_keys(['example_sla_dag']) retrieved from /home/airflow/.local/lib/python3.7/site-packages/airflow/example_dags/example_sla_dag.py
[2023-07-11 23:06:31,501] {logging_mixin.py:115} INFO - [2023-07-11 23:06:31,501] {dag.py:2420} INFO - Sync 1 DAGs
[2023-07-11 23:06:31,572] {logging_mixin.py:115} INFO - [2023-07-11 23:06:31,572] {dag.py:2972} INFO - Setting next_dagrun for example_sla_dag to 2023-07-11T23:04:00+00:00, run_after=2023-07-11T23:06:00+00:00
[2023-07-11 23:06:31,632] {processor.py:161} INFO - Processing /home/airflow/.local/lib/python3.7/site-packages/airflow/example_dags/example_sla_dag.py took 0.263 seconds
[2023-07-11 23:07:01,770] {processor.py:153} INFO - Started process (PID=2814) to work on /home/airflow/.local/lib/python3.7/site-packages/airflow/example_dags/example_sla_dag.py
[2023-07-11 23:07:01,772] {processor.py:641} INFO - Processing file /home/airflow/.local/lib/python3.7/site-packages/airflow/example_dags/example_sla_dag.py for tasks to queue
[2023-07-11 23:07:01,775] {logging_mixin.py:115} INFO - [2023-07-11 23:07:01,774] {dagbag.py:508} INFO - Filling up the DagBag from /home/airflow/.local/lib/python3.7/site-packages/airflow/example_dags/example_sla_dag.py
[2023-07-11 23:07:01,821] {processor.py:651} INFO - DAG(s) dict_keys(['example_sla_dag']) retrieved from /home/airflow/.local/lib/python3.7/site-packages/airflow/example_dags/example_sla_dag.py
[2023-07-11 23:07:01,880] {logging_mixin.py:115} INFO - [2023-07-11 23:07:01,879] {dag.py:2420} INFO - Sync 1 DAGs
[2023-07-11 23:07:01,942] {logging_mixin.py:115} INFO - [2023-07-11 23:07:01,942] {dag.py:2972} INFO - Setting next_dagrun for example_sla_dag to 2023-07-11T23:04:00+00:00, run_after=2023-07-11T23:06:00+00:00
[2023-07-11 23:07:01,971] {processor.py:161} INFO - Processing /home/airflow/.local/lib/python3.7/site-packages/airflow/example_dags/example_sla_dag.py took 0.210 seconds
[2023-07-11 23:07:32,048] {processor.py:153} INFO - Started process (PID=2865) to work on /home/airflow/.local/lib/python3.7/site-packages/airflow/example_dags/example_sla_dag.py
[2023-07-11 23:07:32,048] {processor.py:641} INFO - Processing file /home/airflow/.local/lib/python3.7/site-packages/airflow/example_dags/example_sla_dag.py for tasks to queue
[2023-07-11 23:07:32,049] {logging_mixin.py:115} INFO - [2023-07-11 23:07:32,049] {dagbag.py:508} INFO - Filling up the DagBag from /home/airflow/.local/lib/python3.7/site-packages/airflow/example_dags/example_sla_dag.py
[2023-07-11 23:07:32,103] {processor.py:651} INFO - DAG(s) dict_keys(['example_sla_dag']) retrieved from /home/airflow/.local/lib/python3.7/site-packages/airflow/example_dags/example_sla_dag.py
[2023-07-11 23:07:32,155] {logging_mixin.py:115} INFO - [2023-07-11 23:07:32,155] {dag.py:2420} INFO - Sync 1 DAGs
[2023-07-11 23:07:32,216] {logging_mixin.py:115} INFO - [2023-07-11 23:07:32,215] {dag.py:2972} INFO - Setting next_dagrun for example_sla_dag to 2023-07-11T23:04:00+00:00, run_after=2023-07-11T23:06:00+00:00
[2023-07-11 23:07:32,232] {processor.py:161} INFO - Processing /home/airflow/.local/lib/python3.7/site-packages/airflow/example_dags/example_sla_dag.py took 0.188 seconds
[2023-07-11 23:08:02,562] {processor.py:153} INFO - Started process (PID=2916) to work on /home/airflow/.local/lib/python3.7/site-packages/airflow/example_dags/example_sla_dag.py
[2023-07-11 23:08:02,564] {processor.py:641} INFO - Processing file /home/airflow/.local/lib/python3.7/site-packages/airflow/example_dags/example_sla_dag.py for tasks to queue
[2023-07-11 23:08:02,565] {logging_mixin.py:115} INFO - [2023-07-11 23:08:02,565] {dagbag.py:508} INFO - Filling up the DagBag from /home/airflow/.local/lib/python3.7/site-packages/airflow/example_dags/example_sla_dag.py
[2023-07-11 23:08:02,608] {processor.py:651} INFO - DAG(s) dict_keys(['example_sla_dag']) retrieved from /home/airflow/.local/lib/python3.7/site-packages/airflow/example_dags/example_sla_dag.py
[2023-07-11 23:08:02,673] {logging_mixin.py:115} INFO - [2023-07-11 23:08:02,672] {dag.py:2420} INFO - Sync 1 DAGs
[2023-07-11 23:08:02,755] {logging_mixin.py:115} INFO - [2023-07-11 23:08:02,754] {dag.py:2972} INFO - Setting next_dagrun for example_sla_dag to 2023-07-11T23:06:00+00:00, run_after=2023-07-11T23:08:00+00:00
[2023-07-11 23:08:02,775] {processor.py:161} INFO - Processing /home/airflow/.local/lib/python3.7/site-packages/airflow/example_dags/example_sla_dag.py took 0.222 seconds
[2023-07-11 23:08:32,887] {processor.py:153} INFO - Started process (PID=2968) to work on /home/airflow/.local/lib/python3.7/site-packages/airflow/example_dags/example_sla_dag.py
[2023-07-11 23:08:32,888] {processor.py:641} INFO - Processing file /home/airflow/.local/lib/python3.7/site-packages/airflow/example_dags/example_sla_dag.py for tasks to queue
[2023-07-11 23:08:32,889] {logging_mixin.py:115} INFO - [2023-07-11 23:08:32,889] {dagbag.py:508} INFO - Filling up the DagBag from /home/airflow/.local/lib/python3.7/site-packages/airflow/example_dags/example_sla_dag.py
[2023-07-11 23:08:32,931] {processor.py:651} INFO - DAG(s) dict_keys(['example_sla_dag']) retrieved from /home/airflow/.local/lib/python3.7/site-packages/airflow/example_dags/example_sla_dag.py
[2023-07-11 23:08:32,974] {logging_mixin.py:115} INFO - [2023-07-11 23:08:32,974] {dag.py:2420} INFO - Sync 1 DAGs
[2023-07-11 23:08:33,060] {logging_mixin.py:115} INFO - [2023-07-11 23:08:33,060] {dag.py:2972} INFO - Setting next_dagrun for example_sla_dag to 2023-07-11T23:06:00+00:00, run_after=2023-07-11T23:08:00+00:00
[2023-07-11 23:08:33,114] {processor.py:161} INFO - Processing /home/airflow/.local/lib/python3.7/site-packages/airflow/example_dags/example_sla_dag.py took 0.233 seconds
[2023-07-11 23:09:03,599] {processor.py:153} INFO - Started process (PID=3029) to work on /home/airflow/.local/lib/python3.7/site-packages/airflow/example_dags/example_sla_dag.py
[2023-07-11 23:09:03,599] {processor.py:641} INFO - Processing file /home/airflow/.local/lib/python3.7/site-packages/airflow/example_dags/example_sla_dag.py for tasks to queue
[2023-07-11 23:09:03,600] {logging_mixin.py:115} INFO - [2023-07-11 23:09:03,600] {dagbag.py:508} INFO - Filling up the DagBag from /home/airflow/.local/lib/python3.7/site-packages/airflow/example_dags/example_sla_dag.py
[2023-07-11 23:09:03,668] {processor.py:651} INFO - DAG(s) dict_keys(['example_sla_dag']) retrieved from /home/airflow/.local/lib/python3.7/site-packages/airflow/example_dags/example_sla_dag.py
[2023-07-11 23:09:03,749] {logging_mixin.py:115} INFO - [2023-07-11 23:09:03,749] {dag.py:2420} INFO - Sync 1 DAGs
[2023-07-11 23:09:03,840] {logging_mixin.py:115} INFO - [2023-07-11 23:09:03,840] {dag.py:2972} INFO - Setting next_dagrun for example_sla_dag to 2023-07-11T23:06:00+00:00, run_after=2023-07-11T23:08:00+00:00
[2023-07-11 23:09:03,871] {processor.py:161} INFO - Processing /home/airflow/.local/lib/python3.7/site-packages/airflow/example_dags/example_sla_dag.py took 0.283 seconds
[2023-07-11 23:09:34,281] {processor.py:153} INFO - Started process (PID=3081) to work on /home/airflow/.local/lib/python3.7/site-packages/airflow/example_dags/example_sla_dag.py
[2023-07-11 23:09:34,283] {processor.py:641} INFO - Processing file /home/airflow/.local/lib/python3.7/site-packages/airflow/example_dags/example_sla_dag.py for tasks to queue
[2023-07-11 23:09:34,284] {logging_mixin.py:115} INFO - [2023-07-11 23:09:34,284] {dagbag.py:508} INFO - Filling up the DagBag from /home/airflow/.local/lib/python3.7/site-packages/airflow/example_dags/example_sla_dag.py
[2023-07-11 23:09:34,313] {processor.py:651} INFO - DAG(s) dict_keys(['example_sla_dag']) retrieved from /home/airflow/.local/lib/python3.7/site-packages/airflow/example_dags/example_sla_dag.py
[2023-07-11 23:09:34,375] {logging_mixin.py:115} INFO - [2023-07-11 23:09:34,375] {dag.py:2420} INFO - Sync 1 DAGs
[2023-07-11 23:09:34,453] {logging_mixin.py:115} INFO - [2023-07-11 23:09:34,452] {dag.py:2972} INFO - Setting next_dagrun for example_sla_dag to 2023-07-11T23:06:00+00:00, run_after=2023-07-11T23:08:00+00:00
[2023-07-11 23:09:34,475] {processor.py:161} INFO - Processing /home/airflow/.local/lib/python3.7/site-packages/airflow/example_dags/example_sla_dag.py took 0.202 seconds
[2023-07-11 23:10:04,573] {processor.py:153} INFO - Started process (PID=3132) to work on /home/airflow/.local/lib/python3.7/site-packages/airflow/example_dags/example_sla_dag.py
[2023-07-11 23:10:04,574] {processor.py:641} INFO - Processing file /home/airflow/.local/lib/python3.7/site-packages/airflow/example_dags/example_sla_dag.py for tasks to queue
[2023-07-11 23:10:04,578] {logging_mixin.py:115} INFO - [2023-07-11 23:10:04,575] {dagbag.py:508} INFO - Filling up the DagBag from /home/airflow/.local/lib/python3.7/site-packages/airflow/example_dags/example_sla_dag.py
[2023-07-11 23:10:04,683] {processor.py:651} INFO - DAG(s) dict_keys(['example_sla_dag']) retrieved from /home/airflow/.local/lib/python3.7/site-packages/airflow/example_dags/example_sla_dag.py
[2023-07-11 23:10:04,750] {logging_mixin.py:115} INFO - [2023-07-11 23:10:04,749] {dag.py:2420} INFO - Sync 1 DAGs
[2023-07-11 23:10:04,861] {logging_mixin.py:115} INFO - [2023-07-11 23:10:04,860] {dag.py:2972} INFO - Setting next_dagrun for example_sla_dag to 2023-07-11T23:08:00+00:00, run_after=2023-07-11T23:10:00+00:00
[2023-07-11 23:10:04,888] {processor.py:161} INFO - Processing /home/airflow/.local/lib/python3.7/site-packages/airflow/example_dags/example_sla_dag.py took 0.336 seconds
[2023-07-11 23:10:35,278] {processor.py:153} INFO - Started process (PID=3185) to work on /home/airflow/.local/lib/python3.7/site-packages/airflow/example_dags/example_sla_dag.py
[2023-07-11 23:10:35,280] {processor.py:641} INFO - Processing file /home/airflow/.local/lib/python3.7/site-packages/airflow/example_dags/example_sla_dag.py for tasks to queue
[2023-07-11 23:10:35,282] {logging_mixin.py:115} INFO - [2023-07-11 23:10:35,281] {dagbag.py:508} INFO - Filling up the DagBag from /home/airflow/.local/lib/python3.7/site-packages/airflow/example_dags/example_sla_dag.py
[2023-07-11 23:10:35,334] {processor.py:651} INFO - DAG(s) dict_keys(['example_sla_dag']) retrieved from /home/airflow/.local/lib/python3.7/site-packages/airflow/example_dags/example_sla_dag.py
[2023-07-11 23:10:35,408] {logging_mixin.py:115} INFO - [2023-07-11 23:10:35,407] {dag.py:2420} INFO - Sync 1 DAGs
[2023-07-11 23:10:35,471] {logging_mixin.py:115} INFO - [2023-07-11 23:10:35,470] {dag.py:2972} INFO - Setting next_dagrun for example_sla_dag to 2023-07-11T23:08:00+00:00, run_after=2023-07-11T23:10:00+00:00
[2023-07-11 23:10:35,502] {processor.py:161} INFO - Processing /home/airflow/.local/lib/python3.7/site-packages/airflow/example_dags/example_sla_dag.py took 0.231 seconds
[2023-07-11 23:11:05,960] {processor.py:153} INFO - Started process (PID=3237) to work on /home/airflow/.local/lib/python3.7/site-packages/airflow/example_dags/example_sla_dag.py
[2023-07-11 23:11:05,962] {processor.py:641} INFO - Processing file /home/airflow/.local/lib/python3.7/site-packages/airflow/example_dags/example_sla_dag.py for tasks to queue
[2023-07-11 23:11:05,963] {logging_mixin.py:115} INFO - [2023-07-11 23:11:05,963] {dagbag.py:508} INFO - Filling up the DagBag from /home/airflow/.local/lib/python3.7/site-packages/airflow/example_dags/example_sla_dag.py
[2023-07-11 23:11:06,010] {processor.py:651} INFO - DAG(s) dict_keys(['example_sla_dag']) retrieved from /home/airflow/.local/lib/python3.7/site-packages/airflow/example_dags/example_sla_dag.py
[2023-07-11 23:11:06,070] {logging_mixin.py:115} INFO - [2023-07-11 23:11:06,070] {dag.py:2420} INFO - Sync 1 DAGs
[2023-07-11 23:11:06,152] {logging_mixin.py:115} INFO - [2023-07-11 23:11:06,152] {dag.py:2972} INFO - Setting next_dagrun for example_sla_dag to 2023-07-11T23:08:00+00:00, run_after=2023-07-11T23:10:00+00:00
[2023-07-11 23:11:06,205] {processor.py:161} INFO - Processing /home/airflow/.local/lib/python3.7/site-packages/airflow/example_dags/example_sla_dag.py took 0.252 seconds
[2023-07-11 23:11:37,200] {processor.py:153} INFO - Started process (PID=3297) to work on /home/airflow/.local/lib/python3.7/site-packages/airflow/example_dags/example_sla_dag.py
[2023-07-11 23:11:37,204] {processor.py:641} INFO - Processing file /home/airflow/.local/lib/python3.7/site-packages/airflow/example_dags/example_sla_dag.py for tasks to queue
[2023-07-11 23:11:37,205] {logging_mixin.py:115} INFO - [2023-07-11 23:11:37,205] {dagbag.py:508} INFO - Filling up the DagBag from /home/airflow/.local/lib/python3.7/site-packages/airflow/example_dags/example_sla_dag.py
[2023-07-11 23:11:37,245] {processor.py:651} INFO - DAG(s) dict_keys(['example_sla_dag']) retrieved from /home/airflow/.local/lib/python3.7/site-packages/airflow/example_dags/example_sla_dag.py
[2023-07-11 23:11:37,294] {logging_mixin.py:115} INFO - [2023-07-11 23:11:37,294] {dag.py:2420} INFO - Sync 1 DAGs
[2023-07-11 23:11:37,357] {logging_mixin.py:115} INFO - [2023-07-11 23:11:37,356] {dag.py:2972} INFO - Setting next_dagrun for example_sla_dag to 2023-07-11T23:08:00+00:00, run_after=2023-07-11T23:10:00+00:00
[2023-07-11 23:11:37,387] {processor.py:161} INFO - Processing /home/airflow/.local/lib/python3.7/site-packages/airflow/example_dags/example_sla_dag.py took 0.198 seconds
[2023-07-11 23:12:07,438] {processor.py:153} INFO - Started process (PID=3348) to work on /home/airflow/.local/lib/python3.7/site-packages/airflow/example_dags/example_sla_dag.py
[2023-07-11 23:12:07,439] {processor.py:641} INFO - Processing file /home/airflow/.local/lib/python3.7/site-packages/airflow/example_dags/example_sla_dag.py for tasks to queue
[2023-07-11 23:12:07,440] {logging_mixin.py:115} INFO - [2023-07-11 23:12:07,439] {dagbag.py:508} INFO - Filling up the DagBag from /home/airflow/.local/lib/python3.7/site-packages/airflow/example_dags/example_sla_dag.py
[2023-07-11 23:12:07,495] {processor.py:651} INFO - DAG(s) dict_keys(['example_sla_dag']) retrieved from /home/airflow/.local/lib/python3.7/site-packages/airflow/example_dags/example_sla_dag.py
[2023-07-11 23:12:07,581] {logging_mixin.py:115} INFO - [2023-07-11 23:12:07,580] {dag.py:2420} INFO - Sync 1 DAGs
[2023-07-11 23:12:07,661] {logging_mixin.py:115} INFO - [2023-07-11 23:12:07,660] {dag.py:2972} INFO - Setting next_dagrun for example_sla_dag to 2023-07-11T23:10:00+00:00, run_after=2023-07-11T23:12:00+00:00
[2023-07-11 23:12:07,688] {processor.py:161} INFO - Processing /home/airflow/.local/lib/python3.7/site-packages/airflow/example_dags/example_sla_dag.py took 0.255 seconds
[2023-07-11 23:12:38,131] {processor.py:153} INFO - Started process (PID=3400) to work on /home/airflow/.local/lib/python3.7/site-packages/airflow/example_dags/example_sla_dag.py
[2023-07-11 23:12:38,133] {processor.py:641} INFO - Processing file /home/airflow/.local/lib/python3.7/site-packages/airflow/example_dags/example_sla_dag.py for tasks to queue
[2023-07-11 23:12:38,134] {logging_mixin.py:115} INFO - [2023-07-11 23:12:38,134] {dagbag.py:508} INFO - Filling up the DagBag from /home/airflow/.local/lib/python3.7/site-packages/airflow/example_dags/example_sla_dag.py
[2023-07-11 23:12:38,180] {processor.py:651} INFO - DAG(s) dict_keys(['example_sla_dag']) retrieved from /home/airflow/.local/lib/python3.7/site-packages/airflow/example_dags/example_sla_dag.py
[2023-07-11 23:12:38,225] {logging_mixin.py:115} INFO - [2023-07-11 23:12:38,225] {dag.py:2420} INFO - Sync 1 DAGs
[2023-07-11 23:12:38,299] {logging_mixin.py:115} INFO - [2023-07-11 23:12:38,299] {dag.py:2972} INFO - Setting next_dagrun for example_sla_dag to 2023-07-11T23:10:00+00:00, run_after=2023-07-11T23:12:00+00:00
[2023-07-11 23:12:38,329] {processor.py:161} INFO - Processing /home/airflow/.local/lib/python3.7/site-packages/airflow/example_dags/example_sla_dag.py took 0.207 seconds
[2023-07-11 23:13:08,374] {processor.py:153} INFO - Started process (PID=3452) to work on /home/airflow/.local/lib/python3.7/site-packages/airflow/example_dags/example_sla_dag.py
[2023-07-11 23:13:08,375] {processor.py:641} INFO - Processing file /home/airflow/.local/lib/python3.7/site-packages/airflow/example_dags/example_sla_dag.py for tasks to queue
[2023-07-11 23:13:08,376] {logging_mixin.py:115} INFO - [2023-07-11 23:13:08,376] {dagbag.py:508} INFO - Filling up the DagBag from /home/airflow/.local/lib/python3.7/site-packages/airflow/example_dags/example_sla_dag.py
[2023-07-11 23:13:08,420] {processor.py:651} INFO - DAG(s) dict_keys(['example_sla_dag']) retrieved from /home/airflow/.local/lib/python3.7/site-packages/airflow/example_dags/example_sla_dag.py
[2023-07-11 23:13:08,478] {logging_mixin.py:115} INFO - [2023-07-11 23:13:08,477] {dag.py:2420} INFO - Sync 1 DAGs
[2023-07-11 23:13:08,589] {logging_mixin.py:115} INFO - [2023-07-11 23:13:08,589] {dag.py:2972} INFO - Setting next_dagrun for example_sla_dag to 2023-07-11T23:10:00+00:00, run_after=2023-07-11T23:12:00+00:00
[2023-07-11 23:13:08,666] {processor.py:161} INFO - Processing /home/airflow/.local/lib/python3.7/site-packages/airflow/example_dags/example_sla_dag.py took 0.296 seconds
[2023-07-11 23:13:38,744] {processor.py:153} INFO - Started process (PID=3504) to work on /home/airflow/.local/lib/python3.7/site-packages/airflow/example_dags/example_sla_dag.py
[2023-07-11 23:13:38,745] {processor.py:641} INFO - Processing file /home/airflow/.local/lib/python3.7/site-packages/airflow/example_dags/example_sla_dag.py for tasks to queue
[2023-07-11 23:13:38,746] {logging_mixin.py:115} INFO - [2023-07-11 23:13:38,746] {dagbag.py:508} INFO - Filling up the DagBag from /home/airflow/.local/lib/python3.7/site-packages/airflow/example_dags/example_sla_dag.py
[2023-07-11 23:13:38,780] {processor.py:651} INFO - DAG(s) dict_keys(['example_sla_dag']) retrieved from /home/airflow/.local/lib/python3.7/site-packages/airflow/example_dags/example_sla_dag.py
[2023-07-11 23:13:38,816] {logging_mixin.py:115} INFO - [2023-07-11 23:13:38,816] {dag.py:2420} INFO - Sync 1 DAGs
[2023-07-11 23:13:38,889] {logging_mixin.py:115} INFO - [2023-07-11 23:13:38,889] {dag.py:2972} INFO - Setting next_dagrun for example_sla_dag to 2023-07-11T23:10:00+00:00, run_after=2023-07-11T23:12:00+00:00
[2023-07-11 23:13:38,927] {processor.py:161} INFO - Processing /home/airflow/.local/lib/python3.7/site-packages/airflow/example_dags/example_sla_dag.py took 0.189 seconds
[2023-07-11 23:14:09,925] {processor.py:153} INFO - Started process (PID=3565) to work on /home/airflow/.local/lib/python3.7/site-packages/airflow/example_dags/example_sla_dag.py
[2023-07-11 23:14:10,038] {processor.py:641} INFO - Processing file /home/airflow/.local/lib/python3.7/site-packages/airflow/example_dags/example_sla_dag.py for tasks to queue
[2023-07-11 23:14:10,039] {logging_mixin.py:115} INFO - [2023-07-11 23:14:10,039] {dagbag.py:508} INFO - Filling up the DagBag from /home/airflow/.local/lib/python3.7/site-packages/airflow/example_dags/example_sla_dag.py
[2023-07-11 23:14:10,100] {processor.py:651} INFO - DAG(s) dict_keys(['example_sla_dag']) retrieved from /home/airflow/.local/lib/python3.7/site-packages/airflow/example_dags/example_sla_dag.py
[2023-07-11 23:14:10,168] {logging_mixin.py:115} INFO - [2023-07-11 23:14:10,168] {dag.py:2420} INFO - Sync 1 DAGs
[2023-07-11 23:14:10,239] {logging_mixin.py:115} INFO - [2023-07-11 23:14:10,238] {dag.py:2972} INFO - Setting next_dagrun for example_sla_dag to 2023-07-11T23:12:00+00:00, run_after=2023-07-11T23:14:00+00:00
[2023-07-11 23:14:10,371] {processor.py:161} INFO - Processing /home/airflow/.local/lib/python3.7/site-packages/airflow/example_dags/example_sla_dag.py took 0.453 seconds
