[2023-07-11 00:42:57,147] {processor.py:153} INFO - Started process (PID=63) to work on /home/airflow/.local/lib/python3.7/site-packages/airflow/example_dags/example_short_circuit_operator.py
[2023-07-11 00:42:57,148] {processor.py:641} INFO - Processing file /home/airflow/.local/lib/python3.7/site-packages/airflow/example_dags/example_short_circuit_operator.py for tasks to queue
[2023-07-11 00:42:57,148] {logging_mixin.py:115} INFO - [2023-07-11 00:42:57,148] {dagbag.py:508} INFO - Filling up the DagBag from /home/airflow/.local/lib/python3.7/site-packages/airflow/example_dags/example_short_circuit_operator.py
[2023-07-11 00:42:57,166] {processor.py:651} INFO - DAG(s) dict_keys(['example_short_circuit_operator']) retrieved from /home/airflow/.local/lib/python3.7/site-packages/airflow/example_dags/example_short_circuit_operator.py
[2023-07-11 00:42:57,384] {logging_mixin.py:115} INFO - [2023-07-11 00:42:57,384] {manager.py:508} INFO - Created Permission View: can delete on DAG:example_short_circuit_operator
[2023-07-11 00:42:57,435] {logging_mixin.py:115} INFO - [2023-07-11 00:42:57,435] {manager.py:508} INFO - Created Permission View: can read on DAG:example_short_circuit_operator
[2023-07-11 00:42:57,464] {logging_mixin.py:115} INFO - [2023-07-11 00:42:57,463] {manager.py:508} INFO - Created Permission View: can edit on DAG:example_short_circuit_operator
[2023-07-11 00:42:57,464] {logging_mixin.py:115} INFO - [2023-07-11 00:42:57,464] {dag.py:2420} INFO - Sync 1 DAGs
[2023-07-11 00:42:57,495] {logging_mixin.py:115} INFO - [2023-07-11 00:42:57,494] {dag.py:2439} INFO - Creating ORM DAG for example_short_circuit_operator
[2023-07-11 00:42:57,526] {logging_mixin.py:115} INFO - [2023-07-11 00:42:57,526] {dag.py:2972} INFO - Setting next_dagrun for example_short_circuit_operator to 2023-07-10T00:42:57.526161+00:00, run_after=2023-07-11T00:42:57.526161+00:00
[2023-07-11 00:42:57,644] {processor.py:161} INFO - Processing /home/airflow/.local/lib/python3.7/site-packages/airflow/example_dags/example_short_circuit_operator.py took 0.503 seconds
[2023-07-11 00:43:28,162] {processor.py:153} INFO - Started process (PID=114) to work on /home/airflow/.local/lib/python3.7/site-packages/airflow/example_dags/example_short_circuit_operator.py
[2023-07-11 00:43:28,163] {processor.py:641} INFO - Processing file /home/airflow/.local/lib/python3.7/site-packages/airflow/example_dags/example_short_circuit_operator.py for tasks to queue
[2023-07-11 00:43:28,163] {logging_mixin.py:115} INFO - [2023-07-11 00:43:28,163] {dagbag.py:508} INFO - Filling up the DagBag from /home/airflow/.local/lib/python3.7/site-packages/airflow/example_dags/example_short_circuit_operator.py
[2023-07-11 00:43:28,176] {processor.py:651} INFO - DAG(s) dict_keys(['example_short_circuit_operator']) retrieved from /home/airflow/.local/lib/python3.7/site-packages/airflow/example_dags/example_short_circuit_operator.py
[2023-07-11 00:43:28,219] {logging_mixin.py:115} INFO - [2023-07-11 00:43:28,218] {dag.py:2420} INFO - Sync 1 DAGs
[2023-07-11 00:43:28,254] {logging_mixin.py:115} INFO - [2023-07-11 00:43:28,254] {dag.py:2972} INFO - Setting next_dagrun for example_short_circuit_operator to 2023-07-10T00:43:28.253729+00:00, run_after=2023-07-11T00:43:28.253729+00:00
[2023-07-11 00:43:28,269] {processor.py:161} INFO - Processing /home/airflow/.local/lib/python3.7/site-packages/airflow/example_dags/example_short_circuit_operator.py took 0.110 seconds
[2023-07-11 00:43:58,966] {processor.py:153} INFO - Started process (PID=166) to work on /home/airflow/.local/lib/python3.7/site-packages/airflow/example_dags/example_short_circuit_operator.py
[2023-07-11 00:43:58,967] {processor.py:641} INFO - Processing file /home/airflow/.local/lib/python3.7/site-packages/airflow/example_dags/example_short_circuit_operator.py for tasks to queue
[2023-07-11 00:43:58,968] {logging_mixin.py:115} INFO - [2023-07-11 00:43:58,967] {dagbag.py:508} INFO - Filling up the DagBag from /home/airflow/.local/lib/python3.7/site-packages/airflow/example_dags/example_short_circuit_operator.py
[2023-07-11 00:43:58,984] {processor.py:651} INFO - DAG(s) dict_keys(['example_short_circuit_operator']) retrieved from /home/airflow/.local/lib/python3.7/site-packages/airflow/example_dags/example_short_circuit_operator.py
[2023-07-11 00:43:59,036] {logging_mixin.py:115} INFO - [2023-07-11 00:43:59,036] {dag.py:2420} INFO - Sync 1 DAGs
[2023-07-11 00:43:59,070] {logging_mixin.py:115} INFO - [2023-07-11 00:43:59,070] {dag.py:2972} INFO - Setting next_dagrun for example_short_circuit_operator to 2023-07-10T00:43:59.070105+00:00, run_after=2023-07-11T00:43:59.070105+00:00
[2023-07-11 00:43:59,088] {processor.py:161} INFO - Processing /home/airflow/.local/lib/python3.7/site-packages/airflow/example_dags/example_short_circuit_operator.py took 0.127 seconds
[2023-07-11 00:44:29,188] {processor.py:153} INFO - Started process (PID=226) to work on /home/airflow/.local/lib/python3.7/site-packages/airflow/example_dags/example_short_circuit_operator.py
[2023-07-11 00:44:29,189] {processor.py:641} INFO - Processing file /home/airflow/.local/lib/python3.7/site-packages/airflow/example_dags/example_short_circuit_operator.py for tasks to queue
[2023-07-11 00:44:29,190] {logging_mixin.py:115} INFO - [2023-07-11 00:44:29,189] {dagbag.py:508} INFO - Filling up the DagBag from /home/airflow/.local/lib/python3.7/site-packages/airflow/example_dags/example_short_circuit_operator.py
[2023-07-11 00:44:29,208] {processor.py:651} INFO - DAG(s) dict_keys(['example_short_circuit_operator']) retrieved from /home/airflow/.local/lib/python3.7/site-packages/airflow/example_dags/example_short_circuit_operator.py
[2023-07-11 00:44:29,248] {logging_mixin.py:115} INFO - [2023-07-11 00:44:29,248] {dag.py:2420} INFO - Sync 1 DAGs
[2023-07-11 00:44:29,284] {logging_mixin.py:115} INFO - [2023-07-11 00:44:29,284] {dag.py:2972} INFO - Setting next_dagrun for example_short_circuit_operator to 2023-07-10T00:44:29.284088+00:00, run_after=2023-07-11T00:44:29.284088+00:00
[2023-07-11 00:44:29,302] {processor.py:161} INFO - Processing /home/airflow/.local/lib/python3.7/site-packages/airflow/example_dags/example_short_circuit_operator.py took 0.120 seconds
[2023-07-11 00:45:00,125] {processor.py:153} INFO - Started process (PID=278) to work on /home/airflow/.local/lib/python3.7/site-packages/airflow/example_dags/example_short_circuit_operator.py
[2023-07-11 00:45:00,126] {processor.py:641} INFO - Processing file /home/airflow/.local/lib/python3.7/site-packages/airflow/example_dags/example_short_circuit_operator.py for tasks to queue
[2023-07-11 00:45:00,126] {logging_mixin.py:115} INFO - [2023-07-11 00:45:00,126] {dagbag.py:508} INFO - Filling up the DagBag from /home/airflow/.local/lib/python3.7/site-packages/airflow/example_dags/example_short_circuit_operator.py
[2023-07-11 00:45:00,137] {processor.py:651} INFO - DAG(s) dict_keys(['example_short_circuit_operator']) retrieved from /home/airflow/.local/lib/python3.7/site-packages/airflow/example_dags/example_short_circuit_operator.py
[2023-07-11 00:45:00,170] {logging_mixin.py:115} INFO - [2023-07-11 00:45:00,170] {dag.py:2420} INFO - Sync 1 DAGs
[2023-07-11 00:45:00,199] {logging_mixin.py:115} INFO - [2023-07-11 00:45:00,199] {dag.py:2972} INFO - Setting next_dagrun for example_short_circuit_operator to 2023-07-10T00:45:00.199378+00:00, run_after=2023-07-11T00:45:00.199378+00:00
[2023-07-11 00:45:00,218] {processor.py:161} INFO - Processing /home/airflow/.local/lib/python3.7/site-packages/airflow/example_dags/example_short_circuit_operator.py took 0.097 seconds
[2023-07-11 00:45:30,784] {processor.py:153} INFO - Started process (PID=339) to work on /home/airflow/.local/lib/python3.7/site-packages/airflow/example_dags/example_short_circuit_operator.py
[2023-07-11 00:45:30,785] {processor.py:641} INFO - Processing file /home/airflow/.local/lib/python3.7/site-packages/airflow/example_dags/example_short_circuit_operator.py for tasks to queue
[2023-07-11 00:45:30,786] {logging_mixin.py:115} INFO - [2023-07-11 00:45:30,786] {dagbag.py:508} INFO - Filling up the DagBag from /home/airflow/.local/lib/python3.7/site-packages/airflow/example_dags/example_short_circuit_operator.py
[2023-07-11 00:45:30,797] {processor.py:651} INFO - DAG(s) dict_keys(['example_short_circuit_operator']) retrieved from /home/airflow/.local/lib/python3.7/site-packages/airflow/example_dags/example_short_circuit_operator.py
[2023-07-11 00:45:30,832] {logging_mixin.py:115} INFO - [2023-07-11 00:45:30,832] {dag.py:2420} INFO - Sync 1 DAGs
[2023-07-11 00:45:30,877] {logging_mixin.py:115} INFO - [2023-07-11 00:45:30,876] {dag.py:2972} INFO - Setting next_dagrun for example_short_circuit_operator to 2023-07-10T00:45:30.876400+00:00, run_after=2023-07-11T00:45:30.876400+00:00
[2023-07-11 00:45:30,896] {processor.py:161} INFO - Processing /home/airflow/.local/lib/python3.7/site-packages/airflow/example_dags/example_short_circuit_operator.py took 0.117 seconds
[2023-07-11 00:46:01,417] {processor.py:153} INFO - Started process (PID=391) to work on /home/airflow/.local/lib/python3.7/site-packages/airflow/example_dags/example_short_circuit_operator.py
[2023-07-11 00:46:01,418] {processor.py:641} INFO - Processing file /home/airflow/.local/lib/python3.7/site-packages/airflow/example_dags/example_short_circuit_operator.py for tasks to queue
[2023-07-11 00:46:01,419] {logging_mixin.py:115} INFO - [2023-07-11 00:46:01,418] {dagbag.py:508} INFO - Filling up the DagBag from /home/airflow/.local/lib/python3.7/site-packages/airflow/example_dags/example_short_circuit_operator.py
[2023-07-11 00:46:01,429] {processor.py:651} INFO - DAG(s) dict_keys(['example_short_circuit_operator']) retrieved from /home/airflow/.local/lib/python3.7/site-packages/airflow/example_dags/example_short_circuit_operator.py
[2023-07-11 00:46:01,461] {logging_mixin.py:115} INFO - [2023-07-11 00:46:01,460] {dag.py:2420} INFO - Sync 1 DAGs
[2023-07-11 00:46:01,494] {logging_mixin.py:115} INFO - [2023-07-11 00:46:01,494] {dag.py:2972} INFO - Setting next_dagrun for example_short_circuit_operator to 2023-07-10T00:46:01.493702+00:00, run_after=2023-07-11T00:46:01.493702+00:00
[2023-07-11 00:46:01,509] {processor.py:161} INFO - Processing /home/airflow/.local/lib/python3.7/site-packages/airflow/example_dags/example_short_circuit_operator.py took 0.096 seconds
[2023-07-11 00:46:31,838] {processor.py:153} INFO - Started process (PID=454) to work on /home/airflow/.local/lib/python3.7/site-packages/airflow/example_dags/example_short_circuit_operator.py
[2023-07-11 00:46:31,838] {processor.py:641} INFO - Processing file /home/airflow/.local/lib/python3.7/site-packages/airflow/example_dags/example_short_circuit_operator.py for tasks to queue
[2023-07-11 00:46:31,839] {logging_mixin.py:115} INFO - [2023-07-11 00:46:31,839] {dagbag.py:508} INFO - Filling up the DagBag from /home/airflow/.local/lib/python3.7/site-packages/airflow/example_dags/example_short_circuit_operator.py
[2023-07-11 00:46:31,851] {processor.py:651} INFO - DAG(s) dict_keys(['example_short_circuit_operator']) retrieved from /home/airflow/.local/lib/python3.7/site-packages/airflow/example_dags/example_short_circuit_operator.py
[2023-07-11 00:46:31,885] {logging_mixin.py:115} INFO - [2023-07-11 00:46:31,885] {dag.py:2420} INFO - Sync 1 DAGs
[2023-07-11 00:46:31,915] {logging_mixin.py:115} INFO - [2023-07-11 00:46:31,915] {dag.py:2972} INFO - Setting next_dagrun for example_short_circuit_operator to 2023-07-10T00:46:31.915367+00:00, run_after=2023-07-11T00:46:31.915367+00:00
[2023-07-11 00:46:31,933] {processor.py:161} INFO - Processing /home/airflow/.local/lib/python3.7/site-packages/airflow/example_dags/example_short_circuit_operator.py took 0.101 seconds
[2023-07-11 00:47:02,152] {processor.py:153} INFO - Started process (PID=506) to work on /home/airflow/.local/lib/python3.7/site-packages/airflow/example_dags/example_short_circuit_operator.py
[2023-07-11 00:47:02,152] {processor.py:641} INFO - Processing file /home/airflow/.local/lib/python3.7/site-packages/airflow/example_dags/example_short_circuit_operator.py for tasks to queue
[2023-07-11 00:47:02,153] {logging_mixin.py:115} INFO - [2023-07-11 00:47:02,153] {dagbag.py:508} INFO - Filling up the DagBag from /home/airflow/.local/lib/python3.7/site-packages/airflow/example_dags/example_short_circuit_operator.py
[2023-07-11 00:47:02,167] {processor.py:651} INFO - DAG(s) dict_keys(['example_short_circuit_operator']) retrieved from /home/airflow/.local/lib/python3.7/site-packages/airflow/example_dags/example_short_circuit_operator.py
[2023-07-11 00:47:02,200] {logging_mixin.py:115} INFO - [2023-07-11 00:47:02,200] {dag.py:2420} INFO - Sync 1 DAGs
[2023-07-11 00:47:02,230] {logging_mixin.py:115} INFO - [2023-07-11 00:47:02,230] {dag.py:2972} INFO - Setting next_dagrun for example_short_circuit_operator to 2023-07-10T00:47:02.229981+00:00, run_after=2023-07-11T00:47:02.229981+00:00
[2023-07-11 00:47:02,245] {processor.py:161} INFO - Processing /home/airflow/.local/lib/python3.7/site-packages/airflow/example_dags/example_short_circuit_operator.py took 0.099 seconds
[2023-07-11 00:47:33,072] {processor.py:153} INFO - Started process (PID=567) to work on /home/airflow/.local/lib/python3.7/site-packages/airflow/example_dags/example_short_circuit_operator.py
[2023-07-11 00:47:33,074] {processor.py:641} INFO - Processing file /home/airflow/.local/lib/python3.7/site-packages/airflow/example_dags/example_short_circuit_operator.py for tasks to queue
[2023-07-11 00:47:33,075] {logging_mixin.py:115} INFO - [2023-07-11 00:47:33,075] {dagbag.py:508} INFO - Filling up the DagBag from /home/airflow/.local/lib/python3.7/site-packages/airflow/example_dags/example_short_circuit_operator.py
[2023-07-11 00:47:33,095] {processor.py:651} INFO - DAG(s) dict_keys(['example_short_circuit_operator']) retrieved from /home/airflow/.local/lib/python3.7/site-packages/airflow/example_dags/example_short_circuit_operator.py
[2023-07-11 00:47:33,151] {logging_mixin.py:115} INFO - [2023-07-11 00:47:33,150] {dag.py:2420} INFO - Sync 1 DAGs
[2023-07-11 00:47:33,198] {logging_mixin.py:115} INFO - [2023-07-11 00:47:33,198] {dag.py:2972} INFO - Setting next_dagrun for example_short_circuit_operator to 2023-07-10T00:47:33.198281+00:00, run_after=2023-07-11T00:47:33.198281+00:00
[2023-07-11 00:47:33,216] {processor.py:161} INFO - Processing /home/airflow/.local/lib/python3.7/site-packages/airflow/example_dags/example_short_circuit_operator.py took 0.149 seconds
[2023-07-11 00:48:03,311] {processor.py:153} INFO - Started process (PID=620) to work on /home/airflow/.local/lib/python3.7/site-packages/airflow/example_dags/example_short_circuit_operator.py
[2023-07-11 00:48:03,311] {processor.py:641} INFO - Processing file /home/airflow/.local/lib/python3.7/site-packages/airflow/example_dags/example_short_circuit_operator.py for tasks to queue
[2023-07-11 00:48:03,312] {logging_mixin.py:115} INFO - [2023-07-11 00:48:03,311] {dagbag.py:508} INFO - Filling up the DagBag from /home/airflow/.local/lib/python3.7/site-packages/airflow/example_dags/example_short_circuit_operator.py
[2023-07-11 00:48:03,320] {processor.py:651} INFO - DAG(s) dict_keys(['example_short_circuit_operator']) retrieved from /home/airflow/.local/lib/python3.7/site-packages/airflow/example_dags/example_short_circuit_operator.py
[2023-07-11 00:48:03,348] {logging_mixin.py:115} INFO - [2023-07-11 00:48:03,348] {dag.py:2420} INFO - Sync 1 DAGs
[2023-07-11 00:48:03,372] {logging_mixin.py:115} INFO - [2023-07-11 00:48:03,371] {dag.py:2972} INFO - Setting next_dagrun for example_short_circuit_operator to 2023-07-10T00:48:03.371662+00:00, run_after=2023-07-11T00:48:03.371662+00:00
[2023-07-11 00:48:03,385] {processor.py:161} INFO - Processing /home/airflow/.local/lib/python3.7/site-packages/airflow/example_dags/example_short_circuit_operator.py took 0.078 seconds
[2023-07-11 00:48:33,591] {processor.py:153} INFO - Started process (PID=681) to work on /home/airflow/.local/lib/python3.7/site-packages/airflow/example_dags/example_short_circuit_operator.py
[2023-07-11 00:48:33,592] {processor.py:641} INFO - Processing file /home/airflow/.local/lib/python3.7/site-packages/airflow/example_dags/example_short_circuit_operator.py for tasks to queue
[2023-07-11 00:48:33,592] {logging_mixin.py:115} INFO - [2023-07-11 00:48:33,592] {dagbag.py:508} INFO - Filling up the DagBag from /home/airflow/.local/lib/python3.7/site-packages/airflow/example_dags/example_short_circuit_operator.py
[2023-07-11 00:48:33,602] {processor.py:651} INFO - DAG(s) dict_keys(['example_short_circuit_operator']) retrieved from /home/airflow/.local/lib/python3.7/site-packages/airflow/example_dags/example_short_circuit_operator.py
[2023-07-11 00:48:33,635] {logging_mixin.py:115} INFO - [2023-07-11 00:48:33,634] {dag.py:2420} INFO - Sync 1 DAGs
[2023-07-11 00:48:33,662] {logging_mixin.py:115} INFO - [2023-07-11 00:48:33,662] {dag.py:2972} INFO - Setting next_dagrun for example_short_circuit_operator to 2023-07-10T00:48:33.662540+00:00, run_after=2023-07-11T00:48:33.662540+00:00
[2023-07-11 00:48:33,676] {processor.py:161} INFO - Processing /home/airflow/.local/lib/python3.7/site-packages/airflow/example_dags/example_short_circuit_operator.py took 0.088 seconds
[2023-07-11 00:49:04,272] {processor.py:153} INFO - Started process (PID=742) to work on /home/airflow/.local/lib/python3.7/site-packages/airflow/example_dags/example_short_circuit_operator.py
[2023-07-11 00:49:04,273] {processor.py:641} INFO - Processing file /home/airflow/.local/lib/python3.7/site-packages/airflow/example_dags/example_short_circuit_operator.py for tasks to queue
[2023-07-11 00:49:04,274] {logging_mixin.py:115} INFO - [2023-07-11 00:49:04,274] {dagbag.py:508} INFO - Filling up the DagBag from /home/airflow/.local/lib/python3.7/site-packages/airflow/example_dags/example_short_circuit_operator.py
[2023-07-11 00:49:04,289] {processor.py:651} INFO - DAG(s) dict_keys(['example_short_circuit_operator']) retrieved from /home/airflow/.local/lib/python3.7/site-packages/airflow/example_dags/example_short_circuit_operator.py
[2023-07-11 00:49:04,337] {logging_mixin.py:115} INFO - [2023-07-11 00:49:04,337] {dag.py:2420} INFO - Sync 1 DAGs
[2023-07-11 00:49:04,385] {logging_mixin.py:115} INFO - [2023-07-11 00:49:04,385] {dag.py:2972} INFO - Setting next_dagrun for example_short_circuit_operator to 2023-07-10T00:49:04.384894+00:00, run_after=2023-07-11T00:49:04.384894+00:00
[2023-07-11 00:49:04,406] {processor.py:161} INFO - Processing /home/airflow/.local/lib/python3.7/site-packages/airflow/example_dags/example_short_circuit_operator.py took 0.138 seconds
[2023-07-11 00:49:34,529] {processor.py:153} INFO - Started process (PID=794) to work on /home/airflow/.local/lib/python3.7/site-packages/airflow/example_dags/example_short_circuit_operator.py
[2023-07-11 00:49:34,530] {processor.py:641} INFO - Processing file /home/airflow/.local/lib/python3.7/site-packages/airflow/example_dags/example_short_circuit_operator.py for tasks to queue
[2023-07-11 00:49:34,530] {logging_mixin.py:115} INFO - [2023-07-11 00:49:34,530] {dagbag.py:508} INFO - Filling up the DagBag from /home/airflow/.local/lib/python3.7/site-packages/airflow/example_dags/example_short_circuit_operator.py
[2023-07-11 00:49:34,541] {processor.py:651} INFO - DAG(s) dict_keys(['example_short_circuit_operator']) retrieved from /home/airflow/.local/lib/python3.7/site-packages/airflow/example_dags/example_short_circuit_operator.py
[2023-07-11 00:49:34,575] {logging_mixin.py:115} INFO - [2023-07-11 00:49:34,575] {dag.py:2420} INFO - Sync 1 DAGs
[2023-07-11 00:49:34,604] {logging_mixin.py:115} INFO - [2023-07-11 00:49:34,604] {dag.py:2972} INFO - Setting next_dagrun for example_short_circuit_operator to 2023-07-10T00:49:34.603810+00:00, run_after=2023-07-11T00:49:34.603810+00:00
[2023-07-11 00:49:34,627] {processor.py:161} INFO - Processing /home/airflow/.local/lib/python3.7/site-packages/airflow/example_dags/example_short_circuit_operator.py took 0.103 seconds
[2023-07-11 00:50:04,958] {processor.py:153} INFO - Started process (PID=850) to work on /home/airflow/.local/lib/python3.7/site-packages/airflow/example_dags/example_short_circuit_operator.py
[2023-07-11 00:50:04,959] {processor.py:641} INFO - Processing file /home/airflow/.local/lib/python3.7/site-packages/airflow/example_dags/example_short_circuit_operator.py for tasks to queue
[2023-07-11 00:50:04,960] {logging_mixin.py:115} INFO - [2023-07-11 00:50:04,960] {dagbag.py:508} INFO - Filling up the DagBag from /home/airflow/.local/lib/python3.7/site-packages/airflow/example_dags/example_short_circuit_operator.py
[2023-07-11 00:50:05,007] {processor.py:651} INFO - DAG(s) dict_keys(['example_short_circuit_operator']) retrieved from /home/airflow/.local/lib/python3.7/site-packages/airflow/example_dags/example_short_circuit_operator.py
[2023-07-11 00:50:05,075] {logging_mixin.py:115} INFO - [2023-07-11 00:50:05,074] {dag.py:2420} INFO - Sync 1 DAGs
[2023-07-11 00:50:05,125] {logging_mixin.py:115} INFO - [2023-07-11 00:50:05,124] {dag.py:2972} INFO - Setting next_dagrun for example_short_circuit_operator to 2023-07-10T00:50:05.124481+00:00, run_after=2023-07-11T00:50:05.124481+00:00
[2023-07-11 00:50:05,142] {processor.py:161} INFO - Processing /home/airflow/.local/lib/python3.7/site-packages/airflow/example_dags/example_short_circuit_operator.py took 0.188 seconds
[2023-07-11 00:50:35,693] {processor.py:153} INFO - Started process (PID=904) to work on /home/airflow/.local/lib/python3.7/site-packages/airflow/example_dags/example_short_circuit_operator.py
[2023-07-11 00:50:35,694] {processor.py:641} INFO - Processing file /home/airflow/.local/lib/python3.7/site-packages/airflow/example_dags/example_short_circuit_operator.py for tasks to queue
[2023-07-11 00:50:35,695] {logging_mixin.py:115} INFO - [2023-07-11 00:50:35,695] {dagbag.py:508} INFO - Filling up the DagBag from /home/airflow/.local/lib/python3.7/site-packages/airflow/example_dags/example_short_circuit_operator.py
[2023-07-11 00:50:35,716] {processor.py:651} INFO - DAG(s) dict_keys(['example_short_circuit_operator']) retrieved from /home/airflow/.local/lib/python3.7/site-packages/airflow/example_dags/example_short_circuit_operator.py
[2023-07-11 00:50:35,764] {logging_mixin.py:115} INFO - [2023-07-11 00:50:35,763] {dag.py:2420} INFO - Sync 1 DAGs
[2023-07-11 00:50:35,795] {logging_mixin.py:115} INFO - [2023-07-11 00:50:35,795] {dag.py:2972} INFO - Setting next_dagrun for example_short_circuit_operator to 2023-07-10T00:50:35.795315+00:00, run_after=2023-07-11T00:50:35.795315+00:00
[2023-07-11 00:50:35,815] {processor.py:161} INFO - Processing /home/airflow/.local/lib/python3.7/site-packages/airflow/example_dags/example_short_circuit_operator.py took 0.149 seconds
[2023-07-11 00:51:06,452] {processor.py:153} INFO - Started process (PID=964) to work on /home/airflow/.local/lib/python3.7/site-packages/airflow/example_dags/example_short_circuit_operator.py
[2023-07-11 00:51:06,452] {processor.py:641} INFO - Processing file /home/airflow/.local/lib/python3.7/site-packages/airflow/example_dags/example_short_circuit_operator.py for tasks to queue
[2023-07-11 00:51:06,453] {logging_mixin.py:115} INFO - [2023-07-11 00:51:06,453] {dagbag.py:508} INFO - Filling up the DagBag from /home/airflow/.local/lib/python3.7/site-packages/airflow/example_dags/example_short_circuit_operator.py
[2023-07-11 00:51:06,463] {processor.py:651} INFO - DAG(s) dict_keys(['example_short_circuit_operator']) retrieved from /home/airflow/.local/lib/python3.7/site-packages/airflow/example_dags/example_short_circuit_operator.py
[2023-07-11 00:51:06,493] {logging_mixin.py:115} INFO - [2023-07-11 00:51:06,493] {dag.py:2420} INFO - Sync 1 DAGs
[2023-07-11 00:51:06,516] {logging_mixin.py:115} INFO - [2023-07-11 00:51:06,516] {dag.py:2972} INFO - Setting next_dagrun for example_short_circuit_operator to 2023-07-10T00:51:06.515741+00:00, run_after=2023-07-11T00:51:06.515741+00:00
[2023-07-11 00:51:06,529] {processor.py:161} INFO - Processing /home/airflow/.local/lib/python3.7/site-packages/airflow/example_dags/example_short_circuit_operator.py took 0.082 seconds
[2023-07-11 00:51:36,774] {processor.py:153} INFO - Started process (PID=1016) to work on /home/airflow/.local/lib/python3.7/site-packages/airflow/example_dags/example_short_circuit_operator.py
[2023-07-11 00:51:36,775] {processor.py:641} INFO - Processing file /home/airflow/.local/lib/python3.7/site-packages/airflow/example_dags/example_short_circuit_operator.py for tasks to queue
[2023-07-11 00:51:36,776] {logging_mixin.py:115} INFO - [2023-07-11 00:51:36,776] {dagbag.py:508} INFO - Filling up the DagBag from /home/airflow/.local/lib/python3.7/site-packages/airflow/example_dags/example_short_circuit_operator.py
[2023-07-11 00:51:36,787] {processor.py:651} INFO - DAG(s) dict_keys(['example_short_circuit_operator']) retrieved from /home/airflow/.local/lib/python3.7/site-packages/airflow/example_dags/example_short_circuit_operator.py
[2023-07-11 00:51:36,830] {logging_mixin.py:115} INFO - [2023-07-11 00:51:36,830] {dag.py:2420} INFO - Sync 1 DAGs
[2023-07-11 00:51:36,866] {logging_mixin.py:115} INFO - [2023-07-11 00:51:36,865] {dag.py:2972} INFO - Setting next_dagrun for example_short_circuit_operator to 2023-07-10T00:51:36.865657+00:00, run_after=2023-07-11T00:51:36.865657+00:00
[2023-07-11 00:51:36,900] {processor.py:161} INFO - Processing /home/airflow/.local/lib/python3.7/site-packages/airflow/example_dags/example_short_circuit_operator.py took 0.129 seconds
[2023-07-11 22:50:10,025] {processor.py:153} INFO - Started process (PID=1067) to work on /home/airflow/.local/lib/python3.7/site-packages/airflow/example_dags/example_short_circuit_operator.py
[2023-07-11 22:50:10,031] {processor.py:641} INFO - Processing file /home/airflow/.local/lib/python3.7/site-packages/airflow/example_dags/example_short_circuit_operator.py for tasks to queue
[2023-07-11 22:50:10,032] {logging_mixin.py:115} INFO - [2023-07-11 22:50:10,031] {dagbag.py:508} INFO - Filling up the DagBag from /home/airflow/.local/lib/python3.7/site-packages/airflow/example_dags/example_short_circuit_operator.py
[2023-07-11 22:50:10,076] {processor.py:651} INFO - DAG(s) dict_keys(['example_short_circuit_operator']) retrieved from /home/airflow/.local/lib/python3.7/site-packages/airflow/example_dags/example_short_circuit_operator.py
[2023-07-11 22:50:10,198] {logging_mixin.py:115} INFO - [2023-07-11 22:50:10,198] {dag.py:2420} INFO - Sync 1 DAGs
[2023-07-11 22:50:10,309] {logging_mixin.py:115} INFO - [2023-07-11 22:50:10,309] {dag.py:2972} INFO - Setting next_dagrun for example_short_circuit_operator to 2023-07-10T22:50:10.308889+00:00, run_after=2023-07-11T22:50:10.308889+00:00
[2023-07-11 22:50:10,351] {processor.py:161} INFO - Processing /home/airflow/.local/lib/python3.7/site-packages/airflow/example_dags/example_short_circuit_operator.py took 0.335 seconds
[2023-07-11 22:50:41,349] {processor.py:153} INFO - Started process (PID=1117) to work on /home/airflow/.local/lib/python3.7/site-packages/airflow/example_dags/example_short_circuit_operator.py
[2023-07-11 22:50:41,350] {processor.py:641} INFO - Processing file /home/airflow/.local/lib/python3.7/site-packages/airflow/example_dags/example_short_circuit_operator.py for tasks to queue
[2023-07-11 22:50:41,355] {logging_mixin.py:115} INFO - [2023-07-11 22:50:41,355] {dagbag.py:508} INFO - Filling up the DagBag from /home/airflow/.local/lib/python3.7/site-packages/airflow/example_dags/example_short_circuit_operator.py
[2023-07-11 22:50:41,395] {processor.py:651} INFO - DAG(s) dict_keys(['example_short_circuit_operator']) retrieved from /home/airflow/.local/lib/python3.7/site-packages/airflow/example_dags/example_short_circuit_operator.py
[2023-07-11 22:50:41,446] {logging_mixin.py:115} INFO - [2023-07-11 22:50:41,446] {dag.py:2420} INFO - Sync 1 DAGs
[2023-07-11 22:50:41,491] {logging_mixin.py:115} INFO - [2023-07-11 22:50:41,491] {dag.py:2972} INFO - Setting next_dagrun for example_short_circuit_operator to 2023-07-10T22:50:41.490776+00:00, run_after=2023-07-11T22:50:41.490776+00:00
[2023-07-11 22:50:41,513] {processor.py:161} INFO - Processing /home/airflow/.local/lib/python3.7/site-packages/airflow/example_dags/example_short_circuit_operator.py took 0.177 seconds
[2023-07-11 22:51:11,740] {processor.py:153} INFO - Started process (PID=1171) to work on /home/airflow/.local/lib/python3.7/site-packages/airflow/example_dags/example_short_circuit_operator.py
[2023-07-11 22:51:11,741] {processor.py:641} INFO - Processing file /home/airflow/.local/lib/python3.7/site-packages/airflow/example_dags/example_short_circuit_operator.py for tasks to queue
[2023-07-11 22:51:11,741] {logging_mixin.py:115} INFO - [2023-07-11 22:51:11,741] {dagbag.py:508} INFO - Filling up the DagBag from /home/airflow/.local/lib/python3.7/site-packages/airflow/example_dags/example_short_circuit_operator.py
[2023-07-11 22:51:11,752] {processor.py:651} INFO - DAG(s) dict_keys(['example_short_circuit_operator']) retrieved from /home/airflow/.local/lib/python3.7/site-packages/airflow/example_dags/example_short_circuit_operator.py
[2023-07-11 22:51:11,785] {logging_mixin.py:115} INFO - [2023-07-11 22:51:11,785] {dag.py:2420} INFO - Sync 1 DAGs
[2023-07-11 22:51:11,822] {logging_mixin.py:115} INFO - [2023-07-11 22:51:11,822] {dag.py:2972} INFO - Setting next_dagrun for example_short_circuit_operator to 2023-07-10T22:51:11.822305+00:00, run_after=2023-07-11T22:51:11.822305+00:00
[2023-07-11 22:51:11,837] {processor.py:161} INFO - Processing /home/airflow/.local/lib/python3.7/site-packages/airflow/example_dags/example_short_circuit_operator.py took 0.101 seconds
[2023-07-11 22:51:42,213] {processor.py:153} INFO - Started process (PID=1223) to work on /home/airflow/.local/lib/python3.7/site-packages/airflow/example_dags/example_short_circuit_operator.py
[2023-07-11 22:51:42,214] {processor.py:641} INFO - Processing file /home/airflow/.local/lib/python3.7/site-packages/airflow/example_dags/example_short_circuit_operator.py for tasks to queue
[2023-07-11 22:51:42,214] {logging_mixin.py:115} INFO - [2023-07-11 22:51:42,214] {dagbag.py:508} INFO - Filling up the DagBag from /home/airflow/.local/lib/python3.7/site-packages/airflow/example_dags/example_short_circuit_operator.py
[2023-07-11 22:51:42,224] {processor.py:651} INFO - DAG(s) dict_keys(['example_short_circuit_operator']) retrieved from /home/airflow/.local/lib/python3.7/site-packages/airflow/example_dags/example_short_circuit_operator.py
[2023-07-11 22:51:42,260] {logging_mixin.py:115} INFO - [2023-07-11 22:51:42,259] {dag.py:2420} INFO - Sync 1 DAGs
[2023-07-11 22:51:42,290] {logging_mixin.py:115} INFO - [2023-07-11 22:51:42,289] {dag.py:2972} INFO - Setting next_dagrun for example_short_circuit_operator to 2023-07-10T22:51:42.289629+00:00, run_after=2023-07-11T22:51:42.289629+00:00
[2023-07-11 22:51:42,308] {processor.py:161} INFO - Processing /home/airflow/.local/lib/python3.7/site-packages/airflow/example_dags/example_short_circuit_operator.py took 0.098 seconds
[2023-07-11 22:52:13,220] {processor.py:153} INFO - Started process (PID=1282) to work on /home/airflow/.local/lib/python3.7/site-packages/airflow/example_dags/example_short_circuit_operator.py
[2023-07-11 22:52:13,221] {processor.py:641} INFO - Processing file /home/airflow/.local/lib/python3.7/site-packages/airflow/example_dags/example_short_circuit_operator.py for tasks to queue
[2023-07-11 22:52:13,221] {logging_mixin.py:115} INFO - [2023-07-11 22:52:13,221] {dagbag.py:508} INFO - Filling up the DagBag from /home/airflow/.local/lib/python3.7/site-packages/airflow/example_dags/example_short_circuit_operator.py
[2023-07-11 22:52:13,233] {processor.py:651} INFO - DAG(s) dict_keys(['example_short_circuit_operator']) retrieved from /home/airflow/.local/lib/python3.7/site-packages/airflow/example_dags/example_short_circuit_operator.py
[2023-07-11 22:52:13,272] {logging_mixin.py:115} INFO - [2023-07-11 22:52:13,272] {dag.py:2420} INFO - Sync 1 DAGs
[2023-07-11 22:52:13,299] {logging_mixin.py:115} INFO - [2023-07-11 22:52:13,299] {dag.py:2972} INFO - Setting next_dagrun for example_short_circuit_operator to 2023-07-10T22:52:13.299216+00:00, run_after=2023-07-11T22:52:13.299216+00:00
[2023-07-11 22:52:13,320] {processor.py:161} INFO - Processing /home/airflow/.local/lib/python3.7/site-packages/airflow/example_dags/example_short_circuit_operator.py took 0.103 seconds
[2023-07-11 22:52:44,155] {processor.py:153} INFO - Started process (PID=1333) to work on /home/airflow/.local/lib/python3.7/site-packages/airflow/example_dags/example_short_circuit_operator.py
[2023-07-11 22:52:44,156] {processor.py:641} INFO - Processing file /home/airflow/.local/lib/python3.7/site-packages/airflow/example_dags/example_short_circuit_operator.py for tasks to queue
[2023-07-11 22:52:44,157] {logging_mixin.py:115} INFO - [2023-07-11 22:52:44,156] {dagbag.py:508} INFO - Filling up the DagBag from /home/airflow/.local/lib/python3.7/site-packages/airflow/example_dags/example_short_circuit_operator.py
[2023-07-11 22:52:44,173] {processor.py:651} INFO - DAG(s) dict_keys(['example_short_circuit_operator']) retrieved from /home/airflow/.local/lib/python3.7/site-packages/airflow/example_dags/example_short_circuit_operator.py
[2023-07-11 22:52:44,224] {logging_mixin.py:115} INFO - [2023-07-11 22:52:44,224] {dag.py:2420} INFO - Sync 1 DAGs
[2023-07-11 22:52:44,269] {logging_mixin.py:115} INFO - [2023-07-11 22:52:44,269] {dag.py:2972} INFO - Setting next_dagrun for example_short_circuit_operator to 2023-07-10T22:52:44.269073+00:00, run_after=2023-07-11T22:52:44.269073+00:00
[2023-07-11 22:52:44,292] {processor.py:161} INFO - Processing /home/airflow/.local/lib/python3.7/site-packages/airflow/example_dags/example_short_circuit_operator.py took 0.142 seconds
[2023-07-11 22:53:15,188] {processor.py:153} INFO - Started process (PID=1384) to work on /home/airflow/.local/lib/python3.7/site-packages/airflow/example_dags/example_short_circuit_operator.py
[2023-07-11 22:53:15,188] {processor.py:641} INFO - Processing file /home/airflow/.local/lib/python3.7/site-packages/airflow/example_dags/example_short_circuit_operator.py for tasks to queue
[2023-07-11 22:53:15,189] {logging_mixin.py:115} INFO - [2023-07-11 22:53:15,189] {dagbag.py:508} INFO - Filling up the DagBag from /home/airflow/.local/lib/python3.7/site-packages/airflow/example_dags/example_short_circuit_operator.py
[2023-07-11 22:53:15,203] {processor.py:651} INFO - DAG(s) dict_keys(['example_short_circuit_operator']) retrieved from /home/airflow/.local/lib/python3.7/site-packages/airflow/example_dags/example_short_circuit_operator.py
[2023-07-11 22:53:15,245] {logging_mixin.py:115} INFO - [2023-07-11 22:53:15,245] {dag.py:2420} INFO - Sync 1 DAGs
[2023-07-11 22:53:15,275] {logging_mixin.py:115} INFO - [2023-07-11 22:53:15,275] {dag.py:2972} INFO - Setting next_dagrun for example_short_circuit_operator to 2023-07-10T22:53:15.275206+00:00, run_after=2023-07-11T22:53:15.275206+00:00
[2023-07-11 22:53:15,290] {processor.py:161} INFO - Processing /home/airflow/.local/lib/python3.7/site-packages/airflow/example_dags/example_short_circuit_operator.py took 0.107 seconds
[2023-07-11 22:53:46,394] {processor.py:153} INFO - Started process (PID=1445) to work on /home/airflow/.local/lib/python3.7/site-packages/airflow/example_dags/example_short_circuit_operator.py
[2023-07-11 22:53:46,396] {processor.py:641} INFO - Processing file /home/airflow/.local/lib/python3.7/site-packages/airflow/example_dags/example_short_circuit_operator.py for tasks to queue
[2023-07-11 22:53:46,397] {logging_mixin.py:115} INFO - [2023-07-11 22:53:46,397] {dagbag.py:508} INFO - Filling up the DagBag from /home/airflow/.local/lib/python3.7/site-packages/airflow/example_dags/example_short_circuit_operator.py
[2023-07-11 22:53:46,422] {processor.py:651} INFO - DAG(s) dict_keys(['example_short_circuit_operator']) retrieved from /home/airflow/.local/lib/python3.7/site-packages/airflow/example_dags/example_short_circuit_operator.py
[2023-07-11 22:53:46,580] {logging_mixin.py:115} INFO - [2023-07-11 22:53:46,580] {dag.py:2420} INFO - Sync 1 DAGs
[2023-07-11 22:53:46,719] {logging_mixin.py:115} INFO - [2023-07-11 22:53:46,719] {dag.py:2972} INFO - Setting next_dagrun for example_short_circuit_operator to 2023-07-10T22:53:46.718927+00:00, run_after=2023-07-11T22:53:46.718927+00:00
[2023-07-11 22:53:46,798] {processor.py:161} INFO - Processing /home/airflow/.local/lib/python3.7/site-packages/airflow/example_dags/example_short_circuit_operator.py took 0.418 seconds
[2023-07-11 22:54:16,885] {processor.py:153} INFO - Started process (PID=1496) to work on /home/airflow/.local/lib/python3.7/site-packages/airflow/example_dags/example_short_circuit_operator.py
[2023-07-11 22:54:16,886] {processor.py:641} INFO - Processing file /home/airflow/.local/lib/python3.7/site-packages/airflow/example_dags/example_short_circuit_operator.py for tasks to queue
[2023-07-11 22:54:16,887] {logging_mixin.py:115} INFO - [2023-07-11 22:54:16,887] {dagbag.py:508} INFO - Filling up the DagBag from /home/airflow/.local/lib/python3.7/site-packages/airflow/example_dags/example_short_circuit_operator.py
[2023-07-11 22:54:16,913] {processor.py:651} INFO - DAG(s) dict_keys(['example_short_circuit_operator']) retrieved from /home/airflow/.local/lib/python3.7/site-packages/airflow/example_dags/example_short_circuit_operator.py
[2023-07-11 22:54:16,981] {logging_mixin.py:115} INFO - [2023-07-11 22:54:16,981] {dag.py:2420} INFO - Sync 1 DAGs
[2023-07-11 22:54:17,037] {logging_mixin.py:115} INFO - [2023-07-11 22:54:17,036] {dag.py:2972} INFO - Setting next_dagrun for example_short_circuit_operator to 2023-07-10T22:54:17.035897+00:00, run_after=2023-07-11T22:54:17.035897+00:00
[2023-07-11 22:54:17,079] {processor.py:161} INFO - Processing /home/airflow/.local/lib/python3.7/site-packages/airflow/example_dags/example_short_circuit_operator.py took 0.200 seconds
[2023-07-11 22:54:47,439] {processor.py:153} INFO - Started process (PID=1547) to work on /home/airflow/.local/lib/python3.7/site-packages/airflow/example_dags/example_short_circuit_operator.py
[2023-07-11 22:54:47,440] {processor.py:641} INFO - Processing file /home/airflow/.local/lib/python3.7/site-packages/airflow/example_dags/example_short_circuit_operator.py for tasks to queue
[2023-07-11 22:54:47,441] {logging_mixin.py:115} INFO - [2023-07-11 22:54:47,441] {dagbag.py:508} INFO - Filling up the DagBag from /home/airflow/.local/lib/python3.7/site-packages/airflow/example_dags/example_short_circuit_operator.py
[2023-07-11 22:54:47,453] {processor.py:651} INFO - DAG(s) dict_keys(['example_short_circuit_operator']) retrieved from /home/airflow/.local/lib/python3.7/site-packages/airflow/example_dags/example_short_circuit_operator.py
[2023-07-11 22:54:47,490] {logging_mixin.py:115} INFO - [2023-07-11 22:54:47,490] {dag.py:2420} INFO - Sync 1 DAGs
[2023-07-11 22:54:47,517] {logging_mixin.py:115} INFO - [2023-07-11 22:54:47,517] {dag.py:2972} INFO - Setting next_dagrun for example_short_circuit_operator to 2023-07-10T22:54:47.517543+00:00, run_after=2023-07-11T22:54:47.517543+00:00
[2023-07-11 22:54:47,532] {processor.py:161} INFO - Processing /home/airflow/.local/lib/python3.7/site-packages/airflow/example_dags/example_short_circuit_operator.py took 0.101 seconds
[2023-07-11 22:55:18,709] {processor.py:153} INFO - Started process (PID=1599) to work on /home/airflow/.local/lib/python3.7/site-packages/airflow/example_dags/example_short_circuit_operator.py
[2023-07-11 22:55:18,710] {processor.py:641} INFO - Processing file /home/airflow/.local/lib/python3.7/site-packages/airflow/example_dags/example_short_circuit_operator.py for tasks to queue
[2023-07-11 22:55:18,713] {logging_mixin.py:115} INFO - [2023-07-11 22:55:18,712] {dagbag.py:508} INFO - Filling up the DagBag from /home/airflow/.local/lib/python3.7/site-packages/airflow/example_dags/example_short_circuit_operator.py
[2023-07-11 22:55:18,729] {processor.py:651} INFO - DAG(s) dict_keys(['example_short_circuit_operator']) retrieved from /home/airflow/.local/lib/python3.7/site-packages/airflow/example_dags/example_short_circuit_operator.py
[2023-07-11 22:55:18,789] {logging_mixin.py:115} INFO - [2023-07-11 22:55:18,789] {dag.py:2420} INFO - Sync 1 DAGs
[2023-07-11 22:55:18,851] {logging_mixin.py:115} INFO - [2023-07-11 22:55:18,850] {dag.py:2972} INFO - Setting next_dagrun for example_short_circuit_operator to 2023-07-10T22:55:18.850650+00:00, run_after=2023-07-11T22:55:18.850650+00:00
[2023-07-11 22:55:18,877] {processor.py:161} INFO - Processing /home/airflow/.local/lib/python3.7/site-packages/airflow/example_dags/example_short_circuit_operator.py took 0.173 seconds
[2023-07-11 22:55:50,696] {processor.py:153} INFO - Started process (PID=1651) to work on /home/airflow/.local/lib/python3.7/site-packages/airflow/example_dags/example_short_circuit_operator.py
[2023-07-11 22:55:50,698] {processor.py:641} INFO - Processing file /home/airflow/.local/lib/python3.7/site-packages/airflow/example_dags/example_short_circuit_operator.py for tasks to queue
[2023-07-11 22:55:50,700] {logging_mixin.py:115} INFO - [2023-07-11 22:55:50,700] {dagbag.py:508} INFO - Filling up the DagBag from /home/airflow/.local/lib/python3.7/site-packages/airflow/example_dags/example_short_circuit_operator.py
[2023-07-11 22:55:50,734] {processor.py:651} INFO - DAG(s) dict_keys(['example_short_circuit_operator']) retrieved from /home/airflow/.local/lib/python3.7/site-packages/airflow/example_dags/example_short_circuit_operator.py
[2023-07-11 22:55:50,808] {logging_mixin.py:115} INFO - [2023-07-11 22:55:50,808] {dag.py:2420} INFO - Sync 1 DAGs
[2023-07-11 22:55:50,869] {logging_mixin.py:115} INFO - [2023-07-11 22:55:50,869] {dag.py:2972} INFO - Setting next_dagrun for example_short_circuit_operator to 2023-07-10T22:55:50.869142+00:00, run_after=2023-07-11T22:55:50.869142+00:00
[2023-07-11 22:55:50,931] {processor.py:161} INFO - Processing /home/airflow/.local/lib/python3.7/site-packages/airflow/example_dags/example_short_circuit_operator.py took 0.250 seconds
[2023-07-11 22:56:21,831] {processor.py:153} INFO - Started process (PID=1703) to work on /home/airflow/.local/lib/python3.7/site-packages/airflow/example_dags/example_short_circuit_operator.py
[2023-07-11 22:56:21,831] {processor.py:641} INFO - Processing file /home/airflow/.local/lib/python3.7/site-packages/airflow/example_dags/example_short_circuit_operator.py for tasks to queue
[2023-07-11 22:56:21,832] {logging_mixin.py:115} INFO - [2023-07-11 22:56:21,832] {dagbag.py:508} INFO - Filling up the DagBag from /home/airflow/.local/lib/python3.7/site-packages/airflow/example_dags/example_short_circuit_operator.py
[2023-07-11 22:56:21,859] {processor.py:651} INFO - DAG(s) dict_keys(['example_short_circuit_operator']) retrieved from /home/airflow/.local/lib/python3.7/site-packages/airflow/example_dags/example_short_circuit_operator.py
[2023-07-11 22:56:21,958] {logging_mixin.py:115} INFO - [2023-07-11 22:56:21,958] {dag.py:2420} INFO - Sync 1 DAGs
[2023-07-11 22:56:22,100] {logging_mixin.py:115} INFO - [2023-07-11 22:56:22,100] {dag.py:2972} INFO - Setting next_dagrun for example_short_circuit_operator to 2023-07-10T22:56:22.099657+00:00, run_after=2023-07-11T22:56:22.099657+00:00
[2023-07-11 22:56:22,193] {processor.py:161} INFO - Processing /home/airflow/.local/lib/python3.7/site-packages/airflow/example_dags/example_short_circuit_operator.py took 0.373 seconds
[2023-07-11 22:56:52,509] {processor.py:153} INFO - Started process (PID=1764) to work on /home/airflow/.local/lib/python3.7/site-packages/airflow/example_dags/example_short_circuit_operator.py
[2023-07-11 22:56:52,510] {processor.py:641} INFO - Processing file /home/airflow/.local/lib/python3.7/site-packages/airflow/example_dags/example_short_circuit_operator.py for tasks to queue
[2023-07-11 22:56:52,511] {logging_mixin.py:115} INFO - [2023-07-11 22:56:52,511] {dagbag.py:508} INFO - Filling up the DagBag from /home/airflow/.local/lib/python3.7/site-packages/airflow/example_dags/example_short_circuit_operator.py
[2023-07-11 22:56:52,540] {processor.py:651} INFO - DAG(s) dict_keys(['example_short_circuit_operator']) retrieved from /home/airflow/.local/lib/python3.7/site-packages/airflow/example_dags/example_short_circuit_operator.py
[2023-07-11 22:56:52,623] {logging_mixin.py:115} INFO - [2023-07-11 22:56:52,623] {dag.py:2420} INFO - Sync 1 DAGs
[2023-07-11 22:56:52,686] {logging_mixin.py:115} INFO - [2023-07-11 22:56:52,686] {dag.py:2972} INFO - Setting next_dagrun for example_short_circuit_operator to 2023-07-10T22:56:52.685773+00:00, run_after=2023-07-11T22:56:52.685773+00:00
[2023-07-11 22:56:52,712] {processor.py:161} INFO - Processing /home/airflow/.local/lib/python3.7/site-packages/airflow/example_dags/example_short_circuit_operator.py took 0.214 seconds
[2023-07-11 22:57:22,978] {processor.py:153} INFO - Started process (PID=1815) to work on /home/airflow/.local/lib/python3.7/site-packages/airflow/example_dags/example_short_circuit_operator.py
[2023-07-11 22:57:22,979] {processor.py:641} INFO - Processing file /home/airflow/.local/lib/python3.7/site-packages/airflow/example_dags/example_short_circuit_operator.py for tasks to queue
[2023-07-11 22:57:22,981] {logging_mixin.py:115} INFO - [2023-07-11 22:57:22,981] {dagbag.py:508} INFO - Filling up the DagBag from /home/airflow/.local/lib/python3.7/site-packages/airflow/example_dags/example_short_circuit_operator.py
[2023-07-11 22:57:23,001] {processor.py:651} INFO - DAG(s) dict_keys(['example_short_circuit_operator']) retrieved from /home/airflow/.local/lib/python3.7/site-packages/airflow/example_dags/example_short_circuit_operator.py
[2023-07-11 22:57:23,045] {logging_mixin.py:115} INFO - [2023-07-11 22:57:23,045] {dag.py:2420} INFO - Sync 1 DAGs
[2023-07-11 22:57:23,083] {logging_mixin.py:115} INFO - [2023-07-11 22:57:23,083] {dag.py:2972} INFO - Setting next_dagrun for example_short_circuit_operator to 2023-07-10T22:57:23.083130+00:00, run_after=2023-07-11T22:57:23.083130+00:00
[2023-07-11 22:57:23,102] {processor.py:161} INFO - Processing /home/airflow/.local/lib/python3.7/site-packages/airflow/example_dags/example_short_circuit_operator.py took 0.129 seconds
[2023-07-11 22:57:53,431] {processor.py:153} INFO - Started process (PID=1867) to work on /home/airflow/.local/lib/python3.7/site-packages/airflow/example_dags/example_short_circuit_operator.py
[2023-07-11 22:57:53,431] {processor.py:641} INFO - Processing file /home/airflow/.local/lib/python3.7/site-packages/airflow/example_dags/example_short_circuit_operator.py for tasks to queue
[2023-07-11 22:57:53,433] {logging_mixin.py:115} INFO - [2023-07-11 22:57:53,432] {dagbag.py:508} INFO - Filling up the DagBag from /home/airflow/.local/lib/python3.7/site-packages/airflow/example_dags/example_short_circuit_operator.py
[2023-07-11 22:57:53,456] {processor.py:651} INFO - DAG(s) dict_keys(['example_short_circuit_operator']) retrieved from /home/airflow/.local/lib/python3.7/site-packages/airflow/example_dags/example_short_circuit_operator.py
[2023-07-11 22:57:53,498] {logging_mixin.py:115} INFO - [2023-07-11 22:57:53,498] {dag.py:2420} INFO - Sync 1 DAGs
[2023-07-11 22:57:53,533] {logging_mixin.py:115} INFO - [2023-07-11 22:57:53,533] {dag.py:2972} INFO - Setting next_dagrun for example_short_circuit_operator to 2023-07-10T22:57:53.533024+00:00, run_after=2023-07-11T22:57:53.533024+00:00
[2023-07-11 22:57:53,555] {processor.py:161} INFO - Processing /home/airflow/.local/lib/python3.7/site-packages/airflow/example_dags/example_short_circuit_operator.py took 0.129 seconds
[2023-07-11 22:58:24,353] {processor.py:153} INFO - Started process (PID=1919) to work on /home/airflow/.local/lib/python3.7/site-packages/airflow/example_dags/example_short_circuit_operator.py
[2023-07-11 22:58:24,355] {processor.py:641} INFO - Processing file /home/airflow/.local/lib/python3.7/site-packages/airflow/example_dags/example_short_circuit_operator.py for tasks to queue
[2023-07-11 22:58:24,356] {logging_mixin.py:115} INFO - [2023-07-11 22:58:24,355] {dagbag.py:508} INFO - Filling up the DagBag from /home/airflow/.local/lib/python3.7/site-packages/airflow/example_dags/example_short_circuit_operator.py
[2023-07-11 22:58:24,379] {processor.py:651} INFO - DAG(s) dict_keys(['example_short_circuit_operator']) retrieved from /home/airflow/.local/lib/python3.7/site-packages/airflow/example_dags/example_short_circuit_operator.py
[2023-07-11 22:58:24,437] {logging_mixin.py:115} INFO - [2023-07-11 22:58:24,437] {dag.py:2420} INFO - Sync 1 DAGs
[2023-07-11 22:58:24,489] {logging_mixin.py:115} INFO - [2023-07-11 22:58:24,489] {dag.py:2972} INFO - Setting next_dagrun for example_short_circuit_operator to 2023-07-10T22:58:24.488554+00:00, run_after=2023-07-11T22:58:24.488554+00:00
[2023-07-11 22:58:24,519] {processor.py:161} INFO - Processing /home/airflow/.local/lib/python3.7/site-packages/airflow/example_dags/example_short_circuit_operator.py took 0.173 seconds
[2023-07-11 22:58:55,147] {processor.py:153} INFO - Started process (PID=1977) to work on /home/airflow/.local/lib/python3.7/site-packages/airflow/example_dags/example_short_circuit_operator.py
[2023-07-11 22:58:55,152] {processor.py:641} INFO - Processing file /home/airflow/.local/lib/python3.7/site-packages/airflow/example_dags/example_short_circuit_operator.py for tasks to queue
[2023-07-11 22:58:55,153] {logging_mixin.py:115} INFO - [2023-07-11 22:58:55,153] {dagbag.py:508} INFO - Filling up the DagBag from /home/airflow/.local/lib/python3.7/site-packages/airflow/example_dags/example_short_circuit_operator.py
[2023-07-11 22:58:55,227] {processor.py:651} INFO - DAG(s) dict_keys(['example_short_circuit_operator']) retrieved from /home/airflow/.local/lib/python3.7/site-packages/airflow/example_dags/example_short_circuit_operator.py
[2023-07-11 22:58:55,291] {logging_mixin.py:115} INFO - [2023-07-11 22:58:55,291] {dag.py:2420} INFO - Sync 1 DAGs
[2023-07-11 22:58:55,400] {logging_mixin.py:115} INFO - [2023-07-11 22:58:55,400] {dag.py:2972} INFO - Setting next_dagrun for example_short_circuit_operator to 2023-07-10T22:58:55.399671+00:00, run_after=2023-07-11T22:58:55.399671+00:00
[2023-07-11 22:58:55,442] {processor.py:161} INFO - Processing /home/airflow/.local/lib/python3.7/site-packages/airflow/example_dags/example_short_circuit_operator.py took 0.311 seconds
[2023-07-11 22:59:26,084] {processor.py:153} INFO - Started process (PID=2031) to work on /home/airflow/.local/lib/python3.7/site-packages/airflow/example_dags/example_short_circuit_operator.py
[2023-07-11 22:59:26,085] {processor.py:641} INFO - Processing file /home/airflow/.local/lib/python3.7/site-packages/airflow/example_dags/example_short_circuit_operator.py for tasks to queue
[2023-07-11 22:59:26,086] {logging_mixin.py:115} INFO - [2023-07-11 22:59:26,085] {dagbag.py:508} INFO - Filling up the DagBag from /home/airflow/.local/lib/python3.7/site-packages/airflow/example_dags/example_short_circuit_operator.py
[2023-07-11 22:59:26,101] {processor.py:651} INFO - DAG(s) dict_keys(['example_short_circuit_operator']) retrieved from /home/airflow/.local/lib/python3.7/site-packages/airflow/example_dags/example_short_circuit_operator.py
[2023-07-11 22:59:26,137] {logging_mixin.py:115} INFO - [2023-07-11 22:59:26,137] {dag.py:2420} INFO - Sync 1 DAGs
[2023-07-11 22:59:26,169] {logging_mixin.py:115} INFO - [2023-07-11 22:59:26,168] {dag.py:2972} INFO - Setting next_dagrun for example_short_circuit_operator to 2023-07-10T22:59:26.168625+00:00, run_after=2023-07-11T22:59:26.168625+00:00
[2023-07-11 22:59:26,183] {processor.py:161} INFO - Processing /home/airflow/.local/lib/python3.7/site-packages/airflow/example_dags/example_short_circuit_operator.py took 0.103 seconds
[2023-07-11 22:59:56,734] {processor.py:153} INFO - Started process (PID=2083) to work on /home/airflow/.local/lib/python3.7/site-packages/airflow/example_dags/example_short_circuit_operator.py
[2023-07-11 22:59:56,736] {processor.py:641} INFO - Processing file /home/airflow/.local/lib/python3.7/site-packages/airflow/example_dags/example_short_circuit_operator.py for tasks to queue
[2023-07-11 22:59:56,738] {logging_mixin.py:115} INFO - [2023-07-11 22:59:56,738] {dagbag.py:508} INFO - Filling up the DagBag from /home/airflow/.local/lib/python3.7/site-packages/airflow/example_dags/example_short_circuit_operator.py
[2023-07-11 22:59:56,773] {processor.py:651} INFO - DAG(s) dict_keys(['example_short_circuit_operator']) retrieved from /home/airflow/.local/lib/python3.7/site-packages/airflow/example_dags/example_short_circuit_operator.py
[2023-07-11 22:59:56,845] {logging_mixin.py:115} INFO - [2023-07-11 22:59:56,845] {dag.py:2420} INFO - Sync 1 DAGs
[2023-07-11 22:59:56,927] {logging_mixin.py:115} INFO - [2023-07-11 22:59:56,926] {dag.py:2972} INFO - Setting next_dagrun for example_short_circuit_operator to 2023-07-10T22:59:56.926509+00:00, run_after=2023-07-11T22:59:56.926509+00:00
[2023-07-11 22:59:56,970] {processor.py:161} INFO - Processing /home/airflow/.local/lib/python3.7/site-packages/airflow/example_dags/example_short_circuit_operator.py took 0.247 seconds
[2023-07-11 23:00:27,112] {processor.py:153} INFO - Started process (PID=2135) to work on /home/airflow/.local/lib/python3.7/site-packages/airflow/example_dags/example_short_circuit_operator.py
[2023-07-11 23:00:27,113] {processor.py:641} INFO - Processing file /home/airflow/.local/lib/python3.7/site-packages/airflow/example_dags/example_short_circuit_operator.py for tasks to queue
[2023-07-11 23:00:27,114] {logging_mixin.py:115} INFO - [2023-07-11 23:00:27,114] {dagbag.py:508} INFO - Filling up the DagBag from /home/airflow/.local/lib/python3.7/site-packages/airflow/example_dags/example_short_circuit_operator.py
[2023-07-11 23:00:27,133] {processor.py:651} INFO - DAG(s) dict_keys(['example_short_circuit_operator']) retrieved from /home/airflow/.local/lib/python3.7/site-packages/airflow/example_dags/example_short_circuit_operator.py
[2023-07-11 23:00:27,179] {logging_mixin.py:115} INFO - [2023-07-11 23:00:27,179] {dag.py:2420} INFO - Sync 1 DAGs
[2023-07-11 23:00:27,209] {logging_mixin.py:115} INFO - [2023-07-11 23:00:27,208] {dag.py:2972} INFO - Setting next_dagrun for example_short_circuit_operator to 2023-07-10T23:00:27.208564+00:00, run_after=2023-07-11T23:00:27.208564+00:00
[2023-07-11 23:00:27,225] {processor.py:161} INFO - Processing /home/airflow/.local/lib/python3.7/site-packages/airflow/example_dags/example_short_circuit_operator.py took 0.116 seconds
[2023-07-11 23:00:57,533] {processor.py:153} INFO - Started process (PID=2188) to work on /home/airflow/.local/lib/python3.7/site-packages/airflow/example_dags/example_short_circuit_operator.py
[2023-07-11 23:00:57,534] {processor.py:641} INFO - Processing file /home/airflow/.local/lib/python3.7/site-packages/airflow/example_dags/example_short_circuit_operator.py for tasks to queue
[2023-07-11 23:00:57,535] {logging_mixin.py:115} INFO - [2023-07-11 23:00:57,535] {dagbag.py:508} INFO - Filling up the DagBag from /home/airflow/.local/lib/python3.7/site-packages/airflow/example_dags/example_short_circuit_operator.py
[2023-07-11 23:00:57,551] {processor.py:651} INFO - DAG(s) dict_keys(['example_short_circuit_operator']) retrieved from /home/airflow/.local/lib/python3.7/site-packages/airflow/example_dags/example_short_circuit_operator.py
[2023-07-11 23:00:57,593] {logging_mixin.py:115} INFO - [2023-07-11 23:00:57,593] {dag.py:2420} INFO - Sync 1 DAGs
[2023-07-11 23:00:57,636] {logging_mixin.py:115} INFO - [2023-07-11 23:00:57,636] {dag.py:2972} INFO - Setting next_dagrun for example_short_circuit_operator to 2023-07-10T23:00:57.635698+00:00, run_after=2023-07-11T23:00:57.635698+00:00
[2023-07-11 23:00:57,654] {processor.py:161} INFO - Processing /home/airflow/.local/lib/python3.7/site-packages/airflow/example_dags/example_short_circuit_operator.py took 0.126 seconds
[2023-07-11 23:01:28,287] {processor.py:153} INFO - Started process (PID=2240) to work on /home/airflow/.local/lib/python3.7/site-packages/airflow/example_dags/example_short_circuit_operator.py
[2023-07-11 23:01:28,288] {processor.py:641} INFO - Processing file /home/airflow/.local/lib/python3.7/site-packages/airflow/example_dags/example_short_circuit_operator.py for tasks to queue
[2023-07-11 23:01:28,289] {logging_mixin.py:115} INFO - [2023-07-11 23:01:28,289] {dagbag.py:508} INFO - Filling up the DagBag from /home/airflow/.local/lib/python3.7/site-packages/airflow/example_dags/example_short_circuit_operator.py
[2023-07-11 23:01:28,319] {processor.py:651} INFO - DAG(s) dict_keys(['example_short_circuit_operator']) retrieved from /home/airflow/.local/lib/python3.7/site-packages/airflow/example_dags/example_short_circuit_operator.py
[2023-07-11 23:01:28,393] {logging_mixin.py:115} INFO - [2023-07-11 23:01:28,393] {dag.py:2420} INFO - Sync 1 DAGs
[2023-07-11 23:01:28,456] {logging_mixin.py:115} INFO - [2023-07-11 23:01:28,456] {dag.py:2972} INFO - Setting next_dagrun for example_short_circuit_operator to 2023-07-10T23:01:28.455691+00:00, run_after=2023-07-11T23:01:28.455691+00:00
[2023-07-11 23:01:28,515] {processor.py:161} INFO - Processing /home/airflow/.local/lib/python3.7/site-packages/airflow/example_dags/example_short_circuit_operator.py took 0.236 seconds
[2023-07-11 23:01:58,811] {processor.py:153} INFO - Started process (PID=2290) to work on /home/airflow/.local/lib/python3.7/site-packages/airflow/example_dags/example_short_circuit_operator.py
[2023-07-11 23:01:58,815] {processor.py:641} INFO - Processing file /home/airflow/.local/lib/python3.7/site-packages/airflow/example_dags/example_short_circuit_operator.py for tasks to queue
[2023-07-11 23:01:58,815] {logging_mixin.py:115} INFO - [2023-07-11 23:01:58,815] {dagbag.py:508} INFO - Filling up the DagBag from /home/airflow/.local/lib/python3.7/site-packages/airflow/example_dags/example_short_circuit_operator.py
[2023-07-11 23:01:58,841] {processor.py:651} INFO - DAG(s) dict_keys(['example_short_circuit_operator']) retrieved from /home/airflow/.local/lib/python3.7/site-packages/airflow/example_dags/example_short_circuit_operator.py
[2023-07-11 23:01:58,959] {logging_mixin.py:115} INFO - [2023-07-11 23:01:58,958] {dag.py:2420} INFO - Sync 1 DAGs
[2023-07-11 23:01:59,038] {logging_mixin.py:115} INFO - [2023-07-11 23:01:59,037] {dag.py:2972} INFO - Setting next_dagrun for example_short_circuit_operator to 2023-07-10T23:01:59.037397+00:00, run_after=2023-07-11T23:01:59.037397+00:00
[2023-07-11 23:01:59,085] {processor.py:161} INFO - Processing /home/airflow/.local/lib/python3.7/site-packages/airflow/example_dags/example_short_circuit_operator.py took 0.296 seconds
[2023-07-11 23:02:30,001] {processor.py:153} INFO - Started process (PID=2351) to work on /home/airflow/.local/lib/python3.7/site-packages/airflow/example_dags/example_short_circuit_operator.py
[2023-07-11 23:02:30,003] {processor.py:641} INFO - Processing file /home/airflow/.local/lib/python3.7/site-packages/airflow/example_dags/example_short_circuit_operator.py for tasks to queue
[2023-07-11 23:02:30,004] {logging_mixin.py:115} INFO - [2023-07-11 23:02:30,004] {dagbag.py:508} INFO - Filling up the DagBag from /home/airflow/.local/lib/python3.7/site-packages/airflow/example_dags/example_short_circuit_operator.py
[2023-07-11 23:02:30,041] {processor.py:651} INFO - DAG(s) dict_keys(['example_short_circuit_operator']) retrieved from /home/airflow/.local/lib/python3.7/site-packages/airflow/example_dags/example_short_circuit_operator.py
[2023-07-11 23:02:30,114] {logging_mixin.py:115} INFO - [2023-07-11 23:02:30,113] {dag.py:2420} INFO - Sync 1 DAGs
[2023-07-11 23:02:30,196] {logging_mixin.py:115} INFO - [2023-07-11 23:02:30,196] {dag.py:2972} INFO - Setting next_dagrun for example_short_circuit_operator to 2023-07-10T23:02:30.196262+00:00, run_after=2023-07-11T23:02:30.196262+00:00
[2023-07-11 23:02:30,243] {processor.py:161} INFO - Processing /home/airflow/.local/lib/python3.7/site-packages/airflow/example_dags/example_short_circuit_operator.py took 0.248 seconds
[2023-07-11 23:03:00,400] {processor.py:153} INFO - Started process (PID=2403) to work on /home/airflow/.local/lib/python3.7/site-packages/airflow/example_dags/example_short_circuit_operator.py
[2023-07-11 23:03:00,401] {processor.py:641} INFO - Processing file /home/airflow/.local/lib/python3.7/site-packages/airflow/example_dags/example_short_circuit_operator.py for tasks to queue
[2023-07-11 23:03:00,402] {logging_mixin.py:115} INFO - [2023-07-11 23:03:00,401] {dagbag.py:508} INFO - Filling up the DagBag from /home/airflow/.local/lib/python3.7/site-packages/airflow/example_dags/example_short_circuit_operator.py
[2023-07-11 23:03:00,423] {processor.py:651} INFO - DAG(s) dict_keys(['example_short_circuit_operator']) retrieved from /home/airflow/.local/lib/python3.7/site-packages/airflow/example_dags/example_short_circuit_operator.py
[2023-07-11 23:03:00,481] {logging_mixin.py:115} INFO - [2023-07-11 23:03:00,480] {dag.py:2420} INFO - Sync 1 DAGs
[2023-07-11 23:03:00,553] {logging_mixin.py:115} INFO - [2023-07-11 23:03:00,552] {dag.py:2972} INFO - Setting next_dagrun for example_short_circuit_operator to 2023-07-10T23:03:00.552025+00:00, run_after=2023-07-11T23:03:00.552025+00:00
[2023-07-11 23:03:00,590] {processor.py:161} INFO - Processing /home/airflow/.local/lib/python3.7/site-packages/airflow/example_dags/example_short_circuit_operator.py took 0.195 seconds
[2023-07-11 23:03:31,242] {processor.py:153} INFO - Started process (PID=2455) to work on /home/airflow/.local/lib/python3.7/site-packages/airflow/example_dags/example_short_circuit_operator.py
[2023-07-11 23:03:31,249] {processor.py:641} INFO - Processing file /home/airflow/.local/lib/python3.7/site-packages/airflow/example_dags/example_short_circuit_operator.py for tasks to queue
[2023-07-11 23:03:31,250] {logging_mixin.py:115} INFO - [2023-07-11 23:03:31,250] {dagbag.py:508} INFO - Filling up the DagBag from /home/airflow/.local/lib/python3.7/site-packages/airflow/example_dags/example_short_circuit_operator.py
[2023-07-11 23:03:31,303] {processor.py:651} INFO - DAG(s) dict_keys(['example_short_circuit_operator']) retrieved from /home/airflow/.local/lib/python3.7/site-packages/airflow/example_dags/example_short_circuit_operator.py
[2023-07-11 23:03:31,426] {logging_mixin.py:115} INFO - [2023-07-11 23:03:31,426] {dag.py:2420} INFO - Sync 1 DAGs
[2023-07-11 23:03:31,543] {logging_mixin.py:115} INFO - [2023-07-11 23:03:31,542] {dag.py:2972} INFO - Setting next_dagrun for example_short_circuit_operator to 2023-07-10T23:03:31.542529+00:00, run_after=2023-07-11T23:03:31.542529+00:00
[2023-07-11 23:03:31,593] {processor.py:161} INFO - Processing /home/airflow/.local/lib/python3.7/site-packages/airflow/example_dags/example_short_circuit_operator.py took 0.364 seconds
[2023-07-11 23:04:01,697] {processor.py:153} INFO - Started process (PID=2506) to work on /home/airflow/.local/lib/python3.7/site-packages/airflow/example_dags/example_short_circuit_operator.py
[2023-07-11 23:04:01,710] {processor.py:641} INFO - Processing file /home/airflow/.local/lib/python3.7/site-packages/airflow/example_dags/example_short_circuit_operator.py for tasks to queue
[2023-07-11 23:04:01,711] {logging_mixin.py:115} INFO - [2023-07-11 23:04:01,711] {dagbag.py:508} INFO - Filling up the DagBag from /home/airflow/.local/lib/python3.7/site-packages/airflow/example_dags/example_short_circuit_operator.py
[2023-07-11 23:04:01,754] {processor.py:651} INFO - DAG(s) dict_keys(['example_short_circuit_operator']) retrieved from /home/airflow/.local/lib/python3.7/site-packages/airflow/example_dags/example_short_circuit_operator.py
[2023-07-11 23:04:01,889] {logging_mixin.py:115} INFO - [2023-07-11 23:04:01,889] {dag.py:2420} INFO - Sync 1 DAGs
[2023-07-11 23:04:01,967] {logging_mixin.py:115} INFO - [2023-07-11 23:04:01,966] {dag.py:2972} INFO - Setting next_dagrun for example_short_circuit_operator to 2023-07-10T23:04:01.966248+00:00, run_after=2023-07-11T23:04:01.966248+00:00
[2023-07-11 23:04:02,038] {processor.py:161} INFO - Processing /home/airflow/.local/lib/python3.7/site-packages/airflow/example_dags/example_short_circuit_operator.py took 0.348 seconds
[2023-07-11 23:04:32,899] {processor.py:153} INFO - Started process (PID=2567) to work on /home/airflow/.local/lib/python3.7/site-packages/airflow/example_dags/example_short_circuit_operator.py
[2023-07-11 23:04:32,903] {processor.py:641} INFO - Processing file /home/airflow/.local/lib/python3.7/site-packages/airflow/example_dags/example_short_circuit_operator.py for tasks to queue
[2023-07-11 23:04:32,904] {logging_mixin.py:115} INFO - [2023-07-11 23:04:32,904] {dagbag.py:508} INFO - Filling up the DagBag from /home/airflow/.local/lib/python3.7/site-packages/airflow/example_dags/example_short_circuit_operator.py
[2023-07-11 23:04:32,944] {processor.py:651} INFO - DAG(s) dict_keys(['example_short_circuit_operator']) retrieved from /home/airflow/.local/lib/python3.7/site-packages/airflow/example_dags/example_short_circuit_operator.py
[2023-07-11 23:04:33,115] {logging_mixin.py:115} INFO - [2023-07-11 23:04:33,114] {dag.py:2420} INFO - Sync 1 DAGs
[2023-07-11 23:04:33,276] {logging_mixin.py:115} INFO - [2023-07-11 23:04:33,276] {dag.py:2972} INFO - Setting next_dagrun for example_short_circuit_operator to 2023-07-10T23:04:33.275650+00:00, run_after=2023-07-11T23:04:33.275650+00:00
[2023-07-11 23:04:33,333] {processor.py:161} INFO - Processing /home/airflow/.local/lib/python3.7/site-packages/airflow/example_dags/example_short_circuit_operator.py took 0.452 seconds
[2023-07-11 23:05:03,667] {processor.py:153} INFO - Started process (PID=2619) to work on /home/airflow/.local/lib/python3.7/site-packages/airflow/example_dags/example_short_circuit_operator.py
[2023-07-11 23:05:03,668] {processor.py:641} INFO - Processing file /home/airflow/.local/lib/python3.7/site-packages/airflow/example_dags/example_short_circuit_operator.py for tasks to queue
[2023-07-11 23:05:03,669] {logging_mixin.py:115} INFO - [2023-07-11 23:05:03,669] {dagbag.py:508} INFO - Filling up the DagBag from /home/airflow/.local/lib/python3.7/site-packages/airflow/example_dags/example_short_circuit_operator.py
[2023-07-11 23:05:03,689] {processor.py:651} INFO - DAG(s) dict_keys(['example_short_circuit_operator']) retrieved from /home/airflow/.local/lib/python3.7/site-packages/airflow/example_dags/example_short_circuit_operator.py
[2023-07-11 23:05:03,748] {logging_mixin.py:115} INFO - [2023-07-11 23:05:03,748] {dag.py:2420} INFO - Sync 1 DAGs
[2023-07-11 23:05:03,792] {logging_mixin.py:115} INFO - [2023-07-11 23:05:03,792] {dag.py:2972} INFO - Setting next_dagrun for example_short_circuit_operator to 2023-07-10T23:05:03.791859+00:00, run_after=2023-07-11T23:05:03.791859+00:00
[2023-07-11 23:05:03,811] {processor.py:161} INFO - Processing /home/airflow/.local/lib/python3.7/site-packages/airflow/example_dags/example_short_circuit_operator.py took 0.152 seconds
[2023-07-11 23:05:34,324] {processor.py:153} INFO - Started process (PID=2671) to work on /home/airflow/.local/lib/python3.7/site-packages/airflow/example_dags/example_short_circuit_operator.py
[2023-07-11 23:05:34,326] {processor.py:641} INFO - Processing file /home/airflow/.local/lib/python3.7/site-packages/airflow/example_dags/example_short_circuit_operator.py for tasks to queue
[2023-07-11 23:05:34,327] {logging_mixin.py:115} INFO - [2023-07-11 23:05:34,327] {dagbag.py:508} INFO - Filling up the DagBag from /home/airflow/.local/lib/python3.7/site-packages/airflow/example_dags/example_short_circuit_operator.py
[2023-07-11 23:05:34,341] {processor.py:651} INFO - DAG(s) dict_keys(['example_short_circuit_operator']) retrieved from /home/airflow/.local/lib/python3.7/site-packages/airflow/example_dags/example_short_circuit_operator.py
[2023-07-11 23:05:34,384] {logging_mixin.py:115} INFO - [2023-07-11 23:05:34,384] {dag.py:2420} INFO - Sync 1 DAGs
[2023-07-11 23:05:34,436] {logging_mixin.py:115} INFO - [2023-07-11 23:05:34,435] {dag.py:2972} INFO - Setting next_dagrun for example_short_circuit_operator to 2023-07-10T23:05:34.435491+00:00, run_after=2023-07-11T23:05:34.435491+00:00
[2023-07-11 23:05:34,460] {processor.py:161} INFO - Processing /home/airflow/.local/lib/python3.7/site-packages/airflow/example_dags/example_short_circuit_operator.py took 0.142 seconds
[2023-07-11 23:06:04,792] {processor.py:153} INFO - Started process (PID=2723) to work on /home/airflow/.local/lib/python3.7/site-packages/airflow/example_dags/example_short_circuit_operator.py
[2023-07-11 23:06:04,795] {processor.py:641} INFO - Processing file /home/airflow/.local/lib/python3.7/site-packages/airflow/example_dags/example_short_circuit_operator.py for tasks to queue
[2023-07-11 23:06:04,796] {logging_mixin.py:115} INFO - [2023-07-11 23:06:04,795] {dagbag.py:508} INFO - Filling up the DagBag from /home/airflow/.local/lib/python3.7/site-packages/airflow/example_dags/example_short_circuit_operator.py
[2023-07-11 23:06:04,826] {processor.py:651} INFO - DAG(s) dict_keys(['example_short_circuit_operator']) retrieved from /home/airflow/.local/lib/python3.7/site-packages/airflow/example_dags/example_short_circuit_operator.py
[2023-07-11 23:06:04,905] {logging_mixin.py:115} INFO - [2023-07-11 23:06:04,905] {dag.py:2420} INFO - Sync 1 DAGs
[2023-07-11 23:06:04,963] {logging_mixin.py:115} INFO - [2023-07-11 23:06:04,962] {dag.py:2972} INFO - Setting next_dagrun for example_short_circuit_operator to 2023-07-10T23:06:04.962070+00:00, run_after=2023-07-11T23:06:04.962070+00:00
[2023-07-11 23:06:04,994] {processor.py:161} INFO - Processing /home/airflow/.local/lib/python3.7/site-packages/airflow/example_dags/example_short_circuit_operator.py took 0.207 seconds
[2023-07-11 23:06:35,066] {processor.py:153} INFO - Started process (PID=2774) to work on /home/airflow/.local/lib/python3.7/site-packages/airflow/example_dags/example_short_circuit_operator.py
[2023-07-11 23:06:35,067] {processor.py:641} INFO - Processing file /home/airflow/.local/lib/python3.7/site-packages/airflow/example_dags/example_short_circuit_operator.py for tasks to queue
[2023-07-11 23:06:35,068] {logging_mixin.py:115} INFO - [2023-07-11 23:06:35,068] {dagbag.py:508} INFO - Filling up the DagBag from /home/airflow/.local/lib/python3.7/site-packages/airflow/example_dags/example_short_circuit_operator.py
[2023-07-11 23:06:35,091] {processor.py:651} INFO - DAG(s) dict_keys(['example_short_circuit_operator']) retrieved from /home/airflow/.local/lib/python3.7/site-packages/airflow/example_dags/example_short_circuit_operator.py
[2023-07-11 23:06:35,169] {logging_mixin.py:115} INFO - [2023-07-11 23:06:35,169] {dag.py:2420} INFO - Sync 1 DAGs
[2023-07-11 23:06:35,252] {logging_mixin.py:115} INFO - [2023-07-11 23:06:35,251] {dag.py:2972} INFO - Setting next_dagrun for example_short_circuit_operator to 2023-07-10T23:06:35.250838+00:00, run_after=2023-07-11T23:06:35.250838+00:00
[2023-07-11 23:06:35,296] {processor.py:161} INFO - Processing /home/airflow/.local/lib/python3.7/site-packages/airflow/example_dags/example_short_circuit_operator.py took 0.235 seconds
[2023-07-11 23:07:05,388] {processor.py:153} INFO - Started process (PID=2826) to work on /home/airflow/.local/lib/python3.7/site-packages/airflow/example_dags/example_short_circuit_operator.py
[2023-07-11 23:07:05,389] {processor.py:641} INFO - Processing file /home/airflow/.local/lib/python3.7/site-packages/airflow/example_dags/example_short_circuit_operator.py for tasks to queue
[2023-07-11 23:07:05,390] {logging_mixin.py:115} INFO - [2023-07-11 23:07:05,390] {dagbag.py:508} INFO - Filling up the DagBag from /home/airflow/.local/lib/python3.7/site-packages/airflow/example_dags/example_short_circuit_operator.py
[2023-07-11 23:07:05,425] {processor.py:651} INFO - DAG(s) dict_keys(['example_short_circuit_operator']) retrieved from /home/airflow/.local/lib/python3.7/site-packages/airflow/example_dags/example_short_circuit_operator.py
[2023-07-11 23:07:05,530] {logging_mixin.py:115} INFO - [2023-07-11 23:07:05,530] {dag.py:2420} INFO - Sync 1 DAGs
[2023-07-11 23:07:05,592] {logging_mixin.py:115} INFO - [2023-07-11 23:07:05,592] {dag.py:2972} INFO - Setting next_dagrun for example_short_circuit_operator to 2023-07-10T23:07:05.592303+00:00, run_after=2023-07-11T23:07:05.592303+00:00
[2023-07-11 23:07:05,621] {processor.py:161} INFO - Processing /home/airflow/.local/lib/python3.7/site-packages/airflow/example_dags/example_short_circuit_operator.py took 0.241 seconds
[2023-07-11 23:07:36,257] {processor.py:153} INFO - Started process (PID=2877) to work on /home/airflow/.local/lib/python3.7/site-packages/airflow/example_dags/example_short_circuit_operator.py
[2023-07-11 23:07:36,261] {processor.py:641} INFO - Processing file /home/airflow/.local/lib/python3.7/site-packages/airflow/example_dags/example_short_circuit_operator.py for tasks to queue
[2023-07-11 23:07:36,263] {logging_mixin.py:115} INFO - [2023-07-11 23:07:36,262] {dagbag.py:508} INFO - Filling up the DagBag from /home/airflow/.local/lib/python3.7/site-packages/airflow/example_dags/example_short_circuit_operator.py
[2023-07-11 23:07:36,317] {processor.py:651} INFO - DAG(s) dict_keys(['example_short_circuit_operator']) retrieved from /home/airflow/.local/lib/python3.7/site-packages/airflow/example_dags/example_short_circuit_operator.py
[2023-07-11 23:07:36,438] {logging_mixin.py:115} INFO - [2023-07-11 23:07:36,437] {dag.py:2420} INFO - Sync 1 DAGs
[2023-07-11 23:07:36,546] {logging_mixin.py:115} INFO - [2023-07-11 23:07:36,546] {dag.py:2972} INFO - Setting next_dagrun for example_short_circuit_operator to 2023-07-10T23:07:36.546012+00:00, run_after=2023-07-11T23:07:36.546012+00:00
[2023-07-11 23:07:36,610] {processor.py:161} INFO - Processing /home/airflow/.local/lib/python3.7/site-packages/airflow/example_dags/example_short_circuit_operator.py took 0.362 seconds
[2023-07-11 23:08:06,949] {processor.py:153} INFO - Started process (PID=2935) to work on /home/airflow/.local/lib/python3.7/site-packages/airflow/example_dags/example_short_circuit_operator.py
[2023-07-11 23:08:06,950] {processor.py:641} INFO - Processing file /home/airflow/.local/lib/python3.7/site-packages/airflow/example_dags/example_short_circuit_operator.py for tasks to queue
[2023-07-11 23:08:06,951] {logging_mixin.py:115} INFO - [2023-07-11 23:08:06,950] {dagbag.py:508} INFO - Filling up the DagBag from /home/airflow/.local/lib/python3.7/site-packages/airflow/example_dags/example_short_circuit_operator.py
[2023-07-11 23:08:06,979] {processor.py:651} INFO - DAG(s) dict_keys(['example_short_circuit_operator']) retrieved from /home/airflow/.local/lib/python3.7/site-packages/airflow/example_dags/example_short_circuit_operator.py
[2023-07-11 23:08:07,080] {logging_mixin.py:115} INFO - [2023-07-11 23:08:07,079] {dag.py:2420} INFO - Sync 1 DAGs
[2023-07-11 23:08:07,170] {logging_mixin.py:115} INFO - [2023-07-11 23:08:07,169] {dag.py:2972} INFO - Setting next_dagrun for example_short_circuit_operator to 2023-07-10T23:08:07.169328+00:00, run_after=2023-07-11T23:08:07.169328+00:00
[2023-07-11 23:08:07,237] {processor.py:161} INFO - Processing /home/airflow/.local/lib/python3.7/site-packages/airflow/example_dags/example_short_circuit_operator.py took 0.307 seconds
[2023-07-11 23:08:38,106] {processor.py:153} INFO - Started process (PID=2989) to work on /home/airflow/.local/lib/python3.7/site-packages/airflow/example_dags/example_short_circuit_operator.py
[2023-07-11 23:08:38,107] {processor.py:641} INFO - Processing file /home/airflow/.local/lib/python3.7/site-packages/airflow/example_dags/example_short_circuit_operator.py for tasks to queue
[2023-07-11 23:08:38,110] {logging_mixin.py:115} INFO - [2023-07-11 23:08:38,110] {dagbag.py:508} INFO - Filling up the DagBag from /home/airflow/.local/lib/python3.7/site-packages/airflow/example_dags/example_short_circuit_operator.py
[2023-07-11 23:08:38,144] {processor.py:651} INFO - DAG(s) dict_keys(['example_short_circuit_operator']) retrieved from /home/airflow/.local/lib/python3.7/site-packages/airflow/example_dags/example_short_circuit_operator.py
[2023-07-11 23:08:38,237] {logging_mixin.py:115} INFO - [2023-07-11 23:08:38,237] {dag.py:2420} INFO - Sync 1 DAGs
[2023-07-11 23:08:38,302] {logging_mixin.py:115} INFO - [2023-07-11 23:08:38,302] {dag.py:2972} INFO - Setting next_dagrun for example_short_circuit_operator to 2023-07-10T23:08:38.301730+00:00, run_after=2023-07-11T23:08:38.301730+00:00
[2023-07-11 23:08:38,336] {processor.py:161} INFO - Processing /home/airflow/.local/lib/python3.7/site-packages/airflow/example_dags/example_short_circuit_operator.py took 0.240 seconds
[2023-07-11 23:09:09,217] {processor.py:153} INFO - Started process (PID=3041) to work on /home/airflow/.local/lib/python3.7/site-packages/airflow/example_dags/example_short_circuit_operator.py
[2023-07-11 23:09:09,226] {processor.py:641} INFO - Processing file /home/airflow/.local/lib/python3.7/site-packages/airflow/example_dags/example_short_circuit_operator.py for tasks to queue
[2023-07-11 23:09:09,232] {logging_mixin.py:115} INFO - [2023-07-11 23:09:09,232] {dagbag.py:508} INFO - Filling up the DagBag from /home/airflow/.local/lib/python3.7/site-packages/airflow/example_dags/example_short_circuit_operator.py
[2023-07-11 23:09:09,291] {processor.py:651} INFO - DAG(s) dict_keys(['example_short_circuit_operator']) retrieved from /home/airflow/.local/lib/python3.7/site-packages/airflow/example_dags/example_short_circuit_operator.py
[2023-07-11 23:09:09,359] {logging_mixin.py:115} INFO - [2023-07-11 23:09:09,359] {dag.py:2420} INFO - Sync 1 DAGs
[2023-07-11 23:09:09,418] {logging_mixin.py:115} INFO - [2023-07-11 23:09:09,417] {dag.py:2972} INFO - Setting next_dagrun for example_short_circuit_operator to 2023-07-10T23:09:09.416934+00:00, run_after=2023-07-11T23:09:09.416934+00:00
[2023-07-11 23:09:09,473] {processor.py:161} INFO - Processing /home/airflow/.local/lib/python3.7/site-packages/airflow/example_dags/example_short_circuit_operator.py took 0.267 seconds
[2023-07-11 23:09:39,686] {processor.py:153} INFO - Started process (PID=3093) to work on /home/airflow/.local/lib/python3.7/site-packages/airflow/example_dags/example_short_circuit_operator.py
[2023-07-11 23:09:39,689] {processor.py:641} INFO - Processing file /home/airflow/.local/lib/python3.7/site-packages/airflow/example_dags/example_short_circuit_operator.py for tasks to queue
[2023-07-11 23:09:39,690] {logging_mixin.py:115} INFO - [2023-07-11 23:09:39,690] {dagbag.py:508} INFO - Filling up the DagBag from /home/airflow/.local/lib/python3.7/site-packages/airflow/example_dags/example_short_circuit_operator.py
[2023-07-11 23:09:39,724] {processor.py:651} INFO - DAG(s) dict_keys(['example_short_circuit_operator']) retrieved from /home/airflow/.local/lib/python3.7/site-packages/airflow/example_dags/example_short_circuit_operator.py
[2023-07-11 23:09:39,803] {logging_mixin.py:115} INFO - [2023-07-11 23:09:39,803] {dag.py:2420} INFO - Sync 1 DAGs
[2023-07-11 23:09:39,866] {logging_mixin.py:115} INFO - [2023-07-11 23:09:39,866] {dag.py:2972} INFO - Setting next_dagrun for example_short_circuit_operator to 2023-07-10T23:09:39.866275+00:00, run_after=2023-07-11T23:09:39.866275+00:00
[2023-07-11 23:09:39,916] {processor.py:161} INFO - Processing /home/airflow/.local/lib/python3.7/site-packages/airflow/example_dags/example_short_circuit_operator.py took 0.238 seconds
[2023-07-11 23:10:10,455] {processor.py:153} INFO - Started process (PID=3144) to work on /home/airflow/.local/lib/python3.7/site-packages/airflow/example_dags/example_short_circuit_operator.py
[2023-07-11 23:10:10,456] {processor.py:641} INFO - Processing file /home/airflow/.local/lib/python3.7/site-packages/airflow/example_dags/example_short_circuit_operator.py for tasks to queue
[2023-07-11 23:10:10,457] {logging_mixin.py:115} INFO - [2023-07-11 23:10:10,457] {dagbag.py:508} INFO - Filling up the DagBag from /home/airflow/.local/lib/python3.7/site-packages/airflow/example_dags/example_short_circuit_operator.py
[2023-07-11 23:10:10,479] {processor.py:651} INFO - DAG(s) dict_keys(['example_short_circuit_operator']) retrieved from /home/airflow/.local/lib/python3.7/site-packages/airflow/example_dags/example_short_circuit_operator.py
[2023-07-11 23:10:10,607] {logging_mixin.py:115} INFO - [2023-07-11 23:10:10,607] {dag.py:2420} INFO - Sync 1 DAGs
[2023-07-11 23:10:10,711] {logging_mixin.py:115} INFO - [2023-07-11 23:10:10,710] {dag.py:2972} INFO - Setting next_dagrun for example_short_circuit_operator to 2023-07-10T23:10:10.709995+00:00, run_after=2023-07-11T23:10:10.709995+00:00
[2023-07-11 23:10:10,758] {processor.py:161} INFO - Processing /home/airflow/.local/lib/python3.7/site-packages/airflow/example_dags/example_short_circuit_operator.py took 0.311 seconds
[2023-07-11 23:10:41,494] {processor.py:153} INFO - Started process (PID=3206) to work on /home/airflow/.local/lib/python3.7/site-packages/airflow/example_dags/example_short_circuit_operator.py
[2023-07-11 23:10:41,495] {processor.py:641} INFO - Processing file /home/airflow/.local/lib/python3.7/site-packages/airflow/example_dags/example_short_circuit_operator.py for tasks to queue
[2023-07-11 23:10:41,496] {logging_mixin.py:115} INFO - [2023-07-11 23:10:41,496] {dagbag.py:508} INFO - Filling up the DagBag from /home/airflow/.local/lib/python3.7/site-packages/airflow/example_dags/example_short_circuit_operator.py
[2023-07-11 23:10:41,529] {processor.py:651} INFO - DAG(s) dict_keys(['example_short_circuit_operator']) retrieved from /home/airflow/.local/lib/python3.7/site-packages/airflow/example_dags/example_short_circuit_operator.py
[2023-07-11 23:10:41,609] {logging_mixin.py:115} INFO - [2023-07-11 23:10:41,609] {dag.py:2420} INFO - Sync 1 DAGs
[2023-07-11 23:10:41,674] {logging_mixin.py:115} INFO - [2023-07-11 23:10:41,674] {dag.py:2972} INFO - Setting next_dagrun for example_short_circuit_operator to 2023-07-10T23:10:41.674270+00:00, run_after=2023-07-11T23:10:41.674270+00:00
[2023-07-11 23:10:41,702] {processor.py:161} INFO - Processing /home/airflow/.local/lib/python3.7/site-packages/airflow/example_dags/example_short_circuit_operator.py took 0.218 seconds
[2023-07-11 23:11:12,467] {processor.py:153} INFO - Started process (PID=3257) to work on /home/airflow/.local/lib/python3.7/site-packages/airflow/example_dags/example_short_circuit_operator.py
[2023-07-11 23:11:12,468] {processor.py:641} INFO - Processing file /home/airflow/.local/lib/python3.7/site-packages/airflow/example_dags/example_short_circuit_operator.py for tasks to queue
[2023-07-11 23:11:12,470] {logging_mixin.py:115} INFO - [2023-07-11 23:11:12,470] {dagbag.py:508} INFO - Filling up the DagBag from /home/airflow/.local/lib/python3.7/site-packages/airflow/example_dags/example_short_circuit_operator.py
[2023-07-11 23:11:12,501] {processor.py:651} INFO - DAG(s) dict_keys(['example_short_circuit_operator']) retrieved from /home/airflow/.local/lib/python3.7/site-packages/airflow/example_dags/example_short_circuit_operator.py
[2023-07-11 23:11:12,606] {logging_mixin.py:115} INFO - [2023-07-11 23:11:12,606] {dag.py:2420} INFO - Sync 1 DAGs
[2023-07-11 23:11:12,678] {logging_mixin.py:115} INFO - [2023-07-11 23:11:12,678] {dag.py:2972} INFO - Setting next_dagrun for example_short_circuit_operator to 2023-07-10T23:11:12.677901+00:00, run_after=2023-07-11T23:11:12.677901+00:00
[2023-07-11 23:11:12,720] {processor.py:161} INFO - Processing /home/airflow/.local/lib/python3.7/site-packages/airflow/example_dags/example_short_circuit_operator.py took 0.261 seconds
[2023-07-11 23:11:43,487] {processor.py:153} INFO - Started process (PID=3309) to work on /home/airflow/.local/lib/python3.7/site-packages/airflow/example_dags/example_short_circuit_operator.py
[2023-07-11 23:11:43,488] {processor.py:641} INFO - Processing file /home/airflow/.local/lib/python3.7/site-packages/airflow/example_dags/example_short_circuit_operator.py for tasks to queue
[2023-07-11 23:11:43,489] {logging_mixin.py:115} INFO - [2023-07-11 23:11:43,489] {dagbag.py:508} INFO - Filling up the DagBag from /home/airflow/.local/lib/python3.7/site-packages/airflow/example_dags/example_short_circuit_operator.py
[2023-07-11 23:11:43,501] {processor.py:651} INFO - DAG(s) dict_keys(['example_short_circuit_operator']) retrieved from /home/airflow/.local/lib/python3.7/site-packages/airflow/example_dags/example_short_circuit_operator.py
[2023-07-11 23:11:43,535] {logging_mixin.py:115} INFO - [2023-07-11 23:11:43,535] {dag.py:2420} INFO - Sync 1 DAGs
[2023-07-11 23:11:43,567] {logging_mixin.py:115} INFO - [2023-07-11 23:11:43,566] {dag.py:2972} INFO - Setting next_dagrun for example_short_circuit_operator to 2023-07-10T23:11:43.566620+00:00, run_after=2023-07-11T23:11:43.566620+00:00
[2023-07-11 23:11:43,585] {processor.py:161} INFO - Processing /home/airflow/.local/lib/python3.7/site-packages/airflow/example_dags/example_short_circuit_operator.py took 0.103 seconds
[2023-07-11 23:12:14,087] {processor.py:153} INFO - Started process (PID=3360) to work on /home/airflow/.local/lib/python3.7/site-packages/airflow/example_dags/example_short_circuit_operator.py
[2023-07-11 23:12:14,091] {processor.py:641} INFO - Processing file /home/airflow/.local/lib/python3.7/site-packages/airflow/example_dags/example_short_circuit_operator.py for tasks to queue
[2023-07-11 23:12:14,093] {logging_mixin.py:115} INFO - [2023-07-11 23:12:14,092] {dagbag.py:508} INFO - Filling up the DagBag from /home/airflow/.local/lib/python3.7/site-packages/airflow/example_dags/example_short_circuit_operator.py
[2023-07-11 23:12:14,132] {processor.py:651} INFO - DAG(s) dict_keys(['example_short_circuit_operator']) retrieved from /home/airflow/.local/lib/python3.7/site-packages/airflow/example_dags/example_short_circuit_operator.py
[2023-07-11 23:12:14,407] {logging_mixin.py:115} INFO - [2023-07-11 23:12:14,407] {dag.py:2420} INFO - Sync 1 DAGs
[2023-07-11 23:12:14,562] {logging_mixin.py:115} INFO - [2023-07-11 23:12:14,562] {dag.py:2972} INFO - Setting next_dagrun for example_short_circuit_operator to 2023-07-10T23:12:14.561667+00:00, run_after=2023-07-11T23:12:14.561667+00:00
[2023-07-11 23:12:14,630] {processor.py:161} INFO - Processing /home/airflow/.local/lib/python3.7/site-packages/airflow/example_dags/example_short_circuit_operator.py took 0.550 seconds
[2023-07-11 23:12:44,940] {processor.py:153} INFO - Started process (PID=3421) to work on /home/airflow/.local/lib/python3.7/site-packages/airflow/example_dags/example_short_circuit_operator.py
[2023-07-11 23:12:44,943] {processor.py:641} INFO - Processing file /home/airflow/.local/lib/python3.7/site-packages/airflow/example_dags/example_short_circuit_operator.py for tasks to queue
[2023-07-11 23:12:44,944] {logging_mixin.py:115} INFO - [2023-07-11 23:12:44,944] {dagbag.py:508} INFO - Filling up the DagBag from /home/airflow/.local/lib/python3.7/site-packages/airflow/example_dags/example_short_circuit_operator.py
[2023-07-11 23:12:44,991] {processor.py:651} INFO - DAG(s) dict_keys(['example_short_circuit_operator']) retrieved from /home/airflow/.local/lib/python3.7/site-packages/airflow/example_dags/example_short_circuit_operator.py
[2023-07-11 23:12:45,090] {logging_mixin.py:115} INFO - [2023-07-11 23:12:45,089] {dag.py:2420} INFO - Sync 1 DAGs
[2023-07-11 23:12:45,202] {logging_mixin.py:115} INFO - [2023-07-11 23:12:45,202] {dag.py:2972} INFO - Setting next_dagrun for example_short_circuit_operator to 2023-07-10T23:12:45.200566+00:00, run_after=2023-07-11T23:12:45.200566+00:00
[2023-07-11 23:12:45,243] {processor.py:161} INFO - Processing /home/airflow/.local/lib/python3.7/site-packages/airflow/example_dags/example_short_circuit_operator.py took 0.313 seconds
[2023-07-11 23:13:15,560] {processor.py:153} INFO - Started process (PID=3473) to work on /home/airflow/.local/lib/python3.7/site-packages/airflow/example_dags/example_short_circuit_operator.py
[2023-07-11 23:13:15,565] {processor.py:641} INFO - Processing file /home/airflow/.local/lib/python3.7/site-packages/airflow/example_dags/example_short_circuit_operator.py for tasks to queue
[2023-07-11 23:13:15,566] {logging_mixin.py:115} INFO - [2023-07-11 23:13:15,566] {dagbag.py:508} INFO - Filling up the DagBag from /home/airflow/.local/lib/python3.7/site-packages/airflow/example_dags/example_short_circuit_operator.py
[2023-07-11 23:13:15,607] {processor.py:651} INFO - DAG(s) dict_keys(['example_short_circuit_operator']) retrieved from /home/airflow/.local/lib/python3.7/site-packages/airflow/example_dags/example_short_circuit_operator.py
[2023-07-11 23:13:15,886] {logging_mixin.py:115} INFO - [2023-07-11 23:13:15,886] {dag.py:2420} INFO - Sync 1 DAGs
[2023-07-11 23:13:16,029] {logging_mixin.py:115} INFO - [2023-07-11 23:13:16,029] {dag.py:2972} INFO - Setting next_dagrun for example_short_circuit_operator to 2023-07-10T23:13:16.028538+00:00, run_after=2023-07-11T23:13:16.028538+00:00
[2023-07-11 23:13:16,087] {processor.py:161} INFO - Processing /home/airflow/.local/lib/python3.7/site-packages/airflow/example_dags/example_short_circuit_operator.py took 0.543 seconds
[2023-07-11 23:13:46,817] {processor.py:153} INFO - Started process (PID=3525) to work on /home/airflow/.local/lib/python3.7/site-packages/airflow/example_dags/example_short_circuit_operator.py
[2023-07-11 23:13:46,832] {processor.py:641} INFO - Processing file /home/airflow/.local/lib/python3.7/site-packages/airflow/example_dags/example_short_circuit_operator.py for tasks to queue
[2023-07-11 23:13:46,833] {logging_mixin.py:115} INFO - [2023-07-11 23:13:46,832] {dagbag.py:508} INFO - Filling up the DagBag from /home/airflow/.local/lib/python3.7/site-packages/airflow/example_dags/example_short_circuit_operator.py
[2023-07-11 23:13:46,847] {processor.py:651} INFO - DAG(s) dict_keys(['example_short_circuit_operator']) retrieved from /home/airflow/.local/lib/python3.7/site-packages/airflow/example_dags/example_short_circuit_operator.py
[2023-07-11 23:13:46,886] {logging_mixin.py:115} INFO - [2023-07-11 23:13:46,886] {dag.py:2420} INFO - Sync 1 DAGs
[2023-07-11 23:13:46,924] {logging_mixin.py:115} INFO - [2023-07-11 23:13:46,924] {dag.py:2972} INFO - Setting next_dagrun for example_short_circuit_operator to 2023-07-10T23:13:46.924070+00:00, run_after=2023-07-11T23:13:46.924070+00:00
[2023-07-11 23:13:46,982] {processor.py:161} INFO - Processing /home/airflow/.local/lib/python3.7/site-packages/airflow/example_dags/example_short_circuit_operator.py took 0.168 seconds
[2023-07-11 23:14:17,230] {processor.py:153} INFO - Started process (PID=3577) to work on /home/airflow/.local/lib/python3.7/site-packages/airflow/example_dags/example_short_circuit_operator.py
[2023-07-11 23:14:17,231] {processor.py:641} INFO - Processing file /home/airflow/.local/lib/python3.7/site-packages/airflow/example_dags/example_short_circuit_operator.py for tasks to queue
[2023-07-11 23:14:17,232] {logging_mixin.py:115} INFO - [2023-07-11 23:14:17,232] {dagbag.py:508} INFO - Filling up the DagBag from /home/airflow/.local/lib/python3.7/site-packages/airflow/example_dags/example_short_circuit_operator.py
[2023-07-11 23:14:17,248] {processor.py:651} INFO - DAG(s) dict_keys(['example_short_circuit_operator']) retrieved from /home/airflow/.local/lib/python3.7/site-packages/airflow/example_dags/example_short_circuit_operator.py
[2023-07-11 23:14:17,289] {logging_mixin.py:115} INFO - [2023-07-11 23:14:17,289] {dag.py:2420} INFO - Sync 1 DAGs
[2023-07-11 23:14:17,334] {logging_mixin.py:115} INFO - [2023-07-11 23:14:17,334] {dag.py:2972} INFO - Setting next_dagrun for example_short_circuit_operator to 2023-07-10T23:14:17.333961+00:00, run_after=2023-07-11T23:14:17.333961+00:00
[2023-07-11 23:14:17,356] {processor.py:161} INFO - Processing /home/airflow/.local/lib/python3.7/site-packages/airflow/example_dags/example_short_circuit_operator.py took 0.130 seconds
