[2023-07-11 00:43:02,714] {processor.py:153} INFO - Started process (PID=78) to work on /home/airflow/.local/lib/python3.7/site-packages/airflow/example_dags/tutorial_etl_dag.py
[2023-07-11 00:43:02,715] {processor.py:641} INFO - Processing file /home/airflow/.local/lib/python3.7/site-packages/airflow/example_dags/tutorial_etl_dag.py for tasks to queue
[2023-07-11 00:43:02,716] {logging_mixin.py:115} INFO - [2023-07-11 00:43:02,715] {dagbag.py:508} INFO - Filling up the DagBag from /home/airflow/.local/lib/python3.7/site-packages/airflow/example_dags/tutorial_etl_dag.py
[2023-07-11 00:43:02,728] {processor.py:651} INFO - DAG(s) dict_keys(['tutorial_etl_dag']) retrieved from /home/airflow/.local/lib/python3.7/site-packages/airflow/example_dags/tutorial_etl_dag.py
[2023-07-11 00:43:02,999] {logging_mixin.py:115} INFO - [2023-07-11 00:43:02,999] {manager.py:508} INFO - Created Permission View: can delete on DAG:tutorial_etl_dag
[2023-07-11 00:43:03,086] {logging_mixin.py:115} INFO - [2023-07-11 00:43:03,085] {manager.py:508} INFO - Created Permission View: can read on DAG:tutorial_etl_dag
[2023-07-11 00:43:03,106] {logging_mixin.py:115} INFO - [2023-07-11 00:43:03,105] {manager.py:508} INFO - Created Permission View: can edit on DAG:tutorial_etl_dag
[2023-07-11 00:43:03,106] {logging_mixin.py:115} INFO - [2023-07-11 00:43:03,106] {dag.py:2420} INFO - Sync 1 DAGs
[2023-07-11 00:43:03,129] {logging_mixin.py:115} INFO - [2023-07-11 00:43:03,129] {dag.py:2439} INFO - Creating ORM DAG for tutorial_etl_dag
[2023-07-11 00:43:03,166] {logging_mixin.py:115} INFO - [2023-07-11 00:43:03,166] {dag.py:2972} INFO - Setting next_dagrun for tutorial_etl_dag to None, run_after=None
[2023-07-11 00:43:03,209] {processor.py:161} INFO - Processing /home/airflow/.local/lib/python3.7/site-packages/airflow/example_dags/tutorial_etl_dag.py took 0.500 seconds
[2023-07-11 00:43:33,245] {processor.py:153} INFO - Started process (PID=130) to work on /home/airflow/.local/lib/python3.7/site-packages/airflow/example_dags/tutorial_etl_dag.py
[2023-07-11 00:43:33,245] {processor.py:641} INFO - Processing file /home/airflow/.local/lib/python3.7/site-packages/airflow/example_dags/tutorial_etl_dag.py for tasks to queue
[2023-07-11 00:43:33,246] {logging_mixin.py:115} INFO - [2023-07-11 00:43:33,246] {dagbag.py:508} INFO - Filling up the DagBag from /home/airflow/.local/lib/python3.7/site-packages/airflow/example_dags/tutorial_etl_dag.py
[2023-07-11 00:43:33,257] {processor.py:651} INFO - DAG(s) dict_keys(['tutorial_etl_dag']) retrieved from /home/airflow/.local/lib/python3.7/site-packages/airflow/example_dags/tutorial_etl_dag.py
[2023-07-11 00:43:33,295] {logging_mixin.py:115} INFO - [2023-07-11 00:43:33,295] {dag.py:2420} INFO - Sync 1 DAGs
[2023-07-11 00:43:33,341] {logging_mixin.py:115} INFO - [2023-07-11 00:43:33,341] {dag.py:2972} INFO - Setting next_dagrun for tutorial_etl_dag to None, run_after=None
[2023-07-11 00:43:33,361] {processor.py:161} INFO - Processing /home/airflow/.local/lib/python3.7/site-packages/airflow/example_dags/tutorial_etl_dag.py took 0.121 seconds
[2023-07-11 00:44:03,902] {processor.py:153} INFO - Started process (PID=189) to work on /home/airflow/.local/lib/python3.7/site-packages/airflow/example_dags/tutorial_etl_dag.py
[2023-07-11 00:44:03,902] {processor.py:641} INFO - Processing file /home/airflow/.local/lib/python3.7/site-packages/airflow/example_dags/tutorial_etl_dag.py for tasks to queue
[2023-07-11 00:44:03,903] {logging_mixin.py:115} INFO - [2023-07-11 00:44:03,903] {dagbag.py:508} INFO - Filling up the DagBag from /home/airflow/.local/lib/python3.7/site-packages/airflow/example_dags/tutorial_etl_dag.py
[2023-07-11 00:44:03,910] {processor.py:651} INFO - DAG(s) dict_keys(['tutorial_etl_dag']) retrieved from /home/airflow/.local/lib/python3.7/site-packages/airflow/example_dags/tutorial_etl_dag.py
[2023-07-11 00:44:03,938] {logging_mixin.py:115} INFO - [2023-07-11 00:44:03,937] {dag.py:2420} INFO - Sync 1 DAGs
[2023-07-11 00:44:03,965] {logging_mixin.py:115} INFO - [2023-07-11 00:44:03,965] {dag.py:2972} INFO - Setting next_dagrun for tutorial_etl_dag to None, run_after=None
[2023-07-11 00:44:03,984] {processor.py:161} INFO - Processing /home/airflow/.local/lib/python3.7/site-packages/airflow/example_dags/tutorial_etl_dag.py took 0.085 seconds
[2023-07-11 00:44:34,543] {processor.py:153} INFO - Started process (PID=241) to work on /home/airflow/.local/lib/python3.7/site-packages/airflow/example_dags/tutorial_etl_dag.py
[2023-07-11 00:44:34,549] {processor.py:641} INFO - Processing file /home/airflow/.local/lib/python3.7/site-packages/airflow/example_dags/tutorial_etl_dag.py for tasks to queue
[2023-07-11 00:44:34,550] {logging_mixin.py:115} INFO - [2023-07-11 00:44:34,550] {dagbag.py:508} INFO - Filling up the DagBag from /home/airflow/.local/lib/python3.7/site-packages/airflow/example_dags/tutorial_etl_dag.py
[2023-07-11 00:44:34,566] {processor.py:651} INFO - DAG(s) dict_keys(['tutorial_etl_dag']) retrieved from /home/airflow/.local/lib/python3.7/site-packages/airflow/example_dags/tutorial_etl_dag.py
[2023-07-11 00:44:34,625] {logging_mixin.py:115} INFO - [2023-07-11 00:44:34,625] {dag.py:2420} INFO - Sync 1 DAGs
[2023-07-11 00:44:34,668] {logging_mixin.py:115} INFO - [2023-07-11 00:44:34,668] {dag.py:2972} INFO - Setting next_dagrun for tutorial_etl_dag to None, run_after=None
[2023-07-11 00:44:34,689] {processor.py:161} INFO - Processing /home/airflow/.local/lib/python3.7/site-packages/airflow/example_dags/tutorial_etl_dag.py took 0.150 seconds
[2023-07-11 00:45:05,288] {processor.py:153} INFO - Started process (PID=302) to work on /home/airflow/.local/lib/python3.7/site-packages/airflow/example_dags/tutorial_etl_dag.py
[2023-07-11 00:45:05,289] {processor.py:641} INFO - Processing file /home/airflow/.local/lib/python3.7/site-packages/airflow/example_dags/tutorial_etl_dag.py for tasks to queue
[2023-07-11 00:45:05,290] {logging_mixin.py:115} INFO - [2023-07-11 00:45:05,290] {dagbag.py:508} INFO - Filling up the DagBag from /home/airflow/.local/lib/python3.7/site-packages/airflow/example_dags/tutorial_etl_dag.py
[2023-07-11 00:45:05,297] {processor.py:651} INFO - DAG(s) dict_keys(['tutorial_etl_dag']) retrieved from /home/airflow/.local/lib/python3.7/site-packages/airflow/example_dags/tutorial_etl_dag.py
[2023-07-11 00:45:05,334] {logging_mixin.py:115} INFO - [2023-07-11 00:45:05,334] {dag.py:2420} INFO - Sync 1 DAGs
[2023-07-11 00:45:05,372] {logging_mixin.py:115} INFO - [2023-07-11 00:45:05,372] {dag.py:2972} INFO - Setting next_dagrun for tutorial_etl_dag to None, run_after=None
[2023-07-11 00:45:05,392] {processor.py:161} INFO - Processing /home/airflow/.local/lib/python3.7/site-packages/airflow/example_dags/tutorial_etl_dag.py took 0.107 seconds
[2023-07-11 00:45:36,003] {processor.py:153} INFO - Started process (PID=354) to work on /home/airflow/.local/lib/python3.7/site-packages/airflow/example_dags/tutorial_etl_dag.py
[2023-07-11 00:45:36,004] {processor.py:641} INFO - Processing file /home/airflow/.local/lib/python3.7/site-packages/airflow/example_dags/tutorial_etl_dag.py for tasks to queue
[2023-07-11 00:45:36,005] {logging_mixin.py:115} INFO - [2023-07-11 00:45:36,005] {dagbag.py:508} INFO - Filling up the DagBag from /home/airflow/.local/lib/python3.7/site-packages/airflow/example_dags/tutorial_etl_dag.py
[2023-07-11 00:45:36,014] {processor.py:651} INFO - DAG(s) dict_keys(['tutorial_etl_dag']) retrieved from /home/airflow/.local/lib/python3.7/site-packages/airflow/example_dags/tutorial_etl_dag.py
[2023-07-11 00:45:36,051] {logging_mixin.py:115} INFO - [2023-07-11 00:45:36,051] {dag.py:2420} INFO - Sync 1 DAGs
[2023-07-11 00:45:36,086] {logging_mixin.py:115} INFO - [2023-07-11 00:45:36,086] {dag.py:2972} INFO - Setting next_dagrun for tutorial_etl_dag to None, run_after=None
[2023-07-11 00:45:36,104] {processor.py:161} INFO - Processing /home/airflow/.local/lib/python3.7/site-packages/airflow/example_dags/tutorial_etl_dag.py took 0.105 seconds
[2023-07-11 00:46:06,438] {processor.py:153} INFO - Started process (PID=416) to work on /home/airflow/.local/lib/python3.7/site-packages/airflow/example_dags/tutorial_etl_dag.py
[2023-07-11 00:46:06,439] {processor.py:641} INFO - Processing file /home/airflow/.local/lib/python3.7/site-packages/airflow/example_dags/tutorial_etl_dag.py for tasks to queue
[2023-07-11 00:46:06,441] {logging_mixin.py:115} INFO - [2023-07-11 00:46:06,440] {dagbag.py:508} INFO - Filling up the DagBag from /home/airflow/.local/lib/python3.7/site-packages/airflow/example_dags/tutorial_etl_dag.py
[2023-07-11 00:46:06,451] {processor.py:651} INFO - DAG(s) dict_keys(['tutorial_etl_dag']) retrieved from /home/airflow/.local/lib/python3.7/site-packages/airflow/example_dags/tutorial_etl_dag.py
[2023-07-11 00:46:06,486] {logging_mixin.py:115} INFO - [2023-07-11 00:46:06,486] {dag.py:2420} INFO - Sync 1 DAGs
[2023-07-11 00:46:06,523] {logging_mixin.py:115} INFO - [2023-07-11 00:46:06,523] {dag.py:2972} INFO - Setting next_dagrun for tutorial_etl_dag to None, run_after=None
[2023-07-11 00:46:06,540] {processor.py:161} INFO - Processing /home/airflow/.local/lib/python3.7/site-packages/airflow/example_dags/tutorial_etl_dag.py took 0.106 seconds
[2023-07-11 00:46:37,343] {processor.py:153} INFO - Started process (PID=469) to work on /home/airflow/.local/lib/python3.7/site-packages/airflow/example_dags/tutorial_etl_dag.py
[2023-07-11 00:46:37,344] {processor.py:641} INFO - Processing file /home/airflow/.local/lib/python3.7/site-packages/airflow/example_dags/tutorial_etl_dag.py for tasks to queue
[2023-07-11 00:46:37,345] {logging_mixin.py:115} INFO - [2023-07-11 00:46:37,345] {dagbag.py:508} INFO - Filling up the DagBag from /home/airflow/.local/lib/python3.7/site-packages/airflow/example_dags/tutorial_etl_dag.py
[2023-07-11 00:46:37,356] {processor.py:651} INFO - DAG(s) dict_keys(['tutorial_etl_dag']) retrieved from /home/airflow/.local/lib/python3.7/site-packages/airflow/example_dags/tutorial_etl_dag.py
[2023-07-11 00:46:37,404] {logging_mixin.py:115} INFO - [2023-07-11 00:46:37,404] {dag.py:2420} INFO - Sync 1 DAGs
[2023-07-11 00:46:37,453] {logging_mixin.py:115} INFO - [2023-07-11 00:46:37,452] {dag.py:2972} INFO - Setting next_dagrun for tutorial_etl_dag to None, run_after=None
[2023-07-11 00:46:37,512] {processor.py:161} INFO - Processing /home/airflow/.local/lib/python3.7/site-packages/airflow/example_dags/tutorial_etl_dag.py took 0.173 seconds
[2023-07-11 00:47:08,290] {processor.py:153} INFO - Started process (PID=530) to work on /home/airflow/.local/lib/python3.7/site-packages/airflow/example_dags/tutorial_etl_dag.py
[2023-07-11 00:47:08,290] {processor.py:641} INFO - Processing file /home/airflow/.local/lib/python3.7/site-packages/airflow/example_dags/tutorial_etl_dag.py for tasks to queue
[2023-07-11 00:47:08,291] {logging_mixin.py:115} INFO - [2023-07-11 00:47:08,291] {dagbag.py:508} INFO - Filling up the DagBag from /home/airflow/.local/lib/python3.7/site-packages/airflow/example_dags/tutorial_etl_dag.py
[2023-07-11 00:47:08,298] {processor.py:651} INFO - DAG(s) dict_keys(['tutorial_etl_dag']) retrieved from /home/airflow/.local/lib/python3.7/site-packages/airflow/example_dags/tutorial_etl_dag.py
[2023-07-11 00:47:08,332] {logging_mixin.py:115} INFO - [2023-07-11 00:47:08,332] {dag.py:2420} INFO - Sync 1 DAGs
[2023-07-11 00:47:08,370] {logging_mixin.py:115} INFO - [2023-07-11 00:47:08,369] {dag.py:2972} INFO - Setting next_dagrun for tutorial_etl_dag to None, run_after=None
[2023-07-11 00:47:08,389] {processor.py:161} INFO - Processing /home/airflow/.local/lib/python3.7/site-packages/airflow/example_dags/tutorial_etl_dag.py took 0.103 seconds
[2023-07-11 00:47:39,291] {processor.py:153} INFO - Started process (PID=590) to work on /home/airflow/.local/lib/python3.7/site-packages/airflow/example_dags/tutorial_etl_dag.py
[2023-07-11 00:47:39,291] {processor.py:641} INFO - Processing file /home/airflow/.local/lib/python3.7/site-packages/airflow/example_dags/tutorial_etl_dag.py for tasks to queue
[2023-07-11 00:47:39,292] {logging_mixin.py:115} INFO - [2023-07-11 00:47:39,292] {dagbag.py:508} INFO - Filling up the DagBag from /home/airflow/.local/lib/python3.7/site-packages/airflow/example_dags/tutorial_etl_dag.py
[2023-07-11 00:47:39,307] {processor.py:651} INFO - DAG(s) dict_keys(['tutorial_etl_dag']) retrieved from /home/airflow/.local/lib/python3.7/site-packages/airflow/example_dags/tutorial_etl_dag.py
[2023-07-11 00:47:39,360] {logging_mixin.py:115} INFO - [2023-07-11 00:47:39,360] {dag.py:2420} INFO - Sync 1 DAGs
[2023-07-11 00:47:39,410] {logging_mixin.py:115} INFO - [2023-07-11 00:47:39,410] {dag.py:2972} INFO - Setting next_dagrun for tutorial_etl_dag to None, run_after=None
[2023-07-11 00:47:39,431] {processor.py:161} INFO - Processing /home/airflow/.local/lib/python3.7/site-packages/airflow/example_dags/tutorial_etl_dag.py took 0.146 seconds
[2023-07-11 00:48:10,375] {processor.py:153} INFO - Started process (PID=644) to work on /home/airflow/.local/lib/python3.7/site-packages/airflow/example_dags/tutorial_etl_dag.py
[2023-07-11 00:48:10,375] {processor.py:641} INFO - Processing file /home/airflow/.local/lib/python3.7/site-packages/airflow/example_dags/tutorial_etl_dag.py for tasks to queue
[2023-07-11 00:48:10,376] {logging_mixin.py:115} INFO - [2023-07-11 00:48:10,376] {dagbag.py:508} INFO - Filling up the DagBag from /home/airflow/.local/lib/python3.7/site-packages/airflow/example_dags/tutorial_etl_dag.py
[2023-07-11 00:48:10,383] {processor.py:651} INFO - DAG(s) dict_keys(['tutorial_etl_dag']) retrieved from /home/airflow/.local/lib/python3.7/site-packages/airflow/example_dags/tutorial_etl_dag.py
[2023-07-11 00:48:10,413] {logging_mixin.py:115} INFO - [2023-07-11 00:48:10,413] {dag.py:2420} INFO - Sync 1 DAGs
[2023-07-11 00:48:10,438] {logging_mixin.py:115} INFO - [2023-07-11 00:48:10,438] {dag.py:2972} INFO - Setting next_dagrun for tutorial_etl_dag to None, run_after=None
[2023-07-11 00:48:10,451] {processor.py:161} INFO - Processing /home/airflow/.local/lib/python3.7/site-packages/airflow/example_dags/tutorial_etl_dag.py took 0.080 seconds
[2023-07-11 00:48:40,818] {processor.py:153} INFO - Started process (PID=704) to work on /home/airflow/.local/lib/python3.7/site-packages/airflow/example_dags/tutorial_etl_dag.py
[2023-07-11 00:48:40,819] {processor.py:641} INFO - Processing file /home/airflow/.local/lib/python3.7/site-packages/airflow/example_dags/tutorial_etl_dag.py for tasks to queue
[2023-07-11 00:48:40,819] {logging_mixin.py:115} INFO - [2023-07-11 00:48:40,819] {dagbag.py:508} INFO - Filling up the DagBag from /home/airflow/.local/lib/python3.7/site-packages/airflow/example_dags/tutorial_etl_dag.py
[2023-07-11 00:48:40,830] {processor.py:651} INFO - DAG(s) dict_keys(['tutorial_etl_dag']) retrieved from /home/airflow/.local/lib/python3.7/site-packages/airflow/example_dags/tutorial_etl_dag.py
[2023-07-11 00:48:40,865] {logging_mixin.py:115} INFO - [2023-07-11 00:48:40,865] {dag.py:2420} INFO - Sync 1 DAGs
[2023-07-11 00:48:40,890] {logging_mixin.py:115} INFO - [2023-07-11 00:48:40,890] {dag.py:2972} INFO - Setting next_dagrun for tutorial_etl_dag to None, run_after=None
[2023-07-11 00:48:40,904] {processor.py:161} INFO - Processing /home/airflow/.local/lib/python3.7/site-packages/airflow/example_dags/tutorial_etl_dag.py took 0.091 seconds
[2023-07-11 00:49:11,242] {processor.py:153} INFO - Started process (PID=757) to work on /home/airflow/.local/lib/python3.7/site-packages/airflow/example_dags/tutorial_etl_dag.py
[2023-07-11 00:49:11,243] {processor.py:641} INFO - Processing file /home/airflow/.local/lib/python3.7/site-packages/airflow/example_dags/tutorial_etl_dag.py for tasks to queue
[2023-07-11 00:49:11,243] {logging_mixin.py:115} INFO - [2023-07-11 00:49:11,243] {dagbag.py:508} INFO - Filling up the DagBag from /home/airflow/.local/lib/python3.7/site-packages/airflow/example_dags/tutorial_etl_dag.py
[2023-07-11 00:49:11,251] {processor.py:651} INFO - DAG(s) dict_keys(['tutorial_etl_dag']) retrieved from /home/airflow/.local/lib/python3.7/site-packages/airflow/example_dags/tutorial_etl_dag.py
[2023-07-11 00:49:11,279] {logging_mixin.py:115} INFO - [2023-07-11 00:49:11,279] {dag.py:2420} INFO - Sync 1 DAGs
[2023-07-11 00:49:11,306] {logging_mixin.py:115} INFO - [2023-07-11 00:49:11,305] {dag.py:2972} INFO - Setting next_dagrun for tutorial_etl_dag to None, run_after=None
[2023-07-11 00:49:11,319] {processor.py:161} INFO - Processing /home/airflow/.local/lib/python3.7/site-packages/airflow/example_dags/tutorial_etl_dag.py took 0.080 seconds
[2023-07-11 00:49:41,431] {processor.py:153} INFO - Started process (PID=817) to work on /home/airflow/.local/lib/python3.7/site-packages/airflow/example_dags/tutorial_etl_dag.py
[2023-07-11 00:49:41,431] {processor.py:641} INFO - Processing file /home/airflow/.local/lib/python3.7/site-packages/airflow/example_dags/tutorial_etl_dag.py for tasks to queue
[2023-07-11 00:49:41,432] {logging_mixin.py:115} INFO - [2023-07-11 00:49:41,432] {dagbag.py:508} INFO - Filling up the DagBag from /home/airflow/.local/lib/python3.7/site-packages/airflow/example_dags/tutorial_etl_dag.py
[2023-07-11 00:49:41,443] {processor.py:651} INFO - DAG(s) dict_keys(['tutorial_etl_dag']) retrieved from /home/airflow/.local/lib/python3.7/site-packages/airflow/example_dags/tutorial_etl_dag.py
[2023-07-11 00:49:41,485] {logging_mixin.py:115} INFO - [2023-07-11 00:49:41,484] {dag.py:2420} INFO - Sync 1 DAGs
[2023-07-11 00:49:41,532] {logging_mixin.py:115} INFO - [2023-07-11 00:49:41,532] {dag.py:2972} INFO - Setting next_dagrun for tutorial_etl_dag to None, run_after=None
[2023-07-11 00:49:41,553] {processor.py:161} INFO - Processing /home/airflow/.local/lib/python3.7/site-packages/airflow/example_dags/tutorial_etl_dag.py took 0.128 seconds
[2023-07-11 00:50:12,210] {processor.py:153} INFO - Started process (PID=868) to work on /home/airflow/.local/lib/python3.7/site-packages/airflow/example_dags/tutorial_etl_dag.py
[2023-07-11 00:50:12,211] {processor.py:641} INFO - Processing file /home/airflow/.local/lib/python3.7/site-packages/airflow/example_dags/tutorial_etl_dag.py for tasks to queue
[2023-07-11 00:50:12,211] {logging_mixin.py:115} INFO - [2023-07-11 00:50:12,211] {dagbag.py:508} INFO - Filling up the DagBag from /home/airflow/.local/lib/python3.7/site-packages/airflow/example_dags/tutorial_etl_dag.py
[2023-07-11 00:50:12,223] {processor.py:651} INFO - DAG(s) dict_keys(['tutorial_etl_dag']) retrieved from /home/airflow/.local/lib/python3.7/site-packages/airflow/example_dags/tutorial_etl_dag.py
[2023-07-11 00:50:12,268] {logging_mixin.py:115} INFO - [2023-07-11 00:50:12,268] {dag.py:2420} INFO - Sync 1 DAGs
[2023-07-11 00:50:12,315] {logging_mixin.py:115} INFO - [2023-07-11 00:50:12,314] {dag.py:2972} INFO - Setting next_dagrun for tutorial_etl_dag to None, run_after=None
[2023-07-11 00:50:12,339] {processor.py:161} INFO - Processing /home/airflow/.local/lib/python3.7/site-packages/airflow/example_dags/tutorial_etl_dag.py took 0.134 seconds
[2023-07-11 00:50:42,977] {processor.py:153} INFO - Started process (PID=927) to work on /home/airflow/.local/lib/python3.7/site-packages/airflow/example_dags/tutorial_etl_dag.py
[2023-07-11 00:50:42,978] {processor.py:641} INFO - Processing file /home/airflow/.local/lib/python3.7/site-packages/airflow/example_dags/tutorial_etl_dag.py for tasks to queue
[2023-07-11 00:50:42,979] {logging_mixin.py:115} INFO - [2023-07-11 00:50:42,979] {dagbag.py:508} INFO - Filling up the DagBag from /home/airflow/.local/lib/python3.7/site-packages/airflow/example_dags/tutorial_etl_dag.py
[2023-07-11 00:50:42,988] {processor.py:651} INFO - DAG(s) dict_keys(['tutorial_etl_dag']) retrieved from /home/airflow/.local/lib/python3.7/site-packages/airflow/example_dags/tutorial_etl_dag.py
[2023-07-11 00:50:43,022] {logging_mixin.py:115} INFO - [2023-07-11 00:50:43,022] {dag.py:2420} INFO - Sync 1 DAGs
[2023-07-11 00:50:43,057] {logging_mixin.py:115} INFO - [2023-07-11 00:50:43,057] {dag.py:2972} INFO - Setting next_dagrun for tutorial_etl_dag to None, run_after=None
[2023-07-11 00:50:43,075] {processor.py:161} INFO - Processing /home/airflow/.local/lib/python3.7/site-packages/airflow/example_dags/tutorial_etl_dag.py took 0.102 seconds
[2023-07-11 00:51:13,347] {processor.py:153} INFO - Started process (PID=979) to work on /home/airflow/.local/lib/python3.7/site-packages/airflow/example_dags/tutorial_etl_dag.py
[2023-07-11 00:51:13,348] {processor.py:641} INFO - Processing file /home/airflow/.local/lib/python3.7/site-packages/airflow/example_dags/tutorial_etl_dag.py for tasks to queue
[2023-07-11 00:51:13,349] {logging_mixin.py:115} INFO - [2023-07-11 00:51:13,349] {dagbag.py:508} INFO - Filling up the DagBag from /home/airflow/.local/lib/python3.7/site-packages/airflow/example_dags/tutorial_etl_dag.py
[2023-07-11 00:51:13,357] {processor.py:651} INFO - DAG(s) dict_keys(['tutorial_etl_dag']) retrieved from /home/airflow/.local/lib/python3.7/site-packages/airflow/example_dags/tutorial_etl_dag.py
[2023-07-11 00:51:13,386] {logging_mixin.py:115} INFO - [2023-07-11 00:51:13,386] {dag.py:2420} INFO - Sync 1 DAGs
[2023-07-11 00:51:13,414] {logging_mixin.py:115} INFO - [2023-07-11 00:51:13,414] {dag.py:2972} INFO - Setting next_dagrun for tutorial_etl_dag to None, run_after=None
[2023-07-11 00:51:13,428] {processor.py:161} INFO - Processing /home/airflow/.local/lib/python3.7/site-packages/airflow/example_dags/tutorial_etl_dag.py took 0.085 seconds
[2023-07-11 00:51:44,023] {processor.py:153} INFO - Started process (PID=1040) to work on /home/airflow/.local/lib/python3.7/site-packages/airflow/example_dags/tutorial_etl_dag.py
[2023-07-11 00:51:44,024] {processor.py:641} INFO - Processing file /home/airflow/.local/lib/python3.7/site-packages/airflow/example_dags/tutorial_etl_dag.py for tasks to queue
[2023-07-11 00:51:44,025] {logging_mixin.py:115} INFO - [2023-07-11 00:51:44,024] {dagbag.py:508} INFO - Filling up the DagBag from /home/airflow/.local/lib/python3.7/site-packages/airflow/example_dags/tutorial_etl_dag.py
[2023-07-11 00:51:44,035] {processor.py:651} INFO - DAG(s) dict_keys(['tutorial_etl_dag']) retrieved from /home/airflow/.local/lib/python3.7/site-packages/airflow/example_dags/tutorial_etl_dag.py
[2023-07-11 00:51:44,075] {logging_mixin.py:115} INFO - [2023-07-11 00:51:44,075] {dag.py:2420} INFO - Sync 1 DAGs
[2023-07-11 00:51:44,102] {logging_mixin.py:115} INFO - [2023-07-11 00:51:44,102] {dag.py:2972} INFO - Setting next_dagrun for tutorial_etl_dag to None, run_after=None
[2023-07-11 00:51:44,115] {processor.py:161} INFO - Processing /home/airflow/.local/lib/python3.7/site-packages/airflow/example_dags/tutorial_etl_dag.py took 0.097 seconds
[2023-07-11 22:50:14,844] {processor.py:153} INFO - Started process (PID=1082) to work on /home/airflow/.local/lib/python3.7/site-packages/airflow/example_dags/tutorial_etl_dag.py
[2023-07-11 22:50:14,853] {processor.py:641} INFO - Processing file /home/airflow/.local/lib/python3.7/site-packages/airflow/example_dags/tutorial_etl_dag.py for tasks to queue
[2023-07-11 22:50:14,855] {logging_mixin.py:115} INFO - [2023-07-11 22:50:14,854] {dagbag.py:508} INFO - Filling up the DagBag from /home/airflow/.local/lib/python3.7/site-packages/airflow/example_dags/tutorial_etl_dag.py
[2023-07-11 22:50:14,881] {processor.py:651} INFO - DAG(s) dict_keys(['tutorial_etl_dag']) retrieved from /home/airflow/.local/lib/python3.7/site-packages/airflow/example_dags/tutorial_etl_dag.py
[2023-07-11 22:50:15,028] {logging_mixin.py:115} INFO - [2023-07-11 22:50:15,028] {dag.py:2420} INFO - Sync 1 DAGs
[2023-07-11 22:50:15,157] {logging_mixin.py:115} INFO - [2023-07-11 22:50:15,157] {dag.py:2972} INFO - Setting next_dagrun for tutorial_etl_dag to None, run_after=None
[2023-07-11 22:50:15,215] {processor.py:161} INFO - Processing /home/airflow/.local/lib/python3.7/site-packages/airflow/example_dags/tutorial_etl_dag.py took 0.388 seconds
[2023-07-11 22:50:45,924] {processor.py:153} INFO - Started process (PID=1134) to work on /home/airflow/.local/lib/python3.7/site-packages/airflow/example_dags/tutorial_etl_dag.py
[2023-07-11 22:50:45,925] {processor.py:641} INFO - Processing file /home/airflow/.local/lib/python3.7/site-packages/airflow/example_dags/tutorial_etl_dag.py for tasks to queue
[2023-07-11 22:50:45,926] {logging_mixin.py:115} INFO - [2023-07-11 22:50:45,926] {dagbag.py:508} INFO - Filling up the DagBag from /home/airflow/.local/lib/python3.7/site-packages/airflow/example_dags/tutorial_etl_dag.py
[2023-07-11 22:50:45,938] {processor.py:651} INFO - DAG(s) dict_keys(['tutorial_etl_dag']) retrieved from /home/airflow/.local/lib/python3.7/site-packages/airflow/example_dags/tutorial_etl_dag.py
[2023-07-11 22:50:45,983] {logging_mixin.py:115} INFO - [2023-07-11 22:50:45,983] {dag.py:2420} INFO - Sync 1 DAGs
[2023-07-11 22:50:46,028] {logging_mixin.py:115} INFO - [2023-07-11 22:50:46,028] {dag.py:2972} INFO - Setting next_dagrun for tutorial_etl_dag to None, run_after=None
[2023-07-11 22:50:46,050] {processor.py:161} INFO - Processing /home/airflow/.local/lib/python3.7/site-packages/airflow/example_dags/tutorial_etl_dag.py took 0.129 seconds
[2023-07-11 22:51:16,755] {processor.py:153} INFO - Started process (PID=1186) to work on /home/airflow/.local/lib/python3.7/site-packages/airflow/example_dags/tutorial_etl_dag.py
[2023-07-11 22:51:16,755] {processor.py:641} INFO - Processing file /home/airflow/.local/lib/python3.7/site-packages/airflow/example_dags/tutorial_etl_dag.py for tasks to queue
[2023-07-11 22:51:16,756] {logging_mixin.py:115} INFO - [2023-07-11 22:51:16,756] {dagbag.py:508} INFO - Filling up the DagBag from /home/airflow/.local/lib/python3.7/site-packages/airflow/example_dags/tutorial_etl_dag.py
[2023-07-11 22:51:16,765] {processor.py:651} INFO - DAG(s) dict_keys(['tutorial_etl_dag']) retrieved from /home/airflow/.local/lib/python3.7/site-packages/airflow/example_dags/tutorial_etl_dag.py
[2023-07-11 22:51:16,793] {logging_mixin.py:115} INFO - [2023-07-11 22:51:16,793] {dag.py:2420} INFO - Sync 1 DAGs
[2023-07-11 22:51:16,820] {logging_mixin.py:115} INFO - [2023-07-11 22:51:16,820] {dag.py:2972} INFO - Setting next_dagrun for tutorial_etl_dag to None, run_after=None
[2023-07-11 22:51:16,834] {processor.py:161} INFO - Processing /home/airflow/.local/lib/python3.7/site-packages/airflow/example_dags/tutorial_etl_dag.py took 0.085 seconds
[2023-07-11 22:51:47,321] {processor.py:153} INFO - Started process (PID=1247) to work on /home/airflow/.local/lib/python3.7/site-packages/airflow/example_dags/tutorial_etl_dag.py
[2023-07-11 22:51:47,322] {processor.py:641} INFO - Processing file /home/airflow/.local/lib/python3.7/site-packages/airflow/example_dags/tutorial_etl_dag.py for tasks to queue
[2023-07-11 22:51:47,323] {logging_mixin.py:115} INFO - [2023-07-11 22:51:47,323] {dagbag.py:508} INFO - Filling up the DagBag from /home/airflow/.local/lib/python3.7/site-packages/airflow/example_dags/tutorial_etl_dag.py
[2023-07-11 22:51:47,331] {processor.py:651} INFO - DAG(s) dict_keys(['tutorial_etl_dag']) retrieved from /home/airflow/.local/lib/python3.7/site-packages/airflow/example_dags/tutorial_etl_dag.py
[2023-07-11 22:51:47,363] {logging_mixin.py:115} INFO - [2023-07-11 22:51:47,363] {dag.py:2420} INFO - Sync 1 DAGs
[2023-07-11 22:51:47,398] {logging_mixin.py:115} INFO - [2023-07-11 22:51:47,398] {dag.py:2972} INFO - Setting next_dagrun for tutorial_etl_dag to None, run_after=None
[2023-07-11 22:51:47,416] {processor.py:161} INFO - Processing /home/airflow/.local/lib/python3.7/site-packages/airflow/example_dags/tutorial_etl_dag.py took 0.099 seconds
[2023-07-11 22:52:17,762] {processor.py:153} INFO - Started process (PID=1297) to work on /home/airflow/.local/lib/python3.7/site-packages/airflow/example_dags/tutorial_etl_dag.py
[2023-07-11 22:52:17,767] {processor.py:641} INFO - Processing file /home/airflow/.local/lib/python3.7/site-packages/airflow/example_dags/tutorial_etl_dag.py for tasks to queue
[2023-07-11 22:52:17,768] {logging_mixin.py:115} INFO - [2023-07-11 22:52:17,768] {dagbag.py:508} INFO - Filling up the DagBag from /home/airflow/.local/lib/python3.7/site-packages/airflow/example_dags/tutorial_etl_dag.py
[2023-07-11 22:52:17,790] {processor.py:651} INFO - DAG(s) dict_keys(['tutorial_etl_dag']) retrieved from /home/airflow/.local/lib/python3.7/site-packages/airflow/example_dags/tutorial_etl_dag.py
[2023-07-11 22:52:17,884] {logging_mixin.py:115} INFO - [2023-07-11 22:52:17,877] {dag.py:2420} INFO - Sync 1 DAGs
[2023-07-11 22:52:17,956] {logging_mixin.py:115} INFO - [2023-07-11 22:52:17,956] {dag.py:2972} INFO - Setting next_dagrun for tutorial_etl_dag to None, run_after=None
[2023-07-11 22:52:17,987] {processor.py:161} INFO - Processing /home/airflow/.local/lib/python3.7/site-packages/airflow/example_dags/tutorial_etl_dag.py took 0.234 seconds
[2023-07-11 22:52:48,715] {processor.py:153} INFO - Started process (PID=1348) to work on /home/airflow/.local/lib/python3.7/site-packages/airflow/example_dags/tutorial_etl_dag.py
[2023-07-11 22:52:48,715] {processor.py:641} INFO - Processing file /home/airflow/.local/lib/python3.7/site-packages/airflow/example_dags/tutorial_etl_dag.py for tasks to queue
[2023-07-11 22:52:48,716] {logging_mixin.py:115} INFO - [2023-07-11 22:52:48,716] {dagbag.py:508} INFO - Filling up the DagBag from /home/airflow/.local/lib/python3.7/site-packages/airflow/example_dags/tutorial_etl_dag.py
[2023-07-11 22:52:48,727] {processor.py:651} INFO - DAG(s) dict_keys(['tutorial_etl_dag']) retrieved from /home/airflow/.local/lib/python3.7/site-packages/airflow/example_dags/tutorial_etl_dag.py
[2023-07-11 22:52:48,773] {logging_mixin.py:115} INFO - [2023-07-11 22:52:48,773] {dag.py:2420} INFO - Sync 1 DAGs
[2023-07-11 22:52:48,834] {logging_mixin.py:115} INFO - [2023-07-11 22:52:48,834] {dag.py:2972} INFO - Setting next_dagrun for tutorial_etl_dag to None, run_after=None
[2023-07-11 22:52:48,885] {processor.py:161} INFO - Processing /home/airflow/.local/lib/python3.7/site-packages/airflow/example_dags/tutorial_etl_dag.py took 0.178 seconds
[2023-07-11 22:53:19,522] {processor.py:153} INFO - Started process (PID=1405) to work on /home/airflow/.local/lib/python3.7/site-packages/airflow/example_dags/tutorial_etl_dag.py
[2023-07-11 22:53:19,523] {processor.py:641} INFO - Processing file /home/airflow/.local/lib/python3.7/site-packages/airflow/example_dags/tutorial_etl_dag.py for tasks to queue
[2023-07-11 22:53:19,524] {logging_mixin.py:115} INFO - [2023-07-11 22:53:19,524] {dagbag.py:508} INFO - Filling up the DagBag from /home/airflow/.local/lib/python3.7/site-packages/airflow/example_dags/tutorial_etl_dag.py
[2023-07-11 22:53:19,533] {processor.py:651} INFO - DAG(s) dict_keys(['tutorial_etl_dag']) retrieved from /home/airflow/.local/lib/python3.7/site-packages/airflow/example_dags/tutorial_etl_dag.py
[2023-07-11 22:53:19,579] {logging_mixin.py:115} INFO - [2023-07-11 22:53:19,579] {dag.py:2420} INFO - Sync 1 DAGs
[2023-07-11 22:53:19,622] {logging_mixin.py:115} INFO - [2023-07-11 22:53:19,622] {dag.py:2972} INFO - Setting next_dagrun for tutorial_etl_dag to None, run_after=None
[2023-07-11 22:53:19,643] {processor.py:161} INFO - Processing /home/airflow/.local/lib/python3.7/site-packages/airflow/example_dags/tutorial_etl_dag.py took 0.128 seconds
[2023-07-11 22:53:50,428] {processor.py:153} INFO - Started process (PID=1459) to work on /home/airflow/.local/lib/python3.7/site-packages/airflow/example_dags/tutorial_etl_dag.py
[2023-07-11 22:53:50,429] {processor.py:641} INFO - Processing file /home/airflow/.local/lib/python3.7/site-packages/airflow/example_dags/tutorial_etl_dag.py for tasks to queue
[2023-07-11 22:53:50,431] {logging_mixin.py:115} INFO - [2023-07-11 22:53:50,431] {dagbag.py:508} INFO - Filling up the DagBag from /home/airflow/.local/lib/python3.7/site-packages/airflow/example_dags/tutorial_etl_dag.py
[2023-07-11 22:53:50,444] {processor.py:651} INFO - DAG(s) dict_keys(['tutorial_etl_dag']) retrieved from /home/airflow/.local/lib/python3.7/site-packages/airflow/example_dags/tutorial_etl_dag.py
[2023-07-11 22:53:50,505] {logging_mixin.py:115} INFO - [2023-07-11 22:53:50,505] {dag.py:2420} INFO - Sync 1 DAGs
[2023-07-11 22:53:50,560] {logging_mixin.py:115} INFO - [2023-07-11 22:53:50,560] {dag.py:2972} INFO - Setting next_dagrun for tutorial_etl_dag to None, run_after=None
[2023-07-11 22:53:50,585] {processor.py:161} INFO - Processing /home/airflow/.local/lib/python3.7/site-packages/airflow/example_dags/tutorial_etl_dag.py took 0.167 seconds
[2023-07-11 22:54:21,237] {processor.py:153} INFO - Started process (PID=1510) to work on /home/airflow/.local/lib/python3.7/site-packages/airflow/example_dags/tutorial_etl_dag.py
[2023-07-11 22:54:21,238] {processor.py:641} INFO - Processing file /home/airflow/.local/lib/python3.7/site-packages/airflow/example_dags/tutorial_etl_dag.py for tasks to queue
[2023-07-11 22:54:21,238] {logging_mixin.py:115} INFO - [2023-07-11 22:54:21,238] {dagbag.py:508} INFO - Filling up the DagBag from /home/airflow/.local/lib/python3.7/site-packages/airflow/example_dags/tutorial_etl_dag.py
[2023-07-11 22:54:21,251] {processor.py:651} INFO - DAG(s) dict_keys(['tutorial_etl_dag']) retrieved from /home/airflow/.local/lib/python3.7/site-packages/airflow/example_dags/tutorial_etl_dag.py
[2023-07-11 22:54:21,317] {logging_mixin.py:115} INFO - [2023-07-11 22:54:21,317] {dag.py:2420} INFO - Sync 1 DAGs
[2023-07-11 22:54:21,382] {logging_mixin.py:115} INFO - [2023-07-11 22:54:21,381] {dag.py:2972} INFO - Setting next_dagrun for tutorial_etl_dag to None, run_after=None
[2023-07-11 22:54:21,426] {processor.py:161} INFO - Processing /home/airflow/.local/lib/python3.7/site-packages/airflow/example_dags/tutorial_etl_dag.py took 0.194 seconds
[2023-07-11 22:54:52,308] {processor.py:153} INFO - Started process (PID=1561) to work on /home/airflow/.local/lib/python3.7/site-packages/airflow/example_dags/tutorial_etl_dag.py
[2023-07-11 22:54:52,308] {processor.py:641} INFO - Processing file /home/airflow/.local/lib/python3.7/site-packages/airflow/example_dags/tutorial_etl_dag.py for tasks to queue
[2023-07-11 22:54:52,309] {logging_mixin.py:115} INFO - [2023-07-11 22:54:52,309] {dagbag.py:508} INFO - Filling up the DagBag from /home/airflow/.local/lib/python3.7/site-packages/airflow/example_dags/tutorial_etl_dag.py
[2023-07-11 22:54:52,319] {processor.py:651} INFO - DAG(s) dict_keys(['tutorial_etl_dag']) retrieved from /home/airflow/.local/lib/python3.7/site-packages/airflow/example_dags/tutorial_etl_dag.py
[2023-07-11 22:54:52,365] {logging_mixin.py:115} INFO - [2023-07-11 22:54:52,365] {dag.py:2420} INFO - Sync 1 DAGs
[2023-07-11 22:54:52,412] {logging_mixin.py:115} INFO - [2023-07-11 22:54:52,412] {dag.py:2972} INFO - Setting next_dagrun for tutorial_etl_dag to None, run_after=None
[2023-07-11 22:54:52,434] {processor.py:161} INFO - Processing /home/airflow/.local/lib/python3.7/site-packages/airflow/example_dags/tutorial_etl_dag.py took 0.131 seconds
[2023-07-11 22:55:22,582] {processor.py:153} INFO - Started process (PID=1613) to work on /home/airflow/.local/lib/python3.7/site-packages/airflow/example_dags/tutorial_etl_dag.py
[2023-07-11 22:55:22,584] {processor.py:641} INFO - Processing file /home/airflow/.local/lib/python3.7/site-packages/airflow/example_dags/tutorial_etl_dag.py for tasks to queue
[2023-07-11 22:55:22,585] {logging_mixin.py:115} INFO - [2023-07-11 22:55:22,585] {dagbag.py:508} INFO - Filling up the DagBag from /home/airflow/.local/lib/python3.7/site-packages/airflow/example_dags/tutorial_etl_dag.py
[2023-07-11 22:55:22,648] {processor.py:651} INFO - DAG(s) dict_keys(['tutorial_etl_dag']) retrieved from /home/airflow/.local/lib/python3.7/site-packages/airflow/example_dags/tutorial_etl_dag.py
[2023-07-11 22:55:22,816] {logging_mixin.py:115} INFO - [2023-07-11 22:55:22,816] {dag.py:2420} INFO - Sync 1 DAGs
[2023-07-11 22:55:22,882] {logging_mixin.py:115} INFO - [2023-07-11 22:55:22,881] {dag.py:2972} INFO - Setting next_dagrun for tutorial_etl_dag to None, run_after=None
[2023-07-11 22:55:22,923] {processor.py:161} INFO - Processing /home/airflow/.local/lib/python3.7/site-packages/airflow/example_dags/tutorial_etl_dag.py took 0.371 seconds
[2023-07-11 22:55:54,940] {processor.py:153} INFO - Started process (PID=1674) to work on /home/airflow/.local/lib/python3.7/site-packages/airflow/example_dags/tutorial_etl_dag.py
[2023-07-11 22:55:54,940] {processor.py:641} INFO - Processing file /home/airflow/.local/lib/python3.7/site-packages/airflow/example_dags/tutorial_etl_dag.py for tasks to queue
[2023-07-11 22:55:54,941] {logging_mixin.py:115} INFO - [2023-07-11 22:55:54,941] {dagbag.py:508} INFO - Filling up the DagBag from /home/airflow/.local/lib/python3.7/site-packages/airflow/example_dags/tutorial_etl_dag.py
[2023-07-11 22:55:54,986] {processor.py:651} INFO - DAG(s) dict_keys(['tutorial_etl_dag']) retrieved from /home/airflow/.local/lib/python3.7/site-packages/airflow/example_dags/tutorial_etl_dag.py
[2023-07-11 22:55:55,133] {logging_mixin.py:115} INFO - [2023-07-11 22:55:55,133] {dag.py:2420} INFO - Sync 1 DAGs
[2023-07-11 22:55:55,315] {logging_mixin.py:115} INFO - [2023-07-11 22:55:55,315] {dag.py:2972} INFO - Setting next_dagrun for tutorial_etl_dag to None, run_after=None
[2023-07-11 22:55:55,356] {processor.py:161} INFO - Processing /home/airflow/.local/lib/python3.7/site-packages/airflow/example_dags/tutorial_etl_dag.py took 0.427 seconds
[2023-07-11 22:56:25,508] {processor.py:153} INFO - Started process (PID=1726) to work on /home/airflow/.local/lib/python3.7/site-packages/airflow/example_dags/tutorial_etl_dag.py
[2023-07-11 22:56:25,510] {processor.py:641} INFO - Processing file /home/airflow/.local/lib/python3.7/site-packages/airflow/example_dags/tutorial_etl_dag.py for tasks to queue
[2023-07-11 22:56:25,511] {logging_mixin.py:115} INFO - [2023-07-11 22:56:25,511] {dagbag.py:508} INFO - Filling up the DagBag from /home/airflow/.local/lib/python3.7/site-packages/airflow/example_dags/tutorial_etl_dag.py
[2023-07-11 22:56:25,523] {processor.py:651} INFO - DAG(s) dict_keys(['tutorial_etl_dag']) retrieved from /home/airflow/.local/lib/python3.7/site-packages/airflow/example_dags/tutorial_etl_dag.py
[2023-07-11 22:56:25,558] {logging_mixin.py:115} INFO - [2023-07-11 22:56:25,558] {dag.py:2420} INFO - Sync 1 DAGs
[2023-07-11 22:56:25,588] {logging_mixin.py:115} INFO - [2023-07-11 22:56:25,588] {dag.py:2972} INFO - Setting next_dagrun for tutorial_etl_dag to None, run_after=None
[2023-07-11 22:56:25,605] {processor.py:161} INFO - Processing /home/airflow/.local/lib/python3.7/site-packages/airflow/example_dags/tutorial_etl_dag.py took 0.102 seconds
[2023-07-11 22:56:56,237] {processor.py:153} INFO - Started process (PID=1778) to work on /home/airflow/.local/lib/python3.7/site-packages/airflow/example_dags/tutorial_etl_dag.py
[2023-07-11 22:56:56,238] {processor.py:641} INFO - Processing file /home/airflow/.local/lib/python3.7/site-packages/airflow/example_dags/tutorial_etl_dag.py for tasks to queue
[2023-07-11 22:56:56,240] {logging_mixin.py:115} INFO - [2023-07-11 22:56:56,240] {dagbag.py:508} INFO - Filling up the DagBag from /home/airflow/.local/lib/python3.7/site-packages/airflow/example_dags/tutorial_etl_dag.py
[2023-07-11 22:56:56,262] {processor.py:651} INFO - DAG(s) dict_keys(['tutorial_etl_dag']) retrieved from /home/airflow/.local/lib/python3.7/site-packages/airflow/example_dags/tutorial_etl_dag.py
[2023-07-11 22:56:56,324] {logging_mixin.py:115} INFO - [2023-07-11 22:56:56,324] {dag.py:2420} INFO - Sync 1 DAGs
[2023-07-11 22:56:56,386] {logging_mixin.py:115} INFO - [2023-07-11 22:56:56,386] {dag.py:2972} INFO - Setting next_dagrun for tutorial_etl_dag to None, run_after=None
[2023-07-11 22:56:56,411] {processor.py:161} INFO - Processing /home/airflow/.local/lib/python3.7/site-packages/airflow/example_dags/tutorial_etl_dag.py took 0.188 seconds
[2023-07-11 22:57:27,103] {processor.py:153} INFO - Started process (PID=1829) to work on /home/airflow/.local/lib/python3.7/site-packages/airflow/example_dags/tutorial_etl_dag.py
[2023-07-11 22:57:27,105] {processor.py:641} INFO - Processing file /home/airflow/.local/lib/python3.7/site-packages/airflow/example_dags/tutorial_etl_dag.py for tasks to queue
[2023-07-11 22:57:27,106] {logging_mixin.py:115} INFO - [2023-07-11 22:57:27,106] {dagbag.py:508} INFO - Filling up the DagBag from /home/airflow/.local/lib/python3.7/site-packages/airflow/example_dags/tutorial_etl_dag.py
[2023-07-11 22:57:27,126] {processor.py:651} INFO - DAG(s) dict_keys(['tutorial_etl_dag']) retrieved from /home/airflow/.local/lib/python3.7/site-packages/airflow/example_dags/tutorial_etl_dag.py
[2023-07-11 22:57:27,195] {logging_mixin.py:115} INFO - [2023-07-11 22:57:27,195] {dag.py:2420} INFO - Sync 1 DAGs
[2023-07-11 22:57:27,248] {logging_mixin.py:115} INFO - [2023-07-11 22:57:27,247] {dag.py:2972} INFO - Setting next_dagrun for tutorial_etl_dag to None, run_after=None
[2023-07-11 22:57:27,275] {processor.py:161} INFO - Processing /home/airflow/.local/lib/python3.7/site-packages/airflow/example_dags/tutorial_etl_dag.py took 0.179 seconds
[2023-07-11 22:57:57,544] {processor.py:153} INFO - Started process (PID=1881) to work on /home/airflow/.local/lib/python3.7/site-packages/airflow/example_dags/tutorial_etl_dag.py
[2023-07-11 22:57:57,545] {processor.py:641} INFO - Processing file /home/airflow/.local/lib/python3.7/site-packages/airflow/example_dags/tutorial_etl_dag.py for tasks to queue
[2023-07-11 22:57:57,547] {logging_mixin.py:115} INFO - [2023-07-11 22:57:57,546] {dagbag.py:508} INFO - Filling up the DagBag from /home/airflow/.local/lib/python3.7/site-packages/airflow/example_dags/tutorial_etl_dag.py
[2023-07-11 22:57:57,565] {processor.py:651} INFO - DAG(s) dict_keys(['tutorial_etl_dag']) retrieved from /home/airflow/.local/lib/python3.7/site-packages/airflow/example_dags/tutorial_etl_dag.py
[2023-07-11 22:57:57,626] {logging_mixin.py:115} INFO - [2023-07-11 22:57:57,626] {dag.py:2420} INFO - Sync 1 DAGs
[2023-07-11 22:57:57,687] {logging_mixin.py:115} INFO - [2023-07-11 22:57:57,687] {dag.py:2972} INFO - Setting next_dagrun for tutorial_etl_dag to None, run_after=None
[2023-07-11 22:57:57,717] {processor.py:161} INFO - Processing /home/airflow/.local/lib/python3.7/site-packages/airflow/example_dags/tutorial_etl_dag.py took 0.180 seconds
[2023-07-11 22:58:28,091] {processor.py:153} INFO - Started process (PID=1940) to work on /home/airflow/.local/lib/python3.7/site-packages/airflow/example_dags/tutorial_etl_dag.py
[2023-07-11 22:58:28,091] {processor.py:641} INFO - Processing file /home/airflow/.local/lib/python3.7/site-packages/airflow/example_dags/tutorial_etl_dag.py for tasks to queue
[2023-07-11 22:58:28,092] {logging_mixin.py:115} INFO - [2023-07-11 22:58:28,092] {dagbag.py:508} INFO - Filling up the DagBag from /home/airflow/.local/lib/python3.7/site-packages/airflow/example_dags/tutorial_etl_dag.py
[2023-07-11 22:58:28,105] {processor.py:651} INFO - DAG(s) dict_keys(['tutorial_etl_dag']) retrieved from /home/airflow/.local/lib/python3.7/site-packages/airflow/example_dags/tutorial_etl_dag.py
[2023-07-11 22:58:28,153] {logging_mixin.py:115} INFO - [2023-07-11 22:58:28,152] {dag.py:2420} INFO - Sync 1 DAGs
[2023-07-11 22:58:28,204] {logging_mixin.py:115} INFO - [2023-07-11 22:58:28,204] {dag.py:2972} INFO - Setting next_dagrun for tutorial_etl_dag to None, run_after=None
[2023-07-11 22:58:28,226] {processor.py:161} INFO - Processing /home/airflow/.local/lib/python3.7/site-packages/airflow/example_dags/tutorial_etl_dag.py took 0.140 seconds
[2023-07-11 22:58:58,920] {processor.py:153} INFO - Started process (PID=1993) to work on /home/airflow/.local/lib/python3.7/site-packages/airflow/example_dags/tutorial_etl_dag.py
[2023-07-11 22:58:58,922] {processor.py:641} INFO - Processing file /home/airflow/.local/lib/python3.7/site-packages/airflow/example_dags/tutorial_etl_dag.py for tasks to queue
[2023-07-11 22:58:58,923] {logging_mixin.py:115} INFO - [2023-07-11 22:58:58,922] {dagbag.py:508} INFO - Filling up the DagBag from /home/airflow/.local/lib/python3.7/site-packages/airflow/example_dags/tutorial_etl_dag.py
[2023-07-11 22:58:58,945] {processor.py:651} INFO - DAG(s) dict_keys(['tutorial_etl_dag']) retrieved from /home/airflow/.local/lib/python3.7/site-packages/airflow/example_dags/tutorial_etl_dag.py
[2023-07-11 22:58:59,030] {logging_mixin.py:115} INFO - [2023-07-11 22:58:59,029] {dag.py:2420} INFO - Sync 1 DAGs
[2023-07-11 22:58:59,177] {logging_mixin.py:115} INFO - [2023-07-11 22:58:59,176] {dag.py:2972} INFO - Setting next_dagrun for tutorial_etl_dag to None, run_after=None
[2023-07-11 22:58:59,231] {processor.py:161} INFO - Processing /home/airflow/.local/lib/python3.7/site-packages/airflow/example_dags/tutorial_etl_dag.py took 0.320 seconds
[2023-07-11 22:59:29,972] {processor.py:153} INFO - Started process (PID=2045) to work on /home/airflow/.local/lib/python3.7/site-packages/airflow/example_dags/tutorial_etl_dag.py
[2023-07-11 22:59:29,977] {processor.py:641} INFO - Processing file /home/airflow/.local/lib/python3.7/site-packages/airflow/example_dags/tutorial_etl_dag.py for tasks to queue
[2023-07-11 22:59:29,979] {logging_mixin.py:115} INFO - [2023-07-11 22:59:29,978] {dagbag.py:508} INFO - Filling up the DagBag from /home/airflow/.local/lib/python3.7/site-packages/airflow/example_dags/tutorial_etl_dag.py
[2023-07-11 22:59:30,013] {processor.py:651} INFO - DAG(s) dict_keys(['tutorial_etl_dag']) retrieved from /home/airflow/.local/lib/python3.7/site-packages/airflow/example_dags/tutorial_etl_dag.py
[2023-07-11 22:59:30,110] {logging_mixin.py:115} INFO - [2023-07-11 22:59:30,109] {dag.py:2420} INFO - Sync 1 DAGs
[2023-07-11 22:59:30,215] {logging_mixin.py:115} INFO - [2023-07-11 22:59:30,215] {dag.py:2972} INFO - Setting next_dagrun for tutorial_etl_dag to None, run_after=None
[2023-07-11 22:59:30,396] {processor.py:161} INFO - Processing /home/airflow/.local/lib/python3.7/site-packages/airflow/example_dags/tutorial_etl_dag.py took 0.434 seconds
[2023-07-11 23:00:00,641] {processor.py:153} INFO - Started process (PID=2097) to work on /home/airflow/.local/lib/python3.7/site-packages/airflow/example_dags/tutorial_etl_dag.py
[2023-07-11 23:00:00,642] {processor.py:641} INFO - Processing file /home/airflow/.local/lib/python3.7/site-packages/airflow/example_dags/tutorial_etl_dag.py for tasks to queue
[2023-07-11 23:00:00,643] {logging_mixin.py:115} INFO - [2023-07-11 23:00:00,643] {dagbag.py:508} INFO - Filling up the DagBag from /home/airflow/.local/lib/python3.7/site-packages/airflow/example_dags/tutorial_etl_dag.py
[2023-07-11 23:00:00,651] {processor.py:651} INFO - DAG(s) dict_keys(['tutorial_etl_dag']) retrieved from /home/airflow/.local/lib/python3.7/site-packages/airflow/example_dags/tutorial_etl_dag.py
[2023-07-11 23:00:00,701] {logging_mixin.py:115} INFO - [2023-07-11 23:00:00,701] {dag.py:2420} INFO - Sync 1 DAGs
[2023-07-11 23:00:00,768] {logging_mixin.py:115} INFO - [2023-07-11 23:00:00,768] {dag.py:2972} INFO - Setting next_dagrun for tutorial_etl_dag to None, run_after=None
[2023-07-11 23:00:00,795] {processor.py:161} INFO - Processing /home/airflow/.local/lib/python3.7/site-packages/airflow/example_dags/tutorial_etl_dag.py took 0.162 seconds
[2023-07-11 23:00:31,915] {processor.py:153} INFO - Started process (PID=2149) to work on /home/airflow/.local/lib/python3.7/site-packages/airflow/example_dags/tutorial_etl_dag.py
[2023-07-11 23:00:31,916] {processor.py:641} INFO - Processing file /home/airflow/.local/lib/python3.7/site-packages/airflow/example_dags/tutorial_etl_dag.py for tasks to queue
[2023-07-11 23:00:31,917] {logging_mixin.py:115} INFO - [2023-07-11 23:00:31,917] {dagbag.py:508} INFO - Filling up the DagBag from /home/airflow/.local/lib/python3.7/site-packages/airflow/example_dags/tutorial_etl_dag.py
[2023-07-11 23:00:31,927] {processor.py:651} INFO - DAG(s) dict_keys(['tutorial_etl_dag']) retrieved from /home/airflow/.local/lib/python3.7/site-packages/airflow/example_dags/tutorial_etl_dag.py
[2023-07-11 23:00:31,993] {logging_mixin.py:115} INFO - [2023-07-11 23:00:31,993] {dag.py:2420} INFO - Sync 1 DAGs
[2023-07-11 23:00:32,057] {logging_mixin.py:115} INFO - [2023-07-11 23:00:32,057] {dag.py:2972} INFO - Setting next_dagrun for tutorial_etl_dag to None, run_after=None
[2023-07-11 23:00:32,088] {processor.py:161} INFO - Processing /home/airflow/.local/lib/python3.7/site-packages/airflow/example_dags/tutorial_etl_dag.py took 0.177 seconds
[2023-07-11 23:01:03,002] {processor.py:153} INFO - Started process (PID=2211) to work on /home/airflow/.local/lib/python3.7/site-packages/airflow/example_dags/tutorial_etl_dag.py
[2023-07-11 23:01:03,015] {processor.py:641} INFO - Processing file /home/airflow/.local/lib/python3.7/site-packages/airflow/example_dags/tutorial_etl_dag.py for tasks to queue
[2023-07-11 23:01:03,017] {logging_mixin.py:115} INFO - [2023-07-11 23:01:03,017] {dagbag.py:508} INFO - Filling up the DagBag from /home/airflow/.local/lib/python3.7/site-packages/airflow/example_dags/tutorial_etl_dag.py
[2023-07-11 23:01:03,083] {processor.py:651} INFO - DAG(s) dict_keys(['tutorial_etl_dag']) retrieved from /home/airflow/.local/lib/python3.7/site-packages/airflow/example_dags/tutorial_etl_dag.py
[2023-07-11 23:01:03,197] {logging_mixin.py:115} INFO - [2023-07-11 23:01:03,197] {dag.py:2420} INFO - Sync 1 DAGs
[2023-07-11 23:01:03,331] {logging_mixin.py:115} INFO - [2023-07-11 23:01:03,331] {dag.py:2972} INFO - Setting next_dagrun for tutorial_etl_dag to None, run_after=None
[2023-07-11 23:01:03,412] {processor.py:161} INFO - Processing /home/airflow/.local/lib/python3.7/site-packages/airflow/example_dags/tutorial_etl_dag.py took 0.438 seconds
[2023-07-11 23:01:34,125] {processor.py:153} INFO - Started process (PID=2262) to work on /home/airflow/.local/lib/python3.7/site-packages/airflow/example_dags/tutorial_etl_dag.py
[2023-07-11 23:01:34,126] {processor.py:641} INFO - Processing file /home/airflow/.local/lib/python3.7/site-packages/airflow/example_dags/tutorial_etl_dag.py for tasks to queue
[2023-07-11 23:01:34,127] {logging_mixin.py:115} INFO - [2023-07-11 23:01:34,127] {dagbag.py:508} INFO - Filling up the DagBag from /home/airflow/.local/lib/python3.7/site-packages/airflow/example_dags/tutorial_etl_dag.py
[2023-07-11 23:01:34,157] {processor.py:651} INFO - DAG(s) dict_keys(['tutorial_etl_dag']) retrieved from /home/airflow/.local/lib/python3.7/site-packages/airflow/example_dags/tutorial_etl_dag.py
[2023-07-11 23:01:34,244] {logging_mixin.py:115} INFO - [2023-07-11 23:01:34,244] {dag.py:2420} INFO - Sync 1 DAGs
[2023-07-11 23:01:34,320] {logging_mixin.py:115} INFO - [2023-07-11 23:01:34,320] {dag.py:2972} INFO - Setting next_dagrun for tutorial_etl_dag to None, run_after=None
[2023-07-11 23:01:34,395] {processor.py:161} INFO - Processing /home/airflow/.local/lib/python3.7/site-packages/airflow/example_dags/tutorial_etl_dag.py took 0.280 seconds
[2023-07-11 23:02:04,760] {processor.py:153} INFO - Started process (PID=2313) to work on /home/airflow/.local/lib/python3.7/site-packages/airflow/example_dags/tutorial_etl_dag.py
[2023-07-11 23:02:04,761] {processor.py:641} INFO - Processing file /home/airflow/.local/lib/python3.7/site-packages/airflow/example_dags/tutorial_etl_dag.py for tasks to queue
[2023-07-11 23:02:04,763] {logging_mixin.py:115} INFO - [2023-07-11 23:02:04,762] {dagbag.py:508} INFO - Filling up the DagBag from /home/airflow/.local/lib/python3.7/site-packages/airflow/example_dags/tutorial_etl_dag.py
[2023-07-11 23:02:04,777] {processor.py:651} INFO - DAG(s) dict_keys(['tutorial_etl_dag']) retrieved from /home/airflow/.local/lib/python3.7/site-packages/airflow/example_dags/tutorial_etl_dag.py
[2023-07-11 23:02:04,948] {logging_mixin.py:115} INFO - [2023-07-11 23:02:04,948] {dag.py:2420} INFO - Sync 1 DAGs
[2023-07-11 23:02:05,100] {logging_mixin.py:115} INFO - [2023-07-11 23:02:05,100] {dag.py:2972} INFO - Setting next_dagrun for tutorial_etl_dag to None, run_after=None
[2023-07-11 23:02:05,144] {processor.py:161} INFO - Processing /home/airflow/.local/lib/python3.7/site-packages/airflow/example_dags/tutorial_etl_dag.py took 0.393 seconds
[2023-07-11 23:02:35,841] {processor.py:153} INFO - Started process (PID=2365) to work on /home/airflow/.local/lib/python3.7/site-packages/airflow/example_dags/tutorial_etl_dag.py
[2023-07-11 23:02:35,845] {processor.py:641} INFO - Processing file /home/airflow/.local/lib/python3.7/site-packages/airflow/example_dags/tutorial_etl_dag.py for tasks to queue
[2023-07-11 23:02:35,847] {logging_mixin.py:115} INFO - [2023-07-11 23:02:35,846] {dagbag.py:508} INFO - Filling up the DagBag from /home/airflow/.local/lib/python3.7/site-packages/airflow/example_dags/tutorial_etl_dag.py
[2023-07-11 23:02:35,910] {processor.py:651} INFO - DAG(s) dict_keys(['tutorial_etl_dag']) retrieved from /home/airflow/.local/lib/python3.7/site-packages/airflow/example_dags/tutorial_etl_dag.py
[2023-07-11 23:02:36,104] {logging_mixin.py:115} INFO - [2023-07-11 23:02:36,103] {dag.py:2420} INFO - Sync 1 DAGs
[2023-07-11 23:02:36,223] {logging_mixin.py:115} INFO - [2023-07-11 23:02:36,222] {dag.py:2972} INFO - Setting next_dagrun for tutorial_etl_dag to None, run_after=None
[2023-07-11 23:02:36,278] {processor.py:161} INFO - Processing /home/airflow/.local/lib/python3.7/site-packages/airflow/example_dags/tutorial_etl_dag.py took 0.474 seconds
[2023-07-11 23:03:06,447] {processor.py:153} INFO - Started process (PID=2417) to work on /home/airflow/.local/lib/python3.7/site-packages/airflow/example_dags/tutorial_etl_dag.py
[2023-07-11 23:03:06,448] {processor.py:641} INFO - Processing file /home/airflow/.local/lib/python3.7/site-packages/airflow/example_dags/tutorial_etl_dag.py for tasks to queue
[2023-07-11 23:03:06,449] {logging_mixin.py:115} INFO - [2023-07-11 23:03:06,449] {dagbag.py:508} INFO - Filling up the DagBag from /home/airflow/.local/lib/python3.7/site-packages/airflow/example_dags/tutorial_etl_dag.py
[2023-07-11 23:03:06,473] {processor.py:651} INFO - DAG(s) dict_keys(['tutorial_etl_dag']) retrieved from /home/airflow/.local/lib/python3.7/site-packages/airflow/example_dags/tutorial_etl_dag.py
[2023-07-11 23:03:06,539] {logging_mixin.py:115} INFO - [2023-07-11 23:03:06,538] {dag.py:2420} INFO - Sync 1 DAGs
[2023-07-11 23:03:06,609] {logging_mixin.py:115} INFO - [2023-07-11 23:03:06,608] {dag.py:2972} INFO - Setting next_dagrun for tutorial_etl_dag to None, run_after=None
[2023-07-11 23:03:06,648] {processor.py:161} INFO - Processing /home/airflow/.local/lib/python3.7/site-packages/airflow/example_dags/tutorial_etl_dag.py took 0.207 seconds
[2023-07-11 23:03:37,042] {processor.py:153} INFO - Started process (PID=2477) to work on /home/airflow/.local/lib/python3.7/site-packages/airflow/example_dags/tutorial_etl_dag.py
[2023-07-11 23:03:37,051] {processor.py:641} INFO - Processing file /home/airflow/.local/lib/python3.7/site-packages/airflow/example_dags/tutorial_etl_dag.py for tasks to queue
[2023-07-11 23:03:37,053] {logging_mixin.py:115} INFO - [2023-07-11 23:03:37,052] {dagbag.py:508} INFO - Filling up the DagBag from /home/airflow/.local/lib/python3.7/site-packages/airflow/example_dags/tutorial_etl_dag.py
[2023-07-11 23:03:37,074] {processor.py:651} INFO - DAG(s) dict_keys(['tutorial_etl_dag']) retrieved from /home/airflow/.local/lib/python3.7/site-packages/airflow/example_dags/tutorial_etl_dag.py
[2023-07-11 23:03:37,162] {logging_mixin.py:115} INFO - [2023-07-11 23:03:37,162] {dag.py:2420} INFO - Sync 1 DAGs
[2023-07-11 23:03:37,238] {logging_mixin.py:115} INFO - [2023-07-11 23:03:37,237] {dag.py:2972} INFO - Setting next_dagrun for tutorial_etl_dag to None, run_after=None
[2023-07-11 23:03:37,321] {processor.py:161} INFO - Processing /home/airflow/.local/lib/python3.7/site-packages/airflow/example_dags/tutorial_etl_dag.py took 0.294 seconds
[2023-07-11 23:04:08,038] {processor.py:153} INFO - Started process (PID=2529) to work on /home/airflow/.local/lib/python3.7/site-packages/airflow/example_dags/tutorial_etl_dag.py
[2023-07-11 23:04:08,039] {processor.py:641} INFO - Processing file /home/airflow/.local/lib/python3.7/site-packages/airflow/example_dags/tutorial_etl_dag.py for tasks to queue
[2023-07-11 23:04:08,042] {logging_mixin.py:115} INFO - [2023-07-11 23:04:08,041] {dagbag.py:508} INFO - Filling up the DagBag from /home/airflow/.local/lib/python3.7/site-packages/airflow/example_dags/tutorial_etl_dag.py
[2023-07-11 23:04:08,065] {processor.py:651} INFO - DAG(s) dict_keys(['tutorial_etl_dag']) retrieved from /home/airflow/.local/lib/python3.7/site-packages/airflow/example_dags/tutorial_etl_dag.py
[2023-07-11 23:04:08,171] {logging_mixin.py:115} INFO - [2023-07-11 23:04:08,170] {dag.py:2420} INFO - Sync 1 DAGs
[2023-07-11 23:04:08,234] {logging_mixin.py:115} INFO - [2023-07-11 23:04:08,234] {dag.py:2972} INFO - Setting next_dagrun for tutorial_etl_dag to None, run_after=None
[2023-07-11 23:04:08,280] {processor.py:161} INFO - Processing /home/airflow/.local/lib/python3.7/site-packages/airflow/example_dags/tutorial_etl_dag.py took 0.251 seconds
[2023-07-11 23:04:39,096] {processor.py:153} INFO - Started process (PID=2581) to work on /home/airflow/.local/lib/python3.7/site-packages/airflow/example_dags/tutorial_etl_dag.py
[2023-07-11 23:04:39,098] {processor.py:641} INFO - Processing file /home/airflow/.local/lib/python3.7/site-packages/airflow/example_dags/tutorial_etl_dag.py for tasks to queue
[2023-07-11 23:04:39,100] {logging_mixin.py:115} INFO - [2023-07-11 23:04:39,100] {dagbag.py:508} INFO - Filling up the DagBag from /home/airflow/.local/lib/python3.7/site-packages/airflow/example_dags/tutorial_etl_dag.py
[2023-07-11 23:04:39,118] {processor.py:651} INFO - DAG(s) dict_keys(['tutorial_etl_dag']) retrieved from /home/airflow/.local/lib/python3.7/site-packages/airflow/example_dags/tutorial_etl_dag.py
[2023-07-11 23:04:39,175] {logging_mixin.py:115} INFO - [2023-07-11 23:04:39,175] {dag.py:2420} INFO - Sync 1 DAGs
[2023-07-11 23:04:39,222] {logging_mixin.py:115} INFO - [2023-07-11 23:04:39,222] {dag.py:2972} INFO - Setting next_dagrun for tutorial_etl_dag to None, run_after=None
[2023-07-11 23:04:39,240] {processor.py:161} INFO - Processing /home/airflow/.local/lib/python3.7/site-packages/airflow/example_dags/tutorial_etl_dag.py took 0.155 seconds
[2023-07-11 23:05:09,933] {processor.py:153} INFO - Started process (PID=2633) to work on /home/airflow/.local/lib/python3.7/site-packages/airflow/example_dags/tutorial_etl_dag.py
[2023-07-11 23:05:09,934] {processor.py:641} INFO - Processing file /home/airflow/.local/lib/python3.7/site-packages/airflow/example_dags/tutorial_etl_dag.py for tasks to queue
[2023-07-11 23:05:09,935] {logging_mixin.py:115} INFO - [2023-07-11 23:05:09,935] {dagbag.py:508} INFO - Filling up the DagBag from /home/airflow/.local/lib/python3.7/site-packages/airflow/example_dags/tutorial_etl_dag.py
[2023-07-11 23:05:09,951] {processor.py:651} INFO - DAG(s) dict_keys(['tutorial_etl_dag']) retrieved from /home/airflow/.local/lib/python3.7/site-packages/airflow/example_dags/tutorial_etl_dag.py
[2023-07-11 23:05:10,024] {logging_mixin.py:115} INFO - [2023-07-11 23:05:10,024] {dag.py:2420} INFO - Sync 1 DAGs
[2023-07-11 23:05:10,119] {logging_mixin.py:115} INFO - [2023-07-11 23:05:10,118] {dag.py:2972} INFO - Setting next_dagrun for tutorial_etl_dag to None, run_after=None
[2023-07-11 23:05:10,162] {processor.py:161} INFO - Processing /home/airflow/.local/lib/python3.7/site-packages/airflow/example_dags/tutorial_etl_dag.py took 0.235 seconds
[2023-07-11 23:05:40,414] {processor.py:153} INFO - Started process (PID=2685) to work on /home/airflow/.local/lib/python3.7/site-packages/airflow/example_dags/tutorial_etl_dag.py
[2023-07-11 23:05:40,415] {processor.py:641} INFO - Processing file /home/airflow/.local/lib/python3.7/site-packages/airflow/example_dags/tutorial_etl_dag.py for tasks to queue
[2023-07-11 23:05:40,416] {logging_mixin.py:115} INFO - [2023-07-11 23:05:40,416] {dagbag.py:508} INFO - Filling up the DagBag from /home/airflow/.local/lib/python3.7/site-packages/airflow/example_dags/tutorial_etl_dag.py
[2023-07-11 23:05:40,428] {processor.py:651} INFO - DAG(s) dict_keys(['tutorial_etl_dag']) retrieved from /home/airflow/.local/lib/python3.7/site-packages/airflow/example_dags/tutorial_etl_dag.py
[2023-07-11 23:05:40,468] {logging_mixin.py:115} INFO - [2023-07-11 23:05:40,468] {dag.py:2420} INFO - Sync 1 DAGs
[2023-07-11 23:05:40,507] {logging_mixin.py:115} INFO - [2023-07-11 23:05:40,507] {dag.py:2972} INFO - Setting next_dagrun for tutorial_etl_dag to None, run_after=None
[2023-07-11 23:05:40,542] {processor.py:161} INFO - Processing /home/airflow/.local/lib/python3.7/site-packages/airflow/example_dags/tutorial_etl_dag.py took 0.133 seconds
[2023-07-11 23:06:10,988] {processor.py:153} INFO - Started process (PID=2737) to work on /home/airflow/.local/lib/python3.7/site-packages/airflow/example_dags/tutorial_etl_dag.py
[2023-07-11 23:06:10,991] {processor.py:641} INFO - Processing file /home/airflow/.local/lib/python3.7/site-packages/airflow/example_dags/tutorial_etl_dag.py for tasks to queue
[2023-07-11 23:06:10,993] {logging_mixin.py:115} INFO - [2023-07-11 23:06:10,993] {dagbag.py:508} INFO - Filling up the DagBag from /home/airflow/.local/lib/python3.7/site-packages/airflow/example_dags/tutorial_etl_dag.py
[2023-07-11 23:06:11,023] {processor.py:651} INFO - DAG(s) dict_keys(['tutorial_etl_dag']) retrieved from /home/airflow/.local/lib/python3.7/site-packages/airflow/example_dags/tutorial_etl_dag.py
[2023-07-11 23:06:11,383] {logging_mixin.py:115} INFO - [2023-07-11 23:06:11,383] {dag.py:2420} INFO - Sync 1 DAGs
[2023-07-11 23:06:11,540] {logging_mixin.py:115} INFO - [2023-07-11 23:06:11,540] {dag.py:2972} INFO - Setting next_dagrun for tutorial_etl_dag to None, run_after=None
[2023-07-11 23:06:11,621] {processor.py:161} INFO - Processing /home/airflow/.local/lib/python3.7/site-packages/airflow/example_dags/tutorial_etl_dag.py took 0.645 seconds
[2023-07-11 23:06:41,711] {processor.py:153} INFO - Started process (PID=2788) to work on /home/airflow/.local/lib/python3.7/site-packages/airflow/example_dags/tutorial_etl_dag.py
[2023-07-11 23:06:41,712] {processor.py:641} INFO - Processing file /home/airflow/.local/lib/python3.7/site-packages/airflow/example_dags/tutorial_etl_dag.py for tasks to queue
[2023-07-11 23:06:41,714] {logging_mixin.py:115} INFO - [2023-07-11 23:06:41,714] {dagbag.py:508} INFO - Filling up the DagBag from /home/airflow/.local/lib/python3.7/site-packages/airflow/example_dags/tutorial_etl_dag.py
[2023-07-11 23:06:41,751] {processor.py:651} INFO - DAG(s) dict_keys(['tutorial_etl_dag']) retrieved from /home/airflow/.local/lib/python3.7/site-packages/airflow/example_dags/tutorial_etl_dag.py
[2023-07-11 23:06:41,831] {logging_mixin.py:115} INFO - [2023-07-11 23:06:41,830] {dag.py:2420} INFO - Sync 1 DAGs
[2023-07-11 23:06:41,947] {logging_mixin.py:115} INFO - [2023-07-11 23:06:41,947] {dag.py:2972} INFO - Setting next_dagrun for tutorial_etl_dag to None, run_after=None
[2023-07-11 23:06:41,993] {processor.py:161} INFO - Processing /home/airflow/.local/lib/python3.7/site-packages/airflow/example_dags/tutorial_etl_dag.py took 0.288 seconds
[2023-07-11 23:07:12,838] {processor.py:153} INFO - Started process (PID=2849) to work on /home/airflow/.local/lib/python3.7/site-packages/airflow/example_dags/tutorial_etl_dag.py
[2023-07-11 23:07:12,839] {processor.py:641} INFO - Processing file /home/airflow/.local/lib/python3.7/site-packages/airflow/example_dags/tutorial_etl_dag.py for tasks to queue
[2023-07-11 23:07:12,840] {logging_mixin.py:115} INFO - [2023-07-11 23:07:12,840] {dagbag.py:508} INFO - Filling up the DagBag from /home/airflow/.local/lib/python3.7/site-packages/airflow/example_dags/tutorial_etl_dag.py
[2023-07-11 23:07:12,870] {processor.py:651} INFO - DAG(s) dict_keys(['tutorial_etl_dag']) retrieved from /home/airflow/.local/lib/python3.7/site-packages/airflow/example_dags/tutorial_etl_dag.py
[2023-07-11 23:07:12,953] {logging_mixin.py:115} INFO - [2023-07-11 23:07:12,953] {dag.py:2420} INFO - Sync 1 DAGs
[2023-07-11 23:07:13,041] {logging_mixin.py:115} INFO - [2023-07-11 23:07:13,041] {dag.py:2972} INFO - Setting next_dagrun for tutorial_etl_dag to None, run_after=None
[2023-07-11 23:07:13,069] {processor.py:161} INFO - Processing /home/airflow/.local/lib/python3.7/site-packages/airflow/example_dags/tutorial_etl_dag.py took 0.239 seconds
[2023-07-11 23:07:43,172] {processor.py:153} INFO - Started process (PID=2899) to work on /home/airflow/.local/lib/python3.7/site-packages/airflow/example_dags/tutorial_etl_dag.py
[2023-07-11 23:07:43,173] {processor.py:641} INFO - Processing file /home/airflow/.local/lib/python3.7/site-packages/airflow/example_dags/tutorial_etl_dag.py for tasks to queue
[2023-07-11 23:07:43,174] {logging_mixin.py:115} INFO - [2023-07-11 23:07:43,174] {dagbag.py:508} INFO - Filling up the DagBag from /home/airflow/.local/lib/python3.7/site-packages/airflow/example_dags/tutorial_etl_dag.py
[2023-07-11 23:07:43,186] {processor.py:651} INFO - DAG(s) dict_keys(['tutorial_etl_dag']) retrieved from /home/airflow/.local/lib/python3.7/site-packages/airflow/example_dags/tutorial_etl_dag.py
[2023-07-11 23:07:43,237] {logging_mixin.py:115} INFO - [2023-07-11 23:07:43,237] {dag.py:2420} INFO - Sync 1 DAGs
[2023-07-11 23:07:43,302] {logging_mixin.py:115} INFO - [2023-07-11 23:07:43,302] {dag.py:2972} INFO - Setting next_dagrun for tutorial_etl_dag to None, run_after=None
[2023-07-11 23:07:43,358] {processor.py:161} INFO - Processing /home/airflow/.local/lib/python3.7/site-packages/airflow/example_dags/tutorial_etl_dag.py took 0.190 seconds
[2023-07-11 23:08:14,112] {processor.py:153} INFO - Started process (PID=2951) to work on /home/airflow/.local/lib/python3.7/site-packages/airflow/example_dags/tutorial_etl_dag.py
[2023-07-11 23:08:14,114] {processor.py:641} INFO - Processing file /home/airflow/.local/lib/python3.7/site-packages/airflow/example_dags/tutorial_etl_dag.py for tasks to queue
[2023-07-11 23:08:14,116] {logging_mixin.py:115} INFO - [2023-07-11 23:08:14,116] {dagbag.py:508} INFO - Filling up the DagBag from /home/airflow/.local/lib/python3.7/site-packages/airflow/example_dags/tutorial_etl_dag.py
[2023-07-11 23:08:14,141] {processor.py:651} INFO - DAG(s) dict_keys(['tutorial_etl_dag']) retrieved from /home/airflow/.local/lib/python3.7/site-packages/airflow/example_dags/tutorial_etl_dag.py
[2023-07-11 23:08:14,268] {logging_mixin.py:115} INFO - [2023-07-11 23:08:14,267] {dag.py:2420} INFO - Sync 1 DAGs
[2023-07-11 23:08:14,339] {logging_mixin.py:115} INFO - [2023-07-11 23:08:14,339] {dag.py:2972} INFO - Setting next_dagrun for tutorial_etl_dag to None, run_after=None
[2023-07-11 23:08:14,383] {processor.py:161} INFO - Processing /home/airflow/.local/lib/python3.7/site-packages/airflow/example_dags/tutorial_etl_dag.py took 0.283 seconds
[2023-07-11 23:08:44,814] {processor.py:153} INFO - Started process (PID=3003) to work on /home/airflow/.local/lib/python3.7/site-packages/airflow/example_dags/tutorial_etl_dag.py
[2023-07-11 23:08:44,821] {processor.py:641} INFO - Processing file /home/airflow/.local/lib/python3.7/site-packages/airflow/example_dags/tutorial_etl_dag.py for tasks to queue
[2023-07-11 23:08:44,822] {logging_mixin.py:115} INFO - [2023-07-11 23:08:44,822] {dagbag.py:508} INFO - Filling up the DagBag from /home/airflow/.local/lib/python3.7/site-packages/airflow/example_dags/tutorial_etl_dag.py
[2023-07-11 23:08:44,902] {processor.py:651} INFO - DAG(s) dict_keys(['tutorial_etl_dag']) retrieved from /home/airflow/.local/lib/python3.7/site-packages/airflow/example_dags/tutorial_etl_dag.py
[2023-07-11 23:08:45,045] {logging_mixin.py:115} INFO - [2023-07-11 23:08:45,045] {dag.py:2420} INFO - Sync 1 DAGs
[2023-07-11 23:08:45,144] {logging_mixin.py:115} INFO - [2023-07-11 23:08:45,143] {dag.py:2972} INFO - Setting next_dagrun for tutorial_etl_dag to None, run_after=None
[2023-07-11 23:08:45,205] {processor.py:161} INFO - Processing /home/airflow/.local/lib/python3.7/site-packages/airflow/example_dags/tutorial_etl_dag.py took 0.407 seconds
[2023-07-11 23:09:15,821] {processor.py:153} INFO - Started process (PID=3055) to work on /home/airflow/.local/lib/python3.7/site-packages/airflow/example_dags/tutorial_etl_dag.py
[2023-07-11 23:09:15,822] {processor.py:641} INFO - Processing file /home/airflow/.local/lib/python3.7/site-packages/airflow/example_dags/tutorial_etl_dag.py for tasks to queue
[2023-07-11 23:09:15,823] {logging_mixin.py:115} INFO - [2023-07-11 23:09:15,823] {dagbag.py:508} INFO - Filling up the DagBag from /home/airflow/.local/lib/python3.7/site-packages/airflow/example_dags/tutorial_etl_dag.py
[2023-07-11 23:09:15,847] {processor.py:651} INFO - DAG(s) dict_keys(['tutorial_etl_dag']) retrieved from /home/airflow/.local/lib/python3.7/site-packages/airflow/example_dags/tutorial_etl_dag.py
[2023-07-11 23:09:15,939] {logging_mixin.py:115} INFO - [2023-07-11 23:09:15,935] {dag.py:2420} INFO - Sync 1 DAGs
[2023-07-11 23:09:16,071] {logging_mixin.py:115} INFO - [2023-07-11 23:09:16,071] {dag.py:2972} INFO - Setting next_dagrun for tutorial_etl_dag to None, run_after=None
[2023-07-11 23:09:16,154] {processor.py:161} INFO - Processing /home/airflow/.local/lib/python3.7/site-packages/airflow/example_dags/tutorial_etl_dag.py took 0.342 seconds
[2023-07-11 23:09:46,676] {processor.py:153} INFO - Started process (PID=3116) to work on /home/airflow/.local/lib/python3.7/site-packages/airflow/example_dags/tutorial_etl_dag.py
[2023-07-11 23:09:46,678] {processor.py:641} INFO - Processing file /home/airflow/.local/lib/python3.7/site-packages/airflow/example_dags/tutorial_etl_dag.py for tasks to queue
[2023-07-11 23:09:46,680] {logging_mixin.py:115} INFO - [2023-07-11 23:09:46,679] {dagbag.py:508} INFO - Filling up the DagBag from /home/airflow/.local/lib/python3.7/site-packages/airflow/example_dags/tutorial_etl_dag.py
[2023-07-11 23:09:46,696] {processor.py:651} INFO - DAG(s) dict_keys(['tutorial_etl_dag']) retrieved from /home/airflow/.local/lib/python3.7/site-packages/airflow/example_dags/tutorial_etl_dag.py
[2023-07-11 23:09:46,760] {logging_mixin.py:115} INFO - [2023-07-11 23:09:46,760] {dag.py:2420} INFO - Sync 1 DAGs
[2023-07-11 23:09:46,837] {logging_mixin.py:115} INFO - [2023-07-11 23:09:46,836] {dag.py:2972} INFO - Setting next_dagrun for tutorial_etl_dag to None, run_after=None
[2023-07-11 23:09:46,891] {processor.py:161} INFO - Processing /home/airflow/.local/lib/python3.7/site-packages/airflow/example_dags/tutorial_etl_dag.py took 0.223 seconds
[2023-07-11 23:10:17,110] {processor.py:153} INFO - Started process (PID=3167) to work on /home/airflow/.local/lib/python3.7/site-packages/airflow/example_dags/tutorial_etl_dag.py
[2023-07-11 23:10:17,111] {processor.py:641} INFO - Processing file /home/airflow/.local/lib/python3.7/site-packages/airflow/example_dags/tutorial_etl_dag.py for tasks to queue
[2023-07-11 23:10:17,111] {logging_mixin.py:115} INFO - [2023-07-11 23:10:17,111] {dagbag.py:508} INFO - Filling up the DagBag from /home/airflow/.local/lib/python3.7/site-packages/airflow/example_dags/tutorial_etl_dag.py
[2023-07-11 23:10:17,127] {processor.py:651} INFO - DAG(s) dict_keys(['tutorial_etl_dag']) retrieved from /home/airflow/.local/lib/python3.7/site-packages/airflow/example_dags/tutorial_etl_dag.py
[2023-07-11 23:10:17,163] {logging_mixin.py:115} INFO - [2023-07-11 23:10:17,163] {dag.py:2420} INFO - Sync 1 DAGs
[2023-07-11 23:10:17,205] {logging_mixin.py:115} INFO - [2023-07-11 23:10:17,205] {dag.py:2972} INFO - Setting next_dagrun for tutorial_etl_dag to None, run_after=None
[2023-07-11 23:10:17,224] {processor.py:161} INFO - Processing /home/airflow/.local/lib/python3.7/site-packages/airflow/example_dags/tutorial_etl_dag.py took 0.118 seconds
[2023-07-11 23:10:47,772] {processor.py:153} INFO - Started process (PID=3220) to work on /home/airflow/.local/lib/python3.7/site-packages/airflow/example_dags/tutorial_etl_dag.py
[2023-07-11 23:10:47,773] {processor.py:641} INFO - Processing file /home/airflow/.local/lib/python3.7/site-packages/airflow/example_dags/tutorial_etl_dag.py for tasks to queue
[2023-07-11 23:10:47,774] {logging_mixin.py:115} INFO - [2023-07-11 23:10:47,774] {dagbag.py:508} INFO - Filling up the DagBag from /home/airflow/.local/lib/python3.7/site-packages/airflow/example_dags/tutorial_etl_dag.py
[2023-07-11 23:10:47,791] {processor.py:651} INFO - DAG(s) dict_keys(['tutorial_etl_dag']) retrieved from /home/airflow/.local/lib/python3.7/site-packages/airflow/example_dags/tutorial_etl_dag.py
[2023-07-11 23:10:47,858] {logging_mixin.py:115} INFO - [2023-07-11 23:10:47,858] {dag.py:2420} INFO - Sync 1 DAGs
[2023-07-11 23:10:47,945] {logging_mixin.py:115} INFO - [2023-07-11 23:10:47,945] {dag.py:2972} INFO - Setting next_dagrun for tutorial_etl_dag to None, run_after=None
[2023-07-11 23:10:48,002] {processor.py:161} INFO - Processing /home/airflow/.local/lib/python3.7/site-packages/airflow/example_dags/tutorial_etl_dag.py took 0.239 seconds
[2023-07-11 23:11:18,737] {processor.py:153} INFO - Started process (PID=3271) to work on /home/airflow/.local/lib/python3.7/site-packages/airflow/example_dags/tutorial_etl_dag.py
[2023-07-11 23:11:18,738] {processor.py:641} INFO - Processing file /home/airflow/.local/lib/python3.7/site-packages/airflow/example_dags/tutorial_etl_dag.py for tasks to queue
[2023-07-11 23:11:18,739] {logging_mixin.py:115} INFO - [2023-07-11 23:11:18,739] {dagbag.py:508} INFO - Filling up the DagBag from /home/airflow/.local/lib/python3.7/site-packages/airflow/example_dags/tutorial_etl_dag.py
[2023-07-11 23:11:18,756] {processor.py:651} INFO - DAG(s) dict_keys(['tutorial_etl_dag']) retrieved from /home/airflow/.local/lib/python3.7/site-packages/airflow/example_dags/tutorial_etl_dag.py
[2023-07-11 23:11:18,819] {logging_mixin.py:115} INFO - [2023-07-11 23:11:18,819] {dag.py:2420} INFO - Sync 1 DAGs
[2023-07-11 23:11:18,900] {logging_mixin.py:115} INFO - [2023-07-11 23:11:18,900] {dag.py:2972} INFO - Setting next_dagrun for tutorial_etl_dag to None, run_after=None
[2023-07-11 23:11:18,936] {processor.py:161} INFO - Processing /home/airflow/.local/lib/python3.7/site-packages/airflow/example_dags/tutorial_etl_dag.py took 0.208 seconds
[2023-07-11 23:11:49,562] {processor.py:153} INFO - Started process (PID=3331) to work on /home/airflow/.local/lib/python3.7/site-packages/airflow/example_dags/tutorial_etl_dag.py
[2023-07-11 23:11:49,563] {processor.py:641} INFO - Processing file /home/airflow/.local/lib/python3.7/site-packages/airflow/example_dags/tutorial_etl_dag.py for tasks to queue
[2023-07-11 23:11:49,566] {logging_mixin.py:115} INFO - [2023-07-11 23:11:49,565] {dagbag.py:508} INFO - Filling up the DagBag from /home/airflow/.local/lib/python3.7/site-packages/airflow/example_dags/tutorial_etl_dag.py
[2023-07-11 23:11:49,582] {processor.py:651} INFO - DAG(s) dict_keys(['tutorial_etl_dag']) retrieved from /home/airflow/.local/lib/python3.7/site-packages/airflow/example_dags/tutorial_etl_dag.py
[2023-07-11 23:11:49,631] {logging_mixin.py:115} INFO - [2023-07-11 23:11:49,631] {dag.py:2420} INFO - Sync 1 DAGs
[2023-07-11 23:11:49,680] {logging_mixin.py:115} INFO - [2023-07-11 23:11:49,680] {dag.py:2972} INFO - Setting next_dagrun for tutorial_etl_dag to None, run_after=None
[2023-07-11 23:11:49,706] {processor.py:161} INFO - Processing /home/airflow/.local/lib/python3.7/site-packages/airflow/example_dags/tutorial_etl_dag.py took 0.150 seconds
[2023-07-11 23:12:20,128] {processor.py:153} INFO - Started process (PID=3383) to work on /home/airflow/.local/lib/python3.7/site-packages/airflow/example_dags/tutorial_etl_dag.py
[2023-07-11 23:12:20,128] {processor.py:641} INFO - Processing file /home/airflow/.local/lib/python3.7/site-packages/airflow/example_dags/tutorial_etl_dag.py for tasks to queue
[2023-07-11 23:12:20,129] {logging_mixin.py:115} INFO - [2023-07-11 23:12:20,129] {dagbag.py:508} INFO - Filling up the DagBag from /home/airflow/.local/lib/python3.7/site-packages/airflow/example_dags/tutorial_etl_dag.py
[2023-07-11 23:12:20,152] {processor.py:651} INFO - DAG(s) dict_keys(['tutorial_etl_dag']) retrieved from /home/airflow/.local/lib/python3.7/site-packages/airflow/example_dags/tutorial_etl_dag.py
[2023-07-11 23:12:20,219] {logging_mixin.py:115} INFO - [2023-07-11 23:12:20,218] {dag.py:2420} INFO - Sync 1 DAGs
[2023-07-11 23:12:20,273] {logging_mixin.py:115} INFO - [2023-07-11 23:12:20,273] {dag.py:2972} INFO - Setting next_dagrun for tutorial_etl_dag to None, run_after=None
[2023-07-11 23:12:20,326] {processor.py:161} INFO - Processing /home/airflow/.local/lib/python3.7/site-packages/airflow/example_dags/tutorial_etl_dag.py took 0.208 seconds
[2023-07-11 23:12:50,455] {processor.py:153} INFO - Started process (PID=3434) to work on /home/airflow/.local/lib/python3.7/site-packages/airflow/example_dags/tutorial_etl_dag.py
[2023-07-11 23:12:50,456] {processor.py:641} INFO - Processing file /home/airflow/.local/lib/python3.7/site-packages/airflow/example_dags/tutorial_etl_dag.py for tasks to queue
[2023-07-11 23:12:50,457] {logging_mixin.py:115} INFO - [2023-07-11 23:12:50,457] {dagbag.py:508} INFO - Filling up the DagBag from /home/airflow/.local/lib/python3.7/site-packages/airflow/example_dags/tutorial_etl_dag.py
[2023-07-11 23:12:50,465] {processor.py:651} INFO - DAG(s) dict_keys(['tutorial_etl_dag']) retrieved from /home/airflow/.local/lib/python3.7/site-packages/airflow/example_dags/tutorial_etl_dag.py
[2023-07-11 23:12:50,496] {logging_mixin.py:115} INFO - [2023-07-11 23:12:50,496] {dag.py:2420} INFO - Sync 1 DAGs
[2023-07-11 23:12:50,532] {logging_mixin.py:115} INFO - [2023-07-11 23:12:50,532] {dag.py:2972} INFO - Setting next_dagrun for tutorial_etl_dag to None, run_after=None
[2023-07-11 23:12:50,560] {processor.py:161} INFO - Processing /home/airflow/.local/lib/python3.7/site-packages/airflow/example_dags/tutorial_etl_dag.py took 0.110 seconds
[2023-07-11 23:13:20,675] {processor.py:153} INFO - Started process (PID=3486) to work on /home/airflow/.local/lib/python3.7/site-packages/airflow/example_dags/tutorial_etl_dag.py
[2023-07-11 23:13:20,676] {processor.py:641} INFO - Processing file /home/airflow/.local/lib/python3.7/site-packages/airflow/example_dags/tutorial_etl_dag.py for tasks to queue
[2023-07-11 23:13:20,677] {logging_mixin.py:115} INFO - [2023-07-11 23:13:20,677] {dagbag.py:508} INFO - Filling up the DagBag from /home/airflow/.local/lib/python3.7/site-packages/airflow/example_dags/tutorial_etl_dag.py
[2023-07-11 23:13:20,691] {processor.py:651} INFO - DAG(s) dict_keys(['tutorial_etl_dag']) retrieved from /home/airflow/.local/lib/python3.7/site-packages/airflow/example_dags/tutorial_etl_dag.py
[2023-07-11 23:13:20,779] {logging_mixin.py:115} INFO - [2023-07-11 23:13:20,779] {dag.py:2420} INFO - Sync 1 DAGs
[2023-07-11 23:13:20,848] {logging_mixin.py:115} INFO - [2023-07-11 23:13:20,848] {dag.py:2972} INFO - Setting next_dagrun for tutorial_etl_dag to None, run_after=None
[2023-07-11 23:13:20,878] {processor.py:161} INFO - Processing /home/airflow/.local/lib/python3.7/site-packages/airflow/example_dags/tutorial_etl_dag.py took 0.213 seconds
[2023-07-11 23:13:51,414] {processor.py:153} INFO - Started process (PID=3538) to work on /home/airflow/.local/lib/python3.7/site-packages/airflow/example_dags/tutorial_etl_dag.py
[2023-07-11 23:13:51,430] {processor.py:641} INFO - Processing file /home/airflow/.local/lib/python3.7/site-packages/airflow/example_dags/tutorial_etl_dag.py for tasks to queue
[2023-07-11 23:13:51,432] {logging_mixin.py:115} INFO - [2023-07-11 23:13:51,431] {dagbag.py:508} INFO - Filling up the DagBag from /home/airflow/.local/lib/python3.7/site-packages/airflow/example_dags/tutorial_etl_dag.py
[2023-07-11 23:13:51,456] {processor.py:651} INFO - DAG(s) dict_keys(['tutorial_etl_dag']) retrieved from /home/airflow/.local/lib/python3.7/site-packages/airflow/example_dags/tutorial_etl_dag.py
[2023-07-11 23:13:51,532] {logging_mixin.py:115} INFO - [2023-07-11 23:13:51,532] {dag.py:2420} INFO - Sync 1 DAGs
[2023-07-11 23:13:51,585] {logging_mixin.py:115} INFO - [2023-07-11 23:13:51,584] {dag.py:2972} INFO - Setting next_dagrun for tutorial_etl_dag to None, run_after=None
[2023-07-11 23:13:51,632] {processor.py:161} INFO - Processing /home/airflow/.local/lib/python3.7/site-packages/airflow/example_dags/tutorial_etl_dag.py took 0.224 seconds
[2023-07-11 23:14:23,407] {processor.py:153} INFO - Started process (PID=3598) to work on /home/airflow/.local/lib/python3.7/site-packages/airflow/example_dags/tutorial_etl_dag.py
[2023-07-11 23:14:23,409] {processor.py:641} INFO - Processing file /home/airflow/.local/lib/python3.7/site-packages/airflow/example_dags/tutorial_etl_dag.py for tasks to queue
[2023-07-11 23:14:23,410] {logging_mixin.py:115} INFO - [2023-07-11 23:14:23,410] {dagbag.py:508} INFO - Filling up the DagBag from /home/airflow/.local/lib/python3.7/site-packages/airflow/example_dags/tutorial_etl_dag.py
[2023-07-11 23:14:23,487] {processor.py:651} INFO - DAG(s) dict_keys(['tutorial_etl_dag']) retrieved from /home/airflow/.local/lib/python3.7/site-packages/airflow/example_dags/tutorial_etl_dag.py
[2023-07-11 23:14:23,672] {logging_mixin.py:115} INFO - [2023-07-11 23:14:23,672] {dag.py:2420} INFO - Sync 1 DAGs
[2023-07-11 23:14:23,788] {logging_mixin.py:115} INFO - [2023-07-11 23:14:23,788] {dag.py:2972} INFO - Setting next_dagrun for tutorial_etl_dag to None, run_after=None
[2023-07-11 23:14:23,857] {processor.py:161} INFO - Processing /home/airflow/.local/lib/python3.7/site-packages/airflow/example_dags/tutorial_etl_dag.py took 0.467 seconds
