[2023-07-30 22:04:56,496] {taskinstance.py:1179} INFO - Dependencies all met for <TaskInstance: dag_smtp_email_automatico.dag_envio scheduled__2023-02-27T00:00:00+00:00 [queued]>
[2023-07-30 22:04:56,601] {taskinstance.py:1179} INFO - Dependencies all met for <TaskInstance: dag_smtp_email_automatico.dag_envio scheduled__2023-02-27T00:00:00+00:00 [queued]>
[2023-07-30 22:04:56,601] {taskinstance.py:1376} INFO - 
--------------------------------------------------------------------------------
[2023-07-30 22:04:56,602] {taskinstance.py:1377} INFO - Starting attempt 1 of 1
[2023-07-30 22:04:56,602] {taskinstance.py:1378} INFO - 
--------------------------------------------------------------------------------
[2023-07-30 22:04:56,677] {taskinstance.py:1397} INFO - Executing <Task(PythonOperator): dag_envio> on 2023-02-27 00:00:00+00:00
[2023-07-30 22:04:56,731] {standard_task_runner.py:52} INFO - Started process 1208 to run task
[2023-07-30 22:04:56,746] {standard_task_runner.py:79} INFO - Running: ['***', 'tasks', 'run', 'dag_smtp_email_automatico', 'dag_envio', 'scheduled__2023-02-27T00:00:00+00:00', '--job-id', '174', '--raw', '--subdir', 'DAGS_FOLDER/dag_smtp_email.py', '--cfg-path', '/tmp/tmpd8tha285', '--error-file', '/tmp/tmp_gjcjwth']
[2023-07-30 22:04:56,747] {standard_task_runner.py:80} INFO - Job 174: Subtask dag_envio
[2023-07-30 22:04:57,105] {task_command.py:371} INFO - Running <TaskInstance: dag_smtp_email_automatico.dag_envio scheduled__2023-02-27T00:00:00+00:00 [running]> on host b0e2d990d7ae
[2023-07-30 22:04:57,369] {taskinstance.py:1591} INFO - Exporting the following env vars:
AIRFLOW_CTX_DAG_OWNER=Ariel Feldman
AIRFLOW_CTX_DAG_ID=dag_smtp_email_automatico
AIRFLOW_CTX_TASK_ID=dag_envio
AIRFLOW_CTX_EXECUTION_DATE=2023-02-27T00:00:00+00:00
AIRFLOW_CTX_TRY_NUMBER=1
AIRFLOW_CTX_DAG_RUN_ID=scheduled__2023-02-27T00:00:00+00:00
[2023-07-30 22:04:58,770] {logging_mixin.py:115} INFO - (535, b'5.7.8 Username and Password not accepted. Learn more at\n5.7.8  https://support.google.com/mail/?p=BadCredentials n2-20020a0568301e8200b006b8e8884f2fsm376490otr.51 - gsmtp')
[2023-07-30 22:04:58,771] {logging_mixin.py:115} INFO - Failure
[2023-07-30 22:04:58,771] {python.py:173} INFO - Done. Returned value was: None
[2023-07-30 22:04:58,851] {taskinstance.py:1420} INFO - Marking task as SUCCESS. dag_id=dag_smtp_email_automatico, task_id=dag_envio, execution_date=20230227T000000, start_date=20230730T220456, end_date=20230730T220458
[2023-07-30 22:04:58,958] {local_task_job.py:156} INFO - Task exited with return code 0
[2023-07-30 22:04:59,226] {local_task_job.py:273} INFO - 0 downstream tasks scheduled from follow-on schedule check
