[2023-08-01 21:38:55,599] {taskinstance.py:1179} INFO - Dependencies all met for <TaskInstance: etl_api_marvel_hacia_aws_redshift_multitask_failure.transformar_data manual__2023-08-01T21:38:50.578282+00:00 [queued]>
[2023-08-01 21:38:55,611] {taskinstance.py:1179} INFO - Dependencies all met for <TaskInstance: etl_api_marvel_hacia_aws_redshift_multitask_failure.transformar_data manual__2023-08-01T21:38:50.578282+00:00 [queued]>
[2023-08-01 21:38:55,611] {taskinstance.py:1376} INFO - 
--------------------------------------------------------------------------------
[2023-08-01 21:38:55,611] {taskinstance.py:1377} INFO - Starting attempt 1 of 2
[2023-08-01 21:38:55,611] {taskinstance.py:1378} INFO - 
--------------------------------------------------------------------------------
[2023-08-01 21:38:55,633] {taskinstance.py:1397} INFO - Executing <Task(PythonOperator): transformar_data> on 2023-08-01 21:38:50.578282+00:00
[2023-08-01 21:38:55,641] {standard_task_runner.py:52} INFO - Started process 1863 to run task
[2023-08-01 21:38:55,645] {standard_task_runner.py:79} INFO - Running: ['***', 'tasks', 'run', 'etl_api_marvel_hacia_aws_redshift_multitask_failure', 'transformar_data', 'manual__2023-08-01T21:38:50.578282+00:00', '--job-id', '1180', '--raw', '--subdir', 'DAGS_FOLDER/dag_etl_multiple_tasks_failure.py', '--cfg-path', '/tmp/tmp6zbaztbj', '--error-file', '/tmp/tmpqrwnz4lz']
[2023-08-01 21:38:55,647] {standard_task_runner.py:80} INFO - Job 1180: Subtask transformar_data
[2023-08-01 21:38:55,772] {task_command.py:371} INFO - Running <TaskInstance: etl_api_marvel_hacia_aws_redshift_multitask_failure.transformar_data manual__2023-08-01T21:38:50.578282+00:00 [running]> on host 24cbf2f01ed0
[2023-08-01 21:38:55,905] {taskinstance.py:1591} INFO - Exporting the following env vars:
AIRFLOW_CTX_DAG_EMAIL=arielmfeldman.af@gmail.com
AIRFLOW_CTX_DAG_OWNER=Ariel Feldman
AIRFLOW_CTX_DAG_ID=etl_api_marvel_hacia_aws_redshift_multitask_failure
AIRFLOW_CTX_TASK_ID=transformar_data
AIRFLOW_CTX_EXECUTION_DATE=2023-08-01T21:38:50.578282+00:00
AIRFLOW_CTX_TRY_NUMBER=1
AIRFLOW_CTX_DAG_RUN_ID=manual__2023-08-01T21:38:50.578282+00:00
[2023-08-01 21:38:55,921] {logging_mixin.py:115} INFO - <TaskInstance: etl_api_marvel_hacia_aws_redshift_multitask_failure.transformar_data manual__2023-08-01T21:38:50.578282+00:00 [running]>
[2023-08-01 21:38:55,974] {python.py:173} INFO - Done. Returned value was: None
[2023-08-01 21:38:55,996] {taskinstance.py:1420} INFO - Marking task as SUCCESS. dag_id=etl_api_marvel_hacia_aws_redshift_multitask_failure, task_id=transformar_data, execution_date=20230801T213850, start_date=20230801T213855, end_date=20230801T213855
[2023-08-01 21:38:56,060] {local_task_job.py:156} INFO - Task exited with return code 0
[2023-08-01 21:38:56,118] {taskinstance.py:1760} ERROR - Error when executing on_success_callback
Traceback (most recent call last):
  File "/home/airflow/.local/lib/python3.7/site-packages/airflow/models/taskinstance.py", line 1758, in _run_finished_callback
    task.on_success_callback(context)
TypeError: send_mail_success() missing 1 required positional argument: 'task_id'
[2023-08-01 21:38:56,152] {local_task_job.py:273} INFO - 1 downstream tasks scheduled from follow-on schedule check
