[2023-08-01 00:08:46,525] {taskinstance.py:1179} INFO - Dependencies all met for <TaskInstance: dag_smtp_email_automatico.dag_envio scheduled__2023-07-31T22:38:00+00:00 [queued]>
[2023-08-01 00:08:46,596] {taskinstance.py:1179} INFO - Dependencies all met for <TaskInstance: dag_smtp_email_automatico.dag_envio scheduled__2023-07-31T22:38:00+00:00 [queued]>
[2023-08-01 00:08:46,596] {taskinstance.py:1376} INFO - 
--------------------------------------------------------------------------------
[2023-08-01 00:08:46,596] {taskinstance.py:1377} INFO - Starting attempt 1 of 11
[2023-08-01 00:08:46,597] {taskinstance.py:1378} INFO - 
--------------------------------------------------------------------------------
[2023-08-01 00:08:46,785] {taskinstance.py:1397} INFO - Executing <Task(PythonOperator): dag_envio> on 2023-07-31 22:38:00+00:00
[2023-08-01 00:08:46,801] {standard_task_runner.py:52} INFO - Started process 18330 to run task
[2023-08-01 00:08:46,818] {standard_task_runner.py:79} INFO - Running: ['***', 'tasks', 'run', 'dag_smtp_email_automatico', 'dag_envio', 'scheduled__2023-07-31T22:38:00+00:00', '--job-id', '587', '--raw', '--subdir', 'DAGS_FOLDER/dag_smtp_email.py', '--cfg-path', '/tmp/tmpoyguawkh', '--error-file', '/tmp/tmp03pm7rnt']
[2023-08-01 00:08:46,819] {standard_task_runner.py:80} INFO - Job 587: Subtask dag_envio
[2023-08-01 00:08:47,027] {task_command.py:371} INFO - Running <TaskInstance: dag_smtp_email_automatico.dag_envio scheduled__2023-07-31T22:38:00+00:00 [running]> on host b0e2d990d7ae
[2023-08-01 00:08:47,195] {taskinstance.py:1591} INFO - Exporting the following env vars:
AIRFLOW_CTX_DAG_EMAIL=arielmfeldman.af@gmail.com
AIRFLOW_CTX_DAG_OWNER=Ariel Feldman
AIRFLOW_CTX_DAG_ID=dag_smtp_email_automatico
AIRFLOW_CTX_TASK_ID=dag_envio
AIRFLOW_CTX_EXECUTION_DATE=2023-07-31T22:38:00+00:00
AIRFLOW_CTX_TRY_NUMBER=1
AIRFLOW_CTX_DAG_RUN_ID=scheduled__2023-07-31T22:38:00+00:00
[2023-08-01 00:08:49,484] {logging_mixin.py:115} INFO - Exito
[2023-08-01 00:08:49,484] {python.py:173} INFO - Done. Returned value was: None
[2023-08-01 00:08:49,502] {taskinstance.py:1420} INFO - Marking task as SUCCESS. dag_id=dag_smtp_email_automatico, task_id=dag_envio, execution_date=20230731T223800, start_date=20230801T000846, end_date=20230801T000849
[2023-08-01 00:08:49,531] {local_task_job.py:156} INFO - Task exited with return code 0
[2023-08-01 00:08:49,583] {local_task_job.py:273} INFO - 0 downstream tasks scheduled from follow-on schedule check
