[2023-07-30 22:05:01,985] {taskinstance.py:1179} INFO - Dependencies all met for <TaskInstance: dag_smtp_email_automatico.dag_envio scheduled__2023-03-01T00:00:00+00:00 [queued]>
[2023-07-30 22:05:02,013] {taskinstance.py:1179} INFO - Dependencies all met for <TaskInstance: dag_smtp_email_automatico.dag_envio scheduled__2023-03-01T00:00:00+00:00 [queued]>
[2023-07-30 22:05:02,013] {taskinstance.py:1376} INFO - 
--------------------------------------------------------------------------------
[2023-07-30 22:05:02,013] {taskinstance.py:1377} INFO - Starting attempt 1 of 1
[2023-07-30 22:05:02,013] {taskinstance.py:1378} INFO - 
--------------------------------------------------------------------------------
[2023-07-30 22:05:02,049] {taskinstance.py:1397} INFO - Executing <Task(PythonOperator): dag_envio> on 2023-03-01 00:00:00+00:00
[2023-07-30 22:05:02,062] {standard_task_runner.py:52} INFO - Started process 1213 to run task
[2023-07-30 22:05:02,070] {standard_task_runner.py:79} INFO - Running: ['***', 'tasks', 'run', 'dag_smtp_email_automatico', 'dag_envio', 'scheduled__2023-03-01T00:00:00+00:00', '--job-id', '177', '--raw', '--subdir', 'DAGS_FOLDER/dag_smtp_email.py', '--cfg-path', '/tmp/tmp9eawib4f', '--error-file', '/tmp/tmp52jz9vfy']
[2023-07-30 22:05:02,071] {standard_task_runner.py:80} INFO - Job 177: Subtask dag_envio
[2023-07-30 22:05:02,289] {task_command.py:371} INFO - Running <TaskInstance: dag_smtp_email_automatico.dag_envio scheduled__2023-03-01T00:00:00+00:00 [running]> on host b0e2d990d7ae
[2023-07-30 22:05:02,805] {taskinstance.py:1591} INFO - Exporting the following env vars:
AIRFLOW_CTX_DAG_OWNER=Ariel Feldman
AIRFLOW_CTX_DAG_ID=dag_smtp_email_automatico
AIRFLOW_CTX_TASK_ID=dag_envio
AIRFLOW_CTX_EXECUTION_DATE=2023-03-01T00:00:00+00:00
AIRFLOW_CTX_TRY_NUMBER=1
AIRFLOW_CTX_DAG_RUN_ID=scheduled__2023-03-01T00:00:00+00:00
[2023-07-30 22:05:04,795] {logging_mixin.py:115} INFO - (535, b'5.7.8 Username and Password not accepted. Learn more at\n5.7.8  https://support.google.com/mail/?p=BadCredentials n11-20020a9d740b000000b006b9c87b7035sm3583920otk.18 - gsmtp')
[2023-07-30 22:05:04,796] {logging_mixin.py:115} INFO - Failure
[2023-07-30 22:05:04,796] {python.py:173} INFO - Done. Returned value was: None
[2023-07-30 22:05:04,862] {taskinstance.py:1420} INFO - Marking task as SUCCESS. dag_id=dag_smtp_email_automatico, task_id=dag_envio, execution_date=20230301T000000, start_date=20230730T220501, end_date=20230730T220504
[2023-07-30 22:05:04,937] {local_task_job.py:156} INFO - Task exited with return code 0
[2023-07-30 22:05:05,086] {local_task_job.py:273} INFO - 0 downstream tasks scheduled from follow-on schedule check
