[2023-07-13 21:08:32,821] {taskinstance.py:1179} INFO - Dependencies all met for <TaskInstance: mi_primer_dag_v3.tercera_tarea scheduled__2022-10-06T00:00:00+00:00 [queued]>
[2023-07-13 21:08:33,462] {taskinstance.py:1179} INFO - Dependencies all met for <TaskInstance: mi_primer_dag_v3.tercera_tarea scheduled__2022-10-06T00:00:00+00:00 [queued]>
[2023-07-13 21:08:33,463] {taskinstance.py:1376} INFO - 
--------------------------------------------------------------------------------
[2023-07-13 21:08:33,463] {taskinstance.py:1377} INFO - Starting attempt 1 of 6
[2023-07-13 21:08:33,463] {taskinstance.py:1378} INFO - 
--------------------------------------------------------------------------------
[2023-07-13 21:08:34,028] {taskinstance.py:1397} INFO - Executing <Task(BashOperator): tercera_tarea> on 2022-10-06 00:00:00+00:00
[2023-07-13 21:08:34,179] {standard_task_runner.py:52} INFO - Started process 1345 to run task
[2023-07-13 21:08:34,268] {standard_task_runner.py:79} INFO - Running: ['***', 'tasks', 'run', 'mi_primer_dag_v3', 'tercera_tarea', 'scheduled__2022-10-06T00:00:00+00:00', '--job-id', '210', '--raw', '--subdir', 'DAGS_FOLDER/primer_dag_v3.py', '--cfg-path', '/tmp/tmpduyup5cz', '--error-file', '/tmp/tmphj346f6r']
[2023-07-13 21:08:34,269] {standard_task_runner.py:80} INFO - Job 210: Subtask tercera_tarea
[2023-07-13 21:08:35,583] {task_command.py:371} INFO - Running <TaskInstance: mi_primer_dag_v3.tercera_tarea scheduled__2022-10-06T00:00:00+00:00 [running]> on host 7a1b6d75866e
[2023-07-13 21:08:36,762] {taskinstance.py:1591} INFO - Exporting the following env vars:
AIRFLOW_CTX_DAG_OWNER=Ari Feldman
AIRFLOW_CTX_DAG_ID=mi_primer_dag_v3
AIRFLOW_CTX_TASK_ID=tercera_tarea
AIRFLOW_CTX_EXECUTION_DATE=2022-10-06T00:00:00+00:00
AIRFLOW_CTX_TRY_NUMBER=1
AIRFLOW_CTX_DAG_RUN_ID=scheduled__2022-10-06T00:00:00+00:00
[2023-07-13 21:08:36,764] {subprocess.py:62} INFO - Tmp dir root location: 
 /tmp
[2023-07-13 21:08:36,794] {subprocess.py:74} INFO - Running command: ['bash', '-c', 'echo hola, soy la tarea 3 y sere corrida luego de Tarea 1 al mismo tiempo que Tarea 2']
[2023-07-13 21:08:37,089] {subprocess.py:85} INFO - Output:
[2023-07-13 21:08:37,108] {subprocess.py:92} INFO - hola, soy la tarea 3 y sere corrida luego de Tarea 1 al mismo tiempo que Tarea 2
[2023-07-13 21:08:37,189] {subprocess.py:96} INFO - Command exited with return code 0
[2023-07-13 21:08:37,671] {taskinstance.py:1420} INFO - Marking task as SUCCESS. dag_id=mi_primer_dag_v3, task_id=tercera_tarea, execution_date=20221006T000000, start_date=20230713T210832, end_date=20230713T210837
[2023-07-13 21:08:37,885] {local_task_job.py:156} INFO - Task exited with return code 0
[2023-07-13 21:08:38,353] {local_task_job.py:273} INFO - 0 downstream tasks scheduled from follow-on schedule check
