[2023-07-16 02:35:36,214] {taskinstance.py:1179} INFO - Dependencies all met for <TaskInstance: etl_api_marvel_hacia_aws_redshift_multitask.extraer_data manual__2023-07-16T02:35:34.412775+00:00 [queued]>
[2023-07-16 02:35:36,232] {taskinstance.py:1179} INFO - Dependencies all met for <TaskInstance: etl_api_marvel_hacia_aws_redshift_multitask.extraer_data manual__2023-07-16T02:35:34.412775+00:00 [queued]>
[2023-07-16 02:35:36,232] {taskinstance.py:1376} INFO - 
--------------------------------------------------------------------------------
[2023-07-16 02:35:36,232] {taskinstance.py:1377} INFO - Starting attempt 1 of 11
[2023-07-16 02:35:36,232] {taskinstance.py:1378} INFO - 
--------------------------------------------------------------------------------
[2023-07-16 02:35:36,255] {taskinstance.py:1397} INFO - Executing <Task(PythonOperator): extraer_data> on 2023-07-16 02:35:34.412775+00:00
[2023-07-16 02:35:36,264] {standard_task_runner.py:52} INFO - Started process 9985 to run task
[2023-07-16 02:35:36,267] {standard_task_runner.py:79} INFO - Running: ['***', 'tasks', 'run', 'etl_api_marvel_hacia_aws_redshift_multitask', 'extraer_data', 'manual__2023-07-16T02:35:34.412775+00:00', '--job-id', '879', '--raw', '--subdir', 'DAGS_FOLDER/dag_etl_multiple_tasks.py', '--cfg-path', '/tmp/tmpligu2l23', '--error-file', '/tmp/tmpdhwzogg6']
[2023-07-16 02:35:36,269] {standard_task_runner.py:80} INFO - Job 879: Subtask extraer_data
[2023-07-16 02:35:36,348] {task_command.py:371} INFO - Running <TaskInstance: etl_api_marvel_hacia_aws_redshift_multitask.extraer_data manual__2023-07-16T02:35:34.412775+00:00 [running]> on host 7a1b6d75866e
[2023-07-16 02:35:36,518] {taskinstance.py:1591} INFO - Exporting the following env vars:
AIRFLOW_CTX_DAG_EMAIL=arielmfeldman.af@gmail.com
AIRFLOW_CTX_DAG_OWNER=Ariel Feldman
AIRFLOW_CTX_DAG_ID=etl_api_marvel_hacia_aws_redshift_multitask
AIRFLOW_CTX_TASK_ID=extraer_data
AIRFLOW_CTX_EXECUTION_DATE=2023-07-16T02:35:34.412775+00:00
AIRFLOW_CTX_TRY_NUMBER=1
AIRFLOW_CTX_DAG_RUN_ID=manual__2023-07-16T02:35:34.412775+00:00
[2023-07-16 02:35:37,906] {logging_mixin.py:115} INFO - ya existe el archivo
[2023-07-16 02:35:37,923] {python.py:173} INFO - Done. Returned value was: None
[2023-07-16 02:35:37,939] {taskinstance.py:1420} INFO - Marking task as SUCCESS. dag_id=etl_api_marvel_hacia_aws_redshift_multitask, task_id=extraer_data, execution_date=20230716T023534, start_date=20230716T023536, end_date=20230716T023537
[2023-07-16 02:35:37,969] {local_task_job.py:156} INFO - Task exited with return code 0
[2023-07-16 02:35:38,025] {local_task_job.py:273} INFO - 1 downstream tasks scheduled from follow-on schedule check
