[2023-08-01 00:00:41,450] {taskinstance.py:1179} INFO - Dependencies all met for <TaskInstance: dag_smtp_email_automatico.dag_envio scheduled__2023-07-31T00:28:00+00:00 [queued]>
[2023-08-01 00:00:41,507] {taskinstance.py:1179} INFO - Dependencies all met for <TaskInstance: dag_smtp_email_automatico.dag_envio scheduled__2023-07-31T00:28:00+00:00 [queued]>
[2023-08-01 00:00:41,507] {taskinstance.py:1376} INFO - 
--------------------------------------------------------------------------------
[2023-08-01 00:00:41,507] {taskinstance.py:1377} INFO - Starting attempt 1 of 11
[2023-08-01 00:00:41,507] {taskinstance.py:1378} INFO - 
--------------------------------------------------------------------------------
[2023-08-01 00:00:41,603] {taskinstance.py:1397} INFO - Executing <Task(PythonOperator): dag_envio> on 2023-07-31 00:28:00+00:00
[2023-08-01 00:00:41,632] {standard_task_runner.py:52} INFO - Started process 17785 to run task
[2023-08-01 00:00:41,662] {standard_task_runner.py:79} INFO - Running: ['***', 'tasks', 'run', 'dag_smtp_email_automatico', 'dag_envio', 'scheduled__2023-07-31T00:28:00+00:00', '--job-id', '470', '--raw', '--subdir', 'DAGS_FOLDER/dag_smtp_email.py', '--cfg-path', '/tmp/tmpf12entxk', '--error-file', '/tmp/tmp006u942i']
[2023-08-01 00:00:41,663] {standard_task_runner.py:80} INFO - Job 470: Subtask dag_envio
[2023-08-01 00:00:41,933] {task_command.py:371} INFO - Running <TaskInstance: dag_smtp_email_automatico.dag_envio scheduled__2023-07-31T00:28:00+00:00 [running]> on host b0e2d990d7ae
[2023-08-01 00:00:42,408] {taskinstance.py:1591} INFO - Exporting the following env vars:
AIRFLOW_CTX_DAG_EMAIL=arielmfeldman.af@gmail.com
AIRFLOW_CTX_DAG_OWNER=Ariel Feldman
AIRFLOW_CTX_DAG_ID=dag_smtp_email_automatico
AIRFLOW_CTX_TASK_ID=dag_envio
AIRFLOW_CTX_EXECUTION_DATE=2023-07-31T00:28:00+00:00
AIRFLOW_CTX_TRY_NUMBER=1
AIRFLOW_CTX_DAG_RUN_ID=scheduled__2023-07-31T00:28:00+00:00
[2023-08-01 00:00:44,683] {logging_mixin.py:115} INFO - Exito
[2023-08-01 00:00:44,683] {python.py:173} INFO - Done. Returned value was: None
[2023-08-01 00:00:44,719] {taskinstance.py:1420} INFO - Marking task as SUCCESS. dag_id=dag_smtp_email_automatico, task_id=dag_envio, execution_date=20230731T002800, start_date=20230801T000041, end_date=20230801T000044
[2023-08-01 00:00:44,802] {local_task_job.py:156} INFO - Task exited with return code 0
[2023-08-01 00:00:44,883] {local_task_job.py:273} INFO - 0 downstream tasks scheduled from follow-on schedule check
