[2023-08-01 00:35:37,788] {taskinstance.py:1179} INFO - Dependencies all met for <TaskInstance: dag_smtp_email_automatico.dag_envio manual__2023-08-01T00:35:34.832326+00:00 [queued]>
[2023-08-01 00:35:37,817] {taskinstance.py:1179} INFO - Dependencies all met for <TaskInstance: dag_smtp_email_automatico.dag_envio manual__2023-08-01T00:35:34.832326+00:00 [queued]>
[2023-08-01 00:35:37,818] {taskinstance.py:1376} INFO - 
--------------------------------------------------------------------------------
[2023-08-01 00:35:37,818] {taskinstance.py:1377} INFO - Starting attempt 1 of 11
[2023-08-01 00:35:37,818] {taskinstance.py:1378} INFO - 
--------------------------------------------------------------------------------
[2023-08-01 00:35:37,896] {taskinstance.py:1397} INFO - Executing <Task(PythonOperator): dag_envio> on 2023-08-01 00:35:34.832326+00:00
[2023-08-01 00:35:37,924] {standard_task_runner.py:52} INFO - Started process 19591 to run task
[2023-08-01 00:35:37,936] {standard_task_runner.py:79} INFO - Running: ['***', 'tasks', 'run', 'dag_smtp_email_automatico', 'dag_envio', 'manual__2023-08-01T00:35:34.832326+00:00', '--job-id', '638', '--raw', '--subdir', 'DAGS_FOLDER/dag_smtp_email.py', '--cfg-path', '/tmp/tmp8st_wfzl', '--error-file', '/tmp/tmp0xfhqf2k']
[2023-08-01 00:35:37,939] {standard_task_runner.py:80} INFO - Job 638: Subtask dag_envio
[2023-08-01 00:35:38,183] {task_command.py:371} INFO - Running <TaskInstance: dag_smtp_email_automatico.dag_envio manual__2023-08-01T00:35:34.832326+00:00 [running]> on host b0e2d990d7ae
[2023-08-01 00:35:38,439] {taskinstance.py:1591} INFO - Exporting the following env vars:
AIRFLOW_CTX_DAG_EMAIL=arielmfeldman.af@gmail.com
AIRFLOW_CTX_DAG_OWNER=Ariel Feldman
AIRFLOW_CTX_DAG_ID=dag_smtp_email_automatico
AIRFLOW_CTX_TASK_ID=dag_envio
AIRFLOW_CTX_EXECUTION_DATE=2023-08-01T00:35:34.832326+00:00
AIRFLOW_CTX_TRY_NUMBER=1
AIRFLOW_CTX_DAG_RUN_ID=manual__2023-08-01T00:35:34.832326+00:00
[2023-08-01 00:35:41,525] {logging_mixin.py:115} INFO - Exito unusual_prefix_d1b972af6081d2ff28c9ade4f117a1022a8f725a_dag_smtp_email
[2023-08-01 00:35:41,526] {python.py:173} INFO - Done. Returned value was: None
[2023-08-01 00:35:41,564] {taskinstance.py:1420} INFO - Marking task as SUCCESS. dag_id=dag_smtp_email_automatico, task_id=dag_envio, execution_date=20230801T003534, start_date=20230801T003537, end_date=20230801T003541
[2023-08-01 00:35:41,616] {local_task_job.py:156} INFO - Task exited with return code 0
[2023-08-01 00:35:41,700] {local_task_job.py:273} INFO - 0 downstream tasks scheduled from follow-on schedule check
