[2023-08-01 03:33:40,596] {taskinstance.py:1179} INFO - Dependencies all met for <TaskInstance: etl_api_marvel_hacia_aws_redshift_multitask.transformar_data scheduled__2023-08-01T03:31:35.277444+00:00 [queued]>
[2023-08-01 03:33:40,614] {taskinstance.py:1179} INFO - Dependencies all met for <TaskInstance: etl_api_marvel_hacia_aws_redshift_multitask.transformar_data scheduled__2023-08-01T03:31:35.277444+00:00 [queued]>
[2023-08-01 03:33:40,615] {taskinstance.py:1376} INFO - 
--------------------------------------------------------------------------------
[2023-08-01 03:33:40,615] {taskinstance.py:1377} INFO - Starting attempt 1 of 11
[2023-08-01 03:33:40,615] {taskinstance.py:1378} INFO - 
--------------------------------------------------------------------------------
[2023-08-01 03:33:40,640] {taskinstance.py:1397} INFO - Executing <Task(PythonOperator): transformar_data> on 2023-08-01 03:31:35.277444+00:00
[2023-08-01 03:33:40,651] {standard_task_runner.py:52} INFO - Started process 6418 to run task
[2023-08-01 03:33:40,654] {standard_task_runner.py:79} INFO - Running: ['***', 'tasks', 'run', 'etl_api_marvel_hacia_aws_redshift_multitask', 'transformar_data', 'scheduled__2023-08-01T03:31:35.277444+00:00', '--job-id', '807', '--raw', '--subdir', 'DAGS_FOLDER/dag_etl_multiple_tasks.py', '--cfg-path', '/tmp/tmpfee2080r', '--error-file', '/tmp/tmpubp5e9ck']
[2023-08-01 03:33:40,655] {standard_task_runner.py:80} INFO - Job 807: Subtask transformar_data
[2023-08-01 03:33:40,770] {task_command.py:371} INFO - Running <TaskInstance: etl_api_marvel_hacia_aws_redshift_multitask.transformar_data scheduled__2023-08-01T03:31:35.277444+00:00 [running]> on host 24cbf2f01ed0
[2023-08-01 03:33:40,912] {taskinstance.py:1591} INFO - Exporting the following env vars:
AIRFLOW_CTX_DAG_EMAIL=arielmfeldman.af@gmail.com
AIRFLOW_CTX_DAG_OWNER=Ariel Feldman
AIRFLOW_CTX_DAG_ID=etl_api_marvel_hacia_aws_redshift_multitask
AIRFLOW_CTX_TASK_ID=transformar_data
AIRFLOW_CTX_EXECUTION_DATE=2023-08-01T03:31:35.277444+00:00
AIRFLOW_CTX_TRY_NUMBER=1
AIRFLOW_CTX_DAG_RUN_ID=scheduled__2023-08-01T03:31:35.277444+00:00
[2023-08-01 03:33:40,940] {logging_mixin.py:115} INFO - Columnas en tranform data:
[2023-08-01 03:33:40,940] {logging_mixin.py:115} INFO -  Index(['id_character', 'nombre', 'descripcion', 'cantidad_de_comics',
       'cantidad_de_series', 'cantidad_de_historias', 'fecha_modificacion',
       'fecha_insercion_bd'],
      dtype='object')
[2023-08-01 03:33:40,958] {python.py:173} INFO - Done. Returned value was: None
[2023-08-01 03:33:40,974] {taskinstance.py:1420} INFO - Marking task as SUCCESS. dag_id=etl_api_marvel_hacia_aws_redshift_multitask, task_id=transformar_data, execution_date=20230801T033135, start_date=20230801T033340, end_date=20230801T033340
[2023-08-01 03:33:41,028] {local_task_job.py:156} INFO - Task exited with return code 0
[2023-08-01 03:33:41,060] {warnings.py:110} WARNING - /home/***/.local/lib/python3.7/site-packages/***/utils/context.py:202: AirflowContextDeprecationWarning: Accessing 'execution_date' from the template is deprecated and will be removed in a future version. Please use 'data_interval_start' or 'logical_date' instead.
  warnings.warn(_create_deprecation_warning(key, self._deprecation_replacements[key]))

[2023-08-01 03:33:41,061] {warnings.py:110} WARNING - /home/***/.local/lib/python3.7/site-packages/***/utils/context.py:202: AirflowContextDeprecationWarning: Accessing 'next_execution_date' from the template is deprecated and will be removed in a future version. Please use 'data_interval_end' instead.
  warnings.warn(_create_deprecation_warning(key, self._deprecation_replacements[key]))

[2023-08-01 03:33:41,061] {logging_mixin.py:115} INFO - <TaskInstance: etl_api_marvel_hacia_aws_redshift_multitask.transformar_data scheduled__2023-08-01T03:31:35.277444+00:00 [success]>
[2023-08-01 03:33:43,524] {local_task_job.py:273} INFO - 0 downstream tasks scheduled from follow-on schedule check
