[2023-08-01 00:44:40,696] {taskinstance.py:1179} INFO - Dependencies all met for <TaskInstance: etl_api_marvel_hacia_aws_redshift_multitask.transformar_data manual__2023-08-01T00:44:32.376299+00:00 [queued]>
[2023-08-01 00:44:40,707] {taskinstance.py:1179} INFO - Dependencies all met for <TaskInstance: etl_api_marvel_hacia_aws_redshift_multitask.transformar_data manual__2023-08-01T00:44:32.376299+00:00 [queued]>
[2023-08-01 00:44:40,708] {taskinstance.py:1376} INFO - 
--------------------------------------------------------------------------------
[2023-08-01 00:44:40,708] {taskinstance.py:1377} INFO - Starting attempt 1 of 11
[2023-08-01 00:44:40,708] {taskinstance.py:1378} INFO - 
--------------------------------------------------------------------------------
[2023-08-01 00:44:40,739] {taskinstance.py:1397} INFO - Executing <Task(PythonOperator): transformar_data> on 2023-08-01 00:44:32.376299+00:00
[2023-08-01 00:44:40,747] {standard_task_runner.py:52} INFO - Started process 20001 to run task
[2023-08-01 00:44:40,751] {standard_task_runner.py:79} INFO - Running: ['***', 'tasks', 'run', 'etl_api_marvel_hacia_aws_redshift_multitask', 'transformar_data', 'manual__2023-08-01T00:44:32.376299+00:00', '--job-id', '660', '--raw', '--subdir', 'DAGS_FOLDER/dag_etl_multiple_tasks.py', '--cfg-path', '/tmp/tmplbka620h', '--error-file', '/tmp/tmp4yooze2c']
[2023-08-01 00:44:40,752] {standard_task_runner.py:80} INFO - Job 660: Subtask transformar_data
[2023-08-01 00:44:40,844] {task_command.py:371} INFO - Running <TaskInstance: etl_api_marvel_hacia_aws_redshift_multitask.transformar_data manual__2023-08-01T00:44:32.376299+00:00 [running]> on host b0e2d990d7ae
[2023-08-01 00:44:41,018] {taskinstance.py:1591} INFO - Exporting the following env vars:
AIRFLOW_CTX_DAG_EMAIL=arielmfeldman.af@gmail.com
AIRFLOW_CTX_DAG_OWNER=Ariel Feldman
AIRFLOW_CTX_DAG_ID=etl_api_marvel_hacia_aws_redshift_multitask
AIRFLOW_CTX_TASK_ID=transformar_data
AIRFLOW_CTX_EXECUTION_DATE=2023-08-01T00:44:32.376299+00:00
AIRFLOW_CTX_TRY_NUMBER=1
AIRFLOW_CTX_DAG_RUN_ID=manual__2023-08-01T00:44:32.376299+00:00
[2023-08-01 00:44:41,084] {logging_mixin.py:115} INFO - Columnas en tranform data:
[2023-08-01 00:44:41,085] {logging_mixin.py:115} INFO -  Index(['id_character', 'nombre', 'descripcion', 'cantidad_de_comics',
       'cantidad_de_series', 'cantidad_de_historias', 'fecha_modificacion',
       'fecha_insercion_bd'],
      dtype='object')
[2023-08-01 00:44:41,129] {python.py:173} INFO - Done. Returned value was: None
[2023-08-01 00:44:41,147] {taskinstance.py:1420} INFO - Marking task as SUCCESS. dag_id=etl_api_marvel_hacia_aws_redshift_multitask, task_id=transformar_data, execution_date=20230801T004432, start_date=20230801T004440, end_date=20230801T004441
[2023-08-01 00:44:41,243] {local_task_job.py:156} INFO - Task exited with return code 0
[2023-08-01 00:44:41,316] {local_task_job.py:273} INFO - 1 downstream tasks scheduled from follow-on schedule check
