[2023-08-01 03:53:36,683] {taskinstance.py:1179} INFO - Dependencies all met for <TaskInstance: etl_api_marvel_hacia_aws_redshift_multitask.extraer_data scheduled__2023-08-01T03:51:35.277444+00:00 [queued]>
[2023-08-01 03:53:36,702] {taskinstance.py:1179} INFO - Dependencies all met for <TaskInstance: etl_api_marvel_hacia_aws_redshift_multitask.extraer_data scheduled__2023-08-01T03:51:35.277444+00:00 [queued]>
[2023-08-01 03:53:36,702] {taskinstance.py:1376} INFO - 
--------------------------------------------------------------------------------
[2023-08-01 03:53:36,702] {taskinstance.py:1377} INFO - Starting attempt 1 of 11
[2023-08-01 03:53:36,702] {taskinstance.py:1378} INFO - 
--------------------------------------------------------------------------------
[2023-08-01 03:53:36,723] {taskinstance.py:1397} INFO - Executing <Task(PythonOperator): extraer_data> on 2023-08-01 03:51:35.277444+00:00
[2023-08-01 03:53:36,733] {standard_task_runner.py:52} INFO - Started process 7283 to run task
[2023-08-01 03:53:36,737] {standard_task_runner.py:79} INFO - Running: ['***', 'tasks', 'run', 'etl_api_marvel_hacia_aws_redshift_multitask', 'extraer_data', 'scheduled__2023-08-01T03:51:35.277444+00:00', '--job-id', '836', '--raw', '--subdir', 'DAGS_FOLDER/dag_etl_multiple_tasks.py', '--cfg-path', '/tmp/tmpduvc00s0', '--error-file', '/tmp/tmp7s2woy0t']
[2023-08-01 03:53:36,738] {standard_task_runner.py:80} INFO - Job 836: Subtask extraer_data
[2023-08-01 03:53:36,834] {task_command.py:371} INFO - Running <TaskInstance: etl_api_marvel_hacia_aws_redshift_multitask.extraer_data scheduled__2023-08-01T03:51:35.277444+00:00 [running]> on host 24cbf2f01ed0
[2023-08-01 03:53:37,042] {taskinstance.py:1591} INFO - Exporting the following env vars:
AIRFLOW_CTX_DAG_EMAIL=arielmfeldman.af@gmail.com
AIRFLOW_CTX_DAG_OWNER=Ariel Feldman
AIRFLOW_CTX_DAG_ID=etl_api_marvel_hacia_aws_redshift_multitask
AIRFLOW_CTX_TASK_ID=extraer_data
AIRFLOW_CTX_EXECUTION_DATE=2023-08-01T03:51:35.277444+00:00
AIRFLOW_CTX_TRY_NUMBER=1
AIRFLOW_CTX_DAG_RUN_ID=scheduled__2023-08-01T03:51:35.277444+00:00
[2023-08-01 03:53:38,290] {python.py:173} INFO - Done. Returned value was: None
[2023-08-01 03:53:38,311] {taskinstance.py:1420} INFO - Marking task as SUCCESS. dag_id=etl_api_marvel_hacia_aws_redshift_multitask, task_id=extraer_data, execution_date=20230801T035135, start_date=20230801T035336, end_date=20230801T035338
[2023-08-01 03:53:38,369] {local_task_job.py:156} INFO - Task exited with return code 0
[2023-08-01 03:53:38,406] {warnings.py:110} WARNING - /home/***/.local/lib/python3.7/site-packages/***/utils/context.py:202: AirflowContextDeprecationWarning: Accessing 'execution_date' from the template is deprecated and will be removed in a future version. Please use 'data_interval_start' or 'logical_date' instead.
  warnings.warn(_create_deprecation_warning(key, self._deprecation_replacements[key]))

[2023-08-01 03:53:38,407] {warnings.py:110} WARNING - /home/***/.local/lib/python3.7/site-packages/***/utils/context.py:202: AirflowContextDeprecationWarning: Accessing 'next_execution_date' from the template is deprecated and will be removed in a future version. Please use 'data_interval_end' instead.
  warnings.warn(_create_deprecation_warning(key, self._deprecation_replacements[key]))

[2023-08-01 03:53:38,407] {logging_mixin.py:115} INFO - conf
[2023-08-01 03:53:38,407] {logging_mixin.py:115} INFO - dag
[2023-08-01 03:53:38,407] {logging_mixin.py:115} INFO - dag_run
[2023-08-01 03:53:38,407] {logging_mixin.py:115} INFO - data_interval_end
[2023-08-01 03:53:38,407] {logging_mixin.py:115} INFO - data_interval_start
[2023-08-01 03:53:38,408] {logging_mixin.py:115} INFO - ds
[2023-08-01 03:53:38,408] {logging_mixin.py:115} INFO - ds_nodash
[2023-08-01 03:53:38,408] {logging_mixin.py:115} INFO - execution_date
[2023-08-01 03:53:38,408] {logging_mixin.py:115} INFO - inlets
[2023-08-01 03:53:38,408] {logging_mixin.py:115} INFO - logical_date
[2023-08-01 03:53:38,408] {logging_mixin.py:115} INFO - macros
[2023-08-01 03:53:38,408] {logging_mixin.py:115} INFO - next_ds
[2023-08-01 03:53:38,408] {logging_mixin.py:115} INFO - next_ds_nodash
[2023-08-01 03:53:38,408] {logging_mixin.py:115} INFO - next_execution_date
[2023-08-01 03:53:38,408] {logging_mixin.py:115} INFO - outlets
[2023-08-01 03:53:38,408] {logging_mixin.py:115} INFO - params
[2023-08-01 03:53:38,408] {logging_mixin.py:115} INFO - prev_data_interval_start_success
[2023-08-01 03:53:38,408] {logging_mixin.py:115} INFO - prev_data_interval_end_success
[2023-08-01 03:53:38,408] {logging_mixin.py:115} INFO - prev_ds
[2023-08-01 03:53:38,408] {logging_mixin.py:115} INFO - prev_ds_nodash
[2023-08-01 03:53:38,408] {logging_mixin.py:115} INFO - prev_execution_date
[2023-08-01 03:53:38,408] {logging_mixin.py:115} INFO - prev_execution_date_success
[2023-08-01 03:53:38,408] {logging_mixin.py:115} INFO - prev_start_date_success
[2023-08-01 03:53:38,408] {logging_mixin.py:115} INFO - run_id
[2023-08-01 03:53:38,409] {logging_mixin.py:115} INFO - task
[2023-08-01 03:53:38,409] {logging_mixin.py:115} INFO - task_instance
[2023-08-01 03:53:38,409] {logging_mixin.py:115} INFO - task_instance_key_str
[2023-08-01 03:53:38,409] {logging_mixin.py:115} INFO - test_mode
[2023-08-01 03:53:38,409] {logging_mixin.py:115} INFO - ti
[2023-08-01 03:53:38,409] {logging_mixin.py:115} INFO - tomorrow_ds
[2023-08-01 03:53:38,409] {logging_mixin.py:115} INFO - tomorrow_ds_nodash
[2023-08-01 03:53:38,409] {logging_mixin.py:115} INFO - ts
[2023-08-01 03:53:38,409] {logging_mixin.py:115} INFO - ts_nodash
[2023-08-01 03:53:38,409] {logging_mixin.py:115} INFO - ts_nodash_with_tz
[2023-08-01 03:53:38,409] {logging_mixin.py:115} INFO - var
[2023-08-01 03:53:38,409] {logging_mixin.py:115} INFO - conn
[2023-08-01 03:53:38,409] {logging_mixin.py:115} INFO - yesterday_ds
[2023-08-01 03:53:38,409] {logging_mixin.py:115} INFO - yesterday_ds_nodash
[2023-08-01 03:53:41,313] {local_task_job.py:273} INFO - 0 downstream tasks scheduled from follow-on schedule check
