[2023-07-13 21:13:55,756] {taskinstance.py:1179} INFO - Dependencies all met for <TaskInstance: mi_primer_dag_v3.primera_tarea scheduled__2023-01-23T00:00:00+00:00 [queued]>
[2023-07-13 21:13:55,887] {taskinstance.py:1179} INFO - Dependencies all met for <TaskInstance: mi_primer_dag_v3.primera_tarea scheduled__2023-01-23T00:00:00+00:00 [queued]>
[2023-07-13 21:13:55,888] {taskinstance.py:1376} INFO - 
--------------------------------------------------------------------------------
[2023-07-13 21:13:55,889] {taskinstance.py:1377} INFO - Starting attempt 1 of 6
[2023-07-13 21:13:55,891] {taskinstance.py:1378} INFO - 
--------------------------------------------------------------------------------
[2023-07-13 21:13:56,092] {taskinstance.py:1397} INFO - Executing <Task(BashOperator): primera_tarea> on 2023-01-23 00:00:00+00:00
[2023-07-13 21:13:56,115] {standard_task_runner.py:52} INFO - Started process 2441 to run task
[2023-07-13 21:13:56,126] {standard_task_runner.py:79} INFO - Running: ['***', 'tasks', 'run', 'mi_primer_dag_v3', 'primera_tarea', 'scheduled__2023-01-23T00:00:00+00:00', '--job-id', '530', '--raw', '--subdir', 'DAGS_FOLDER/primer_dag_v3.py', '--cfg-path', '/tmp/tmpkdst7_1c', '--error-file', '/tmp/tmpbr3_0cny']
[2023-07-13 21:13:56,126] {standard_task_runner.py:80} INFO - Job 530: Subtask primera_tarea
[2023-07-13 21:13:56,762] {task_command.py:371} INFO - Running <TaskInstance: mi_primer_dag_v3.primera_tarea scheduled__2023-01-23T00:00:00+00:00 [running]> on host 7a1b6d75866e
[2023-07-13 21:13:57,262] {taskinstance.py:1591} INFO - Exporting the following env vars:
AIRFLOW_CTX_DAG_OWNER=Ari Feldman
AIRFLOW_CTX_DAG_ID=mi_primer_dag_v3
AIRFLOW_CTX_TASK_ID=primera_tarea
AIRFLOW_CTX_EXECUTION_DATE=2023-01-23T00:00:00+00:00
AIRFLOW_CTX_TRY_NUMBER=1
AIRFLOW_CTX_DAG_RUN_ID=scheduled__2023-01-23T00:00:00+00:00
[2023-07-13 21:13:57,268] {subprocess.py:62} INFO - Tmp dir root location: 
 /tmp
[2023-07-13 21:13:57,270] {subprocess.py:74} INFO - Running command: ['bash', '-c', 'echo hola mundo, esta es nuestra primera tarea!']
[2023-07-13 21:13:57,444] {subprocess.py:85} INFO - Output:
[2023-07-13 21:13:57,447] {subprocess.py:92} INFO - hola mundo, esta es nuestra primera tarea!
[2023-07-13 21:13:57,449] {subprocess.py:96} INFO - Command exited with return code 0
[2023-07-13 21:13:57,620] {taskinstance.py:1420} INFO - Marking task as SUCCESS. dag_id=mi_primer_dag_v3, task_id=primera_tarea, execution_date=20230123T000000, start_date=20230713T211355, end_date=20230713T211357
[2023-07-13 21:13:57,941] {local_task_job.py:156} INFO - Task exited with return code 0
[2023-07-13 21:13:58,295] {local_task_job.py:273} INFO - 2 downstream tasks scheduled from follow-on schedule check
