[2023-08-01 02:07:43,333] {taskinstance.py:1179} INFO - Dependencies all met for <TaskInstance: etl_api_marvel_hacia_aws_redshift_multitask.cargar_data scheduled__2023-08-01T02:05:34.570290+00:00 [queued]>
[2023-08-01 02:07:43,349] {taskinstance.py:1179} INFO - Dependencies all met for <TaskInstance: etl_api_marvel_hacia_aws_redshift_multitask.cargar_data scheduled__2023-08-01T02:05:34.570290+00:00 [queued]>
[2023-08-01 02:07:43,350] {taskinstance.py:1376} INFO - 
--------------------------------------------------------------------------------
[2023-08-01 02:07:43,350] {taskinstance.py:1377} INFO - Starting attempt 1 of 11
[2023-08-01 02:07:43,350] {taskinstance.py:1378} INFO - 
--------------------------------------------------------------------------------
[2023-08-01 02:07:43,378] {taskinstance.py:1397} INFO - Executing <Task(PythonOperator): cargar_data> on 2023-08-01 02:05:34.570290+00:00
[2023-08-01 02:07:43,391] {standard_task_runner.py:52} INFO - Started process 2334 to run task
[2023-08-01 02:07:43,399] {standard_task_runner.py:79} INFO - Running: ['***', 'tasks', 'run', 'etl_api_marvel_hacia_aws_redshift_multitask', 'cargar_data', 'scheduled__2023-08-01T02:05:34.570290+00:00', '--job-id', '679', '--raw', '--subdir', 'DAGS_FOLDER/dag_etl_multiple_tasks.py', '--cfg-path', '/tmp/tmp7hrkzf6p', '--error-file', '/tmp/tmp3qc1f2gm']
[2023-08-01 02:07:43,401] {standard_task_runner.py:80} INFO - Job 679: Subtask cargar_data
[2023-08-01 02:07:43,541] {task_command.py:371} INFO - Running <TaskInstance: etl_api_marvel_hacia_aws_redshift_multitask.cargar_data scheduled__2023-08-01T02:05:34.570290+00:00 [running]> on host 24cbf2f01ed0
[2023-08-01 02:07:43,800] {taskinstance.py:1591} INFO - Exporting the following env vars:
AIRFLOW_CTX_DAG_EMAIL=arielmfeldman.af@gmail.com
AIRFLOW_CTX_DAG_OWNER=Ariel Feldman
AIRFLOW_CTX_DAG_ID=etl_api_marvel_hacia_aws_redshift_multitask
AIRFLOW_CTX_TASK_ID=cargar_data
AIRFLOW_CTX_EXECUTION_DATE=2023-08-01T02:05:34.570290+00:00
AIRFLOW_CTX_TRY_NUMBER=1
AIRFLOW_CTX_DAG_RUN_ID=scheduled__2023-08-01T02:05:34.570290+00:00
[2023-08-01 02:07:43,833] {logging_mixin.py:115} INFO - Columnas en load data
[2023-08-01 02:07:43,834] {logging_mixin.py:115} INFO -  Index(['id_character', 'nombre', 'descripcion', 'cantidad_de_comics',
       'cantidad_de_series', 'cantidad_de_historias', 'fecha_modificacion',
       'fecha_insercion_bd'],
      dtype='object')
[2023-08-01 02:07:56,766] {python.py:173} INFO - Done. Returned value was: None
[2023-08-01 02:07:56,783] {taskinstance.py:1420} INFO - Marking task as SUCCESS. dag_id=etl_api_marvel_hacia_aws_redshift_multitask, task_id=cargar_data, execution_date=20230801T020534, start_date=20230801T020743, end_date=20230801T020756
[2023-08-01 02:07:56,816] {local_task_job.py:156} INFO - Task exited with return code 0
[2023-08-01 02:07:56,864] {warnings.py:110} WARNING - /home/***/.local/lib/python3.7/site-packages/***/utils/context.py:202: AirflowContextDeprecationWarning: Accessing 'execution_date' from the template is deprecated and will be removed in a future version. Please use 'data_interval_start' or 'logical_date' instead.
  warnings.warn(_create_deprecation_warning(key, self._deprecation_replacements[key]))

[2023-08-01 02:07:56,868] {warnings.py:110} WARNING - /home/***/.local/lib/python3.7/site-packages/***/utils/context.py:202: AirflowContextDeprecationWarning: Accessing 'next_execution_date' from the template is deprecated and will be removed in a future version. Please use 'data_interval_end' instead.
  warnings.warn(_create_deprecation_warning(key, self._deprecation_replacements[key]))

[2023-08-01 02:07:56,868] {logging_mixin.py:115} INFO - ['conf', 'dag', 'dag_run', 'data_interval_end', 'data_interval_start', 'ds', 'ds_nodash', 'execution_date', 'inlets', 'logical_date', 'macros', 'next_ds', 'next_ds_nodash', 'next_execution_date', 'outlets', 'params', 'prev_data_interval_start_success', 'prev_data_interval_end_success', 'prev_ds', 'prev_ds_nodash', 'prev_execution_date', 'prev_execution_date_success', 'prev_start_date_success', 'run_id', 'task', 'task_instance', 'task_instance_key_str', 'test_mode', 'ti', 'tomorrow_ds', 'tomorrow_ds_nodash', 'ts', 'ts_nodash', 'ts_nodash_with_tz', 'var', 'conn', 'yesterday_ds', 'yesterday_ds_nodash']
[2023-08-01 02:07:59,955] {local_task_job.py:273} INFO - 0 downstream tasks scheduled from follow-on schedule check
