[2023-07-30 23:43:39,857] {taskinstance.py:1179} INFO - Dependencies all met for <TaskInstance: dag_smtp_email_automatico.dag_envio manual__2023-07-30T23:43:38.217636+00:00 [queued]>
[2023-07-30 23:43:39,868] {taskinstance.py:1179} INFO - Dependencies all met for <TaskInstance: dag_smtp_email_automatico.dag_envio manual__2023-07-30T23:43:38.217636+00:00 [queued]>
[2023-07-30 23:43:39,869] {taskinstance.py:1376} INFO - 
--------------------------------------------------------------------------------
[2023-07-30 23:43:39,869] {taskinstance.py:1377} INFO - Starting attempt 1 of 1
[2023-07-30 23:43:39,869] {taskinstance.py:1378} INFO - 
--------------------------------------------------------------------------------
[2023-07-30 23:43:39,887] {taskinstance.py:1397} INFO - Executing <Task(PythonOperator): dag_envio> on 2023-07-30 23:43:38.217636+00:00
[2023-07-30 23:43:39,896] {standard_task_runner.py:52} INFO - Started process 5734 to run task
[2023-07-30 23:43:39,900] {standard_task_runner.py:79} INFO - Running: ['***', 'tasks', 'run', 'dag_smtp_email_automatico', 'dag_envio', 'manual__2023-07-30T23:43:38.217636+00:00', '--job-id', '328', '--raw', '--subdir', 'DAGS_FOLDER/dag_smtp_email.py', '--cfg-path', '/tmp/tmp4p3220sw', '--error-file', '/tmp/tmp59nvnc1h']
[2023-07-30 23:43:39,900] {standard_task_runner.py:80} INFO - Job 328: Subtask dag_envio
[2023-07-30 23:43:39,985] {task_command.py:371} INFO - Running <TaskInstance: dag_smtp_email_automatico.dag_envio manual__2023-07-30T23:43:38.217636+00:00 [running]> on host b0e2d990d7ae
[2023-07-30 23:43:40,092] {taskinstance.py:1591} INFO - Exporting the following env vars:
AIRFLOW_CTX_DAG_OWNER=Ariel Feldman
AIRFLOW_CTX_DAG_ID=dag_smtp_email_automatico
AIRFLOW_CTX_TASK_ID=dag_envio
AIRFLOW_CTX_EXECUTION_DATE=2023-07-30T23:43:38.217636+00:00
AIRFLOW_CTX_TRY_NUMBER=1
AIRFLOW_CTX_DAG_RUN_ID=manual__2023-07-30T23:43:38.217636+00:00
[2023-07-30 23:43:43,488] {logging_mixin.py:115} INFO - Exito
[2023-07-30 23:43:43,489] {python.py:173} INFO - Done. Returned value was: None
[2023-07-30 23:43:43,526] {taskinstance.py:1420} INFO - Marking task as SUCCESS. dag_id=dag_smtp_email_automatico, task_id=dag_envio, execution_date=20230730T234338, start_date=20230730T234339, end_date=20230730T234343
[2023-07-30 23:43:43,566] {local_task_job.py:156} INFO - Task exited with return code 0
[2023-07-30 23:43:43,613] {local_task_job.py:273} INFO - 0 downstream tasks scheduled from follow-on schedule check
