[2023-08-01 23:03:35,622] {taskinstance.py:1179} INFO - Dependencies all met for <TaskInstance: etl_api_marvel.transform manual__2023-08-01T23:03:30.588309+00:00 [queued]>
[2023-08-01 23:03:35,652] {taskinstance.py:1179} INFO - Dependencies all met for <TaskInstance: etl_api_marvel.transform manual__2023-08-01T23:03:30.588309+00:00 [queued]>
[2023-08-01 23:03:35,652] {taskinstance.py:1376} INFO - 
--------------------------------------------------------------------------------
[2023-08-01 23:03:35,653] {taskinstance.py:1377} INFO - Starting attempt 1 of 2
[2023-08-01 23:03:35,653] {taskinstance.py:1378} INFO - 
--------------------------------------------------------------------------------
[2023-08-01 23:03:35,685] {taskinstance.py:1397} INFO - Executing <Task(PythonOperator): transform> on 2023-08-01 23:03:30.588309+00:00
[2023-08-01 23:03:35,698] {standard_task_runner.py:52} INFO - Started process 1033 to run task
[2023-08-01 23:03:35,705] {standard_task_runner.py:79} INFO - Running: ['***', 'tasks', 'run', 'etl_api_marvel', 'transform', 'manual__2023-08-01T23:03:30.588309+00:00', '--job-id', '1255', '--raw', '--subdir', 'DAGS_FOLDER/dag_etl_multiple_tasks_failure.py', '--cfg-path', '/tmp/tmp6ktvxplm', '--error-file', '/tmp/tmpiuq9rudv']
[2023-08-01 23:03:35,707] {standard_task_runner.py:80} INFO - Job 1255: Subtask transform
[2023-08-01 23:03:35,870] {task_command.py:371} INFO - Running <TaskInstance: etl_api_marvel.transform manual__2023-08-01T23:03:30.588309+00:00 [running]> on host 24cbf2f01ed0
[2023-08-01 23:03:36,026] {taskinstance.py:1591} INFO - Exporting the following env vars:
AIRFLOW_CTX_DAG_EMAIL=arielmfeldman.af@gmail.com
AIRFLOW_CTX_DAG_OWNER=Ariel Feldman
AIRFLOW_CTX_DAG_ID=etl_api_marvel
AIRFLOW_CTX_TASK_ID=transform
AIRFLOW_CTX_EXECUTION_DATE=2023-08-01T23:03:30.588309+00:00
AIRFLOW_CTX_TRY_NUMBER=1
AIRFLOW_CTX_DAG_RUN_ID=manual__2023-08-01T23:03:30.588309+00:00
[2023-08-01 23:03:36,117] {python.py:173} INFO - Done. Returned value was: None
[2023-08-01 23:03:36,191] {taskinstance.py:1420} INFO - Marking task as SUCCESS. dag_id=etl_api_marvel, task_id=transform, execution_date=20230801T230330, start_date=20230801T230335, end_date=20230801T230336
[2023-08-01 23:03:36,304] {local_task_job.py:156} INFO - Task exited with return code 0
[2023-08-01 23:03:36,385] {warnings.py:110} WARNING - /home/***/.local/lib/python3.7/site-packages/***/utils/context.py:202: AirflowContextDeprecationWarning: Accessing 'next_execution_date' from the template is deprecated and will be removed in a future version. Please use 'data_interval_end' instead.
  warnings.warn(_create_deprecation_warning(key, self._deprecation_replacements[key]))

[2023-08-01 23:03:38,375] {taskinstance.py:1760} ERROR - Error when executing on_success_callback
Traceback (most recent call last):
  File "/home/airflow/.local/lib/python3.7/site-packages/airflow/models/taskinstance.py", line 1758, in _run_finished_callback
    task.on_success_callback(context)
  File "/opt/airflow/dags/dag_etl_multiple_tasks_failure.py", line 68, in send_email
    x.login(v_smtp['EMAIL'],v_smtp_pass)
  File "/usr/local/lib/python3.7/smtplib.py", line 735, in login
    raise last_exception
  File "/usr/local/lib/python3.7/smtplib.py", line 726, in login
    initial_response_ok=initial_response_ok)
  File "/usr/local/lib/python3.7/smtplib.py", line 647, in auth
    raise SMTPAuthenticationError(code, resp)
smtplib.SMTPAuthenticationError: (535, b'5.7.8 Username and Password not accepted. Learn more at\n5.7.8  https://support.google.com/mail/?p=BadCredentials k23-20020a9d7617000000b006b96a4287d4sm5468751otl.5 - gsmtp')
[2023-08-01 23:03:38,462] {local_task_job.py:273} INFO - 0 downstream tasks scheduled from follow-on schedule check
