[2023-08-01 21:38:52,368] {taskinstance.py:1179} INFO - Dependencies all met for <TaskInstance: etl_api_marvel_hacia_aws_redshift_multitask_failure.extraer_data manual__2023-08-01T21:38:50.578282+00:00 [queued]>
[2023-08-01 21:38:52,385] {taskinstance.py:1179} INFO - Dependencies all met for <TaskInstance: etl_api_marvel_hacia_aws_redshift_multitask_failure.extraer_data manual__2023-08-01T21:38:50.578282+00:00 [queued]>
[2023-08-01 21:38:52,385] {taskinstance.py:1376} INFO - 
--------------------------------------------------------------------------------
[2023-08-01 21:38:52,385] {taskinstance.py:1377} INFO - Starting attempt 1 of 2
[2023-08-01 21:38:52,386] {taskinstance.py:1378} INFO - 
--------------------------------------------------------------------------------
[2023-08-01 21:38:52,409] {taskinstance.py:1397} INFO - Executing <Task(PythonOperator): extraer_data> on 2023-08-01 21:38:50.578282+00:00
[2023-08-01 21:38:52,417] {standard_task_runner.py:52} INFO - Started process 1858 to run task
[2023-08-01 21:38:52,422] {standard_task_runner.py:79} INFO - Running: ['***', 'tasks', 'run', 'etl_api_marvel_hacia_aws_redshift_multitask_failure', 'extraer_data', 'manual__2023-08-01T21:38:50.578282+00:00', '--job-id', '1179', '--raw', '--subdir', 'DAGS_FOLDER/dag_etl_multiple_tasks_failure.py', '--cfg-path', '/tmp/tmpq2a0yycj', '--error-file', '/tmp/tmpbpjr7uqt']
[2023-08-01 21:38:52,423] {standard_task_runner.py:80} INFO - Job 1179: Subtask extraer_data
[2023-08-01 21:38:52,506] {task_command.py:371} INFO - Running <TaskInstance: etl_api_marvel_hacia_aws_redshift_multitask_failure.extraer_data manual__2023-08-01T21:38:50.578282+00:00 [running]> on host 24cbf2f01ed0
[2023-08-01 21:38:52,619] {taskinstance.py:1591} INFO - Exporting the following env vars:
AIRFLOW_CTX_DAG_EMAIL=arielmfeldman.af@gmail.com
AIRFLOW_CTX_DAG_OWNER=Ariel Feldman
AIRFLOW_CTX_DAG_ID=etl_api_marvel_hacia_aws_redshift_multitask_failure
AIRFLOW_CTX_TASK_ID=extraer_data
AIRFLOW_CTX_EXECUTION_DATE=2023-08-01T21:38:50.578282+00:00
AIRFLOW_CTX_TRY_NUMBER=1
AIRFLOW_CTX_DAG_RUN_ID=manual__2023-08-01T21:38:50.578282+00:00
[2023-08-01 21:38:53,906] {python.py:173} INFO - Done. Returned value was: None
[2023-08-01 21:38:53,944] {taskinstance.py:1420} INFO - Marking task as SUCCESS. dag_id=etl_api_marvel_hacia_aws_redshift_multitask_failure, task_id=extraer_data, execution_date=20230801T213850, start_date=20230801T213852, end_date=20230801T213853
[2023-08-01 21:38:54,003] {local_task_job.py:156} INFO - Task exited with return code 0
[2023-08-01 21:38:54,067] {taskinstance.py:1760} ERROR - Error when executing on_success_callback
Traceback (most recent call last):
  File "/home/airflow/.local/lib/python3.7/site-packages/airflow/models/taskinstance.py", line 1758, in _run_finished_callback
    task.on_success_callback(context)
TypeError: send_mail_success() missing 1 required positional argument: 'task_id'
[2023-08-01 21:38:54,131] {local_task_job.py:273} INFO - 0 downstream tasks scheduled from follow-on schedule check
