[2023-08-01 00:06:52,302] {taskinstance.py:1179} INFO - Dependencies all met for <TaskInstance: dag_smtp_email_automatico.dag_envio scheduled__2023-07-31T21:44:00+00:00 [queued]>
[2023-08-01 00:06:52,378] {taskinstance.py:1179} INFO - Dependencies all met for <TaskInstance: dag_smtp_email_automatico.dag_envio scheduled__2023-07-31T21:44:00+00:00 [queued]>
[2023-08-01 00:06:52,378] {taskinstance.py:1376} INFO - 
--------------------------------------------------------------------------------
[2023-08-01 00:06:52,378] {taskinstance.py:1377} INFO - Starting attempt 1 of 11
[2023-08-01 00:06:52,378] {taskinstance.py:1378} INFO - 
--------------------------------------------------------------------------------
[2023-08-01 00:06:52,451] {taskinstance.py:1397} INFO - Executing <Task(PythonOperator): dag_envio> on 2023-07-31 21:44:00+00:00
[2023-08-01 00:06:52,460] {standard_task_runner.py:52} INFO - Started process 18201 to run task
[2023-08-01 00:06:52,483] {standard_task_runner.py:79} INFO - Running: ['***', 'tasks', 'run', 'dag_smtp_email_automatico', 'dag_envio', 'scheduled__2023-07-31T21:44:00+00:00', '--job-id', '554', '--raw', '--subdir', 'DAGS_FOLDER/dag_smtp_email.py', '--cfg-path', '/tmp/tmp2y3530oo', '--error-file', '/tmp/tmpp2gte39e']
[2023-08-01 00:06:52,484] {standard_task_runner.py:80} INFO - Job 554: Subtask dag_envio
[2023-08-01 00:06:52,694] {task_command.py:371} INFO - Running <TaskInstance: dag_smtp_email_automatico.dag_envio scheduled__2023-07-31T21:44:00+00:00 [running]> on host b0e2d990d7ae
[2023-08-01 00:06:53,119] {taskinstance.py:1591} INFO - Exporting the following env vars:
AIRFLOW_CTX_DAG_EMAIL=arielmfeldman.af@gmail.com
AIRFLOW_CTX_DAG_OWNER=Ariel Feldman
AIRFLOW_CTX_DAG_ID=dag_smtp_email_automatico
AIRFLOW_CTX_TASK_ID=dag_envio
AIRFLOW_CTX_EXECUTION_DATE=2023-07-31T21:44:00+00:00
AIRFLOW_CTX_TRY_NUMBER=1
AIRFLOW_CTX_DAG_RUN_ID=scheduled__2023-07-31T21:44:00+00:00
[2023-08-01 00:06:55,439] {logging_mixin.py:115} INFO - Exito
[2023-08-01 00:06:55,441] {python.py:173} INFO - Done. Returned value was: None
[2023-08-01 00:06:55,706] {taskinstance.py:1420} INFO - Marking task as SUCCESS. dag_id=dag_smtp_email_automatico, task_id=dag_envio, execution_date=20230731T214400, start_date=20230801T000652, end_date=20230801T000655
[2023-08-01 00:06:56,155] {local_task_job.py:156} INFO - Task exited with return code 0
[2023-08-01 00:06:56,920] {local_task_job.py:273} INFO - 0 downstream tasks scheduled from follow-on schedule check
