[2023-07-12 00:21:01,021] {processor.py:153} INFO - Started process (PID=81) to work on /home/airflow/.local/lib/python3.7/site-packages/airflow/example_dags/example_trigger_target_dag.py
[2023-07-12 00:21:01,022] {processor.py:641} INFO - Processing file /home/airflow/.local/lib/python3.7/site-packages/airflow/example_dags/example_trigger_target_dag.py for tasks to queue
[2023-07-12 00:21:01,023] {logging_mixin.py:115} INFO - [2023-07-12 00:21:01,023] {dagbag.py:508} INFO - Filling up the DagBag from /home/airflow/.local/lib/python3.7/site-packages/airflow/example_dags/example_trigger_target_dag.py
[2023-07-12 00:21:01,123] {processor.py:651} INFO - DAG(s) dict_keys(['example_trigger_target_dag']) retrieved from /home/airflow/.local/lib/python3.7/site-packages/airflow/example_dags/example_trigger_target_dag.py
[2023-07-12 00:21:01,514] {logging_mixin.py:115} INFO - [2023-07-12 00:21:01,514] {dag.py:2420} INFO - Sync 1 DAGs
[2023-07-12 00:21:01,579] {logging_mixin.py:115} INFO - [2023-07-12 00:21:01,578] {dag.py:2972} INFO - Setting next_dagrun for example_trigger_target_dag to None, run_after=None
[2023-07-12 00:21:01,618] {processor.py:161} INFO - Processing /home/airflow/.local/lib/python3.7/site-packages/airflow/example_dags/example_trigger_target_dag.py took 0.607 seconds
[2023-07-12 00:21:31,922] {processor.py:153} INFO - Started process (PID=133) to work on /home/airflow/.local/lib/python3.7/site-packages/airflow/example_dags/example_trigger_target_dag.py
[2023-07-12 00:21:31,923] {processor.py:641} INFO - Processing file /home/airflow/.local/lib/python3.7/site-packages/airflow/example_dags/example_trigger_target_dag.py for tasks to queue
[2023-07-12 00:21:31,924] {logging_mixin.py:115} INFO - [2023-07-12 00:21:31,924] {dagbag.py:508} INFO - Filling up the DagBag from /home/airflow/.local/lib/python3.7/site-packages/airflow/example_dags/example_trigger_target_dag.py
[2023-07-12 00:21:31,960] {processor.py:651} INFO - DAG(s) dict_keys(['example_trigger_target_dag']) retrieved from /home/airflow/.local/lib/python3.7/site-packages/airflow/example_dags/example_trigger_target_dag.py
[2023-07-12 00:21:32,175] {logging_mixin.py:115} INFO - [2023-07-12 00:21:32,175] {dag.py:2420} INFO - Sync 1 DAGs
[2023-07-12 00:21:32,218] {logging_mixin.py:115} INFO - [2023-07-12 00:21:32,218] {dag.py:2972} INFO - Setting next_dagrun for example_trigger_target_dag to None, run_after=None
[2023-07-12 00:21:32,242] {processor.py:161} INFO - Processing /home/airflow/.local/lib/python3.7/site-packages/airflow/example_dags/example_trigger_target_dag.py took 0.325 seconds
[2023-07-12 00:22:02,594] {processor.py:153} INFO - Started process (PID=185) to work on /home/airflow/.local/lib/python3.7/site-packages/airflow/example_dags/example_trigger_target_dag.py
[2023-07-12 00:22:02,595] {processor.py:641} INFO - Processing file /home/airflow/.local/lib/python3.7/site-packages/airflow/example_dags/example_trigger_target_dag.py for tasks to queue
[2023-07-12 00:22:02,596] {logging_mixin.py:115} INFO - [2023-07-12 00:22:02,596] {dagbag.py:508} INFO - Filling up the DagBag from /home/airflow/.local/lib/python3.7/site-packages/airflow/example_dags/example_trigger_target_dag.py
[2023-07-12 00:22:02,634] {processor.py:651} INFO - DAG(s) dict_keys(['example_trigger_target_dag']) retrieved from /home/airflow/.local/lib/python3.7/site-packages/airflow/example_dags/example_trigger_target_dag.py
[2023-07-12 00:22:02,871] {logging_mixin.py:115} INFO - [2023-07-12 00:22:02,870] {dag.py:2420} INFO - Sync 1 DAGs
[2023-07-12 00:22:02,909] {logging_mixin.py:115} INFO - [2023-07-12 00:22:02,909] {dag.py:2972} INFO - Setting next_dagrun for example_trigger_target_dag to None, run_after=None
[2023-07-12 00:22:02,928] {processor.py:161} INFO - Processing /home/airflow/.local/lib/python3.7/site-packages/airflow/example_dags/example_trigger_target_dag.py took 0.341 seconds
[2023-07-12 00:22:34,645] {processor.py:153} INFO - Started process (PID=242) to work on /home/airflow/.local/lib/python3.7/site-packages/airflow/example_dags/example_trigger_target_dag.py
[2023-07-12 00:22:34,648] {processor.py:641} INFO - Processing file /home/airflow/.local/lib/python3.7/site-packages/airflow/example_dags/example_trigger_target_dag.py for tasks to queue
[2023-07-12 00:22:34,650] {logging_mixin.py:115} INFO - [2023-07-12 00:22:34,649] {dagbag.py:508} INFO - Filling up the DagBag from /home/airflow/.local/lib/python3.7/site-packages/airflow/example_dags/example_trigger_target_dag.py
[2023-07-12 00:22:34,768] {processor.py:651} INFO - DAG(s) dict_keys(['example_trigger_target_dag']) retrieved from /home/airflow/.local/lib/python3.7/site-packages/airflow/example_dags/example_trigger_target_dag.py
[2023-07-12 00:22:35,601] {logging_mixin.py:115} INFO - [2023-07-12 00:22:35,601] {dag.py:2420} INFO - Sync 1 DAGs
[2023-07-12 00:22:35,712] {logging_mixin.py:115} INFO - [2023-07-12 00:22:35,711] {dag.py:2972} INFO - Setting next_dagrun for example_trigger_target_dag to None, run_after=None
[2023-07-12 00:22:35,793] {processor.py:161} INFO - Processing /home/airflow/.local/lib/python3.7/site-packages/airflow/example_dags/example_trigger_target_dag.py took 1.172 seconds
[2023-07-12 00:23:06,022] {processor.py:153} INFO - Started process (PID=294) to work on /home/airflow/.local/lib/python3.7/site-packages/airflow/example_dags/example_trigger_target_dag.py
[2023-07-12 00:23:06,023] {processor.py:641} INFO - Processing file /home/airflow/.local/lib/python3.7/site-packages/airflow/example_dags/example_trigger_target_dag.py for tasks to queue
[2023-07-12 00:23:06,032] {logging_mixin.py:115} INFO - [2023-07-12 00:23:06,032] {dagbag.py:508} INFO - Filling up the DagBag from /home/airflow/.local/lib/python3.7/site-packages/airflow/example_dags/example_trigger_target_dag.py
[2023-07-12 00:23:06,106] {processor.py:651} INFO - DAG(s) dict_keys(['example_trigger_target_dag']) retrieved from /home/airflow/.local/lib/python3.7/site-packages/airflow/example_dags/example_trigger_target_dag.py
[2023-07-12 00:23:06,457] {logging_mixin.py:115} INFO - [2023-07-12 00:23:06,457] {dag.py:2420} INFO - Sync 1 DAGs
[2023-07-12 00:23:06,525] {logging_mixin.py:115} INFO - [2023-07-12 00:23:06,525] {dag.py:2972} INFO - Setting next_dagrun for example_trigger_target_dag to None, run_after=None
[2023-07-12 00:23:06,565] {processor.py:161} INFO - Processing /home/airflow/.local/lib/python3.7/site-packages/airflow/example_dags/example_trigger_target_dag.py took 0.549 seconds
[2023-07-12 00:23:37,548] {processor.py:153} INFO - Started process (PID=349) to work on /home/airflow/.local/lib/python3.7/site-packages/airflow/example_dags/example_trigger_target_dag.py
[2023-07-12 00:23:37,553] {processor.py:641} INFO - Processing file /home/airflow/.local/lib/python3.7/site-packages/airflow/example_dags/example_trigger_target_dag.py for tasks to queue
[2023-07-12 00:23:37,554] {logging_mixin.py:115} INFO - [2023-07-12 00:23:37,554] {dagbag.py:508} INFO - Filling up the DagBag from /home/airflow/.local/lib/python3.7/site-packages/airflow/example_dags/example_trigger_target_dag.py
[2023-07-12 00:23:37,602] {processor.py:651} INFO - DAG(s) dict_keys(['example_trigger_target_dag']) retrieved from /home/airflow/.local/lib/python3.7/site-packages/airflow/example_dags/example_trigger_target_dag.py
[2023-07-12 00:23:37,939] {logging_mixin.py:115} INFO - [2023-07-12 00:23:37,939] {dag.py:2420} INFO - Sync 1 DAGs
[2023-07-12 00:23:38,008] {logging_mixin.py:115} INFO - [2023-07-12 00:23:38,008] {dag.py:2972} INFO - Setting next_dagrun for example_trigger_target_dag to None, run_after=None
[2023-07-12 00:23:38,039] {processor.py:161} INFO - Processing /home/airflow/.local/lib/python3.7/site-packages/airflow/example_dags/example_trigger_target_dag.py took 0.499 seconds
[2023-07-12 00:24:08,974] {processor.py:153} INFO - Started process (PID=401) to work on /home/airflow/.local/lib/python3.7/site-packages/airflow/example_dags/example_trigger_target_dag.py
[2023-07-12 00:24:08,974] {processor.py:641} INFO - Processing file /home/airflow/.local/lib/python3.7/site-packages/airflow/example_dags/example_trigger_target_dag.py for tasks to queue
[2023-07-12 00:24:08,975] {logging_mixin.py:115} INFO - [2023-07-12 00:24:08,975] {dagbag.py:508} INFO - Filling up the DagBag from /home/airflow/.local/lib/python3.7/site-packages/airflow/example_dags/example_trigger_target_dag.py
[2023-07-12 00:24:09,030] {processor.py:651} INFO - DAG(s) dict_keys(['example_trigger_target_dag']) retrieved from /home/airflow/.local/lib/python3.7/site-packages/airflow/example_dags/example_trigger_target_dag.py
[2023-07-12 00:24:09,412] {logging_mixin.py:115} INFO - [2023-07-12 00:24:09,412] {dag.py:2420} INFO - Sync 1 DAGs
[2023-07-12 00:24:09,484] {logging_mixin.py:115} INFO - [2023-07-12 00:24:09,484] {dag.py:2972} INFO - Setting next_dagrun for example_trigger_target_dag to None, run_after=None
[2023-07-12 00:24:09,526] {processor.py:161} INFO - Processing /home/airflow/.local/lib/python3.7/site-packages/airflow/example_dags/example_trigger_target_dag.py took 0.558 seconds
[2023-07-12 00:24:39,622] {processor.py:153} INFO - Started process (PID=453) to work on /home/airflow/.local/lib/python3.7/site-packages/airflow/example_dags/example_trigger_target_dag.py
[2023-07-12 00:24:39,626] {processor.py:641} INFO - Processing file /home/airflow/.local/lib/python3.7/site-packages/airflow/example_dags/example_trigger_target_dag.py for tasks to queue
[2023-07-12 00:24:39,627] {logging_mixin.py:115} INFO - [2023-07-12 00:24:39,627] {dagbag.py:508} INFO - Filling up the DagBag from /home/airflow/.local/lib/python3.7/site-packages/airflow/example_dags/example_trigger_target_dag.py
[2023-07-12 00:24:39,669] {processor.py:651} INFO - DAG(s) dict_keys(['example_trigger_target_dag']) retrieved from /home/airflow/.local/lib/python3.7/site-packages/airflow/example_dags/example_trigger_target_dag.py
[2023-07-12 00:24:39,949] {logging_mixin.py:115} INFO - [2023-07-12 00:24:39,949] {dag.py:2420} INFO - Sync 1 DAGs
[2023-07-12 00:24:40,010] {logging_mixin.py:115} INFO - [2023-07-12 00:24:40,010] {dag.py:2972} INFO - Setting next_dagrun for example_trigger_target_dag to None, run_after=None
[2023-07-12 00:24:40,040] {processor.py:161} INFO - Processing /home/airflow/.local/lib/python3.7/site-packages/airflow/example_dags/example_trigger_target_dag.py took 0.427 seconds
[2023-07-12 00:25:10,303] {processor.py:153} INFO - Started process (PID=505) to work on /home/airflow/.local/lib/python3.7/site-packages/airflow/example_dags/example_trigger_target_dag.py
[2023-07-12 00:25:10,304] {processor.py:641} INFO - Processing file /home/airflow/.local/lib/python3.7/site-packages/airflow/example_dags/example_trigger_target_dag.py for tasks to queue
[2023-07-12 00:25:10,306] {logging_mixin.py:115} INFO - [2023-07-12 00:25:10,306] {dagbag.py:508} INFO - Filling up the DagBag from /home/airflow/.local/lib/python3.7/site-packages/airflow/example_dags/example_trigger_target_dag.py
[2023-07-12 00:25:10,347] {processor.py:651} INFO - DAG(s) dict_keys(['example_trigger_target_dag']) retrieved from /home/airflow/.local/lib/python3.7/site-packages/airflow/example_dags/example_trigger_target_dag.py
[2023-07-12 00:25:10,716] {logging_mixin.py:115} INFO - [2023-07-12 00:25:10,716] {dag.py:2420} INFO - Sync 1 DAGs
[2023-07-12 00:25:10,802] {logging_mixin.py:115} INFO - [2023-07-12 00:25:10,802] {dag.py:2972} INFO - Setting next_dagrun for example_trigger_target_dag to None, run_after=None
[2023-07-12 00:25:10,839] {processor.py:161} INFO - Processing /home/airflow/.local/lib/python3.7/site-packages/airflow/example_dags/example_trigger_target_dag.py took 0.541 seconds
[2023-07-12 00:25:41,011] {processor.py:153} INFO - Started process (PID=556) to work on /home/airflow/.local/lib/python3.7/site-packages/airflow/example_dags/example_trigger_target_dag.py
[2023-07-12 00:25:41,022] {processor.py:641} INFO - Processing file /home/airflow/.local/lib/python3.7/site-packages/airflow/example_dags/example_trigger_target_dag.py for tasks to queue
[2023-07-12 00:25:41,023] {logging_mixin.py:115} INFO - [2023-07-12 00:25:41,023] {dagbag.py:508} INFO - Filling up the DagBag from /home/airflow/.local/lib/python3.7/site-packages/airflow/example_dags/example_trigger_target_dag.py
[2023-07-12 00:25:41,189] {processor.py:651} INFO - DAG(s) dict_keys(['example_trigger_target_dag']) retrieved from /home/airflow/.local/lib/python3.7/site-packages/airflow/example_dags/example_trigger_target_dag.py
[2023-07-12 00:25:41,749] {logging_mixin.py:115} INFO - [2023-07-12 00:25:41,749] {dag.py:2420} INFO - Sync 1 DAGs
[2023-07-12 00:25:41,862] {logging_mixin.py:115} INFO - [2023-07-12 00:25:41,862] {dag.py:2972} INFO - Setting next_dagrun for example_trigger_target_dag to None, run_after=None
[2023-07-12 00:25:41,942] {processor.py:161} INFO - Processing /home/airflow/.local/lib/python3.7/site-packages/airflow/example_dags/example_trigger_target_dag.py took 0.936 seconds
[2023-07-12 00:26:12,089] {processor.py:153} INFO - Started process (PID=618) to work on /home/airflow/.local/lib/python3.7/site-packages/airflow/example_dags/example_trigger_target_dag.py
[2023-07-12 00:26:12,090] {processor.py:641} INFO - Processing file /home/airflow/.local/lib/python3.7/site-packages/airflow/example_dags/example_trigger_target_dag.py for tasks to queue
[2023-07-12 00:26:12,091] {logging_mixin.py:115} INFO - [2023-07-12 00:26:12,090] {dagbag.py:508} INFO - Filling up the DagBag from /home/airflow/.local/lib/python3.7/site-packages/airflow/example_dags/example_trigger_target_dag.py
[2023-07-12 00:26:12,135] {processor.py:651} INFO - DAG(s) dict_keys(['example_trigger_target_dag']) retrieved from /home/airflow/.local/lib/python3.7/site-packages/airflow/example_dags/example_trigger_target_dag.py
[2023-07-12 00:26:12,363] {logging_mixin.py:115} INFO - [2023-07-12 00:26:12,363] {dag.py:2420} INFO - Sync 1 DAGs
[2023-07-12 00:26:12,400] {logging_mixin.py:115} INFO - [2023-07-12 00:26:12,400] {dag.py:2972} INFO - Setting next_dagrun for example_trigger_target_dag to None, run_after=None
[2023-07-12 00:26:12,416] {processor.py:161} INFO - Processing /home/airflow/.local/lib/python3.7/site-packages/airflow/example_dags/example_trigger_target_dag.py took 0.336 seconds
[2023-07-12 00:26:42,954] {processor.py:153} INFO - Started process (PID=669) to work on /home/airflow/.local/lib/python3.7/site-packages/airflow/example_dags/example_trigger_target_dag.py
[2023-07-12 00:26:42,954] {processor.py:641} INFO - Processing file /home/airflow/.local/lib/python3.7/site-packages/airflow/example_dags/example_trigger_target_dag.py for tasks to queue
[2023-07-12 00:26:42,955] {logging_mixin.py:115} INFO - [2023-07-12 00:26:42,955] {dagbag.py:508} INFO - Filling up the DagBag from /home/airflow/.local/lib/python3.7/site-packages/airflow/example_dags/example_trigger_target_dag.py
[2023-07-12 00:26:42,984] {processor.py:651} INFO - DAG(s) dict_keys(['example_trigger_target_dag']) retrieved from /home/airflow/.local/lib/python3.7/site-packages/airflow/example_dags/example_trigger_target_dag.py
[2023-07-12 00:26:43,195] {logging_mixin.py:115} INFO - [2023-07-12 00:26:43,195] {dag.py:2420} INFO - Sync 1 DAGs
[2023-07-12 00:26:43,219] {logging_mixin.py:115} INFO - [2023-07-12 00:26:43,219] {dag.py:2972} INFO - Setting next_dagrun for example_trigger_target_dag to None, run_after=None
[2023-07-12 00:26:43,233] {processor.py:161} INFO - Processing /home/airflow/.local/lib/python3.7/site-packages/airflow/example_dags/example_trigger_target_dag.py took 0.284 seconds
[2023-07-12 00:27:13,809] {processor.py:153} INFO - Started process (PID=722) to work on /home/airflow/.local/lib/python3.7/site-packages/airflow/example_dags/example_trigger_target_dag.py
[2023-07-12 00:27:13,810] {processor.py:641} INFO - Processing file /home/airflow/.local/lib/python3.7/site-packages/airflow/example_dags/example_trigger_target_dag.py for tasks to queue
[2023-07-12 00:27:13,811] {logging_mixin.py:115} INFO - [2023-07-12 00:27:13,811] {dagbag.py:508} INFO - Filling up the DagBag from /home/airflow/.local/lib/python3.7/site-packages/airflow/example_dags/example_trigger_target_dag.py
[2023-07-12 00:27:13,840] {processor.py:651} INFO - DAG(s) dict_keys(['example_trigger_target_dag']) retrieved from /home/airflow/.local/lib/python3.7/site-packages/airflow/example_dags/example_trigger_target_dag.py
[2023-07-12 00:27:14,097] {logging_mixin.py:115} INFO - [2023-07-12 00:27:14,096] {dag.py:2420} INFO - Sync 1 DAGs
[2023-07-12 00:27:14,152] {logging_mixin.py:115} INFO - [2023-07-12 00:27:14,152] {dag.py:2972} INFO - Setting next_dagrun for example_trigger_target_dag to None, run_after=None
[2023-07-12 00:27:14,188] {processor.py:161} INFO - Processing /home/airflow/.local/lib/python3.7/site-packages/airflow/example_dags/example_trigger_target_dag.py took 0.385 seconds
[2023-07-12 00:27:44,702] {processor.py:153} INFO - Started process (PID=784) to work on /home/airflow/.local/lib/python3.7/site-packages/airflow/example_dags/example_trigger_target_dag.py
[2023-07-12 00:27:44,705] {processor.py:641} INFO - Processing file /home/airflow/.local/lib/python3.7/site-packages/airflow/example_dags/example_trigger_target_dag.py for tasks to queue
[2023-07-12 00:27:44,706] {logging_mixin.py:115} INFO - [2023-07-12 00:27:44,706] {dagbag.py:508} INFO - Filling up the DagBag from /home/airflow/.local/lib/python3.7/site-packages/airflow/example_dags/example_trigger_target_dag.py
[2023-07-12 00:27:44,750] {processor.py:651} INFO - DAG(s) dict_keys(['example_trigger_target_dag']) retrieved from /home/airflow/.local/lib/python3.7/site-packages/airflow/example_dags/example_trigger_target_dag.py
[2023-07-12 00:27:44,962] {logging_mixin.py:115} INFO - [2023-07-12 00:27:44,962] {dag.py:2420} INFO - Sync 1 DAGs
[2023-07-12 00:27:45,003] {logging_mixin.py:115} INFO - [2023-07-12 00:27:45,003] {dag.py:2972} INFO - Setting next_dagrun for example_trigger_target_dag to None, run_after=None
[2023-07-12 00:27:45,027] {processor.py:161} INFO - Processing /home/airflow/.local/lib/python3.7/site-packages/airflow/example_dags/example_trigger_target_dag.py took 0.340 seconds
[2023-07-12 00:28:15,858] {processor.py:153} INFO - Started process (PID=834) to work on /home/airflow/.local/lib/python3.7/site-packages/airflow/example_dags/example_trigger_target_dag.py
[2023-07-12 00:28:15,858] {processor.py:641} INFO - Processing file /home/airflow/.local/lib/python3.7/site-packages/airflow/example_dags/example_trigger_target_dag.py for tasks to queue
[2023-07-12 00:28:15,859] {logging_mixin.py:115} INFO - [2023-07-12 00:28:15,859] {dagbag.py:508} INFO - Filling up the DagBag from /home/airflow/.local/lib/python3.7/site-packages/airflow/example_dags/example_trigger_target_dag.py
[2023-07-12 00:28:15,883] {processor.py:651} INFO - DAG(s) dict_keys(['example_trigger_target_dag']) retrieved from /home/airflow/.local/lib/python3.7/site-packages/airflow/example_dags/example_trigger_target_dag.py
[2023-07-12 00:28:16,233] {logging_mixin.py:115} INFO - [2023-07-12 00:28:16,233] {dag.py:2420} INFO - Sync 1 DAGs
[2023-07-12 00:28:16,303] {logging_mixin.py:115} INFO - [2023-07-12 00:28:16,302] {dag.py:2972} INFO - Setting next_dagrun for example_trigger_target_dag to None, run_after=None
[2023-07-12 00:28:16,323] {processor.py:161} INFO - Processing /home/airflow/.local/lib/python3.7/site-packages/airflow/example_dags/example_trigger_target_dag.py took 0.469 seconds
[2023-07-12 00:28:47,606] {processor.py:153} INFO - Started process (PID=899) to work on /home/airflow/.local/lib/python3.7/site-packages/airflow/example_dags/example_trigger_target_dag.py
[2023-07-12 00:28:47,607] {processor.py:641} INFO - Processing file /home/airflow/.local/lib/python3.7/site-packages/airflow/example_dags/example_trigger_target_dag.py for tasks to queue
[2023-07-12 00:28:47,608] {logging_mixin.py:115} INFO - [2023-07-12 00:28:47,608] {dagbag.py:508} INFO - Filling up the DagBag from /home/airflow/.local/lib/python3.7/site-packages/airflow/example_dags/example_trigger_target_dag.py
[2023-07-12 00:28:47,674] {processor.py:651} INFO - DAG(s) dict_keys(['example_trigger_target_dag']) retrieved from /home/airflow/.local/lib/python3.7/site-packages/airflow/example_dags/example_trigger_target_dag.py
[2023-07-12 00:28:47,987] {logging_mixin.py:115} INFO - [2023-07-12 00:28:47,987] {dag.py:2420} INFO - Sync 1 DAGs
[2023-07-12 00:28:48,052] {logging_mixin.py:115} INFO - [2023-07-12 00:28:48,051] {dag.py:2972} INFO - Setting next_dagrun for example_trigger_target_dag to None, run_after=None
[2023-07-12 00:28:48,084] {processor.py:161} INFO - Processing /home/airflow/.local/lib/python3.7/site-packages/airflow/example_dags/example_trigger_target_dag.py took 0.499 seconds
[2023-07-12 00:29:18,705] {processor.py:153} INFO - Started process (PID=950) to work on /home/airflow/.local/lib/python3.7/site-packages/airflow/example_dags/example_trigger_target_dag.py
[2023-07-12 00:29:18,706] {processor.py:641} INFO - Processing file /home/airflow/.local/lib/python3.7/site-packages/airflow/example_dags/example_trigger_target_dag.py for tasks to queue
[2023-07-12 00:29:18,708] {logging_mixin.py:115} INFO - [2023-07-12 00:29:18,708] {dagbag.py:508} INFO - Filling up the DagBag from /home/airflow/.local/lib/python3.7/site-packages/airflow/example_dags/example_trigger_target_dag.py
[2023-07-12 00:29:18,822] {processor.py:651} INFO - DAG(s) dict_keys(['example_trigger_target_dag']) retrieved from /home/airflow/.local/lib/python3.7/site-packages/airflow/example_dags/example_trigger_target_dag.py
[2023-07-12 00:29:19,178] {logging_mixin.py:115} INFO - [2023-07-12 00:29:19,177] {dag.py:2420} INFO - Sync 1 DAGs
[2023-07-12 00:29:19,231] {logging_mixin.py:115} INFO - [2023-07-12 00:29:19,231] {dag.py:2972} INFO - Setting next_dagrun for example_trigger_target_dag to None, run_after=None
[2023-07-12 00:29:19,275] {processor.py:161} INFO - Processing /home/airflow/.local/lib/python3.7/site-packages/airflow/example_dags/example_trigger_target_dag.py took 0.581 seconds
[2023-07-12 00:30:44,853] {processor.py:153} INFO - Started process (PID=83) to work on /home/airflow/.local/lib/python3.7/site-packages/airflow/example_dags/example_trigger_target_dag.py
[2023-07-12 00:30:44,858] {processor.py:641} INFO - Processing file /home/airflow/.local/lib/python3.7/site-packages/airflow/example_dags/example_trigger_target_dag.py for tasks to queue
[2023-07-12 00:30:44,859] {logging_mixin.py:115} INFO - [2023-07-12 00:30:44,859] {dagbag.py:508} INFO - Filling up the DagBag from /home/airflow/.local/lib/python3.7/site-packages/airflow/example_dags/example_trigger_target_dag.py
[2023-07-12 00:30:44,933] {processor.py:651} INFO - DAG(s) dict_keys(['example_trigger_target_dag']) retrieved from /home/airflow/.local/lib/python3.7/site-packages/airflow/example_dags/example_trigger_target_dag.py
[2023-07-12 00:30:45,653] {logging_mixin.py:115} INFO - [2023-07-12 00:30:45,652] {dag.py:2420} INFO - Sync 1 DAGs
[2023-07-12 00:30:45,760] {logging_mixin.py:115} INFO - [2023-07-12 00:30:45,759] {dag.py:2972} INFO - Setting next_dagrun for example_trigger_target_dag to None, run_after=None
[2023-07-12 00:30:45,809] {processor.py:161} INFO - Processing /home/airflow/.local/lib/python3.7/site-packages/airflow/example_dags/example_trigger_target_dag.py took 0.965 seconds
[2023-07-12 00:31:16,632] {processor.py:153} INFO - Started process (PID=135) to work on /home/airflow/.local/lib/python3.7/site-packages/airflow/example_dags/example_trigger_target_dag.py
[2023-07-12 00:31:16,633] {processor.py:641} INFO - Processing file /home/airflow/.local/lib/python3.7/site-packages/airflow/example_dags/example_trigger_target_dag.py for tasks to queue
[2023-07-12 00:31:16,634] {logging_mixin.py:115} INFO - [2023-07-12 00:31:16,634] {dagbag.py:508} INFO - Filling up the DagBag from /home/airflow/.local/lib/python3.7/site-packages/airflow/example_dags/example_trigger_target_dag.py
[2023-07-12 00:31:16,667] {processor.py:651} INFO - DAG(s) dict_keys(['example_trigger_target_dag']) retrieved from /home/airflow/.local/lib/python3.7/site-packages/airflow/example_dags/example_trigger_target_dag.py
[2023-07-12 00:31:16,904] {logging_mixin.py:115} INFO - [2023-07-12 00:31:16,904] {dag.py:2420} INFO - Sync 1 DAGs
[2023-07-12 00:31:16,933] {logging_mixin.py:115} INFO - [2023-07-12 00:31:16,933] {dag.py:2972} INFO - Setting next_dagrun for example_trigger_target_dag to None, run_after=None
[2023-07-12 00:31:16,950] {processor.py:161} INFO - Processing /home/airflow/.local/lib/python3.7/site-packages/airflow/example_dags/example_trigger_target_dag.py took 0.321 seconds
[2023-07-12 00:31:47,750] {processor.py:153} INFO - Started process (PID=188) to work on /home/airflow/.local/lib/python3.7/site-packages/airflow/example_dags/example_trigger_target_dag.py
[2023-07-12 00:31:47,750] {processor.py:641} INFO - Processing file /home/airflow/.local/lib/python3.7/site-packages/airflow/example_dags/example_trigger_target_dag.py for tasks to queue
[2023-07-12 00:31:47,751] {logging_mixin.py:115} INFO - [2023-07-12 00:31:47,751] {dagbag.py:508} INFO - Filling up the DagBag from /home/airflow/.local/lib/python3.7/site-packages/airflow/example_dags/example_trigger_target_dag.py
[2023-07-12 00:31:47,774] {processor.py:651} INFO - DAG(s) dict_keys(['example_trigger_target_dag']) retrieved from /home/airflow/.local/lib/python3.7/site-packages/airflow/example_dags/example_trigger_target_dag.py
[2023-07-12 00:31:47,950] {logging_mixin.py:115} INFO - [2023-07-12 00:31:47,950] {dag.py:2420} INFO - Sync 1 DAGs
[2023-07-12 00:31:47,978] {logging_mixin.py:115} INFO - [2023-07-12 00:31:47,978] {dag.py:2972} INFO - Setting next_dagrun for example_trigger_target_dag to None, run_after=None
[2023-07-12 00:31:47,996] {processor.py:161} INFO - Processing /home/airflow/.local/lib/python3.7/site-packages/airflow/example_dags/example_trigger_target_dag.py took 0.250 seconds
[2023-07-12 00:32:18,319] {processor.py:153} INFO - Started process (PID=250) to work on /home/airflow/.local/lib/python3.7/site-packages/airflow/example_dags/example_trigger_target_dag.py
[2023-07-12 00:32:18,320] {processor.py:641} INFO - Processing file /home/airflow/.local/lib/python3.7/site-packages/airflow/example_dags/example_trigger_target_dag.py for tasks to queue
[2023-07-12 00:32:18,321] {logging_mixin.py:115} INFO - [2023-07-12 00:32:18,321] {dagbag.py:508} INFO - Filling up the DagBag from /home/airflow/.local/lib/python3.7/site-packages/airflow/example_dags/example_trigger_target_dag.py
[2023-07-12 00:32:18,353] {processor.py:651} INFO - DAG(s) dict_keys(['example_trigger_target_dag']) retrieved from /home/airflow/.local/lib/python3.7/site-packages/airflow/example_dags/example_trigger_target_dag.py
[2023-07-12 00:32:18,880] {logging_mixin.py:115} INFO - [2023-07-12 00:32:18,880] {dag.py:2420} INFO - Sync 1 DAGs
[2023-07-12 00:32:18,927] {logging_mixin.py:115} INFO - [2023-07-12 00:32:18,927] {dag.py:2972} INFO - Setting next_dagrun for example_trigger_target_dag to None, run_after=None
[2023-07-12 00:32:18,948] {processor.py:161} INFO - Processing /home/airflow/.local/lib/python3.7/site-packages/airflow/example_dags/example_trigger_target_dag.py took 0.633 seconds
[2023-07-12 00:32:51,331] {processor.py:153} INFO - Started process (PID=317) to work on /home/airflow/.local/lib/python3.7/site-packages/airflow/example_dags/example_trigger_target_dag.py
[2023-07-12 00:32:51,339] {processor.py:641} INFO - Processing file /home/airflow/.local/lib/python3.7/site-packages/airflow/example_dags/example_trigger_target_dag.py for tasks to queue
[2023-07-12 00:32:51,340] {logging_mixin.py:115} INFO - [2023-07-12 00:32:51,340] {dagbag.py:508} INFO - Filling up the DagBag from /home/airflow/.local/lib/python3.7/site-packages/airflow/example_dags/example_trigger_target_dag.py
[2023-07-12 00:32:51,403] {processor.py:651} INFO - DAG(s) dict_keys(['example_trigger_target_dag']) retrieved from /home/airflow/.local/lib/python3.7/site-packages/airflow/example_dags/example_trigger_target_dag.py
[2023-07-12 00:32:52,325] {logging_mixin.py:115} INFO - [2023-07-12 00:32:52,324] {dag.py:2420} INFO - Sync 1 DAGs
[2023-07-12 00:32:52,647] {logging_mixin.py:115} INFO - [2023-07-12 00:32:52,647] {dag.py:2972} INFO - Setting next_dagrun for example_trigger_target_dag to None, run_after=None
[2023-07-12 00:32:52,761] {processor.py:161} INFO - Processing /home/airflow/.local/lib/python3.7/site-packages/airflow/example_dags/example_trigger_target_dag.py took 1.435 seconds
[2023-07-12 00:33:38,683] {processor.py:153} INFO - Started process (PID=408) to work on /home/airflow/.local/lib/python3.7/site-packages/airflow/example_dags/example_trigger_target_dag.py
[2023-07-12 00:33:38,685] {processor.py:641} INFO - Processing file /home/airflow/.local/lib/python3.7/site-packages/airflow/example_dags/example_trigger_target_dag.py for tasks to queue
[2023-07-12 00:33:38,686] {logging_mixin.py:115} INFO - [2023-07-12 00:33:38,686] {dagbag.py:508} INFO - Filling up the DagBag from /home/airflow/.local/lib/python3.7/site-packages/airflow/example_dags/example_trigger_target_dag.py
[2023-07-12 00:33:38,771] {processor.py:651} INFO - DAG(s) dict_keys(['example_trigger_target_dag']) retrieved from /home/airflow/.local/lib/python3.7/site-packages/airflow/example_dags/example_trigger_target_dag.py
[2023-07-12 00:33:39,445] {logging_mixin.py:115} INFO - [2023-07-12 00:33:39,444] {dag.py:2420} INFO - Sync 1 DAGs
[2023-07-12 00:33:39,723] {logging_mixin.py:115} INFO - [2023-07-12 00:33:39,722] {dag.py:2972} INFO - Setting next_dagrun for example_trigger_target_dag to None, run_after=None
[2023-07-12 00:33:39,829] {processor.py:161} INFO - Processing /home/airflow/.local/lib/python3.7/site-packages/airflow/example_dags/example_trigger_target_dag.py took 1.153 seconds
[2023-07-12 00:34:15,609] {processor.py:153} INFO - Started process (PID=505) to work on /home/airflow/.local/lib/python3.7/site-packages/airflow/example_dags/example_trigger_target_dag.py
[2023-07-12 00:34:15,630] {processor.py:641} INFO - Processing file /home/airflow/.local/lib/python3.7/site-packages/airflow/example_dags/example_trigger_target_dag.py for tasks to queue
[2023-07-12 00:34:15,631] {logging_mixin.py:115} INFO - [2023-07-12 00:34:15,631] {dagbag.py:508} INFO - Filling up the DagBag from /home/airflow/.local/lib/python3.7/site-packages/airflow/example_dags/example_trigger_target_dag.py
[2023-07-12 00:34:15,806] {processor.py:651} INFO - DAG(s) dict_keys(['example_trigger_target_dag']) retrieved from /home/airflow/.local/lib/python3.7/site-packages/airflow/example_dags/example_trigger_target_dag.py
[2023-07-12 00:34:17,101] {logging_mixin.py:115} INFO - [2023-07-12 00:34:17,101] {dag.py:2420} INFO - Sync 1 DAGs
[2023-07-12 00:34:17,167] {logging_mixin.py:115} INFO - [2023-07-12 00:34:17,167] {dag.py:2972} INFO - Setting next_dagrun for example_trigger_target_dag to None, run_after=None
[2023-07-12 00:34:17,212] {processor.py:161} INFO - Processing /home/airflow/.local/lib/python3.7/site-packages/airflow/example_dags/example_trigger_target_dag.py took 1.640 seconds
[2023-07-12 00:34:47,604] {processor.py:153} INFO - Started process (PID=560) to work on /home/airflow/.local/lib/python3.7/site-packages/airflow/example_dags/example_trigger_target_dag.py
[2023-07-12 00:34:47,605] {processor.py:641} INFO - Processing file /home/airflow/.local/lib/python3.7/site-packages/airflow/example_dags/example_trigger_target_dag.py for tasks to queue
[2023-07-12 00:34:47,606] {logging_mixin.py:115} INFO - [2023-07-12 00:34:47,606] {dagbag.py:508} INFO - Filling up the DagBag from /home/airflow/.local/lib/python3.7/site-packages/airflow/example_dags/example_trigger_target_dag.py
[2023-07-12 00:34:47,650] {processor.py:651} INFO - DAG(s) dict_keys(['example_trigger_target_dag']) retrieved from /home/airflow/.local/lib/python3.7/site-packages/airflow/example_dags/example_trigger_target_dag.py
[2023-07-12 00:34:47,947] {logging_mixin.py:115} INFO - [2023-07-12 00:34:47,947] {dag.py:2420} INFO - Sync 1 DAGs
[2023-07-12 00:34:48,003] {logging_mixin.py:115} INFO - [2023-07-12 00:34:48,002] {dag.py:2972} INFO - Setting next_dagrun for example_trigger_target_dag to None, run_after=None
[2023-07-12 00:34:48,033] {processor.py:161} INFO - Processing /home/airflow/.local/lib/python3.7/site-packages/airflow/example_dags/example_trigger_target_dag.py took 0.439 seconds
[2023-07-12 00:35:18,754] {processor.py:153} INFO - Started process (PID=613) to work on /home/airflow/.local/lib/python3.7/site-packages/airflow/example_dags/example_trigger_target_dag.py
[2023-07-12 00:35:18,756] {processor.py:641} INFO - Processing file /home/airflow/.local/lib/python3.7/site-packages/airflow/example_dags/example_trigger_target_dag.py for tasks to queue
[2023-07-12 00:35:18,758] {logging_mixin.py:115} INFO - [2023-07-12 00:35:18,757] {dagbag.py:508} INFO - Filling up the DagBag from /home/airflow/.local/lib/python3.7/site-packages/airflow/example_dags/example_trigger_target_dag.py
[2023-07-12 00:35:18,811] {processor.py:651} INFO - DAG(s) dict_keys(['example_trigger_target_dag']) retrieved from /home/airflow/.local/lib/python3.7/site-packages/airflow/example_dags/example_trigger_target_dag.py
[2023-07-12 00:35:19,152] {logging_mixin.py:115} INFO - [2023-07-12 00:35:19,151] {dag.py:2420} INFO - Sync 1 DAGs
[2023-07-12 00:35:19,262] {logging_mixin.py:115} INFO - [2023-07-12 00:35:19,262] {dag.py:2972} INFO - Setting next_dagrun for example_trigger_target_dag to None, run_after=None
[2023-07-12 00:35:19,336] {processor.py:161} INFO - Processing /home/airflow/.local/lib/python3.7/site-packages/airflow/example_dags/example_trigger_target_dag.py took 0.601 seconds
