[2023-07-12 00:20:46,398] {processor.py:153} INFO - Started process (PID=60) to work on /home/airflow/.local/lib/python3.7/site-packages/airflow/example_dags/example_branch_operator_decorator.py
[2023-07-12 00:20:46,398] {processor.py:641} INFO - Processing file /home/airflow/.local/lib/python3.7/site-packages/airflow/example_dags/example_branch_operator_decorator.py for tasks to queue
[2023-07-12 00:20:46,399] {logging_mixin.py:115} INFO - [2023-07-12 00:20:46,399] {dagbag.py:508} INFO - Filling up the DagBag from /home/airflow/.local/lib/python3.7/site-packages/airflow/example_dags/example_branch_operator_decorator.py
[2023-07-12 00:20:46,460] {processor.py:651} INFO - DAG(s) dict_keys(['example_branch_python_operator_decorator']) retrieved from /home/airflow/.local/lib/python3.7/site-packages/airflow/example_dags/example_branch_operator_decorator.py
[2023-07-12 00:20:46,809] {logging_mixin.py:115} INFO - [2023-07-12 00:20:46,809] {dag.py:2420} INFO - Sync 1 DAGs
[2023-07-12 00:20:46,858] {logging_mixin.py:115} INFO - [2023-07-12 00:20:46,858] {dag.py:2972} INFO - Setting next_dagrun for example_branch_python_operator_decorator to 2023-07-11T00:00:00+00:00, run_after=2023-07-12T00:00:00+00:00
[2023-07-12 00:20:46,900] {processor.py:161} INFO - Processing /home/airflow/.local/lib/python3.7/site-packages/airflow/example_dags/example_branch_operator_decorator.py took 0.512 seconds
[2023-07-12 00:21:17,268] {processor.py:153} INFO - Started process (PID=103) to work on /home/airflow/.local/lib/python3.7/site-packages/airflow/example_dags/example_branch_operator_decorator.py
[2023-07-12 00:21:17,269] {processor.py:641} INFO - Processing file /home/airflow/.local/lib/python3.7/site-packages/airflow/example_dags/example_branch_operator_decorator.py for tasks to queue
[2023-07-12 00:21:17,270] {logging_mixin.py:115} INFO - [2023-07-12 00:21:17,270] {dagbag.py:508} INFO - Filling up the DagBag from /home/airflow/.local/lib/python3.7/site-packages/airflow/example_dags/example_branch_operator_decorator.py
[2023-07-12 00:21:17,322] {processor.py:651} INFO - DAG(s) dict_keys(['example_branch_python_operator_decorator']) retrieved from /home/airflow/.local/lib/python3.7/site-packages/airflow/example_dags/example_branch_operator_decorator.py
[2023-07-12 00:21:17,597] {logging_mixin.py:115} INFO - [2023-07-12 00:21:17,597] {dag.py:2420} INFO - Sync 1 DAGs
[2023-07-12 00:21:17,658] {logging_mixin.py:115} INFO - [2023-07-12 00:21:17,657] {dag.py:2972} INFO - Setting next_dagrun for example_branch_python_operator_decorator to 2023-07-11T00:00:00+00:00, run_after=2023-07-12T00:00:00+00:00
[2023-07-12 00:21:17,698] {processor.py:161} INFO - Processing /home/airflow/.local/lib/python3.7/site-packages/airflow/example_dags/example_branch_operator_decorator.py took 0.435 seconds
[2023-07-12 00:21:47,804] {processor.py:153} INFO - Started process (PID=155) to work on /home/airflow/.local/lib/python3.7/site-packages/airflow/example_dags/example_branch_operator_decorator.py
[2023-07-12 00:21:47,805] {processor.py:641} INFO - Processing file /home/airflow/.local/lib/python3.7/site-packages/airflow/example_dags/example_branch_operator_decorator.py for tasks to queue
[2023-07-12 00:21:47,806] {logging_mixin.py:115} INFO - [2023-07-12 00:21:47,806] {dagbag.py:508} INFO - Filling up the DagBag from /home/airflow/.local/lib/python3.7/site-packages/airflow/example_dags/example_branch_operator_decorator.py
[2023-07-12 00:21:47,849] {processor.py:651} INFO - DAG(s) dict_keys(['example_branch_python_operator_decorator']) retrieved from /home/airflow/.local/lib/python3.7/site-packages/airflow/example_dags/example_branch_operator_decorator.py
[2023-07-12 00:21:48,126] {logging_mixin.py:115} INFO - [2023-07-12 00:21:48,126] {dag.py:2420} INFO - Sync 1 DAGs
[2023-07-12 00:21:48,197] {logging_mixin.py:115} INFO - [2023-07-12 00:21:48,197] {dag.py:2972} INFO - Setting next_dagrun for example_branch_python_operator_decorator to 2023-07-11T00:00:00+00:00, run_after=2023-07-12T00:00:00+00:00
[2023-07-12 00:21:48,221] {processor.py:161} INFO - Processing /home/airflow/.local/lib/python3.7/site-packages/airflow/example_dags/example_branch_operator_decorator.py took 0.421 seconds
[2023-07-12 00:22:19,265] {processor.py:153} INFO - Started process (PID=206) to work on /home/airflow/.local/lib/python3.7/site-packages/airflow/example_dags/example_branch_operator_decorator.py
[2023-07-12 00:22:19,272] {processor.py:641} INFO - Processing file /home/airflow/.local/lib/python3.7/site-packages/airflow/example_dags/example_branch_operator_decorator.py for tasks to queue
[2023-07-12 00:22:19,273] {logging_mixin.py:115} INFO - [2023-07-12 00:22:19,273] {dagbag.py:508} INFO - Filling up the DagBag from /home/airflow/.local/lib/python3.7/site-packages/airflow/example_dags/example_branch_operator_decorator.py
[2023-07-12 00:22:19,385] {processor.py:651} INFO - DAG(s) dict_keys(['example_branch_python_operator_decorator']) retrieved from /home/airflow/.local/lib/python3.7/site-packages/airflow/example_dags/example_branch_operator_decorator.py
[2023-07-12 00:22:19,653] {logging_mixin.py:115} INFO - [2023-07-12 00:22:19,653] {dag.py:2420} INFO - Sync 1 DAGs
[2023-07-12 00:22:19,707] {logging_mixin.py:115} INFO - [2023-07-12 00:22:19,707] {dag.py:2972} INFO - Setting next_dagrun for example_branch_python_operator_decorator to 2023-07-11T00:00:00+00:00, run_after=2023-07-12T00:00:00+00:00
[2023-07-12 00:22:19,731] {processor.py:161} INFO - Processing /home/airflow/.local/lib/python3.7/site-packages/airflow/example_dags/example_branch_operator_decorator.py took 0.471 seconds
[2023-07-12 00:22:51,078] {processor.py:153} INFO - Started process (PID=267) to work on /home/airflow/.local/lib/python3.7/site-packages/airflow/example_dags/example_branch_operator_decorator.py
[2023-07-12 00:22:51,079] {processor.py:641} INFO - Processing file /home/airflow/.local/lib/python3.7/site-packages/airflow/example_dags/example_branch_operator_decorator.py for tasks to queue
[2023-07-12 00:22:51,081] {logging_mixin.py:115} INFO - [2023-07-12 00:22:51,081] {dagbag.py:508} INFO - Filling up the DagBag from /home/airflow/.local/lib/python3.7/site-packages/airflow/example_dags/example_branch_operator_decorator.py
[2023-07-12 00:22:51,146] {processor.py:651} INFO - DAG(s) dict_keys(['example_branch_python_operator_decorator']) retrieved from /home/airflow/.local/lib/python3.7/site-packages/airflow/example_dags/example_branch_operator_decorator.py
[2023-07-12 00:22:51,526] {logging_mixin.py:115} INFO - [2023-07-12 00:22:51,526] {dag.py:2420} INFO - Sync 1 DAGs
[2023-07-12 00:22:51,598] {logging_mixin.py:115} INFO - [2023-07-12 00:22:51,597] {dag.py:2972} INFO - Setting next_dagrun for example_branch_python_operator_decorator to 2023-07-11T00:00:00+00:00, run_after=2023-07-12T00:00:00+00:00
[2023-07-12 00:22:51,644] {processor.py:161} INFO - Processing /home/airflow/.local/lib/python3.7/site-packages/airflow/example_dags/example_branch_operator_decorator.py took 0.584 seconds
[2023-07-12 00:23:21,788] {processor.py:153} INFO - Started process (PID=319) to work on /home/airflow/.local/lib/python3.7/site-packages/airflow/example_dags/example_branch_operator_decorator.py
[2023-07-12 00:23:21,792] {processor.py:641} INFO - Processing file /home/airflow/.local/lib/python3.7/site-packages/airflow/example_dags/example_branch_operator_decorator.py for tasks to queue
[2023-07-12 00:23:21,793] {logging_mixin.py:115} INFO - [2023-07-12 00:23:21,793] {dagbag.py:508} INFO - Filling up the DagBag from /home/airflow/.local/lib/python3.7/site-packages/airflow/example_dags/example_branch_operator_decorator.py
[2023-07-12 00:23:21,926] {processor.py:651} INFO - DAG(s) dict_keys(['example_branch_python_operator_decorator']) retrieved from /home/airflow/.local/lib/python3.7/site-packages/airflow/example_dags/example_branch_operator_decorator.py
[2023-07-12 00:23:22,447] {logging_mixin.py:115} INFO - [2023-07-12 00:23:22,446] {dag.py:2420} INFO - Sync 1 DAGs
[2023-07-12 00:23:22,568] {logging_mixin.py:115} INFO - [2023-07-12 00:23:22,568] {dag.py:2972} INFO - Setting next_dagrun for example_branch_python_operator_decorator to 2023-07-11T00:00:00+00:00, run_after=2023-07-12T00:00:00+00:00
[2023-07-12 00:23:22,641] {processor.py:161} INFO - Processing /home/airflow/.local/lib/python3.7/site-packages/airflow/example_dags/example_branch_operator_decorator.py took 0.864 seconds
[2023-07-12 00:23:53,554] {processor.py:153} INFO - Started process (PID=371) to work on /home/airflow/.local/lib/python3.7/site-packages/airflow/example_dags/example_branch_operator_decorator.py
[2023-07-12 00:23:53,555] {processor.py:641} INFO - Processing file /home/airflow/.local/lib/python3.7/site-packages/airflow/example_dags/example_branch_operator_decorator.py for tasks to queue
[2023-07-12 00:23:53,557] {logging_mixin.py:115} INFO - [2023-07-12 00:23:53,557] {dagbag.py:508} INFO - Filling up the DagBag from /home/airflow/.local/lib/python3.7/site-packages/airflow/example_dags/example_branch_operator_decorator.py
[2023-07-12 00:23:53,671] {processor.py:651} INFO - DAG(s) dict_keys(['example_branch_python_operator_decorator']) retrieved from /home/airflow/.local/lib/python3.7/site-packages/airflow/example_dags/example_branch_operator_decorator.py
[2023-07-12 00:23:54,273] {logging_mixin.py:115} INFO - [2023-07-12 00:23:54,272] {dag.py:2420} INFO - Sync 1 DAGs
[2023-07-12 00:23:54,421] {logging_mixin.py:115} INFO - [2023-07-12 00:23:54,421] {dag.py:2972} INFO - Setting next_dagrun for example_branch_python_operator_decorator to 2023-07-11T00:00:00+00:00, run_after=2023-07-12T00:00:00+00:00
[2023-07-12 00:23:54,494] {processor.py:161} INFO - Processing /home/airflow/.local/lib/python3.7/site-packages/airflow/example_dags/example_branch_operator_decorator.py took 0.951 seconds
[2023-07-12 00:24:25,132] {processor.py:153} INFO - Started process (PID=424) to work on /home/airflow/.local/lib/python3.7/site-packages/airflow/example_dags/example_branch_operator_decorator.py
[2023-07-12 00:24:25,134] {processor.py:641} INFO - Processing file /home/airflow/.local/lib/python3.7/site-packages/airflow/example_dags/example_branch_operator_decorator.py for tasks to queue
[2023-07-12 00:24:25,135] {logging_mixin.py:115} INFO - [2023-07-12 00:24:25,135] {dagbag.py:508} INFO - Filling up the DagBag from /home/airflow/.local/lib/python3.7/site-packages/airflow/example_dags/example_branch_operator_decorator.py
[2023-07-12 00:24:25,206] {processor.py:651} INFO - DAG(s) dict_keys(['example_branch_python_operator_decorator']) retrieved from /home/airflow/.local/lib/python3.7/site-packages/airflow/example_dags/example_branch_operator_decorator.py
[2023-07-12 00:24:25,535] {logging_mixin.py:115} INFO - [2023-07-12 00:24:25,534] {dag.py:2420} INFO - Sync 1 DAGs
[2023-07-12 00:24:25,606] {logging_mixin.py:115} INFO - [2023-07-12 00:24:25,605] {dag.py:2972} INFO - Setting next_dagrun for example_branch_python_operator_decorator to 2023-07-11T00:00:00+00:00, run_after=2023-07-12T00:00:00+00:00
[2023-07-12 00:24:25,647] {processor.py:161} INFO - Processing /home/airflow/.local/lib/python3.7/site-packages/airflow/example_dags/example_branch_operator_decorator.py took 0.522 seconds
[2023-07-12 00:24:55,726] {processor.py:153} INFO - Started process (PID=475) to work on /home/airflow/.local/lib/python3.7/site-packages/airflow/example_dags/example_branch_operator_decorator.py
[2023-07-12 00:24:55,727] {processor.py:641} INFO - Processing file /home/airflow/.local/lib/python3.7/site-packages/airflow/example_dags/example_branch_operator_decorator.py for tasks to queue
[2023-07-12 00:24:55,727] {logging_mixin.py:115} INFO - [2023-07-12 00:24:55,727] {dagbag.py:508} INFO - Filling up the DagBag from /home/airflow/.local/lib/python3.7/site-packages/airflow/example_dags/example_branch_operator_decorator.py
[2023-07-12 00:24:55,782] {processor.py:651} INFO - DAG(s) dict_keys(['example_branch_python_operator_decorator']) retrieved from /home/airflow/.local/lib/python3.7/site-packages/airflow/example_dags/example_branch_operator_decorator.py
[2023-07-12 00:24:56,373] {logging_mixin.py:115} INFO - [2023-07-12 00:24:56,373] {dag.py:2420} INFO - Sync 1 DAGs
[2023-07-12 00:24:56,470] {logging_mixin.py:115} INFO - [2023-07-12 00:24:56,470] {dag.py:2972} INFO - Setting next_dagrun for example_branch_python_operator_decorator to 2023-07-11T00:00:00+00:00, run_after=2023-07-12T00:00:00+00:00
[2023-07-12 00:24:56,554] {processor.py:161} INFO - Processing /home/airflow/.local/lib/python3.7/site-packages/airflow/example_dags/example_branch_operator_decorator.py took 0.836 seconds
[2023-07-12 00:25:27,003] {processor.py:153} INFO - Started process (PID=527) to work on /home/airflow/.local/lib/python3.7/site-packages/airflow/example_dags/example_branch_operator_decorator.py
[2023-07-12 00:25:27,004] {processor.py:641} INFO - Processing file /home/airflow/.local/lib/python3.7/site-packages/airflow/example_dags/example_branch_operator_decorator.py for tasks to queue
[2023-07-12 00:25:27,006] {logging_mixin.py:115} INFO - [2023-07-12 00:25:27,005] {dagbag.py:508} INFO - Filling up the DagBag from /home/airflow/.local/lib/python3.7/site-packages/airflow/example_dags/example_branch_operator_decorator.py
[2023-07-12 00:25:27,064] {processor.py:651} INFO - DAG(s) dict_keys(['example_branch_python_operator_decorator']) retrieved from /home/airflow/.local/lib/python3.7/site-packages/airflow/example_dags/example_branch_operator_decorator.py
[2023-07-12 00:25:27,417] {logging_mixin.py:115} INFO - [2023-07-12 00:25:27,417] {dag.py:2420} INFO - Sync 1 DAGs
[2023-07-12 00:25:27,568] {logging_mixin.py:115} INFO - [2023-07-12 00:25:27,568] {dag.py:2972} INFO - Setting next_dagrun for example_branch_python_operator_decorator to 2023-07-11T00:00:00+00:00, run_after=2023-07-12T00:00:00+00:00
[2023-07-12 00:25:27,622] {processor.py:161} INFO - Processing /home/airflow/.local/lib/python3.7/site-packages/airflow/example_dags/example_branch_operator_decorator.py took 0.635 seconds
[2023-07-12 00:25:58,448] {processor.py:153} INFO - Started process (PID=588) to work on /home/airflow/.local/lib/python3.7/site-packages/airflow/example_dags/example_branch_operator_decorator.py
[2023-07-12 00:25:58,449] {processor.py:641} INFO - Processing file /home/airflow/.local/lib/python3.7/site-packages/airflow/example_dags/example_branch_operator_decorator.py for tasks to queue
[2023-07-12 00:25:58,450] {logging_mixin.py:115} INFO - [2023-07-12 00:25:58,450] {dagbag.py:508} INFO - Filling up the DagBag from /home/airflow/.local/lib/python3.7/site-packages/airflow/example_dags/example_branch_operator_decorator.py
[2023-07-12 00:25:58,499] {processor.py:651} INFO - DAG(s) dict_keys(['example_branch_python_operator_decorator']) retrieved from /home/airflow/.local/lib/python3.7/site-packages/airflow/example_dags/example_branch_operator_decorator.py
[2023-07-12 00:25:58,814] {logging_mixin.py:115} INFO - [2023-07-12 00:25:58,814] {dag.py:2420} INFO - Sync 1 DAGs
[2023-07-12 00:25:58,867] {logging_mixin.py:115} INFO - [2023-07-12 00:25:58,867] {dag.py:2972} INFO - Setting next_dagrun for example_branch_python_operator_decorator to 2023-07-11T00:00:00+00:00, run_after=2023-07-12T00:00:00+00:00
[2023-07-12 00:25:58,891] {processor.py:161} INFO - Processing /home/airflow/.local/lib/python3.7/site-packages/airflow/example_dags/example_branch_operator_decorator.py took 0.449 seconds
[2023-07-12 00:26:29,147] {processor.py:153} INFO - Started process (PID=642) to work on /home/airflow/.local/lib/python3.7/site-packages/airflow/example_dags/example_branch_operator_decorator.py
[2023-07-12 00:26:29,148] {processor.py:641} INFO - Processing file /home/airflow/.local/lib/python3.7/site-packages/airflow/example_dags/example_branch_operator_decorator.py for tasks to queue
[2023-07-12 00:26:29,148] {logging_mixin.py:115} INFO - [2023-07-12 00:26:29,148] {dagbag.py:508} INFO - Filling up the DagBag from /home/airflow/.local/lib/python3.7/site-packages/airflow/example_dags/example_branch_operator_decorator.py
[2023-07-12 00:26:29,176] {processor.py:651} INFO - DAG(s) dict_keys(['example_branch_python_operator_decorator']) retrieved from /home/airflow/.local/lib/python3.7/site-packages/airflow/example_dags/example_branch_operator_decorator.py
[2023-07-12 00:26:29,331] {logging_mixin.py:115} INFO - [2023-07-12 00:26:29,331] {dag.py:2420} INFO - Sync 1 DAGs
[2023-07-12 00:26:29,357] {logging_mixin.py:115} INFO - [2023-07-12 00:26:29,357] {dag.py:2972} INFO - Setting next_dagrun for example_branch_python_operator_decorator to 2023-07-11T00:00:00+00:00, run_after=2023-07-12T00:00:00+00:00
[2023-07-12 00:26:29,371] {processor.py:161} INFO - Processing /home/airflow/.local/lib/python3.7/site-packages/airflow/example_dags/example_branch_operator_decorator.py took 0.228 seconds
[2023-07-12 00:27:00,173] {processor.py:153} INFO - Started process (PID=692) to work on /home/airflow/.local/lib/python3.7/site-packages/airflow/example_dags/example_branch_operator_decorator.py
[2023-07-12 00:27:00,174] {processor.py:641} INFO - Processing file /home/airflow/.local/lib/python3.7/site-packages/airflow/example_dags/example_branch_operator_decorator.py for tasks to queue
[2023-07-12 00:27:00,175] {logging_mixin.py:115} INFO - [2023-07-12 00:27:00,175] {dagbag.py:508} INFO - Filling up the DagBag from /home/airflow/.local/lib/python3.7/site-packages/airflow/example_dags/example_branch_operator_decorator.py
[2023-07-12 00:27:00,206] {processor.py:651} INFO - DAG(s) dict_keys(['example_branch_python_operator_decorator']) retrieved from /home/airflow/.local/lib/python3.7/site-packages/airflow/example_dags/example_branch_operator_decorator.py
[2023-07-12 00:27:00,450] {logging_mixin.py:115} INFO - [2023-07-12 00:27:00,450] {dag.py:2420} INFO - Sync 1 DAGs
[2023-07-12 00:27:00,486] {logging_mixin.py:115} INFO - [2023-07-12 00:27:00,486] {dag.py:2972} INFO - Setting next_dagrun for example_branch_python_operator_decorator to 2023-07-11T00:00:00+00:00, run_after=2023-07-12T00:00:00+00:00
[2023-07-12 00:27:00,501] {processor.py:161} INFO - Processing /home/airflow/.local/lib/python3.7/site-packages/airflow/example_dags/example_branch_operator_decorator.py took 0.331 seconds
[2023-07-12 00:27:30,699] {processor.py:153} INFO - Started process (PID=754) to work on /home/airflow/.local/lib/python3.7/site-packages/airflow/example_dags/example_branch_operator_decorator.py
[2023-07-12 00:27:30,701] {processor.py:641} INFO - Processing file /home/airflow/.local/lib/python3.7/site-packages/airflow/example_dags/example_branch_operator_decorator.py for tasks to queue
[2023-07-12 00:27:30,702] {logging_mixin.py:115} INFO - [2023-07-12 00:27:30,702] {dagbag.py:508} INFO - Filling up the DagBag from /home/airflow/.local/lib/python3.7/site-packages/airflow/example_dags/example_branch_operator_decorator.py
[2023-07-12 00:27:30,752] {processor.py:651} INFO - DAG(s) dict_keys(['example_branch_python_operator_decorator']) retrieved from /home/airflow/.local/lib/python3.7/site-packages/airflow/example_dags/example_branch_operator_decorator.py
[2023-07-12 00:27:31,005] {logging_mixin.py:115} INFO - [2023-07-12 00:27:31,005] {dag.py:2420} INFO - Sync 1 DAGs
[2023-07-12 00:27:31,064] {logging_mixin.py:115} INFO - [2023-07-12 00:27:31,064] {dag.py:2972} INFO - Setting next_dagrun for example_branch_python_operator_decorator to 2023-07-11T00:00:00+00:00, run_after=2023-07-12T00:00:00+00:00
[2023-07-12 00:27:31,088] {processor.py:161} INFO - Processing /home/airflow/.local/lib/python3.7/site-packages/airflow/example_dags/example_branch_operator_decorator.py took 0.394 seconds
[2023-07-12 00:28:01,144] {processor.py:153} INFO - Started process (PID=806) to work on /home/airflow/.local/lib/python3.7/site-packages/airflow/example_dags/example_branch_operator_decorator.py
[2023-07-12 00:28:01,145] {processor.py:641} INFO - Processing file /home/airflow/.local/lib/python3.7/site-packages/airflow/example_dags/example_branch_operator_decorator.py for tasks to queue
[2023-07-12 00:28:01,146] {logging_mixin.py:115} INFO - [2023-07-12 00:28:01,146] {dagbag.py:508} INFO - Filling up the DagBag from /home/airflow/.local/lib/python3.7/site-packages/airflow/example_dags/example_branch_operator_decorator.py
[2023-07-12 00:28:01,173] {processor.py:651} INFO - DAG(s) dict_keys(['example_branch_python_operator_decorator']) retrieved from /home/airflow/.local/lib/python3.7/site-packages/airflow/example_dags/example_branch_operator_decorator.py
[2023-07-12 00:28:01,348] {logging_mixin.py:115} INFO - [2023-07-12 00:28:01,348] {dag.py:2420} INFO - Sync 1 DAGs
[2023-07-12 00:28:01,376] {logging_mixin.py:115} INFO - [2023-07-12 00:28:01,376] {dag.py:2972} INFO - Setting next_dagrun for example_branch_python_operator_decorator to 2023-07-11T00:00:00+00:00, run_after=2023-07-12T00:00:00+00:00
[2023-07-12 00:28:01,390] {processor.py:161} INFO - Processing /home/airflow/.local/lib/python3.7/site-packages/airflow/example_dags/example_branch_operator_decorator.py took 0.249 seconds
[2023-07-12 00:28:31,761] {processor.py:153} INFO - Started process (PID=867) to work on /home/airflow/.local/lib/python3.7/site-packages/airflow/example_dags/example_branch_operator_decorator.py
[2023-07-12 00:28:31,761] {processor.py:641} INFO - Processing file /home/airflow/.local/lib/python3.7/site-packages/airflow/example_dags/example_branch_operator_decorator.py for tasks to queue
[2023-07-12 00:28:31,762] {logging_mixin.py:115} INFO - [2023-07-12 00:28:31,761] {dagbag.py:508} INFO - Filling up the DagBag from /home/airflow/.local/lib/python3.7/site-packages/airflow/example_dags/example_branch_operator_decorator.py
[2023-07-12 00:28:31,801] {processor.py:651} INFO - DAG(s) dict_keys(['example_branch_python_operator_decorator']) retrieved from /home/airflow/.local/lib/python3.7/site-packages/airflow/example_dags/example_branch_operator_decorator.py
[2023-07-12 00:28:32,030] {logging_mixin.py:115} INFO - [2023-07-12 00:28:32,030] {dag.py:2420} INFO - Sync 1 DAGs
[2023-07-12 00:28:32,072] {logging_mixin.py:115} INFO - [2023-07-12 00:28:32,072] {dag.py:2972} INFO - Setting next_dagrun for example_branch_python_operator_decorator to 2023-07-11T00:00:00+00:00, run_after=2023-07-12T00:00:00+00:00
[2023-07-12 00:28:32,090] {processor.py:161} INFO - Processing /home/airflow/.local/lib/python3.7/site-packages/airflow/example_dags/example_branch_operator_decorator.py took 0.333 seconds
[2023-07-12 00:29:03,248] {processor.py:153} INFO - Started process (PID=918) to work on /home/airflow/.local/lib/python3.7/site-packages/airflow/example_dags/example_branch_operator_decorator.py
[2023-07-12 00:29:03,249] {processor.py:641} INFO - Processing file /home/airflow/.local/lib/python3.7/site-packages/airflow/example_dags/example_branch_operator_decorator.py for tasks to queue
[2023-07-12 00:29:03,250] {logging_mixin.py:115} INFO - [2023-07-12 00:29:03,250] {dagbag.py:508} INFO - Filling up the DagBag from /home/airflow/.local/lib/python3.7/site-packages/airflow/example_dags/example_branch_operator_decorator.py
[2023-07-12 00:29:03,305] {processor.py:651} INFO - DAG(s) dict_keys(['example_branch_python_operator_decorator']) retrieved from /home/airflow/.local/lib/python3.7/site-packages/airflow/example_dags/example_branch_operator_decorator.py
[2023-07-12 00:29:03,638] {logging_mixin.py:115} INFO - [2023-07-12 00:29:03,637] {dag.py:2420} INFO - Sync 1 DAGs
[2023-07-12 00:29:03,704] {logging_mixin.py:115} INFO - [2023-07-12 00:29:03,704] {dag.py:2972} INFO - Setting next_dagrun for example_branch_python_operator_decorator to 2023-07-11T00:00:00+00:00, run_after=2023-07-12T00:00:00+00:00
[2023-07-12 00:29:03,745] {processor.py:161} INFO - Processing /home/airflow/.local/lib/python3.7/site-packages/airflow/example_dags/example_branch_operator_decorator.py took 0.502 seconds
[2023-07-12 00:30:34,303] {processor.py:153} INFO - Started process (PID=53) to work on /home/airflow/.local/lib/python3.7/site-packages/airflow/example_dags/example_branch_operator_decorator.py
[2023-07-12 00:30:34,304] {processor.py:641} INFO - Processing file /home/airflow/.local/lib/python3.7/site-packages/airflow/example_dags/example_branch_operator_decorator.py for tasks to queue
[2023-07-12 00:30:34,305] {logging_mixin.py:115} INFO - [2023-07-12 00:30:34,305] {dagbag.py:508} INFO - Filling up the DagBag from /home/airflow/.local/lib/python3.7/site-packages/airflow/example_dags/example_branch_operator_decorator.py
[2023-07-12 00:30:34,374] {processor.py:651} INFO - DAG(s) dict_keys(['example_branch_python_operator_decorator']) retrieved from /home/airflow/.local/lib/python3.7/site-packages/airflow/example_dags/example_branch_operator_decorator.py
[2023-07-12 00:30:34,705] {logging_mixin.py:115} INFO - [2023-07-12 00:30:34,705] {dag.py:2420} INFO - Sync 1 DAGs
[2023-07-12 00:30:34,796] {logging_mixin.py:115} INFO - [2023-07-12 00:30:34,796] {dag.py:2972} INFO - Setting next_dagrun for example_branch_python_operator_decorator to 2023-07-11T00:00:00+00:00, run_after=2023-07-12T00:00:00+00:00
[2023-07-12 00:30:34,866] {processor.py:161} INFO - Processing /home/airflow/.local/lib/python3.7/site-packages/airflow/example_dags/example_branch_operator_decorator.py took 0.577 seconds
[2023-07-12 00:31:05,009] {processor.py:153} INFO - Started process (PID=106) to work on /home/airflow/.local/lib/python3.7/site-packages/airflow/example_dags/example_branch_operator_decorator.py
[2023-07-12 00:31:05,009] {processor.py:641} INFO - Processing file /home/airflow/.local/lib/python3.7/site-packages/airflow/example_dags/example_branch_operator_decorator.py for tasks to queue
[2023-07-12 00:31:05,010] {logging_mixin.py:115} INFO - [2023-07-12 00:31:05,010] {dagbag.py:508} INFO - Filling up the DagBag from /home/airflow/.local/lib/python3.7/site-packages/airflow/example_dags/example_branch_operator_decorator.py
[2023-07-12 00:31:05,040] {processor.py:651} INFO - DAG(s) dict_keys(['example_branch_python_operator_decorator']) retrieved from /home/airflow/.local/lib/python3.7/site-packages/airflow/example_dags/example_branch_operator_decorator.py
[2023-07-12 00:31:05,218] {logging_mixin.py:115} INFO - [2023-07-12 00:31:05,218] {dag.py:2420} INFO - Sync 1 DAGs
[2023-07-12 00:31:05,248] {logging_mixin.py:115} INFO - [2023-07-12 00:31:05,248] {dag.py:2972} INFO - Setting next_dagrun for example_branch_python_operator_decorator to 2023-07-11T00:00:00+00:00, run_after=2023-07-12T00:00:00+00:00
[2023-07-12 00:31:05,267] {processor.py:161} INFO - Processing /home/airflow/.local/lib/python3.7/site-packages/airflow/example_dags/example_branch_operator_decorator.py took 0.261 seconds
[2023-07-12 00:31:35,878] {processor.py:153} INFO - Started process (PID=165) to work on /home/airflow/.local/lib/python3.7/site-packages/airflow/example_dags/example_branch_operator_decorator.py
[2023-07-12 00:31:35,879] {processor.py:641} INFO - Processing file /home/airflow/.local/lib/python3.7/site-packages/airflow/example_dags/example_branch_operator_decorator.py for tasks to queue
[2023-07-12 00:31:35,880] {logging_mixin.py:115} INFO - [2023-07-12 00:31:35,880] {dagbag.py:508} INFO - Filling up the DagBag from /home/airflow/.local/lib/python3.7/site-packages/airflow/example_dags/example_branch_operator_decorator.py
[2023-07-12 00:31:35,922] {processor.py:651} INFO - DAG(s) dict_keys(['example_branch_python_operator_decorator']) retrieved from /home/airflow/.local/lib/python3.7/site-packages/airflow/example_dags/example_branch_operator_decorator.py
[2023-07-12 00:31:36,208] {logging_mixin.py:115} INFO - [2023-07-12 00:31:36,208] {dag.py:2420} INFO - Sync 1 DAGs
[2023-07-12 00:31:36,258] {logging_mixin.py:115} INFO - [2023-07-12 00:31:36,258] {dag.py:2972} INFO - Setting next_dagrun for example_branch_python_operator_decorator to 2023-07-11T00:00:00+00:00, run_after=2023-07-12T00:00:00+00:00
[2023-07-12 00:31:36,283] {processor.py:161} INFO - Processing /home/airflow/.local/lib/python3.7/site-packages/airflow/example_dags/example_branch_operator_decorator.py took 0.409 seconds
[2023-07-12 00:32:07,519] {processor.py:153} INFO - Started process (PID=219) to work on /home/airflow/.local/lib/python3.7/site-packages/airflow/example_dags/example_branch_operator_decorator.py
[2023-07-12 00:32:07,519] {processor.py:641} INFO - Processing file /home/airflow/.local/lib/python3.7/site-packages/airflow/example_dags/example_branch_operator_decorator.py for tasks to queue
[2023-07-12 00:32:07,520] {logging_mixin.py:115} INFO - [2023-07-12 00:32:07,520] {dagbag.py:508} INFO - Filling up the DagBag from /home/airflow/.local/lib/python3.7/site-packages/airflow/example_dags/example_branch_operator_decorator.py
[2023-07-12 00:32:07,568] {processor.py:651} INFO - DAG(s) dict_keys(['example_branch_python_operator_decorator']) retrieved from /home/airflow/.local/lib/python3.7/site-packages/airflow/example_dags/example_branch_operator_decorator.py
[2023-07-12 00:32:07,849] {logging_mixin.py:115} INFO - [2023-07-12 00:32:07,848] {dag.py:2420} INFO - Sync 1 DAGs
[2023-07-12 00:32:07,911] {logging_mixin.py:115} INFO - [2023-07-12 00:32:07,910] {dag.py:2972} INFO - Setting next_dagrun for example_branch_python_operator_decorator to 2023-07-11T00:00:00+00:00, run_after=2023-07-12T00:00:00+00:00
[2023-07-12 00:32:07,932] {processor.py:161} INFO - Processing /home/airflow/.local/lib/python3.7/site-packages/airflow/example_dags/example_branch_operator_decorator.py took 0.418 seconds
[2023-07-12 00:32:39,435] {processor.py:153} INFO - Started process (PID=273) to work on /home/airflow/.local/lib/python3.7/site-packages/airflow/example_dags/example_branch_operator_decorator.py
[2023-07-12 00:32:39,436] {processor.py:641} INFO - Processing file /home/airflow/.local/lib/python3.7/site-packages/airflow/example_dags/example_branch_operator_decorator.py for tasks to queue
[2023-07-12 00:32:39,437] {logging_mixin.py:115} INFO - [2023-07-12 00:32:39,437] {dagbag.py:508} INFO - Filling up the DagBag from /home/airflow/.local/lib/python3.7/site-packages/airflow/example_dags/example_branch_operator_decorator.py
[2023-07-12 00:32:39,490] {processor.py:651} INFO - DAG(s) dict_keys(['example_branch_python_operator_decorator']) retrieved from /home/airflow/.local/lib/python3.7/site-packages/airflow/example_dags/example_branch_operator_decorator.py
[2023-07-12 00:32:39,876] {logging_mixin.py:115} INFO - [2023-07-12 00:32:39,875] {dag.py:2420} INFO - Sync 1 DAGs
[2023-07-12 00:32:39,944] {logging_mixin.py:115} INFO - [2023-07-12 00:32:39,943] {dag.py:2972} INFO - Setting next_dagrun for example_branch_python_operator_decorator to 2023-07-11T00:00:00+00:00, run_after=2023-07-12T00:00:00+00:00
[2023-07-12 00:32:39,984] {processor.py:161} INFO - Processing /home/airflow/.local/lib/python3.7/site-packages/airflow/example_dags/example_branch_operator_decorator.py took 0.555 seconds
[2023-07-12 00:33:17,121] {processor.py:153} INFO - Started process (PID=371) to work on /home/airflow/.local/lib/python3.7/site-packages/airflow/example_dags/example_branch_operator_decorator.py
[2023-07-12 00:33:17,128] {processor.py:641} INFO - Processing file /home/airflow/.local/lib/python3.7/site-packages/airflow/example_dags/example_branch_operator_decorator.py for tasks to queue
[2023-07-12 00:33:17,130] {logging_mixin.py:115} INFO - [2023-07-12 00:33:17,129] {dagbag.py:508} INFO - Filling up the DagBag from /home/airflow/.local/lib/python3.7/site-packages/airflow/example_dags/example_branch_operator_decorator.py
[2023-07-12 00:33:17,198] {processor.py:651} INFO - DAG(s) dict_keys(['example_branch_python_operator_decorator']) retrieved from /home/airflow/.local/lib/python3.7/site-packages/airflow/example_dags/example_branch_operator_decorator.py
[2023-07-12 00:33:17,601] {logging_mixin.py:115} INFO - [2023-07-12 00:33:17,600] {dag.py:2420} INFO - Sync 1 DAGs
[2023-07-12 00:33:17,737] {logging_mixin.py:115} INFO - [2023-07-12 00:33:17,736] {dag.py:2972} INFO - Setting next_dagrun for example_branch_python_operator_decorator to 2023-07-11T00:00:00+00:00, run_after=2023-07-12T00:00:00+00:00
[2023-07-12 00:33:17,808] {processor.py:161} INFO - Processing /home/airflow/.local/lib/python3.7/site-packages/airflow/example_dags/example_branch_operator_decorator.py took 0.692 seconds
[2023-07-12 00:33:52,231] {processor.py:153} INFO - Started process (PID=442) to work on /home/airflow/.local/lib/python3.7/site-packages/airflow/example_dags/example_branch_operator_decorator.py
[2023-07-12 00:33:52,236] {processor.py:641} INFO - Processing file /home/airflow/.local/lib/python3.7/site-packages/airflow/example_dags/example_branch_operator_decorator.py for tasks to queue
[2023-07-12 00:33:52,237] {logging_mixin.py:115} INFO - [2023-07-12 00:33:52,237] {dagbag.py:508} INFO - Filling up the DagBag from /home/airflow/.local/lib/python3.7/site-packages/airflow/example_dags/example_branch_operator_decorator.py
[2023-07-12 00:33:52,285] {processor.py:651} INFO - DAG(s) dict_keys(['example_branch_python_operator_decorator']) retrieved from /home/airflow/.local/lib/python3.7/site-packages/airflow/example_dags/example_branch_operator_decorator.py
[2023-07-12 00:33:53,026] {logging_mixin.py:115} INFO - [2023-07-12 00:33:53,026] {dag.py:2420} INFO - Sync 1 DAGs
[2023-07-12 00:33:53,133] {logging_mixin.py:115} INFO - [2023-07-12 00:33:53,132] {dag.py:2972} INFO - Setting next_dagrun for example_branch_python_operator_decorator to 2023-07-11T00:00:00+00:00, run_after=2023-07-12T00:00:00+00:00
[2023-07-12 00:33:53,167] {processor.py:161} INFO - Processing /home/airflow/.local/lib/python3.7/site-packages/airflow/example_dags/example_branch_operator_decorator.py took 0.942 seconds
[2023-07-12 00:34:23,792] {processor.py:153} INFO - Started process (PID=517) to work on /home/airflow/.local/lib/python3.7/site-packages/airflow/example_dags/example_branch_operator_decorator.py
[2023-07-12 00:34:23,812] {processor.py:641} INFO - Processing file /home/airflow/.local/lib/python3.7/site-packages/airflow/example_dags/example_branch_operator_decorator.py for tasks to queue
[2023-07-12 00:34:23,813] {logging_mixin.py:115} INFO - [2023-07-12 00:34:23,813] {dagbag.py:508} INFO - Filling up the DagBag from /home/airflow/.local/lib/python3.7/site-packages/airflow/example_dags/example_branch_operator_decorator.py
[2023-07-12 00:34:24,084] {processor.py:651} INFO - DAG(s) dict_keys(['example_branch_python_operator_decorator']) retrieved from /home/airflow/.local/lib/python3.7/site-packages/airflow/example_dags/example_branch_operator_decorator.py
[2023-07-12 00:34:25,198] {logging_mixin.py:115} INFO - [2023-07-12 00:34:25,198] {dag.py:2420} INFO - Sync 1 DAGs
[2023-07-12 00:34:25,451] {logging_mixin.py:115} INFO - [2023-07-12 00:34:25,451] {dag.py:2972} INFO - Setting next_dagrun for example_branch_python_operator_decorator to 2023-07-11T00:00:00+00:00, run_after=2023-07-12T00:00:00+00:00
[2023-07-12 00:34:25,583] {processor.py:161} INFO - Processing /home/airflow/.local/lib/python3.7/site-packages/airflow/example_dags/example_branch_operator_decorator.py took 1.809 seconds
[2023-07-12 00:34:56,147] {processor.py:153} INFO - Started process (PID=571) to work on /home/airflow/.local/lib/python3.7/site-packages/airflow/example_dags/example_branch_operator_decorator.py
[2023-07-12 00:34:56,148] {processor.py:641} INFO - Processing file /home/airflow/.local/lib/python3.7/site-packages/airflow/example_dags/example_branch_operator_decorator.py for tasks to queue
[2023-07-12 00:34:56,149] {logging_mixin.py:115} INFO - [2023-07-12 00:34:56,149] {dagbag.py:508} INFO - Filling up the DagBag from /home/airflow/.local/lib/python3.7/site-packages/airflow/example_dags/example_branch_operator_decorator.py
[2023-07-12 00:34:56,183] {processor.py:651} INFO - DAG(s) dict_keys(['example_branch_python_operator_decorator']) retrieved from /home/airflow/.local/lib/python3.7/site-packages/airflow/example_dags/example_branch_operator_decorator.py
[2023-07-12 00:34:56,362] {logging_mixin.py:115} INFO - [2023-07-12 00:34:56,362] {dag.py:2420} INFO - Sync 1 DAGs
[2023-07-12 00:34:56,391] {logging_mixin.py:115} INFO - [2023-07-12 00:34:56,391] {dag.py:2972} INFO - Setting next_dagrun for example_branch_python_operator_decorator to 2023-07-11T00:00:00+00:00, run_after=2023-07-12T00:00:00+00:00
[2023-07-12 00:34:56,405] {processor.py:161} INFO - Processing /home/airflow/.local/lib/python3.7/site-packages/airflow/example_dags/example_branch_operator_decorator.py took 0.263 seconds
