[2023-07-12 00:20:57,035] {processor.py:153} INFO - Started process (PID=74) to work on /home/airflow/.local/lib/python3.7/site-packages/airflow/example_dags/example_trigger_controller_dag.py
[2023-07-12 00:20:57,035] {processor.py:641} INFO - Processing file /home/airflow/.local/lib/python3.7/site-packages/airflow/example_dags/example_trigger_controller_dag.py for tasks to queue
[2023-07-12 00:20:57,044] {logging_mixin.py:115} INFO - [2023-07-12 00:20:57,044] {dagbag.py:508} INFO - Filling up the DagBag from /home/airflow/.local/lib/python3.7/site-packages/airflow/example_dags/example_trigger_controller_dag.py
[2023-07-12 00:20:57,056] {processor.py:651} INFO - DAG(s) dict_keys(['example_trigger_controller_dag']) retrieved from /home/airflow/.local/lib/python3.7/site-packages/airflow/example_dags/example_trigger_controller_dag.py
[2023-07-12 00:20:57,174] {logging_mixin.py:115} INFO - [2023-07-12 00:20:57,174] {dag.py:2420} INFO - Sync 1 DAGs
[2023-07-12 00:20:57,659] {logging_mixin.py:115} INFO - [2023-07-12 00:20:57,658] {dag.py:2972} INFO - Setting next_dagrun for example_trigger_controller_dag to 2021-01-01T00:00:00+00:00, run_after=2021-01-01T00:00:00+00:00
[2023-07-12 00:20:57,699] {processor.py:161} INFO - Processing /home/airflow/.local/lib/python3.7/site-packages/airflow/example_dags/example_trigger_controller_dag.py took 0.679 seconds
[2023-07-12 00:21:28,963] {processor.py:153} INFO - Started process (PID=126) to work on /home/airflow/.local/lib/python3.7/site-packages/airflow/example_dags/example_trigger_controller_dag.py
[2023-07-12 00:21:28,983] {processor.py:641} INFO - Processing file /home/airflow/.local/lib/python3.7/site-packages/airflow/example_dags/example_trigger_controller_dag.py for tasks to queue
[2023-07-12 00:21:28,984] {logging_mixin.py:115} INFO - [2023-07-12 00:21:28,984] {dagbag.py:508} INFO - Filling up the DagBag from /home/airflow/.local/lib/python3.7/site-packages/airflow/example_dags/example_trigger_controller_dag.py
[2023-07-12 00:21:28,998] {processor.py:651} INFO - DAG(s) dict_keys(['example_trigger_controller_dag']) retrieved from /home/airflow/.local/lib/python3.7/site-packages/airflow/example_dags/example_trigger_controller_dag.py
[2023-07-12 00:21:29,158] {logging_mixin.py:115} INFO - [2023-07-12 00:21:29,157] {dag.py:2420} INFO - Sync 1 DAGs
[2023-07-12 00:21:29,706] {logging_mixin.py:115} INFO - [2023-07-12 00:21:29,706] {dag.py:2972} INFO - Setting next_dagrun for example_trigger_controller_dag to 2021-01-01T00:00:00+00:00, run_after=2021-01-01T00:00:00+00:00
[2023-07-12 00:21:29,734] {processor.py:161} INFO - Processing /home/airflow/.local/lib/python3.7/site-packages/airflow/example_dags/example_trigger_controller_dag.py took 0.801 seconds
[2023-07-12 00:21:59,786] {processor.py:153} INFO - Started process (PID=177) to work on /home/airflow/.local/lib/python3.7/site-packages/airflow/example_dags/example_trigger_controller_dag.py
[2023-07-12 00:21:59,787] {processor.py:641} INFO - Processing file /home/airflow/.local/lib/python3.7/site-packages/airflow/example_dags/example_trigger_controller_dag.py for tasks to queue
[2023-07-12 00:21:59,788] {logging_mixin.py:115} INFO - [2023-07-12 00:21:59,788] {dagbag.py:508} INFO - Filling up the DagBag from /home/airflow/.local/lib/python3.7/site-packages/airflow/example_dags/example_trigger_controller_dag.py
[2023-07-12 00:21:59,793] {processor.py:651} INFO - DAG(s) dict_keys(['example_trigger_controller_dag']) retrieved from /home/airflow/.local/lib/python3.7/site-packages/airflow/example_dags/example_trigger_controller_dag.py
[2023-07-12 00:21:59,833] {logging_mixin.py:115} INFO - [2023-07-12 00:21:59,833] {dag.py:2420} INFO - Sync 1 DAGs
[2023-07-12 00:22:00,033] {logging_mixin.py:115} INFO - [2023-07-12 00:22:00,033] {dag.py:2972} INFO - Setting next_dagrun for example_trigger_controller_dag to 2021-01-01T00:00:00+00:00, run_after=2021-01-01T00:00:00+00:00
[2023-07-12 00:22:00,068] {processor.py:161} INFO - Processing /home/airflow/.local/lib/python3.7/site-packages/airflow/example_dags/example_trigger_controller_dag.py took 0.287 seconds
[2023-07-12 00:22:30,595] {processor.py:153} INFO - Started process (PID=228) to work on /home/airflow/.local/lib/python3.7/site-packages/airflow/example_dags/example_trigger_controller_dag.py
[2023-07-12 00:22:30,597] {processor.py:641} INFO - Processing file /home/airflow/.local/lib/python3.7/site-packages/airflow/example_dags/example_trigger_controller_dag.py for tasks to queue
[2023-07-12 00:22:30,598] {logging_mixin.py:115} INFO - [2023-07-12 00:22:30,598] {dagbag.py:508} INFO - Filling up the DagBag from /home/airflow/.local/lib/python3.7/site-packages/airflow/example_dags/example_trigger_controller_dag.py
[2023-07-12 00:22:30,605] {processor.py:651} INFO - DAG(s) dict_keys(['example_trigger_controller_dag']) retrieved from /home/airflow/.local/lib/python3.7/site-packages/airflow/example_dags/example_trigger_controller_dag.py
[2023-07-12 00:22:30,698] {logging_mixin.py:115} INFO - [2023-07-12 00:22:30,698] {dag.py:2420} INFO - Sync 1 DAGs
[2023-07-12 00:22:31,102] {logging_mixin.py:115} INFO - [2023-07-12 00:22:31,102] {dag.py:2972} INFO - Setting next_dagrun for example_trigger_controller_dag to 2021-01-01T00:00:00+00:00, run_after=2021-01-01T00:00:00+00:00
[2023-07-12 00:22:31,169] {processor.py:161} INFO - Processing /home/airflow/.local/lib/python3.7/site-packages/airflow/example_dags/example_trigger_controller_dag.py took 0.584 seconds
[2023-07-12 00:23:01,428] {processor.py:153} INFO - Started process (PID=279) to work on /home/airflow/.local/lib/python3.7/site-packages/airflow/example_dags/example_trigger_controller_dag.py
[2023-07-12 00:23:01,430] {processor.py:641} INFO - Processing file /home/airflow/.local/lib/python3.7/site-packages/airflow/example_dags/example_trigger_controller_dag.py for tasks to queue
[2023-07-12 00:23:01,431] {logging_mixin.py:115} INFO - [2023-07-12 00:23:01,431] {dagbag.py:508} INFO - Filling up the DagBag from /home/airflow/.local/lib/python3.7/site-packages/airflow/example_dags/example_trigger_controller_dag.py
[2023-07-12 00:23:01,437] {processor.py:651} INFO - DAG(s) dict_keys(['example_trigger_controller_dag']) retrieved from /home/airflow/.local/lib/python3.7/site-packages/airflow/example_dags/example_trigger_controller_dag.py
[2023-07-12 00:23:01,529] {logging_mixin.py:115} INFO - [2023-07-12 00:23:01,529] {dag.py:2420} INFO - Sync 1 DAGs
[2023-07-12 00:23:01,827] {logging_mixin.py:115} INFO - [2023-07-12 00:23:01,827] {dag.py:2972} INFO - Setting next_dagrun for example_trigger_controller_dag to 2021-01-01T00:00:00+00:00, run_after=2021-01-01T00:00:00+00:00
[2023-07-12 00:23:01,859] {processor.py:161} INFO - Processing /home/airflow/.local/lib/python3.7/site-packages/airflow/example_dags/example_trigger_controller_dag.py took 0.437 seconds
[2023-07-12 00:23:31,963] {processor.py:153} INFO - Started process (PID=331) to work on /home/airflow/.local/lib/python3.7/site-packages/airflow/example_dags/example_trigger_controller_dag.py
[2023-07-12 00:23:31,965] {processor.py:641} INFO - Processing file /home/airflow/.local/lib/python3.7/site-packages/airflow/example_dags/example_trigger_controller_dag.py for tasks to queue
[2023-07-12 00:23:31,967] {logging_mixin.py:115} INFO - [2023-07-12 00:23:31,967] {dagbag.py:508} INFO - Filling up the DagBag from /home/airflow/.local/lib/python3.7/site-packages/airflow/example_dags/example_trigger_controller_dag.py
[2023-07-12 00:23:31,975] {processor.py:651} INFO - DAG(s) dict_keys(['example_trigger_controller_dag']) retrieved from /home/airflow/.local/lib/python3.7/site-packages/airflow/example_dags/example_trigger_controller_dag.py
[2023-07-12 00:23:32,054] {logging_mixin.py:115} INFO - [2023-07-12 00:23:32,054] {dag.py:2420} INFO - Sync 1 DAGs
[2023-07-12 00:23:32,390] {logging_mixin.py:115} INFO - [2023-07-12 00:23:32,390] {dag.py:2972} INFO - Setting next_dagrun for example_trigger_controller_dag to 2021-01-01T00:00:00+00:00, run_after=2021-01-01T00:00:00+00:00
[2023-07-12 00:23:32,415] {processor.py:161} INFO - Processing /home/airflow/.local/lib/python3.7/site-packages/airflow/example_dags/example_trigger_controller_dag.py took 0.459 seconds
[2023-07-12 00:24:02,579] {processor.py:153} INFO - Started process (PID=383) to work on /home/airflow/.local/lib/python3.7/site-packages/airflow/example_dags/example_trigger_controller_dag.py
[2023-07-12 00:24:02,582] {processor.py:641} INFO - Processing file /home/airflow/.local/lib/python3.7/site-packages/airflow/example_dags/example_trigger_controller_dag.py for tasks to queue
[2023-07-12 00:24:02,584] {logging_mixin.py:115} INFO - [2023-07-12 00:24:02,583] {dagbag.py:508} INFO - Filling up the DagBag from /home/airflow/.local/lib/python3.7/site-packages/airflow/example_dags/example_trigger_controller_dag.py
[2023-07-12 00:24:02,590] {processor.py:651} INFO - DAG(s) dict_keys(['example_trigger_controller_dag']) retrieved from /home/airflow/.local/lib/python3.7/site-packages/airflow/example_dags/example_trigger_controller_dag.py
[2023-07-12 00:24:02,668] {logging_mixin.py:115} INFO - [2023-07-12 00:24:02,667] {dag.py:2420} INFO - Sync 1 DAGs
[2023-07-12 00:24:03,068] {logging_mixin.py:115} INFO - [2023-07-12 00:24:03,068] {dag.py:2972} INFO - Setting next_dagrun for example_trigger_controller_dag to 2021-01-01T00:00:00+00:00, run_after=2021-01-01T00:00:00+00:00
[2023-07-12 00:24:03,101] {processor.py:161} INFO - Processing /home/airflow/.local/lib/python3.7/site-packages/airflow/example_dags/example_trigger_controller_dag.py took 0.534 seconds
[2023-07-12 00:24:33,389] {processor.py:153} INFO - Started process (PID=442) to work on /home/airflow/.local/lib/python3.7/site-packages/airflow/example_dags/example_trigger_controller_dag.py
[2023-07-12 00:24:33,390] {processor.py:641} INFO - Processing file /home/airflow/.local/lib/python3.7/site-packages/airflow/example_dags/example_trigger_controller_dag.py for tasks to queue
[2023-07-12 00:24:33,391] {logging_mixin.py:115} INFO - [2023-07-12 00:24:33,391] {dagbag.py:508} INFO - Filling up the DagBag from /home/airflow/.local/lib/python3.7/site-packages/airflow/example_dags/example_trigger_controller_dag.py
[2023-07-12 00:24:33,396] {processor.py:651} INFO - DAG(s) dict_keys(['example_trigger_controller_dag']) retrieved from /home/airflow/.local/lib/python3.7/site-packages/airflow/example_dags/example_trigger_controller_dag.py
[2023-07-12 00:24:33,463] {logging_mixin.py:115} INFO - [2023-07-12 00:24:33,462] {dag.py:2420} INFO - Sync 1 DAGs
[2023-07-12 00:24:33,978] {logging_mixin.py:115} INFO - [2023-07-12 00:24:33,973] {dag.py:2972} INFO - Setting next_dagrun for example_trigger_controller_dag to 2021-01-01T00:00:00+00:00, run_after=2021-01-01T00:00:00+00:00
[2023-07-12 00:24:34,027] {processor.py:161} INFO - Processing /home/airflow/.local/lib/python3.7/site-packages/airflow/example_dags/example_trigger_controller_dag.py took 0.647 seconds
[2023-07-12 00:25:04,191] {processor.py:153} INFO - Started process (PID=496) to work on /home/airflow/.local/lib/python3.7/site-packages/airflow/example_dags/example_trigger_controller_dag.py
[2023-07-12 00:25:04,192] {processor.py:641} INFO - Processing file /home/airflow/.local/lib/python3.7/site-packages/airflow/example_dags/example_trigger_controller_dag.py for tasks to queue
[2023-07-12 00:25:04,192] {logging_mixin.py:115} INFO - [2023-07-12 00:25:04,192] {dagbag.py:508} INFO - Filling up the DagBag from /home/airflow/.local/lib/python3.7/site-packages/airflow/example_dags/example_trigger_controller_dag.py
[2023-07-12 00:25:04,196] {processor.py:651} INFO - DAG(s) dict_keys(['example_trigger_controller_dag']) retrieved from /home/airflow/.local/lib/python3.7/site-packages/airflow/example_dags/example_trigger_controller_dag.py
[2023-07-12 00:25:04,242] {logging_mixin.py:115} INFO - [2023-07-12 00:25:04,242] {dag.py:2420} INFO - Sync 1 DAGs
[2023-07-12 00:25:04,516] {logging_mixin.py:115} INFO - [2023-07-12 00:25:04,516] {dag.py:2972} INFO - Setting next_dagrun for example_trigger_controller_dag to 2021-01-01T00:00:00+00:00, run_after=2021-01-01T00:00:00+00:00
[2023-07-12 00:25:04,534] {processor.py:161} INFO - Processing /home/airflow/.local/lib/python3.7/site-packages/airflow/example_dags/example_trigger_controller_dag.py took 0.351 seconds
[2023-07-12 00:25:35,225] {processor.py:153} INFO - Started process (PID=548) to work on /home/airflow/.local/lib/python3.7/site-packages/airflow/example_dags/example_trigger_controller_dag.py
[2023-07-12 00:25:35,225] {processor.py:641} INFO - Processing file /home/airflow/.local/lib/python3.7/site-packages/airflow/example_dags/example_trigger_controller_dag.py for tasks to queue
[2023-07-12 00:25:35,226] {logging_mixin.py:115} INFO - [2023-07-12 00:25:35,226] {dagbag.py:508} INFO - Filling up the DagBag from /home/airflow/.local/lib/python3.7/site-packages/airflow/example_dags/example_trigger_controller_dag.py
[2023-07-12 00:25:35,229] {processor.py:651} INFO - DAG(s) dict_keys(['example_trigger_controller_dag']) retrieved from /home/airflow/.local/lib/python3.7/site-packages/airflow/example_dags/example_trigger_controller_dag.py
[2023-07-12 00:25:35,271] {logging_mixin.py:115} INFO - [2023-07-12 00:25:35,271] {dag.py:2420} INFO - Sync 1 DAGs
[2023-07-12 00:25:35,489] {logging_mixin.py:115} INFO - [2023-07-12 00:25:35,489] {dag.py:2972} INFO - Setting next_dagrun for example_trigger_controller_dag to 2021-01-01T00:00:00+00:00, run_after=2021-01-01T00:00:00+00:00
[2023-07-12 00:25:35,506] {processor.py:161} INFO - Processing /home/airflow/.local/lib/python3.7/site-packages/airflow/example_dags/example_trigger_controller_dag.py took 0.285 seconds
[2023-07-12 00:26:05,584] {processor.py:153} INFO - Started process (PID=600) to work on /home/airflow/.local/lib/python3.7/site-packages/airflow/example_dags/example_trigger_controller_dag.py
[2023-07-12 00:26:05,585] {processor.py:641} INFO - Processing file /home/airflow/.local/lib/python3.7/site-packages/airflow/example_dags/example_trigger_controller_dag.py for tasks to queue
[2023-07-12 00:26:05,586] {logging_mixin.py:115} INFO - [2023-07-12 00:26:05,585] {dagbag.py:508} INFO - Filling up the DagBag from /home/airflow/.local/lib/python3.7/site-packages/airflow/example_dags/example_trigger_controller_dag.py
[2023-07-12 00:26:05,590] {processor.py:651} INFO - DAG(s) dict_keys(['example_trigger_controller_dag']) retrieved from /home/airflow/.local/lib/python3.7/site-packages/airflow/example_dags/example_trigger_controller_dag.py
[2023-07-12 00:26:05,624] {logging_mixin.py:115} INFO - [2023-07-12 00:26:05,624] {dag.py:2420} INFO - Sync 1 DAGs
[2023-07-12 00:26:05,792] {logging_mixin.py:115} INFO - [2023-07-12 00:26:05,792] {dag.py:2972} INFO - Setting next_dagrun for example_trigger_controller_dag to 2021-01-01T00:00:00+00:00, run_after=2021-01-01T00:00:00+00:00
[2023-07-12 00:26:05,808] {processor.py:161} INFO - Processing /home/airflow/.local/lib/python3.7/site-packages/airflow/example_dags/example_trigger_controller_dag.py took 0.228 seconds
[2023-07-12 00:26:36,881] {processor.py:153} INFO - Started process (PID=661) to work on /home/airflow/.local/lib/python3.7/site-packages/airflow/example_dags/example_trigger_controller_dag.py
[2023-07-12 00:26:36,882] {processor.py:641} INFO - Processing file /home/airflow/.local/lib/python3.7/site-packages/airflow/example_dags/example_trigger_controller_dag.py for tasks to queue
[2023-07-12 00:26:36,887] {logging_mixin.py:115} INFO - [2023-07-12 00:26:36,887] {dagbag.py:508} INFO - Filling up the DagBag from /home/airflow/.local/lib/python3.7/site-packages/airflow/example_dags/example_trigger_controller_dag.py
[2023-07-12 00:26:36,895] {processor.py:651} INFO - DAG(s) dict_keys(['example_trigger_controller_dag']) retrieved from /home/airflow/.local/lib/python3.7/site-packages/airflow/example_dags/example_trigger_controller_dag.py
[2023-07-12 00:26:36,953] {logging_mixin.py:115} INFO - [2023-07-12 00:26:36,953] {dag.py:2420} INFO - Sync 1 DAGs
[2023-07-12 00:26:37,213] {logging_mixin.py:115} INFO - [2023-07-12 00:26:37,213] {dag.py:2972} INFO - Setting next_dagrun for example_trigger_controller_dag to 2021-01-01T00:00:00+00:00, run_after=2021-01-01T00:00:00+00:00
[2023-07-12 00:26:37,234] {processor.py:161} INFO - Processing /home/airflow/.local/lib/python3.7/site-packages/airflow/example_dags/example_trigger_controller_dag.py took 0.362 seconds
[2023-07-12 00:27:07,875] {processor.py:153} INFO - Started process (PID=713) to work on /home/airflow/.local/lib/python3.7/site-packages/airflow/example_dags/example_trigger_controller_dag.py
[2023-07-12 00:27:07,878] {processor.py:641} INFO - Processing file /home/airflow/.local/lib/python3.7/site-packages/airflow/example_dags/example_trigger_controller_dag.py for tasks to queue
[2023-07-12 00:27:07,880] {logging_mixin.py:115} INFO - [2023-07-12 00:27:07,880] {dagbag.py:508} INFO - Filling up the DagBag from /home/airflow/.local/lib/python3.7/site-packages/airflow/example_dags/example_trigger_controller_dag.py
[2023-07-12 00:27:07,885] {processor.py:651} INFO - DAG(s) dict_keys(['example_trigger_controller_dag']) retrieved from /home/airflow/.local/lib/python3.7/site-packages/airflow/example_dags/example_trigger_controller_dag.py
[2023-07-12 00:27:07,956] {logging_mixin.py:115} INFO - [2023-07-12 00:27:07,956] {dag.py:2420} INFO - Sync 1 DAGs
[2023-07-12 00:27:08,143] {logging_mixin.py:115} INFO - [2023-07-12 00:27:08,143] {dag.py:2972} INFO - Setting next_dagrun for example_trigger_controller_dag to 2021-01-01T00:00:00+00:00, run_after=2021-01-01T00:00:00+00:00
[2023-07-12 00:27:08,159] {processor.py:161} INFO - Processing /home/airflow/.local/lib/python3.7/site-packages/airflow/example_dags/example_trigger_controller_dag.py took 0.294 seconds
[2023-07-12 00:27:39,592] {processor.py:153} INFO - Started process (PID=766) to work on /home/airflow/.local/lib/python3.7/site-packages/airflow/example_dags/example_trigger_controller_dag.py
[2023-07-12 00:27:39,597] {processor.py:641} INFO - Processing file /home/airflow/.local/lib/python3.7/site-packages/airflow/example_dags/example_trigger_controller_dag.py for tasks to queue
[2023-07-12 00:27:39,598] {logging_mixin.py:115} INFO - [2023-07-12 00:27:39,598] {dagbag.py:508} INFO - Filling up the DagBag from /home/airflow/.local/lib/python3.7/site-packages/airflow/example_dags/example_trigger_controller_dag.py
[2023-07-12 00:27:39,608] {processor.py:651} INFO - DAG(s) dict_keys(['example_trigger_controller_dag']) retrieved from /home/airflow/.local/lib/python3.7/site-packages/airflow/example_dags/example_trigger_controller_dag.py
[2023-07-12 00:27:39,713] {logging_mixin.py:115} INFO - [2023-07-12 00:27:39,713] {dag.py:2420} INFO - Sync 1 DAGs
[2023-07-12 00:27:40,071] {logging_mixin.py:115} INFO - [2023-07-12 00:27:40,071] {dag.py:2972} INFO - Setting next_dagrun for example_trigger_controller_dag to 2021-01-01T00:00:00+00:00, run_after=2021-01-01T00:00:00+00:00
[2023-07-12 00:27:40,109] {processor.py:161} INFO - Processing /home/airflow/.local/lib/python3.7/site-packages/airflow/example_dags/example_trigger_controller_dag.py took 0.524 seconds
[2023-07-12 00:28:10,713] {processor.py:153} INFO - Started process (PID=826) to work on /home/airflow/.local/lib/python3.7/site-packages/airflow/example_dags/example_trigger_controller_dag.py
[2023-07-12 00:28:10,714] {processor.py:641} INFO - Processing file /home/airflow/.local/lib/python3.7/site-packages/airflow/example_dags/example_trigger_controller_dag.py for tasks to queue
[2023-07-12 00:28:10,715] {logging_mixin.py:115} INFO - [2023-07-12 00:28:10,715] {dagbag.py:508} INFO - Filling up the DagBag from /home/airflow/.local/lib/python3.7/site-packages/airflow/example_dags/example_trigger_controller_dag.py
[2023-07-12 00:28:10,718] {processor.py:651} INFO - DAG(s) dict_keys(['example_trigger_controller_dag']) retrieved from /home/airflow/.local/lib/python3.7/site-packages/airflow/example_dags/example_trigger_controller_dag.py
[2023-07-12 00:28:10,753] {logging_mixin.py:115} INFO - [2023-07-12 00:28:10,753] {dag.py:2420} INFO - Sync 1 DAGs
[2023-07-12 00:28:10,951] {logging_mixin.py:115} INFO - [2023-07-12 00:28:10,951] {dag.py:2972} INFO - Setting next_dagrun for example_trigger_controller_dag to 2021-01-01T00:00:00+00:00, run_after=2021-01-01T00:00:00+00:00
[2023-07-12 00:28:10,963] {processor.py:161} INFO - Processing /home/airflow/.local/lib/python3.7/site-packages/airflow/example_dags/example_trigger_controller_dag.py took 0.253 seconds
[2023-07-12 00:28:41,533] {processor.py:153} INFO - Started process (PID=879) to work on /home/airflow/.local/lib/python3.7/site-packages/airflow/example_dags/example_trigger_controller_dag.py
[2023-07-12 00:28:41,534] {processor.py:641} INFO - Processing file /home/airflow/.local/lib/python3.7/site-packages/airflow/example_dags/example_trigger_controller_dag.py for tasks to queue
[2023-07-12 00:28:41,534] {logging_mixin.py:115} INFO - [2023-07-12 00:28:41,534] {dagbag.py:508} INFO - Filling up the DagBag from /home/airflow/.local/lib/python3.7/site-packages/airflow/example_dags/example_trigger_controller_dag.py
[2023-07-12 00:28:41,537] {processor.py:651} INFO - DAG(s) dict_keys(['example_trigger_controller_dag']) retrieved from /home/airflow/.local/lib/python3.7/site-packages/airflow/example_dags/example_trigger_controller_dag.py
[2023-07-12 00:28:41,571] {logging_mixin.py:115} INFO - [2023-07-12 00:28:41,571] {dag.py:2420} INFO - Sync 1 DAGs
[2023-07-12 00:28:41,720] {logging_mixin.py:115} INFO - [2023-07-12 00:28:41,720] {dag.py:2972} INFO - Setting next_dagrun for example_trigger_controller_dag to 2021-01-01T00:00:00+00:00, run_after=2021-01-01T00:00:00+00:00
[2023-07-12 00:28:41,733] {processor.py:161} INFO - Processing /home/airflow/.local/lib/python3.7/site-packages/airflow/example_dags/example_trigger_controller_dag.py took 0.203 seconds
[2023-07-12 00:29:11,821] {processor.py:153} INFO - Started process (PID=939) to work on /home/airflow/.local/lib/python3.7/site-packages/airflow/example_dags/example_trigger_controller_dag.py
[2023-07-12 00:29:11,822] {processor.py:641} INFO - Processing file /home/airflow/.local/lib/python3.7/site-packages/airflow/example_dags/example_trigger_controller_dag.py for tasks to queue
[2023-07-12 00:29:11,822] {logging_mixin.py:115} INFO - [2023-07-12 00:29:11,822] {dagbag.py:508} INFO - Filling up the DagBag from /home/airflow/.local/lib/python3.7/site-packages/airflow/example_dags/example_trigger_controller_dag.py
[2023-07-12 00:29:11,828] {processor.py:651} INFO - DAG(s) dict_keys(['example_trigger_controller_dag']) retrieved from /home/airflow/.local/lib/python3.7/site-packages/airflow/example_dags/example_trigger_controller_dag.py
[2023-07-12 00:29:11,893] {logging_mixin.py:115} INFO - [2023-07-12 00:29:11,893] {dag.py:2420} INFO - Sync 1 DAGs
[2023-07-12 00:29:12,266] {logging_mixin.py:115} INFO - [2023-07-12 00:29:12,266] {dag.py:2972} INFO - Setting next_dagrun for example_trigger_controller_dag to 2021-01-01T00:00:00+00:00, run_after=2021-01-01T00:00:00+00:00
[2023-07-12 00:29:12,300] {processor.py:161} INFO - Processing /home/airflow/.local/lib/python3.7/site-packages/airflow/example_dags/example_trigger_controller_dag.py took 0.486 seconds
[2023-07-12 00:30:40,495] {processor.py:153} INFO - Started process (PID=76) to work on /home/airflow/.local/lib/python3.7/site-packages/airflow/example_dags/example_trigger_controller_dag.py
[2023-07-12 00:30:40,499] {processor.py:641} INFO - Processing file /home/airflow/.local/lib/python3.7/site-packages/airflow/example_dags/example_trigger_controller_dag.py for tasks to queue
[2023-07-12 00:30:40,500] {logging_mixin.py:115} INFO - [2023-07-12 00:30:40,499] {dagbag.py:508} INFO - Filling up the DagBag from /home/airflow/.local/lib/python3.7/site-packages/airflow/example_dags/example_trigger_controller_dag.py
[2023-07-12 00:30:40,519] {processor.py:651} INFO - DAG(s) dict_keys(['example_trigger_controller_dag']) retrieved from /home/airflow/.local/lib/python3.7/site-packages/airflow/example_dags/example_trigger_controller_dag.py
[2023-07-12 00:30:40,715] {logging_mixin.py:115} INFO - [2023-07-12 00:30:40,715] {dag.py:2420} INFO - Sync 1 DAGs
[2023-07-12 00:30:41,786] {logging_mixin.py:115} INFO - [2023-07-12 00:30:41,786] {dag.py:2972} INFO - Setting next_dagrun for example_trigger_controller_dag to 2021-01-01T00:00:00+00:00, run_after=2021-01-01T00:00:00+00:00
[2023-07-12 00:30:41,832] {processor.py:161} INFO - Processing /home/airflow/.local/lib/python3.7/site-packages/airflow/example_dags/example_trigger_controller_dag.py took 1.348 seconds
[2023-07-12 00:31:12,285] {processor.py:153} INFO - Started process (PID=128) to work on /home/airflow/.local/lib/python3.7/site-packages/airflow/example_dags/example_trigger_controller_dag.py
[2023-07-12 00:31:12,286] {processor.py:641} INFO - Processing file /home/airflow/.local/lib/python3.7/site-packages/airflow/example_dags/example_trigger_controller_dag.py for tasks to queue
[2023-07-12 00:31:12,287] {logging_mixin.py:115} INFO - [2023-07-12 00:31:12,287] {dagbag.py:508} INFO - Filling up the DagBag from /home/airflow/.local/lib/python3.7/site-packages/airflow/example_dags/example_trigger_controller_dag.py
[2023-07-12 00:31:12,291] {processor.py:651} INFO - DAG(s) dict_keys(['example_trigger_controller_dag']) retrieved from /home/airflow/.local/lib/python3.7/site-packages/airflow/example_dags/example_trigger_controller_dag.py
[2023-07-12 00:31:12,333] {logging_mixin.py:115} INFO - [2023-07-12 00:31:12,333] {dag.py:2420} INFO - Sync 1 DAGs
[2023-07-12 00:31:12,669] {logging_mixin.py:115} INFO - [2023-07-12 00:31:12,669] {dag.py:2972} INFO - Setting next_dagrun for example_trigger_controller_dag to 2021-01-01T00:00:00+00:00, run_after=2021-01-01T00:00:00+00:00
[2023-07-12 00:31:12,718] {processor.py:161} INFO - Processing /home/airflow/.local/lib/python3.7/site-packages/airflow/example_dags/example_trigger_controller_dag.py took 0.437 seconds
[2023-07-12 00:31:43,686] {processor.py:153} INFO - Started process (PID=181) to work on /home/airflow/.local/lib/python3.7/site-packages/airflow/example_dags/example_trigger_controller_dag.py
[2023-07-12 00:31:43,687] {processor.py:641} INFO - Processing file /home/airflow/.local/lib/python3.7/site-packages/airflow/example_dags/example_trigger_controller_dag.py for tasks to queue
[2023-07-12 00:31:43,688] {logging_mixin.py:115} INFO - [2023-07-12 00:31:43,688] {dagbag.py:508} INFO - Filling up the DagBag from /home/airflow/.local/lib/python3.7/site-packages/airflow/example_dags/example_trigger_controller_dag.py
[2023-07-12 00:31:43,692] {processor.py:651} INFO - DAG(s) dict_keys(['example_trigger_controller_dag']) retrieved from /home/airflow/.local/lib/python3.7/site-packages/airflow/example_dags/example_trigger_controller_dag.py
[2023-07-12 00:31:43,723] {logging_mixin.py:115} INFO - [2023-07-12 00:31:43,723] {dag.py:2420} INFO - Sync 1 DAGs
[2023-07-12 00:31:43,900] {logging_mixin.py:115} INFO - [2023-07-12 00:31:43,900] {dag.py:2972} INFO - Setting next_dagrun for example_trigger_controller_dag to 2021-01-01T00:00:00+00:00, run_after=2021-01-01T00:00:00+00:00
[2023-07-12 00:31:43,913] {processor.py:161} INFO - Processing /home/airflow/.local/lib/python3.7/site-packages/airflow/example_dags/example_trigger_controller_dag.py took 0.230 seconds
[2023-07-12 00:32:14,171] {processor.py:153} INFO - Started process (PID=233) to work on /home/airflow/.local/lib/python3.7/site-packages/airflow/example_dags/example_trigger_controller_dag.py
[2023-07-12 00:32:14,173] {processor.py:641} INFO - Processing file /home/airflow/.local/lib/python3.7/site-packages/airflow/example_dags/example_trigger_controller_dag.py for tasks to queue
[2023-07-12 00:32:14,174] {logging_mixin.py:115} INFO - [2023-07-12 00:32:14,173] {dagbag.py:508} INFO - Filling up the DagBag from /home/airflow/.local/lib/python3.7/site-packages/airflow/example_dags/example_trigger_controller_dag.py
[2023-07-12 00:32:14,178] {processor.py:651} INFO - DAG(s) dict_keys(['example_trigger_controller_dag']) retrieved from /home/airflow/.local/lib/python3.7/site-packages/airflow/example_dags/example_trigger_controller_dag.py
[2023-07-12 00:32:14,211] {logging_mixin.py:115} INFO - [2023-07-12 00:32:14,211] {dag.py:2420} INFO - Sync 1 DAGs
[2023-07-12 00:32:14,390] {logging_mixin.py:115} INFO - [2023-07-12 00:32:14,390] {dag.py:2972} INFO - Setting next_dagrun for example_trigger_controller_dag to 2021-01-01T00:00:00+00:00, run_after=2021-01-01T00:00:00+00:00
[2023-07-12 00:32:14,404] {processor.py:161} INFO - Processing /home/airflow/.local/lib/python3.7/site-packages/airflow/example_dags/example_trigger_controller_dag.py took 0.239 seconds
[2023-07-12 00:32:45,121] {processor.py:153} INFO - Started process (PID=295) to work on /home/airflow/.local/lib/python3.7/site-packages/airflow/example_dags/example_trigger_controller_dag.py
[2023-07-12 00:32:45,131] {processor.py:641} INFO - Processing file /home/airflow/.local/lib/python3.7/site-packages/airflow/example_dags/example_trigger_controller_dag.py for tasks to queue
[2023-07-12 00:32:45,148] {logging_mixin.py:115} INFO - [2023-07-12 00:32:45,148] {dagbag.py:508} INFO - Filling up the DagBag from /home/airflow/.local/lib/python3.7/site-packages/airflow/example_dags/example_trigger_controller_dag.py
[2023-07-12 00:32:45,161] {processor.py:651} INFO - DAG(s) dict_keys(['example_trigger_controller_dag']) retrieved from /home/airflow/.local/lib/python3.7/site-packages/airflow/example_dags/example_trigger_controller_dag.py
[2023-07-12 00:32:45,461] {logging_mixin.py:115} INFO - [2023-07-12 00:32:45,461] {dag.py:2420} INFO - Sync 1 DAGs
[2023-07-12 00:32:45,978] {logging_mixin.py:115} INFO - [2023-07-12 00:32:45,977] {dag.py:2972} INFO - Setting next_dagrun for example_trigger_controller_dag to 2021-01-01T00:00:00+00:00, run_after=2021-01-01T00:00:00+00:00
[2023-07-12 00:32:46,010] {processor.py:161} INFO - Processing /home/airflow/.local/lib/python3.7/site-packages/airflow/example_dags/example_trigger_controller_dag.py took 0.893 seconds
[2023-07-12 00:33:31,427] {processor.py:153} INFO - Started process (PID=399) to work on /home/airflow/.local/lib/python3.7/site-packages/airflow/example_dags/example_trigger_controller_dag.py
[2023-07-12 00:33:31,436] {processor.py:641} INFO - Processing file /home/airflow/.local/lib/python3.7/site-packages/airflow/example_dags/example_trigger_controller_dag.py for tasks to queue
[2023-07-12 00:33:31,437] {logging_mixin.py:115} INFO - [2023-07-12 00:33:31,437] {dagbag.py:508} INFO - Filling up the DagBag from /home/airflow/.local/lib/python3.7/site-packages/airflow/example_dags/example_trigger_controller_dag.py
[2023-07-12 00:33:31,458] {processor.py:651} INFO - DAG(s) dict_keys(['example_trigger_controller_dag']) retrieved from /home/airflow/.local/lib/python3.7/site-packages/airflow/example_dags/example_trigger_controller_dag.py
[2023-07-12 00:33:31,632] {logging_mixin.py:115} INFO - [2023-07-12 00:33:31,631] {dag.py:2420} INFO - Sync 1 DAGs
[2023-07-12 00:33:33,737] {logging_mixin.py:115} INFO - [2023-07-12 00:33:33,737] {dag.py:2972} INFO - Setting next_dagrun for example_trigger_controller_dag to 2021-01-01T00:00:00+00:00, run_after=2021-01-01T00:00:00+00:00
[2023-07-12 00:33:34,065] {processor.py:161} INFO - Processing /home/airflow/.local/lib/python3.7/site-packages/airflow/example_dags/example_trigger_controller_dag.py took 2.729 seconds
[2023-07-12 00:34:04,611] {processor.py:153} INFO - Started process (PID=487) to work on /home/airflow/.local/lib/python3.7/site-packages/airflow/example_dags/example_trigger_controller_dag.py
[2023-07-12 00:34:04,617] {processor.py:641} INFO - Processing file /home/airflow/.local/lib/python3.7/site-packages/airflow/example_dags/example_trigger_controller_dag.py for tasks to queue
[2023-07-12 00:34:04,646] {logging_mixin.py:115} INFO - [2023-07-12 00:34:04,641] {dagbag.py:508} INFO - Filling up the DagBag from /home/airflow/.local/lib/python3.7/site-packages/airflow/example_dags/example_trigger_controller_dag.py
[2023-07-12 00:34:04,691] {processor.py:651} INFO - DAG(s) dict_keys(['example_trigger_controller_dag']) retrieved from /home/airflow/.local/lib/python3.7/site-packages/airflow/example_dags/example_trigger_controller_dag.py
[2023-07-12 00:34:05,113] {logging_mixin.py:115} INFO - [2023-07-12 00:34:05,113] {dag.py:2420} INFO - Sync 1 DAGs
[2023-07-12 00:34:05,746] {logging_mixin.py:115} INFO - [2023-07-12 00:34:05,745] {dag.py:2972} INFO - Setting next_dagrun for example_trigger_controller_dag to 2021-01-01T00:00:00+00:00, run_after=2021-01-01T00:00:00+00:00
[2023-07-12 00:34:05,792] {processor.py:161} INFO - Processing /home/airflow/.local/lib/python3.7/site-packages/airflow/example_dags/example_trigger_controller_dag.py took 1.251 seconds
[2023-07-12 00:34:36,063] {processor.py:153} INFO - Started process (PID=540) to work on /home/airflow/.local/lib/python3.7/site-packages/airflow/example_dags/example_trigger_controller_dag.py
[2023-07-12 00:34:36,064] {processor.py:641} INFO - Processing file /home/airflow/.local/lib/python3.7/site-packages/airflow/example_dags/example_trigger_controller_dag.py for tasks to queue
[2023-07-12 00:34:36,065] {logging_mixin.py:115} INFO - [2023-07-12 00:34:36,065] {dagbag.py:508} INFO - Filling up the DagBag from /home/airflow/.local/lib/python3.7/site-packages/airflow/example_dags/example_trigger_controller_dag.py
[2023-07-12 00:34:36,071] {processor.py:651} INFO - DAG(s) dict_keys(['example_trigger_controller_dag']) retrieved from /home/airflow/.local/lib/python3.7/site-packages/airflow/example_dags/example_trigger_controller_dag.py
[2023-07-12 00:34:36,134] {logging_mixin.py:115} INFO - [2023-07-12 00:34:36,134] {dag.py:2420} INFO - Sync 1 DAGs
[2023-07-12 00:34:36,379] {logging_mixin.py:115} INFO - [2023-07-12 00:34:36,379] {dag.py:2972} INFO - Setting next_dagrun for example_trigger_controller_dag to 2021-01-01T00:00:00+00:00, run_after=2021-01-01T00:00:00+00:00
[2023-07-12 00:34:36,394] {processor.py:161} INFO - Processing /home/airflow/.local/lib/python3.7/site-packages/airflow/example_dags/example_trigger_controller_dag.py took 0.337 seconds
[2023-07-12 00:35:06,790] {processor.py:153} INFO - Started process (PID=593) to work on /home/airflow/.local/lib/python3.7/site-packages/airflow/example_dags/example_trigger_controller_dag.py
[2023-07-12 00:35:06,791] {processor.py:641} INFO - Processing file /home/airflow/.local/lib/python3.7/site-packages/airflow/example_dags/example_trigger_controller_dag.py for tasks to queue
[2023-07-12 00:35:06,792] {logging_mixin.py:115} INFO - [2023-07-12 00:35:06,792] {dagbag.py:508} INFO - Filling up the DagBag from /home/airflow/.local/lib/python3.7/site-packages/airflow/example_dags/example_trigger_controller_dag.py
[2023-07-12 00:35:06,798] {processor.py:651} INFO - DAG(s) dict_keys(['example_trigger_controller_dag']) retrieved from /home/airflow/.local/lib/python3.7/site-packages/airflow/example_dags/example_trigger_controller_dag.py
[2023-07-12 00:35:06,851] {logging_mixin.py:115} INFO - [2023-07-12 00:35:06,851] {dag.py:2420} INFO - Sync 1 DAGs
[2023-07-12 00:35:07,114] {logging_mixin.py:115} INFO - [2023-07-12 00:35:07,113] {dag.py:2972} INFO - Setting next_dagrun for example_trigger_controller_dag to 2021-01-01T00:00:00+00:00, run_after=2021-01-01T00:00:00+00:00
[2023-07-12 00:35:07,145] {processor.py:161} INFO - Processing /home/airflow/.local/lib/python3.7/site-packages/airflow/example_dags/example_trigger_controller_dag.py took 0.361 seconds
