[2023-07-12 00:20:42,608] {processor.py:153} INFO - Started process (PID=44) to work on /home/airflow/.local/lib/python3.7/site-packages/airflow/example_dags/example_bash_operator.py
[2023-07-12 00:20:42,609] {processor.py:641} INFO - Processing file /home/airflow/.local/lib/python3.7/site-packages/airflow/example_dags/example_bash_operator.py for tasks to queue
[2023-07-12 00:20:42,609] {logging_mixin.py:115} INFO - [2023-07-12 00:20:42,609] {dagbag.py:508} INFO - Filling up the DagBag from /home/airflow/.local/lib/python3.7/site-packages/airflow/example_dags/example_bash_operator.py
[2023-07-12 00:20:42,652] {processor.py:651} INFO - DAG(s) dict_keys(['example_bash_operator']) retrieved from /home/airflow/.local/lib/python3.7/site-packages/airflow/example_dags/example_bash_operator.py
[2023-07-12 00:20:42,725] {logging_mixin.py:115} INFO - [2023-07-12 00:20:42,725] {dag.py:2420} INFO - Sync 1 DAGs
[2023-07-12 00:20:43,099] {logging_mixin.py:115} INFO - [2023-07-12 00:20:43,098] {dag.py:2972} INFO - Setting next_dagrun for example_bash_operator to 2023-07-11T00:00:00+00:00, run_after=2023-07-12T00:00:00+00:00
[2023-07-12 00:20:43,120] {processor.py:161} INFO - Processing /home/airflow/.local/lib/python3.7/site-packages/airflow/example_dags/example_bash_operator.py took 0.518 seconds
[2023-07-12 00:21:13,460] {processor.py:153} INFO - Started process (PID=96) to work on /home/airflow/.local/lib/python3.7/site-packages/airflow/example_dags/example_bash_operator.py
[2023-07-12 00:21:13,463] {processor.py:641} INFO - Processing file /home/airflow/.local/lib/python3.7/site-packages/airflow/example_dags/example_bash_operator.py for tasks to queue
[2023-07-12 00:21:13,463] {logging_mixin.py:115} INFO - [2023-07-12 00:21:13,463] {dagbag.py:508} INFO - Filling up the DagBag from /home/airflow/.local/lib/python3.7/site-packages/airflow/example_dags/example_bash_operator.py
[2023-07-12 00:21:13,545] {processor.py:651} INFO - DAG(s) dict_keys(['example_bash_operator']) retrieved from /home/airflow/.local/lib/python3.7/site-packages/airflow/example_dags/example_bash_operator.py
[2023-07-12 00:21:13,631] {logging_mixin.py:115} INFO - [2023-07-12 00:21:13,631] {dag.py:2420} INFO - Sync 1 DAGs
[2023-07-12 00:21:13,889] {logging_mixin.py:115} INFO - [2023-07-12 00:21:13,888] {dag.py:2972} INFO - Setting next_dagrun for example_bash_operator to 2023-07-11T00:00:00+00:00, run_after=2023-07-12T00:00:00+00:00
[2023-07-12 00:21:13,908] {processor.py:161} INFO - Processing /home/airflow/.local/lib/python3.7/site-packages/airflow/example_dags/example_bash_operator.py took 0.453 seconds
[2023-07-12 00:21:44,281] {processor.py:153} INFO - Started process (PID=148) to work on /home/airflow/.local/lib/python3.7/site-packages/airflow/example_dags/example_bash_operator.py
[2023-07-12 00:21:44,286] {processor.py:641} INFO - Processing file /home/airflow/.local/lib/python3.7/site-packages/airflow/example_dags/example_bash_operator.py for tasks to queue
[2023-07-12 00:21:44,287] {logging_mixin.py:115} INFO - [2023-07-12 00:21:44,287] {dagbag.py:508} INFO - Filling up the DagBag from /home/airflow/.local/lib/python3.7/site-packages/airflow/example_dags/example_bash_operator.py
[2023-07-12 00:21:44,336] {processor.py:651} INFO - DAG(s) dict_keys(['example_bash_operator']) retrieved from /home/airflow/.local/lib/python3.7/site-packages/airflow/example_dags/example_bash_operator.py
[2023-07-12 00:21:44,399] {logging_mixin.py:115} INFO - [2023-07-12 00:21:44,399] {dag.py:2420} INFO - Sync 1 DAGs
[2023-07-12 00:21:44,680] {logging_mixin.py:115} INFO - [2023-07-12 00:21:44,680] {dag.py:2972} INFO - Setting next_dagrun for example_bash_operator to 2023-07-11T00:00:00+00:00, run_after=2023-07-12T00:00:00+00:00
[2023-07-12 00:21:44,700] {processor.py:161} INFO - Processing /home/airflow/.local/lib/python3.7/site-packages/airflow/example_dags/example_bash_operator.py took 0.424 seconds
[2023-07-12 00:22:14,859] {processor.py:153} INFO - Started process (PID=199) to work on /home/airflow/.local/lib/python3.7/site-packages/airflow/example_dags/example_bash_operator.py
[2023-07-12 00:22:14,860] {processor.py:641} INFO - Processing file /home/airflow/.local/lib/python3.7/site-packages/airflow/example_dags/example_bash_operator.py for tasks to queue
[2023-07-12 00:22:14,861] {logging_mixin.py:115} INFO - [2023-07-12 00:22:14,861] {dagbag.py:508} INFO - Filling up the DagBag from /home/airflow/.local/lib/python3.7/site-packages/airflow/example_dags/example_bash_operator.py
[2023-07-12 00:22:14,882] {processor.py:651} INFO - DAG(s) dict_keys(['example_bash_operator']) retrieved from /home/airflow/.local/lib/python3.7/site-packages/airflow/example_dags/example_bash_operator.py
[2023-07-12 00:22:14,936] {logging_mixin.py:115} INFO - [2023-07-12 00:22:14,936] {dag.py:2420} INFO - Sync 1 DAGs
[2023-07-12 00:22:15,234] {logging_mixin.py:115} INFO - [2023-07-12 00:22:15,233] {dag.py:2972} INFO - Setting next_dagrun for example_bash_operator to 2023-07-11T00:00:00+00:00, run_after=2023-07-12T00:00:00+00:00
[2023-07-12 00:22:15,264] {processor.py:161} INFO - Processing /home/airflow/.local/lib/python3.7/site-packages/airflow/example_dags/example_bash_operator.py took 0.410 seconds
[2023-07-12 00:22:45,403] {processor.py:153} INFO - Started process (PID=251) to work on /home/airflow/.local/lib/python3.7/site-packages/airflow/example_dags/example_bash_operator.py
[2023-07-12 00:22:45,403] {processor.py:641} INFO - Processing file /home/airflow/.local/lib/python3.7/site-packages/airflow/example_dags/example_bash_operator.py for tasks to queue
[2023-07-12 00:22:45,405] {logging_mixin.py:115} INFO - [2023-07-12 00:22:45,404] {dagbag.py:508} INFO - Filling up the DagBag from /home/airflow/.local/lib/python3.7/site-packages/airflow/example_dags/example_bash_operator.py
[2023-07-12 00:22:45,430] {processor.py:651} INFO - DAG(s) dict_keys(['example_bash_operator']) retrieved from /home/airflow/.local/lib/python3.7/site-packages/airflow/example_dags/example_bash_operator.py
[2023-07-12 00:22:45,492] {logging_mixin.py:115} INFO - [2023-07-12 00:22:45,492] {dag.py:2420} INFO - Sync 1 DAGs
[2023-07-12 00:22:45,828] {logging_mixin.py:115} INFO - [2023-07-12 00:22:45,828] {dag.py:2972} INFO - Setting next_dagrun for example_bash_operator to 2023-07-11T00:00:00+00:00, run_after=2023-07-12T00:00:00+00:00
[2023-07-12 00:22:45,877] {processor.py:161} INFO - Processing /home/airflow/.local/lib/python3.7/site-packages/airflow/example_dags/example_bash_operator.py took 0.482 seconds
[2023-07-12 00:23:16,268] {processor.py:153} INFO - Started process (PID=302) to work on /home/airflow/.local/lib/python3.7/site-packages/airflow/example_dags/example_bash_operator.py
[2023-07-12 00:23:16,271] {processor.py:641} INFO - Processing file /home/airflow/.local/lib/python3.7/site-packages/airflow/example_dags/example_bash_operator.py for tasks to queue
[2023-07-12 00:23:16,274] {logging_mixin.py:115} INFO - [2023-07-12 00:23:16,274] {dagbag.py:508} INFO - Filling up the DagBag from /home/airflow/.local/lib/python3.7/site-packages/airflow/example_dags/example_bash_operator.py
[2023-07-12 00:23:16,316] {processor.py:651} INFO - DAG(s) dict_keys(['example_bash_operator']) retrieved from /home/airflow/.local/lib/python3.7/site-packages/airflow/example_dags/example_bash_operator.py
[2023-07-12 00:23:16,385] {logging_mixin.py:115} INFO - [2023-07-12 00:23:16,384] {dag.py:2420} INFO - Sync 1 DAGs
[2023-07-12 00:23:16,751] {logging_mixin.py:115} INFO - [2023-07-12 00:23:16,750] {dag.py:2972} INFO - Setting next_dagrun for example_bash_operator to 2023-07-11T00:00:00+00:00, run_after=2023-07-12T00:00:00+00:00
[2023-07-12 00:23:16,783] {processor.py:161} INFO - Processing /home/airflow/.local/lib/python3.7/site-packages/airflow/example_dags/example_bash_operator.py took 0.528 seconds
[2023-07-12 00:23:47,343] {processor.py:153} INFO - Started process (PID=355) to work on /home/airflow/.local/lib/python3.7/site-packages/airflow/example_dags/example_bash_operator.py
[2023-07-12 00:23:47,348] {processor.py:641} INFO - Processing file /home/airflow/.local/lib/python3.7/site-packages/airflow/example_dags/example_bash_operator.py for tasks to queue
[2023-07-12 00:23:47,349] {logging_mixin.py:115} INFO - [2023-07-12 00:23:47,349] {dagbag.py:508} INFO - Filling up the DagBag from /home/airflow/.local/lib/python3.7/site-packages/airflow/example_dags/example_bash_operator.py
[2023-07-12 00:23:47,405] {processor.py:651} INFO - DAG(s) dict_keys(['example_bash_operator']) retrieved from /home/airflow/.local/lib/python3.7/site-packages/airflow/example_dags/example_bash_operator.py
[2023-07-12 00:23:47,483] {logging_mixin.py:115} INFO - [2023-07-12 00:23:47,483] {dag.py:2420} INFO - Sync 1 DAGs
[2023-07-12 00:23:47,747] {logging_mixin.py:115} INFO - [2023-07-12 00:23:47,746] {dag.py:2972} INFO - Setting next_dagrun for example_bash_operator to 2023-07-11T00:00:00+00:00, run_after=2023-07-12T00:00:00+00:00
[2023-07-12 00:23:47,770] {processor.py:161} INFO - Processing /home/airflow/.local/lib/python3.7/site-packages/airflow/example_dags/example_bash_operator.py took 0.443 seconds
[2023-07-12 00:24:18,209] {processor.py:153} INFO - Started process (PID=407) to work on /home/airflow/.local/lib/python3.7/site-packages/airflow/example_dags/example_bash_operator.py
[2023-07-12 00:24:18,211] {processor.py:641} INFO - Processing file /home/airflow/.local/lib/python3.7/site-packages/airflow/example_dags/example_bash_operator.py for tasks to queue
[2023-07-12 00:24:18,213] {logging_mixin.py:115} INFO - [2023-07-12 00:24:18,213] {dagbag.py:508} INFO - Filling up the DagBag from /home/airflow/.local/lib/python3.7/site-packages/airflow/example_dags/example_bash_operator.py
[2023-07-12 00:24:18,246] {processor.py:651} INFO - DAG(s) dict_keys(['example_bash_operator']) retrieved from /home/airflow/.local/lib/python3.7/site-packages/airflow/example_dags/example_bash_operator.py
[2023-07-12 00:24:18,321] {logging_mixin.py:115} INFO - [2023-07-12 00:24:18,321] {dag.py:2420} INFO - Sync 1 DAGs
[2023-07-12 00:24:18,643] {logging_mixin.py:115} INFO - [2023-07-12 00:24:18,643] {dag.py:2972} INFO - Setting next_dagrun for example_bash_operator to 2023-07-11T00:00:00+00:00, run_after=2023-07-12T00:00:00+00:00
[2023-07-12 00:24:18,663] {processor.py:161} INFO - Processing /home/airflow/.local/lib/python3.7/site-packages/airflow/example_dags/example_bash_operator.py took 0.463 seconds
[2023-07-12 00:24:48,908] {processor.py:153} INFO - Started process (PID=468) to work on /home/airflow/.local/lib/python3.7/site-packages/airflow/example_dags/example_bash_operator.py
[2023-07-12 00:24:48,909] {processor.py:641} INFO - Processing file /home/airflow/.local/lib/python3.7/site-packages/airflow/example_dags/example_bash_operator.py for tasks to queue
[2023-07-12 00:24:48,910] {logging_mixin.py:115} INFO - [2023-07-12 00:24:48,910] {dagbag.py:508} INFO - Filling up the DagBag from /home/airflow/.local/lib/python3.7/site-packages/airflow/example_dags/example_bash_operator.py
[2023-07-12 00:24:48,931] {processor.py:651} INFO - DAG(s) dict_keys(['example_bash_operator']) retrieved from /home/airflow/.local/lib/python3.7/site-packages/airflow/example_dags/example_bash_operator.py
[2023-07-12 00:24:48,986] {logging_mixin.py:115} INFO - [2023-07-12 00:24:48,986] {dag.py:2420} INFO - Sync 1 DAGs
[2023-07-12 00:24:49,183] {logging_mixin.py:115} INFO - [2023-07-12 00:24:49,183] {dag.py:2972} INFO - Setting next_dagrun for example_bash_operator to 2023-07-11T00:00:00+00:00, run_after=2023-07-12T00:00:00+00:00
[2023-07-12 00:24:49,208] {processor.py:161} INFO - Processing /home/airflow/.local/lib/python3.7/site-packages/airflow/example_dags/example_bash_operator.py took 0.304 seconds
[2023-07-12 00:25:19,886] {processor.py:153} INFO - Started process (PID=520) to work on /home/airflow/.local/lib/python3.7/site-packages/airflow/example_dags/example_bash_operator.py
[2023-07-12 00:25:19,891] {processor.py:641} INFO - Processing file /home/airflow/.local/lib/python3.7/site-packages/airflow/example_dags/example_bash_operator.py for tasks to queue
[2023-07-12 00:25:19,892] {logging_mixin.py:115} INFO - [2023-07-12 00:25:19,892] {dagbag.py:508} INFO - Filling up the DagBag from /home/airflow/.local/lib/python3.7/site-packages/airflow/example_dags/example_bash_operator.py
[2023-07-12 00:25:19,922] {processor.py:651} INFO - DAG(s) dict_keys(['example_bash_operator']) retrieved from /home/airflow/.local/lib/python3.7/site-packages/airflow/example_dags/example_bash_operator.py
[2023-07-12 00:25:20,052] {logging_mixin.py:115} INFO - [2023-07-12 00:25:20,052] {dag.py:2420} INFO - Sync 1 DAGs
[2023-07-12 00:25:20,354] {logging_mixin.py:115} INFO - [2023-07-12 00:25:20,354] {dag.py:2972} INFO - Setting next_dagrun for example_bash_operator to 2023-07-11T00:00:00+00:00, run_after=2023-07-12T00:00:00+00:00
[2023-07-12 00:25:20,402] {processor.py:161} INFO - Processing /home/airflow/.local/lib/python3.7/site-packages/airflow/example_dags/example_bash_operator.py took 0.529 seconds
[2023-07-12 00:25:50,697] {processor.py:153} INFO - Started process (PID=572) to work on /home/airflow/.local/lib/python3.7/site-packages/airflow/example_dags/example_bash_operator.py
[2023-07-12 00:25:50,700] {processor.py:641} INFO - Processing file /home/airflow/.local/lib/python3.7/site-packages/airflow/example_dags/example_bash_operator.py for tasks to queue
[2023-07-12 00:25:50,701] {logging_mixin.py:115} INFO - [2023-07-12 00:25:50,701] {dagbag.py:508} INFO - Filling up the DagBag from /home/airflow/.local/lib/python3.7/site-packages/airflow/example_dags/example_bash_operator.py
[2023-07-12 00:25:50,724] {processor.py:651} INFO - DAG(s) dict_keys(['example_bash_operator']) retrieved from /home/airflow/.local/lib/python3.7/site-packages/airflow/example_dags/example_bash_operator.py
[2023-07-12 00:25:50,777] {logging_mixin.py:115} INFO - [2023-07-12 00:25:50,777] {dag.py:2420} INFO - Sync 1 DAGs
[2023-07-12 00:25:51,023] {logging_mixin.py:115} INFO - [2023-07-12 00:25:51,023] {dag.py:2972} INFO - Setting next_dagrun for example_bash_operator to 2023-07-11T00:00:00+00:00, run_after=2023-07-12T00:00:00+00:00
[2023-07-12 00:25:51,043] {processor.py:161} INFO - Processing /home/airflow/.local/lib/python3.7/site-packages/airflow/example_dags/example_bash_operator.py took 0.353 seconds
[2023-07-12 00:26:21,291] {processor.py:153} INFO - Started process (PID=624) to work on /home/airflow/.local/lib/python3.7/site-packages/airflow/example_dags/example_bash_operator.py
[2023-07-12 00:26:21,294] {processor.py:641} INFO - Processing file /home/airflow/.local/lib/python3.7/site-packages/airflow/example_dags/example_bash_operator.py for tasks to queue
[2023-07-12 00:26:21,295] {logging_mixin.py:115} INFO - [2023-07-12 00:26:21,295] {dagbag.py:508} INFO - Filling up the DagBag from /home/airflow/.local/lib/python3.7/site-packages/airflow/example_dags/example_bash_operator.py
[2023-07-12 00:26:21,317] {processor.py:651} INFO - DAG(s) dict_keys(['example_bash_operator']) retrieved from /home/airflow/.local/lib/python3.7/site-packages/airflow/example_dags/example_bash_operator.py
[2023-07-12 00:26:21,353] {logging_mixin.py:115} INFO - [2023-07-12 00:26:21,353] {dag.py:2420} INFO - Sync 1 DAGs
[2023-07-12 00:26:21,571] {logging_mixin.py:115} INFO - [2023-07-12 00:26:21,571] {dag.py:2972} INFO - Setting next_dagrun for example_bash_operator to 2023-07-11T00:00:00+00:00, run_after=2023-07-12T00:00:00+00:00
[2023-07-12 00:26:21,588] {processor.py:161} INFO - Processing /home/airflow/.local/lib/python3.7/site-packages/airflow/example_dags/example_bash_operator.py took 0.301 seconds
[2023-07-12 00:26:51,730] {processor.py:153} INFO - Started process (PID=685) to work on /home/airflow/.local/lib/python3.7/site-packages/airflow/example_dags/example_bash_operator.py
[2023-07-12 00:26:51,735] {processor.py:641} INFO - Processing file /home/airflow/.local/lib/python3.7/site-packages/airflow/example_dags/example_bash_operator.py for tasks to queue
[2023-07-12 00:26:51,736] {logging_mixin.py:115} INFO - [2023-07-12 00:26:51,736] {dagbag.py:508} INFO - Filling up the DagBag from /home/airflow/.local/lib/python3.7/site-packages/airflow/example_dags/example_bash_operator.py
[2023-07-12 00:26:51,769] {processor.py:651} INFO - DAG(s) dict_keys(['example_bash_operator']) retrieved from /home/airflow/.local/lib/python3.7/site-packages/airflow/example_dags/example_bash_operator.py
[2023-07-12 00:26:51,840] {logging_mixin.py:115} INFO - [2023-07-12 00:26:51,840] {dag.py:2420} INFO - Sync 1 DAGs
[2023-07-12 00:26:52,073] {logging_mixin.py:115} INFO - [2023-07-12 00:26:52,073] {dag.py:2972} INFO - Setting next_dagrun for example_bash_operator to 2023-07-11T00:00:00+00:00, run_after=2023-07-12T00:00:00+00:00
[2023-07-12 00:26:52,085] {processor.py:161} INFO - Processing /home/airflow/.local/lib/python3.7/site-packages/airflow/example_dags/example_bash_operator.py took 0.360 seconds
[2023-07-12 00:27:22,361] {processor.py:153} INFO - Started process (PID=737) to work on /home/airflow/.local/lib/python3.7/site-packages/airflow/example_dags/example_bash_operator.py
[2023-07-12 00:27:22,362] {processor.py:641} INFO - Processing file /home/airflow/.local/lib/python3.7/site-packages/airflow/example_dags/example_bash_operator.py for tasks to queue
[2023-07-12 00:27:22,363] {logging_mixin.py:115} INFO - [2023-07-12 00:27:22,363] {dagbag.py:508} INFO - Filling up the DagBag from /home/airflow/.local/lib/python3.7/site-packages/airflow/example_dags/example_bash_operator.py
[2023-07-12 00:27:22,384] {processor.py:651} INFO - DAG(s) dict_keys(['example_bash_operator']) retrieved from /home/airflow/.local/lib/python3.7/site-packages/airflow/example_dags/example_bash_operator.py
[2023-07-12 00:27:22,435] {logging_mixin.py:115} INFO - [2023-07-12 00:27:22,435] {dag.py:2420} INFO - Sync 1 DAGs
[2023-07-12 00:27:22,616] {logging_mixin.py:115} INFO - [2023-07-12 00:27:22,616] {dag.py:2972} INFO - Setting next_dagrun for example_bash_operator to 2023-07-11T00:00:00+00:00, run_after=2023-07-12T00:00:00+00:00
[2023-07-12 00:27:22,635] {processor.py:161} INFO - Processing /home/airflow/.local/lib/python3.7/site-packages/airflow/example_dags/example_bash_operator.py took 0.280 seconds
[2023-07-12 00:27:53,383] {processor.py:153} INFO - Started process (PID=790) to work on /home/airflow/.local/lib/python3.7/site-packages/airflow/example_dags/example_bash_operator.py
[2023-07-12 00:27:53,384] {processor.py:641} INFO - Processing file /home/airflow/.local/lib/python3.7/site-packages/airflow/example_dags/example_bash_operator.py for tasks to queue
[2023-07-12 00:27:53,384] {logging_mixin.py:115} INFO - [2023-07-12 00:27:53,384] {dagbag.py:508} INFO - Filling up the DagBag from /home/airflow/.local/lib/python3.7/site-packages/airflow/example_dags/example_bash_operator.py
[2023-07-12 00:27:53,399] {processor.py:651} INFO - DAG(s) dict_keys(['example_bash_operator']) retrieved from /home/airflow/.local/lib/python3.7/site-packages/airflow/example_dags/example_bash_operator.py
[2023-07-12 00:27:53,441] {logging_mixin.py:115} INFO - [2023-07-12 00:27:53,441] {dag.py:2420} INFO - Sync 1 DAGs
[2023-07-12 00:27:53,617] {logging_mixin.py:115} INFO - [2023-07-12 00:27:53,617] {dag.py:2972} INFO - Setting next_dagrun for example_bash_operator to 2023-07-11T00:00:00+00:00, run_after=2023-07-12T00:00:00+00:00
[2023-07-12 00:27:53,629] {processor.py:161} INFO - Processing /home/airflow/.local/lib/python3.7/site-packages/airflow/example_dags/example_bash_operator.py took 0.251 seconds
[2023-07-12 00:28:23,713] {processor.py:153} INFO - Started process (PID=850) to work on /home/airflow/.local/lib/python3.7/site-packages/airflow/example_dags/example_bash_operator.py
[2023-07-12 00:28:23,714] {processor.py:641} INFO - Processing file /home/airflow/.local/lib/python3.7/site-packages/airflow/example_dags/example_bash_operator.py for tasks to queue
[2023-07-12 00:28:23,715] {logging_mixin.py:115} INFO - [2023-07-12 00:28:23,715] {dagbag.py:508} INFO - Filling up the DagBag from /home/airflow/.local/lib/python3.7/site-packages/airflow/example_dags/example_bash_operator.py
[2023-07-12 00:28:23,729] {processor.py:651} INFO - DAG(s) dict_keys(['example_bash_operator']) retrieved from /home/airflow/.local/lib/python3.7/site-packages/airflow/example_dags/example_bash_operator.py
[2023-07-12 00:28:23,762] {logging_mixin.py:115} INFO - [2023-07-12 00:28:23,762] {dag.py:2420} INFO - Sync 1 DAGs
[2023-07-12 00:28:23,933] {logging_mixin.py:115} INFO - [2023-07-12 00:28:23,933] {dag.py:2972} INFO - Setting next_dagrun for example_bash_operator to 2023-07-11T00:00:00+00:00, run_after=2023-07-12T00:00:00+00:00
[2023-07-12 00:28:23,949] {processor.py:161} INFO - Processing /home/airflow/.local/lib/python3.7/site-packages/airflow/example_dags/example_bash_operator.py took 0.240 seconds
[2023-07-12 00:28:54,698] {processor.py:153} INFO - Started process (PID=903) to work on /home/airflow/.local/lib/python3.7/site-packages/airflow/example_dags/example_bash_operator.py
[2023-07-12 00:28:54,699] {processor.py:641} INFO - Processing file /home/airflow/.local/lib/python3.7/site-packages/airflow/example_dags/example_bash_operator.py for tasks to queue
[2023-07-12 00:28:54,699] {logging_mixin.py:115} INFO - [2023-07-12 00:28:54,699] {dagbag.py:508} INFO - Filling up the DagBag from /home/airflow/.local/lib/python3.7/site-packages/airflow/example_dags/example_bash_operator.py
[2023-07-12 00:28:54,725] {processor.py:651} INFO - DAG(s) dict_keys(['example_bash_operator']) retrieved from /home/airflow/.local/lib/python3.7/site-packages/airflow/example_dags/example_bash_operator.py
[2023-07-12 00:28:54,789] {logging_mixin.py:115} INFO - [2023-07-12 00:28:54,789] {dag.py:2420} INFO - Sync 1 DAGs
[2023-07-12 00:28:55,273] {logging_mixin.py:115} INFO - [2023-07-12 00:28:55,273] {dag.py:2972} INFO - Setting next_dagrun for example_bash_operator to 2023-07-11T00:00:00+00:00, run_after=2023-07-12T00:00:00+00:00
[2023-07-12 00:28:55,308] {processor.py:161} INFO - Processing /home/airflow/.local/lib/python3.7/site-packages/airflow/example_dags/example_bash_operator.py took 0.615 seconds
[2023-07-12 00:29:25,751] {processor.py:153} INFO - Started process (PID=963) to work on /home/airflow/.local/lib/python3.7/site-packages/airflow/example_dags/example_bash_operator.py
[2023-07-12 00:29:25,754] {processor.py:641} INFO - Processing file /home/airflow/.local/lib/python3.7/site-packages/airflow/example_dags/example_bash_operator.py for tasks to queue
[2023-07-12 00:29:25,756] {logging_mixin.py:115} INFO - [2023-07-12 00:29:25,756] {dagbag.py:508} INFO - Filling up the DagBag from /home/airflow/.local/lib/python3.7/site-packages/airflow/example_dags/example_bash_operator.py
[2023-07-12 00:29:25,809] {processor.py:651} INFO - DAG(s) dict_keys(['example_bash_operator']) retrieved from /home/airflow/.local/lib/python3.7/site-packages/airflow/example_dags/example_bash_operator.py
[2023-07-12 00:29:25,914] {logging_mixin.py:115} INFO - [2023-07-12 00:29:25,914] {dag.py:2420} INFO - Sync 1 DAGs
[2023-07-12 00:29:26,342] {logging_mixin.py:115} INFO - [2023-07-12 00:29:26,342] {dag.py:2972} INFO - Setting next_dagrun for example_bash_operator to 2023-07-11T00:00:00+00:00, run_after=2023-07-12T00:00:00+00:00
[2023-07-12 00:29:26,381] {processor.py:161} INFO - Processing /home/airflow/.local/lib/python3.7/site-packages/airflow/example_dags/example_bash_operator.py took 0.640 seconds
[2023-07-12 00:30:32,582] {processor.py:153} INFO - Started process (PID=46) to work on /home/airflow/.local/lib/python3.7/site-packages/airflow/example_dags/example_bash_operator.py
[2023-07-12 00:30:32,592] {processor.py:641} INFO - Processing file /home/airflow/.local/lib/python3.7/site-packages/airflow/example_dags/example_bash_operator.py for tasks to queue
[2023-07-12 00:30:32,593] {logging_mixin.py:115} INFO - [2023-07-12 00:30:32,593] {dagbag.py:508} INFO - Filling up the DagBag from /home/airflow/.local/lib/python3.7/site-packages/airflow/example_dags/example_bash_operator.py
[2023-07-12 00:30:32,620] {processor.py:651} INFO - DAG(s) dict_keys(['example_bash_operator']) retrieved from /home/airflow/.local/lib/python3.7/site-packages/airflow/example_dags/example_bash_operator.py
[2023-07-12 00:30:32,689] {logging_mixin.py:115} INFO - [2023-07-12 00:30:32,689] {dag.py:2420} INFO - Sync 1 DAGs
[2023-07-12 00:30:33,005] {logging_mixin.py:115} INFO - [2023-07-12 00:30:33,005] {dag.py:2972} INFO - Setting next_dagrun for example_bash_operator to 2023-07-11T00:00:00+00:00, run_after=2023-07-12T00:00:00+00:00
[2023-07-12 00:30:33,027] {processor.py:161} INFO - Processing /home/airflow/.local/lib/python3.7/site-packages/airflow/example_dags/example_bash_operator.py took 0.449 seconds
[2023-07-12 00:31:03,881] {processor.py:153} INFO - Started process (PID=99) to work on /home/airflow/.local/lib/python3.7/site-packages/airflow/example_dags/example_bash_operator.py
[2023-07-12 00:31:03,882] {processor.py:641} INFO - Processing file /home/airflow/.local/lib/python3.7/site-packages/airflow/example_dags/example_bash_operator.py for tasks to queue
[2023-07-12 00:31:03,883] {logging_mixin.py:115} INFO - [2023-07-12 00:31:03,883] {dagbag.py:508} INFO - Filling up the DagBag from /home/airflow/.local/lib/python3.7/site-packages/airflow/example_dags/example_bash_operator.py
[2023-07-12 00:31:03,900] {processor.py:651} INFO - DAG(s) dict_keys(['example_bash_operator']) retrieved from /home/airflow/.local/lib/python3.7/site-packages/airflow/example_dags/example_bash_operator.py
[2023-07-12 00:31:03,947] {logging_mixin.py:115} INFO - [2023-07-12 00:31:03,947] {dag.py:2420} INFO - Sync 1 DAGs
[2023-07-12 00:31:04,123] {logging_mixin.py:115} INFO - [2023-07-12 00:31:04,123] {dag.py:2972} INFO - Setting next_dagrun for example_bash_operator to 2023-07-11T00:00:00+00:00, run_after=2023-07-12T00:00:00+00:00
[2023-07-12 00:31:04,145] {processor.py:161} INFO - Processing /home/airflow/.local/lib/python3.7/site-packages/airflow/example_dags/example_bash_operator.py took 0.268 seconds
[2023-07-12 00:31:34,782] {processor.py:153} INFO - Started process (PID=151) to work on /home/airflow/.local/lib/python3.7/site-packages/airflow/example_dags/example_bash_operator.py
[2023-07-12 00:31:34,783] {processor.py:641} INFO - Processing file /home/airflow/.local/lib/python3.7/site-packages/airflow/example_dags/example_bash_operator.py for tasks to queue
[2023-07-12 00:31:34,783] {logging_mixin.py:115} INFO - [2023-07-12 00:31:34,783] {dagbag.py:508} INFO - Filling up the DagBag from /home/airflow/.local/lib/python3.7/site-packages/airflow/example_dags/example_bash_operator.py
[2023-07-12 00:31:34,797] {processor.py:651} INFO - DAG(s) dict_keys(['example_bash_operator']) retrieved from /home/airflow/.local/lib/python3.7/site-packages/airflow/example_dags/example_bash_operator.py
[2023-07-12 00:31:34,833] {logging_mixin.py:115} INFO - [2023-07-12 00:31:34,833] {dag.py:2420} INFO - Sync 1 DAGs
[2023-07-12 00:31:35,006] {logging_mixin.py:115} INFO - [2023-07-12 00:31:35,006] {dag.py:2972} INFO - Setting next_dagrun for example_bash_operator to 2023-07-11T00:00:00+00:00, run_after=2023-07-12T00:00:00+00:00
[2023-07-12 00:31:35,022] {processor.py:161} INFO - Processing /home/airflow/.local/lib/python3.7/site-packages/airflow/example_dags/example_bash_operator.py took 0.244 seconds
[2023-07-12 00:32:05,937] {processor.py:153} INFO - Started process (PID=212) to work on /home/airflow/.local/lib/python3.7/site-packages/airflow/example_dags/example_bash_operator.py
[2023-07-12 00:32:05,939] {processor.py:641} INFO - Processing file /home/airflow/.local/lib/python3.7/site-packages/airflow/example_dags/example_bash_operator.py for tasks to queue
[2023-07-12 00:32:05,939] {logging_mixin.py:115} INFO - [2023-07-12 00:32:05,939] {dagbag.py:508} INFO - Filling up the DagBag from /home/airflow/.local/lib/python3.7/site-packages/airflow/example_dags/example_bash_operator.py
[2023-07-12 00:32:05,964] {processor.py:651} INFO - DAG(s) dict_keys(['example_bash_operator']) retrieved from /home/airflow/.local/lib/python3.7/site-packages/airflow/example_dags/example_bash_operator.py
[2023-07-12 00:32:06,032] {logging_mixin.py:115} INFO - [2023-07-12 00:32:06,032] {dag.py:2420} INFO - Sync 1 DAGs
[2023-07-12 00:32:06,295] {logging_mixin.py:115} INFO - [2023-07-12 00:32:06,295] {dag.py:2972} INFO - Setting next_dagrun for example_bash_operator to 2023-07-11T00:00:00+00:00, run_after=2023-07-12T00:00:00+00:00
[2023-07-12 00:32:06,324] {processor.py:161} INFO - Processing /home/airflow/.local/lib/python3.7/site-packages/airflow/example_dags/example_bash_operator.py took 0.391 seconds
[2023-07-12 00:32:36,581] {processor.py:153} INFO - Started process (PID=266) to work on /home/airflow/.local/lib/python3.7/site-packages/airflow/example_dags/example_bash_operator.py
[2023-07-12 00:32:36,582] {processor.py:641} INFO - Processing file /home/airflow/.local/lib/python3.7/site-packages/airflow/example_dags/example_bash_operator.py for tasks to queue
[2023-07-12 00:32:36,584] {logging_mixin.py:115} INFO - [2023-07-12 00:32:36,584] {dagbag.py:508} INFO - Filling up the DagBag from /home/airflow/.local/lib/python3.7/site-packages/airflow/example_dags/example_bash_operator.py
[2023-07-12 00:32:36,608] {processor.py:651} INFO - DAG(s) dict_keys(['example_bash_operator']) retrieved from /home/airflow/.local/lib/python3.7/site-packages/airflow/example_dags/example_bash_operator.py
[2023-07-12 00:32:36,676] {logging_mixin.py:115} INFO - [2023-07-12 00:32:36,676] {dag.py:2420} INFO - Sync 1 DAGs
[2023-07-12 00:32:37,352] {logging_mixin.py:115} INFO - [2023-07-12 00:32:37,352] {dag.py:2972} INFO - Setting next_dagrun for example_bash_operator to 2023-07-11T00:00:00+00:00, run_after=2023-07-12T00:00:00+00:00
[2023-07-12 00:32:37,434] {processor.py:161} INFO - Processing /home/airflow/.local/lib/python3.7/site-packages/airflow/example_dags/example_bash_operator.py took 0.861 seconds
[2023-07-12 00:33:10,795] {processor.py:153} INFO - Started process (PID=360) to work on /home/airflow/.local/lib/python3.7/site-packages/airflow/example_dags/example_bash_operator.py
[2023-07-12 00:33:10,805] {processor.py:641} INFO - Processing file /home/airflow/.local/lib/python3.7/site-packages/airflow/example_dags/example_bash_operator.py for tasks to queue
[2023-07-12 00:33:10,806] {logging_mixin.py:115} INFO - [2023-07-12 00:33:10,806] {dagbag.py:508} INFO - Filling up the DagBag from /home/airflow/.local/lib/python3.7/site-packages/airflow/example_dags/example_bash_operator.py
[2023-07-12 00:33:11,013] {processor.py:651} INFO - DAG(s) dict_keys(['example_bash_operator']) retrieved from /home/airflow/.local/lib/python3.7/site-packages/airflow/example_dags/example_bash_operator.py
[2023-07-12 00:33:11,618] {logging_mixin.py:115} INFO - [2023-07-12 00:33:11,618] {dag.py:2420} INFO - Sync 1 DAGs
[2023-07-12 00:33:13,307] {logging_mixin.py:115} INFO - [2023-07-12 00:33:13,306] {dag.py:2972} INFO - Setting next_dagrun for example_bash_operator to 2023-07-11T00:00:00+00:00, run_after=2023-07-12T00:00:00+00:00
[2023-07-12 00:33:13,578] {processor.py:161} INFO - Processing /home/airflow/.local/lib/python3.7/site-packages/airflow/example_dags/example_bash_operator.py took 2.813 seconds
[2023-07-12 00:33:44,875] {processor.py:153} INFO - Started process (PID=430) to work on /home/airflow/.local/lib/python3.7/site-packages/airflow/example_dags/example_bash_operator.py
[2023-07-12 00:33:44,877] {processor.py:641} INFO - Processing file /home/airflow/.local/lib/python3.7/site-packages/airflow/example_dags/example_bash_operator.py for tasks to queue
[2023-07-12 00:33:44,878] {logging_mixin.py:115} INFO - [2023-07-12 00:33:44,878] {dagbag.py:508} INFO - Filling up the DagBag from /home/airflow/.local/lib/python3.7/site-packages/airflow/example_dags/example_bash_operator.py
[2023-07-12 00:33:45,017] {processor.py:651} INFO - DAG(s) dict_keys(['example_bash_operator']) retrieved from /home/airflow/.local/lib/python3.7/site-packages/airflow/example_dags/example_bash_operator.py
[2023-07-12 00:33:46,039] {logging_mixin.py:115} INFO - [2023-07-12 00:33:46,038] {dag.py:2420} INFO - Sync 1 DAGs
[2023-07-12 00:33:48,106] {logging_mixin.py:115} INFO - [2023-07-12 00:33:48,105] {dag.py:2972} INFO - Setting next_dagrun for example_bash_operator to 2023-07-11T00:00:00+00:00, run_after=2023-07-12T00:00:00+00:00
[2023-07-12 00:33:48,344] {processor.py:161} INFO - Processing /home/airflow/.local/lib/python3.7/site-packages/airflow/example_dags/example_bash_operator.py took 3.478 seconds
[2023-07-12 00:34:18,801] {processor.py:153} INFO - Started process (PID=511) to work on /home/airflow/.local/lib/python3.7/site-packages/airflow/example_dags/example_bash_operator.py
[2023-07-12 00:34:18,808] {processor.py:641} INFO - Processing file /home/airflow/.local/lib/python3.7/site-packages/airflow/example_dags/example_bash_operator.py for tasks to queue
[2023-07-12 00:34:18,809] {logging_mixin.py:115} INFO - [2023-07-12 00:34:18,809] {dagbag.py:508} INFO - Filling up the DagBag from /home/airflow/.local/lib/python3.7/site-packages/airflow/example_dags/example_bash_operator.py
[2023-07-12 00:34:18,867] {processor.py:651} INFO - DAG(s) dict_keys(['example_bash_operator']) retrieved from /home/airflow/.local/lib/python3.7/site-packages/airflow/example_dags/example_bash_operator.py
[2023-07-12 00:34:19,066] {logging_mixin.py:115} INFO - [2023-07-12 00:34:19,066] {dag.py:2420} INFO - Sync 1 DAGs
[2023-07-12 00:34:20,005] {logging_mixin.py:115} INFO - [2023-07-12 00:34:20,005] {dag.py:2972} INFO - Setting next_dagrun for example_bash_operator to 2023-07-11T00:00:00+00:00, run_after=2023-07-12T00:00:00+00:00
[2023-07-12 00:34:20,092] {processor.py:161} INFO - Processing /home/airflow/.local/lib/python3.7/site-packages/airflow/example_dags/example_bash_operator.py took 1.340 seconds
[2023-07-12 00:34:50,150] {processor.py:153} INFO - Started process (PID=563) to work on /home/airflow/.local/lib/python3.7/site-packages/airflow/example_dags/example_bash_operator.py
[2023-07-12 00:34:50,151] {processor.py:641} INFO - Processing file /home/airflow/.local/lib/python3.7/site-packages/airflow/example_dags/example_bash_operator.py for tasks to queue
[2023-07-12 00:34:50,152] {logging_mixin.py:115} INFO - [2023-07-12 00:34:50,151] {dagbag.py:508} INFO - Filling up the DagBag from /home/airflow/.local/lib/python3.7/site-packages/airflow/example_dags/example_bash_operator.py
[2023-07-12 00:34:50,168] {processor.py:651} INFO - DAG(s) dict_keys(['example_bash_operator']) retrieved from /home/airflow/.local/lib/python3.7/site-packages/airflow/example_dags/example_bash_operator.py
[2023-07-12 00:34:50,219] {logging_mixin.py:115} INFO - [2023-07-12 00:34:50,218] {dag.py:2420} INFO - Sync 1 DAGs
[2023-07-12 00:34:50,476] {logging_mixin.py:115} INFO - [2023-07-12 00:34:50,475] {dag.py:2972} INFO - Setting next_dagrun for example_bash_operator to 2023-07-11T00:00:00+00:00, run_after=2023-07-12T00:00:00+00:00
[2023-07-12 00:34:50,493] {processor.py:161} INFO - Processing /home/airflow/.local/lib/python3.7/site-packages/airflow/example_dags/example_bash_operator.py took 0.347 seconds
[2023-07-12 00:35:21,163] {processor.py:153} INFO - Started process (PID=617) to work on /home/airflow/.local/lib/python3.7/site-packages/airflow/example_dags/example_bash_operator.py
[2023-07-12 00:35:21,168] {processor.py:641} INFO - Processing file /home/airflow/.local/lib/python3.7/site-packages/airflow/example_dags/example_bash_operator.py for tasks to queue
[2023-07-12 00:35:21,170] {logging_mixin.py:115} INFO - [2023-07-12 00:35:21,169] {dagbag.py:508} INFO - Filling up the DagBag from /home/airflow/.local/lib/python3.7/site-packages/airflow/example_dags/example_bash_operator.py
[2023-07-12 00:35:21,227] {processor.py:651} INFO - DAG(s) dict_keys(['example_bash_operator']) retrieved from /home/airflow/.local/lib/python3.7/site-packages/airflow/example_dags/example_bash_operator.py
[2023-07-12 00:35:21,435] {logging_mixin.py:115} INFO - [2023-07-12 00:35:21,434] {dag.py:2420} INFO - Sync 1 DAGs
[2023-07-12 00:35:21,781] {logging_mixin.py:115} INFO - [2023-07-12 00:35:21,781] {dag.py:2972} INFO - Setting next_dagrun for example_bash_operator to 2023-07-11T00:00:00+00:00, run_after=2023-07-12T00:00:00+00:00
[2023-07-12 00:35:21,827] {processor.py:161} INFO - Processing /home/airflow/.local/lib/python3.7/site-packages/airflow/example_dags/example_bash_operator.py took 0.687 seconds
