[2023-07-12 00:20:51,188] {processor.py:153} INFO - Started process (PID=68) to work on /home/airflow/.local/lib/python3.7/site-packages/airflow/example_dags/example_branch_labels.py
[2023-07-12 00:20:51,190] {processor.py:641} INFO - Processing file /home/airflow/.local/lib/python3.7/site-packages/airflow/example_dags/example_branch_labels.py for tasks to queue
[2023-07-12 00:20:51,197] {logging_mixin.py:115} INFO - [2023-07-12 00:20:51,197] {dagbag.py:508} INFO - Filling up the DagBag from /home/airflow/.local/lib/python3.7/site-packages/airflow/example_dags/example_branch_labels.py
[2023-07-12 00:20:51,309] {processor.py:651} INFO - DAG(s) dict_keys(['example_branch_labels']) retrieved from /home/airflow/.local/lib/python3.7/site-packages/airflow/example_dags/example_branch_labels.py
[2023-07-12 00:20:51,620] {logging_mixin.py:115} INFO - [2023-07-12 00:20:51,620] {dag.py:2420} INFO - Sync 1 DAGs
[2023-07-12 00:20:53,083] {logging_mixin.py:115} INFO - [2023-07-12 00:20:53,083] {dag.py:2972} INFO - Setting next_dagrun for example_branch_labels to 2023-07-11T00:00:00+00:00, run_after=2023-07-12T00:00:00+00:00
[2023-07-12 00:20:53,150] {processor.py:161} INFO - Processing /home/airflow/.local/lib/python3.7/site-packages/airflow/example_dags/example_branch_labels.py took 2.007 seconds
[2023-07-12 00:21:23,933] {processor.py:153} INFO - Started process (PID=120) to work on /home/airflow/.local/lib/python3.7/site-packages/airflow/example_dags/example_branch_labels.py
[2023-07-12 00:21:23,946] {processor.py:641} INFO - Processing file /home/airflow/.local/lib/python3.7/site-packages/airflow/example_dags/example_branch_labels.py for tasks to queue
[2023-07-12 00:21:23,948] {logging_mixin.py:115} INFO - [2023-07-12 00:21:23,947] {dagbag.py:508} INFO - Filling up the DagBag from /home/airflow/.local/lib/python3.7/site-packages/airflow/example_dags/example_branch_labels.py
[2023-07-12 00:21:24,027] {processor.py:651} INFO - DAG(s) dict_keys(['example_branch_labels']) retrieved from /home/airflow/.local/lib/python3.7/site-packages/airflow/example_dags/example_branch_labels.py
[2023-07-12 00:21:24,200] {logging_mixin.py:115} INFO - [2023-07-12 00:21:24,200] {dag.py:2420} INFO - Sync 1 DAGs
[2023-07-12 00:21:24,714] {logging_mixin.py:115} INFO - [2023-07-12 00:21:24,713] {dag.py:2972} INFO - Setting next_dagrun for example_branch_labels to 2023-07-11T00:00:00+00:00, run_after=2023-07-12T00:00:00+00:00
[2023-07-12 00:21:24,760] {processor.py:161} INFO - Processing /home/airflow/.local/lib/python3.7/site-packages/airflow/example_dags/example_branch_labels.py took 0.859 seconds
[2023-07-12 00:21:54,941] {processor.py:153} INFO - Started process (PID=172) to work on /home/airflow/.local/lib/python3.7/site-packages/airflow/example_dags/example_branch_labels.py
[2023-07-12 00:21:54,953] {processor.py:641} INFO - Processing file /home/airflow/.local/lib/python3.7/site-packages/airflow/example_dags/example_branch_labels.py for tasks to queue
[2023-07-12 00:21:54,954] {logging_mixin.py:115} INFO - [2023-07-12 00:21:54,954] {dagbag.py:508} INFO - Filling up the DagBag from /home/airflow/.local/lib/python3.7/site-packages/airflow/example_dags/example_branch_labels.py
[2023-07-12 00:21:55,023] {processor.py:651} INFO - DAG(s) dict_keys(['example_branch_labels']) retrieved from /home/airflow/.local/lib/python3.7/site-packages/airflow/example_dags/example_branch_labels.py
[2023-07-12 00:21:55,113] {logging_mixin.py:115} INFO - [2023-07-12 00:21:55,113] {dag.py:2420} INFO - Sync 1 DAGs
[2023-07-12 00:21:55,714] {logging_mixin.py:115} INFO - [2023-07-12 00:21:55,713] {dag.py:2972} INFO - Setting next_dagrun for example_branch_labels to 2023-07-11T00:00:00+00:00, run_after=2023-07-12T00:00:00+00:00
[2023-07-12 00:21:55,780] {processor.py:161} INFO - Processing /home/airflow/.local/lib/python3.7/site-packages/airflow/example_dags/example_branch_labels.py took 0.852 seconds
[2023-07-12 00:22:25,898] {processor.py:153} INFO - Started process (PID=223) to work on /home/airflow/.local/lib/python3.7/site-packages/airflow/example_dags/example_branch_labels.py
[2023-07-12 00:22:25,902] {processor.py:641} INFO - Processing file /home/airflow/.local/lib/python3.7/site-packages/airflow/example_dags/example_branch_labels.py for tasks to queue
[2023-07-12 00:22:25,903] {logging_mixin.py:115} INFO - [2023-07-12 00:22:25,903] {dagbag.py:508} INFO - Filling up the DagBag from /home/airflow/.local/lib/python3.7/site-packages/airflow/example_dags/example_branch_labels.py
[2023-07-12 00:22:25,930] {processor.py:651} INFO - DAG(s) dict_keys(['example_branch_labels']) retrieved from /home/airflow/.local/lib/python3.7/site-packages/airflow/example_dags/example_branch_labels.py
[2023-07-12 00:22:25,993] {logging_mixin.py:115} INFO - [2023-07-12 00:22:25,993] {dag.py:2420} INFO - Sync 1 DAGs
[2023-07-12 00:22:26,350] {logging_mixin.py:115} INFO - [2023-07-12 00:22:26,349] {dag.py:2972} INFO - Setting next_dagrun for example_branch_labels to 2023-07-11T00:00:00+00:00, run_after=2023-07-12T00:00:00+00:00
[2023-07-12 00:22:26,420] {processor.py:161} INFO - Processing /home/airflow/.local/lib/python3.7/site-packages/airflow/example_dags/example_branch_labels.py took 0.541 seconds
[2023-07-12 00:22:56,553] {processor.py:153} INFO - Started process (PID=275) to work on /home/airflow/.local/lib/python3.7/site-packages/airflow/example_dags/example_branch_labels.py
[2023-07-12 00:22:56,554] {processor.py:641} INFO - Processing file /home/airflow/.local/lib/python3.7/site-packages/airflow/example_dags/example_branch_labels.py for tasks to queue
[2023-07-12 00:22:56,555] {logging_mixin.py:115} INFO - [2023-07-12 00:22:56,555] {dagbag.py:508} INFO - Filling up the DagBag from /home/airflow/.local/lib/python3.7/site-packages/airflow/example_dags/example_branch_labels.py
[2023-07-12 00:22:56,580] {processor.py:651} INFO - DAG(s) dict_keys(['example_branch_labels']) retrieved from /home/airflow/.local/lib/python3.7/site-packages/airflow/example_dags/example_branch_labels.py
[2023-07-12 00:22:56,687] {logging_mixin.py:115} INFO - [2023-07-12 00:22:56,686] {dag.py:2420} INFO - Sync 1 DAGs
[2023-07-12 00:22:57,214] {logging_mixin.py:115} INFO - [2023-07-12 00:22:57,214] {dag.py:2972} INFO - Setting next_dagrun for example_branch_labels to 2023-07-11T00:00:00+00:00, run_after=2023-07-12T00:00:00+00:00
[2023-07-12 00:22:57,260] {processor.py:161} INFO - Processing /home/airflow/.local/lib/python3.7/site-packages/airflow/example_dags/example_branch_labels.py took 0.717 seconds
[2023-07-12 00:23:27,729] {processor.py:153} INFO - Started process (PID=327) to work on /home/airflow/.local/lib/python3.7/site-packages/airflow/example_dags/example_branch_labels.py
[2023-07-12 00:23:27,731] {processor.py:641} INFO - Processing file /home/airflow/.local/lib/python3.7/site-packages/airflow/example_dags/example_branch_labels.py for tasks to queue
[2023-07-12 00:23:27,735] {logging_mixin.py:115} INFO - [2023-07-12 00:23:27,733] {dagbag.py:508} INFO - Filling up the DagBag from /home/airflow/.local/lib/python3.7/site-packages/airflow/example_dags/example_branch_labels.py
[2023-07-12 00:23:27,756] {processor.py:651} INFO - DAG(s) dict_keys(['example_branch_labels']) retrieved from /home/airflow/.local/lib/python3.7/site-packages/airflow/example_dags/example_branch_labels.py
[2023-07-12 00:23:27,824] {logging_mixin.py:115} INFO - [2023-07-12 00:23:27,824] {dag.py:2420} INFO - Sync 1 DAGs
[2023-07-12 00:23:28,252] {logging_mixin.py:115} INFO - [2023-07-12 00:23:28,250] {dag.py:2972} INFO - Setting next_dagrun for example_branch_labels to 2023-07-11T00:00:00+00:00, run_after=2023-07-12T00:00:00+00:00
[2023-07-12 00:23:28,298] {processor.py:161} INFO - Processing /home/airflow/.local/lib/python3.7/site-packages/airflow/example_dags/example_branch_labels.py took 0.580 seconds
[2023-07-12 00:23:58,590] {processor.py:153} INFO - Started process (PID=379) to work on /home/airflow/.local/lib/python3.7/site-packages/airflow/example_dags/example_branch_labels.py
[2023-07-12 00:23:58,591] {processor.py:641} INFO - Processing file /home/airflow/.local/lib/python3.7/site-packages/airflow/example_dags/example_branch_labels.py for tasks to queue
[2023-07-12 00:23:58,595] {logging_mixin.py:115} INFO - [2023-07-12 00:23:58,595] {dagbag.py:508} INFO - Filling up the DagBag from /home/airflow/.local/lib/python3.7/site-packages/airflow/example_dags/example_branch_labels.py
[2023-07-12 00:23:58,626] {processor.py:651} INFO - DAG(s) dict_keys(['example_branch_labels']) retrieved from /home/airflow/.local/lib/python3.7/site-packages/airflow/example_dags/example_branch_labels.py
[2023-07-12 00:23:58,853] {logging_mixin.py:115} INFO - [2023-07-12 00:23:58,853] {dag.py:2420} INFO - Sync 1 DAGs
[2023-07-12 00:23:59,322] {logging_mixin.py:115} INFO - [2023-07-12 00:23:59,322] {dag.py:2972} INFO - Setting next_dagrun for example_branch_labels to 2023-07-11T00:00:00+00:00, run_after=2023-07-12T00:00:00+00:00
[2023-07-12 00:23:59,385] {processor.py:161} INFO - Processing /home/airflow/.local/lib/python3.7/site-packages/airflow/example_dags/example_branch_labels.py took 0.822 seconds
[2023-07-12 00:24:29,737] {processor.py:153} INFO - Started process (PID=431) to work on /home/airflow/.local/lib/python3.7/site-packages/airflow/example_dags/example_branch_labels.py
[2023-07-12 00:24:29,744] {processor.py:641} INFO - Processing file /home/airflow/.local/lib/python3.7/site-packages/airflow/example_dags/example_branch_labels.py for tasks to queue
[2023-07-12 00:24:29,745] {logging_mixin.py:115} INFO - [2023-07-12 00:24:29,745] {dagbag.py:508} INFO - Filling up the DagBag from /home/airflow/.local/lib/python3.7/site-packages/airflow/example_dags/example_branch_labels.py
[2023-07-12 00:24:29,795] {processor.py:651} INFO - DAG(s) dict_keys(['example_branch_labels']) retrieved from /home/airflow/.local/lib/python3.7/site-packages/airflow/example_dags/example_branch_labels.py
[2023-07-12 00:24:29,896] {logging_mixin.py:115} INFO - [2023-07-12 00:24:29,896] {dag.py:2420} INFO - Sync 1 DAGs
[2023-07-12 00:24:30,410] {logging_mixin.py:115} INFO - [2023-07-12 00:24:30,410] {dag.py:2972} INFO - Setting next_dagrun for example_branch_labels to 2023-07-11T00:00:00+00:00, run_after=2023-07-12T00:00:00+00:00
[2023-07-12 00:24:30,508] {processor.py:161} INFO - Processing /home/airflow/.local/lib/python3.7/site-packages/airflow/example_dags/example_branch_labels.py took 0.779 seconds
[2023-07-12 00:25:01,273] {processor.py:153} INFO - Started process (PID=492) to work on /home/airflow/.local/lib/python3.7/site-packages/airflow/example_dags/example_branch_labels.py
[2023-07-12 00:25:01,274] {processor.py:641} INFO - Processing file /home/airflow/.local/lib/python3.7/site-packages/airflow/example_dags/example_branch_labels.py for tasks to queue
[2023-07-12 00:25:01,275] {logging_mixin.py:115} INFO - [2023-07-12 00:25:01,275] {dagbag.py:508} INFO - Filling up the DagBag from /home/airflow/.local/lib/python3.7/site-packages/airflow/example_dags/example_branch_labels.py
[2023-07-12 00:25:01,289] {processor.py:651} INFO - DAG(s) dict_keys(['example_branch_labels']) retrieved from /home/airflow/.local/lib/python3.7/site-packages/airflow/example_dags/example_branch_labels.py
[2023-07-12 00:25:01,369] {logging_mixin.py:115} INFO - [2023-07-12 00:25:01,369] {dag.py:2420} INFO - Sync 1 DAGs
[2023-07-12 00:25:01,715] {logging_mixin.py:115} INFO - [2023-07-12 00:25:01,715] {dag.py:2972} INFO - Setting next_dagrun for example_branch_labels to 2023-07-11T00:00:00+00:00, run_after=2023-07-12T00:00:00+00:00
[2023-07-12 00:25:01,756] {processor.py:161} INFO - Processing /home/airflow/.local/lib/python3.7/site-packages/airflow/example_dags/example_branch_labels.py took 0.492 seconds
[2023-07-12 00:25:31,877] {processor.py:153} INFO - Started process (PID=544) to work on /home/airflow/.local/lib/python3.7/site-packages/airflow/example_dags/example_branch_labels.py
[2023-07-12 00:25:31,878] {processor.py:641} INFO - Processing file /home/airflow/.local/lib/python3.7/site-packages/airflow/example_dags/example_branch_labels.py for tasks to queue
[2023-07-12 00:25:31,879] {logging_mixin.py:115} INFO - [2023-07-12 00:25:31,879] {dagbag.py:508} INFO - Filling up the DagBag from /home/airflow/.local/lib/python3.7/site-packages/airflow/example_dags/example_branch_labels.py
[2023-07-12 00:25:31,891] {processor.py:651} INFO - DAG(s) dict_keys(['example_branch_labels']) retrieved from /home/airflow/.local/lib/python3.7/site-packages/airflow/example_dags/example_branch_labels.py
[2023-07-12 00:25:31,928] {logging_mixin.py:115} INFO - [2023-07-12 00:25:31,928] {dag.py:2420} INFO - Sync 1 DAGs
[2023-07-12 00:25:32,143] {logging_mixin.py:115} INFO - [2023-07-12 00:25:32,143] {dag.py:2972} INFO - Setting next_dagrun for example_branch_labels to 2023-07-11T00:00:00+00:00, run_after=2023-07-12T00:00:00+00:00
[2023-07-12 00:25:32,158] {processor.py:161} INFO - Processing /home/airflow/.local/lib/python3.7/site-packages/airflow/example_dags/example_branch_labels.py took 0.284 seconds
[2023-07-12 00:26:02,880] {processor.py:153} INFO - Started process (PID=596) to work on /home/airflow/.local/lib/python3.7/site-packages/airflow/example_dags/example_branch_labels.py
[2023-07-12 00:26:02,881] {processor.py:641} INFO - Processing file /home/airflow/.local/lib/python3.7/site-packages/airflow/example_dags/example_branch_labels.py for tasks to queue
[2023-07-12 00:26:02,882] {logging_mixin.py:115} INFO - [2023-07-12 00:26:02,882] {dagbag.py:508} INFO - Filling up the DagBag from /home/airflow/.local/lib/python3.7/site-packages/airflow/example_dags/example_branch_labels.py
[2023-07-12 00:26:02,894] {processor.py:651} INFO - DAG(s) dict_keys(['example_branch_labels']) retrieved from /home/airflow/.local/lib/python3.7/site-packages/airflow/example_dags/example_branch_labels.py
[2023-07-12 00:26:02,939] {logging_mixin.py:115} INFO - [2023-07-12 00:26:02,939] {dag.py:2420} INFO - Sync 1 DAGs
[2023-07-12 00:26:03,162] {logging_mixin.py:115} INFO - [2023-07-12 00:26:03,161] {dag.py:2972} INFO - Setting next_dagrun for example_branch_labels to 2023-07-11T00:00:00+00:00, run_after=2023-07-12T00:00:00+00:00
[2023-07-12 00:26:03,174] {processor.py:161} INFO - Processing /home/airflow/.local/lib/python3.7/site-packages/airflow/example_dags/example_branch_labels.py took 0.300 seconds
[2023-07-12 00:26:33,387] {processor.py:153} INFO - Started process (PID=649) to work on /home/airflow/.local/lib/python3.7/site-packages/airflow/example_dags/example_branch_labels.py
[2023-07-12 00:26:33,387] {processor.py:641} INFO - Processing file /home/airflow/.local/lib/python3.7/site-packages/airflow/example_dags/example_branch_labels.py for tasks to queue
[2023-07-12 00:26:33,388] {logging_mixin.py:115} INFO - [2023-07-12 00:26:33,388] {dagbag.py:508} INFO - Filling up the DagBag from /home/airflow/.local/lib/python3.7/site-packages/airflow/example_dags/example_branch_labels.py
[2023-07-12 00:26:33,402] {processor.py:651} INFO - DAG(s) dict_keys(['example_branch_labels']) retrieved from /home/airflow/.local/lib/python3.7/site-packages/airflow/example_dags/example_branch_labels.py
[2023-07-12 00:26:33,456] {logging_mixin.py:115} INFO - [2023-07-12 00:26:33,455] {dag.py:2420} INFO - Sync 1 DAGs
[2023-07-12 00:26:33,792] {logging_mixin.py:115} INFO - [2023-07-12 00:26:33,792] {dag.py:2972} INFO - Setting next_dagrun for example_branch_labels to 2023-07-11T00:00:00+00:00, run_after=2023-07-12T00:00:00+00:00
[2023-07-12 00:26:33,833] {processor.py:161} INFO - Processing /home/airflow/.local/lib/python3.7/site-packages/airflow/example_dags/example_branch_labels.py took 0.451 seconds
[2023-07-12 00:27:04,089] {processor.py:153} INFO - Started process (PID=709) to work on /home/airflow/.local/lib/python3.7/site-packages/airflow/example_dags/example_branch_labels.py
[2023-07-12 00:27:04,090] {processor.py:641} INFO - Processing file /home/airflow/.local/lib/python3.7/site-packages/airflow/example_dags/example_branch_labels.py for tasks to queue
[2023-07-12 00:27:04,091] {logging_mixin.py:115} INFO - [2023-07-12 00:27:04,091] {dagbag.py:508} INFO - Filling up the DagBag from /home/airflow/.local/lib/python3.7/site-packages/airflow/example_dags/example_branch_labels.py
[2023-07-12 00:27:04,100] {processor.py:651} INFO - DAG(s) dict_keys(['example_branch_labels']) retrieved from /home/airflow/.local/lib/python3.7/site-packages/airflow/example_dags/example_branch_labels.py
[2023-07-12 00:27:04,136] {logging_mixin.py:115} INFO - [2023-07-12 00:27:04,136] {dag.py:2420} INFO - Sync 1 DAGs
[2023-07-12 00:27:04,334] {logging_mixin.py:115} INFO - [2023-07-12 00:27:04,334] {dag.py:2972} INFO - Setting next_dagrun for example_branch_labels to 2023-07-11T00:00:00+00:00, run_after=2023-07-12T00:00:00+00:00
[2023-07-12 00:27:04,349] {processor.py:161} INFO - Processing /home/airflow/.local/lib/python3.7/site-packages/airflow/example_dags/example_branch_labels.py took 0.265 seconds
[2023-07-12 00:27:35,339] {processor.py:153} INFO - Started process (PID=762) to work on /home/airflow/.local/lib/python3.7/site-packages/airflow/example_dags/example_branch_labels.py
[2023-07-12 00:27:35,340] {processor.py:641} INFO - Processing file /home/airflow/.local/lib/python3.7/site-packages/airflow/example_dags/example_branch_labels.py for tasks to queue
[2023-07-12 00:27:35,341] {logging_mixin.py:115} INFO - [2023-07-12 00:27:35,341] {dagbag.py:508} INFO - Filling up the DagBag from /home/airflow/.local/lib/python3.7/site-packages/airflow/example_dags/example_branch_labels.py
[2023-07-12 00:27:35,353] {processor.py:651} INFO - DAG(s) dict_keys(['example_branch_labels']) retrieved from /home/airflow/.local/lib/python3.7/site-packages/airflow/example_dags/example_branch_labels.py
[2023-07-12 00:27:35,395] {logging_mixin.py:115} INFO - [2023-07-12 00:27:35,395] {dag.py:2420} INFO - Sync 1 DAGs
[2023-07-12 00:27:35,647] {logging_mixin.py:115} INFO - [2023-07-12 00:27:35,647] {dag.py:2972} INFO - Setting next_dagrun for example_branch_labels to 2023-07-11T00:00:00+00:00, run_after=2023-07-12T00:00:00+00:00
[2023-07-12 00:27:35,682] {processor.py:161} INFO - Processing /home/airflow/.local/lib/python3.7/site-packages/airflow/example_dags/example_branch_labels.py took 0.348 seconds
[2023-07-12 00:28:06,321] {processor.py:153} INFO - Started process (PID=814) to work on /home/airflow/.local/lib/python3.7/site-packages/airflow/example_dags/example_branch_labels.py
[2023-07-12 00:28:06,322] {processor.py:641} INFO - Processing file /home/airflow/.local/lib/python3.7/site-packages/airflow/example_dags/example_branch_labels.py for tasks to queue
[2023-07-12 00:28:06,323] {logging_mixin.py:115} INFO - [2023-07-12 00:28:06,323] {dagbag.py:508} INFO - Filling up the DagBag from /home/airflow/.local/lib/python3.7/site-packages/airflow/example_dags/example_branch_labels.py
[2023-07-12 00:28:06,335] {processor.py:651} INFO - DAG(s) dict_keys(['example_branch_labels']) retrieved from /home/airflow/.local/lib/python3.7/site-packages/airflow/example_dags/example_branch_labels.py
[2023-07-12 00:28:06,405] {logging_mixin.py:115} INFO - [2023-07-12 00:28:06,405] {dag.py:2420} INFO - Sync 1 DAGs
[2023-07-12 00:28:06,632] {logging_mixin.py:115} INFO - [2023-07-12 00:28:06,632] {dag.py:2972} INFO - Setting next_dagrun for example_branch_labels to 2023-07-11T00:00:00+00:00, run_after=2023-07-12T00:00:00+00:00
[2023-07-12 00:28:06,649] {processor.py:161} INFO - Processing /home/airflow/.local/lib/python3.7/site-packages/airflow/example_dags/example_branch_labels.py took 0.331 seconds
[2023-07-12 00:28:36,918] {processor.py:153} INFO - Started process (PID=875) to work on /home/airflow/.local/lib/python3.7/site-packages/airflow/example_dags/example_branch_labels.py
[2023-07-12 00:28:36,919] {processor.py:641} INFO - Processing file /home/airflow/.local/lib/python3.7/site-packages/airflow/example_dags/example_branch_labels.py for tasks to queue
[2023-07-12 00:28:36,920] {logging_mixin.py:115} INFO - [2023-07-12 00:28:36,919] {dagbag.py:508} INFO - Filling up the DagBag from /home/airflow/.local/lib/python3.7/site-packages/airflow/example_dags/example_branch_labels.py
[2023-07-12 00:28:36,928] {processor.py:651} INFO - DAG(s) dict_keys(['example_branch_labels']) retrieved from /home/airflow/.local/lib/python3.7/site-packages/airflow/example_dags/example_branch_labels.py
[2023-07-12 00:28:36,970] {logging_mixin.py:115} INFO - [2023-07-12 00:28:36,970] {dag.py:2420} INFO - Sync 1 DAGs
[2023-07-12 00:28:37,169] {logging_mixin.py:115} INFO - [2023-07-12 00:28:37,169] {dag.py:2972} INFO - Setting next_dagrun for example_branch_labels to 2023-07-11T00:00:00+00:00, run_after=2023-07-12T00:00:00+00:00
[2023-07-12 00:28:37,183] {processor.py:161} INFO - Processing /home/airflow/.local/lib/python3.7/site-packages/airflow/example_dags/example_branch_labels.py took 0.269 seconds
[2023-07-12 00:29:07,895] {processor.py:153} INFO - Started process (PID=926) to work on /home/airflow/.local/lib/python3.7/site-packages/airflow/example_dags/example_branch_labels.py
[2023-07-12 00:29:07,896] {processor.py:641} INFO - Processing file /home/airflow/.local/lib/python3.7/site-packages/airflow/example_dags/example_branch_labels.py for tasks to queue
[2023-07-12 00:29:07,897] {logging_mixin.py:115} INFO - [2023-07-12 00:29:07,897] {dagbag.py:508} INFO - Filling up the DagBag from /home/airflow/.local/lib/python3.7/site-packages/airflow/example_dags/example_branch_labels.py
[2023-07-12 00:29:07,927] {processor.py:651} INFO - DAG(s) dict_keys(['example_branch_labels']) retrieved from /home/airflow/.local/lib/python3.7/site-packages/airflow/example_dags/example_branch_labels.py
[2023-07-12 00:29:08,002] {logging_mixin.py:115} INFO - [2023-07-12 00:29:08,002] {dag.py:2420} INFO - Sync 1 DAGs
[2023-07-12 00:29:08,312] {logging_mixin.py:115} INFO - [2023-07-12 00:29:08,312] {dag.py:2972} INFO - Setting next_dagrun for example_branch_labels to 2023-07-11T00:00:00+00:00, run_after=2023-07-12T00:00:00+00:00
[2023-07-12 00:29:08,357] {processor.py:161} INFO - Processing /home/airflow/.local/lib/python3.7/site-packages/airflow/example_dags/example_branch_labels.py took 0.469 seconds
[2023-07-12 00:30:37,287] {processor.py:153} INFO - Started process (PID=61) to work on /home/airflow/.local/lib/python3.7/site-packages/airflow/example_dags/example_branch_labels.py
[2023-07-12 00:30:37,288] {processor.py:641} INFO - Processing file /home/airflow/.local/lib/python3.7/site-packages/airflow/example_dags/example_branch_labels.py for tasks to queue
[2023-07-12 00:30:37,289] {logging_mixin.py:115} INFO - [2023-07-12 00:30:37,289] {dagbag.py:508} INFO - Filling up the DagBag from /home/airflow/.local/lib/python3.7/site-packages/airflow/example_dags/example_branch_labels.py
[2023-07-12 00:30:37,304] {processor.py:651} INFO - DAG(s) dict_keys(['example_branch_labels']) retrieved from /home/airflow/.local/lib/python3.7/site-packages/airflow/example_dags/example_branch_labels.py
[2023-07-12 00:30:37,372] {logging_mixin.py:115} INFO - [2023-07-12 00:30:37,372] {dag.py:2420} INFO - Sync 1 DAGs
[2023-07-12 00:30:37,650] {logging_mixin.py:115} INFO - [2023-07-12 00:30:37,650] {dag.py:2972} INFO - Setting next_dagrun for example_branch_labels to 2023-07-11T00:00:00+00:00, run_after=2023-07-12T00:00:00+00:00
[2023-07-12 00:30:37,680] {processor.py:161} INFO - Processing /home/airflow/.local/lib/python3.7/site-packages/airflow/example_dags/example_branch_labels.py took 0.407 seconds
[2023-07-12 00:31:07,754] {processor.py:153} INFO - Started process (PID=114) to work on /home/airflow/.local/lib/python3.7/site-packages/airflow/example_dags/example_branch_labels.py
[2023-07-12 00:31:07,755] {processor.py:641} INFO - Processing file /home/airflow/.local/lib/python3.7/site-packages/airflow/example_dags/example_branch_labels.py for tasks to queue
[2023-07-12 00:31:07,755] {logging_mixin.py:115} INFO - [2023-07-12 00:31:07,755] {dagbag.py:508} INFO - Filling up the DagBag from /home/airflow/.local/lib/python3.7/site-packages/airflow/example_dags/example_branch_labels.py
[2023-07-12 00:31:07,765] {processor.py:651} INFO - DAG(s) dict_keys(['example_branch_labels']) retrieved from /home/airflow/.local/lib/python3.7/site-packages/airflow/example_dags/example_branch_labels.py
[2023-07-12 00:31:07,798] {logging_mixin.py:115} INFO - [2023-07-12 00:31:07,798] {dag.py:2420} INFO - Sync 1 DAGs
[2023-07-12 00:31:08,106] {logging_mixin.py:115} INFO - [2023-07-12 00:31:08,106] {dag.py:2972} INFO - Setting next_dagrun for example_branch_labels to 2023-07-11T00:00:00+00:00, run_after=2023-07-12T00:00:00+00:00
[2023-07-12 00:31:08,149] {processor.py:161} INFO - Processing /home/airflow/.local/lib/python3.7/site-packages/airflow/example_dags/example_branch_labels.py took 0.398 seconds
[2023-07-12 00:31:38,854] {processor.py:153} INFO - Started process (PID=175) to work on /home/airflow/.local/lib/python3.7/site-packages/airflow/example_dags/example_branch_labels.py
[2023-07-12 00:31:38,856] {processor.py:641} INFO - Processing file /home/airflow/.local/lib/python3.7/site-packages/airflow/example_dags/example_branch_labels.py for tasks to queue
[2023-07-12 00:31:38,859] {logging_mixin.py:115} INFO - [2023-07-12 00:31:38,859] {dagbag.py:508} INFO - Filling up the DagBag from /home/airflow/.local/lib/python3.7/site-packages/airflow/example_dags/example_branch_labels.py
[2023-07-12 00:31:38,872] {processor.py:651} INFO - DAG(s) dict_keys(['example_branch_labels']) retrieved from /home/airflow/.local/lib/python3.7/site-packages/airflow/example_dags/example_branch_labels.py
[2023-07-12 00:31:38,930] {logging_mixin.py:115} INFO - [2023-07-12 00:31:38,930] {dag.py:2420} INFO - Sync 1 DAGs
[2023-07-12 00:31:39,153] {logging_mixin.py:115} INFO - [2023-07-12 00:31:39,153] {dag.py:2972} INFO - Setting next_dagrun for example_branch_labels to 2023-07-11T00:00:00+00:00, run_after=2023-07-12T00:00:00+00:00
[2023-07-12 00:31:39,166] {processor.py:161} INFO - Processing /home/airflow/.local/lib/python3.7/site-packages/airflow/example_dags/example_branch_labels.py took 0.330 seconds
[2023-07-12 00:32:09,346] {processor.py:153} INFO - Started process (PID=227) to work on /home/airflow/.local/lib/python3.7/site-packages/airflow/example_dags/example_branch_labels.py
[2023-07-12 00:32:09,347] {processor.py:641} INFO - Processing file /home/airflow/.local/lib/python3.7/site-packages/airflow/example_dags/example_branch_labels.py for tasks to queue
[2023-07-12 00:32:09,347] {logging_mixin.py:115} INFO - [2023-07-12 00:32:09,347] {dagbag.py:508} INFO - Filling up the DagBag from /home/airflow/.local/lib/python3.7/site-packages/airflow/example_dags/example_branch_labels.py
[2023-07-12 00:32:09,360] {processor.py:651} INFO - DAG(s) dict_keys(['example_branch_labels']) retrieved from /home/airflow/.local/lib/python3.7/site-packages/airflow/example_dags/example_branch_labels.py
[2023-07-12 00:32:09,405] {logging_mixin.py:115} INFO - [2023-07-12 00:32:09,405] {dag.py:2420} INFO - Sync 1 DAGs
[2023-07-12 00:32:09,720] {logging_mixin.py:115} INFO - [2023-07-12 00:32:09,720] {dag.py:2972} INFO - Setting next_dagrun for example_branch_labels to 2023-07-11T00:00:00+00:00, run_after=2023-07-12T00:00:00+00:00
[2023-07-12 00:32:09,747] {processor.py:161} INFO - Processing /home/airflow/.local/lib/python3.7/site-packages/airflow/example_dags/example_branch_labels.py took 0.407 seconds
[2023-07-12 00:32:41,251] {processor.py:153} INFO - Started process (PID=281) to work on /home/airflow/.local/lib/python3.7/site-packages/airflow/example_dags/example_branch_labels.py
[2023-07-12 00:32:41,252] {processor.py:641} INFO - Processing file /home/airflow/.local/lib/python3.7/site-packages/airflow/example_dags/example_branch_labels.py for tasks to queue
[2023-07-12 00:32:41,253] {logging_mixin.py:115} INFO - [2023-07-12 00:32:41,253] {dagbag.py:508} INFO - Filling up the DagBag from /home/airflow/.local/lib/python3.7/site-packages/airflow/example_dags/example_branch_labels.py
[2023-07-12 00:32:41,262] {processor.py:651} INFO - DAG(s) dict_keys(['example_branch_labels']) retrieved from /home/airflow/.local/lib/python3.7/site-packages/airflow/example_dags/example_branch_labels.py
[2023-07-12 00:32:41,300] {logging_mixin.py:115} INFO - [2023-07-12 00:32:41,300] {dag.py:2420} INFO - Sync 1 DAGs
[2023-07-12 00:32:41,528] {logging_mixin.py:115} INFO - [2023-07-12 00:32:41,528] {dag.py:2972} INFO - Setting next_dagrun for example_branch_labels to 2023-07-11T00:00:00+00:00, run_after=2023-07-12T00:00:00+00:00
[2023-07-12 00:32:41,548] {processor.py:161} INFO - Processing /home/airflow/.local/lib/python3.7/site-packages/airflow/example_dags/example_branch_labels.py took 0.301 seconds
[2023-07-12 00:33:24,058] {processor.py:153} INFO - Started process (PID=391) to work on /home/airflow/.local/lib/python3.7/site-packages/airflow/example_dags/example_branch_labels.py
[2023-07-12 00:33:24,060] {processor.py:641} INFO - Processing file /home/airflow/.local/lib/python3.7/site-packages/airflow/example_dags/example_branch_labels.py for tasks to queue
[2023-07-12 00:33:24,061] {logging_mixin.py:115} INFO - [2023-07-12 00:33:24,061] {dagbag.py:508} INFO - Filling up the DagBag from /home/airflow/.local/lib/python3.7/site-packages/airflow/example_dags/example_branch_labels.py
[2023-07-12 00:33:24,082] {processor.py:651} INFO - DAG(s) dict_keys(['example_branch_labels']) retrieved from /home/airflow/.local/lib/python3.7/site-packages/airflow/example_dags/example_branch_labels.py
[2023-07-12 00:33:24,157] {logging_mixin.py:115} INFO - [2023-07-12 00:33:24,157] {dag.py:2420} INFO - Sync 1 DAGs
[2023-07-12 00:33:24,890] {logging_mixin.py:115} INFO - [2023-07-12 00:33:24,890] {dag.py:2972} INFO - Setting next_dagrun for example_branch_labels to 2023-07-11T00:00:00+00:00, run_after=2023-07-12T00:00:00+00:00
[2023-07-12 00:33:24,960] {processor.py:161} INFO - Processing /home/airflow/.local/lib/python3.7/site-packages/airflow/example_dags/example_branch_labels.py took 0.907 seconds
[2023-07-12 00:33:57,667] {processor.py:153} INFO - Started process (PID=465) to work on /home/airflow/.local/lib/python3.7/site-packages/airflow/example_dags/example_branch_labels.py
[2023-07-12 00:33:57,680] {processor.py:641} INFO - Processing file /home/airflow/.local/lib/python3.7/site-packages/airflow/example_dags/example_branch_labels.py for tasks to queue
[2023-07-12 00:33:57,681] {logging_mixin.py:115} INFO - [2023-07-12 00:33:57,681] {dagbag.py:508} INFO - Filling up the DagBag from /home/airflow/.local/lib/python3.7/site-packages/airflow/example_dags/example_branch_labels.py
[2023-07-12 00:33:57,694] {processor.py:651} INFO - DAG(s) dict_keys(['example_branch_labels']) retrieved from /home/airflow/.local/lib/python3.7/site-packages/airflow/example_dags/example_branch_labels.py
[2023-07-12 00:33:57,881] {logging_mixin.py:115} INFO - [2023-07-12 00:33:57,881] {dag.py:2420} INFO - Sync 1 DAGs
[2023-07-12 00:33:59,421] {logging_mixin.py:115} INFO - [2023-07-12 00:33:59,421] {dag.py:2972} INFO - Setting next_dagrun for example_branch_labels to 2023-07-11T00:00:00+00:00, run_after=2023-07-12T00:00:00+00:00
[2023-07-12 00:33:59,553] {processor.py:161} INFO - Processing /home/airflow/.local/lib/python3.7/site-packages/airflow/example_dags/example_branch_labels.py took 1.894 seconds
[2023-07-12 00:34:29,718] {processor.py:153} INFO - Started process (PID=535) to work on /home/airflow/.local/lib/python3.7/site-packages/airflow/example_dags/example_branch_labels.py
[2023-07-12 00:34:29,725] {processor.py:641} INFO - Processing file /home/airflow/.local/lib/python3.7/site-packages/airflow/example_dags/example_branch_labels.py for tasks to queue
[2023-07-12 00:34:29,726] {logging_mixin.py:115} INFO - [2023-07-12 00:34:29,726] {dagbag.py:508} INFO - Filling up the DagBag from /home/airflow/.local/lib/python3.7/site-packages/airflow/example_dags/example_branch_labels.py
[2023-07-12 00:34:29,755] {processor.py:651} INFO - DAG(s) dict_keys(['example_branch_labels']) retrieved from /home/airflow/.local/lib/python3.7/site-packages/airflow/example_dags/example_branch_labels.py
[2023-07-12 00:34:29,837] {logging_mixin.py:115} INFO - [2023-07-12 00:34:29,837] {dag.py:2420} INFO - Sync 1 DAGs
[2023-07-12 00:34:30,475] {logging_mixin.py:115} INFO - [2023-07-12 00:34:30,474] {dag.py:2972} INFO - Setting next_dagrun for example_branch_labels to 2023-07-11T00:00:00+00:00, run_after=2023-07-12T00:00:00+00:00
[2023-07-12 00:34:30,527] {processor.py:161} INFO - Processing /home/airflow/.local/lib/python3.7/site-packages/airflow/example_dags/example_branch_labels.py took 0.814 seconds
[2023-07-12 00:35:01,092] {processor.py:153} INFO - Started process (PID=588) to work on /home/airflow/.local/lib/python3.7/site-packages/airflow/example_dags/example_branch_labels.py
[2023-07-12 00:35:01,093] {processor.py:641} INFO - Processing file /home/airflow/.local/lib/python3.7/site-packages/airflow/example_dags/example_branch_labels.py for tasks to queue
[2023-07-12 00:35:01,094] {logging_mixin.py:115} INFO - [2023-07-12 00:35:01,094] {dagbag.py:508} INFO - Filling up the DagBag from /home/airflow/.local/lib/python3.7/site-packages/airflow/example_dags/example_branch_labels.py
[2023-07-12 00:35:01,114] {processor.py:651} INFO - DAG(s) dict_keys(['example_branch_labels']) retrieved from /home/airflow/.local/lib/python3.7/site-packages/airflow/example_dags/example_branch_labels.py
[2023-07-12 00:35:01,165] {logging_mixin.py:115} INFO - [2023-07-12 00:35:01,165] {dag.py:2420} INFO - Sync 1 DAGs
[2023-07-12 00:35:01,375] {logging_mixin.py:115} INFO - [2023-07-12 00:35:01,374] {dag.py:2972} INFO - Setting next_dagrun for example_branch_labels to 2023-07-11T00:00:00+00:00, run_after=2023-07-12T00:00:00+00:00
[2023-07-12 00:35:01,390] {processor.py:161} INFO - Processing /home/airflow/.local/lib/python3.7/site-packages/airflow/example_dags/example_branch_labels.py took 0.303 seconds
