[2023-07-12 00:20:57,844] {processor.py:153} INFO - Started process (PID=76) to work on /home/airflow/.local/lib/python3.7/site-packages/airflow/example_dags/example_task_group_decorator.py
[2023-07-12 00:20:57,845] {processor.py:641} INFO - Processing file /home/airflow/.local/lib/python3.7/site-packages/airflow/example_dags/example_task_group_decorator.py for tasks to queue
[2023-07-12 00:20:57,846] {logging_mixin.py:115} INFO - [2023-07-12 00:20:57,845] {dagbag.py:508} INFO - Filling up the DagBag from /home/airflow/.local/lib/python3.7/site-packages/airflow/example_dags/example_task_group_decorator.py
[2023-07-12 00:20:58,028] {processor.py:651} INFO - DAG(s) dict_keys(['example_task_group_decorator']) retrieved from /home/airflow/.local/lib/python3.7/site-packages/airflow/example_dags/example_task_group_decorator.py
[2023-07-12 00:20:59,134] {logging_mixin.py:115} INFO - [2023-07-12 00:20:59,133] {dag.py:2420} INFO - Sync 1 DAGs
[2023-07-12 00:20:59,217] {logging_mixin.py:115} INFO - [2023-07-12 00:20:59,217] {dag.py:2972} INFO - Setting next_dagrun for example_task_group_decorator to 2023-07-11T00:20:59.216726+00:00, run_after=2023-07-12T00:20:59.216726+00:00
[2023-07-12 00:20:59,277] {processor.py:161} INFO - Processing /home/airflow/.local/lib/python3.7/site-packages/airflow/example_dags/example_task_group_decorator.py took 1.448 seconds
[2023-07-12 00:21:29,865] {processor.py:153} INFO - Started process (PID=128) to work on /home/airflow/.local/lib/python3.7/site-packages/airflow/example_dags/example_task_group_decorator.py
[2023-07-12 00:21:29,869] {processor.py:641} INFO - Processing file /home/airflow/.local/lib/python3.7/site-packages/airflow/example_dags/example_task_group_decorator.py for tasks to queue
[2023-07-12 00:21:29,870] {logging_mixin.py:115} INFO - [2023-07-12 00:21:29,870] {dagbag.py:508} INFO - Filling up the DagBag from /home/airflow/.local/lib/python3.7/site-packages/airflow/example_dags/example_task_group_decorator.py
[2023-07-12 00:21:29,953] {processor.py:651} INFO - DAG(s) dict_keys(['example_task_group_decorator']) retrieved from /home/airflow/.local/lib/python3.7/site-packages/airflow/example_dags/example_task_group_decorator.py
[2023-07-12 00:21:30,359] {logging_mixin.py:115} INFO - [2023-07-12 00:21:30,359] {dag.py:2420} INFO - Sync 1 DAGs
[2023-07-12 00:21:30,393] {logging_mixin.py:115} INFO - [2023-07-12 00:21:30,393] {dag.py:2972} INFO - Setting next_dagrun for example_task_group_decorator to 2023-07-11T00:21:30.392932+00:00, run_after=2023-07-12T00:21:30.392932+00:00
[2023-07-12 00:21:30,421] {processor.py:161} INFO - Processing /home/airflow/.local/lib/python3.7/site-packages/airflow/example_dags/example_task_group_decorator.py took 0.562 seconds
[2023-07-12 00:22:00,543] {processor.py:153} INFO - Started process (PID=180) to work on /home/airflow/.local/lib/python3.7/site-packages/airflow/example_dags/example_task_group_decorator.py
[2023-07-12 00:22:00,544] {processor.py:641} INFO - Processing file /home/airflow/.local/lib/python3.7/site-packages/airflow/example_dags/example_task_group_decorator.py for tasks to queue
[2023-07-12 00:22:00,546] {logging_mixin.py:115} INFO - [2023-07-12 00:22:00,546] {dagbag.py:508} INFO - Filling up the DagBag from /home/airflow/.local/lib/python3.7/site-packages/airflow/example_dags/example_task_group_decorator.py
[2023-07-12 00:22:00,610] {processor.py:651} INFO - DAG(s) dict_keys(['example_task_group_decorator']) retrieved from /home/airflow/.local/lib/python3.7/site-packages/airflow/example_dags/example_task_group_decorator.py
[2023-07-12 00:22:00,964] {logging_mixin.py:115} INFO - [2023-07-12 00:22:00,963] {dag.py:2420} INFO - Sync 1 DAGs
[2023-07-12 00:22:01,005] {logging_mixin.py:115} INFO - [2023-07-12 00:22:01,005] {dag.py:2972} INFO - Setting next_dagrun for example_task_group_decorator to 2023-07-11T00:22:01.005362+00:00, run_after=2023-07-12T00:22:01.005362+00:00
[2023-07-12 00:22:01,035] {processor.py:161} INFO - Processing /home/airflow/.local/lib/python3.7/site-packages/airflow/example_dags/example_task_group_decorator.py took 0.498 seconds
[2023-07-12 00:22:32,450] {processor.py:153} INFO - Started process (PID=231) to work on /home/airflow/.local/lib/python3.7/site-packages/airflow/example_dags/example_task_group_decorator.py
[2023-07-12 00:22:32,451] {processor.py:641} INFO - Processing file /home/airflow/.local/lib/python3.7/site-packages/airflow/example_dags/example_task_group_decorator.py for tasks to queue
[2023-07-12 00:22:32,452] {logging_mixin.py:115} INFO - [2023-07-12 00:22:32,452] {dagbag.py:508} INFO - Filling up the DagBag from /home/airflow/.local/lib/python3.7/site-packages/airflow/example_dags/example_task_group_decorator.py
[2023-07-12 00:22:32,559] {processor.py:651} INFO - DAG(s) dict_keys(['example_task_group_decorator']) retrieved from /home/airflow/.local/lib/python3.7/site-packages/airflow/example_dags/example_task_group_decorator.py
[2023-07-12 00:22:33,474] {logging_mixin.py:115} INFO - [2023-07-12 00:22:33,474] {dag.py:2420} INFO - Sync 1 DAGs
[2023-07-12 00:22:33,612] {logging_mixin.py:115} INFO - [2023-07-12 00:22:33,611] {dag.py:2972} INFO - Setting next_dagrun for example_task_group_decorator to 2023-07-11T00:22:33.611349+00:00, run_after=2023-07-12T00:22:33.611349+00:00
[2023-07-12 00:22:33,715] {processor.py:161} INFO - Processing /home/airflow/.local/lib/python3.7/site-packages/airflow/example_dags/example_task_group_decorator.py took 1.273 seconds
[2023-07-12 00:23:04,461] {processor.py:153} INFO - Started process (PID=284) to work on /home/airflow/.local/lib/python3.7/site-packages/airflow/example_dags/example_task_group_decorator.py
[2023-07-12 00:23:04,474] {processor.py:641} INFO - Processing file /home/airflow/.local/lib/python3.7/site-packages/airflow/example_dags/example_task_group_decorator.py for tasks to queue
[2023-07-12 00:23:04,479] {logging_mixin.py:115} INFO - [2023-07-12 00:23:04,478] {dagbag.py:508} INFO - Filling up the DagBag from /home/airflow/.local/lib/python3.7/site-packages/airflow/example_dags/example_task_group_decorator.py
[2023-07-12 00:23:04,704] {processor.py:651} INFO - DAG(s) dict_keys(['example_task_group_decorator']) retrieved from /home/airflow/.local/lib/python3.7/site-packages/airflow/example_dags/example_task_group_decorator.py
[2023-07-12 00:23:05,408] {logging_mixin.py:115} INFO - [2023-07-12 00:23:05,407] {dag.py:2420} INFO - Sync 1 DAGs
[2023-07-12 00:23:05,493] {logging_mixin.py:115} INFO - [2023-07-12 00:23:05,493] {dag.py:2972} INFO - Setting next_dagrun for example_task_group_decorator to 2023-07-11T00:23:05.493029+00:00, run_after=2023-07-12T00:23:05.493029+00:00
[2023-07-12 00:23:05,555] {processor.py:161} INFO - Processing /home/airflow/.local/lib/python3.7/site-packages/airflow/example_dags/example_task_group_decorator.py took 1.121 seconds
[2023-07-12 00:23:35,776] {processor.py:153} INFO - Started process (PID=337) to work on /home/airflow/.local/lib/python3.7/site-packages/airflow/example_dags/example_task_group_decorator.py
[2023-07-12 00:23:35,777] {processor.py:641} INFO - Processing file /home/airflow/.local/lib/python3.7/site-packages/airflow/example_dags/example_task_group_decorator.py for tasks to queue
[2023-07-12 00:23:35,778] {logging_mixin.py:115} INFO - [2023-07-12 00:23:35,778] {dagbag.py:508} INFO - Filling up the DagBag from /home/airflow/.local/lib/python3.7/site-packages/airflow/example_dags/example_task_group_decorator.py
[2023-07-12 00:23:35,841] {processor.py:651} INFO - DAG(s) dict_keys(['example_task_group_decorator']) retrieved from /home/airflow/.local/lib/python3.7/site-packages/airflow/example_dags/example_task_group_decorator.py
[2023-07-12 00:23:36,288] {logging_mixin.py:115} INFO - [2023-07-12 00:23:36,288] {dag.py:2420} INFO - Sync 1 DAGs
[2023-07-12 00:23:36,324] {logging_mixin.py:115} INFO - [2023-07-12 00:23:36,324] {dag.py:2972} INFO - Setting next_dagrun for example_task_group_decorator to 2023-07-11T00:23:36.323631+00:00, run_after=2023-07-12T00:23:36.323631+00:00
[2023-07-12 00:23:36,373] {processor.py:161} INFO - Processing /home/airflow/.local/lib/python3.7/site-packages/airflow/example_dags/example_task_group_decorator.py took 0.596 seconds
[2023-07-12 00:24:07,295] {processor.py:153} INFO - Started process (PID=398) to work on /home/airflow/.local/lib/python3.7/site-packages/airflow/example_dags/example_task_group_decorator.py
[2023-07-12 00:24:07,299] {processor.py:641} INFO - Processing file /home/airflow/.local/lib/python3.7/site-packages/airflow/example_dags/example_task_group_decorator.py for tasks to queue
[2023-07-12 00:24:07,299] {logging_mixin.py:115} INFO - [2023-07-12 00:24:07,299] {dagbag.py:508} INFO - Filling up the DagBag from /home/airflow/.local/lib/python3.7/site-packages/airflow/example_dags/example_task_group_decorator.py
[2023-07-12 00:24:07,388] {processor.py:651} INFO - DAG(s) dict_keys(['example_task_group_decorator']) retrieved from /home/airflow/.local/lib/python3.7/site-packages/airflow/example_dags/example_task_group_decorator.py
[2023-07-12 00:24:07,971] {logging_mixin.py:115} INFO - [2023-07-12 00:24:07,971] {dag.py:2420} INFO - Sync 1 DAGs
[2023-07-12 00:24:08,034] {logging_mixin.py:115} INFO - [2023-07-12 00:24:08,034] {dag.py:2972} INFO - Setting next_dagrun for example_task_group_decorator to 2023-07-11T00:24:08.034040+00:00, run_after=2023-07-12T00:24:08.034040+00:00
[2023-07-12 00:24:08,071] {processor.py:161} INFO - Processing /home/airflow/.local/lib/python3.7/site-packages/airflow/example_dags/example_task_group_decorator.py took 0.789 seconds
[2023-07-12 00:24:38,216] {processor.py:153} INFO - Started process (PID=450) to work on /home/airflow/.local/lib/python3.7/site-packages/airflow/example_dags/example_task_group_decorator.py
[2023-07-12 00:24:38,217] {processor.py:641} INFO - Processing file /home/airflow/.local/lib/python3.7/site-packages/airflow/example_dags/example_task_group_decorator.py for tasks to queue
[2023-07-12 00:24:38,218] {logging_mixin.py:115} INFO - [2023-07-12 00:24:38,218] {dagbag.py:508} INFO - Filling up the DagBag from /home/airflow/.local/lib/python3.7/site-packages/airflow/example_dags/example_task_group_decorator.py
[2023-07-12 00:24:38,267] {processor.py:651} INFO - DAG(s) dict_keys(['example_task_group_decorator']) retrieved from /home/airflow/.local/lib/python3.7/site-packages/airflow/example_dags/example_task_group_decorator.py
[2023-07-12 00:24:38,580] {logging_mixin.py:115} INFO - [2023-07-12 00:24:38,580] {dag.py:2420} INFO - Sync 1 DAGs
[2023-07-12 00:24:38,613] {logging_mixin.py:115} INFO - [2023-07-12 00:24:38,613] {dag.py:2972} INFO - Setting next_dagrun for example_task_group_decorator to 2023-07-11T00:24:38.613468+00:00, run_after=2023-07-12T00:24:38.613468+00:00
[2023-07-12 00:24:38,635] {processor.py:161} INFO - Processing /home/airflow/.local/lib/python3.7/site-packages/airflow/example_dags/example_task_group_decorator.py took 0.425 seconds
[2023-07-12 00:25:08,965] {processor.py:153} INFO - Started process (PID=502) to work on /home/airflow/.local/lib/python3.7/site-packages/airflow/example_dags/example_task_group_decorator.py
[2023-07-12 00:25:08,969] {processor.py:641} INFO - Processing file /home/airflow/.local/lib/python3.7/site-packages/airflow/example_dags/example_task_group_decorator.py for tasks to queue
[2023-07-12 00:25:08,971] {logging_mixin.py:115} INFO - [2023-07-12 00:25:08,970] {dagbag.py:508} INFO - Filling up the DagBag from /home/airflow/.local/lib/python3.7/site-packages/airflow/example_dags/example_task_group_decorator.py
[2023-07-12 00:25:09,088] {processor.py:651} INFO - DAG(s) dict_keys(['example_task_group_decorator']) retrieved from /home/airflow/.local/lib/python3.7/site-packages/airflow/example_dags/example_task_group_decorator.py
[2023-07-12 00:25:09,548] {logging_mixin.py:115} INFO - [2023-07-12 00:25:09,547] {dag.py:2420} INFO - Sync 1 DAGs
[2023-07-12 00:25:09,603] {logging_mixin.py:115} INFO - [2023-07-12 00:25:09,603] {dag.py:2972} INFO - Setting next_dagrun for example_task_group_decorator to 2023-07-11T00:25:09.602969+00:00, run_after=2023-07-12T00:25:09.602969+00:00
[2023-07-12 00:25:09,641] {processor.py:161} INFO - Processing /home/airflow/.local/lib/python3.7/site-packages/airflow/example_dags/example_task_group_decorator.py took 0.684 seconds
[2023-07-12 00:25:40,282] {processor.py:153} INFO - Started process (PID=554) to work on /home/airflow/.local/lib/python3.7/site-packages/airflow/example_dags/example_task_group_decorator.py
[2023-07-12 00:25:40,285] {processor.py:641} INFO - Processing file /home/airflow/.local/lib/python3.7/site-packages/airflow/example_dags/example_task_group_decorator.py for tasks to queue
[2023-07-12 00:25:40,286] {logging_mixin.py:115} INFO - [2023-07-12 00:25:40,286] {dagbag.py:508} INFO - Filling up the DagBag from /home/airflow/.local/lib/python3.7/site-packages/airflow/example_dags/example_task_group_decorator.py
[2023-07-12 00:25:40,387] {processor.py:651} INFO - DAG(s) dict_keys(['example_task_group_decorator']) retrieved from /home/airflow/.local/lib/python3.7/site-packages/airflow/example_dags/example_task_group_decorator.py
[2023-07-12 00:25:40,860] {logging_mixin.py:115} INFO - [2023-07-12 00:25:40,860] {dag.py:2420} INFO - Sync 1 DAGs
[2023-07-12 00:25:40,906] {logging_mixin.py:115} INFO - [2023-07-12 00:25:40,906] {dag.py:2972} INFO - Setting next_dagrun for example_task_group_decorator to 2023-07-11T00:25:40.906192+00:00, run_after=2023-07-12T00:25:40.906192+00:00
[2023-07-12 00:25:40,971] {processor.py:161} INFO - Processing /home/airflow/.local/lib/python3.7/site-packages/airflow/example_dags/example_task_group_decorator.py took 0.694 seconds
[2023-07-12 00:26:11,167] {processor.py:153} INFO - Started process (PID=615) to work on /home/airflow/.local/lib/python3.7/site-packages/airflow/example_dags/example_task_group_decorator.py
[2023-07-12 00:26:11,168] {processor.py:641} INFO - Processing file /home/airflow/.local/lib/python3.7/site-packages/airflow/example_dags/example_task_group_decorator.py for tasks to queue
[2023-07-12 00:26:11,169] {logging_mixin.py:115} INFO - [2023-07-12 00:26:11,169] {dagbag.py:508} INFO - Filling up the DagBag from /home/airflow/.local/lib/python3.7/site-packages/airflow/example_dags/example_task_group_decorator.py
[2023-07-12 00:26:11,228] {processor.py:651} INFO - DAG(s) dict_keys(['example_task_group_decorator']) retrieved from /home/airflow/.local/lib/python3.7/site-packages/airflow/example_dags/example_task_group_decorator.py
[2023-07-12 00:26:11,530] {logging_mixin.py:115} INFO - [2023-07-12 00:26:11,530] {dag.py:2420} INFO - Sync 1 DAGs
[2023-07-12 00:26:11,569] {logging_mixin.py:115} INFO - [2023-07-12 00:26:11,568] {dag.py:2972} INFO - Setting next_dagrun for example_task_group_decorator to 2023-07-11T00:26:11.568502+00:00, run_after=2023-07-12T00:26:11.568502+00:00
[2023-07-12 00:26:11,598] {processor.py:161} INFO - Processing /home/airflow/.local/lib/python3.7/site-packages/airflow/example_dags/example_task_group_decorator.py took 0.437 seconds
[2023-07-12 00:26:42,494] {processor.py:153} INFO - Started process (PID=667) to work on /home/airflow/.local/lib/python3.7/site-packages/airflow/example_dags/example_task_group_decorator.py
[2023-07-12 00:26:42,495] {processor.py:641} INFO - Processing file /home/airflow/.local/lib/python3.7/site-packages/airflow/example_dags/example_task_group_decorator.py for tasks to queue
[2023-07-12 00:26:42,496] {logging_mixin.py:115} INFO - [2023-07-12 00:26:42,496] {dagbag.py:508} INFO - Filling up the DagBag from /home/airflow/.local/lib/python3.7/site-packages/airflow/example_dags/example_task_group_decorator.py
[2023-07-12 00:26:42,562] {processor.py:651} INFO - DAG(s) dict_keys(['example_task_group_decorator']) retrieved from /home/airflow/.local/lib/python3.7/site-packages/airflow/example_dags/example_task_group_decorator.py
[2023-07-12 00:26:42,846] {logging_mixin.py:115} INFO - [2023-07-12 00:26:42,845] {dag.py:2420} INFO - Sync 1 DAGs
[2023-07-12 00:26:42,894] {logging_mixin.py:115} INFO - [2023-07-12 00:26:42,894] {dag.py:2972} INFO - Setting next_dagrun for example_task_group_decorator to 2023-07-11T00:26:42.893942+00:00, run_after=2023-07-12T00:26:42.893942+00:00
[2023-07-12 00:26:42,920] {processor.py:161} INFO - Processing /home/airflow/.local/lib/python3.7/site-packages/airflow/example_dags/example_task_group_decorator.py took 0.432 seconds
[2023-07-12 00:27:13,214] {processor.py:153} INFO - Started process (PID=719) to work on /home/airflow/.local/lib/python3.7/site-packages/airflow/example_dags/example_task_group_decorator.py
[2023-07-12 00:27:13,215] {processor.py:641} INFO - Processing file /home/airflow/.local/lib/python3.7/site-packages/airflow/example_dags/example_task_group_decorator.py for tasks to queue
[2023-07-12 00:27:13,216] {logging_mixin.py:115} INFO - [2023-07-12 00:27:13,215] {dagbag.py:508} INFO - Filling up the DagBag from /home/airflow/.local/lib/python3.7/site-packages/airflow/example_dags/example_task_group_decorator.py
[2023-07-12 00:27:13,264] {processor.py:651} INFO - DAG(s) dict_keys(['example_task_group_decorator']) retrieved from /home/airflow/.local/lib/python3.7/site-packages/airflow/example_dags/example_task_group_decorator.py
[2023-07-12 00:27:13,549] {logging_mixin.py:115} INFO - [2023-07-12 00:27:13,549] {dag.py:2420} INFO - Sync 1 DAGs
[2023-07-12 00:27:13,646] {logging_mixin.py:115} INFO - [2023-07-12 00:27:13,646] {dag.py:2972} INFO - Setting next_dagrun for example_task_group_decorator to 2023-07-11T00:27:13.646147+00:00, run_after=2023-07-12T00:27:13.646147+00:00
[2023-07-12 00:27:13,667] {processor.py:161} INFO - Processing /home/airflow/.local/lib/python3.7/site-packages/airflow/example_dags/example_task_group_decorator.py took 0.456 seconds
[2023-07-12 00:27:44,234] {processor.py:153} INFO - Started process (PID=781) to work on /home/airflow/.local/lib/python3.7/site-packages/airflow/example_dags/example_task_group_decorator.py
[2023-07-12 00:27:44,237] {processor.py:641} INFO - Processing file /home/airflow/.local/lib/python3.7/site-packages/airflow/example_dags/example_task_group_decorator.py for tasks to queue
[2023-07-12 00:27:44,238] {logging_mixin.py:115} INFO - [2023-07-12 00:27:44,238] {dagbag.py:508} INFO - Filling up the DagBag from /home/airflow/.local/lib/python3.7/site-packages/airflow/example_dags/example_task_group_decorator.py
[2023-07-12 00:27:44,299] {processor.py:651} INFO - DAG(s) dict_keys(['example_task_group_decorator']) retrieved from /home/airflow/.local/lib/python3.7/site-packages/airflow/example_dags/example_task_group_decorator.py
[2023-07-12 00:27:44,611] {logging_mixin.py:115} INFO - [2023-07-12 00:27:44,611] {dag.py:2420} INFO - Sync 1 DAGs
[2023-07-12 00:27:44,681] {logging_mixin.py:115} INFO - [2023-07-12 00:27:44,680] {dag.py:2972} INFO - Setting next_dagrun for example_task_group_decorator to 2023-07-11T00:27:44.680554+00:00, run_after=2023-07-12T00:27:44.680554+00:00
[2023-07-12 00:27:44,737] {processor.py:161} INFO - Processing /home/airflow/.local/lib/python3.7/site-packages/airflow/example_dags/example_task_group_decorator.py took 0.509 seconds
[2023-07-12 00:28:15,484] {processor.py:153} INFO - Started process (PID=832) to work on /home/airflow/.local/lib/python3.7/site-packages/airflow/example_dags/example_task_group_decorator.py
[2023-07-12 00:28:15,485] {processor.py:641} INFO - Processing file /home/airflow/.local/lib/python3.7/site-packages/airflow/example_dags/example_task_group_decorator.py for tasks to queue
[2023-07-12 00:28:15,486] {logging_mixin.py:115} INFO - [2023-07-12 00:28:15,485] {dagbag.py:508} INFO - Filling up the DagBag from /home/airflow/.local/lib/python3.7/site-packages/airflow/example_dags/example_task_group_decorator.py
[2023-07-12 00:28:15,547] {processor.py:651} INFO - DAG(s) dict_keys(['example_task_group_decorator']) retrieved from /home/airflow/.local/lib/python3.7/site-packages/airflow/example_dags/example_task_group_decorator.py
[2023-07-12 00:28:15,850] {logging_mixin.py:115} INFO - [2023-07-12 00:28:15,850] {dag.py:2420} INFO - Sync 1 DAGs
[2023-07-12 00:28:15,894] {logging_mixin.py:115} INFO - [2023-07-12 00:28:15,894] {dag.py:2972} INFO - Setting next_dagrun for example_task_group_decorator to 2023-07-11T00:28:15.894089+00:00, run_after=2023-07-12T00:28:15.894089+00:00
[2023-07-12 00:28:15,965] {processor.py:161} INFO - Processing /home/airflow/.local/lib/python3.7/site-packages/airflow/example_dags/example_task_group_decorator.py took 0.487 seconds
[2023-07-12 00:28:46,369] {processor.py:153} INFO - Started process (PID=894) to work on /home/airflow/.local/lib/python3.7/site-packages/airflow/example_dags/example_task_group_decorator.py
[2023-07-12 00:28:46,370] {processor.py:641} INFO - Processing file /home/airflow/.local/lib/python3.7/site-packages/airflow/example_dags/example_task_group_decorator.py for tasks to queue
[2023-07-12 00:28:46,371] {logging_mixin.py:115} INFO - [2023-07-12 00:28:46,371] {dagbag.py:508} INFO - Filling up the DagBag from /home/airflow/.local/lib/python3.7/site-packages/airflow/example_dags/example_task_group_decorator.py
[2023-07-12 00:28:46,491] {processor.py:651} INFO - DAG(s) dict_keys(['example_task_group_decorator']) retrieved from /home/airflow/.local/lib/python3.7/site-packages/airflow/example_dags/example_task_group_decorator.py
[2023-07-12 00:28:47,044] {logging_mixin.py:115} INFO - [2023-07-12 00:28:47,044] {dag.py:2420} INFO - Sync 1 DAGs
[2023-07-12 00:28:47,173] {logging_mixin.py:115} INFO - [2023-07-12 00:28:47,173] {dag.py:2972} INFO - Setting next_dagrun for example_task_group_decorator to 2023-07-11T00:28:47.172646+00:00, run_after=2023-07-12T00:28:47.172646+00:00
[2023-07-12 00:28:47,248] {processor.py:161} INFO - Processing /home/airflow/.local/lib/python3.7/site-packages/airflow/example_dags/example_task_group_decorator.py took 0.887 seconds
[2023-07-12 00:29:17,813] {processor.py:153} INFO - Started process (PID=945) to work on /home/airflow/.local/lib/python3.7/site-packages/airflow/example_dags/example_task_group_decorator.py
[2023-07-12 00:29:17,815] {processor.py:641} INFO - Processing file /home/airflow/.local/lib/python3.7/site-packages/airflow/example_dags/example_task_group_decorator.py for tasks to queue
[2023-07-12 00:29:17,817] {logging_mixin.py:115} INFO - [2023-07-12 00:29:17,816] {dagbag.py:508} INFO - Filling up the DagBag from /home/airflow/.local/lib/python3.7/site-packages/airflow/example_dags/example_task_group_decorator.py
[2023-07-12 00:29:17,886] {processor.py:651} INFO - DAG(s) dict_keys(['example_task_group_decorator']) retrieved from /home/airflow/.local/lib/python3.7/site-packages/airflow/example_dags/example_task_group_decorator.py
[2023-07-12 00:29:18,384] {logging_mixin.py:115} INFO - [2023-07-12 00:29:18,384] {dag.py:2420} INFO - Sync 1 DAGs
[2023-07-12 00:29:18,447] {logging_mixin.py:115} INFO - [2023-07-12 00:29:18,446] {dag.py:2972} INFO - Setting next_dagrun for example_task_group_decorator to 2023-07-11T00:29:18.446480+00:00, run_after=2023-07-12T00:29:18.446480+00:00
[2023-07-12 00:29:18,509] {processor.py:161} INFO - Processing /home/airflow/.local/lib/python3.7/site-packages/airflow/example_dags/example_task_group_decorator.py took 0.701 seconds
[2023-07-12 00:30:41,916] {processor.py:153} INFO - Started process (PID=78) to work on /home/airflow/.local/lib/python3.7/site-packages/airflow/example_dags/example_task_group_decorator.py
[2023-07-12 00:30:41,920] {processor.py:641} INFO - Processing file /home/airflow/.local/lib/python3.7/site-packages/airflow/example_dags/example_task_group_decorator.py for tasks to queue
[2023-07-12 00:30:41,922] {logging_mixin.py:115} INFO - [2023-07-12 00:30:41,922] {dagbag.py:508} INFO - Filling up the DagBag from /home/airflow/.local/lib/python3.7/site-packages/airflow/example_dags/example_task_group_decorator.py
[2023-07-12 00:30:42,160] {processor.py:651} INFO - DAG(s) dict_keys(['example_task_group_decorator']) retrieved from /home/airflow/.local/lib/python3.7/site-packages/airflow/example_dags/example_task_group_decorator.py
[2023-07-12 00:30:43,644] {logging_mixin.py:115} INFO - [2023-07-12 00:30:43,644] {dag.py:2420} INFO - Sync 1 DAGs
[2023-07-12 00:30:43,788] {logging_mixin.py:115} INFO - [2023-07-12 00:30:43,788] {dag.py:2972} INFO - Setting next_dagrun for example_task_group_decorator to 2023-07-11T00:30:43.787848+00:00, run_after=2023-07-12T00:30:43.787848+00:00
[2023-07-12 00:30:43,832] {processor.py:161} INFO - Processing /home/airflow/.local/lib/python3.7/site-packages/airflow/example_dags/example_task_group_decorator.py took 1.935 seconds
[2023-07-12 00:31:13,998] {processor.py:153} INFO - Started process (PID=130) to work on /home/airflow/.local/lib/python3.7/site-packages/airflow/example_dags/example_task_group_decorator.py
[2023-07-12 00:31:13,998] {processor.py:641} INFO - Processing file /home/airflow/.local/lib/python3.7/site-packages/airflow/example_dags/example_task_group_decorator.py for tasks to queue
[2023-07-12 00:31:13,999] {logging_mixin.py:115} INFO - [2023-07-12 00:31:13,999] {dagbag.py:508} INFO - Filling up the DagBag from /home/airflow/.local/lib/python3.7/site-packages/airflow/example_dags/example_task_group_decorator.py
[2023-07-12 00:31:14,041] {processor.py:651} INFO - DAG(s) dict_keys(['example_task_group_decorator']) retrieved from /home/airflow/.local/lib/python3.7/site-packages/airflow/example_dags/example_task_group_decorator.py
[2023-07-12 00:31:14,294] {logging_mixin.py:115} INFO - [2023-07-12 00:31:14,294] {dag.py:2420} INFO - Sync 1 DAGs
[2023-07-12 00:31:14,317] {logging_mixin.py:115} INFO - [2023-07-12 00:31:14,317] {dag.py:2972} INFO - Setting next_dagrun for example_task_group_decorator to 2023-07-11T00:31:14.317517+00:00, run_after=2023-07-12T00:31:14.317517+00:00
[2023-07-12 00:31:14,333] {processor.py:161} INFO - Processing /home/airflow/.local/lib/python3.7/site-packages/airflow/example_dags/example_task_group_decorator.py took 0.339 seconds
[2023-07-12 00:31:45,047] {processor.py:153} INFO - Started process (PID=183) to work on /home/airflow/.local/lib/python3.7/site-packages/airflow/example_dags/example_task_group_decorator.py
[2023-07-12 00:31:45,047] {processor.py:641} INFO - Processing file /home/airflow/.local/lib/python3.7/site-packages/airflow/example_dags/example_task_group_decorator.py for tasks to queue
[2023-07-12 00:31:45,048] {logging_mixin.py:115} INFO - [2023-07-12 00:31:45,048] {dagbag.py:508} INFO - Filling up the DagBag from /home/airflow/.local/lib/python3.7/site-packages/airflow/example_dags/example_task_group_decorator.py
[2023-07-12 00:31:45,090] {processor.py:651} INFO - DAG(s) dict_keys(['example_task_group_decorator']) retrieved from /home/airflow/.local/lib/python3.7/site-packages/airflow/example_dags/example_task_group_decorator.py
[2023-07-12 00:31:45,379] {logging_mixin.py:115} INFO - [2023-07-12 00:31:45,379] {dag.py:2420} INFO - Sync 1 DAGs
[2023-07-12 00:31:45,404] {logging_mixin.py:115} INFO - [2023-07-12 00:31:45,404] {dag.py:2972} INFO - Setting next_dagrun for example_task_group_decorator to 2023-07-11T00:31:45.404081+00:00, run_after=2023-07-12T00:31:45.404081+00:00
[2023-07-12 00:31:45,422] {processor.py:161} INFO - Processing /home/airflow/.local/lib/python3.7/site-packages/airflow/example_dags/example_task_group_decorator.py took 0.380 seconds
[2023-07-12 00:32:15,519] {processor.py:153} INFO - Started process (PID=235) to work on /home/airflow/.local/lib/python3.7/site-packages/airflow/example_dags/example_task_group_decorator.py
[2023-07-12 00:32:15,520] {processor.py:641} INFO - Processing file /home/airflow/.local/lib/python3.7/site-packages/airflow/example_dags/example_task_group_decorator.py for tasks to queue
[2023-07-12 00:32:15,521] {logging_mixin.py:115} INFO - [2023-07-12 00:32:15,521] {dagbag.py:508} INFO - Filling up the DagBag from /home/airflow/.local/lib/python3.7/site-packages/airflow/example_dags/example_task_group_decorator.py
[2023-07-12 00:32:15,591] {processor.py:651} INFO - DAG(s) dict_keys(['example_task_group_decorator']) retrieved from /home/airflow/.local/lib/python3.7/site-packages/airflow/example_dags/example_task_group_decorator.py
[2023-07-12 00:32:15,857] {logging_mixin.py:115} INFO - [2023-07-12 00:32:15,857] {dag.py:2420} INFO - Sync 1 DAGs
[2023-07-12 00:32:15,880] {logging_mixin.py:115} INFO - [2023-07-12 00:32:15,880] {dag.py:2972} INFO - Setting next_dagrun for example_task_group_decorator to 2023-07-11T00:32:15.880254+00:00, run_after=2023-07-12T00:32:15.880254+00:00
[2023-07-12 00:32:15,897] {processor.py:161} INFO - Processing /home/airflow/.local/lib/python3.7/site-packages/airflow/example_dags/example_task_group_decorator.py took 0.382 seconds
[2023-07-12 00:32:46,649] {processor.py:153} INFO - Started process (PID=302) to work on /home/airflow/.local/lib/python3.7/site-packages/airflow/example_dags/example_task_group_decorator.py
[2023-07-12 00:32:46,654] {processor.py:641} INFO - Processing file /home/airflow/.local/lib/python3.7/site-packages/airflow/example_dags/example_task_group_decorator.py for tasks to queue
[2023-07-12 00:32:46,655] {logging_mixin.py:115} INFO - [2023-07-12 00:32:46,655] {dagbag.py:508} INFO - Filling up the DagBag from /home/airflow/.local/lib/python3.7/site-packages/airflow/example_dags/example_task_group_decorator.py
[2023-07-12 00:32:46,724] {processor.py:651} INFO - DAG(s) dict_keys(['example_task_group_decorator']) retrieved from /home/airflow/.local/lib/python3.7/site-packages/airflow/example_dags/example_task_group_decorator.py
[2023-07-12 00:32:47,632] {logging_mixin.py:115} INFO - [2023-07-12 00:32:47,631] {dag.py:2420} INFO - Sync 1 DAGs
[2023-07-12 00:32:47,751] {logging_mixin.py:115} INFO - [2023-07-12 00:32:47,751] {dag.py:2972} INFO - Setting next_dagrun for example_task_group_decorator to 2023-07-11T00:32:47.751258+00:00, run_after=2023-07-12T00:32:47.751258+00:00
[2023-07-12 00:32:47,907] {processor.py:161} INFO - Processing /home/airflow/.local/lib/python3.7/site-packages/airflow/example_dags/example_task_group_decorator.py took 1.262 seconds
[2023-07-12 00:33:34,316] {processor.py:153} INFO - Started process (PID=401) to work on /home/airflow/.local/lib/python3.7/site-packages/airflow/example_dags/example_task_group_decorator.py
[2023-07-12 00:33:34,321] {processor.py:641} INFO - Processing file /home/airflow/.local/lib/python3.7/site-packages/airflow/example_dags/example_task_group_decorator.py for tasks to queue
[2023-07-12 00:33:34,322] {logging_mixin.py:115} INFO - [2023-07-12 00:33:34,322] {dagbag.py:508} INFO - Filling up the DagBag from /home/airflow/.local/lib/python3.7/site-packages/airflow/example_dags/example_task_group_decorator.py
[2023-07-12 00:33:34,459] {processor.py:651} INFO - DAG(s) dict_keys(['example_task_group_decorator']) retrieved from /home/airflow/.local/lib/python3.7/site-packages/airflow/example_dags/example_task_group_decorator.py
[2023-07-12 00:33:35,483] {logging_mixin.py:115} INFO - [2023-07-12 00:33:35,483] {dag.py:2420} INFO - Sync 1 DAGs
[2023-07-12 00:33:35,739] {logging_mixin.py:115} INFO - [2023-07-12 00:33:35,739] {dag.py:2972} INFO - Setting next_dagrun for example_task_group_decorator to 2023-07-11T00:33:35.738774+00:00, run_after=2023-07-12T00:33:35.738774+00:00
[2023-07-12 00:33:35,890] {processor.py:161} INFO - Processing /home/airflow/.local/lib/python3.7/site-packages/airflow/example_dags/example_task_group_decorator.py took 1.599 seconds
[2023-07-12 00:34:06,249] {processor.py:153} INFO - Started process (PID=489) to work on /home/airflow/.local/lib/python3.7/site-packages/airflow/example_dags/example_task_group_decorator.py
[2023-07-12 00:34:06,249] {processor.py:641} INFO - Processing file /home/airflow/.local/lib/python3.7/site-packages/airflow/example_dags/example_task_group_decorator.py for tasks to queue
[2023-07-12 00:34:06,250] {logging_mixin.py:115} INFO - [2023-07-12 00:34:06,250] {dagbag.py:508} INFO - Filling up the DagBag from /home/airflow/.local/lib/python3.7/site-packages/airflow/example_dags/example_task_group_decorator.py
[2023-07-12 00:34:06,904] {processor.py:651} INFO - DAG(s) dict_keys(['example_task_group_decorator']) retrieved from /home/airflow/.local/lib/python3.7/site-packages/airflow/example_dags/example_task_group_decorator.py
[2023-07-12 00:34:09,006] {logging_mixin.py:115} INFO - [2023-07-12 00:34:09,005] {dag.py:2420} INFO - Sync 1 DAGs
[2023-07-12 00:34:09,550] {logging_mixin.py:115} INFO - [2023-07-12 00:34:09,550] {dag.py:2972} INFO - Setting next_dagrun for example_task_group_decorator to 2023-07-11T00:34:09.549522+00:00, run_after=2023-07-12T00:34:09.549522+00:00
[2023-07-12 00:34:09,774] {processor.py:161} INFO - Processing /home/airflow/.local/lib/python3.7/site-packages/airflow/example_dags/example_task_group_decorator.py took 3.545 seconds
[2023-07-12 00:34:40,182] {processor.py:153} INFO - Started process (PID=544) to work on /home/airflow/.local/lib/python3.7/site-packages/airflow/example_dags/example_task_group_decorator.py
[2023-07-12 00:34:40,183] {processor.py:641} INFO - Processing file /home/airflow/.local/lib/python3.7/site-packages/airflow/example_dags/example_task_group_decorator.py for tasks to queue
[2023-07-12 00:34:40,184] {logging_mixin.py:115} INFO - [2023-07-12 00:34:40,184] {dagbag.py:508} INFO - Filling up the DagBag from /home/airflow/.local/lib/python3.7/site-packages/airflow/example_dags/example_task_group_decorator.py
[2023-07-12 00:34:40,255] {processor.py:651} INFO - DAG(s) dict_keys(['example_task_group_decorator']) retrieved from /home/airflow/.local/lib/python3.7/site-packages/airflow/example_dags/example_task_group_decorator.py
[2023-07-12 00:34:40,762] {logging_mixin.py:115} INFO - [2023-07-12 00:34:40,762] {dag.py:2420} INFO - Sync 1 DAGs
[2023-07-12 00:34:40,848] {logging_mixin.py:115} INFO - [2023-07-12 00:34:40,848] {dag.py:2972} INFO - Setting next_dagrun for example_task_group_decorator to 2023-07-11T00:34:40.847675+00:00, run_after=2023-07-12T00:34:40.847675+00:00
[2023-07-12 00:34:40,878] {processor.py:161} INFO - Processing /home/airflow/.local/lib/python3.7/site-packages/airflow/example_dags/example_task_group_decorator.py took 0.701 seconds
[2023-07-12 00:35:11,120] {processor.py:153} INFO - Started process (PID=601) to work on /home/airflow/.local/lib/python3.7/site-packages/airflow/example_dags/example_task_group_decorator.py
[2023-07-12 00:35:11,124] {processor.py:641} INFO - Processing file /home/airflow/.local/lib/python3.7/site-packages/airflow/example_dags/example_task_group_decorator.py for tasks to queue
[2023-07-12 00:35:11,125] {logging_mixin.py:115} INFO - [2023-07-12 00:35:11,125] {dagbag.py:508} INFO - Filling up the DagBag from /home/airflow/.local/lib/python3.7/site-packages/airflow/example_dags/example_task_group_decorator.py
[2023-07-12 00:35:11,324] {processor.py:651} INFO - DAG(s) dict_keys(['example_task_group_decorator']) retrieved from /home/airflow/.local/lib/python3.7/site-packages/airflow/example_dags/example_task_group_decorator.py
[2023-07-12 00:35:11,720] {logging_mixin.py:115} INFO - [2023-07-12 00:35:11,720] {dag.py:2420} INFO - Sync 1 DAGs
[2023-07-12 00:35:11,769] {logging_mixin.py:115} INFO - [2023-07-12 00:35:11,769] {dag.py:2972} INFO - Setting next_dagrun for example_task_group_decorator to 2023-07-11T00:35:11.769212+00:00, run_after=2023-07-12T00:35:11.769212+00:00
[2023-07-12 00:35:11,803] {processor.py:161} INFO - Processing /home/airflow/.local/lib/python3.7/site-packages/airflow/example_dags/example_task_group_decorator.py took 0.702 seconds
