[2023-07-12 00:20:45,577] {processor.py:153} INFO - Started process (PID=58) to work on /home/airflow/.local/lib/python3.7/site-packages/airflow/example_dags/example_branch_python_dop_operator_3.py
[2023-07-12 00:20:45,578] {processor.py:641} INFO - Processing file /home/airflow/.local/lib/python3.7/site-packages/airflow/example_dags/example_branch_python_dop_operator_3.py for tasks to queue
[2023-07-12 00:20:45,579] {logging_mixin.py:115} INFO - [2023-07-12 00:20:45,579] {dagbag.py:508} INFO - Filling up the DagBag from /home/airflow/.local/lib/python3.7/site-packages/airflow/example_dags/example_branch_python_dop_operator_3.py
[2023-07-12 00:20:45,730] {processor.py:651} INFO - DAG(s) dict_keys(['example_branch_dop_operator_v3']) retrieved from /home/airflow/.local/lib/python3.7/site-packages/airflow/example_dags/example_branch_python_dop_operator_3.py
[2023-07-12 00:20:45,910] {logging_mixin.py:115} INFO - [2023-07-12 00:20:45,909] {dag.py:2420} INFO - Sync 1 DAGs
[2023-07-12 00:20:46,281] {logging_mixin.py:115} INFO - [2023-07-12 00:20:46,280] {dag.py:2972} INFO - Setting next_dagrun for example_branch_dop_operator_v3 to 2023-07-12T00:19:00+00:00, run_after=2023-07-12T00:20:00+00:00
[2023-07-12 00:20:46,320] {processor.py:161} INFO - Processing /home/airflow/.local/lib/python3.7/site-packages/airflow/example_dags/example_branch_python_dop_operator_3.py took 0.782 seconds
[2023-07-12 00:21:16,715] {processor.py:153} INFO - Started process (PID=101) to work on /home/airflow/.local/lib/python3.7/site-packages/airflow/example_dags/example_branch_python_dop_operator_3.py
[2023-07-12 00:21:16,716] {processor.py:641} INFO - Processing file /home/airflow/.local/lib/python3.7/site-packages/airflow/example_dags/example_branch_python_dop_operator_3.py for tasks to queue
[2023-07-12 00:21:16,717] {logging_mixin.py:115} INFO - [2023-07-12 00:21:16,717] {dagbag.py:508} INFO - Filling up the DagBag from /home/airflow/.local/lib/python3.7/site-packages/airflow/example_dags/example_branch_python_dop_operator_3.py
[2023-07-12 00:21:16,746] {processor.py:651} INFO - DAG(s) dict_keys(['example_branch_dop_operator_v3']) retrieved from /home/airflow/.local/lib/python3.7/site-packages/airflow/example_dags/example_branch_python_dop_operator_3.py
[2023-07-12 00:21:16,800] {logging_mixin.py:115} INFO - [2023-07-12 00:21:16,800] {dag.py:2420} INFO - Sync 1 DAGs
[2023-07-12 00:21:17,147] {logging_mixin.py:115} INFO - [2023-07-12 00:21:17,147] {dag.py:2972} INFO - Setting next_dagrun for example_branch_dop_operator_v3 to 2023-07-12T00:20:00+00:00, run_after=2023-07-12T00:21:00+00:00
[2023-07-12 00:21:17,206] {processor.py:161} INFO - Processing /home/airflow/.local/lib/python3.7/site-packages/airflow/example_dags/example_branch_python_dop_operator_3.py took 0.499 seconds
[2023-07-12 00:21:47,460] {processor.py:153} INFO - Started process (PID=153) to work on /home/airflow/.local/lib/python3.7/site-packages/airflow/example_dags/example_branch_python_dop_operator_3.py
[2023-07-12 00:21:47,466] {processor.py:641} INFO - Processing file /home/airflow/.local/lib/python3.7/site-packages/airflow/example_dags/example_branch_python_dop_operator_3.py for tasks to queue
[2023-07-12 00:21:47,467] {logging_mixin.py:115} INFO - [2023-07-12 00:21:47,467] {dagbag.py:508} INFO - Filling up the DagBag from /home/airflow/.local/lib/python3.7/site-packages/airflow/example_dags/example_branch_python_dop_operator_3.py
[2023-07-12 00:21:47,491] {processor.py:651} INFO - DAG(s) dict_keys(['example_branch_dop_operator_v3']) retrieved from /home/airflow/.local/lib/python3.7/site-packages/airflow/example_dags/example_branch_python_dop_operator_3.py
[2023-07-12 00:21:47,538] {logging_mixin.py:115} INFO - [2023-07-12 00:21:47,538] {dag.py:2420} INFO - Sync 1 DAGs
[2023-07-12 00:21:47,749] {logging_mixin.py:115} INFO - [2023-07-12 00:21:47,749] {dag.py:2972} INFO - Setting next_dagrun for example_branch_dop_operator_v3 to 2023-07-12T00:20:00+00:00, run_after=2023-07-12T00:21:00+00:00
[2023-07-12 00:21:47,773] {processor.py:161} INFO - Processing /home/airflow/.local/lib/python3.7/site-packages/airflow/example_dags/example_branch_python_dop_operator_3.py took 0.318 seconds
[2023-07-12 00:22:18,630] {processor.py:153} INFO - Started process (PID=204) to work on /home/airflow/.local/lib/python3.7/site-packages/airflow/example_dags/example_branch_python_dop_operator_3.py
[2023-07-12 00:22:18,637] {processor.py:641} INFO - Processing file /home/airflow/.local/lib/python3.7/site-packages/airflow/example_dags/example_branch_python_dop_operator_3.py for tasks to queue
[2023-07-12 00:22:18,638] {logging_mixin.py:115} INFO - [2023-07-12 00:22:18,638] {dagbag.py:508} INFO - Filling up the DagBag from /home/airflow/.local/lib/python3.7/site-packages/airflow/example_dags/example_branch_python_dop_operator_3.py
[2023-07-12 00:22:18,673] {processor.py:651} INFO - DAG(s) dict_keys(['example_branch_dop_operator_v3']) retrieved from /home/airflow/.local/lib/python3.7/site-packages/airflow/example_dags/example_branch_python_dop_operator_3.py
[2023-07-12 00:22:18,939] {logging_mixin.py:115} INFO - [2023-07-12 00:22:18,939] {dag.py:2420} INFO - Sync 1 DAGs
[2023-07-12 00:22:19,192] {logging_mixin.py:115} INFO - [2023-07-12 00:22:19,192] {dag.py:2972} INFO - Setting next_dagrun for example_branch_dop_operator_v3 to 2023-07-12T00:21:00+00:00, run_after=2023-07-12T00:22:00+00:00
[2023-07-12 00:22:19,221] {processor.py:161} INFO - Processing /home/airflow/.local/lib/python3.7/site-packages/airflow/example_dags/example_branch_python_dop_operator_3.py took 0.599 seconds
[2023-07-12 00:22:50,434] {processor.py:153} INFO - Started process (PID=263) to work on /home/airflow/.local/lib/python3.7/site-packages/airflow/example_dags/example_branch_python_dop_operator_3.py
[2023-07-12 00:22:50,437] {processor.py:641} INFO - Processing file /home/airflow/.local/lib/python3.7/site-packages/airflow/example_dags/example_branch_python_dop_operator_3.py for tasks to queue
[2023-07-12 00:22:50,438] {logging_mixin.py:115} INFO - [2023-07-12 00:22:50,438] {dagbag.py:508} INFO - Filling up the DagBag from /home/airflow/.local/lib/python3.7/site-packages/airflow/example_dags/example_branch_python_dop_operator_3.py
[2023-07-12 00:22:50,476] {processor.py:651} INFO - DAG(s) dict_keys(['example_branch_dop_operator_v3']) retrieved from /home/airflow/.local/lib/python3.7/site-packages/airflow/example_dags/example_branch_python_dop_operator_3.py
[2023-07-12 00:22:50,574] {logging_mixin.py:115} INFO - [2023-07-12 00:22:50,573] {dag.py:2420} INFO - Sync 1 DAGs
[2023-07-12 00:22:51,049] {logging_mixin.py:115} INFO - [2023-07-12 00:22:51,049] {dag.py:2972} INFO - Setting next_dagrun for example_branch_dop_operator_v3 to 2023-07-12T00:21:00+00:00, run_after=2023-07-12T00:22:00+00:00
[2023-07-12 00:22:51,099] {processor.py:161} INFO - Processing /home/airflow/.local/lib/python3.7/site-packages/airflow/example_dags/example_branch_python_dop_operator_3.py took 0.673 seconds
[2023-07-12 00:23:21,232] {processor.py:153} INFO - Started process (PID=317) to work on /home/airflow/.local/lib/python3.7/site-packages/airflow/example_dags/example_branch_python_dop_operator_3.py
[2023-07-12 00:23:21,233] {processor.py:641} INFO - Processing file /home/airflow/.local/lib/python3.7/site-packages/airflow/example_dags/example_branch_python_dop_operator_3.py for tasks to queue
[2023-07-12 00:23:21,234] {logging_mixin.py:115} INFO - [2023-07-12 00:23:21,234] {dagbag.py:508} INFO - Filling up the DagBag from /home/airflow/.local/lib/python3.7/site-packages/airflow/example_dags/example_branch_python_dop_operator_3.py
[2023-07-12 00:23:21,263] {processor.py:651} INFO - DAG(s) dict_keys(['example_branch_dop_operator_v3']) retrieved from /home/airflow/.local/lib/python3.7/site-packages/airflow/example_dags/example_branch_python_dop_operator_3.py
[2023-07-12 00:23:21,349] {logging_mixin.py:115} INFO - [2023-07-12 00:23:21,349] {dag.py:2420} INFO - Sync 1 DAGs
[2023-07-12 00:23:21,669] {logging_mixin.py:115} INFO - [2023-07-12 00:23:21,669] {dag.py:2972} INFO - Setting next_dagrun for example_branch_dop_operator_v3 to 2023-07-12T00:22:00+00:00, run_after=2023-07-12T00:23:00+00:00
[2023-07-12 00:23:21,701] {processor.py:161} INFO - Processing /home/airflow/.local/lib/python3.7/site-packages/airflow/example_dags/example_branch_python_dop_operator_3.py took 0.480 seconds
[2023-07-12 00:23:52,911] {processor.py:153} INFO - Started process (PID=369) to work on /home/airflow/.local/lib/python3.7/site-packages/airflow/example_dags/example_branch_python_dop_operator_3.py
[2023-07-12 00:23:52,920] {processor.py:641} INFO - Processing file /home/airflow/.local/lib/python3.7/site-packages/airflow/example_dags/example_branch_python_dop_operator_3.py for tasks to queue
[2023-07-12 00:23:52,921] {logging_mixin.py:115} INFO - [2023-07-12 00:23:52,921] {dagbag.py:508} INFO - Filling up the DagBag from /home/airflow/.local/lib/python3.7/site-packages/airflow/example_dags/example_branch_python_dop_operator_3.py
[2023-07-12 00:23:52,997] {processor.py:651} INFO - DAG(s) dict_keys(['example_branch_dop_operator_v3']) retrieved from /home/airflow/.local/lib/python3.7/site-packages/airflow/example_dags/example_branch_python_dop_operator_3.py
[2023-07-12 00:23:53,132] {logging_mixin.py:115} INFO - [2023-07-12 00:23:53,131] {dag.py:2420} INFO - Sync 1 DAGs
[2023-07-12 00:23:53,653] {logging_mixin.py:115} INFO - [2023-07-12 00:23:53,653] {dag.py:2972} INFO - Setting next_dagrun for example_branch_dop_operator_v3 to 2023-07-12T00:22:00+00:00, run_after=2023-07-12T00:23:00+00:00
[2023-07-12 00:23:53,690] {processor.py:161} INFO - Processing /home/airflow/.local/lib/python3.7/site-packages/airflow/example_dags/example_branch_python_dop_operator_3.py took 0.786 seconds
[2023-07-12 00:24:24,093] {processor.py:153} INFO - Started process (PID=422) to work on /home/airflow/.local/lib/python3.7/site-packages/airflow/example_dags/example_branch_python_dop_operator_3.py
[2023-07-12 00:24:24,094] {processor.py:641} INFO - Processing file /home/airflow/.local/lib/python3.7/site-packages/airflow/example_dags/example_branch_python_dop_operator_3.py for tasks to queue
[2023-07-12 00:24:24,095] {logging_mixin.py:115} INFO - [2023-07-12 00:24:24,094] {dagbag.py:508} INFO - Filling up the DagBag from /home/airflow/.local/lib/python3.7/site-packages/airflow/example_dags/example_branch_python_dop_operator_3.py
[2023-07-12 00:24:24,112] {processor.py:651} INFO - DAG(s) dict_keys(['example_branch_dop_operator_v3']) retrieved from /home/airflow/.local/lib/python3.7/site-packages/airflow/example_dags/example_branch_python_dop_operator_3.py
[2023-07-12 00:24:24,161] {logging_mixin.py:115} INFO - [2023-07-12 00:24:24,160] {dag.py:2420} INFO - Sync 1 DAGs
[2023-07-12 00:24:24,401] {logging_mixin.py:115} INFO - [2023-07-12 00:24:24,401] {dag.py:2972} INFO - Setting next_dagrun for example_branch_dop_operator_v3 to 2023-07-12T00:23:00+00:00, run_after=2023-07-12T00:24:00+00:00
[2023-07-12 00:24:24,420] {processor.py:161} INFO - Processing /home/airflow/.local/lib/python3.7/site-packages/airflow/example_dags/example_branch_python_dop_operator_3.py took 0.335 seconds
[2023-07-12 00:24:55,048] {processor.py:153} INFO - Started process (PID=473) to work on /home/airflow/.local/lib/python3.7/site-packages/airflow/example_dags/example_branch_python_dop_operator_3.py
[2023-07-12 00:24:55,049] {processor.py:641} INFO - Processing file /home/airflow/.local/lib/python3.7/site-packages/airflow/example_dags/example_branch_python_dop_operator_3.py for tasks to queue
[2023-07-12 00:24:55,051] {logging_mixin.py:115} INFO - [2023-07-12 00:24:55,051] {dagbag.py:508} INFO - Filling up the DagBag from /home/airflow/.local/lib/python3.7/site-packages/airflow/example_dags/example_branch_python_dop_operator_3.py
[2023-07-12 00:24:55,072] {processor.py:651} INFO - DAG(s) dict_keys(['example_branch_dop_operator_v3']) retrieved from /home/airflow/.local/lib/python3.7/site-packages/airflow/example_dags/example_branch_python_dop_operator_3.py
[2023-07-12 00:24:55,127] {logging_mixin.py:115} INFO - [2023-07-12 00:24:55,127] {dag.py:2420} INFO - Sync 1 DAGs
[2023-07-12 00:24:55,532] {logging_mixin.py:115} INFO - [2023-07-12 00:24:55,532] {dag.py:2972} INFO - Setting next_dagrun for example_branch_dop_operator_v3 to 2023-07-12T00:23:00+00:00, run_after=2023-07-12T00:24:00+00:00
[2023-07-12 00:24:55,617] {processor.py:161} INFO - Processing /home/airflow/.local/lib/python3.7/site-packages/airflow/example_dags/example_branch_python_dop_operator_3.py took 0.576 seconds
[2023-07-12 00:25:26,450] {processor.py:153} INFO - Started process (PID=525) to work on /home/airflow/.local/lib/python3.7/site-packages/airflow/example_dags/example_branch_python_dop_operator_3.py
[2023-07-12 00:25:26,451] {processor.py:641} INFO - Processing file /home/airflow/.local/lib/python3.7/site-packages/airflow/example_dags/example_branch_python_dop_operator_3.py for tasks to queue
[2023-07-12 00:25:26,452] {logging_mixin.py:115} INFO - [2023-07-12 00:25:26,452] {dagbag.py:508} INFO - Filling up the DagBag from /home/airflow/.local/lib/python3.7/site-packages/airflow/example_dags/example_branch_python_dop_operator_3.py
[2023-07-12 00:25:26,470] {processor.py:651} INFO - DAG(s) dict_keys(['example_branch_dop_operator_v3']) retrieved from /home/airflow/.local/lib/python3.7/site-packages/airflow/example_dags/example_branch_python_dop_operator_3.py
[2023-07-12 00:25:26,534] {logging_mixin.py:115} INFO - [2023-07-12 00:25:26,534] {dag.py:2420} INFO - Sync 1 DAGs
[2023-07-12 00:25:26,915] {logging_mixin.py:115} INFO - [2023-07-12 00:25:26,915] {dag.py:2972} INFO - Setting next_dagrun for example_branch_dop_operator_v3 to 2023-07-12T00:24:00+00:00, run_after=2023-07-12T00:25:00+00:00
[2023-07-12 00:25:26,941] {processor.py:161} INFO - Processing /home/airflow/.local/lib/python3.7/site-packages/airflow/example_dags/example_branch_python_dop_operator_3.py took 0.496 seconds
[2023-07-12 00:25:57,938] {processor.py:153} INFO - Started process (PID=586) to work on /home/airflow/.local/lib/python3.7/site-packages/airflow/example_dags/example_branch_python_dop_operator_3.py
[2023-07-12 00:25:57,940] {processor.py:641} INFO - Processing file /home/airflow/.local/lib/python3.7/site-packages/airflow/example_dags/example_branch_python_dop_operator_3.py for tasks to queue
[2023-07-12 00:25:57,941] {logging_mixin.py:115} INFO - [2023-07-12 00:25:57,941] {dagbag.py:508} INFO - Filling up the DagBag from /home/airflow/.local/lib/python3.7/site-packages/airflow/example_dags/example_branch_python_dop_operator_3.py
[2023-07-12 00:25:57,972] {processor.py:651} INFO - DAG(s) dict_keys(['example_branch_dop_operator_v3']) retrieved from /home/airflow/.local/lib/python3.7/site-packages/airflow/example_dags/example_branch_python_dop_operator_3.py
[2023-07-12 00:25:58,073] {logging_mixin.py:115} INFO - [2023-07-12 00:25:58,072] {dag.py:2420} INFO - Sync 1 DAGs
[2023-07-12 00:25:58,420] {logging_mixin.py:115} INFO - [2023-07-12 00:25:58,419] {dag.py:2972} INFO - Setting next_dagrun for example_branch_dop_operator_v3 to 2023-07-12T00:24:00+00:00, run_after=2023-07-12T00:25:00+00:00
[2023-07-12 00:25:58,440] {processor.py:161} INFO - Processing /home/airflow/.local/lib/python3.7/site-packages/airflow/example_dags/example_branch_python_dop_operator_3.py took 0.509 seconds
[2023-07-12 00:26:28,673] {processor.py:153} INFO - Started process (PID=640) to work on /home/airflow/.local/lib/python3.7/site-packages/airflow/example_dags/example_branch_python_dop_operator_3.py
[2023-07-12 00:26:28,673] {processor.py:641} INFO - Processing file /home/airflow/.local/lib/python3.7/site-packages/airflow/example_dags/example_branch_python_dop_operator_3.py for tasks to queue
[2023-07-12 00:26:28,674] {logging_mixin.py:115} INFO - [2023-07-12 00:26:28,674] {dagbag.py:508} INFO - Filling up the DagBag from /home/airflow/.local/lib/python3.7/site-packages/airflow/example_dags/example_branch_python_dop_operator_3.py
[2023-07-12 00:26:28,684] {processor.py:651} INFO - DAG(s) dict_keys(['example_branch_dop_operator_v3']) retrieved from /home/airflow/.local/lib/python3.7/site-packages/airflow/example_dags/example_branch_python_dop_operator_3.py
[2023-07-12 00:26:28,714] {logging_mixin.py:115} INFO - [2023-07-12 00:26:28,714] {dag.py:2420} INFO - Sync 1 DAGs
[2023-07-12 00:26:28,868] {logging_mixin.py:115} INFO - [2023-07-12 00:26:28,868] {dag.py:2972} INFO - Setting next_dagrun for example_branch_dop_operator_v3 to 2023-07-12T00:25:00+00:00, run_after=2023-07-12T00:26:00+00:00
[2023-07-12 00:26:28,882] {processor.py:161} INFO - Processing /home/airflow/.local/lib/python3.7/site-packages/airflow/example_dags/example_branch_python_dop_operator_3.py took 0.212 seconds
[2023-07-12 00:26:59,483] {processor.py:153} INFO - Started process (PID=690) to work on /home/airflow/.local/lib/python3.7/site-packages/airflow/example_dags/example_branch_python_dop_operator_3.py
[2023-07-12 00:26:59,484] {processor.py:641} INFO - Processing file /home/airflow/.local/lib/python3.7/site-packages/airflow/example_dags/example_branch_python_dop_operator_3.py for tasks to queue
[2023-07-12 00:26:59,485] {logging_mixin.py:115} INFO - [2023-07-12 00:26:59,485] {dagbag.py:508} INFO - Filling up the DagBag from /home/airflow/.local/lib/python3.7/site-packages/airflow/example_dags/example_branch_python_dop_operator_3.py
[2023-07-12 00:26:59,497] {processor.py:651} INFO - DAG(s) dict_keys(['example_branch_dop_operator_v3']) retrieved from /home/airflow/.local/lib/python3.7/site-packages/airflow/example_dags/example_branch_python_dop_operator_3.py
[2023-07-12 00:26:59,527] {logging_mixin.py:115} INFO - [2023-07-12 00:26:59,527] {dag.py:2420} INFO - Sync 1 DAGs
[2023-07-12 00:26:59,810] {logging_mixin.py:115} INFO - [2023-07-12 00:26:59,810] {dag.py:2972} INFO - Setting next_dagrun for example_branch_dop_operator_v3 to 2023-07-12T00:25:00+00:00, run_after=2023-07-12T00:26:00+00:00
[2023-07-12 00:26:59,827] {processor.py:161} INFO - Processing /home/airflow/.local/lib/python3.7/site-packages/airflow/example_dags/example_branch_python_dop_operator_3.py took 0.347 seconds
[2023-07-12 00:27:30,055] {processor.py:153} INFO - Started process (PID=752) to work on /home/airflow/.local/lib/python3.7/site-packages/airflow/example_dags/example_branch_python_dop_operator_3.py
[2023-07-12 00:27:30,056] {processor.py:641} INFO - Processing file /home/airflow/.local/lib/python3.7/site-packages/airflow/example_dags/example_branch_python_dop_operator_3.py for tasks to queue
[2023-07-12 00:27:30,056] {logging_mixin.py:115} INFO - [2023-07-12 00:27:30,056] {dagbag.py:508} INFO - Filling up the DagBag from /home/airflow/.local/lib/python3.7/site-packages/airflow/example_dags/example_branch_python_dop_operator_3.py
[2023-07-12 00:27:30,075] {processor.py:651} INFO - DAG(s) dict_keys(['example_branch_dop_operator_v3']) retrieved from /home/airflow/.local/lib/python3.7/site-packages/airflow/example_dags/example_branch_python_dop_operator_3.py
[2023-07-12 00:27:30,121] {logging_mixin.py:115} INFO - [2023-07-12 00:27:30,121] {dag.py:2420} INFO - Sync 1 DAGs
[2023-07-12 00:27:30,372] {logging_mixin.py:115} INFO - [2023-07-12 00:27:30,372] {dag.py:2972} INFO - Setting next_dagrun for example_branch_dop_operator_v3 to 2023-07-12T00:26:00+00:00, run_after=2023-07-12T00:27:00+00:00
[2023-07-12 00:27:30,393] {processor.py:161} INFO - Processing /home/airflow/.local/lib/python3.7/site-packages/airflow/example_dags/example_branch_python_dop_operator_3.py took 0.348 seconds
[2023-07-12 00:28:00,675] {processor.py:153} INFO - Started process (PID=804) to work on /home/airflow/.local/lib/python3.7/site-packages/airflow/example_dags/example_branch_python_dop_operator_3.py
[2023-07-12 00:28:00,676] {processor.py:641} INFO - Processing file /home/airflow/.local/lib/python3.7/site-packages/airflow/example_dags/example_branch_python_dop_operator_3.py for tasks to queue
[2023-07-12 00:28:00,676] {logging_mixin.py:115} INFO - [2023-07-12 00:28:00,676] {dagbag.py:508} INFO - Filling up the DagBag from /home/airflow/.local/lib/python3.7/site-packages/airflow/example_dags/example_branch_python_dop_operator_3.py
[2023-07-12 00:28:00,687] {processor.py:651} INFO - DAG(s) dict_keys(['example_branch_dop_operator_v3']) retrieved from /home/airflow/.local/lib/python3.7/site-packages/airflow/example_dags/example_branch_python_dop_operator_3.py
[2023-07-12 00:28:00,716] {logging_mixin.py:115} INFO - [2023-07-12 00:28:00,716] {dag.py:2420} INFO - Sync 1 DAGs
[2023-07-12 00:28:00,875] {logging_mixin.py:115} INFO - [2023-07-12 00:28:00,875] {dag.py:2972} INFO - Setting next_dagrun for example_branch_dop_operator_v3 to 2023-07-12T00:27:00+00:00, run_after=2023-07-12T00:28:00+00:00
[2023-07-12 00:28:00,890] {processor.py:161} INFO - Processing /home/airflow/.local/lib/python3.7/site-packages/airflow/example_dags/example_branch_python_dop_operator_3.py took 0.219 seconds
[2023-07-12 00:28:31,320] {processor.py:153} INFO - Started process (PID=865) to work on /home/airflow/.local/lib/python3.7/site-packages/airflow/example_dags/example_branch_python_dop_operator_3.py
[2023-07-12 00:28:31,320] {processor.py:641} INFO - Processing file /home/airflow/.local/lib/python3.7/site-packages/airflow/example_dags/example_branch_python_dop_operator_3.py for tasks to queue
[2023-07-12 00:28:31,321] {logging_mixin.py:115} INFO - [2023-07-12 00:28:31,321] {dagbag.py:508} INFO - Filling up the DagBag from /home/airflow/.local/lib/python3.7/site-packages/airflow/example_dags/example_branch_python_dop_operator_3.py
[2023-07-12 00:28:31,341] {processor.py:651} INFO - DAG(s) dict_keys(['example_branch_dop_operator_v3']) retrieved from /home/airflow/.local/lib/python3.7/site-packages/airflow/example_dags/example_branch_python_dop_operator_3.py
[2023-07-12 00:28:31,382] {logging_mixin.py:115} INFO - [2023-07-12 00:28:31,382] {dag.py:2420} INFO - Sync 1 DAGs
[2023-07-12 00:28:31,688] {logging_mixin.py:115} INFO - [2023-07-12 00:28:31,688] {dag.py:2972} INFO - Setting next_dagrun for example_branch_dop_operator_v3 to 2023-07-12T00:27:00+00:00, run_after=2023-07-12T00:28:00+00:00
[2023-07-12 00:28:31,733] {processor.py:161} INFO - Processing /home/airflow/.local/lib/python3.7/site-packages/airflow/example_dags/example_branch_python_dop_operator_3.py took 0.419 seconds
[2023-07-12 00:29:02,729] {processor.py:153} INFO - Started process (PID=916) to work on /home/airflow/.local/lib/python3.7/site-packages/airflow/example_dags/example_branch_python_dop_operator_3.py
[2023-07-12 00:29:02,731] {processor.py:641} INFO - Processing file /home/airflow/.local/lib/python3.7/site-packages/airflow/example_dags/example_branch_python_dop_operator_3.py for tasks to queue
[2023-07-12 00:29:02,732] {logging_mixin.py:115} INFO - [2023-07-12 00:29:02,732] {dagbag.py:508} INFO - Filling up the DagBag from /home/airflow/.local/lib/python3.7/site-packages/airflow/example_dags/example_branch_python_dop_operator_3.py
[2023-07-12 00:29:02,753] {processor.py:651} INFO - DAG(s) dict_keys(['example_branch_dop_operator_v3']) retrieved from /home/airflow/.local/lib/python3.7/site-packages/airflow/example_dags/example_branch_python_dop_operator_3.py
[2023-07-12 00:29:02,815] {logging_mixin.py:115} INFO - [2023-07-12 00:29:02,815] {dag.py:2420} INFO - Sync 1 DAGs
[2023-07-12 00:29:03,179] {logging_mixin.py:115} INFO - [2023-07-12 00:29:03,178] {dag.py:2972} INFO - Setting next_dagrun for example_branch_dop_operator_v3 to 2023-07-12T00:28:00+00:00, run_after=2023-07-12T00:29:00+00:00
[2023-07-12 00:29:03,205] {processor.py:161} INFO - Processing /home/airflow/.local/lib/python3.7/site-packages/airflow/example_dags/example_branch_python_dop_operator_3.py took 0.482 seconds
[2023-07-12 00:30:33,559] {processor.py:153} INFO - Started process (PID=51) to work on /home/airflow/.local/lib/python3.7/site-packages/airflow/example_dags/example_branch_python_dop_operator_3.py
[2023-07-12 00:30:33,566] {processor.py:641} INFO - Processing file /home/airflow/.local/lib/python3.7/site-packages/airflow/example_dags/example_branch_python_dop_operator_3.py for tasks to queue
[2023-07-12 00:30:33,567] {logging_mixin.py:115} INFO - [2023-07-12 00:30:33,567] {dagbag.py:508} INFO - Filling up the DagBag from /home/airflow/.local/lib/python3.7/site-packages/airflow/example_dags/example_branch_python_dop_operator_3.py
[2023-07-12 00:30:33,590] {processor.py:651} INFO - DAG(s) dict_keys(['example_branch_dop_operator_v3']) retrieved from /home/airflow/.local/lib/python3.7/site-packages/airflow/example_dags/example_branch_python_dop_operator_3.py
[2023-07-12 00:30:33,714] {logging_mixin.py:115} INFO - [2023-07-12 00:30:33,714] {dag.py:2420} INFO - Sync 1 DAGs
[2023-07-12 00:30:34,182] {logging_mixin.py:115} INFO - [2023-07-12 00:30:34,181] {dag.py:2972} INFO - Setting next_dagrun for example_branch_dop_operator_v3 to 2023-07-12T00:29:00+00:00, run_after=2023-07-12T00:30:00+00:00
[2023-07-12 00:30:34,242] {processor.py:161} INFO - Processing /home/airflow/.local/lib/python3.7/site-packages/airflow/example_dags/example_branch_python_dop_operator_3.py took 0.697 seconds
[2023-07-12 00:31:04,727] {processor.py:153} INFO - Started process (PID=104) to work on /home/airflow/.local/lib/python3.7/site-packages/airflow/example_dags/example_branch_python_dop_operator_3.py
[2023-07-12 00:31:04,727] {processor.py:641} INFO - Processing file /home/airflow/.local/lib/python3.7/site-packages/airflow/example_dags/example_branch_python_dop_operator_3.py for tasks to queue
[2023-07-12 00:31:04,728] {logging_mixin.py:115} INFO - [2023-07-12 00:31:04,728] {dagbag.py:508} INFO - Filling up the DagBag from /home/airflow/.local/lib/python3.7/site-packages/airflow/example_dags/example_branch_python_dop_operator_3.py
[2023-07-12 00:31:04,740] {processor.py:651} INFO - DAG(s) dict_keys(['example_branch_dop_operator_v3']) retrieved from /home/airflow/.local/lib/python3.7/site-packages/airflow/example_dags/example_branch_python_dop_operator_3.py
[2023-07-12 00:31:04,774] {logging_mixin.py:115} INFO - [2023-07-12 00:31:04,774] {dag.py:2420} INFO - Sync 1 DAGs
[2023-07-12 00:31:04,965] {logging_mixin.py:115} INFO - [2023-07-12 00:31:04,965] {dag.py:2972} INFO - Setting next_dagrun for example_branch_dop_operator_v3 to 2023-07-12T00:30:00+00:00, run_after=2023-07-12T00:31:00+00:00
[2023-07-12 00:31:04,980] {processor.py:161} INFO - Processing /home/airflow/.local/lib/python3.7/site-packages/airflow/example_dags/example_branch_python_dop_operator_3.py took 0.257 seconds
[2023-07-12 00:31:35,407] {processor.py:153} INFO - Started process (PID=156) to work on /home/airflow/.local/lib/python3.7/site-packages/airflow/example_dags/example_branch_python_dop_operator_3.py
[2023-07-12 00:31:35,408] {processor.py:641} INFO - Processing file /home/airflow/.local/lib/python3.7/site-packages/airflow/example_dags/example_branch_python_dop_operator_3.py for tasks to queue
[2023-07-12 00:31:35,409] {logging_mixin.py:115} INFO - [2023-07-12 00:31:35,409] {dagbag.py:508} INFO - Filling up the DagBag from /home/airflow/.local/lib/python3.7/site-packages/airflow/example_dags/example_branch_python_dop_operator_3.py
[2023-07-12 00:31:35,428] {processor.py:651} INFO - DAG(s) dict_keys(['example_branch_dop_operator_v3']) retrieved from /home/airflow/.local/lib/python3.7/site-packages/airflow/example_dags/example_branch_python_dop_operator_3.py
[2023-07-12 00:31:35,488] {logging_mixin.py:115} INFO - [2023-07-12 00:31:35,488] {dag.py:2420} INFO - Sync 1 DAGs
[2023-07-12 00:31:35,821] {logging_mixin.py:115} INFO - [2023-07-12 00:31:35,821] {dag.py:2972} INFO - Setting next_dagrun for example_branch_dop_operator_v3 to 2023-07-12T00:30:00+00:00, run_after=2023-07-12T00:31:00+00:00
[2023-07-12 00:31:35,840] {processor.py:161} INFO - Processing /home/airflow/.local/lib/python3.7/site-packages/airflow/example_dags/example_branch_python_dop_operator_3.py took 0.440 seconds
[2023-07-12 00:32:07,020] {processor.py:153} INFO - Started process (PID=217) to work on /home/airflow/.local/lib/python3.7/site-packages/airflow/example_dags/example_branch_python_dop_operator_3.py
[2023-07-12 00:32:07,024] {processor.py:641} INFO - Processing file /home/airflow/.local/lib/python3.7/site-packages/airflow/example_dags/example_branch_python_dop_operator_3.py for tasks to queue
[2023-07-12 00:32:07,025] {logging_mixin.py:115} INFO - [2023-07-12 00:32:07,025] {dagbag.py:508} INFO - Filling up the DagBag from /home/airflow/.local/lib/python3.7/site-packages/airflow/example_dags/example_branch_python_dop_operator_3.py
[2023-07-12 00:32:07,051] {processor.py:651} INFO - DAG(s) dict_keys(['example_branch_dop_operator_v3']) retrieved from /home/airflow/.local/lib/python3.7/site-packages/airflow/example_dags/example_branch_python_dop_operator_3.py
[2023-07-12 00:32:07,117] {logging_mixin.py:115} INFO - [2023-07-12 00:32:07,117] {dag.py:2420} INFO - Sync 1 DAGs
[2023-07-12 00:32:07,450] {logging_mixin.py:115} INFO - [2023-07-12 00:32:07,450] {dag.py:2972} INFO - Setting next_dagrun for example_branch_dop_operator_v3 to 2023-07-12T00:31:00+00:00, run_after=2023-07-12T00:32:00+00:00
[2023-07-12 00:32:07,477] {processor.py:161} INFO - Processing /home/airflow/.local/lib/python3.7/site-packages/airflow/example_dags/example_branch_python_dop_operator_3.py took 0.470 seconds
[2023-07-12 00:32:38,874] {processor.py:153} INFO - Started process (PID=271) to work on /home/airflow/.local/lib/python3.7/site-packages/airflow/example_dags/example_branch_python_dop_operator_3.py
[2023-07-12 00:32:38,875] {processor.py:641} INFO - Processing file /home/airflow/.local/lib/python3.7/site-packages/airflow/example_dags/example_branch_python_dop_operator_3.py for tasks to queue
[2023-07-12 00:32:38,875] {logging_mixin.py:115} INFO - [2023-07-12 00:32:38,875] {dagbag.py:508} INFO - Filling up the DagBag from /home/airflow/.local/lib/python3.7/site-packages/airflow/example_dags/example_branch_python_dop_operator_3.py
[2023-07-12 00:32:38,909] {processor.py:651} INFO - DAG(s) dict_keys(['example_branch_dop_operator_v3']) retrieved from /home/airflow/.local/lib/python3.7/site-packages/airflow/example_dags/example_branch_python_dop_operator_3.py
[2023-07-12 00:32:39,017] {logging_mixin.py:115} INFO - [2023-07-12 00:32:39,017] {dag.py:2420} INFO - Sync 1 DAGs
[2023-07-12 00:32:39,361] {logging_mixin.py:115} INFO - [2023-07-12 00:32:39,361] {dag.py:2972} INFO - Setting next_dagrun for example_branch_dop_operator_v3 to 2023-07-12T00:31:00+00:00, run_after=2023-07-12T00:32:00+00:00
[2023-07-12 00:32:39,388] {processor.py:161} INFO - Processing /home/airflow/.local/lib/python3.7/site-packages/airflow/example_dags/example_branch_python_dop_operator_3.py took 0.521 seconds
[2023-07-12 00:33:16,355] {processor.py:153} INFO - Started process (PID=369) to work on /home/airflow/.local/lib/python3.7/site-packages/airflow/example_dags/example_branch_python_dop_operator_3.py
[2023-07-12 00:33:16,356] {processor.py:641} INFO - Processing file /home/airflow/.local/lib/python3.7/site-packages/airflow/example_dags/example_branch_python_dop_operator_3.py for tasks to queue
[2023-07-12 00:33:16,356] {logging_mixin.py:115} INFO - [2023-07-12 00:33:16,356] {dagbag.py:508} INFO - Filling up the DagBag from /home/airflow/.local/lib/python3.7/site-packages/airflow/example_dags/example_branch_python_dop_operator_3.py
[2023-07-12 00:33:16,386] {processor.py:651} INFO - DAG(s) dict_keys(['example_branch_dop_operator_v3']) retrieved from /home/airflow/.local/lib/python3.7/site-packages/airflow/example_dags/example_branch_python_dop_operator_3.py
[2023-07-12 00:33:16,474] {logging_mixin.py:115} INFO - [2023-07-12 00:33:16,474] {dag.py:2420} INFO - Sync 1 DAGs
[2023-07-12 00:33:17,042] {logging_mixin.py:115} INFO - [2023-07-12 00:33:17,042] {dag.py:2972} INFO - Setting next_dagrun for example_branch_dop_operator_v3 to 2023-07-12T00:32:00+00:00, run_after=2023-07-12T00:33:00+00:00
[2023-07-12 00:33:17,074] {processor.py:161} INFO - Processing /home/airflow/.local/lib/python3.7/site-packages/airflow/example_dags/example_branch_python_dop_operator_3.py took 0.729 seconds
[2023-07-12 00:33:51,463] {processor.py:153} INFO - Started process (PID=441) to work on /home/airflow/.local/lib/python3.7/site-packages/airflow/example_dags/example_branch_python_dop_operator_3.py
[2023-07-12 00:33:51,466] {processor.py:641} INFO - Processing file /home/airflow/.local/lib/python3.7/site-packages/airflow/example_dags/example_branch_python_dop_operator_3.py for tasks to queue
[2023-07-12 00:33:51,472] {logging_mixin.py:115} INFO - [2023-07-12 00:33:51,472] {dagbag.py:508} INFO - Filling up the DagBag from /home/airflow/.local/lib/python3.7/site-packages/airflow/example_dags/example_branch_python_dop_operator_3.py
[2023-07-12 00:33:51,546] {processor.py:651} INFO - DAG(s) dict_keys(['example_branch_dop_operator_v3']) retrieved from /home/airflow/.local/lib/python3.7/site-packages/airflow/example_dags/example_branch_python_dop_operator_3.py
[2023-07-12 00:33:51,741] {logging_mixin.py:115} INFO - [2023-07-12 00:33:51,741] {dag.py:2420} INFO - Sync 1 DAGs
[2023-07-12 00:33:52,134] {logging_mixin.py:115} INFO - [2023-07-12 00:33:52,134] {dag.py:2972} INFO - Setting next_dagrun for example_branch_dop_operator_v3 to 2023-07-12T00:32:00+00:00, run_after=2023-07-12T00:33:00+00:00
[2023-07-12 00:33:52,174] {processor.py:161} INFO - Processing /home/airflow/.local/lib/python3.7/site-packages/airflow/example_dags/example_branch_python_dop_operator_3.py took 0.732 seconds
[2023-07-12 00:34:22,696] {processor.py:153} INFO - Started process (PID=516) to work on /home/airflow/.local/lib/python3.7/site-packages/airflow/example_dags/example_branch_python_dop_operator_3.py
[2023-07-12 00:34:22,697] {processor.py:641} INFO - Processing file /home/airflow/.local/lib/python3.7/site-packages/airflow/example_dags/example_branch_python_dop_operator_3.py for tasks to queue
[2023-07-12 00:34:22,698] {logging_mixin.py:115} INFO - [2023-07-12 00:34:22,697] {dagbag.py:508} INFO - Filling up the DagBag from /home/airflow/.local/lib/python3.7/site-packages/airflow/example_dags/example_branch_python_dop_operator_3.py
[2023-07-12 00:34:22,889] {processor.py:651} INFO - DAG(s) dict_keys(['example_branch_dop_operator_v3']) retrieved from /home/airflow/.local/lib/python3.7/site-packages/airflow/example_dags/example_branch_python_dop_operator_3.py
[2023-07-12 00:34:23,095] {logging_mixin.py:115} INFO - [2023-07-12 00:34:23,095] {dag.py:2420} INFO - Sync 1 DAGs
[2023-07-12 00:34:23,595] {logging_mixin.py:115} INFO - [2023-07-12 00:34:23,595] {dag.py:2972} INFO - Setting next_dagrun for example_branch_dop_operator_v3 to 2023-07-12T00:33:00+00:00, run_after=2023-07-12T00:34:00+00:00
[2023-07-12 00:34:23,677] {processor.py:161} INFO - Processing /home/airflow/.local/lib/python3.7/site-packages/airflow/example_dags/example_branch_python_dop_operator_3.py took 1.059 seconds
[2023-07-12 00:34:53,795] {processor.py:153} INFO - Started process (PID=568) to work on /home/airflow/.local/lib/python3.7/site-packages/airflow/example_dags/example_branch_python_dop_operator_3.py
[2023-07-12 00:34:53,797] {processor.py:641} INFO - Processing file /home/airflow/.local/lib/python3.7/site-packages/airflow/example_dags/example_branch_python_dop_operator_3.py for tasks to queue
[2023-07-12 00:34:53,798] {logging_mixin.py:115} INFO - [2023-07-12 00:34:53,798] {dagbag.py:508} INFO - Filling up the DagBag from /home/airflow/.local/lib/python3.7/site-packages/airflow/example_dags/example_branch_python_dop_operator_3.py
[2023-07-12 00:34:53,814] {processor.py:651} INFO - DAG(s) dict_keys(['example_branch_dop_operator_v3']) retrieved from /home/airflow/.local/lib/python3.7/site-packages/airflow/example_dags/example_branch_python_dop_operator_3.py
[2023-07-12 00:34:53,855] {logging_mixin.py:115} INFO - [2023-07-12 00:34:53,855] {dag.py:2420} INFO - Sync 1 DAGs
[2023-07-12 00:34:54,068] {logging_mixin.py:115} INFO - [2023-07-12 00:34:54,068] {dag.py:2972} INFO - Setting next_dagrun for example_branch_dop_operator_v3 to 2023-07-12T00:33:00+00:00, run_after=2023-07-12T00:34:00+00:00
[2023-07-12 00:34:54,087] {processor.py:161} INFO - Processing /home/airflow/.local/lib/python3.7/site-packages/airflow/example_dags/example_branch_python_dop_operator_3.py took 0.297 seconds
[2023-07-12 00:35:25,020] {processor.py:153} INFO - Started process (PID=622) to work on /home/airflow/.local/lib/python3.7/site-packages/airflow/example_dags/example_branch_python_dop_operator_3.py
[2023-07-12 00:35:25,021] {processor.py:641} INFO - Processing file /home/airflow/.local/lib/python3.7/site-packages/airflow/example_dags/example_branch_python_dop_operator_3.py for tasks to queue
[2023-07-12 00:35:25,022] {logging_mixin.py:115} INFO - [2023-07-12 00:35:25,022] {dagbag.py:508} INFO - Filling up the DagBag from /home/airflow/.local/lib/python3.7/site-packages/airflow/example_dags/example_branch_python_dop_operator_3.py
[2023-07-12 00:35:25,049] {processor.py:651} INFO - DAG(s) dict_keys(['example_branch_dop_operator_v3']) retrieved from /home/airflow/.local/lib/python3.7/site-packages/airflow/example_dags/example_branch_python_dop_operator_3.py
[2023-07-12 00:35:25,308] {logging_mixin.py:115} INFO - [2023-07-12 00:35:25,307] {dag.py:2420} INFO - Sync 1 DAGs
[2023-07-12 00:35:25,834] {logging_mixin.py:115} INFO - [2023-07-12 00:35:25,834] {dag.py:2972} INFO - Setting next_dagrun for example_branch_dop_operator_v3 to 2023-07-12T00:34:00+00:00, run_after=2023-07-12T00:35:00+00:00
[2023-07-12 00:35:30,811] {logging_mixin.py:115} INFO - [2023-07-12 00:35:30,811] {process_utils.py:240} INFO - Waiting up to 5 seconds for processes to exit...
