[2023-07-12 00:21:00,868] {processor.py:153} INFO - Started process (PID=80) to work on /home/airflow/.local/lib/python3.7/site-packages/airflow/example_dags/example_xcom.py
[2023-07-12 00:21:00,869] {processor.py:641} INFO - Processing file /home/airflow/.local/lib/python3.7/site-packages/airflow/example_dags/example_xcom.py for tasks to queue
[2023-07-12 00:21:00,870] {logging_mixin.py:115} INFO - [2023-07-12 00:21:00,870] {dagbag.py:508} INFO - Filling up the DagBag from /home/airflow/.local/lib/python3.7/site-packages/airflow/example_dags/example_xcom.py
[2023-07-12 00:21:00,938] {processor.py:651} INFO - DAG(s) dict_keys(['example_xcom']) retrieved from /home/airflow/.local/lib/python3.7/site-packages/airflow/example_dags/example_xcom.py
[2023-07-12 00:21:01,497] {logging_mixin.py:115} INFO - [2023-07-12 00:21:01,497] {dag.py:2420} INFO - Sync 1 DAGs
[2023-07-12 00:21:01,573] {logging_mixin.py:115} INFO - [2023-07-12 00:21:01,573] {dag.py:2972} INFO - Setting next_dagrun for example_xcom to 2021-01-01T00:00:00+00:00, run_after=2021-01-01T00:00:00+00:00
[2023-07-12 00:21:01,617] {processor.py:161} INFO - Processing /home/airflow/.local/lib/python3.7/site-packages/airflow/example_dags/example_xcom.py took 0.755 seconds
[2023-07-12 00:21:31,876] {processor.py:153} INFO - Started process (PID=132) to work on /home/airflow/.local/lib/python3.7/site-packages/airflow/example_dags/example_xcom.py
[2023-07-12 00:21:31,877] {processor.py:641} INFO - Processing file /home/airflow/.local/lib/python3.7/site-packages/airflow/example_dags/example_xcom.py for tasks to queue
[2023-07-12 00:21:31,878] {logging_mixin.py:115} INFO - [2023-07-12 00:21:31,877] {dagbag.py:508} INFO - Filling up the DagBag from /home/airflow/.local/lib/python3.7/site-packages/airflow/example_dags/example_xcom.py
[2023-07-12 00:21:31,916] {processor.py:651} INFO - DAG(s) dict_keys(['example_xcom']) retrieved from /home/airflow/.local/lib/python3.7/site-packages/airflow/example_dags/example_xcom.py
[2023-07-12 00:21:32,132] {logging_mixin.py:115} INFO - [2023-07-12 00:21:32,131] {dag.py:2420} INFO - Sync 1 DAGs
[2023-07-12 00:21:32,175] {logging_mixin.py:115} INFO - [2023-07-12 00:21:32,175] {dag.py:2972} INFO - Setting next_dagrun for example_xcom to 2021-01-01T00:00:00+00:00, run_after=2021-01-01T00:00:00+00:00
[2023-07-12 00:21:32,196] {processor.py:161} INFO - Processing /home/airflow/.local/lib/python3.7/site-packages/airflow/example_dags/example_xcom.py took 0.325 seconds
[2023-07-12 00:22:02,532] {processor.py:153} INFO - Started process (PID=184) to work on /home/airflow/.local/lib/python3.7/site-packages/airflow/example_dags/example_xcom.py
[2023-07-12 00:22:02,533] {processor.py:641} INFO - Processing file /home/airflow/.local/lib/python3.7/site-packages/airflow/example_dags/example_xcom.py for tasks to queue
[2023-07-12 00:22:02,534] {logging_mixin.py:115} INFO - [2023-07-12 00:22:02,534] {dagbag.py:508} INFO - Filling up the DagBag from /home/airflow/.local/lib/python3.7/site-packages/airflow/example_dags/example_xcom.py
[2023-07-12 00:22:02,578] {processor.py:651} INFO - DAG(s) dict_keys(['example_xcom']) retrieved from /home/airflow/.local/lib/python3.7/site-packages/airflow/example_dags/example_xcom.py
[2023-07-12 00:22:02,831] {logging_mixin.py:115} INFO - [2023-07-12 00:22:02,831] {dag.py:2420} INFO - Sync 1 DAGs
[2023-07-12 00:22:02,883] {logging_mixin.py:115} INFO - [2023-07-12 00:22:02,883] {dag.py:2972} INFO - Setting next_dagrun for example_xcom to 2021-01-01T00:00:00+00:00, run_after=2021-01-01T00:00:00+00:00
[2023-07-12 00:22:02,904] {processor.py:161} INFO - Processing /home/airflow/.local/lib/python3.7/site-packages/airflow/example_dags/example_xcom.py took 0.377 seconds
[2023-07-12 00:22:34,434] {processor.py:153} INFO - Started process (PID=235) to work on /home/airflow/.local/lib/python3.7/site-packages/airflow/example_dags/example_xcom.py
[2023-07-12 00:22:34,445] {processor.py:641} INFO - Processing file /home/airflow/.local/lib/python3.7/site-packages/airflow/example_dags/example_xcom.py for tasks to queue
[2023-07-12 00:22:34,446] {logging_mixin.py:115} INFO - [2023-07-12 00:22:34,446] {dagbag.py:508} INFO - Filling up the DagBag from /home/airflow/.local/lib/python3.7/site-packages/airflow/example_dags/example_xcom.py
[2023-07-12 00:22:34,547] {processor.py:651} INFO - DAG(s) dict_keys(['example_xcom']) retrieved from /home/airflow/.local/lib/python3.7/site-packages/airflow/example_dags/example_xcom.py
[2023-07-12 00:22:35,365] {logging_mixin.py:115} INFO - [2023-07-12 00:22:35,364] {dag.py:2420} INFO - Sync 1 DAGs
[2023-07-12 00:22:35,430] {logging_mixin.py:115} INFO - [2023-07-12 00:22:35,430] {dag.py:2972} INFO - Setting next_dagrun for example_xcom to 2021-01-01T00:00:00+00:00, run_after=2021-01-01T00:00:00+00:00
[2023-07-12 00:22:35,486] {processor.py:161} INFO - Processing /home/airflow/.local/lib/python3.7/site-packages/airflow/example_dags/example_xcom.py took 1.078 seconds
[2023-07-12 00:23:05,633] {processor.py:153} INFO - Started process (PID=293) to work on /home/airflow/.local/lib/python3.7/site-packages/airflow/example_dags/example_xcom.py
[2023-07-12 00:23:05,634] {processor.py:641} INFO - Processing file /home/airflow/.local/lib/python3.7/site-packages/airflow/example_dags/example_xcom.py for tasks to queue
[2023-07-12 00:23:05,637] {logging_mixin.py:115} INFO - [2023-07-12 00:23:05,637] {dagbag.py:508} INFO - Filling up the DagBag from /home/airflow/.local/lib/python3.7/site-packages/airflow/example_dags/example_xcom.py
[2023-07-12 00:23:05,686] {processor.py:651} INFO - DAG(s) dict_keys(['example_xcom']) retrieved from /home/airflow/.local/lib/python3.7/site-packages/airflow/example_dags/example_xcom.py
[2023-07-12 00:23:05,954] {logging_mixin.py:115} INFO - [2023-07-12 00:23:05,954] {dag.py:2420} INFO - Sync 1 DAGs
[2023-07-12 00:23:06,012] {logging_mixin.py:115} INFO - [2023-07-12 00:23:06,012] {dag.py:2972} INFO - Setting next_dagrun for example_xcom to 2021-01-01T00:00:00+00:00, run_after=2021-01-01T00:00:00+00:00
[2023-07-12 00:23:06,068] {processor.py:161} INFO - Processing /home/airflow/.local/lib/python3.7/site-packages/airflow/example_dags/example_xcom.py took 0.448 seconds
[2023-07-12 00:23:36,485] {processor.py:153} INFO - Started process (PID=345) to work on /home/airflow/.local/lib/python3.7/site-packages/airflow/example_dags/example_xcom.py
[2023-07-12 00:23:36,486] {processor.py:641} INFO - Processing file /home/airflow/.local/lib/python3.7/site-packages/airflow/example_dags/example_xcom.py for tasks to queue
[2023-07-12 00:23:36,487] {logging_mixin.py:115} INFO - [2023-07-12 00:23:36,487] {dagbag.py:508} INFO - Filling up the DagBag from /home/airflow/.local/lib/python3.7/site-packages/airflow/example_dags/example_xcom.py
[2023-07-12 00:23:36,557] {processor.py:651} INFO - DAG(s) dict_keys(['example_xcom']) retrieved from /home/airflow/.local/lib/python3.7/site-packages/airflow/example_dags/example_xcom.py
[2023-07-12 00:23:37,162] {logging_mixin.py:115} INFO - [2023-07-12 00:23:37,162] {dag.py:2420} INFO - Sync 1 DAGs
[2023-07-12 00:23:37,245] {logging_mixin.py:115} INFO - [2023-07-12 00:23:37,245] {dag.py:2972} INFO - Setting next_dagrun for example_xcom to 2021-01-01T00:00:00+00:00, run_after=2021-01-01T00:00:00+00:00
[2023-07-12 00:23:37,319] {processor.py:161} INFO - Processing /home/airflow/.local/lib/python3.7/site-packages/airflow/example_dags/example_xcom.py took 0.846 seconds
[2023-07-12 00:24:08,139] {processor.py:153} INFO - Started process (PID=400) to work on /home/airflow/.local/lib/python3.7/site-packages/airflow/example_dags/example_xcom.py
[2023-07-12 00:24:08,141] {processor.py:641} INFO - Processing file /home/airflow/.local/lib/python3.7/site-packages/airflow/example_dags/example_xcom.py for tasks to queue
[2023-07-12 00:24:08,143] {logging_mixin.py:115} INFO - [2023-07-12 00:24:08,142] {dagbag.py:508} INFO - Filling up the DagBag from /home/airflow/.local/lib/python3.7/site-packages/airflow/example_dags/example_xcom.py
[2023-07-12 00:24:08,200] {processor.py:651} INFO - DAG(s) dict_keys(['example_xcom']) retrieved from /home/airflow/.local/lib/python3.7/site-packages/airflow/example_dags/example_xcom.py
[2023-07-12 00:24:08,710] {logging_mixin.py:115} INFO - [2023-07-12 00:24:08,709] {dag.py:2420} INFO - Sync 1 DAGs
[2023-07-12 00:24:08,849] {logging_mixin.py:115} INFO - [2023-07-12 00:24:08,849] {dag.py:2972} INFO - Setting next_dagrun for example_xcom to 2021-01-01T00:00:00+00:00, run_after=2021-01-01T00:00:00+00:00
[2023-07-12 00:24:08,907] {processor.py:161} INFO - Processing /home/airflow/.local/lib/python3.7/site-packages/airflow/example_dags/example_xcom.py took 0.773 seconds
[2023-07-12 00:24:39,226] {processor.py:153} INFO - Started process (PID=451) to work on /home/airflow/.local/lib/python3.7/site-packages/airflow/example_dags/example_xcom.py
[2023-07-12 00:24:39,227] {processor.py:641} INFO - Processing file /home/airflow/.local/lib/python3.7/site-packages/airflow/example_dags/example_xcom.py for tasks to queue
[2023-07-12 00:24:39,227] {logging_mixin.py:115} INFO - [2023-07-12 00:24:39,227] {dagbag.py:508} INFO - Filling up the DagBag from /home/airflow/.local/lib/python3.7/site-packages/airflow/example_dags/example_xcom.py
[2023-07-12 00:24:39,263] {processor.py:651} INFO - DAG(s) dict_keys(['example_xcom']) retrieved from /home/airflow/.local/lib/python3.7/site-packages/airflow/example_dags/example_xcom.py
[2023-07-12 00:24:39,520] {logging_mixin.py:115} INFO - [2023-07-12 00:24:39,520] {dag.py:2420} INFO - Sync 1 DAGs
[2023-07-12 00:24:39,553] {logging_mixin.py:115} INFO - [2023-07-12 00:24:39,553] {dag.py:2972} INFO - Setting next_dagrun for example_xcom to 2021-01-01T00:00:00+00:00, run_after=2021-01-01T00:00:00+00:00
[2023-07-12 00:24:39,571] {processor.py:161} INFO - Processing /home/airflow/.local/lib/python3.7/site-packages/airflow/example_dags/example_xcom.py took 0.350 seconds
[2023-07-12 00:25:09,689] {processor.py:153} INFO - Started process (PID=503) to work on /home/airflow/.local/lib/python3.7/site-packages/airflow/example_dags/example_xcom.py
[2023-07-12 00:25:09,690] {processor.py:641} INFO - Processing file /home/airflow/.local/lib/python3.7/site-packages/airflow/example_dags/example_xcom.py for tasks to queue
[2023-07-12 00:25:09,691] {logging_mixin.py:115} INFO - [2023-07-12 00:25:09,691] {dagbag.py:508} INFO - Filling up the DagBag from /home/airflow/.local/lib/python3.7/site-packages/airflow/example_dags/example_xcom.py
[2023-07-12 00:25:09,742] {processor.py:651} INFO - DAG(s) dict_keys(['example_xcom']) retrieved from /home/airflow/.local/lib/python3.7/site-packages/airflow/example_dags/example_xcom.py
[2023-07-12 00:25:10,167] {logging_mixin.py:115} INFO - [2023-07-12 00:25:10,167] {dag.py:2420} INFO - Sync 1 DAGs
[2023-07-12 00:25:10,222] {logging_mixin.py:115} INFO - [2023-07-12 00:25:10,222] {dag.py:2972} INFO - Setting next_dagrun for example_xcom to 2021-01-01T00:00:00+00:00, run_after=2021-01-01T00:00:00+00:00
[2023-07-12 00:25:10,246] {processor.py:161} INFO - Processing /home/airflow/.local/lib/python3.7/site-packages/airflow/example_dags/example_xcom.py took 0.564 seconds
[2023-07-12 00:25:40,606] {processor.py:153} INFO - Started process (PID=555) to work on /home/airflow/.local/lib/python3.7/site-packages/airflow/example_dags/example_xcom.py
[2023-07-12 00:25:40,607] {processor.py:641} INFO - Processing file /home/airflow/.local/lib/python3.7/site-packages/airflow/example_dags/example_xcom.py for tasks to queue
[2023-07-12 00:25:40,607] {logging_mixin.py:115} INFO - [2023-07-12 00:25:40,607] {dagbag.py:508} INFO - Filling up the DagBag from /home/airflow/.local/lib/python3.7/site-packages/airflow/example_dags/example_xcom.py
[2023-07-12 00:25:40,664] {processor.py:651} INFO - DAG(s) dict_keys(['example_xcom']) retrieved from /home/airflow/.local/lib/python3.7/site-packages/airflow/example_dags/example_xcom.py
[2023-07-12 00:25:41,121] {logging_mixin.py:115} INFO - [2023-07-12 00:25:41,121] {dag.py:2420} INFO - Sync 1 DAGs
[2023-07-12 00:25:41,214] {logging_mixin.py:115} INFO - [2023-07-12 00:25:41,213] {dag.py:2972} INFO - Setting next_dagrun for example_xcom to 2021-01-01T00:00:00+00:00, run_after=2021-01-01T00:00:00+00:00
[2023-07-12 00:25:41,276] {processor.py:161} INFO - Processing /home/airflow/.local/lib/python3.7/site-packages/airflow/example_dags/example_xcom.py took 0.717 seconds
[2023-07-12 00:26:11,634] {processor.py:153} INFO - Started process (PID=616) to work on /home/airflow/.local/lib/python3.7/site-packages/airflow/example_dags/example_xcom.py
[2023-07-12 00:26:11,634] {processor.py:641} INFO - Processing file /home/airflow/.local/lib/python3.7/site-packages/airflow/example_dags/example_xcom.py for tasks to queue
[2023-07-12 00:26:11,636] {logging_mixin.py:115} INFO - [2023-07-12 00:26:11,636] {dagbag.py:508} INFO - Filling up the DagBag from /home/airflow/.local/lib/python3.7/site-packages/airflow/example_dags/example_xcom.py
[2023-07-12 00:26:11,684] {processor.py:651} INFO - DAG(s) dict_keys(['example_xcom']) retrieved from /home/airflow/.local/lib/python3.7/site-packages/airflow/example_dags/example_xcom.py
[2023-07-12 00:26:11,936] {logging_mixin.py:115} INFO - [2023-07-12 00:26:11,936] {dag.py:2420} INFO - Sync 1 DAGs
[2023-07-12 00:26:11,976] {logging_mixin.py:115} INFO - [2023-07-12 00:26:11,976] {dag.py:2972} INFO - Setting next_dagrun for example_xcom to 2021-01-01T00:00:00+00:00, run_after=2021-01-01T00:00:00+00:00
[2023-07-12 00:26:12,044] {processor.py:161} INFO - Processing /home/airflow/.local/lib/python3.7/site-packages/airflow/example_dags/example_xcom.py took 0.416 seconds
[2023-07-12 00:26:42,509] {processor.py:153} INFO - Started process (PID=668) to work on /home/airflow/.local/lib/python3.7/site-packages/airflow/example_dags/example_xcom.py
[2023-07-12 00:26:42,510] {processor.py:641} INFO - Processing file /home/airflow/.local/lib/python3.7/site-packages/airflow/example_dags/example_xcom.py for tasks to queue
[2023-07-12 00:26:42,511] {logging_mixin.py:115} INFO - [2023-07-12 00:26:42,511] {dagbag.py:508} INFO - Filling up the DagBag from /home/airflow/.local/lib/python3.7/site-packages/airflow/example_dags/example_xcom.py
[2023-07-12 00:26:42,555] {processor.py:651} INFO - DAG(s) dict_keys(['example_xcom']) retrieved from /home/airflow/.local/lib/python3.7/site-packages/airflow/example_dags/example_xcom.py
[2023-07-12 00:26:43,019] {logging_mixin.py:115} INFO - [2023-07-12 00:26:43,019] {dag.py:2420} INFO - Sync 1 DAGs
[2023-07-12 00:26:43,061] {logging_mixin.py:115} INFO - [2023-07-12 00:26:43,061] {dag.py:2972} INFO - Setting next_dagrun for example_xcom to 2021-01-01T00:00:00+00:00, run_after=2021-01-01T00:00:00+00:00
[2023-07-12 00:26:43,080] {processor.py:161} INFO - Processing /home/airflow/.local/lib/python3.7/site-packages/airflow/example_dags/example_xcom.py took 0.575 seconds
[2023-07-12 00:27:13,226] {processor.py:153} INFO - Started process (PID=720) to work on /home/airflow/.local/lib/python3.7/site-packages/airflow/example_dags/example_xcom.py
[2023-07-12 00:27:13,227] {processor.py:641} INFO - Processing file /home/airflow/.local/lib/python3.7/site-packages/airflow/example_dags/example_xcom.py for tasks to queue
[2023-07-12 00:27:13,228] {logging_mixin.py:115} INFO - [2023-07-12 00:27:13,228] {dagbag.py:508} INFO - Filling up the DagBag from /home/airflow/.local/lib/python3.7/site-packages/airflow/example_dags/example_xcom.py
[2023-07-12 00:27:13,270] {processor.py:651} INFO - DAG(s) dict_keys(['example_xcom']) retrieved from /home/airflow/.local/lib/python3.7/site-packages/airflow/example_dags/example_xcom.py
[2023-07-12 00:27:13,672] {logging_mixin.py:115} INFO - [2023-07-12 00:27:13,671] {dag.py:2420} INFO - Sync 1 DAGs
[2023-07-12 00:27:13,717] {logging_mixin.py:115} INFO - [2023-07-12 00:27:13,716] {dag.py:2972} INFO - Setting next_dagrun for example_xcom to 2021-01-01T00:00:00+00:00, run_after=2021-01-01T00:00:00+00:00
[2023-07-12 00:27:13,754] {processor.py:161} INFO - Processing /home/airflow/.local/lib/python3.7/site-packages/airflow/example_dags/example_xcom.py took 0.533 seconds
[2023-07-12 00:27:44,242] {processor.py:153} INFO - Started process (PID=782) to work on /home/airflow/.local/lib/python3.7/site-packages/airflow/example_dags/example_xcom.py
[2023-07-12 00:27:44,253] {processor.py:641} INFO - Processing file /home/airflow/.local/lib/python3.7/site-packages/airflow/example_dags/example_xcom.py for tasks to queue
[2023-07-12 00:27:44,254] {logging_mixin.py:115} INFO - [2023-07-12 00:27:44,253] {dagbag.py:508} INFO - Filling up the DagBag from /home/airflow/.local/lib/python3.7/site-packages/airflow/example_dags/example_xcom.py
[2023-07-12 00:27:44,294] {processor.py:651} INFO - DAG(s) dict_keys(['example_xcom']) retrieved from /home/airflow/.local/lib/python3.7/site-packages/airflow/example_dags/example_xcom.py
[2023-07-12 00:27:44,491] {logging_mixin.py:115} INFO - [2023-07-12 00:27:44,491] {dag.py:2420} INFO - Sync 1 DAGs
[2023-07-12 00:27:44,532] {logging_mixin.py:115} INFO - [2023-07-12 00:27:44,531] {dag.py:2972} INFO - Setting next_dagrun for example_xcom to 2021-01-01T00:00:00+00:00, run_after=2021-01-01T00:00:00+00:00
[2023-07-12 00:27:44,550] {processor.py:161} INFO - Processing /home/airflow/.local/lib/python3.7/site-packages/airflow/example_dags/example_xcom.py took 0.313 seconds
[2023-07-12 00:28:15,496] {processor.py:153} INFO - Started process (PID=833) to work on /home/airflow/.local/lib/python3.7/site-packages/airflow/example_dags/example_xcom.py
[2023-07-12 00:28:15,496] {processor.py:641} INFO - Processing file /home/airflow/.local/lib/python3.7/site-packages/airflow/example_dags/example_xcom.py for tasks to queue
[2023-07-12 00:28:15,497] {logging_mixin.py:115} INFO - [2023-07-12 00:28:15,497] {dagbag.py:508} INFO - Filling up the DagBag from /home/airflow/.local/lib/python3.7/site-packages/airflow/example_dags/example_xcom.py
[2023-07-12 00:28:15,536] {processor.py:651} INFO - DAG(s) dict_keys(['example_xcom']) retrieved from /home/airflow/.local/lib/python3.7/site-packages/airflow/example_dags/example_xcom.py
[2023-07-12 00:28:15,764] {logging_mixin.py:115} INFO - [2023-07-12 00:28:15,764] {dag.py:2420} INFO - Sync 1 DAGs
[2023-07-12 00:28:15,805] {logging_mixin.py:115} INFO - [2023-07-12 00:28:15,805] {dag.py:2972} INFO - Setting next_dagrun for example_xcom to 2021-01-01T00:00:00+00:00, run_after=2021-01-01T00:00:00+00:00
[2023-07-12 00:28:15,823] {processor.py:161} INFO - Processing /home/airflow/.local/lib/python3.7/site-packages/airflow/example_dags/example_xcom.py took 0.334 seconds
[2023-07-12 00:28:46,377] {processor.py:153} INFO - Started process (PID=895) to work on /home/airflow/.local/lib/python3.7/site-packages/airflow/example_dags/example_xcom.py
[2023-07-12 00:28:46,379] {processor.py:641} INFO - Processing file /home/airflow/.local/lib/python3.7/site-packages/airflow/example_dags/example_xcom.py for tasks to queue
[2023-07-12 00:28:46,380] {logging_mixin.py:115} INFO - [2023-07-12 00:28:46,380] {dagbag.py:508} INFO - Filling up the DagBag from /home/airflow/.local/lib/python3.7/site-packages/airflow/example_dags/example_xcom.py
[2023-07-12 00:28:46,433] {processor.py:651} INFO - DAG(s) dict_keys(['example_xcom']) retrieved from /home/airflow/.local/lib/python3.7/site-packages/airflow/example_dags/example_xcom.py
[2023-07-12 00:28:47,111] {logging_mixin.py:115} INFO - [2023-07-12 00:28:47,111] {dag.py:2420} INFO - Sync 1 DAGs
[2023-07-12 00:28:47,218] {logging_mixin.py:115} INFO - [2023-07-12 00:28:47,218] {dag.py:2972} INFO - Setting next_dagrun for example_xcom to 2021-01-01T00:00:00+00:00, run_after=2021-01-01T00:00:00+00:00
[2023-07-12 00:28:47,334] {processor.py:161} INFO - Processing /home/airflow/.local/lib/python3.7/site-packages/airflow/example_dags/example_xcom.py took 0.963 seconds
[2023-07-12 00:29:17,832] {processor.py:153} INFO - Started process (PID=946) to work on /home/airflow/.local/lib/python3.7/site-packages/airflow/example_dags/example_xcom.py
[2023-07-12 00:29:17,833] {processor.py:641} INFO - Processing file /home/airflow/.local/lib/python3.7/site-packages/airflow/example_dags/example_xcom.py for tasks to queue
[2023-07-12 00:29:17,834] {logging_mixin.py:115} INFO - [2023-07-12 00:29:17,834] {dagbag.py:508} INFO - Filling up the DagBag from /home/airflow/.local/lib/python3.7/site-packages/airflow/example_dags/example_xcom.py
[2023-07-12 00:29:17,898] {processor.py:651} INFO - DAG(s) dict_keys(['example_xcom']) retrieved from /home/airflow/.local/lib/python3.7/site-packages/airflow/example_dags/example_xcom.py
[2023-07-12 00:29:18,173] {logging_mixin.py:115} INFO - [2023-07-12 00:29:18,173] {dag.py:2420} INFO - Sync 1 DAGs
[2023-07-12 00:29:18,278] {logging_mixin.py:115} INFO - [2023-07-12 00:29:18,277] {dag.py:2972} INFO - Setting next_dagrun for example_xcom to 2021-01-01T00:00:00+00:00, run_after=2021-01-01T00:00:00+00:00
[2023-07-12 00:29:18,346] {processor.py:161} INFO - Processing /home/airflow/.local/lib/python3.7/site-packages/airflow/example_dags/example_xcom.py took 0.526 seconds
[2023-07-12 00:30:44,796] {processor.py:153} INFO - Started process (PID=82) to work on /home/airflow/.local/lib/python3.7/site-packages/airflow/example_dags/example_xcom.py
[2023-07-12 00:30:44,800] {processor.py:641} INFO - Processing file /home/airflow/.local/lib/python3.7/site-packages/airflow/example_dags/example_xcom.py for tasks to queue
[2023-07-12 00:30:44,801] {logging_mixin.py:115} INFO - [2023-07-12 00:30:44,801] {dagbag.py:508} INFO - Filling up the DagBag from /home/airflow/.local/lib/python3.7/site-packages/airflow/example_dags/example_xcom.py
[2023-07-12 00:30:44,914] {processor.py:651} INFO - DAG(s) dict_keys(['example_xcom']) retrieved from /home/airflow/.local/lib/python3.7/site-packages/airflow/example_dags/example_xcom.py
[2023-07-12 00:30:45,553] {logging_mixin.py:115} INFO - [2023-07-12 00:30:45,552] {dag.py:2420} INFO - Sync 1 DAGs
[2023-07-12 00:30:45,668] {logging_mixin.py:115} INFO - [2023-07-12 00:30:45,668] {dag.py:2972} INFO - Setting next_dagrun for example_xcom to 2021-01-01T00:00:00+00:00, run_after=2021-01-01T00:00:00+00:00
[2023-07-12 00:30:45,733] {processor.py:161} INFO - Processing /home/airflow/.local/lib/python3.7/site-packages/airflow/example_dags/example_xcom.py took 0.955 seconds
[2023-07-12 00:31:16,629] {processor.py:153} INFO - Started process (PID=134) to work on /home/airflow/.local/lib/python3.7/site-packages/airflow/example_dags/example_xcom.py
[2023-07-12 00:31:16,630] {processor.py:641} INFO - Processing file /home/airflow/.local/lib/python3.7/site-packages/airflow/example_dags/example_xcom.py for tasks to queue
[2023-07-12 00:31:16,631] {logging_mixin.py:115} INFO - [2023-07-12 00:31:16,631] {dagbag.py:508} INFO - Filling up the DagBag from /home/airflow/.local/lib/python3.7/site-packages/airflow/example_dags/example_xcom.py
[2023-07-12 00:31:16,663] {processor.py:651} INFO - DAG(s) dict_keys(['example_xcom']) retrieved from /home/airflow/.local/lib/python3.7/site-packages/airflow/example_dags/example_xcom.py
[2023-07-12 00:31:16,884] {logging_mixin.py:115} INFO - [2023-07-12 00:31:16,883] {dag.py:2420} INFO - Sync 1 DAGs
[2023-07-12 00:31:16,916] {logging_mixin.py:115} INFO - [2023-07-12 00:31:16,916] {dag.py:2972} INFO - Setting next_dagrun for example_xcom to 2021-01-01T00:00:00+00:00, run_after=2021-01-01T00:00:00+00:00
[2023-07-12 00:31:16,934] {processor.py:161} INFO - Processing /home/airflow/.local/lib/python3.7/site-packages/airflow/example_dags/example_xcom.py took 0.309 seconds
[2023-07-12 00:31:47,744] {processor.py:153} INFO - Started process (PID=187) to work on /home/airflow/.local/lib/python3.7/site-packages/airflow/example_dags/example_xcom.py
[2023-07-12 00:31:47,745] {processor.py:641} INFO - Processing file /home/airflow/.local/lib/python3.7/site-packages/airflow/example_dags/example_xcom.py for tasks to queue
[2023-07-12 00:31:47,745] {logging_mixin.py:115} INFO - [2023-07-12 00:31:47,745] {dagbag.py:508} INFO - Filling up the DagBag from /home/airflow/.local/lib/python3.7/site-packages/airflow/example_dags/example_xcom.py
[2023-07-12 00:31:47,770] {processor.py:651} INFO - DAG(s) dict_keys(['example_xcom']) retrieved from /home/airflow/.local/lib/python3.7/site-packages/airflow/example_dags/example_xcom.py
[2023-07-12 00:31:47,950] {logging_mixin.py:115} INFO - [2023-07-12 00:31:47,949] {dag.py:2420} INFO - Sync 1 DAGs
[2023-07-12 00:31:47,978] {logging_mixin.py:115} INFO - [2023-07-12 00:31:47,978] {dag.py:2972} INFO - Setting next_dagrun for example_xcom to 2021-01-01T00:00:00+00:00, run_after=2021-01-01T00:00:00+00:00
[2023-07-12 00:31:47,996] {processor.py:161} INFO - Processing /home/airflow/.local/lib/python3.7/site-packages/airflow/example_dags/example_xcom.py took 0.256 seconds
[2023-07-12 00:32:18,314] {processor.py:153} INFO - Started process (PID=249) to work on /home/airflow/.local/lib/python3.7/site-packages/airflow/example_dags/example_xcom.py
[2023-07-12 00:32:18,315] {processor.py:641} INFO - Processing file /home/airflow/.local/lib/python3.7/site-packages/airflow/example_dags/example_xcom.py for tasks to queue
[2023-07-12 00:32:18,316] {logging_mixin.py:115} INFO - [2023-07-12 00:32:18,316] {dagbag.py:508} INFO - Filling up the DagBag from /home/airflow/.local/lib/python3.7/site-packages/airflow/example_dags/example_xcom.py
[2023-07-12 00:32:18,369] {processor.py:651} INFO - DAG(s) dict_keys(['example_xcom']) retrieved from /home/airflow/.local/lib/python3.7/site-packages/airflow/example_dags/example_xcom.py
[2023-07-12 00:32:18,869] {logging_mixin.py:115} INFO - [2023-07-12 00:32:18,869] {dag.py:2420} INFO - Sync 1 DAGs
[2023-07-12 00:32:18,916] {logging_mixin.py:115} INFO - [2023-07-12 00:32:18,916] {dag.py:2972} INFO - Setting next_dagrun for example_xcom to 2021-01-01T00:00:00+00:00, run_after=2021-01-01T00:00:00+00:00
[2023-07-12 00:32:18,932] {processor.py:161} INFO - Processing /home/airflow/.local/lib/python3.7/site-packages/airflow/example_dags/example_xcom.py took 0.626 seconds
[2023-07-12 00:32:50,065] {processor.py:153} INFO - Started process (PID=316) to work on /home/airflow/.local/lib/python3.7/site-packages/airflow/example_dags/example_xcom.py
[2023-07-12 00:32:50,066] {processor.py:641} INFO - Processing file /home/airflow/.local/lib/python3.7/site-packages/airflow/example_dags/example_xcom.py for tasks to queue
[2023-07-12 00:32:50,067] {logging_mixin.py:115} INFO - [2023-07-12 00:32:50,067] {dagbag.py:508} INFO - Filling up the DagBag from /home/airflow/.local/lib/python3.7/site-packages/airflow/example_dags/example_xcom.py
[2023-07-12 00:32:50,447] {processor.py:651} INFO - DAG(s) dict_keys(['example_xcom']) retrieved from /home/airflow/.local/lib/python3.7/site-packages/airflow/example_dags/example_xcom.py
[2023-07-12 00:32:50,988] {logging_mixin.py:115} INFO - [2023-07-12 00:32:50,988] {dag.py:2420} INFO - Sync 1 DAGs
[2023-07-12 00:32:51,128] {logging_mixin.py:115} INFO - [2023-07-12 00:32:51,127] {dag.py:2972} INFO - Setting next_dagrun for example_xcom to 2021-01-01T00:00:00+00:00, run_after=2021-01-01T00:00:00+00:00
[2023-07-12 00:32:51,209] {processor.py:161} INFO - Processing /home/airflow/.local/lib/python3.7/site-packages/airflow/example_dags/example_xcom.py took 1.171 seconds
[2023-07-12 00:33:37,584] {processor.py:153} INFO - Started process (PID=405) to work on /home/airflow/.local/lib/python3.7/site-packages/airflow/example_dags/example_xcom.py
[2023-07-12 00:33:37,585] {processor.py:641} INFO - Processing file /home/airflow/.local/lib/python3.7/site-packages/airflow/example_dags/example_xcom.py for tasks to queue
[2023-07-12 00:33:37,590] {logging_mixin.py:115} INFO - [2023-07-12 00:33:37,589] {dagbag.py:508} INFO - Filling up the DagBag from /home/airflow/.local/lib/python3.7/site-packages/airflow/example_dags/example_xcom.py
[2023-07-12 00:33:37,725] {processor.py:651} INFO - DAG(s) dict_keys(['example_xcom']) retrieved from /home/airflow/.local/lib/python3.7/site-packages/airflow/example_dags/example_xcom.py
[2023-07-12 00:33:38,153] {logging_mixin.py:115} INFO - [2023-07-12 00:33:38,152] {dag.py:2420} INFO - Sync 1 DAGs
[2023-07-12 00:33:38,248] {logging_mixin.py:115} INFO - [2023-07-12 00:33:38,247] {dag.py:2972} INFO - Setting next_dagrun for example_xcom to 2021-01-01T00:00:00+00:00, run_after=2021-01-01T00:00:00+00:00
[2023-07-12 00:33:38,380] {processor.py:161} INFO - Processing /home/airflow/.local/lib/python3.7/site-packages/airflow/example_dags/example_xcom.py took 0.814 seconds
[2023-07-12 00:34:12,045] {processor.py:153} INFO - Started process (PID=500) to work on /home/airflow/.local/lib/python3.7/site-packages/airflow/example_dags/example_xcom.py
[2023-07-12 00:34:12,084] {processor.py:641} INFO - Processing file /home/airflow/.local/lib/python3.7/site-packages/airflow/example_dags/example_xcom.py for tasks to queue
[2023-07-12 00:34:12,090] {logging_mixin.py:115} INFO - [2023-07-12 00:34:12,089] {dagbag.py:508} INFO - Filling up the DagBag from /home/airflow/.local/lib/python3.7/site-packages/airflow/example_dags/example_xcom.py
[2023-07-12 00:34:12,759] {processor.py:651} INFO - DAG(s) dict_keys(['example_xcom']) retrieved from /home/airflow/.local/lib/python3.7/site-packages/airflow/example_dags/example_xcom.py
[2023-07-12 00:34:15,119] {logging_mixin.py:115} INFO - [2023-07-12 00:34:15,118] {dag.py:2420} INFO - Sync 1 DAGs
[2023-07-12 00:34:15,438] {logging_mixin.py:115} INFO - [2023-07-12 00:34:15,437] {dag.py:2972} INFO - Setting next_dagrun for example_xcom to 2021-01-01T00:00:00+00:00, run_after=2021-01-01T00:00:00+00:00
[2023-07-12 00:34:15,585] {processor.py:161} INFO - Processing /home/airflow/.local/lib/python3.7/site-packages/airflow/example_dags/example_xcom.py took 3.588 seconds
[2023-07-12 00:34:46,618] {processor.py:153} INFO - Started process (PID=557) to work on /home/airflow/.local/lib/python3.7/site-packages/airflow/example_dags/example_xcom.py
[2023-07-12 00:34:46,620] {processor.py:641} INFO - Processing file /home/airflow/.local/lib/python3.7/site-packages/airflow/example_dags/example_xcom.py for tasks to queue
[2023-07-12 00:34:46,623] {logging_mixin.py:115} INFO - [2023-07-12 00:34:46,623] {dagbag.py:508} INFO - Filling up the DagBag from /home/airflow/.local/lib/python3.7/site-packages/airflow/example_dags/example_xcom.py
[2023-07-12 00:34:46,890] {processor.py:651} INFO - DAG(s) dict_keys(['example_xcom']) retrieved from /home/airflow/.local/lib/python3.7/site-packages/airflow/example_dags/example_xcom.py
[2023-07-12 00:34:47,264] {logging_mixin.py:115} INFO - [2023-07-12 00:34:47,264] {dag.py:2420} INFO - Sync 1 DAGs
[2023-07-12 00:34:47,320] {logging_mixin.py:115} INFO - [2023-07-12 00:34:47,320] {dag.py:2972} INFO - Setting next_dagrun for example_xcom to 2021-01-01T00:00:00+00:00, run_after=2021-01-01T00:00:00+00:00
[2023-07-12 00:34:47,370] {processor.py:161} INFO - Processing /home/airflow/.local/lib/python3.7/site-packages/airflow/example_dags/example_xcom.py took 0.797 seconds
[2023-07-12 00:35:17,771] {processor.py:153} INFO - Started process (PID=610) to work on /home/airflow/.local/lib/python3.7/site-packages/airflow/example_dags/example_xcom.py
[2023-07-12 00:35:17,772] {processor.py:641} INFO - Processing file /home/airflow/.local/lib/python3.7/site-packages/airflow/example_dags/example_xcom.py for tasks to queue
[2023-07-12 00:35:17,773] {logging_mixin.py:115} INFO - [2023-07-12 00:35:17,773] {dagbag.py:508} INFO - Filling up the DagBag from /home/airflow/.local/lib/python3.7/site-packages/airflow/example_dags/example_xcom.py
[2023-07-12 00:35:17,965] {processor.py:651} INFO - DAG(s) dict_keys(['example_xcom']) retrieved from /home/airflow/.local/lib/python3.7/site-packages/airflow/example_dags/example_xcom.py
[2023-07-12 00:35:18,621] {logging_mixin.py:115} INFO - [2023-07-12 00:35:18,620] {dag.py:2420} INFO - Sync 1 DAGs
[2023-07-12 00:35:18,719] {logging_mixin.py:115} INFO - [2023-07-12 00:35:18,718] {dag.py:2972} INFO - Setting next_dagrun for example_xcom to 2021-01-01T00:00:00+00:00, run_after=2021-01-01T00:00:00+00:00
[2023-07-12 00:35:18,769] {processor.py:161} INFO - Processing /home/airflow/.local/lib/python3.7/site-packages/airflow/example_dags/example_xcom.py took 1.003 seconds
