[2023-07-12 00:20:46,509] {processor.py:153} INFO - Started process (PID=61) to work on /home/airflow/.local/lib/python3.7/site-packages/airflow/example_dags/example_task_group.py
[2023-07-12 00:20:46,510] {processor.py:641} INFO - Processing file /home/airflow/.local/lib/python3.7/site-packages/airflow/example_dags/example_task_group.py for tasks to queue
[2023-07-12 00:20:46,511] {logging_mixin.py:115} INFO - [2023-07-12 00:20:46,511] {dagbag.py:508} INFO - Filling up the DagBag from /home/airflow/.local/lib/python3.7/site-packages/airflow/example_dags/example_task_group.py
[2023-07-12 00:20:46,561] {processor.py:651} INFO - DAG(s) dict_keys(['example_task_group']) retrieved from /home/airflow/.local/lib/python3.7/site-packages/airflow/example_dags/example_task_group.py
[2023-07-12 00:20:46,652] {logging_mixin.py:115} INFO - [2023-07-12 00:20:46,651] {dag.py:2420} INFO - Sync 1 DAGs
[2023-07-12 00:20:46,996] {logging_mixin.py:115} INFO - [2023-07-12 00:20:46,996] {dag.py:2972} INFO - Setting next_dagrun for example_task_group to 2023-07-11T00:20:46.995998+00:00, run_after=2023-07-12T00:20:46.995998+00:00
[2023-07-12 00:20:47,050] {processor.py:161} INFO - Processing /home/airflow/.local/lib/python3.7/site-packages/airflow/example_dags/example_task_group.py took 0.553 seconds
[2023-07-12 00:21:17,335] {processor.py:153} INFO - Started process (PID=104) to work on /home/airflow/.local/lib/python3.7/site-packages/airflow/example_dags/example_task_group.py
[2023-07-12 00:21:17,336] {processor.py:641} INFO - Processing file /home/airflow/.local/lib/python3.7/site-packages/airflow/example_dags/example_task_group.py for tasks to queue
[2023-07-12 00:21:17,337] {logging_mixin.py:115} INFO - [2023-07-12 00:21:17,337] {dagbag.py:508} INFO - Filling up the DagBag from /home/airflow/.local/lib/python3.7/site-packages/airflow/example_dags/example_task_group.py
[2023-07-12 00:21:17,371] {processor.py:651} INFO - DAG(s) dict_keys(['example_task_group']) retrieved from /home/airflow/.local/lib/python3.7/site-packages/airflow/example_dags/example_task_group.py
[2023-07-12 00:21:17,451] {logging_mixin.py:115} INFO - [2023-07-12 00:21:17,451] {dag.py:2420} INFO - Sync 1 DAGs
[2023-07-12 00:21:17,713] {logging_mixin.py:115} INFO - [2023-07-12 00:21:17,713] {dag.py:2972} INFO - Setting next_dagrun for example_task_group to 2023-07-11T00:21:17.712701+00:00, run_after=2023-07-12T00:21:17.712701+00:00
[2023-07-12 00:21:17,753] {processor.py:161} INFO - Processing /home/airflow/.local/lib/python3.7/site-packages/airflow/example_dags/example_task_group.py took 0.426 seconds
[2023-07-12 00:21:47,830] {processor.py:153} INFO - Started process (PID=156) to work on /home/airflow/.local/lib/python3.7/site-packages/airflow/example_dags/example_task_group.py
[2023-07-12 00:21:47,830] {processor.py:641} INFO - Processing file /home/airflow/.local/lib/python3.7/site-packages/airflow/example_dags/example_task_group.py for tasks to queue
[2023-07-12 00:21:47,831] {logging_mixin.py:115} INFO - [2023-07-12 00:21:47,831] {dagbag.py:508} INFO - Filling up the DagBag from /home/airflow/.local/lib/python3.7/site-packages/airflow/example_dags/example_task_group.py
[2023-07-12 00:21:47,842] {processor.py:651} INFO - DAG(s) dict_keys(['example_task_group']) retrieved from /home/airflow/.local/lib/python3.7/site-packages/airflow/example_dags/example_task_group.py
[2023-07-12 00:21:47,895] {logging_mixin.py:115} INFO - [2023-07-12 00:21:47,895] {dag.py:2420} INFO - Sync 1 DAGs
[2023-07-12 00:21:48,149] {logging_mixin.py:115} INFO - [2023-07-12 00:21:48,148] {dag.py:2972} INFO - Setting next_dagrun for example_task_group to 2023-07-11T00:21:48.148042+00:00, run_after=2023-07-12T00:21:48.148042+00:00
[2023-07-12 00:21:48,179] {processor.py:161} INFO - Processing /home/airflow/.local/lib/python3.7/site-packages/airflow/example_dags/example_task_group.py took 0.353 seconds
[2023-07-12 00:22:19,475] {processor.py:153} INFO - Started process (PID=207) to work on /home/airflow/.local/lib/python3.7/site-packages/airflow/example_dags/example_task_group.py
[2023-07-12 00:22:19,480] {processor.py:641} INFO - Processing file /home/airflow/.local/lib/python3.7/site-packages/airflow/example_dags/example_task_group.py for tasks to queue
[2023-07-12 00:22:19,481] {logging_mixin.py:115} INFO - [2023-07-12 00:22:19,481] {dagbag.py:508} INFO - Filling up the DagBag from /home/airflow/.local/lib/python3.7/site-packages/airflow/example_dags/example_task_group.py
[2023-07-12 00:22:19,511] {processor.py:651} INFO - DAG(s) dict_keys(['example_task_group']) retrieved from /home/airflow/.local/lib/python3.7/site-packages/airflow/example_dags/example_task_group.py
[2023-07-12 00:22:19,592] {logging_mixin.py:115} INFO - [2023-07-12 00:22:19,592] {dag.py:2420} INFO - Sync 1 DAGs
[2023-07-12 00:22:19,852] {logging_mixin.py:115} INFO - [2023-07-12 00:22:19,851] {dag.py:2972} INFO - Setting next_dagrun for example_task_group to 2023-07-11T00:22:19.851453+00:00, run_after=2023-07-12T00:22:19.851453+00:00
[2023-07-12 00:22:19,896] {processor.py:161} INFO - Processing /home/airflow/.local/lib/python3.7/site-packages/airflow/example_dags/example_task_group.py took 0.427 seconds
[2023-07-12 00:22:51,166] {processor.py:153} INFO - Started process (PID=268) to work on /home/airflow/.local/lib/python3.7/site-packages/airflow/example_dags/example_task_group.py
[2023-07-12 00:22:51,167] {processor.py:641} INFO - Processing file /home/airflow/.local/lib/python3.7/site-packages/airflow/example_dags/example_task_group.py for tasks to queue
[2023-07-12 00:22:51,169] {logging_mixin.py:115} INFO - [2023-07-12 00:22:51,169] {dagbag.py:508} INFO - Filling up the DagBag from /home/airflow/.local/lib/python3.7/site-packages/airflow/example_dags/example_task_group.py
[2023-07-12 00:22:51,189] {processor.py:651} INFO - DAG(s) dict_keys(['example_task_group']) retrieved from /home/airflow/.local/lib/python3.7/site-packages/airflow/example_dags/example_task_group.py
[2023-07-12 00:22:51,324] {logging_mixin.py:115} INFO - [2023-07-12 00:22:51,324] {dag.py:2420} INFO - Sync 1 DAGs
[2023-07-12 00:22:51,743] {logging_mixin.py:115} INFO - [2023-07-12 00:22:51,742] {dag.py:2972} INFO - Setting next_dagrun for example_task_group to 2023-07-11T00:22:51.741840+00:00, run_after=2023-07-12T00:22:51.741840+00:00
[2023-07-12 00:22:51,816] {processor.py:161} INFO - Processing /home/airflow/.local/lib/python3.7/site-packages/airflow/example_dags/example_task_group.py took 0.658 seconds
[2023-07-12 00:23:22,193] {processor.py:153} INFO - Started process (PID=320) to work on /home/airflow/.local/lib/python3.7/site-packages/airflow/example_dags/example_task_group.py
[2023-07-12 00:23:22,195] {processor.py:641} INFO - Processing file /home/airflow/.local/lib/python3.7/site-packages/airflow/example_dags/example_task_group.py for tasks to queue
[2023-07-12 00:23:22,197] {logging_mixin.py:115} INFO - [2023-07-12 00:23:22,197] {dagbag.py:508} INFO - Filling up the DagBag from /home/airflow/.local/lib/python3.7/site-packages/airflow/example_dags/example_task_group.py
[2023-07-12 00:23:22,216] {processor.py:651} INFO - DAG(s) dict_keys(['example_task_group']) retrieved from /home/airflow/.local/lib/python3.7/site-packages/airflow/example_dags/example_task_group.py
[2023-07-12 00:23:22,317] {logging_mixin.py:115} INFO - [2023-07-12 00:23:22,317] {dag.py:2420} INFO - Sync 1 DAGs
[2023-07-12 00:23:22,962] {logging_mixin.py:115} INFO - [2023-07-12 00:23:22,960] {dag.py:2972} INFO - Setting next_dagrun for example_task_group to 2023-07-11T00:23:22.959227+00:00, run_after=2023-07-12T00:23:22.959227+00:00
[2023-07-12 00:23:23,065] {processor.py:161} INFO - Processing /home/airflow/.local/lib/python3.7/site-packages/airflow/example_dags/example_task_group.py took 0.887 seconds
[2023-07-12 00:23:53,867] {processor.py:153} INFO - Started process (PID=372) to work on /home/airflow/.local/lib/python3.7/site-packages/airflow/example_dags/example_task_group.py
[2023-07-12 00:23:53,869] {processor.py:641} INFO - Processing file /home/airflow/.local/lib/python3.7/site-packages/airflow/example_dags/example_task_group.py for tasks to queue
[2023-07-12 00:23:53,870] {logging_mixin.py:115} INFO - [2023-07-12 00:23:53,870] {dagbag.py:508} INFO - Filling up the DagBag from /home/airflow/.local/lib/python3.7/site-packages/airflow/example_dags/example_task_group.py
[2023-07-12 00:23:53,891] {processor.py:651} INFO - DAG(s) dict_keys(['example_task_group']) retrieved from /home/airflow/.local/lib/python3.7/site-packages/airflow/example_dags/example_task_group.py
[2023-07-12 00:23:53,993] {logging_mixin.py:115} INFO - [2023-07-12 00:23:53,992] {dag.py:2420} INFO - Sync 1 DAGs
[2023-07-12 00:23:54,345] {logging_mixin.py:115} INFO - [2023-07-12 00:23:54,345] {dag.py:2972} INFO - Setting next_dagrun for example_task_group to 2023-07-11T00:23:54.345291+00:00, run_after=2023-07-12T00:23:54.345291+00:00
[2023-07-12 00:23:54,375] {processor.py:161} INFO - Processing /home/airflow/.local/lib/python3.7/site-packages/airflow/example_dags/example_task_group.py took 0.516 seconds
[2023-07-12 00:24:24,475] {processor.py:153} INFO - Started process (PID=423) to work on /home/airflow/.local/lib/python3.7/site-packages/airflow/example_dags/example_task_group.py
[2023-07-12 00:24:24,479] {processor.py:641} INFO - Processing file /home/airflow/.local/lib/python3.7/site-packages/airflow/example_dags/example_task_group.py for tasks to queue
[2023-07-12 00:24:24,483] {logging_mixin.py:115} INFO - [2023-07-12 00:24:24,482] {dagbag.py:508} INFO - Filling up the DagBag from /home/airflow/.local/lib/python3.7/site-packages/airflow/example_dags/example_task_group.py
[2023-07-12 00:24:24,511] {processor.py:651} INFO - DAG(s) dict_keys(['example_task_group']) retrieved from /home/airflow/.local/lib/python3.7/site-packages/airflow/example_dags/example_task_group.py
[2023-07-12 00:24:24,629] {logging_mixin.py:115} INFO - [2023-07-12 00:24:24,629] {dag.py:2420} INFO - Sync 1 DAGs
[2023-07-12 00:24:25,111] {logging_mixin.py:115} INFO - [2023-07-12 00:24:25,110] {dag.py:2972} INFO - Setting next_dagrun for example_task_group to 2023-07-11T00:24:25.110466+00:00, run_after=2023-07-12T00:24:25.110466+00:00
[2023-07-12 00:24:25,173] {processor.py:161} INFO - Processing /home/airflow/.local/lib/python3.7/site-packages/airflow/example_dags/example_task_group.py took 0.710 seconds
[2023-07-12 00:24:55,795] {processor.py:153} INFO - Started process (PID=476) to work on /home/airflow/.local/lib/python3.7/site-packages/airflow/example_dags/example_task_group.py
[2023-07-12 00:24:55,795] {processor.py:641} INFO - Processing file /home/airflow/.local/lib/python3.7/site-packages/airflow/example_dags/example_task_group.py for tasks to queue
[2023-07-12 00:24:55,798] {logging_mixin.py:115} INFO - [2023-07-12 00:24:55,797] {dagbag.py:508} INFO - Filling up the DagBag from /home/airflow/.local/lib/python3.7/site-packages/airflow/example_dags/example_task_group.py
[2023-07-12 00:24:55,815] {processor.py:651} INFO - DAG(s) dict_keys(['example_task_group']) retrieved from /home/airflow/.local/lib/python3.7/site-packages/airflow/example_dags/example_task_group.py
[2023-07-12 00:24:55,887] {logging_mixin.py:115} INFO - [2023-07-12 00:24:55,887] {dag.py:2420} INFO - Sync 1 DAGs
[2023-07-12 00:24:56,189] {logging_mixin.py:115} INFO - [2023-07-12 00:24:56,189] {dag.py:2972} INFO - Setting next_dagrun for example_task_group to 2023-07-11T00:24:56.188973+00:00, run_after=2023-07-12T00:24:56.188973+00:00
[2023-07-12 00:24:56,243] {processor.py:161} INFO - Processing /home/airflow/.local/lib/python3.7/site-packages/airflow/example_dags/example_task_group.py took 0.454 seconds
[2023-07-12 00:25:27,106] {processor.py:153} INFO - Started process (PID=529) to work on /home/airflow/.local/lib/python3.7/site-packages/airflow/example_dags/example_task_group.py
[2023-07-12 00:25:27,107] {processor.py:641} INFO - Processing file /home/airflow/.local/lib/python3.7/site-packages/airflow/example_dags/example_task_group.py for tasks to queue
[2023-07-12 00:25:27,108] {logging_mixin.py:115} INFO - [2023-07-12 00:25:27,108] {dagbag.py:508} INFO - Filling up the DagBag from /home/airflow/.local/lib/python3.7/site-packages/airflow/example_dags/example_task_group.py
[2023-07-12 00:25:27,135] {processor.py:651} INFO - DAG(s) dict_keys(['example_task_group']) retrieved from /home/airflow/.local/lib/python3.7/site-packages/airflow/example_dags/example_task_group.py
[2023-07-12 00:25:27,245] {logging_mixin.py:115} INFO - [2023-07-12 00:25:27,244] {dag.py:2420} INFO - Sync 1 DAGs
[2023-07-12 00:25:27,618] {logging_mixin.py:115} INFO - [2023-07-12 00:25:27,618] {dag.py:2972} INFO - Setting next_dagrun for example_task_group to 2023-07-11T00:25:27.617883+00:00, run_after=2023-07-12T00:25:27.617883+00:00
[2023-07-12 00:25:27,658] {processor.py:161} INFO - Processing /home/airflow/.local/lib/python3.7/site-packages/airflow/example_dags/example_task_group.py took 0.564 seconds
[2023-07-12 00:25:58,490] {processor.py:153} INFO - Started process (PID=589) to work on /home/airflow/.local/lib/python3.7/site-packages/airflow/example_dags/example_task_group.py
[2023-07-12 00:25:58,491] {processor.py:641} INFO - Processing file /home/airflow/.local/lib/python3.7/site-packages/airflow/example_dags/example_task_group.py for tasks to queue
[2023-07-12 00:25:58,492] {logging_mixin.py:115} INFO - [2023-07-12 00:25:58,492] {dagbag.py:508} INFO - Filling up the DagBag from /home/airflow/.local/lib/python3.7/site-packages/airflow/example_dags/example_task_group.py
[2023-07-12 00:25:58,510] {processor.py:651} INFO - DAG(s) dict_keys(['example_task_group']) retrieved from /home/airflow/.local/lib/python3.7/site-packages/airflow/example_dags/example_task_group.py
[2023-07-12 00:25:58,567] {logging_mixin.py:115} INFO - [2023-07-12 00:25:58,567] {dag.py:2420} INFO - Sync 1 DAGs
[2023-07-12 00:25:58,808] {logging_mixin.py:115} INFO - [2023-07-12 00:25:58,808] {dag.py:2972} INFO - Setting next_dagrun for example_task_group to 2023-07-11T00:25:58.807931+00:00, run_after=2023-07-12T00:25:58.807931+00:00
[2023-07-12 00:25:58,834] {processor.py:161} INFO - Processing /home/airflow/.local/lib/python3.7/site-packages/airflow/example_dags/example_task_group.py took 0.353 seconds
[2023-07-12 00:26:28,906] {processor.py:153} INFO - Started process (PID=641) to work on /home/airflow/.local/lib/python3.7/site-packages/airflow/example_dags/example_task_group.py
[2023-07-12 00:26:28,906] {processor.py:641} INFO - Processing file /home/airflow/.local/lib/python3.7/site-packages/airflow/example_dags/example_task_group.py for tasks to queue
[2023-07-12 00:26:28,907] {logging_mixin.py:115} INFO - [2023-07-12 00:26:28,907] {dagbag.py:508} INFO - Filling up the DagBag from /home/airflow/.local/lib/python3.7/site-packages/airflow/example_dags/example_task_group.py
[2023-07-12 00:26:28,914] {processor.py:651} INFO - DAG(s) dict_keys(['example_task_group']) retrieved from /home/airflow/.local/lib/python3.7/site-packages/airflow/example_dags/example_task_group.py
[2023-07-12 00:26:28,946] {logging_mixin.py:115} INFO - [2023-07-12 00:26:28,946] {dag.py:2420} INFO - Sync 1 DAGs
[2023-07-12 00:26:29,109] {logging_mixin.py:115} INFO - [2023-07-12 00:26:29,109] {dag.py:2972} INFO - Setting next_dagrun for example_task_group to 2023-07-11T00:26:29.109113+00:00, run_after=2023-07-12T00:26:29.109113+00:00
[2023-07-12 00:26:29,123] {processor.py:161} INFO - Processing /home/airflow/.local/lib/python3.7/site-packages/airflow/example_dags/example_task_group.py took 0.221 seconds
[2023-07-12 00:27:00,187] {processor.py:153} INFO - Started process (PID=693) to work on /home/airflow/.local/lib/python3.7/site-packages/airflow/example_dags/example_task_group.py
[2023-07-12 00:27:00,188] {processor.py:641} INFO - Processing file /home/airflow/.local/lib/python3.7/site-packages/airflow/example_dags/example_task_group.py for tasks to queue
[2023-07-12 00:27:00,189] {logging_mixin.py:115} INFO - [2023-07-12 00:27:00,189] {dagbag.py:508} INFO - Filling up the DagBag from /home/airflow/.local/lib/python3.7/site-packages/airflow/example_dags/example_task_group.py
[2023-07-12 00:27:00,202] {processor.py:651} INFO - DAG(s) dict_keys(['example_task_group']) retrieved from /home/airflow/.local/lib/python3.7/site-packages/airflow/example_dags/example_task_group.py
[2023-07-12 00:27:00,241] {logging_mixin.py:115} INFO - [2023-07-12 00:27:00,241] {dag.py:2420} INFO - Sync 1 DAGs
[2023-07-12 00:27:00,438] {logging_mixin.py:115} INFO - [2023-07-12 00:27:00,437] {dag.py:2972} INFO - Setting next_dagrun for example_task_group to 2023-07-11T00:27:00.437524+00:00, run_after=2023-07-12T00:27:00.437524+00:00
[2023-07-12 00:27:00,451] {processor.py:161} INFO - Processing /home/airflow/.local/lib/python3.7/site-packages/airflow/example_dags/example_task_group.py took 0.272 seconds
[2023-07-12 00:27:30,709] {processor.py:153} INFO - Started process (PID=755) to work on /home/airflow/.local/lib/python3.7/site-packages/airflow/example_dags/example_task_group.py
[2023-07-12 00:27:30,710] {processor.py:641} INFO - Processing file /home/airflow/.local/lib/python3.7/site-packages/airflow/example_dags/example_task_group.py for tasks to queue
[2023-07-12 00:27:30,711] {logging_mixin.py:115} INFO - [2023-07-12 00:27:30,711] {dagbag.py:508} INFO - Filling up the DagBag from /home/airflow/.local/lib/python3.7/site-packages/airflow/example_dags/example_task_group.py
[2023-07-12 00:27:30,738] {processor.py:651} INFO - DAG(s) dict_keys(['example_task_group']) retrieved from /home/airflow/.local/lib/python3.7/site-packages/airflow/example_dags/example_task_group.py
[2023-07-12 00:27:30,798] {logging_mixin.py:115} INFO - [2023-07-12 00:27:30,798] {dag.py:2420} INFO - Sync 1 DAGs
[2023-07-12 00:27:30,983] {logging_mixin.py:115} INFO - [2023-07-12 00:27:30,983] {dag.py:2972} INFO - Setting next_dagrun for example_task_group to 2023-07-11T00:27:30.983137+00:00, run_after=2023-07-12T00:27:30.983137+00:00
[2023-07-12 00:27:31,003] {processor.py:161} INFO - Processing /home/airflow/.local/lib/python3.7/site-packages/airflow/example_dags/example_task_group.py took 0.299 seconds
[2023-07-12 00:28:01,150] {processor.py:153} INFO - Started process (PID=807) to work on /home/airflow/.local/lib/python3.7/site-packages/airflow/example_dags/example_task_group.py
[2023-07-12 00:28:01,151] {processor.py:641} INFO - Processing file /home/airflow/.local/lib/python3.7/site-packages/airflow/example_dags/example_task_group.py for tasks to queue
[2023-07-12 00:28:01,151] {logging_mixin.py:115} INFO - [2023-07-12 00:28:01,151] {dagbag.py:508} INFO - Filling up the DagBag from /home/airflow/.local/lib/python3.7/site-packages/airflow/example_dags/example_task_group.py
[2023-07-12 00:28:01,160] {processor.py:651} INFO - DAG(s) dict_keys(['example_task_group']) retrieved from /home/airflow/.local/lib/python3.7/site-packages/airflow/example_dags/example_task_group.py
[2023-07-12 00:28:01,198] {logging_mixin.py:115} INFO - [2023-07-12 00:28:01,198] {dag.py:2420} INFO - Sync 1 DAGs
[2023-07-12 00:28:01,372] {logging_mixin.py:115} INFO - [2023-07-12 00:28:01,371] {dag.py:2972} INFO - Setting next_dagrun for example_task_group to 2023-07-11T00:28:01.371505+00:00, run_after=2023-07-12T00:28:01.371505+00:00
[2023-07-12 00:28:01,386] {processor.py:161} INFO - Processing /home/airflow/.local/lib/python3.7/site-packages/airflow/example_dags/example_task_group.py took 0.239 seconds
[2023-07-12 00:28:31,772] {processor.py:153} INFO - Started process (PID=868) to work on /home/airflow/.local/lib/python3.7/site-packages/airflow/example_dags/example_task_group.py
[2023-07-12 00:28:31,773] {processor.py:641} INFO - Processing file /home/airflow/.local/lib/python3.7/site-packages/airflow/example_dags/example_task_group.py for tasks to queue
[2023-07-12 00:28:31,774] {logging_mixin.py:115} INFO - [2023-07-12 00:28:31,773] {dagbag.py:508} INFO - Filling up the DagBag from /home/airflow/.local/lib/python3.7/site-packages/airflow/example_dags/example_task_group.py
[2023-07-12 00:28:31,789] {processor.py:651} INFO - DAG(s) dict_keys(['example_task_group']) retrieved from /home/airflow/.local/lib/python3.7/site-packages/airflow/example_dags/example_task_group.py
[2023-07-12 00:28:31,837] {logging_mixin.py:115} INFO - [2023-07-12 00:28:31,837] {dag.py:2420} INFO - Sync 1 DAGs
[2023-07-12 00:28:32,024] {logging_mixin.py:115} INFO - [2023-07-12 00:28:32,024] {dag.py:2972} INFO - Setting next_dagrun for example_task_group to 2023-07-11T00:28:32.023311+00:00, run_after=2023-07-12T00:28:32.023311+00:00
[2023-07-12 00:28:32,046] {processor.py:161} INFO - Processing /home/airflow/.local/lib/python3.7/site-packages/airflow/example_dags/example_task_group.py took 0.278 seconds
[2023-07-12 00:29:03,344] {processor.py:153} INFO - Started process (PID=919) to work on /home/airflow/.local/lib/python3.7/site-packages/airflow/example_dags/example_task_group.py
[2023-07-12 00:29:03,345] {processor.py:641} INFO - Processing file /home/airflow/.local/lib/python3.7/site-packages/airflow/example_dags/example_task_group.py for tasks to queue
[2023-07-12 00:29:03,345] {logging_mixin.py:115} INFO - [2023-07-12 00:29:03,345] {dagbag.py:508} INFO - Filling up the DagBag from /home/airflow/.local/lib/python3.7/site-packages/airflow/example_dags/example_task_group.py
[2023-07-12 00:29:03,357] {processor.py:651} INFO - DAG(s) dict_keys(['example_task_group']) retrieved from /home/airflow/.local/lib/python3.7/site-packages/airflow/example_dags/example_task_group.py
[2023-07-12 00:29:03,445] {logging_mixin.py:115} INFO - [2023-07-12 00:29:03,444] {dag.py:2420} INFO - Sync 1 DAGs
[2023-07-12 00:29:03,769] {logging_mixin.py:115} INFO - [2023-07-12 00:29:03,769] {dag.py:2972} INFO - Setting next_dagrun for example_task_group to 2023-07-11T00:29:03.768999+00:00, run_after=2023-07-12T00:29:03.768999+00:00
[2023-07-12 00:29:03,807] {processor.py:161} INFO - Processing /home/airflow/.local/lib/python3.7/site-packages/airflow/example_dags/example_task_group.py took 0.469 seconds
[2023-07-12 00:30:34,879] {processor.py:153} INFO - Started process (PID=54) to work on /home/airflow/.local/lib/python3.7/site-packages/airflow/example_dags/example_task_group.py
[2023-07-12 00:30:34,884] {processor.py:641} INFO - Processing file /home/airflow/.local/lib/python3.7/site-packages/airflow/example_dags/example_task_group.py for tasks to queue
[2023-07-12 00:30:34,885] {logging_mixin.py:115} INFO - [2023-07-12 00:30:34,885] {dagbag.py:508} INFO - Filling up the DagBag from /home/airflow/.local/lib/python3.7/site-packages/airflow/example_dags/example_task_group.py
[2023-07-12 00:30:34,912] {processor.py:651} INFO - DAG(s) dict_keys(['example_task_group']) retrieved from /home/airflow/.local/lib/python3.7/site-packages/airflow/example_dags/example_task_group.py
[2023-07-12 00:30:35,063] {logging_mixin.py:115} INFO - [2023-07-12 00:30:35,063] {dag.py:2420} INFO - Sync 1 DAGs
[2023-07-12 00:30:35,506] {logging_mixin.py:115} INFO - [2023-07-12 00:30:35,506] {dag.py:2972} INFO - Setting next_dagrun for example_task_group to 2023-07-11T00:30:35.506198+00:00, run_after=2023-07-12T00:30:35.506198+00:00
[2023-07-12 00:30:35,555] {processor.py:161} INFO - Processing /home/airflow/.local/lib/python3.7/site-packages/airflow/example_dags/example_task_group.py took 0.692 seconds
[2023-07-12 00:31:06,262] {processor.py:153} INFO - Started process (PID=107) to work on /home/airflow/.local/lib/python3.7/site-packages/airflow/example_dags/example_task_group.py
[2023-07-12 00:31:06,263] {processor.py:641} INFO - Processing file /home/airflow/.local/lib/python3.7/site-packages/airflow/example_dags/example_task_group.py for tasks to queue
[2023-07-12 00:31:06,263] {logging_mixin.py:115} INFO - [2023-07-12 00:31:06,263] {dagbag.py:508} INFO - Filling up the DagBag from /home/airflow/.local/lib/python3.7/site-packages/airflow/example_dags/example_task_group.py
[2023-07-12 00:31:06,271] {processor.py:651} INFO - DAG(s) dict_keys(['example_task_group']) retrieved from /home/airflow/.local/lib/python3.7/site-packages/airflow/example_dags/example_task_group.py
[2023-07-12 00:31:06,312] {logging_mixin.py:115} INFO - [2023-07-12 00:31:06,312] {dag.py:2420} INFO - Sync 1 DAGs
[2023-07-12 00:31:06,548] {logging_mixin.py:115} INFO - [2023-07-12 00:31:06,548] {dag.py:2972} INFO - Setting next_dagrun for example_task_group to 2023-07-11T00:31:06.548337+00:00, run_after=2023-07-12T00:31:06.548337+00:00
[2023-07-12 00:31:06,585] {processor.py:161} INFO - Processing /home/airflow/.local/lib/python3.7/site-packages/airflow/example_dags/example_task_group.py took 0.326 seconds
[2023-07-12 00:31:37,185] {processor.py:153} INFO - Started process (PID=168) to work on /home/airflow/.local/lib/python3.7/site-packages/airflow/example_dags/example_task_group.py
[2023-07-12 00:31:37,186] {processor.py:641} INFO - Processing file /home/airflow/.local/lib/python3.7/site-packages/airflow/example_dags/example_task_group.py for tasks to queue
[2023-07-12 00:31:37,187] {logging_mixin.py:115} INFO - [2023-07-12 00:31:37,187] {dagbag.py:508} INFO - Filling up the DagBag from /home/airflow/.local/lib/python3.7/site-packages/airflow/example_dags/example_task_group.py
[2023-07-12 00:31:37,205] {processor.py:651} INFO - DAG(s) dict_keys(['example_task_group']) retrieved from /home/airflow/.local/lib/python3.7/site-packages/airflow/example_dags/example_task_group.py
[2023-07-12 00:31:37,265] {logging_mixin.py:115} INFO - [2023-07-12 00:31:37,264] {dag.py:2420} INFO - Sync 1 DAGs
[2023-07-12 00:31:37,504] {logging_mixin.py:115} INFO - [2023-07-12 00:31:37,504] {dag.py:2972} INFO - Setting next_dagrun for example_task_group to 2023-07-11T00:31:37.503658+00:00, run_after=2023-07-12T00:31:37.503658+00:00
[2023-07-12 00:31:37,532] {processor.py:161} INFO - Processing /home/airflow/.local/lib/python3.7/site-packages/airflow/example_dags/example_task_group.py took 0.352 seconds
[2023-07-12 00:32:07,795] {processor.py:153} INFO - Started process (PID=220) to work on /home/airflow/.local/lib/python3.7/site-packages/airflow/example_dags/example_task_group.py
[2023-07-12 00:32:07,797] {processor.py:641} INFO - Processing file /home/airflow/.local/lib/python3.7/site-packages/airflow/example_dags/example_task_group.py for tasks to queue
[2023-07-12 00:32:07,798] {logging_mixin.py:115} INFO - [2023-07-12 00:32:07,798] {dagbag.py:508} INFO - Filling up the DagBag from /home/airflow/.local/lib/python3.7/site-packages/airflow/example_dags/example_task_group.py
[2023-07-12 00:32:07,810] {processor.py:651} INFO - DAG(s) dict_keys(['example_task_group']) retrieved from /home/airflow/.local/lib/python3.7/site-packages/airflow/example_dags/example_task_group.py
[2023-07-12 00:32:07,866] {logging_mixin.py:115} INFO - [2023-07-12 00:32:07,866] {dag.py:2420} INFO - Sync 1 DAGs
[2023-07-12 00:32:08,095] {logging_mixin.py:115} INFO - [2023-07-12 00:32:08,095] {dag.py:2972} INFO - Setting next_dagrun for example_task_group to 2023-07-11T00:32:08.095161+00:00, run_after=2023-07-12T00:32:08.095161+00:00
[2023-07-12 00:32:08,110] {processor.py:161} INFO - Processing /home/airflow/.local/lib/python3.7/site-packages/airflow/example_dags/example_task_group.py took 0.321 seconds
[2023-07-12 00:32:39,516] {processor.py:153} INFO - Started process (PID=274) to work on /home/airflow/.local/lib/python3.7/site-packages/airflow/example_dags/example_task_group.py
[2023-07-12 00:32:39,518] {processor.py:641} INFO - Processing file /home/airflow/.local/lib/python3.7/site-packages/airflow/example_dags/example_task_group.py for tasks to queue
[2023-07-12 00:32:39,519] {logging_mixin.py:115} INFO - [2023-07-12 00:32:39,519] {dagbag.py:508} INFO - Filling up the DagBag from /home/airflow/.local/lib/python3.7/site-packages/airflow/example_dags/example_task_group.py
[2023-07-12 00:32:39,537] {processor.py:651} INFO - DAG(s) dict_keys(['example_task_group']) retrieved from /home/airflow/.local/lib/python3.7/site-packages/airflow/example_dags/example_task_group.py
[2023-07-12 00:32:39,626] {logging_mixin.py:115} INFO - [2023-07-12 00:32:39,626] {dag.py:2420} INFO - Sync 1 DAGs
[2023-07-12 00:32:40,166] {logging_mixin.py:115} INFO - [2023-07-12 00:32:40,165] {dag.py:2972} INFO - Setting next_dagrun for example_task_group to 2023-07-11T00:32:40.165097+00:00, run_after=2023-07-12T00:32:40.165097+00:00
[2023-07-12 00:32:40,219] {processor.py:161} INFO - Processing /home/airflow/.local/lib/python3.7/site-packages/airflow/example_dags/example_task_group.py took 0.710 seconds
[2023-07-12 00:33:17,993] {processor.py:153} INFO - Started process (PID=372) to work on /home/airflow/.local/lib/python3.7/site-packages/airflow/example_dags/example_task_group.py
[2023-07-12 00:33:18,006] {processor.py:641} INFO - Processing file /home/airflow/.local/lib/python3.7/site-packages/airflow/example_dags/example_task_group.py for tasks to queue
[2023-07-12 00:33:18,008] {logging_mixin.py:115} INFO - [2023-07-12 00:33:18,007] {dagbag.py:508} INFO - Filling up the DagBag from /home/airflow/.local/lib/python3.7/site-packages/airflow/example_dags/example_task_group.py
[2023-07-12 00:33:18,083] {processor.py:651} INFO - DAG(s) dict_keys(['example_task_group']) retrieved from /home/airflow/.local/lib/python3.7/site-packages/airflow/example_dags/example_task_group.py
[2023-07-12 00:33:18,425] {logging_mixin.py:115} INFO - [2023-07-12 00:33:18,424] {dag.py:2420} INFO - Sync 1 DAGs
[2023-07-12 00:33:19,485] {logging_mixin.py:115} INFO - [2023-07-12 00:33:19,485] {dag.py:2972} INFO - Setting next_dagrun for example_task_group to 2023-07-11T00:33:19.484422+00:00, run_after=2023-07-12T00:33:19.484422+00:00
[2023-07-12 00:33:19,564] {processor.py:161} INFO - Processing /home/airflow/.local/lib/python3.7/site-packages/airflow/example_dags/example_task_group.py took 1.622 seconds
[2023-07-12 00:33:53,313] {processor.py:153} INFO - Started process (PID=449) to work on /home/airflow/.local/lib/python3.7/site-packages/airflow/example_dags/example_task_group.py
[2023-07-12 00:33:53,317] {processor.py:641} INFO - Processing file /home/airflow/.local/lib/python3.7/site-packages/airflow/example_dags/example_task_group.py for tasks to queue
[2023-07-12 00:33:53,319] {logging_mixin.py:115} INFO - [2023-07-12 00:33:53,319] {dagbag.py:508} INFO - Filling up the DagBag from /home/airflow/.local/lib/python3.7/site-packages/airflow/example_dags/example_task_group.py
[2023-07-12 00:33:53,350] {processor.py:651} INFO - DAG(s) dict_keys(['example_task_group']) retrieved from /home/airflow/.local/lib/python3.7/site-packages/airflow/example_dags/example_task_group.py
[2023-07-12 00:33:53,561] {logging_mixin.py:115} INFO - [2023-07-12 00:33:53,552] {dag.py:2420} INFO - Sync 1 DAGs
[2023-07-12 00:33:54,620] {logging_mixin.py:115} INFO - [2023-07-12 00:33:54,620] {dag.py:2972} INFO - Setting next_dagrun for example_task_group to 2023-07-11T00:33:54.620048+00:00, run_after=2023-07-12T00:33:54.620048+00:00
[2023-07-12 00:33:54,712] {processor.py:161} INFO - Processing /home/airflow/.local/lib/python3.7/site-packages/airflow/example_dags/example_task_group.py took 1.406 seconds
[2023-07-12 00:34:25,768] {processor.py:153} INFO - Started process (PID=526) to work on /home/airflow/.local/lib/python3.7/site-packages/airflow/example_dags/example_task_group.py
[2023-07-12 00:34:25,776] {processor.py:641} INFO - Processing file /home/airflow/.local/lib/python3.7/site-packages/airflow/example_dags/example_task_group.py for tasks to queue
[2023-07-12 00:34:25,779] {logging_mixin.py:115} INFO - [2023-07-12 00:34:25,778] {dagbag.py:508} INFO - Filling up the DagBag from /home/airflow/.local/lib/python3.7/site-packages/airflow/example_dags/example_task_group.py
[2023-07-12 00:34:25,838] {processor.py:651} INFO - DAG(s) dict_keys(['example_task_group']) retrieved from /home/airflow/.local/lib/python3.7/site-packages/airflow/example_dags/example_task_group.py
[2023-07-12 00:34:26,160] {logging_mixin.py:115} INFO - [2023-07-12 00:34:26,160] {dag.py:2420} INFO - Sync 1 DAGs
[2023-07-12 00:34:26,812] {logging_mixin.py:115} INFO - [2023-07-12 00:34:26,811] {dag.py:2972} INFO - Setting next_dagrun for example_task_group to 2023-07-11T00:34:26.811520+00:00, run_after=2023-07-12T00:34:26.811520+00:00
[2023-07-12 00:34:26,866] {processor.py:161} INFO - Processing /home/airflow/.local/lib/python3.7/site-packages/airflow/example_dags/example_task_group.py took 1.117 seconds
[2023-07-12 00:34:57,442] {processor.py:153} INFO - Started process (PID=579) to work on /home/airflow/.local/lib/python3.7/site-packages/airflow/example_dags/example_task_group.py
[2023-07-12 00:34:57,443] {processor.py:641} INFO - Processing file /home/airflow/.local/lib/python3.7/site-packages/airflow/example_dags/example_task_group.py for tasks to queue
[2023-07-12 00:34:57,443] {logging_mixin.py:115} INFO - [2023-07-12 00:34:57,443] {dagbag.py:508} INFO - Filling up the DagBag from /home/airflow/.local/lib/python3.7/site-packages/airflow/example_dags/example_task_group.py
[2023-07-12 00:34:57,458] {processor.py:651} INFO - DAG(s) dict_keys(['example_task_group']) retrieved from /home/airflow/.local/lib/python3.7/site-packages/airflow/example_dags/example_task_group.py
[2023-07-12 00:34:57,586] {logging_mixin.py:115} INFO - [2023-07-12 00:34:57,585] {dag.py:2420} INFO - Sync 1 DAGs
[2023-07-12 00:34:57,977] {logging_mixin.py:115} INFO - [2023-07-12 00:34:57,976] {dag.py:2972} INFO - Setting next_dagrun for example_task_group to 2023-07-11T00:34:57.976650+00:00, run_after=2023-07-12T00:34:57.976650+00:00
[2023-07-12 00:34:58,001] {processor.py:161} INFO - Processing /home/airflow/.local/lib/python3.7/site-packages/airflow/example_dags/example_task_group.py took 0.570 seconds
