[2023-07-12 00:20:47,008] {processor.py:153} INFO - Started process (PID=62) to work on /home/airflow/.local/lib/python3.7/site-packages/airflow/example_dags/example_short_circuit_operator.py
[2023-07-12 00:20:47,010] {processor.py:641} INFO - Processing file /home/airflow/.local/lib/python3.7/site-packages/airflow/example_dags/example_short_circuit_operator.py for tasks to queue
[2023-07-12 00:20:47,011] {logging_mixin.py:115} INFO - [2023-07-12 00:20:47,011] {dagbag.py:508} INFO - Filling up the DagBag from /home/airflow/.local/lib/python3.7/site-packages/airflow/example_dags/example_short_circuit_operator.py
[2023-07-12 00:20:47,045] {processor.py:651} INFO - DAG(s) dict_keys(['example_short_circuit_operator']) retrieved from /home/airflow/.local/lib/python3.7/site-packages/airflow/example_dags/example_short_circuit_operator.py
[2023-07-12 00:20:47,252] {logging_mixin.py:115} INFO - [2023-07-12 00:20:47,252] {dag.py:2420} INFO - Sync 1 DAGs
[2023-07-12 00:20:47,813] {logging_mixin.py:115} INFO - [2023-07-12 00:20:47,813] {dag.py:2972} INFO - Setting next_dagrun for example_short_circuit_operator to 2023-07-11T00:20:47.812874+00:00, run_after=2023-07-12T00:20:47.812874+00:00
[2023-07-12 00:20:47,854] {processor.py:161} INFO - Processing /home/airflow/.local/lib/python3.7/site-packages/airflow/example_dags/example_short_circuit_operator.py took 0.857 seconds
[2023-07-12 00:21:18,764] {processor.py:153} INFO - Started process (PID=105) to work on /home/airflow/.local/lib/python3.7/site-packages/airflow/example_dags/example_short_circuit_operator.py
[2023-07-12 00:21:18,767] {processor.py:641} INFO - Processing file /home/airflow/.local/lib/python3.7/site-packages/airflow/example_dags/example_short_circuit_operator.py for tasks to queue
[2023-07-12 00:21:18,769] {logging_mixin.py:115} INFO - [2023-07-12 00:21:18,769] {dagbag.py:508} INFO - Filling up the DagBag from /home/airflow/.local/lib/python3.7/site-packages/airflow/example_dags/example_short_circuit_operator.py
[2023-07-12 00:21:18,794] {processor.py:651} INFO - DAG(s) dict_keys(['example_short_circuit_operator']) retrieved from /home/airflow/.local/lib/python3.7/site-packages/airflow/example_dags/example_short_circuit_operator.py
[2023-07-12 00:21:18,859] {logging_mixin.py:115} INFO - [2023-07-12 00:21:18,859] {dag.py:2420} INFO - Sync 1 DAGs
[2023-07-12 00:21:19,143] {logging_mixin.py:115} INFO - [2023-07-12 00:21:19,143] {dag.py:2972} INFO - Setting next_dagrun for example_short_circuit_operator to 2023-07-11T00:21:19.143040+00:00, run_after=2023-07-12T00:21:19.143040+00:00
[2023-07-12 00:21:19,168] {processor.py:161} INFO - Processing /home/airflow/.local/lib/python3.7/site-packages/airflow/example_dags/example_short_circuit_operator.py took 0.413 seconds
[2023-07-12 00:21:49,215] {processor.py:153} INFO - Started process (PID=157) to work on /home/airflow/.local/lib/python3.7/site-packages/airflow/example_dags/example_short_circuit_operator.py
[2023-07-12 00:21:49,216] {processor.py:641} INFO - Processing file /home/airflow/.local/lib/python3.7/site-packages/airflow/example_dags/example_short_circuit_operator.py for tasks to queue
[2023-07-12 00:21:49,216] {logging_mixin.py:115} INFO - [2023-07-12 00:21:49,216] {dagbag.py:508} INFO - Filling up the DagBag from /home/airflow/.local/lib/python3.7/site-packages/airflow/example_dags/example_short_circuit_operator.py
[2023-07-12 00:21:49,234] {processor.py:651} INFO - DAG(s) dict_keys(['example_short_circuit_operator']) retrieved from /home/airflow/.local/lib/python3.7/site-packages/airflow/example_dags/example_short_circuit_operator.py
[2023-07-12 00:21:49,279] {logging_mixin.py:115} INFO - [2023-07-12 00:21:49,279] {dag.py:2420} INFO - Sync 1 DAGs
[2023-07-12 00:21:49,490] {logging_mixin.py:115} INFO - [2023-07-12 00:21:49,490] {dag.py:2972} INFO - Setting next_dagrun for example_short_circuit_operator to 2023-07-11T00:21:49.490376+00:00, run_after=2023-07-12T00:21:49.490376+00:00
[2023-07-12 00:21:49,518] {processor.py:161} INFO - Processing /home/airflow/.local/lib/python3.7/site-packages/airflow/example_dags/example_short_circuit_operator.py took 0.308 seconds
[2023-07-12 00:22:19,782] {processor.py:153} INFO - Started process (PID=208) to work on /home/airflow/.local/lib/python3.7/site-packages/airflow/example_dags/example_short_circuit_operator.py
[2023-07-12 00:22:19,784] {processor.py:641} INFO - Processing file /home/airflow/.local/lib/python3.7/site-packages/airflow/example_dags/example_short_circuit_operator.py for tasks to queue
[2023-07-12 00:22:19,786] {logging_mixin.py:115} INFO - [2023-07-12 00:22:19,785] {dagbag.py:508} INFO - Filling up the DagBag from /home/airflow/.local/lib/python3.7/site-packages/airflow/example_dags/example_short_circuit_operator.py
[2023-07-12 00:22:19,812] {processor.py:651} INFO - DAG(s) dict_keys(['example_short_circuit_operator']) retrieved from /home/airflow/.local/lib/python3.7/site-packages/airflow/example_dags/example_short_circuit_operator.py
[2023-07-12 00:22:19,894] {logging_mixin.py:115} INFO - [2023-07-12 00:22:19,894] {dag.py:2420} INFO - Sync 1 DAGs
[2023-07-12 00:22:20,168] {logging_mixin.py:115} INFO - [2023-07-12 00:22:20,168] {dag.py:2972} INFO - Setting next_dagrun for example_short_circuit_operator to 2023-07-11T00:22:20.168144+00:00, run_after=2023-07-12T00:22:20.168144+00:00
[2023-07-12 00:22:20,203] {processor.py:161} INFO - Processing /home/airflow/.local/lib/python3.7/site-packages/airflow/example_dags/example_short_circuit_operator.py took 0.426 seconds
[2023-07-12 00:22:51,706] {processor.py:153} INFO - Started process (PID=269) to work on /home/airflow/.local/lib/python3.7/site-packages/airflow/example_dags/example_short_circuit_operator.py
[2023-07-12 00:22:51,707] {processor.py:641} INFO - Processing file /home/airflow/.local/lib/python3.7/site-packages/airflow/example_dags/example_short_circuit_operator.py for tasks to queue
[2023-07-12 00:22:51,708] {logging_mixin.py:115} INFO - [2023-07-12 00:22:51,708] {dagbag.py:508} INFO - Filling up the DagBag from /home/airflow/.local/lib/python3.7/site-packages/airflow/example_dags/example_short_circuit_operator.py
[2023-07-12 00:22:51,734] {processor.py:651} INFO - DAG(s) dict_keys(['example_short_circuit_operator']) retrieved from /home/airflow/.local/lib/python3.7/site-packages/airflow/example_dags/example_short_circuit_operator.py
[2023-07-12 00:22:51,818] {logging_mixin.py:115} INFO - [2023-07-12 00:22:51,818] {dag.py:2420} INFO - Sync 1 DAGs
[2023-07-12 00:22:52,464] {logging_mixin.py:115} INFO - [2023-07-12 00:22:52,464] {dag.py:2972} INFO - Setting next_dagrun for example_short_circuit_operator to 2023-07-11T00:22:52.463525+00:00, run_after=2023-07-12T00:22:52.463525+00:00
[2023-07-12 00:22:52,533] {processor.py:161} INFO - Processing /home/airflow/.local/lib/python3.7/site-packages/airflow/example_dags/example_short_circuit_operator.py took 0.835 seconds
[2023-07-12 00:23:22,736] {processor.py:153} INFO - Started process (PID=321) to work on /home/airflow/.local/lib/python3.7/site-packages/airflow/example_dags/example_short_circuit_operator.py
[2023-07-12 00:23:22,742] {processor.py:641} INFO - Processing file /home/airflow/.local/lib/python3.7/site-packages/airflow/example_dags/example_short_circuit_operator.py for tasks to queue
[2023-07-12 00:23:22,748] {logging_mixin.py:115} INFO - [2023-07-12 00:23:22,743] {dagbag.py:508} INFO - Filling up the DagBag from /home/airflow/.local/lib/python3.7/site-packages/airflow/example_dags/example_short_circuit_operator.py
[2023-07-12 00:23:22,857] {processor.py:651} INFO - DAG(s) dict_keys(['example_short_circuit_operator']) retrieved from /home/airflow/.local/lib/python3.7/site-packages/airflow/example_dags/example_short_circuit_operator.py
[2023-07-12 00:23:23,071] {logging_mixin.py:115} INFO - [2023-07-12 00:23:23,062] {dag.py:2420} INFO - Sync 1 DAGs
[2023-07-12 00:23:23,545] {logging_mixin.py:115} INFO - [2023-07-12 00:23:23,545] {dag.py:2972} INFO - Setting next_dagrun for example_short_circuit_operator to 2023-07-11T00:23:23.544563+00:00, run_after=2023-07-12T00:23:23.544563+00:00
[2023-07-12 00:23:23,629] {processor.py:161} INFO - Processing /home/airflow/.local/lib/python3.7/site-packages/airflow/example_dags/example_short_circuit_operator.py took 0.901 seconds
[2023-07-12 00:23:54,431] {processor.py:153} INFO - Started process (PID=373) to work on /home/airflow/.local/lib/python3.7/site-packages/airflow/example_dags/example_short_circuit_operator.py
[2023-07-12 00:23:54,432] {processor.py:641} INFO - Processing file /home/airflow/.local/lib/python3.7/site-packages/airflow/example_dags/example_short_circuit_operator.py for tasks to queue
[2023-07-12 00:23:54,434] {logging_mixin.py:115} INFO - [2023-07-12 00:23:54,433] {dagbag.py:508} INFO - Filling up the DagBag from /home/airflow/.local/lib/python3.7/site-packages/airflow/example_dags/example_short_circuit_operator.py
[2023-07-12 00:23:54,463] {processor.py:651} INFO - DAG(s) dict_keys(['example_short_circuit_operator']) retrieved from /home/airflow/.local/lib/python3.7/site-packages/airflow/example_dags/example_short_circuit_operator.py
[2023-07-12 00:23:54,586] {logging_mixin.py:115} INFO - [2023-07-12 00:23:54,586] {dag.py:2420} INFO - Sync 1 DAGs
[2023-07-12 00:23:55,238] {logging_mixin.py:115} INFO - [2023-07-12 00:23:55,237] {dag.py:2972} INFO - Setting next_dagrun for example_short_circuit_operator to 2023-07-11T00:23:55.237323+00:00, run_after=2023-07-12T00:23:55.237323+00:00
[2023-07-12 00:23:55,320] {processor.py:161} INFO - Processing /home/airflow/.local/lib/python3.7/site-packages/airflow/example_dags/example_short_circuit_operator.py took 0.897 seconds
[2023-07-12 00:24:25,702] {processor.py:153} INFO - Started process (PID=425) to work on /home/airflow/.local/lib/python3.7/site-packages/airflow/example_dags/example_short_circuit_operator.py
[2023-07-12 00:24:25,705] {processor.py:641} INFO - Processing file /home/airflow/.local/lib/python3.7/site-packages/airflow/example_dags/example_short_circuit_operator.py for tasks to queue
[2023-07-12 00:24:25,707] {logging_mixin.py:115} INFO - [2023-07-12 00:24:25,706] {dagbag.py:508} INFO - Filling up the DagBag from /home/airflow/.local/lib/python3.7/site-packages/airflow/example_dags/example_short_circuit_operator.py
[2023-07-12 00:24:25,734] {processor.py:651} INFO - DAG(s) dict_keys(['example_short_circuit_operator']) retrieved from /home/airflow/.local/lib/python3.7/site-packages/airflow/example_dags/example_short_circuit_operator.py
[2023-07-12 00:24:25,820] {logging_mixin.py:115} INFO - [2023-07-12 00:24:25,819] {dag.py:2420} INFO - Sync 1 DAGs
[2023-07-12 00:24:26,141] {logging_mixin.py:115} INFO - [2023-07-12 00:24:26,140] {dag.py:2972} INFO - Setting next_dagrun for example_short_circuit_operator to 2023-07-11T00:24:26.140343+00:00, run_after=2023-07-12T00:24:26.140343+00:00
[2023-07-12 00:24:26,178] {processor.py:161} INFO - Processing /home/airflow/.local/lib/python3.7/site-packages/airflow/example_dags/example_short_circuit_operator.py took 0.485 seconds
[2023-07-12 00:24:56,339] {processor.py:153} INFO - Started process (PID=477) to work on /home/airflow/.local/lib/python3.7/site-packages/airflow/example_dags/example_short_circuit_operator.py
[2023-07-12 00:24:56,348] {processor.py:641} INFO - Processing file /home/airflow/.local/lib/python3.7/site-packages/airflow/example_dags/example_short_circuit_operator.py for tasks to queue
[2023-07-12 00:24:56,349] {logging_mixin.py:115} INFO - [2023-07-12 00:24:56,349] {dagbag.py:508} INFO - Filling up the DagBag from /home/airflow/.local/lib/python3.7/site-packages/airflow/example_dags/example_short_circuit_operator.py
[2023-07-12 00:24:56,399] {processor.py:651} INFO - DAG(s) dict_keys(['example_short_circuit_operator']) retrieved from /home/airflow/.local/lib/python3.7/site-packages/airflow/example_dags/example_short_circuit_operator.py
[2023-07-12 00:24:56,487] {logging_mixin.py:115} INFO - [2023-07-12 00:24:56,486] {dag.py:2420} INFO - Sync 1 DAGs
[2023-07-12 00:24:57,086] {logging_mixin.py:115} INFO - [2023-07-12 00:24:57,086] {dag.py:2972} INFO - Setting next_dagrun for example_short_circuit_operator to 2023-07-11T00:24:57.084452+00:00, run_after=2023-07-12T00:24:57.084452+00:00
[2023-07-12 00:24:57,151] {processor.py:161} INFO - Processing /home/airflow/.local/lib/python3.7/site-packages/airflow/example_dags/example_short_circuit_operator.py took 0.832 seconds
[2023-07-12 00:25:27,694] {processor.py:153} INFO - Started process (PID=536) to work on /home/airflow/.local/lib/python3.7/site-packages/airflow/example_dags/example_short_circuit_operator.py
[2023-07-12 00:25:27,695] {processor.py:641} INFO - Processing file /home/airflow/.local/lib/python3.7/site-packages/airflow/example_dags/example_short_circuit_operator.py for tasks to queue
[2023-07-12 00:25:27,697] {logging_mixin.py:115} INFO - [2023-07-12 00:25:27,697] {dagbag.py:508} INFO - Filling up the DagBag from /home/airflow/.local/lib/python3.7/site-packages/airflow/example_dags/example_short_circuit_operator.py
[2023-07-12 00:25:27,716] {processor.py:651} INFO - DAG(s) dict_keys(['example_short_circuit_operator']) retrieved from /home/airflow/.local/lib/python3.7/site-packages/airflow/example_dags/example_short_circuit_operator.py
[2023-07-12 00:25:27,781] {logging_mixin.py:115} INFO - [2023-07-12 00:25:27,781] {dag.py:2420} INFO - Sync 1 DAGs
[2023-07-12 00:25:28,099] {logging_mixin.py:115} INFO - [2023-07-12 00:25:28,098] {dag.py:2972} INFO - Setting next_dagrun for example_short_circuit_operator to 2023-07-11T00:25:28.098480+00:00, run_after=2023-07-12T00:25:28.098480+00:00
[2023-07-12 00:25:28,134] {processor.py:161} INFO - Processing /home/airflow/.local/lib/python3.7/site-packages/airflow/example_dags/example_short_circuit_operator.py took 0.445 seconds
[2023-07-12 00:25:58,874] {processor.py:153} INFO - Started process (PID=590) to work on /home/airflow/.local/lib/python3.7/site-packages/airflow/example_dags/example_short_circuit_operator.py
[2023-07-12 00:25:58,875] {processor.py:641} INFO - Processing file /home/airflow/.local/lib/python3.7/site-packages/airflow/example_dags/example_short_circuit_operator.py for tasks to queue
[2023-07-12 00:25:58,876] {logging_mixin.py:115} INFO - [2023-07-12 00:25:58,876] {dagbag.py:508} INFO - Filling up the DagBag from /home/airflow/.local/lib/python3.7/site-packages/airflow/example_dags/example_short_circuit_operator.py
[2023-07-12 00:25:58,893] {processor.py:651} INFO - DAG(s) dict_keys(['example_short_circuit_operator']) retrieved from /home/airflow/.local/lib/python3.7/site-packages/airflow/example_dags/example_short_circuit_operator.py
[2023-07-12 00:25:58,956] {logging_mixin.py:115} INFO - [2023-07-12 00:25:58,956] {dag.py:2420} INFO - Sync 1 DAGs
[2023-07-12 00:25:59,226] {logging_mixin.py:115} INFO - [2023-07-12 00:25:59,226] {dag.py:2972} INFO - Setting next_dagrun for example_short_circuit_operator to 2023-07-11T00:25:59.226010+00:00, run_after=2023-07-12T00:25:59.226010+00:00
[2023-07-12 00:25:59,251] {processor.py:161} INFO - Processing /home/airflow/.local/lib/python3.7/site-packages/airflow/example_dags/example_short_circuit_operator.py took 0.381 seconds
[2023-07-12 00:26:29,396] {processor.py:153} INFO - Started process (PID=643) to work on /home/airflow/.local/lib/python3.7/site-packages/airflow/example_dags/example_short_circuit_operator.py
[2023-07-12 00:26:29,397] {processor.py:641} INFO - Processing file /home/airflow/.local/lib/python3.7/site-packages/airflow/example_dags/example_short_circuit_operator.py for tasks to queue
[2023-07-12 00:26:29,398] {logging_mixin.py:115} INFO - [2023-07-12 00:26:29,397] {dagbag.py:508} INFO - Filling up the DagBag from /home/airflow/.local/lib/python3.7/site-packages/airflow/example_dags/example_short_circuit_operator.py
[2023-07-12 00:26:29,412] {processor.py:651} INFO - DAG(s) dict_keys(['example_short_circuit_operator']) retrieved from /home/airflow/.local/lib/python3.7/site-packages/airflow/example_dags/example_short_circuit_operator.py
[2023-07-12 00:26:29,454] {logging_mixin.py:115} INFO - [2023-07-12 00:26:29,454] {dag.py:2420} INFO - Sync 1 DAGs
[2023-07-12 00:26:29,687] {logging_mixin.py:115} INFO - [2023-07-12 00:26:29,687] {dag.py:2972} INFO - Setting next_dagrun for example_short_circuit_operator to 2023-07-11T00:26:29.686724+00:00, run_after=2023-07-12T00:26:29.686724+00:00
[2023-07-12 00:26:29,711] {processor.py:161} INFO - Processing /home/airflow/.local/lib/python3.7/site-packages/airflow/example_dags/example_short_circuit_operator.py took 0.319 seconds
[2023-07-12 00:27:00,483] {processor.py:153} INFO - Started process (PID=694) to work on /home/airflow/.local/lib/python3.7/site-packages/airflow/example_dags/example_short_circuit_operator.py
[2023-07-12 00:27:00,484] {processor.py:641} INFO - Processing file /home/airflow/.local/lib/python3.7/site-packages/airflow/example_dags/example_short_circuit_operator.py for tasks to queue
[2023-07-12 00:27:00,485] {logging_mixin.py:115} INFO - [2023-07-12 00:27:00,484] {dagbag.py:508} INFO - Filling up the DagBag from /home/airflow/.local/lib/python3.7/site-packages/airflow/example_dags/example_short_circuit_operator.py
[2023-07-12 00:27:00,501] {processor.py:651} INFO - DAG(s) dict_keys(['example_short_circuit_operator']) retrieved from /home/airflow/.local/lib/python3.7/site-packages/airflow/example_dags/example_short_circuit_operator.py
[2023-07-12 00:27:00,549] {logging_mixin.py:115} INFO - [2023-07-12 00:27:00,548] {dag.py:2420} INFO - Sync 1 DAGs
[2023-07-12 00:27:00,784] {logging_mixin.py:115} INFO - [2023-07-12 00:27:00,784] {dag.py:2972} INFO - Setting next_dagrun for example_short_circuit_operator to 2023-07-11T00:27:00.783828+00:00, run_after=2023-07-12T00:27:00.783828+00:00
[2023-07-12 00:27:00,809] {processor.py:161} INFO - Processing /home/airflow/.local/lib/python3.7/site-packages/airflow/example_dags/example_short_circuit_operator.py took 0.333 seconds
[2023-07-12 00:27:31,040] {processor.py:153} INFO - Started process (PID=756) to work on /home/airflow/.local/lib/python3.7/site-packages/airflow/example_dags/example_short_circuit_operator.py
[2023-07-12 00:27:31,041] {processor.py:641} INFO - Processing file /home/airflow/.local/lib/python3.7/site-packages/airflow/example_dags/example_short_circuit_operator.py for tasks to queue
[2023-07-12 00:27:31,042] {logging_mixin.py:115} INFO - [2023-07-12 00:27:31,042] {dagbag.py:508} INFO - Filling up the DagBag from /home/airflow/.local/lib/python3.7/site-packages/airflow/example_dags/example_short_circuit_operator.py
[2023-07-12 00:27:31,071] {processor.py:651} INFO - DAG(s) dict_keys(['example_short_circuit_operator']) retrieved from /home/airflow/.local/lib/python3.7/site-packages/airflow/example_dags/example_short_circuit_operator.py
[2023-07-12 00:27:31,126] {logging_mixin.py:115} INFO - [2023-07-12 00:27:31,126] {dag.py:2420} INFO - Sync 1 DAGs
[2023-07-12 00:27:31,370] {logging_mixin.py:115} INFO - [2023-07-12 00:27:31,369] {dag.py:2972} INFO - Setting next_dagrun for example_short_circuit_operator to 2023-07-11T00:27:31.369461+00:00, run_after=2023-07-12T00:27:31.369461+00:00
[2023-07-12 00:27:31,397] {processor.py:161} INFO - Processing /home/airflow/.local/lib/python3.7/site-packages/airflow/example_dags/example_short_circuit_operator.py took 0.367 seconds
[2023-07-12 00:28:02,415] {processor.py:153} INFO - Started process (PID=808) to work on /home/airflow/.local/lib/python3.7/site-packages/airflow/example_dags/example_short_circuit_operator.py
[2023-07-12 00:28:02,416] {processor.py:641} INFO - Processing file /home/airflow/.local/lib/python3.7/site-packages/airflow/example_dags/example_short_circuit_operator.py for tasks to queue
[2023-07-12 00:28:02,416] {logging_mixin.py:115} INFO - [2023-07-12 00:28:02,416] {dagbag.py:508} INFO - Filling up the DagBag from /home/airflow/.local/lib/python3.7/site-packages/airflow/example_dags/example_short_circuit_operator.py
[2023-07-12 00:28:02,427] {processor.py:651} INFO - DAG(s) dict_keys(['example_short_circuit_operator']) retrieved from /home/airflow/.local/lib/python3.7/site-packages/airflow/example_dags/example_short_circuit_operator.py
[2023-07-12 00:28:02,466] {logging_mixin.py:115} INFO - [2023-07-12 00:28:02,466] {dag.py:2420} INFO - Sync 1 DAGs
[2023-07-12 00:28:02,678] {logging_mixin.py:115} INFO - [2023-07-12 00:28:02,678] {dag.py:2972} INFO - Setting next_dagrun for example_short_circuit_operator to 2023-07-11T00:28:02.677797+00:00, run_after=2023-07-12T00:28:02.677797+00:00
[2023-07-12 00:28:02,697] {processor.py:161} INFO - Processing /home/airflow/.local/lib/python3.7/site-packages/airflow/example_dags/example_short_circuit_operator.py took 0.285 seconds
[2023-07-12 00:28:33,079] {processor.py:153} INFO - Started process (PID=869) to work on /home/airflow/.local/lib/python3.7/site-packages/airflow/example_dags/example_short_circuit_operator.py
[2023-07-12 00:28:33,080] {processor.py:641} INFO - Processing file /home/airflow/.local/lib/python3.7/site-packages/airflow/example_dags/example_short_circuit_operator.py for tasks to queue
[2023-07-12 00:28:33,081] {logging_mixin.py:115} INFO - [2023-07-12 00:28:33,081] {dagbag.py:508} INFO - Filling up the DagBag from /home/airflow/.local/lib/python3.7/site-packages/airflow/example_dags/example_short_circuit_operator.py
[2023-07-12 00:28:33,098] {processor.py:651} INFO - DAG(s) dict_keys(['example_short_circuit_operator']) retrieved from /home/airflow/.local/lib/python3.7/site-packages/airflow/example_dags/example_short_circuit_operator.py
[2023-07-12 00:28:33,149] {logging_mixin.py:115} INFO - [2023-07-12 00:28:33,149] {dag.py:2420} INFO - Sync 1 DAGs
[2023-07-12 00:28:33,323] {logging_mixin.py:115} INFO - [2023-07-12 00:28:33,322] {dag.py:2972} INFO - Setting next_dagrun for example_short_circuit_operator to 2023-07-11T00:28:33.322627+00:00, run_after=2023-07-12T00:28:33.322627+00:00
[2023-07-12 00:28:33,346] {processor.py:161} INFO - Processing /home/airflow/.local/lib/python3.7/site-packages/airflow/example_dags/example_short_circuit_operator.py took 0.272 seconds
[2023-07-12 00:29:03,823] {processor.py:153} INFO - Started process (PID=920) to work on /home/airflow/.local/lib/python3.7/site-packages/airflow/example_dags/example_short_circuit_operator.py
[2023-07-12 00:29:03,826] {processor.py:641} INFO - Processing file /home/airflow/.local/lib/python3.7/site-packages/airflow/example_dags/example_short_circuit_operator.py for tasks to queue
[2023-07-12 00:29:03,827] {logging_mixin.py:115} INFO - [2023-07-12 00:29:03,827] {dagbag.py:508} INFO - Filling up the DagBag from /home/airflow/.local/lib/python3.7/site-packages/airflow/example_dags/example_short_circuit_operator.py
[2023-07-12 00:29:03,865] {processor.py:651} INFO - DAG(s) dict_keys(['example_short_circuit_operator']) retrieved from /home/airflow/.local/lib/python3.7/site-packages/airflow/example_dags/example_short_circuit_operator.py
[2023-07-12 00:29:03,974] {logging_mixin.py:115} INFO - [2023-07-12 00:29:03,974] {dag.py:2420} INFO - Sync 1 DAGs
[2023-07-12 00:29:04,542] {logging_mixin.py:115} INFO - [2023-07-12 00:29:04,542] {dag.py:2972} INFO - Setting next_dagrun for example_short_circuit_operator to 2023-07-11T00:29:04.541649+00:00, run_after=2023-07-12T00:29:04.541649+00:00
[2023-07-12 00:29:04,608] {processor.py:161} INFO - Processing /home/airflow/.local/lib/python3.7/site-packages/airflow/example_dags/example_short_circuit_operator.py took 0.795 seconds
[2023-07-12 00:30:34,943] {processor.py:153} INFO - Started process (PID=55) to work on /home/airflow/.local/lib/python3.7/site-packages/airflow/example_dags/example_short_circuit_operator.py
[2023-07-12 00:30:34,944] {processor.py:641} INFO - Processing file /home/airflow/.local/lib/python3.7/site-packages/airflow/example_dags/example_short_circuit_operator.py for tasks to queue
[2023-07-12 00:30:34,945] {logging_mixin.py:115} INFO - [2023-07-12 00:30:34,945] {dagbag.py:508} INFO - Filling up the DagBag from /home/airflow/.local/lib/python3.7/site-packages/airflow/example_dags/example_short_circuit_operator.py
[2023-07-12 00:30:34,975] {processor.py:651} INFO - DAG(s) dict_keys(['example_short_circuit_operator']) retrieved from /home/airflow/.local/lib/python3.7/site-packages/airflow/example_dags/example_short_circuit_operator.py
[2023-07-12 00:30:35,063] {logging_mixin.py:115} INFO - [2023-07-12 00:30:35,063] {dag.py:2420} INFO - Sync 1 DAGs
[2023-07-12 00:30:35,415] {logging_mixin.py:115} INFO - [2023-07-12 00:30:35,415] {dag.py:2972} INFO - Setting next_dagrun for example_short_circuit_operator to 2023-07-11T00:30:35.414998+00:00, run_after=2023-07-12T00:30:35.414998+00:00
[2023-07-12 00:30:35,470] {processor.py:161} INFO - Processing /home/airflow/.local/lib/python3.7/site-packages/airflow/example_dags/example_short_circuit_operator.py took 0.536 seconds
[2023-07-12 00:31:06,267] {processor.py:153} INFO - Started process (PID=108) to work on /home/airflow/.local/lib/python3.7/site-packages/airflow/example_dags/example_short_circuit_operator.py
[2023-07-12 00:31:06,268] {processor.py:641} INFO - Processing file /home/airflow/.local/lib/python3.7/site-packages/airflow/example_dags/example_short_circuit_operator.py for tasks to queue
[2023-07-12 00:31:06,268] {logging_mixin.py:115} INFO - [2023-07-12 00:31:06,268] {dagbag.py:508} INFO - Filling up the DagBag from /home/airflow/.local/lib/python3.7/site-packages/airflow/example_dags/example_short_circuit_operator.py
[2023-07-12 00:31:06,279] {processor.py:651} INFO - DAG(s) dict_keys(['example_short_circuit_operator']) retrieved from /home/airflow/.local/lib/python3.7/site-packages/airflow/example_dags/example_short_circuit_operator.py
[2023-07-12 00:31:06,328] {logging_mixin.py:115} INFO - [2023-07-12 00:31:06,328] {dag.py:2420} INFO - Sync 1 DAGs
[2023-07-12 00:31:06,652] {logging_mixin.py:115} INFO - [2023-07-12 00:31:06,651] {dag.py:2972} INFO - Setting next_dagrun for example_short_circuit_operator to 2023-07-11T00:31:06.651604+00:00, run_after=2023-07-12T00:31:06.651604+00:00
[2023-07-12 00:31:06,710] {processor.py:161} INFO - Processing /home/airflow/.local/lib/python3.7/site-packages/airflow/example_dags/example_short_circuit_operator.py took 0.446 seconds
[2023-07-12 00:31:37,195] {processor.py:153} INFO - Started process (PID=169) to work on /home/airflow/.local/lib/python3.7/site-packages/airflow/example_dags/example_short_circuit_operator.py
[2023-07-12 00:31:37,196] {processor.py:641} INFO - Processing file /home/airflow/.local/lib/python3.7/site-packages/airflow/example_dags/example_short_circuit_operator.py for tasks to queue
[2023-07-12 00:31:37,197] {logging_mixin.py:115} INFO - [2023-07-12 00:31:37,197] {dagbag.py:508} INFO - Filling up the DagBag from /home/airflow/.local/lib/python3.7/site-packages/airflow/example_dags/example_short_circuit_operator.py
[2023-07-12 00:31:37,212] {processor.py:651} INFO - DAG(s) dict_keys(['example_short_circuit_operator']) retrieved from /home/airflow/.local/lib/python3.7/site-packages/airflow/example_dags/example_short_circuit_operator.py
[2023-07-12 00:31:37,278] {logging_mixin.py:115} INFO - [2023-07-12 00:31:37,278] {dag.py:2420} INFO - Sync 1 DAGs
[2023-07-12 00:31:37,578] {logging_mixin.py:115} INFO - [2023-07-12 00:31:37,578] {dag.py:2972} INFO - Setting next_dagrun for example_short_circuit_operator to 2023-07-11T00:31:37.578005+00:00, run_after=2023-07-12T00:31:37.578005+00:00
[2023-07-12 00:31:37,598] {processor.py:161} INFO - Processing /home/airflow/.local/lib/python3.7/site-packages/airflow/example_dags/example_short_circuit_operator.py took 0.408 seconds
[2023-07-12 00:32:07,971] {processor.py:153} INFO - Started process (PID=221) to work on /home/airflow/.local/lib/python3.7/site-packages/airflow/example_dags/example_short_circuit_operator.py
[2023-07-12 00:32:07,972] {processor.py:641} INFO - Processing file /home/airflow/.local/lib/python3.7/site-packages/airflow/example_dags/example_short_circuit_operator.py for tasks to queue
[2023-07-12 00:32:07,973] {logging_mixin.py:115} INFO - [2023-07-12 00:32:07,973] {dagbag.py:508} INFO - Filling up the DagBag from /home/airflow/.local/lib/python3.7/site-packages/airflow/example_dags/example_short_circuit_operator.py
[2023-07-12 00:32:07,989] {processor.py:651} INFO - DAG(s) dict_keys(['example_short_circuit_operator']) retrieved from /home/airflow/.local/lib/python3.7/site-packages/airflow/example_dags/example_short_circuit_operator.py
[2023-07-12 00:32:08,044] {logging_mixin.py:115} INFO - [2023-07-12 00:32:08,044] {dag.py:2420} INFO - Sync 1 DAGs
[2023-07-12 00:32:08,216] {logging_mixin.py:115} INFO - [2023-07-12 00:32:08,216] {dag.py:2972} INFO - Setting next_dagrun for example_short_circuit_operator to 2023-07-11T00:32:08.216292+00:00, run_after=2023-07-12T00:32:08.216292+00:00
[2023-07-12 00:32:08,235] {processor.py:161} INFO - Processing /home/airflow/.local/lib/python3.7/site-packages/airflow/example_dags/example_short_circuit_operator.py took 0.270 seconds
[2023-07-12 00:32:40,035] {processor.py:153} INFO - Started process (PID=275) to work on /home/airflow/.local/lib/python3.7/site-packages/airflow/example_dags/example_short_circuit_operator.py
[2023-07-12 00:32:40,040] {processor.py:641} INFO - Processing file /home/airflow/.local/lib/python3.7/site-packages/airflow/example_dags/example_short_circuit_operator.py for tasks to queue
[2023-07-12 00:32:40,041] {logging_mixin.py:115} INFO - [2023-07-12 00:32:40,041] {dagbag.py:508} INFO - Filling up the DagBag from /home/airflow/.local/lib/python3.7/site-packages/airflow/example_dags/example_short_circuit_operator.py
[2023-07-12 00:32:40,070] {processor.py:651} INFO - DAG(s) dict_keys(['example_short_circuit_operator']) retrieved from /home/airflow/.local/lib/python3.7/site-packages/airflow/example_dags/example_short_circuit_operator.py
[2023-07-12 00:32:40,200] {logging_mixin.py:115} INFO - [2023-07-12 00:32:40,199] {dag.py:2420} INFO - Sync 1 DAGs
[2023-07-12 00:32:40,589] {logging_mixin.py:115} INFO - [2023-07-12 00:32:40,589] {dag.py:2972} INFO - Setting next_dagrun for example_short_circuit_operator to 2023-07-11T00:32:40.589129+00:00, run_after=2023-07-12T00:32:40.589129+00:00
[2023-07-12 00:32:40,606] {processor.py:161} INFO - Processing /home/airflow/.local/lib/python3.7/site-packages/airflow/example_dags/example_short_circuit_operator.py took 0.577 seconds
[2023-07-12 00:33:18,420] {processor.py:153} INFO - Started process (PID=373) to work on /home/airflow/.local/lib/python3.7/site-packages/airflow/example_dags/example_short_circuit_operator.py
[2023-07-12 00:33:18,424] {processor.py:641} INFO - Processing file /home/airflow/.local/lib/python3.7/site-packages/airflow/example_dags/example_short_circuit_operator.py for tasks to queue
[2023-07-12 00:33:18,425] {logging_mixin.py:115} INFO - [2023-07-12 00:33:18,425] {dagbag.py:508} INFO - Filling up the DagBag from /home/airflow/.local/lib/python3.7/site-packages/airflow/example_dags/example_short_circuit_operator.py
[2023-07-12 00:33:18,477] {processor.py:651} INFO - DAG(s) dict_keys(['example_short_circuit_operator']) retrieved from /home/airflow/.local/lib/python3.7/site-packages/airflow/example_dags/example_short_circuit_operator.py
[2023-07-12 00:33:18,820] {logging_mixin.py:115} INFO - [2023-07-12 00:33:18,819] {dag.py:2420} INFO - Sync 1 DAGs
[2023-07-12 00:33:19,351] {logging_mixin.py:115} INFO - [2023-07-12 00:33:19,350] {dag.py:2972} INFO - Setting next_dagrun for example_short_circuit_operator to 2023-07-11T00:33:19.350541+00:00, run_after=2023-07-12T00:33:19.350541+00:00
[2023-07-12 00:33:19,445] {processor.py:161} INFO - Processing /home/airflow/.local/lib/python3.7/site-packages/airflow/example_dags/example_short_circuit_operator.py took 1.033 seconds
[2023-07-12 00:33:53,762] {processor.py:153} INFO - Started process (PID=450) to work on /home/airflow/.local/lib/python3.7/site-packages/airflow/example_dags/example_short_circuit_operator.py
[2023-07-12 00:33:53,764] {processor.py:641} INFO - Processing file /home/airflow/.local/lib/python3.7/site-packages/airflow/example_dags/example_short_circuit_operator.py for tasks to queue
[2023-07-12 00:33:53,766] {logging_mixin.py:115} INFO - [2023-07-12 00:33:53,766] {dagbag.py:508} INFO - Filling up the DagBag from /home/airflow/.local/lib/python3.7/site-packages/airflow/example_dags/example_short_circuit_operator.py
[2023-07-12 00:33:53,867] {processor.py:651} INFO - DAG(s) dict_keys(['example_short_circuit_operator']) retrieved from /home/airflow/.local/lib/python3.7/site-packages/airflow/example_dags/example_short_circuit_operator.py
[2023-07-12 00:33:54,106] {logging_mixin.py:115} INFO - [2023-07-12 00:33:54,106] {dag.py:2420} INFO - Sync 1 DAGs
[2023-07-12 00:33:54,841] {logging_mixin.py:115} INFO - [2023-07-12 00:33:54,841] {dag.py:2972} INFO - Setting next_dagrun for example_short_circuit_operator to 2023-07-11T00:33:54.841297+00:00, run_after=2023-07-12T00:33:54.841297+00:00
[2023-07-12 00:33:54,920] {processor.py:161} INFO - Processing /home/airflow/.local/lib/python3.7/site-packages/airflow/example_dags/example_short_circuit_operator.py took 1.168 seconds
[2023-07-12 00:34:25,892] {processor.py:153} INFO - Started process (PID=527) to work on /home/airflow/.local/lib/python3.7/site-packages/airflow/example_dags/example_short_circuit_operator.py
[2023-07-12 00:34:25,908] {processor.py:641} INFO - Processing file /home/airflow/.local/lib/python3.7/site-packages/airflow/example_dags/example_short_circuit_operator.py for tasks to queue
[2023-07-12 00:34:25,910] {logging_mixin.py:115} INFO - [2023-07-12 00:34:25,909] {dagbag.py:508} INFO - Filling up the DagBag from /home/airflow/.local/lib/python3.7/site-packages/airflow/example_dags/example_short_circuit_operator.py
[2023-07-12 00:34:25,985] {processor.py:651} INFO - DAG(s) dict_keys(['example_short_circuit_operator']) retrieved from /home/airflow/.local/lib/python3.7/site-packages/airflow/example_dags/example_short_circuit_operator.py
[2023-07-12 00:34:26,197] {logging_mixin.py:115} INFO - [2023-07-12 00:34:26,197] {dag.py:2420} INFO - Sync 1 DAGs
[2023-07-12 00:34:26,793] {logging_mixin.py:115} INFO - [2023-07-12 00:34:26,793] {dag.py:2972} INFO - Setting next_dagrun for example_short_circuit_operator to 2023-07-11T00:34:26.792386+00:00, run_after=2023-07-12T00:34:26.792386+00:00
[2023-07-12 00:34:26,851] {processor.py:161} INFO - Processing /home/airflow/.local/lib/python3.7/site-packages/airflow/example_dags/example_short_circuit_operator.py took 0.978 seconds
[2023-07-12 00:34:57,451] {processor.py:153} INFO - Started process (PID=580) to work on /home/airflow/.local/lib/python3.7/site-packages/airflow/example_dags/example_short_circuit_operator.py
[2023-07-12 00:34:57,455] {processor.py:641} INFO - Processing file /home/airflow/.local/lib/python3.7/site-packages/airflow/example_dags/example_short_circuit_operator.py for tasks to queue
[2023-07-12 00:34:57,456] {logging_mixin.py:115} INFO - [2023-07-12 00:34:57,456] {dagbag.py:508} INFO - Filling up the DagBag from /home/airflow/.local/lib/python3.7/site-packages/airflow/example_dags/example_short_circuit_operator.py
[2023-07-12 00:34:57,502] {processor.py:651} INFO - DAG(s) dict_keys(['example_short_circuit_operator']) retrieved from /home/airflow/.local/lib/python3.7/site-packages/airflow/example_dags/example_short_circuit_operator.py
[2023-07-12 00:34:57,630] {logging_mixin.py:115} INFO - [2023-07-12 00:34:57,630] {dag.py:2420} INFO - Sync 1 DAGs
[2023-07-12 00:34:57,908] {logging_mixin.py:115} INFO - [2023-07-12 00:34:57,907] {dag.py:2972} INFO - Setting next_dagrun for example_short_circuit_operator to 2023-07-11T00:34:57.907565+00:00, run_after=2023-07-12T00:34:57.907565+00:00
[2023-07-12 00:34:57,943] {processor.py:161} INFO - Processing /home/airflow/.local/lib/python3.7/site-packages/airflow/example_dags/example_short_circuit_operator.py took 0.503 seconds
