[2023-07-12 00:20:43,179] {processor.py:153} INFO - Started process (PID=46) to work on /home/airflow/.local/lib/python3.7/site-packages/airflow/example_dags/example_python_operator.py
[2023-07-12 00:20:43,190] {processor.py:641} INFO - Processing file /home/airflow/.local/lib/python3.7/site-packages/airflow/example_dags/example_python_operator.py for tasks to queue
[2023-07-12 00:20:43,191] {logging_mixin.py:115} INFO - [2023-07-12 00:20:43,190] {dagbag.py:508} INFO - Filling up the DagBag from /home/airflow/.local/lib/python3.7/site-packages/airflow/example_dags/example_python_operator.py
[2023-07-12 00:20:43,267] {processor.py:651} INFO - DAG(s) dict_keys(['example_python_operator']) retrieved from /home/airflow/.local/lib/python3.7/site-packages/airflow/example_dags/example_python_operator.py
[2023-07-12 00:20:43,647] {logging_mixin.py:115} INFO - [2023-07-12 00:20:43,644] {dag.py:2420} INFO - Sync 1 DAGs
[2023-07-12 00:20:43,768] {logging_mixin.py:115} INFO - [2023-07-12 00:20:43,768] {dag.py:2972} INFO - Setting next_dagrun for example_python_operator to None, run_after=None
[2023-07-12 00:20:43,893] {processor.py:161} INFO - Processing /home/airflow/.local/lib/python3.7/site-packages/airflow/example_dags/example_python_operator.py took 0.722 seconds
[2023-07-12 00:21:13,955] {processor.py:153} INFO - Started process (PID=98) to work on /home/airflow/.local/lib/python3.7/site-packages/airflow/example_dags/example_python_operator.py
[2023-07-12 00:21:13,956] {processor.py:641} INFO - Processing file /home/airflow/.local/lib/python3.7/site-packages/airflow/example_dags/example_python_operator.py for tasks to queue
[2023-07-12 00:21:13,957] {logging_mixin.py:115} INFO - [2023-07-12 00:21:13,957] {dagbag.py:508} INFO - Filling up the DagBag from /home/airflow/.local/lib/python3.7/site-packages/airflow/example_dags/example_python_operator.py
[2023-07-12 00:21:14,014] {processor.py:651} INFO - DAG(s) dict_keys(['example_python_operator']) retrieved from /home/airflow/.local/lib/python3.7/site-packages/airflow/example_dags/example_python_operator.py
[2023-07-12 00:21:14,317] {logging_mixin.py:115} INFO - [2023-07-12 00:21:14,317] {dag.py:2420} INFO - Sync 1 DAGs
[2023-07-12 00:21:14,355] {logging_mixin.py:115} INFO - [2023-07-12 00:21:14,354] {dag.py:2972} INFO - Setting next_dagrun for example_python_operator to None, run_after=None
[2023-07-12 00:21:14,373] {processor.py:161} INFO - Processing /home/airflow/.local/lib/python3.7/site-packages/airflow/example_dags/example_python_operator.py took 0.425 seconds
[2023-07-12 00:21:44,740] {processor.py:153} INFO - Started process (PID=150) to work on /home/airflow/.local/lib/python3.7/site-packages/airflow/example_dags/example_python_operator.py
[2023-07-12 00:21:44,741] {processor.py:641} INFO - Processing file /home/airflow/.local/lib/python3.7/site-packages/airflow/example_dags/example_python_operator.py for tasks to queue
[2023-07-12 00:21:44,742] {logging_mixin.py:115} INFO - [2023-07-12 00:21:44,742] {dagbag.py:508} INFO - Filling up the DagBag from /home/airflow/.local/lib/python3.7/site-packages/airflow/example_dags/example_python_operator.py
[2023-07-12 00:21:44,791] {processor.py:651} INFO - DAG(s) dict_keys(['example_python_operator']) retrieved from /home/airflow/.local/lib/python3.7/site-packages/airflow/example_dags/example_python_operator.py
[2023-07-12 00:21:45,011] {logging_mixin.py:115} INFO - [2023-07-12 00:21:45,010] {dag.py:2420} INFO - Sync 1 DAGs
[2023-07-12 00:21:45,051] {logging_mixin.py:115} INFO - [2023-07-12 00:21:45,051] {dag.py:2972} INFO - Setting next_dagrun for example_python_operator to None, run_after=None
[2023-07-12 00:21:45,073] {processor.py:161} INFO - Processing /home/airflow/.local/lib/python3.7/site-packages/airflow/example_dags/example_python_operator.py took 0.339 seconds
[2023-07-12 00:22:15,310] {processor.py:153} INFO - Started process (PID=201) to work on /home/airflow/.local/lib/python3.7/site-packages/airflow/example_dags/example_python_operator.py
[2023-07-12 00:22:15,313] {processor.py:641} INFO - Processing file /home/airflow/.local/lib/python3.7/site-packages/airflow/example_dags/example_python_operator.py for tasks to queue
[2023-07-12 00:22:15,314] {logging_mixin.py:115} INFO - [2023-07-12 00:22:15,314] {dagbag.py:508} INFO - Filling up the DagBag from /home/airflow/.local/lib/python3.7/site-packages/airflow/example_dags/example_python_operator.py
[2023-07-12 00:22:15,379] {processor.py:651} INFO - DAG(s) dict_keys(['example_python_operator']) retrieved from /home/airflow/.local/lib/python3.7/site-packages/airflow/example_dags/example_python_operator.py
[2023-07-12 00:22:15,685] {logging_mixin.py:115} INFO - [2023-07-12 00:22:15,685] {dag.py:2420} INFO - Sync 1 DAGs
[2023-07-12 00:22:15,892] {logging_mixin.py:115} INFO - [2023-07-12 00:22:15,892] {dag.py:2972} INFO - Setting next_dagrun for example_python_operator to None, run_after=None
[2023-07-12 00:22:15,973] {processor.py:161} INFO - Processing /home/airflow/.local/lib/python3.7/site-packages/airflow/example_dags/example_python_operator.py took 0.669 seconds
[2023-07-12 00:22:46,772] {processor.py:153} INFO - Started process (PID=253) to work on /home/airflow/.local/lib/python3.7/site-packages/airflow/example_dags/example_python_operator.py
[2023-07-12 00:22:46,773] {processor.py:641} INFO - Processing file /home/airflow/.local/lib/python3.7/site-packages/airflow/example_dags/example_python_operator.py for tasks to queue
[2023-07-12 00:22:46,775] {logging_mixin.py:115} INFO - [2023-07-12 00:22:46,775] {dagbag.py:508} INFO - Filling up the DagBag from /home/airflow/.local/lib/python3.7/site-packages/airflow/example_dags/example_python_operator.py
[2023-07-12 00:22:46,822] {processor.py:651} INFO - DAG(s) dict_keys(['example_python_operator']) retrieved from /home/airflow/.local/lib/python3.7/site-packages/airflow/example_dags/example_python_operator.py
[2023-07-12 00:22:47,232] {logging_mixin.py:115} INFO - [2023-07-12 00:22:47,231] {dag.py:2420} INFO - Sync 1 DAGs
[2023-07-12 00:22:47,320] {logging_mixin.py:115} INFO - [2023-07-12 00:22:47,320] {dag.py:2972} INFO - Setting next_dagrun for example_python_operator to None, run_after=None
[2023-07-12 00:22:47,384] {processor.py:161} INFO - Processing /home/airflow/.local/lib/python3.7/site-packages/airflow/example_dags/example_python_operator.py took 0.620 seconds
[2023-07-12 00:23:17,603] {processor.py:153} INFO - Started process (PID=304) to work on /home/airflow/.local/lib/python3.7/site-packages/airflow/example_dags/example_python_operator.py
[2023-07-12 00:23:17,604] {processor.py:641} INFO - Processing file /home/airflow/.local/lib/python3.7/site-packages/airflow/example_dags/example_python_operator.py for tasks to queue
[2023-07-12 00:23:17,606] {logging_mixin.py:115} INFO - [2023-07-12 00:23:17,605] {dagbag.py:508} INFO - Filling up the DagBag from /home/airflow/.local/lib/python3.7/site-packages/airflow/example_dags/example_python_operator.py
[2023-07-12 00:23:17,667] {processor.py:651} INFO - DAG(s) dict_keys(['example_python_operator']) retrieved from /home/airflow/.local/lib/python3.7/site-packages/airflow/example_dags/example_python_operator.py
[2023-07-12 00:23:18,296] {logging_mixin.py:115} INFO - [2023-07-12 00:23:18,296] {dag.py:2420} INFO - Sync 1 DAGs
[2023-07-12 00:23:18,403] {logging_mixin.py:115} INFO - [2023-07-12 00:23:18,403] {dag.py:2972} INFO - Setting next_dagrun for example_python_operator to None, run_after=None
[2023-07-12 00:23:18,448] {processor.py:161} INFO - Processing /home/airflow/.local/lib/python3.7/site-packages/airflow/example_dags/example_python_operator.py took 0.854 seconds
[2023-07-12 00:23:48,548] {processor.py:153} INFO - Started process (PID=357) to work on /home/airflow/.local/lib/python3.7/site-packages/airflow/example_dags/example_python_operator.py
[2023-07-12 00:23:48,549] {processor.py:641} INFO - Processing file /home/airflow/.local/lib/python3.7/site-packages/airflow/example_dags/example_python_operator.py for tasks to queue
[2023-07-12 00:23:48,549] {logging_mixin.py:115} INFO - [2023-07-12 00:23:48,549] {dagbag.py:508} INFO - Filling up the DagBag from /home/airflow/.local/lib/python3.7/site-packages/airflow/example_dags/example_python_operator.py
[2023-07-12 00:23:48,592] {processor.py:651} INFO - DAG(s) dict_keys(['example_python_operator']) retrieved from /home/airflow/.local/lib/python3.7/site-packages/airflow/example_dags/example_python_operator.py
[2023-07-12 00:23:48,891] {logging_mixin.py:115} INFO - [2023-07-12 00:23:48,890] {dag.py:2420} INFO - Sync 1 DAGs
[2023-07-12 00:23:48,939] {logging_mixin.py:115} INFO - [2023-07-12 00:23:48,939] {dag.py:2972} INFO - Setting next_dagrun for example_python_operator to None, run_after=None
[2023-07-12 00:23:48,965] {processor.py:161} INFO - Processing /home/airflow/.local/lib/python3.7/site-packages/airflow/example_dags/example_python_operator.py took 0.423 seconds
[2023-07-12 00:24:19,666] {processor.py:153} INFO - Started process (PID=409) to work on /home/airflow/.local/lib/python3.7/site-packages/airflow/example_dags/example_python_operator.py
[2023-07-12 00:24:19,667] {processor.py:641} INFO - Processing file /home/airflow/.local/lib/python3.7/site-packages/airflow/example_dags/example_python_operator.py for tasks to queue
[2023-07-12 00:24:19,668] {logging_mixin.py:115} INFO - [2023-07-12 00:24:19,668] {dagbag.py:508} INFO - Filling up the DagBag from /home/airflow/.local/lib/python3.7/site-packages/airflow/example_dags/example_python_operator.py
[2023-07-12 00:24:19,712] {processor.py:651} INFO - DAG(s) dict_keys(['example_python_operator']) retrieved from /home/airflow/.local/lib/python3.7/site-packages/airflow/example_dags/example_python_operator.py
[2023-07-12 00:24:20,029] {logging_mixin.py:115} INFO - [2023-07-12 00:24:20,029] {dag.py:2420} INFO - Sync 1 DAGs
[2023-07-12 00:24:20,094] {logging_mixin.py:115} INFO - [2023-07-12 00:24:20,094] {dag.py:2972} INFO - Setting next_dagrun for example_python_operator to None, run_after=None
[2023-07-12 00:24:20,129] {processor.py:161} INFO - Processing /home/airflow/.local/lib/python3.7/site-packages/airflow/example_dags/example_python_operator.py took 0.467 seconds
[2023-07-12 00:24:50,247] {processor.py:153} INFO - Started process (PID=470) to work on /home/airflow/.local/lib/python3.7/site-packages/airflow/example_dags/example_python_operator.py
[2023-07-12 00:24:50,248] {processor.py:641} INFO - Processing file /home/airflow/.local/lib/python3.7/site-packages/airflow/example_dags/example_python_operator.py for tasks to queue
[2023-07-12 00:24:50,248] {logging_mixin.py:115} INFO - [2023-07-12 00:24:50,248] {dagbag.py:508} INFO - Filling up the DagBag from /home/airflow/.local/lib/python3.7/site-packages/airflow/example_dags/example_python_operator.py
[2023-07-12 00:24:50,277] {processor.py:651} INFO - DAG(s) dict_keys(['example_python_operator']) retrieved from /home/airflow/.local/lib/python3.7/site-packages/airflow/example_dags/example_python_operator.py
[2023-07-12 00:24:50,455] {logging_mixin.py:115} INFO - [2023-07-12 00:24:50,455] {dag.py:2420} INFO - Sync 1 DAGs
[2023-07-12 00:24:50,482] {logging_mixin.py:115} INFO - [2023-07-12 00:24:50,482] {dag.py:2972} INFO - Setting next_dagrun for example_python_operator to None, run_after=None
[2023-07-12 00:24:50,496] {processor.py:161} INFO - Processing /home/airflow/.local/lib/python3.7/site-packages/airflow/example_dags/example_python_operator.py took 0.253 seconds
[2023-07-12 00:25:21,349] {processor.py:153} INFO - Started process (PID=522) to work on /home/airflow/.local/lib/python3.7/site-packages/airflow/example_dags/example_python_operator.py
[2023-07-12 00:25:21,350] {processor.py:641} INFO - Processing file /home/airflow/.local/lib/python3.7/site-packages/airflow/example_dags/example_python_operator.py for tasks to queue
[2023-07-12 00:25:21,351] {logging_mixin.py:115} INFO - [2023-07-12 00:25:21,351] {dagbag.py:508} INFO - Filling up the DagBag from /home/airflow/.local/lib/python3.7/site-packages/airflow/example_dags/example_python_operator.py
[2023-07-12 00:25:21,411] {processor.py:651} INFO - DAG(s) dict_keys(['example_python_operator']) retrieved from /home/airflow/.local/lib/python3.7/site-packages/airflow/example_dags/example_python_operator.py
[2023-07-12 00:25:21,678] {logging_mixin.py:115} INFO - [2023-07-12 00:25:21,677] {dag.py:2420} INFO - Sync 1 DAGs
[2023-07-12 00:25:21,726] {logging_mixin.py:115} INFO - [2023-07-12 00:25:21,726] {dag.py:2972} INFO - Setting next_dagrun for example_python_operator to None, run_after=None
[2023-07-12 00:25:21,755] {processor.py:161} INFO - Processing /home/airflow/.local/lib/python3.7/site-packages/airflow/example_dags/example_python_operator.py took 0.418 seconds
[2023-07-12 00:25:52,062] {processor.py:153} INFO - Started process (PID=574) to work on /home/airflow/.local/lib/python3.7/site-packages/airflow/example_dags/example_python_operator.py
[2023-07-12 00:25:52,063] {processor.py:641} INFO - Processing file /home/airflow/.local/lib/python3.7/site-packages/airflow/example_dags/example_python_operator.py for tasks to queue
[2023-07-12 00:25:52,064] {logging_mixin.py:115} INFO - [2023-07-12 00:25:52,064] {dagbag.py:508} INFO - Filling up the DagBag from /home/airflow/.local/lib/python3.7/site-packages/airflow/example_dags/example_python_operator.py
[2023-07-12 00:25:52,124] {processor.py:651} INFO - DAG(s) dict_keys(['example_python_operator']) retrieved from /home/airflow/.local/lib/python3.7/site-packages/airflow/example_dags/example_python_operator.py
[2023-07-12 00:25:52,509] {logging_mixin.py:115} INFO - [2023-07-12 00:25:52,509] {dag.py:2420} INFO - Sync 1 DAGs
[2023-07-12 00:25:52,564] {logging_mixin.py:115} INFO - [2023-07-12 00:25:52,564] {dag.py:2972} INFO - Setting next_dagrun for example_python_operator to None, run_after=None
[2023-07-12 00:25:52,585] {processor.py:161} INFO - Processing /home/airflow/.local/lib/python3.7/site-packages/airflow/example_dags/example_python_operator.py took 0.529 seconds
[2023-07-12 00:26:23,118] {processor.py:153} INFO - Started process (PID=636) to work on /home/airflow/.local/lib/python3.7/site-packages/airflow/example_dags/example_python_operator.py
[2023-07-12 00:26:23,119] {processor.py:641} INFO - Processing file /home/airflow/.local/lib/python3.7/site-packages/airflow/example_dags/example_python_operator.py for tasks to queue
[2023-07-12 00:26:23,120] {logging_mixin.py:115} INFO - [2023-07-12 00:26:23,119] {dagbag.py:508} INFO - Filling up the DagBag from /home/airflow/.local/lib/python3.7/site-packages/airflow/example_dags/example_python_operator.py
[2023-07-12 00:26:23,172] {processor.py:651} INFO - DAG(s) dict_keys(['example_python_operator']) retrieved from /home/airflow/.local/lib/python3.7/site-packages/airflow/example_dags/example_python_operator.py
[2023-07-12 00:26:23,461] {logging_mixin.py:115} INFO - [2023-07-12 00:26:23,460] {dag.py:2420} INFO - Sync 1 DAGs
[2023-07-12 00:26:23,508] {logging_mixin.py:115} INFO - [2023-07-12 00:26:23,507] {dag.py:2972} INFO - Setting next_dagrun for example_python_operator to None, run_after=None
[2023-07-12 00:26:23,527] {processor.py:161} INFO - Processing /home/airflow/.local/lib/python3.7/site-packages/airflow/example_dags/example_python_operator.py took 0.418 seconds
[2023-07-12 00:26:54,118] {processor.py:153} INFO - Started process (PID=687) to work on /home/airflow/.local/lib/python3.7/site-packages/airflow/example_dags/example_python_operator.py
[2023-07-12 00:26:54,119] {processor.py:641} INFO - Processing file /home/airflow/.local/lib/python3.7/site-packages/airflow/example_dags/example_python_operator.py for tasks to queue
[2023-07-12 00:26:54,120] {logging_mixin.py:115} INFO - [2023-07-12 00:26:54,120] {dagbag.py:508} INFO - Filling up the DagBag from /home/airflow/.local/lib/python3.7/site-packages/airflow/example_dags/example_python_operator.py
[2023-07-12 00:26:54,142] {processor.py:651} INFO - DAG(s) dict_keys(['example_python_operator']) retrieved from /home/airflow/.local/lib/python3.7/site-packages/airflow/example_dags/example_python_operator.py
[2023-07-12 00:26:54,297] {logging_mixin.py:115} INFO - [2023-07-12 00:26:54,297] {dag.py:2420} INFO - Sync 1 DAGs
[2023-07-12 00:26:54,319] {logging_mixin.py:115} INFO - [2023-07-12 00:26:54,319] {dag.py:2972} INFO - Setting next_dagrun for example_python_operator to None, run_after=None
[2023-07-12 00:26:54,332] {processor.py:161} INFO - Processing /home/airflow/.local/lib/python3.7/site-packages/airflow/example_dags/example_python_operator.py took 0.217 seconds
[2023-07-12 00:27:24,670] {processor.py:153} INFO - Started process (PID=739) to work on /home/airflow/.local/lib/python3.7/site-packages/airflow/example_dags/example_python_operator.py
[2023-07-12 00:27:24,670] {processor.py:641} INFO - Processing file /home/airflow/.local/lib/python3.7/site-packages/airflow/example_dags/example_python_operator.py for tasks to queue
[2023-07-12 00:27:24,671] {logging_mixin.py:115} INFO - [2023-07-12 00:27:24,671] {dagbag.py:508} INFO - Filling up the DagBag from /home/airflow/.local/lib/python3.7/site-packages/airflow/example_dags/example_python_operator.py
[2023-07-12 00:27:24,694] {processor.py:651} INFO - DAG(s) dict_keys(['example_python_operator']) retrieved from /home/airflow/.local/lib/python3.7/site-packages/airflow/example_dags/example_python_operator.py
[2023-07-12 00:27:24,872] {logging_mixin.py:115} INFO - [2023-07-12 00:27:24,872] {dag.py:2420} INFO - Sync 1 DAGs
[2023-07-12 00:27:24,902] {logging_mixin.py:115} INFO - [2023-07-12 00:27:24,902] {dag.py:2972} INFO - Setting next_dagrun for example_python_operator to None, run_after=None
[2023-07-12 00:27:24,921] {processor.py:161} INFO - Processing /home/airflow/.local/lib/python3.7/site-packages/airflow/example_dags/example_python_operator.py took 0.255 seconds
[2023-07-12 00:27:54,984] {processor.py:153} INFO - Started process (PID=801) to work on /home/airflow/.local/lib/python3.7/site-packages/airflow/example_dags/example_python_operator.py
[2023-07-12 00:27:54,984] {processor.py:641} INFO - Processing file /home/airflow/.local/lib/python3.7/site-packages/airflow/example_dags/example_python_operator.py for tasks to queue
[2023-07-12 00:27:54,985] {logging_mixin.py:115} INFO - [2023-07-12 00:27:54,985] {dagbag.py:508} INFO - Filling up the DagBag from /home/airflow/.local/lib/python3.7/site-packages/airflow/example_dags/example_python_operator.py
[2023-07-12 00:27:55,012] {processor.py:651} INFO - DAG(s) dict_keys(['example_python_operator']) retrieved from /home/airflow/.local/lib/python3.7/site-packages/airflow/example_dags/example_python_operator.py
[2023-07-12 00:27:55,208] {logging_mixin.py:115} INFO - [2023-07-12 00:27:55,208] {dag.py:2420} INFO - Sync 1 DAGs
[2023-07-12 00:27:55,256] {logging_mixin.py:115} INFO - [2023-07-12 00:27:55,256] {dag.py:2972} INFO - Setting next_dagrun for example_python_operator to None, run_after=None
[2023-07-12 00:27:55,277] {processor.py:161} INFO - Processing /home/airflow/.local/lib/python3.7/site-packages/airflow/example_dags/example_python_operator.py took 0.297 seconds
[2023-07-12 00:28:25,973] {processor.py:153} INFO - Started process (PID=852) to work on /home/airflow/.local/lib/python3.7/site-packages/airflow/example_dags/example_python_operator.py
[2023-07-12 00:28:25,973] {processor.py:641} INFO - Processing file /home/airflow/.local/lib/python3.7/site-packages/airflow/example_dags/example_python_operator.py for tasks to queue
[2023-07-12 00:28:25,974] {logging_mixin.py:115} INFO - [2023-07-12 00:28:25,974] {dagbag.py:508} INFO - Filling up the DagBag from /home/airflow/.local/lib/python3.7/site-packages/airflow/example_dags/example_python_operator.py
[2023-07-12 00:28:26,006] {processor.py:651} INFO - DAG(s) dict_keys(['example_python_operator']) retrieved from /home/airflow/.local/lib/python3.7/site-packages/airflow/example_dags/example_python_operator.py
[2023-07-12 00:28:26,192] {logging_mixin.py:115} INFO - [2023-07-12 00:28:26,192] {dag.py:2420} INFO - Sync 1 DAGs
[2023-07-12 00:28:26,219] {logging_mixin.py:115} INFO - [2023-07-12 00:28:26,219] {dag.py:2972} INFO - Setting next_dagrun for example_python_operator to None, run_after=None
[2023-07-12 00:28:26,235] {processor.py:161} INFO - Processing /home/airflow/.local/lib/python3.7/site-packages/airflow/example_dags/example_python_operator.py took 0.266 seconds
[2023-07-12 00:28:56,486] {processor.py:153} INFO - Started process (PID=913) to work on /home/airflow/.local/lib/python3.7/site-packages/airflow/example_dags/example_python_operator.py
[2023-07-12 00:28:56,487] {processor.py:641} INFO - Processing file /home/airflow/.local/lib/python3.7/site-packages/airflow/example_dags/example_python_operator.py for tasks to queue
[2023-07-12 00:28:56,499] {logging_mixin.py:115} INFO - [2023-07-12 00:28:56,499] {dagbag.py:508} INFO - Filling up the DagBag from /home/airflow/.local/lib/python3.7/site-packages/airflow/example_dags/example_python_operator.py
[2023-07-12 00:28:56,553] {processor.py:651} INFO - DAG(s) dict_keys(['example_python_operator']) retrieved from /home/airflow/.local/lib/python3.7/site-packages/airflow/example_dags/example_python_operator.py
[2023-07-12 00:28:56,859] {logging_mixin.py:115} INFO - [2023-07-12 00:28:56,859] {dag.py:2420} INFO - Sync 1 DAGs
[2023-07-12 00:28:57,072] {logging_mixin.py:115} INFO - [2023-07-12 00:28:57,072] {dag.py:2972} INFO - Setting next_dagrun for example_python_operator to None, run_after=None
[2023-07-12 00:28:57,184] {processor.py:161} INFO - Processing /home/airflow/.local/lib/python3.7/site-packages/airflow/example_dags/example_python_operator.py took 0.730 seconds
[2023-07-12 00:29:27,492] {processor.py:153} INFO - Started process (PID=965) to work on /home/airflow/.local/lib/python3.7/site-packages/airflow/example_dags/example_python_operator.py
[2023-07-12 00:29:27,515] {processor.py:641} INFO - Processing file /home/airflow/.local/lib/python3.7/site-packages/airflow/example_dags/example_python_operator.py for tasks to queue
[2023-07-12 00:29:27,521] {logging_mixin.py:115} INFO - [2023-07-12 00:29:27,520] {dagbag.py:508} INFO - Filling up the DagBag from /home/airflow/.local/lib/python3.7/site-packages/airflow/example_dags/example_python_operator.py
[2023-07-12 00:29:27,727] {processor.py:651} INFO - DAG(s) dict_keys(['example_python_operator']) retrieved from /home/airflow/.local/lib/python3.7/site-packages/airflow/example_dags/example_python_operator.py
[2023-07-12 00:29:28,281] {logging_mixin.py:115} INFO - [2023-07-12 00:29:28,281] {dag.py:2420} INFO - Sync 1 DAGs
[2023-07-12 00:29:28,362] {logging_mixin.py:115} INFO - [2023-07-12 00:29:28,361] {dag.py:2972} INFO - Setting next_dagrun for example_python_operator to None, run_after=None
[2023-07-12 00:29:28,440] {processor.py:161} INFO - Processing /home/airflow/.local/lib/python3.7/site-packages/airflow/example_dags/example_python_operator.py took 0.984 seconds
[2023-07-12 00:30:33,045] {processor.py:153} INFO - Started process (PID=48) to work on /home/airflow/.local/lib/python3.7/site-packages/airflow/example_dags/example_python_operator.py
[2023-07-12 00:30:33,049] {processor.py:641} INFO - Processing file /home/airflow/.local/lib/python3.7/site-packages/airflow/example_dags/example_python_operator.py for tasks to queue
[2023-07-12 00:30:33,050] {logging_mixin.py:115} INFO - [2023-07-12 00:30:33,050] {dagbag.py:508} INFO - Filling up the DagBag from /home/airflow/.local/lib/python3.7/site-packages/airflow/example_dags/example_python_operator.py
[2023-07-12 00:30:33,089] {processor.py:651} INFO - DAG(s) dict_keys(['example_python_operator']) retrieved from /home/airflow/.local/lib/python3.7/site-packages/airflow/example_dags/example_python_operator.py
[2023-07-12 00:30:33,325] {logging_mixin.py:115} INFO - [2023-07-12 00:30:33,325] {dag.py:2420} INFO - Sync 1 DAGs
[2023-07-12 00:30:33,366] {logging_mixin.py:115} INFO - [2023-07-12 00:30:33,366] {dag.py:2972} INFO - Setting next_dagrun for example_python_operator to None, run_after=None
[2023-07-12 00:30:33,407] {processor.py:161} INFO - Processing /home/airflow/.local/lib/python3.7/site-packages/airflow/example_dags/example_python_operator.py took 0.367 seconds
[2023-07-12 00:31:04,166] {processor.py:153} INFO - Started process (PID=101) to work on /home/airflow/.local/lib/python3.7/site-packages/airflow/example_dags/example_python_operator.py
[2023-07-12 00:31:04,167] {processor.py:641} INFO - Processing file /home/airflow/.local/lib/python3.7/site-packages/airflow/example_dags/example_python_operator.py for tasks to queue
[2023-07-12 00:31:04,168] {logging_mixin.py:115} INFO - [2023-07-12 00:31:04,167] {dagbag.py:508} INFO - Filling up the DagBag from /home/airflow/.local/lib/python3.7/site-packages/airflow/example_dags/example_python_operator.py
[2023-07-12 00:31:04,193] {processor.py:651} INFO - DAG(s) dict_keys(['example_python_operator']) retrieved from /home/airflow/.local/lib/python3.7/site-packages/airflow/example_dags/example_python_operator.py
[2023-07-12 00:31:04,412] {logging_mixin.py:115} INFO - [2023-07-12 00:31:04,412] {dag.py:2420} INFO - Sync 1 DAGs
[2023-07-12 00:31:04,450] {logging_mixin.py:115} INFO - [2023-07-12 00:31:04,450] {dag.py:2972} INFO - Setting next_dagrun for example_python_operator to None, run_after=None
[2023-07-12 00:31:04,464] {processor.py:161} INFO - Processing /home/airflow/.local/lib/python3.7/site-packages/airflow/example_dags/example_python_operator.py took 0.301 seconds
[2023-07-12 00:31:35,055] {processor.py:153} INFO - Started process (PID=153) to work on /home/airflow/.local/lib/python3.7/site-packages/airflow/example_dags/example_python_operator.py
[2023-07-12 00:31:35,055] {processor.py:641} INFO - Processing file /home/airflow/.local/lib/python3.7/site-packages/airflow/example_dags/example_python_operator.py for tasks to queue
[2023-07-12 00:31:35,056] {logging_mixin.py:115} INFO - [2023-07-12 00:31:35,056] {dagbag.py:508} INFO - Filling up the DagBag from /home/airflow/.local/lib/python3.7/site-packages/airflow/example_dags/example_python_operator.py
[2023-07-12 00:31:35,094] {processor.py:651} INFO - DAG(s) dict_keys(['example_python_operator']) retrieved from /home/airflow/.local/lib/python3.7/site-packages/airflow/example_dags/example_python_operator.py
[2023-07-12 00:31:35,322] {logging_mixin.py:115} INFO - [2023-07-12 00:31:35,322] {dag.py:2420} INFO - Sync 1 DAGs
[2023-07-12 00:31:35,359] {logging_mixin.py:115} INFO - [2023-07-12 00:31:35,359] {dag.py:2972} INFO - Setting next_dagrun for example_python_operator to None, run_after=None
[2023-07-12 00:31:35,375] {processor.py:161} INFO - Processing /home/airflow/.local/lib/python3.7/site-packages/airflow/example_dags/example_python_operator.py took 0.324 seconds
[2023-07-12 00:32:06,368] {processor.py:153} INFO - Started process (PID=214) to work on /home/airflow/.local/lib/python3.7/site-packages/airflow/example_dags/example_python_operator.py
[2023-07-12 00:32:06,372] {processor.py:641} INFO - Processing file /home/airflow/.local/lib/python3.7/site-packages/airflow/example_dags/example_python_operator.py for tasks to queue
[2023-07-12 00:32:06,373] {logging_mixin.py:115} INFO - [2023-07-12 00:32:06,373] {dagbag.py:508} INFO - Filling up the DagBag from /home/airflow/.local/lib/python3.7/site-packages/airflow/example_dags/example_python_operator.py
[2023-07-12 00:32:06,478] {processor.py:651} INFO - DAG(s) dict_keys(['example_python_operator']) retrieved from /home/airflow/.local/lib/python3.7/site-packages/airflow/example_dags/example_python_operator.py
[2023-07-12 00:32:06,736] {logging_mixin.py:115} INFO - [2023-07-12 00:32:06,736] {dag.py:2420} INFO - Sync 1 DAGs
[2023-07-12 00:32:06,819] {logging_mixin.py:115} INFO - [2023-07-12 00:32:06,819] {dag.py:2972} INFO - Setting next_dagrun for example_python_operator to None, run_after=None
[2023-07-12 00:32:06,844] {processor.py:161} INFO - Processing /home/airflow/.local/lib/python3.7/site-packages/airflow/example_dags/example_python_operator.py took 0.482 seconds
[2023-07-12 00:32:37,546] {processor.py:153} INFO - Started process (PID=268) to work on /home/airflow/.local/lib/python3.7/site-packages/airflow/example_dags/example_python_operator.py
[2023-07-12 00:32:37,548] {processor.py:641} INFO - Processing file /home/airflow/.local/lib/python3.7/site-packages/airflow/example_dags/example_python_operator.py for tasks to queue
[2023-07-12 00:32:37,552] {logging_mixin.py:115} INFO - [2023-07-12 00:32:37,552] {dagbag.py:508} INFO - Filling up the DagBag from /home/airflow/.local/lib/python3.7/site-packages/airflow/example_dags/example_python_operator.py
[2023-07-12 00:32:37,639] {processor.py:651} INFO - DAG(s) dict_keys(['example_python_operator']) retrieved from /home/airflow/.local/lib/python3.7/site-packages/airflow/example_dags/example_python_operator.py
[2023-07-12 00:32:38,049] {logging_mixin.py:115} INFO - [2023-07-12 00:32:38,048] {dag.py:2420} INFO - Sync 1 DAGs
[2023-07-12 00:32:38,146] {logging_mixin.py:115} INFO - [2023-07-12 00:32:38,146] {dag.py:2972} INFO - Setting next_dagrun for example_python_operator to None, run_after=None
[2023-07-12 00:32:38,208] {processor.py:161} INFO - Processing /home/airflow/.local/lib/python3.7/site-packages/airflow/example_dags/example_python_operator.py took 0.690 seconds
[2023-07-12 00:33:14,012] {processor.py:153} INFO - Started process (PID=362) to work on /home/airflow/.local/lib/python3.7/site-packages/airflow/example_dags/example_python_operator.py
[2023-07-12 00:33:14,016] {processor.py:641} INFO - Processing file /home/airflow/.local/lib/python3.7/site-packages/airflow/example_dags/example_python_operator.py for tasks to queue
[2023-07-12 00:33:14,017] {logging_mixin.py:115} INFO - [2023-07-12 00:33:14,017] {dagbag.py:508} INFO - Filling up the DagBag from /home/airflow/.local/lib/python3.7/site-packages/airflow/example_dags/example_python_operator.py
[2023-07-12 00:33:14,350] {processor.py:651} INFO - DAG(s) dict_keys(['example_python_operator']) retrieved from /home/airflow/.local/lib/python3.7/site-packages/airflow/example_dags/example_python_operator.py
[2023-07-12 00:33:15,686] {logging_mixin.py:115} INFO - [2023-07-12 00:33:15,686] {dag.py:2420} INFO - Sync 1 DAGs
[2023-07-12 00:33:15,731] {logging_mixin.py:115} INFO - [2023-07-12 00:33:15,730] {dag.py:2972} INFO - Setting next_dagrun for example_python_operator to None, run_after=None
[2023-07-12 00:33:15,778] {processor.py:161} INFO - Processing /home/airflow/.local/lib/python3.7/site-packages/airflow/example_dags/example_python_operator.py took 1.830 seconds
[2023-07-12 00:33:47,312] {processor.py:153} INFO - Started process (PID=436) to work on /home/airflow/.local/lib/python3.7/site-packages/airflow/example_dags/example_python_operator.py
[2023-07-12 00:33:47,313] {processor.py:641} INFO - Processing file /home/airflow/.local/lib/python3.7/site-packages/airflow/example_dags/example_python_operator.py for tasks to queue
[2023-07-12 00:33:47,314] {logging_mixin.py:115} INFO - [2023-07-12 00:33:47,314] {dagbag.py:508} INFO - Filling up the DagBag from /home/airflow/.local/lib/python3.7/site-packages/airflow/example_dags/example_python_operator.py
[2023-07-12 00:33:47,593] {processor.py:651} INFO - DAG(s) dict_keys(['example_python_operator']) retrieved from /home/airflow/.local/lib/python3.7/site-packages/airflow/example_dags/example_python_operator.py
[2023-07-12 00:33:49,668] {logging_mixin.py:115} INFO - [2023-07-12 00:33:49,668] {dag.py:2420} INFO - Sync 1 DAGs
[2023-07-12 00:33:50,225] {logging_mixin.py:115} INFO - [2023-07-12 00:33:50,225] {dag.py:2972} INFO - Setting next_dagrun for example_python_operator to None, run_after=None
[2023-07-12 00:33:50,317] {processor.py:161} INFO - Processing /home/airflow/.local/lib/python3.7/site-packages/airflow/example_dags/example_python_operator.py took 3.044 seconds
[2023-07-12 00:34:20,557] {processor.py:153} INFO - Started process (PID=513) to work on /home/airflow/.local/lib/python3.7/site-packages/airflow/example_dags/example_python_operator.py
[2023-07-12 00:34:20,561] {processor.py:641} INFO - Processing file /home/airflow/.local/lib/python3.7/site-packages/airflow/example_dags/example_python_operator.py for tasks to queue
[2023-07-12 00:34:20,562] {logging_mixin.py:115} INFO - [2023-07-12 00:34:20,562] {dagbag.py:508} INFO - Filling up the DagBag from /home/airflow/.local/lib/python3.7/site-packages/airflow/example_dags/example_python_operator.py
[2023-07-12 00:34:20,791] {processor.py:651} INFO - DAG(s) dict_keys(['example_python_operator']) retrieved from /home/airflow/.local/lib/python3.7/site-packages/airflow/example_dags/example_python_operator.py
[2023-07-12 00:34:21,688] {logging_mixin.py:115} INFO - [2023-07-12 00:34:21,688] {dag.py:2420} INFO - Sync 1 DAGs
[2023-07-12 00:34:21,753] {logging_mixin.py:115} INFO - [2023-07-12 00:34:21,753] {dag.py:2972} INFO - Setting next_dagrun for example_python_operator to None, run_after=None
[2023-07-12 00:34:21,780] {processor.py:161} INFO - Processing /home/airflow/.local/lib/python3.7/site-packages/airflow/example_dags/example_python_operator.py took 1.247 seconds
[2023-07-12 00:34:52,093] {processor.py:153} INFO - Started process (PID=566) to work on /home/airflow/.local/lib/python3.7/site-packages/airflow/example_dags/example_python_operator.py
[2023-07-12 00:34:52,094] {processor.py:641} INFO - Processing file /home/airflow/.local/lib/python3.7/site-packages/airflow/example_dags/example_python_operator.py for tasks to queue
[2023-07-12 00:34:52,095] {logging_mixin.py:115} INFO - [2023-07-12 00:34:52,094] {dagbag.py:508} INFO - Filling up the DagBag from /home/airflow/.local/lib/python3.7/site-packages/airflow/example_dags/example_python_operator.py
[2023-07-12 00:34:52,143] {processor.py:651} INFO - DAG(s) dict_keys(['example_python_operator']) retrieved from /home/airflow/.local/lib/python3.7/site-packages/airflow/example_dags/example_python_operator.py
[2023-07-12 00:34:52,355] {logging_mixin.py:115} INFO - [2023-07-12 00:34:52,355] {dag.py:2420} INFO - Sync 1 DAGs
[2023-07-12 00:34:52,398] {logging_mixin.py:115} INFO - [2023-07-12 00:34:52,398] {dag.py:2972} INFO - Setting next_dagrun for example_python_operator to None, run_after=None
[2023-07-12 00:34:52,425] {processor.py:161} INFO - Processing /home/airflow/.local/lib/python3.7/site-packages/airflow/example_dags/example_python_operator.py took 0.342 seconds
[2023-07-12 00:35:22,827] {processor.py:153} INFO - Started process (PID=619) to work on /home/airflow/.local/lib/python3.7/site-packages/airflow/example_dags/example_python_operator.py
[2023-07-12 00:35:22,830] {processor.py:641} INFO - Processing file /home/airflow/.local/lib/python3.7/site-packages/airflow/example_dags/example_python_operator.py for tasks to queue
[2023-07-12 00:35:22,834] {logging_mixin.py:115} INFO - [2023-07-12 00:35:22,834] {dagbag.py:508} INFO - Filling up the DagBag from /home/airflow/.local/lib/python3.7/site-packages/airflow/example_dags/example_python_operator.py
[2023-07-12 00:35:23,014] {processor.py:651} INFO - DAG(s) dict_keys(['example_python_operator']) retrieved from /home/airflow/.local/lib/python3.7/site-packages/airflow/example_dags/example_python_operator.py
[2023-07-12 00:35:23,721] {logging_mixin.py:115} INFO - [2023-07-12 00:35:23,721] {dag.py:2420} INFO - Sync 1 DAGs
[2023-07-12 00:35:23,815] {logging_mixin.py:115} INFO - [2023-07-12 00:35:23,813] {dag.py:2972} INFO - Setting next_dagrun for example_python_operator to None, run_after=None
[2023-07-12 00:35:23,890] {processor.py:161} INFO - Processing /home/airflow/.local/lib/python3.7/site-packages/airflow/example_dags/example_python_operator.py took 1.126 seconds
