[2023-07-12 00:20:58,964] {processor.py:153} INFO - Started process (PID=77) to work on /home/airflow/.local/lib/python3.7/site-packages/airflow/example_dags/tutorial_etl_dag.py
[2023-07-12 00:20:58,965] {processor.py:641} INFO - Processing file /home/airflow/.local/lib/python3.7/site-packages/airflow/example_dags/tutorial_etl_dag.py for tasks to queue
[2023-07-12 00:20:58,965] {logging_mixin.py:115} INFO - [2023-07-12 00:20:58,965] {dagbag.py:508} INFO - Filling up the DagBag from /home/airflow/.local/lib/python3.7/site-packages/airflow/example_dags/tutorial_etl_dag.py
[2023-07-12 00:20:59,013] {processor.py:651} INFO - DAG(s) dict_keys(['tutorial_etl_dag']) retrieved from /home/airflow/.local/lib/python3.7/site-packages/airflow/example_dags/tutorial_etl_dag.py
[2023-07-12 00:20:59,172] {logging_mixin.py:115} INFO - [2023-07-12 00:20:59,172] {dag.py:2420} INFO - Sync 1 DAGs
[2023-07-12 00:20:59,682] {logging_mixin.py:115} INFO - [2023-07-12 00:20:59,681] {dag.py:2972} INFO - Setting next_dagrun for tutorial_etl_dag to None, run_after=None
[2023-07-12 00:20:59,833] {processor.py:161} INFO - Processing /home/airflow/.local/lib/python3.7/site-packages/airflow/example_dags/tutorial_etl_dag.py took 0.911 seconds
[2023-07-12 00:21:30,307] {processor.py:153} INFO - Started process (PID=129) to work on /home/airflow/.local/lib/python3.7/site-packages/airflow/example_dags/tutorial_etl_dag.py
[2023-07-12 00:21:30,307] {processor.py:641} INFO - Processing file /home/airflow/.local/lib/python3.7/site-packages/airflow/example_dags/tutorial_etl_dag.py for tasks to queue
[2023-07-12 00:21:30,308] {logging_mixin.py:115} INFO - [2023-07-12 00:21:30,308] {dagbag.py:508} INFO - Filling up the DagBag from /home/airflow/.local/lib/python3.7/site-packages/airflow/example_dags/tutorial_etl_dag.py
[2023-07-12 00:21:30,325] {processor.py:651} INFO - DAG(s) dict_keys(['tutorial_etl_dag']) retrieved from /home/airflow/.local/lib/python3.7/site-packages/airflow/example_dags/tutorial_etl_dag.py
[2023-07-12 00:21:30,377] {logging_mixin.py:115} INFO - [2023-07-12 00:21:30,376] {dag.py:2420} INFO - Sync 1 DAGs
[2023-07-12 00:21:30,574] {logging_mixin.py:115} INFO - [2023-07-12 00:21:30,574] {dag.py:2972} INFO - Setting next_dagrun for tutorial_etl_dag to None, run_after=None
[2023-07-12 00:21:30,594] {processor.py:161} INFO - Processing /home/airflow/.local/lib/python3.7/site-packages/airflow/example_dags/tutorial_etl_dag.py took 0.299 seconds
[2023-07-12 00:22:00,918] {processor.py:153} INFO - Started process (PID=181) to work on /home/airflow/.local/lib/python3.7/site-packages/airflow/example_dags/tutorial_etl_dag.py
[2023-07-12 00:22:00,918] {processor.py:641} INFO - Processing file /home/airflow/.local/lib/python3.7/site-packages/airflow/example_dags/tutorial_etl_dag.py for tasks to queue
[2023-07-12 00:22:00,919] {logging_mixin.py:115} INFO - [2023-07-12 00:22:00,919] {dagbag.py:508} INFO - Filling up the DagBag from /home/airflow/.local/lib/python3.7/site-packages/airflow/example_dags/tutorial_etl_dag.py
[2023-07-12 00:22:00,927] {processor.py:651} INFO - DAG(s) dict_keys(['tutorial_etl_dag']) retrieved from /home/airflow/.local/lib/python3.7/site-packages/airflow/example_dags/tutorial_etl_dag.py
[2023-07-12 00:22:00,972] {logging_mixin.py:115} INFO - [2023-07-12 00:22:00,971] {dag.py:2420} INFO - Sync 1 DAGs
[2023-07-12 00:22:01,180] {logging_mixin.py:115} INFO - [2023-07-12 00:22:01,180] {dag.py:2972} INFO - Setting next_dagrun for tutorial_etl_dag to None, run_after=None
[2023-07-12 00:22:01,197] {processor.py:161} INFO - Processing /home/airflow/.local/lib/python3.7/site-packages/airflow/example_dags/tutorial_etl_dag.py took 0.284 seconds
[2023-07-12 00:22:32,654] {processor.py:153} INFO - Started process (PID=232) to work on /home/airflow/.local/lib/python3.7/site-packages/airflow/example_dags/tutorial_etl_dag.py
[2023-07-12 00:22:32,656] {processor.py:641} INFO - Processing file /home/airflow/.local/lib/python3.7/site-packages/airflow/example_dags/tutorial_etl_dag.py for tasks to queue
[2023-07-12 00:22:32,657] {logging_mixin.py:115} INFO - [2023-07-12 00:22:32,657] {dagbag.py:508} INFO - Filling up the DagBag from /home/airflow/.local/lib/python3.7/site-packages/airflow/example_dags/tutorial_etl_dag.py
[2023-07-12 00:22:32,684] {processor.py:651} INFO - DAG(s) dict_keys(['tutorial_etl_dag']) retrieved from /home/airflow/.local/lib/python3.7/site-packages/airflow/example_dags/tutorial_etl_dag.py
[2023-07-12 00:22:32,811] {logging_mixin.py:115} INFO - [2023-07-12 00:22:32,811] {dag.py:2420} INFO - Sync 1 DAGs
[2023-07-12 00:22:33,404] {logging_mixin.py:115} INFO - [2023-07-12 00:22:33,403] {dag.py:2972} INFO - Setting next_dagrun for tutorial_etl_dag to None, run_after=None
[2023-07-12 00:22:33,480] {processor.py:161} INFO - Processing /home/airflow/.local/lib/python3.7/site-packages/airflow/example_dags/tutorial_etl_dag.py took 0.835 seconds
[2023-07-12 00:23:03,728] {processor.py:153} INFO - Started process (PID=283) to work on /home/airflow/.local/lib/python3.7/site-packages/airflow/example_dags/tutorial_etl_dag.py
[2023-07-12 00:23:03,731] {processor.py:641} INFO - Processing file /home/airflow/.local/lib/python3.7/site-packages/airflow/example_dags/tutorial_etl_dag.py for tasks to queue
[2023-07-12 00:23:03,732] {logging_mixin.py:115} INFO - [2023-07-12 00:23:03,731] {dagbag.py:508} INFO - Filling up the DagBag from /home/airflow/.local/lib/python3.7/site-packages/airflow/example_dags/tutorial_etl_dag.py
[2023-07-12 00:23:03,749] {processor.py:651} INFO - DAG(s) dict_keys(['tutorial_etl_dag']) retrieved from /home/airflow/.local/lib/python3.7/site-packages/airflow/example_dags/tutorial_etl_dag.py
[2023-07-12 00:23:03,841] {logging_mixin.py:115} INFO - [2023-07-12 00:23:03,840] {dag.py:2420} INFO - Sync 1 DAGs
[2023-07-12 00:23:04,307] {logging_mixin.py:115} INFO - [2023-07-12 00:23:04,307] {dag.py:2972} INFO - Setting next_dagrun for tutorial_etl_dag to None, run_after=None
[2023-07-12 00:23:04,363] {processor.py:161} INFO - Processing /home/airflow/.local/lib/python3.7/site-packages/airflow/example_dags/tutorial_etl_dag.py took 0.644 seconds
[2023-07-12 00:23:34,422] {processor.py:153} INFO - Started process (PID=335) to work on /home/airflow/.local/lib/python3.7/site-packages/airflow/example_dags/tutorial_etl_dag.py
[2023-07-12 00:23:34,423] {processor.py:641} INFO - Processing file /home/airflow/.local/lib/python3.7/site-packages/airflow/example_dags/tutorial_etl_dag.py for tasks to queue
[2023-07-12 00:23:34,424] {logging_mixin.py:115} INFO - [2023-07-12 00:23:34,424] {dagbag.py:508} INFO - Filling up the DagBag from /home/airflow/.local/lib/python3.7/site-packages/airflow/example_dags/tutorial_etl_dag.py
[2023-07-12 00:23:34,436] {processor.py:651} INFO - DAG(s) dict_keys(['tutorial_etl_dag']) retrieved from /home/airflow/.local/lib/python3.7/site-packages/airflow/example_dags/tutorial_etl_dag.py
[2023-07-12 00:23:34,481] {logging_mixin.py:115} INFO - [2023-07-12 00:23:34,481] {dag.py:2420} INFO - Sync 1 DAGs
[2023-07-12 00:23:34,714] {logging_mixin.py:115} INFO - [2023-07-12 00:23:34,714] {dag.py:2972} INFO - Setting next_dagrun for tutorial_etl_dag to None, run_after=None
[2023-07-12 00:23:34,734] {processor.py:161} INFO - Processing /home/airflow/.local/lib/python3.7/site-packages/airflow/example_dags/tutorial_etl_dag.py took 0.317 seconds
[2023-07-12 00:24:04,925] {processor.py:153} INFO - Started process (PID=387) to work on /home/airflow/.local/lib/python3.7/site-packages/airflow/example_dags/tutorial_etl_dag.py
[2023-07-12 00:24:04,926] {processor.py:641} INFO - Processing file /home/airflow/.local/lib/python3.7/site-packages/airflow/example_dags/tutorial_etl_dag.py for tasks to queue
[2023-07-12 00:24:04,927] {logging_mixin.py:115} INFO - [2023-07-12 00:24:04,926] {dagbag.py:508} INFO - Filling up the DagBag from /home/airflow/.local/lib/python3.7/site-packages/airflow/example_dags/tutorial_etl_dag.py
[2023-07-12 00:24:04,942] {processor.py:651} INFO - DAG(s) dict_keys(['tutorial_etl_dag']) retrieved from /home/airflow/.local/lib/python3.7/site-packages/airflow/example_dags/tutorial_etl_dag.py
[2023-07-12 00:24:04,994] {logging_mixin.py:115} INFO - [2023-07-12 00:24:04,994] {dag.py:2420} INFO - Sync 1 DAGs
[2023-07-12 00:24:05,209] {logging_mixin.py:115} INFO - [2023-07-12 00:24:05,209] {dag.py:2972} INFO - Setting next_dagrun for tutorial_etl_dag to None, run_after=None
[2023-07-12 00:24:05,230] {processor.py:161} INFO - Processing /home/airflow/.local/lib/python3.7/site-packages/airflow/example_dags/tutorial_etl_dag.py took 0.312 seconds
[2023-07-12 00:24:36,221] {processor.py:153} INFO - Started process (PID=448) to work on /home/airflow/.local/lib/python3.7/site-packages/airflow/example_dags/tutorial_etl_dag.py
[2023-07-12 00:24:36,227] {processor.py:641} INFO - Processing file /home/airflow/.local/lib/python3.7/site-packages/airflow/example_dags/tutorial_etl_dag.py for tasks to queue
[2023-07-12 00:24:36,231] {logging_mixin.py:115} INFO - [2023-07-12 00:24:36,231] {dagbag.py:508} INFO - Filling up the DagBag from /home/airflow/.local/lib/python3.7/site-packages/airflow/example_dags/tutorial_etl_dag.py
[2023-07-12 00:24:36,264] {processor.py:651} INFO - DAG(s) dict_keys(['tutorial_etl_dag']) retrieved from /home/airflow/.local/lib/python3.7/site-packages/airflow/example_dags/tutorial_etl_dag.py
[2023-07-12 00:24:36,422] {logging_mixin.py:115} INFO - [2023-07-12 00:24:36,421] {dag.py:2420} INFO - Sync 1 DAGs
[2023-07-12 00:24:36,847] {logging_mixin.py:115} INFO - [2023-07-12 00:24:36,846] {dag.py:2972} INFO - Setting next_dagrun for tutorial_etl_dag to None, run_after=None
[2023-07-12 00:24:36,905] {processor.py:161} INFO - Processing /home/airflow/.local/lib/python3.7/site-packages/airflow/example_dags/tutorial_etl_dag.py took 0.700 seconds
[2023-07-12 00:25:07,209] {processor.py:153} INFO - Started process (PID=500) to work on /home/airflow/.local/lib/python3.7/site-packages/airflow/example_dags/tutorial_etl_dag.py
[2023-07-12 00:25:07,217] {processor.py:641} INFO - Processing file /home/airflow/.local/lib/python3.7/site-packages/airflow/example_dags/tutorial_etl_dag.py for tasks to queue
[2023-07-12 00:25:07,219] {logging_mixin.py:115} INFO - [2023-07-12 00:25:07,218] {dagbag.py:508} INFO - Filling up the DagBag from /home/airflow/.local/lib/python3.7/site-packages/airflow/example_dags/tutorial_etl_dag.py
[2023-07-12 00:25:07,247] {processor.py:651} INFO - DAG(s) dict_keys(['tutorial_etl_dag']) retrieved from /home/airflow/.local/lib/python3.7/site-packages/airflow/example_dags/tutorial_etl_dag.py
[2023-07-12 00:25:07,341] {logging_mixin.py:115} INFO - [2023-07-12 00:25:07,341] {dag.py:2420} INFO - Sync 1 DAGs
[2023-07-12 00:25:07,865] {logging_mixin.py:115} INFO - [2023-07-12 00:25:07,865] {dag.py:2972} INFO - Setting next_dagrun for tutorial_etl_dag to None, run_after=None
[2023-07-12 00:25:07,904] {processor.py:161} INFO - Processing /home/airflow/.local/lib/python3.7/site-packages/airflow/example_dags/tutorial_etl_dag.py took 0.711 seconds
[2023-07-12 00:25:37,977] {processor.py:153} INFO - Started process (PID=552) to work on /home/airflow/.local/lib/python3.7/site-packages/airflow/example_dags/tutorial_etl_dag.py
[2023-07-12 00:25:37,978] {processor.py:641} INFO - Processing file /home/airflow/.local/lib/python3.7/site-packages/airflow/example_dags/tutorial_etl_dag.py for tasks to queue
[2023-07-12 00:25:37,979] {logging_mixin.py:115} INFO - [2023-07-12 00:25:37,979] {dagbag.py:508} INFO - Filling up the DagBag from /home/airflow/.local/lib/python3.7/site-packages/airflow/example_dags/tutorial_etl_dag.py
[2023-07-12 00:25:37,991] {processor.py:651} INFO - DAG(s) dict_keys(['tutorial_etl_dag']) retrieved from /home/airflow/.local/lib/python3.7/site-packages/airflow/example_dags/tutorial_etl_dag.py
[2023-07-12 00:25:38,040] {logging_mixin.py:115} INFO - [2023-07-12 00:25:38,040] {dag.py:2420} INFO - Sync 1 DAGs
[2023-07-12 00:25:38,215] {logging_mixin.py:115} INFO - [2023-07-12 00:25:38,215] {dag.py:2972} INFO - Setting next_dagrun for tutorial_etl_dag to None, run_after=None
[2023-07-12 00:25:38,234] {processor.py:161} INFO - Processing /home/airflow/.local/lib/python3.7/site-packages/airflow/example_dags/tutorial_etl_dag.py took 0.262 seconds
[2023-07-12 00:26:09,254] {processor.py:153} INFO - Started process (PID=604) to work on /home/airflow/.local/lib/python3.7/site-packages/airflow/example_dags/tutorial_etl_dag.py
[2023-07-12 00:26:09,255] {processor.py:641} INFO - Processing file /home/airflow/.local/lib/python3.7/site-packages/airflow/example_dags/tutorial_etl_dag.py for tasks to queue
[2023-07-12 00:26:09,256] {logging_mixin.py:115} INFO - [2023-07-12 00:26:09,256] {dagbag.py:508} INFO - Filling up the DagBag from /home/airflow/.local/lib/python3.7/site-packages/airflow/example_dags/tutorial_etl_dag.py
[2023-07-12 00:26:09,268] {processor.py:651} INFO - DAG(s) dict_keys(['tutorial_etl_dag']) retrieved from /home/airflow/.local/lib/python3.7/site-packages/airflow/example_dags/tutorial_etl_dag.py
[2023-07-12 00:26:09,328] {logging_mixin.py:115} INFO - [2023-07-12 00:26:09,328] {dag.py:2420} INFO - Sync 1 DAGs
[2023-07-12 00:26:09,781] {logging_mixin.py:115} INFO - [2023-07-12 00:26:09,781] {dag.py:2972} INFO - Setting next_dagrun for tutorial_etl_dag to None, run_after=None
[2023-07-12 00:26:09,853] {processor.py:161} INFO - Processing /home/airflow/.local/lib/python3.7/site-packages/airflow/example_dags/tutorial_etl_dag.py took 0.603 seconds
[2023-07-12 00:26:40,174] {processor.py:153} INFO - Started process (PID=665) to work on /home/airflow/.local/lib/python3.7/site-packages/airflow/example_dags/tutorial_etl_dag.py
[2023-07-12 00:26:40,175] {processor.py:641} INFO - Processing file /home/airflow/.local/lib/python3.7/site-packages/airflow/example_dags/tutorial_etl_dag.py for tasks to queue
[2023-07-12 00:26:40,176] {logging_mixin.py:115} INFO - [2023-07-12 00:26:40,176] {dagbag.py:508} INFO - Filling up the DagBag from /home/airflow/.local/lib/python3.7/site-packages/airflow/example_dags/tutorial_etl_dag.py
[2023-07-12 00:26:40,187] {processor.py:651} INFO - DAG(s) dict_keys(['tutorial_etl_dag']) retrieved from /home/airflow/.local/lib/python3.7/site-packages/airflow/example_dags/tutorial_etl_dag.py
[2023-07-12 00:26:40,222] {logging_mixin.py:115} INFO - [2023-07-12 00:26:40,222] {dag.py:2420} INFO - Sync 1 DAGs
[2023-07-12 00:26:40,433] {logging_mixin.py:115} INFO - [2023-07-12 00:26:40,433] {dag.py:2972} INFO - Setting next_dagrun for tutorial_etl_dag to None, run_after=None
[2023-07-12 00:26:40,449] {processor.py:161} INFO - Processing /home/airflow/.local/lib/python3.7/site-packages/airflow/example_dags/tutorial_etl_dag.py took 0.279 seconds
[2023-07-12 00:27:10,543] {processor.py:153} INFO - Started process (PID=717) to work on /home/airflow/.local/lib/python3.7/site-packages/airflow/example_dags/tutorial_etl_dag.py
[2023-07-12 00:27:10,544] {processor.py:641} INFO - Processing file /home/airflow/.local/lib/python3.7/site-packages/airflow/example_dags/tutorial_etl_dag.py for tasks to queue
[2023-07-12 00:27:10,545] {logging_mixin.py:115} INFO - [2023-07-12 00:27:10,545] {dagbag.py:508} INFO - Filling up the DagBag from /home/airflow/.local/lib/python3.7/site-packages/airflow/example_dags/tutorial_etl_dag.py
[2023-07-12 00:27:10,557] {processor.py:651} INFO - DAG(s) dict_keys(['tutorial_etl_dag']) retrieved from /home/airflow/.local/lib/python3.7/site-packages/airflow/example_dags/tutorial_etl_dag.py
[2023-07-12 00:27:10,610] {logging_mixin.py:115} INFO - [2023-07-12 00:27:10,610] {dag.py:2420} INFO - Sync 1 DAGs
[2023-07-12 00:27:10,864] {logging_mixin.py:115} INFO - [2023-07-12 00:27:10,864] {dag.py:2972} INFO - Setting next_dagrun for tutorial_etl_dag to None, run_after=None
[2023-07-12 00:27:10,882] {processor.py:161} INFO - Processing /home/airflow/.local/lib/python3.7/site-packages/airflow/example_dags/tutorial_etl_dag.py took 0.345 seconds
[2023-07-12 00:27:41,466] {processor.py:153} INFO - Started process (PID=779) to work on /home/airflow/.local/lib/python3.7/site-packages/airflow/example_dags/tutorial_etl_dag.py
[2023-07-12 00:27:41,467] {processor.py:641} INFO - Processing file /home/airflow/.local/lib/python3.7/site-packages/airflow/example_dags/tutorial_etl_dag.py for tasks to queue
[2023-07-12 00:27:41,469] {logging_mixin.py:115} INFO - [2023-07-12 00:27:41,468] {dagbag.py:508} INFO - Filling up the DagBag from /home/airflow/.local/lib/python3.7/site-packages/airflow/example_dags/tutorial_etl_dag.py
[2023-07-12 00:27:41,485] {processor.py:651} INFO - DAG(s) dict_keys(['tutorial_etl_dag']) retrieved from /home/airflow/.local/lib/python3.7/site-packages/airflow/example_dags/tutorial_etl_dag.py
[2023-07-12 00:27:41,572] {logging_mixin.py:115} INFO - [2023-07-12 00:27:41,571] {dag.py:2420} INFO - Sync 1 DAGs
[2023-07-12 00:27:42,031] {logging_mixin.py:115} INFO - [2023-07-12 00:27:42,031] {dag.py:2972} INFO - Setting next_dagrun for tutorial_etl_dag to None, run_after=None
[2023-07-12 00:27:42,148] {processor.py:161} INFO - Processing /home/airflow/.local/lib/python3.7/site-packages/airflow/example_dags/tutorial_etl_dag.py took 0.691 seconds
[2023-07-12 00:28:12,236] {processor.py:153} INFO - Started process (PID=830) to work on /home/airflow/.local/lib/python3.7/site-packages/airflow/example_dags/tutorial_etl_dag.py
[2023-07-12 00:28:12,237] {processor.py:641} INFO - Processing file /home/airflow/.local/lib/python3.7/site-packages/airflow/example_dags/tutorial_etl_dag.py for tasks to queue
[2023-07-12 00:28:12,238] {logging_mixin.py:115} INFO - [2023-07-12 00:28:12,238] {dagbag.py:508} INFO - Filling up the DagBag from /home/airflow/.local/lib/python3.7/site-packages/airflow/example_dags/tutorial_etl_dag.py
[2023-07-12 00:28:12,244] {processor.py:651} INFO - DAG(s) dict_keys(['tutorial_etl_dag']) retrieved from /home/airflow/.local/lib/python3.7/site-packages/airflow/example_dags/tutorial_etl_dag.py
[2023-07-12 00:28:12,277] {logging_mixin.py:115} INFO - [2023-07-12 00:28:12,277] {dag.py:2420} INFO - Sync 1 DAGs
[2023-07-12 00:28:12,433] {logging_mixin.py:115} INFO - [2023-07-12 00:28:12,433] {dag.py:2972} INFO - Setting next_dagrun for tutorial_etl_dag to None, run_after=None
[2023-07-12 00:28:12,450] {processor.py:161} INFO - Processing /home/airflow/.local/lib/python3.7/site-packages/airflow/example_dags/tutorial_etl_dag.py took 0.217 seconds
[2023-07-12 00:28:43,020] {processor.py:153} INFO - Started process (PID=890) to work on /home/airflow/.local/lib/python3.7/site-packages/airflow/example_dags/tutorial_etl_dag.py
[2023-07-12 00:28:43,021] {processor.py:641} INFO - Processing file /home/airflow/.local/lib/python3.7/site-packages/airflow/example_dags/tutorial_etl_dag.py for tasks to queue
[2023-07-12 00:28:43,022] {logging_mixin.py:115} INFO - [2023-07-12 00:28:43,022] {dagbag.py:508} INFO - Filling up the DagBag from /home/airflow/.local/lib/python3.7/site-packages/airflow/example_dags/tutorial_etl_dag.py
[2023-07-12 00:28:43,033] {processor.py:651} INFO - DAG(s) dict_keys(['tutorial_etl_dag']) retrieved from /home/airflow/.local/lib/python3.7/site-packages/airflow/example_dags/tutorial_etl_dag.py
[2023-07-12 00:28:43,085] {logging_mixin.py:115} INFO - [2023-07-12 00:28:43,085] {dag.py:2420} INFO - Sync 1 DAGs
[2023-07-12 00:28:43,298] {logging_mixin.py:115} INFO - [2023-07-12 00:28:43,298] {dag.py:2972} INFO - Setting next_dagrun for tutorial_etl_dag to None, run_after=None
[2023-07-12 00:28:43,316] {processor.py:161} INFO - Processing /home/airflow/.local/lib/python3.7/site-packages/airflow/example_dags/tutorial_etl_dag.py took 0.300 seconds
[2023-07-12 00:29:14,381] {processor.py:153} INFO - Started process (PID=943) to work on /home/airflow/.local/lib/python3.7/site-packages/airflow/example_dags/tutorial_etl_dag.py
[2023-07-12 00:29:14,382] {processor.py:641} INFO - Processing file /home/airflow/.local/lib/python3.7/site-packages/airflow/example_dags/tutorial_etl_dag.py for tasks to queue
[2023-07-12 00:29:14,383] {logging_mixin.py:115} INFO - [2023-07-12 00:29:14,383] {dagbag.py:508} INFO - Filling up the DagBag from /home/airflow/.local/lib/python3.7/site-packages/airflow/example_dags/tutorial_etl_dag.py
[2023-07-12 00:29:14,395] {processor.py:651} INFO - DAG(s) dict_keys(['tutorial_etl_dag']) retrieved from /home/airflow/.local/lib/python3.7/site-packages/airflow/example_dags/tutorial_etl_dag.py
[2023-07-12 00:29:14,459] {logging_mixin.py:115} INFO - [2023-07-12 00:29:14,459] {dag.py:2420} INFO - Sync 1 DAGs
[2023-07-12 00:29:14,740] {logging_mixin.py:115} INFO - [2023-07-12 00:29:14,739] {dag.py:2972} INFO - Setting next_dagrun for tutorial_etl_dag to None, run_after=None
[2023-07-12 00:29:14,766] {processor.py:161} INFO - Processing /home/airflow/.local/lib/python3.7/site-packages/airflow/example_dags/tutorial_etl_dag.py took 0.392 seconds
[2023-07-12 00:30:42,349] {processor.py:153} INFO - Started process (PID=79) to work on /home/airflow/.local/lib/python3.7/site-packages/airflow/example_dags/tutorial_etl_dag.py
[2023-07-12 00:30:42,350] {processor.py:641} INFO - Processing file /home/airflow/.local/lib/python3.7/site-packages/airflow/example_dags/tutorial_etl_dag.py for tasks to queue
[2023-07-12 00:30:42,351] {logging_mixin.py:115} INFO - [2023-07-12 00:30:42,351] {dagbag.py:508} INFO - Filling up the DagBag from /home/airflow/.local/lib/python3.7/site-packages/airflow/example_dags/tutorial_etl_dag.py
[2023-07-12 00:30:42,377] {processor.py:651} INFO - DAG(s) dict_keys(['tutorial_etl_dag']) retrieved from /home/airflow/.local/lib/python3.7/site-packages/airflow/example_dags/tutorial_etl_dag.py
[2023-07-12 00:30:42,596] {logging_mixin.py:115} INFO - [2023-07-12 00:30:42,596] {dag.py:2420} INFO - Sync 1 DAGs
[2023-07-12 00:30:43,163] {logging_mixin.py:115} INFO - [2023-07-12 00:30:43,163] {dag.py:2972} INFO - Setting next_dagrun for tutorial_etl_dag to None, run_after=None
[2023-07-12 00:30:43,249] {processor.py:161} INFO - Processing /home/airflow/.local/lib/python3.7/site-packages/airflow/example_dags/tutorial_etl_dag.py took 0.912 seconds
[2023-07-12 00:31:14,004] {processor.py:153} INFO - Started process (PID=131) to work on /home/airflow/.local/lib/python3.7/site-packages/airflow/example_dags/tutorial_etl_dag.py
[2023-07-12 00:31:14,004] {processor.py:641} INFO - Processing file /home/airflow/.local/lib/python3.7/site-packages/airflow/example_dags/tutorial_etl_dag.py for tasks to queue
[2023-07-12 00:31:14,005] {logging_mixin.py:115} INFO - [2023-07-12 00:31:14,005] {dagbag.py:508} INFO - Filling up the DagBag from /home/airflow/.local/lib/python3.7/site-packages/airflow/example_dags/tutorial_etl_dag.py
[2023-07-12 00:31:14,013] {processor.py:651} INFO - DAG(s) dict_keys(['tutorial_etl_dag']) retrieved from /home/airflow/.local/lib/python3.7/site-packages/airflow/example_dags/tutorial_etl_dag.py
[2023-07-12 00:31:14,047] {logging_mixin.py:115} INFO - [2023-07-12 00:31:14,047] {dag.py:2420} INFO - Sync 1 DAGs
[2023-07-12 00:31:14,241] {logging_mixin.py:115} INFO - [2023-07-12 00:31:14,241] {dag.py:2972} INFO - Setting next_dagrun for tutorial_etl_dag to None, run_after=None
[2023-07-12 00:31:14,257] {processor.py:161} INFO - Processing /home/airflow/.local/lib/python3.7/site-packages/airflow/example_dags/tutorial_etl_dag.py took 0.257 seconds
[2023-07-12 00:31:45,055] {processor.py:153} INFO - Started process (PID=184) to work on /home/airflow/.local/lib/python3.7/site-packages/airflow/example_dags/tutorial_etl_dag.py
[2023-07-12 00:31:45,055] {processor.py:641} INFO - Processing file /home/airflow/.local/lib/python3.7/site-packages/airflow/example_dags/tutorial_etl_dag.py for tasks to queue
[2023-07-12 00:31:45,056] {logging_mixin.py:115} INFO - [2023-07-12 00:31:45,056] {dagbag.py:508} INFO - Filling up the DagBag from /home/airflow/.local/lib/python3.7/site-packages/airflow/example_dags/tutorial_etl_dag.py
[2023-07-12 00:31:45,066] {processor.py:651} INFO - DAG(s) dict_keys(['tutorial_etl_dag']) retrieved from /home/airflow/.local/lib/python3.7/site-packages/airflow/example_dags/tutorial_etl_dag.py
[2023-07-12 00:31:45,114] {logging_mixin.py:115} INFO - [2023-07-12 00:31:45,113] {dag.py:2420} INFO - Sync 1 DAGs
[2023-07-12 00:31:45,332] {logging_mixin.py:115} INFO - [2023-07-12 00:31:45,332] {dag.py:2972} INFO - Setting next_dagrun for tutorial_etl_dag to None, run_after=None
[2023-07-12 00:31:45,351] {processor.py:161} INFO - Processing /home/airflow/.local/lib/python3.7/site-packages/airflow/example_dags/tutorial_etl_dag.py took 0.302 seconds
[2023-07-12 00:32:15,528] {processor.py:153} INFO - Started process (PID=236) to work on /home/airflow/.local/lib/python3.7/site-packages/airflow/example_dags/tutorial_etl_dag.py
[2023-07-12 00:32:15,538] {processor.py:641} INFO - Processing file /home/airflow/.local/lib/python3.7/site-packages/airflow/example_dags/tutorial_etl_dag.py for tasks to queue
[2023-07-12 00:32:15,538] {logging_mixin.py:115} INFO - [2023-07-12 00:32:15,538] {dagbag.py:508} INFO - Filling up the DagBag from /home/airflow/.local/lib/python3.7/site-packages/airflow/example_dags/tutorial_etl_dag.py
[2023-07-12 00:32:15,566] {processor.py:651} INFO - DAG(s) dict_keys(['tutorial_etl_dag']) retrieved from /home/airflow/.local/lib/python3.7/site-packages/airflow/example_dags/tutorial_etl_dag.py
[2023-07-12 00:32:15,611] {logging_mixin.py:115} INFO - [2023-07-12 00:32:15,611] {dag.py:2420} INFO - Sync 1 DAGs
[2023-07-12 00:32:15,812] {logging_mixin.py:115} INFO - [2023-07-12 00:32:15,812] {dag.py:2972} INFO - Setting next_dagrun for tutorial_etl_dag to None, run_after=None
[2023-07-12 00:32:15,831] {processor.py:161} INFO - Processing /home/airflow/.local/lib/python3.7/site-packages/airflow/example_dags/tutorial_etl_dag.py took 0.307 seconds
[2023-07-12 00:32:47,559] {processor.py:153} INFO - Started process (PID=308) to work on /home/airflow/.local/lib/python3.7/site-packages/airflow/example_dags/tutorial_etl_dag.py
[2023-07-12 00:32:47,564] {processor.py:641} INFO - Processing file /home/airflow/.local/lib/python3.7/site-packages/airflow/example_dags/tutorial_etl_dag.py for tasks to queue
[2023-07-12 00:32:47,568] {logging_mixin.py:115} INFO - [2023-07-12 00:32:47,567] {dagbag.py:508} INFO - Filling up the DagBag from /home/airflow/.local/lib/python3.7/site-packages/airflow/example_dags/tutorial_etl_dag.py
[2023-07-12 00:32:47,591] {processor.py:651} INFO - DAG(s) dict_keys(['tutorial_etl_dag']) retrieved from /home/airflow/.local/lib/python3.7/site-packages/airflow/example_dags/tutorial_etl_dag.py
[2023-07-12 00:32:47,829] {logging_mixin.py:115} INFO - [2023-07-12 00:32:47,829] {dag.py:2420} INFO - Sync 1 DAGs
[2023-07-12 00:32:49,533] {logging_mixin.py:115} INFO - [2023-07-12 00:32:49,532] {dag.py:2972} INFO - Setting next_dagrun for tutorial_etl_dag to None, run_after=None
[2023-07-12 00:32:49,691] {processor.py:161} INFO - Processing /home/airflow/.local/lib/python3.7/site-packages/airflow/example_dags/tutorial_etl_dag.py took 2.157 seconds
[2023-07-12 00:33:34,797] {processor.py:153} INFO - Started process (PID=402) to work on /home/airflow/.local/lib/python3.7/site-packages/airflow/example_dags/tutorial_etl_dag.py
[2023-07-12 00:33:34,807] {processor.py:641} INFO - Processing file /home/airflow/.local/lib/python3.7/site-packages/airflow/example_dags/tutorial_etl_dag.py for tasks to queue
[2023-07-12 00:33:34,808] {logging_mixin.py:115} INFO - [2023-07-12 00:33:34,808] {dagbag.py:508} INFO - Filling up the DagBag from /home/airflow/.local/lib/python3.7/site-packages/airflow/example_dags/tutorial_etl_dag.py
[2023-07-12 00:33:34,868] {processor.py:651} INFO - DAG(s) dict_keys(['tutorial_etl_dag']) retrieved from /home/airflow/.local/lib/python3.7/site-packages/airflow/example_dags/tutorial_etl_dag.py
[2023-07-12 00:33:35,097] {logging_mixin.py:115} INFO - [2023-07-12 00:33:35,097] {dag.py:2420} INFO - Sync 1 DAGs
[2023-07-12 00:33:36,222] {logging_mixin.py:115} INFO - [2023-07-12 00:33:36,221] {dag.py:2972} INFO - Setting next_dagrun for tutorial_etl_dag to None, run_after=None
[2023-07-12 00:33:36,289] {processor.py:161} INFO - Processing /home/airflow/.local/lib/python3.7/site-packages/airflow/example_dags/tutorial_etl_dag.py took 1.524 seconds
[2023-07-12 00:34:07,904] {processor.py:153} INFO - Started process (PID=492) to work on /home/airflow/.local/lib/python3.7/site-packages/airflow/example_dags/tutorial_etl_dag.py
[2023-07-12 00:34:07,905] {processor.py:641} INFO - Processing file /home/airflow/.local/lib/python3.7/site-packages/airflow/example_dags/tutorial_etl_dag.py for tasks to queue
[2023-07-12 00:34:07,906] {logging_mixin.py:115} INFO - [2023-07-12 00:34:07,906] {dagbag.py:508} INFO - Filling up the DagBag from /home/airflow/.local/lib/python3.7/site-packages/airflow/example_dags/tutorial_etl_dag.py
[2023-07-12 00:34:07,970] {processor.py:651} INFO - DAG(s) dict_keys(['tutorial_etl_dag']) retrieved from /home/airflow/.local/lib/python3.7/site-packages/airflow/example_dags/tutorial_etl_dag.py
[2023-07-12 00:34:08,293] {logging_mixin.py:115} INFO - [2023-07-12 00:34:08,293] {dag.py:2420} INFO - Sync 1 DAGs
[2023-07-12 00:34:09,065] {logging_mixin.py:115} INFO - [2023-07-12 00:34:09,065] {dag.py:2972} INFO - Setting next_dagrun for tutorial_etl_dag to None, run_after=None
[2023-07-12 00:34:09,153] {processor.py:161} INFO - Processing /home/airflow/.local/lib/python3.7/site-packages/airflow/example_dags/tutorial_etl_dag.py took 1.326 seconds
[2023-07-12 00:34:39,887] {processor.py:153} INFO - Started process (PID=543) to work on /home/airflow/.local/lib/python3.7/site-packages/airflow/example_dags/tutorial_etl_dag.py
[2023-07-12 00:34:39,892] {processor.py:641} INFO - Processing file /home/airflow/.local/lib/python3.7/site-packages/airflow/example_dags/tutorial_etl_dag.py for tasks to queue
[2023-07-12 00:34:39,893] {logging_mixin.py:115} INFO - [2023-07-12 00:34:39,893] {dagbag.py:508} INFO - Filling up the DagBag from /home/airflow/.local/lib/python3.7/site-packages/airflow/example_dags/tutorial_etl_dag.py
[2023-07-12 00:34:39,910] {processor.py:651} INFO - DAG(s) dict_keys(['tutorial_etl_dag']) retrieved from /home/airflow/.local/lib/python3.7/site-packages/airflow/example_dags/tutorial_etl_dag.py
[2023-07-12 00:34:39,970] {logging_mixin.py:115} INFO - [2023-07-12 00:34:39,969] {dag.py:2420} INFO - Sync 1 DAGs
[2023-07-12 00:34:40,289] {logging_mixin.py:115} INFO - [2023-07-12 00:34:40,288] {dag.py:2972} INFO - Setting next_dagrun for tutorial_etl_dag to None, run_after=None
[2023-07-12 00:34:40,333] {processor.py:161} INFO - Processing /home/airflow/.local/lib/python3.7/site-packages/airflow/example_dags/tutorial_etl_dag.py took 0.454 seconds
[2023-07-12 00:35:10,820] {processor.py:153} INFO - Started process (PID=596) to work on /home/airflow/.local/lib/python3.7/site-packages/airflow/example_dags/tutorial_etl_dag.py
[2023-07-12 00:35:10,821] {processor.py:641} INFO - Processing file /home/airflow/.local/lib/python3.7/site-packages/airflow/example_dags/tutorial_etl_dag.py for tasks to queue
[2023-07-12 00:35:10,822] {logging_mixin.py:115} INFO - [2023-07-12 00:35:10,822] {dagbag.py:508} INFO - Filling up the DagBag from /home/airflow/.local/lib/python3.7/site-packages/airflow/example_dags/tutorial_etl_dag.py
[2023-07-12 00:35:10,836] {processor.py:651} INFO - DAG(s) dict_keys(['tutorial_etl_dag']) retrieved from /home/airflow/.local/lib/python3.7/site-packages/airflow/example_dags/tutorial_etl_dag.py
[2023-07-12 00:35:10,938] {logging_mixin.py:115} INFO - [2023-07-12 00:35:10,937] {dag.py:2420} INFO - Sync 1 DAGs
[2023-07-12 00:35:11,373] {logging_mixin.py:115} INFO - [2023-07-12 00:35:11,373] {dag.py:2972} INFO - Setting next_dagrun for tutorial_etl_dag to None, run_after=None
[2023-07-12 00:35:11,463] {processor.py:161} INFO - Processing /home/airflow/.local/lib/python3.7/site-packages/airflow/example_dags/tutorial_etl_dag.py took 0.648 seconds
