[2023-07-12 00:20:47,998] {processor.py:153} INFO - Started process (PID=65) to work on /home/airflow/.local/lib/python3.7/site-packages/airflow/example_dags/tutorial.py
[2023-07-12 00:20:48,003] {processor.py:641} INFO - Processing file /home/airflow/.local/lib/python3.7/site-packages/airflow/example_dags/tutorial.py for tasks to queue
[2023-07-12 00:20:48,006] {logging_mixin.py:115} INFO - [2023-07-12 00:20:48,004] {dagbag.py:508} INFO - Filling up the DagBag from /home/airflow/.local/lib/python3.7/site-packages/airflow/example_dags/tutorial.py
[2023-07-12 00:20:48,041] {processor.py:651} INFO - DAG(s) dict_keys(['tutorial']) retrieved from /home/airflow/.local/lib/python3.7/site-packages/airflow/example_dags/tutorial.py
[2023-07-12 00:20:48,163] {logging_mixin.py:115} INFO - [2023-07-12 00:20:48,163] {dag.py:2420} INFO - Sync 1 DAGs
[2023-07-12 00:20:49,885] {logging_mixin.py:115} INFO - [2023-07-12 00:20:49,885] {dag.py:2972} INFO - Setting next_dagrun for tutorial to 2023-07-11T00:20:49.884694+00:00, run_after=2023-07-12T00:20:49.884694+00:00
[2023-07-12 00:20:50,067] {processor.py:161} INFO - Processing /home/airflow/.local/lib/python3.7/site-packages/airflow/example_dags/tutorial.py took 2.088 seconds
[2023-07-12 00:21:20,406] {processor.py:153} INFO - Started process (PID=115) to work on /home/airflow/.local/lib/python3.7/site-packages/airflow/example_dags/tutorial.py
[2023-07-12 00:21:20,413] {processor.py:641} INFO - Processing file /home/airflow/.local/lib/python3.7/site-packages/airflow/example_dags/tutorial.py for tasks to queue
[2023-07-12 00:21:20,414] {logging_mixin.py:115} INFO - [2023-07-12 00:21:20,413] {dagbag.py:508} INFO - Filling up the DagBag from /home/airflow/.local/lib/python3.7/site-packages/airflow/example_dags/tutorial.py
[2023-07-12 00:21:20,428] {processor.py:651} INFO - DAG(s) dict_keys(['tutorial']) retrieved from /home/airflow/.local/lib/python3.7/site-packages/airflow/example_dags/tutorial.py
[2023-07-12 00:21:20,500] {logging_mixin.py:115} INFO - [2023-07-12 00:21:20,499] {dag.py:2420} INFO - Sync 1 DAGs
[2023-07-12 00:21:20,937] {logging_mixin.py:115} INFO - [2023-07-12 00:21:20,937] {dag.py:2972} INFO - Setting next_dagrun for tutorial to 2023-07-11T00:21:20.936645+00:00, run_after=2023-07-12T00:21:20.936645+00:00
[2023-07-12 00:21:20,996] {processor.py:161} INFO - Processing /home/airflow/.local/lib/python3.7/site-packages/airflow/example_dags/tutorial.py took 0.597 seconds
[2023-07-12 00:21:51,578] {processor.py:153} INFO - Started process (PID=160) to work on /home/airflow/.local/lib/python3.7/site-packages/airflow/example_dags/tutorial.py
[2023-07-12 00:21:51,579] {processor.py:641} INFO - Processing file /home/airflow/.local/lib/python3.7/site-packages/airflow/example_dags/tutorial.py for tasks to queue
[2023-07-12 00:21:51,580] {logging_mixin.py:115} INFO - [2023-07-12 00:21:51,580] {dagbag.py:508} INFO - Filling up the DagBag from /home/airflow/.local/lib/python3.7/site-packages/airflow/example_dags/tutorial.py
[2023-07-12 00:21:51,591] {processor.py:651} INFO - DAG(s) dict_keys(['tutorial']) retrieved from /home/airflow/.local/lib/python3.7/site-packages/airflow/example_dags/tutorial.py
[2023-07-12 00:21:51,647] {logging_mixin.py:115} INFO - [2023-07-12 00:21:51,647] {dag.py:2420} INFO - Sync 1 DAGs
[2023-07-12 00:21:52,161] {logging_mixin.py:115} INFO - [2023-07-12 00:21:52,161] {dag.py:2972} INFO - Setting next_dagrun for tutorial to 2023-07-11T00:21:52.160505+00:00, run_after=2023-07-12T00:21:52.160505+00:00
[2023-07-12 00:21:52,230] {processor.py:161} INFO - Processing /home/airflow/.local/lib/python3.7/site-packages/airflow/example_dags/tutorial.py took 0.657 seconds
[2023-07-12 00:22:22,476] {processor.py:153} INFO - Started process (PID=220) to work on /home/airflow/.local/lib/python3.7/site-packages/airflow/example_dags/tutorial.py
[2023-07-12 00:22:22,477] {processor.py:641} INFO - Processing file /home/airflow/.local/lib/python3.7/site-packages/airflow/example_dags/tutorial.py for tasks to queue
[2023-07-12 00:22:22,478] {logging_mixin.py:115} INFO - [2023-07-12 00:22:22,478] {dagbag.py:508} INFO - Filling up the DagBag from /home/airflow/.local/lib/python3.7/site-packages/airflow/example_dags/tutorial.py
[2023-07-12 00:22:22,490] {processor.py:651} INFO - DAG(s) dict_keys(['tutorial']) retrieved from /home/airflow/.local/lib/python3.7/site-packages/airflow/example_dags/tutorial.py
[2023-07-12 00:22:22,539] {logging_mixin.py:115} INFO - [2023-07-12 00:22:22,539] {dag.py:2420} INFO - Sync 1 DAGs
[2023-07-12 00:22:22,794] {logging_mixin.py:115} INFO - [2023-07-12 00:22:22,794] {dag.py:2972} INFO - Setting next_dagrun for tutorial to 2023-07-11T00:22:22.794137+00:00, run_after=2023-07-12T00:22:22.794137+00:00
[2023-07-12 00:22:22,821] {processor.py:161} INFO - Processing /home/airflow/.local/lib/python3.7/site-packages/airflow/example_dags/tutorial.py took 0.350 seconds
[2023-07-12 00:22:53,518] {processor.py:153} INFO - Started process (PID=272) to work on /home/airflow/.local/lib/python3.7/site-packages/airflow/example_dags/tutorial.py
[2023-07-12 00:22:53,519] {processor.py:641} INFO - Processing file /home/airflow/.local/lib/python3.7/site-packages/airflow/example_dags/tutorial.py for tasks to queue
[2023-07-12 00:22:53,530] {logging_mixin.py:115} INFO - [2023-07-12 00:22:53,528] {dagbag.py:508} INFO - Filling up the DagBag from /home/airflow/.local/lib/python3.7/site-packages/airflow/example_dags/tutorial.py
[2023-07-12 00:22:53,561] {processor.py:651} INFO - DAG(s) dict_keys(['tutorial']) retrieved from /home/airflow/.local/lib/python3.7/site-packages/airflow/example_dags/tutorial.py
[2023-07-12 00:22:53,665] {logging_mixin.py:115} INFO - [2023-07-12 00:22:53,665] {dag.py:2420} INFO - Sync 1 DAGs
[2023-07-12 00:22:54,291] {logging_mixin.py:115} INFO - [2023-07-12 00:22:54,291] {dag.py:2972} INFO - Setting next_dagrun for tutorial to 2023-07-11T00:22:54.290977+00:00, run_after=2023-07-12T00:22:54.290977+00:00
[2023-07-12 00:22:54,340] {processor.py:161} INFO - Processing /home/airflow/.local/lib/python3.7/site-packages/airflow/example_dags/tutorial.py took 0.844 seconds
[2023-07-12 00:23:24,674] {processor.py:153} INFO - Started process (PID=324) to work on /home/airflow/.local/lib/python3.7/site-packages/airflow/example_dags/tutorial.py
[2023-07-12 00:23:24,675] {processor.py:641} INFO - Processing file /home/airflow/.local/lib/python3.7/site-packages/airflow/example_dags/tutorial.py for tasks to queue
[2023-07-12 00:23:24,692] {logging_mixin.py:115} INFO - [2023-07-12 00:23:24,685] {dagbag.py:508} INFO - Filling up the DagBag from /home/airflow/.local/lib/python3.7/site-packages/airflow/example_dags/tutorial.py
[2023-07-12 00:23:24,751] {processor.py:651} INFO - DAG(s) dict_keys(['tutorial']) retrieved from /home/airflow/.local/lib/python3.7/site-packages/airflow/example_dags/tutorial.py
[2023-07-12 00:23:24,860] {logging_mixin.py:115} INFO - [2023-07-12 00:23:24,860] {dag.py:2420} INFO - Sync 1 DAGs
[2023-07-12 00:23:25,960] {logging_mixin.py:115} INFO - [2023-07-12 00:23:25,959] {dag.py:2972} INFO - Setting next_dagrun for tutorial to 2023-07-11T00:23:25.956047+00:00, run_after=2023-07-12T00:23:25.956047+00:00
[2023-07-12 00:23:26,029] {processor.py:161} INFO - Processing /home/airflow/.local/lib/python3.7/site-packages/airflow/example_dags/tutorial.py took 1.372 seconds
[2023-07-12 00:23:56,134] {processor.py:153} INFO - Started process (PID=376) to work on /home/airflow/.local/lib/python3.7/site-packages/airflow/example_dags/tutorial.py
[2023-07-12 00:23:56,135] {processor.py:641} INFO - Processing file /home/airflow/.local/lib/python3.7/site-packages/airflow/example_dags/tutorial.py for tasks to queue
[2023-07-12 00:23:56,137] {logging_mixin.py:115} INFO - [2023-07-12 00:23:56,136] {dagbag.py:508} INFO - Filling up the DagBag from /home/airflow/.local/lib/python3.7/site-packages/airflow/example_dags/tutorial.py
[2023-07-12 00:23:56,149] {processor.py:651} INFO - DAG(s) dict_keys(['tutorial']) retrieved from /home/airflow/.local/lib/python3.7/site-packages/airflow/example_dags/tutorial.py
[2023-07-12 00:23:56,214] {logging_mixin.py:115} INFO - [2023-07-12 00:23:56,213] {dag.py:2420} INFO - Sync 1 DAGs
[2023-07-12 00:23:56,654] {logging_mixin.py:115} INFO - [2023-07-12 00:23:56,653] {dag.py:2972} INFO - Setting next_dagrun for tutorial to 2023-07-11T00:23:56.653035+00:00, run_after=2023-07-12T00:23:56.653035+00:00
[2023-07-12 00:23:56,782] {processor.py:161} INFO - Processing /home/airflow/.local/lib/python3.7/site-packages/airflow/example_dags/tutorial.py took 0.654 seconds
[2023-07-12 00:24:27,080] {processor.py:153} INFO - Started process (PID=428) to work on /home/airflow/.local/lib/python3.7/site-packages/airflow/example_dags/tutorial.py
[2023-07-12 00:24:27,088] {processor.py:641} INFO - Processing file /home/airflow/.local/lib/python3.7/site-packages/airflow/example_dags/tutorial.py for tasks to queue
[2023-07-12 00:24:27,092] {logging_mixin.py:115} INFO - [2023-07-12 00:24:27,092] {dagbag.py:508} INFO - Filling up the DagBag from /home/airflow/.local/lib/python3.7/site-packages/airflow/example_dags/tutorial.py
[2023-07-12 00:24:27,133] {processor.py:651} INFO - DAG(s) dict_keys(['tutorial']) retrieved from /home/airflow/.local/lib/python3.7/site-packages/airflow/example_dags/tutorial.py
[2023-07-12 00:24:27,228] {logging_mixin.py:115} INFO - [2023-07-12 00:24:27,226] {dag.py:2420} INFO - Sync 1 DAGs
[2023-07-12 00:24:27,666] {logging_mixin.py:115} INFO - [2023-07-12 00:24:27,666] {dag.py:2972} INFO - Setting next_dagrun for tutorial to 2023-07-11T00:24:27.665681+00:00, run_after=2023-07-12T00:24:27.665681+00:00
[2023-07-12 00:24:27,722] {processor.py:161} INFO - Processing /home/airflow/.local/lib/python3.7/site-packages/airflow/example_dags/tutorial.py took 0.650 seconds
[2023-07-12 00:24:58,056] {processor.py:153} INFO - Started process (PID=480) to work on /home/airflow/.local/lib/python3.7/site-packages/airflow/example_dags/tutorial.py
[2023-07-12 00:24:58,056] {processor.py:641} INFO - Processing file /home/airflow/.local/lib/python3.7/site-packages/airflow/example_dags/tutorial.py for tasks to queue
[2023-07-12 00:24:58,057] {logging_mixin.py:115} INFO - [2023-07-12 00:24:58,057] {dagbag.py:508} INFO - Filling up the DagBag from /home/airflow/.local/lib/python3.7/site-packages/airflow/example_dags/tutorial.py
[2023-07-12 00:24:58,067] {processor.py:651} INFO - DAG(s) dict_keys(['tutorial']) retrieved from /home/airflow/.local/lib/python3.7/site-packages/airflow/example_dags/tutorial.py
[2023-07-12 00:24:58,156] {logging_mixin.py:115} INFO - [2023-07-12 00:24:58,156] {dag.py:2420} INFO - Sync 1 DAGs
[2023-07-12 00:24:58,431] {logging_mixin.py:115} INFO - [2023-07-12 00:24:58,431] {dag.py:2972} INFO - Setting next_dagrun for tutorial to 2023-07-11T00:24:58.430982+00:00, run_after=2023-07-12T00:24:58.430982+00:00
[2023-07-12 00:24:58,463] {processor.py:161} INFO - Processing /home/airflow/.local/lib/python3.7/site-packages/airflow/example_dags/tutorial.py took 0.414 seconds
[2023-07-12 00:25:28,954] {processor.py:153} INFO - Started process (PID=541) to work on /home/airflow/.local/lib/python3.7/site-packages/airflow/example_dags/tutorial.py
[2023-07-12 00:25:28,957] {processor.py:641} INFO - Processing file /home/airflow/.local/lib/python3.7/site-packages/airflow/example_dags/tutorial.py for tasks to queue
[2023-07-12 00:25:28,958] {logging_mixin.py:115} INFO - [2023-07-12 00:25:28,957] {dagbag.py:508} INFO - Filling up the DagBag from /home/airflow/.local/lib/python3.7/site-packages/airflow/example_dags/tutorial.py
[2023-07-12 00:25:28,969] {processor.py:651} INFO - DAG(s) dict_keys(['tutorial']) retrieved from /home/airflow/.local/lib/python3.7/site-packages/airflow/example_dags/tutorial.py
[2023-07-12 00:25:29,022] {logging_mixin.py:115} INFO - [2023-07-12 00:25:29,021] {dag.py:2420} INFO - Sync 1 DAGs
[2023-07-12 00:25:29,338] {logging_mixin.py:115} INFO - [2023-07-12 00:25:29,338] {dag.py:2972} INFO - Setting next_dagrun for tutorial to 2023-07-11T00:25:29.337816+00:00, run_after=2023-07-12T00:25:29.337816+00:00
[2023-07-12 00:25:29,410] {processor.py:161} INFO - Processing /home/airflow/.local/lib/python3.7/site-packages/airflow/example_dags/tutorial.py took 0.463 seconds
[2023-07-12 00:26:00,302] {processor.py:153} INFO - Started process (PID=593) to work on /home/airflow/.local/lib/python3.7/site-packages/airflow/example_dags/tutorial.py
[2023-07-12 00:26:00,303] {processor.py:641} INFO - Processing file /home/airflow/.local/lib/python3.7/site-packages/airflow/example_dags/tutorial.py for tasks to queue
[2023-07-12 00:26:00,304] {logging_mixin.py:115} INFO - [2023-07-12 00:26:00,303] {dagbag.py:508} INFO - Filling up the DagBag from /home/airflow/.local/lib/python3.7/site-packages/airflow/example_dags/tutorial.py
[2023-07-12 00:26:00,309] {processor.py:651} INFO - DAG(s) dict_keys(['tutorial']) retrieved from /home/airflow/.local/lib/python3.7/site-packages/airflow/example_dags/tutorial.py
[2023-07-12 00:26:00,348] {logging_mixin.py:115} INFO - [2023-07-12 00:26:00,347] {dag.py:2420} INFO - Sync 1 DAGs
[2023-07-12 00:26:00,524] {logging_mixin.py:115} INFO - [2023-07-12 00:26:00,523] {dag.py:2972} INFO - Setting next_dagrun for tutorial to 2023-07-11T00:26:00.523666+00:00, run_after=2023-07-12T00:26:00.523666+00:00
[2023-07-12 00:26:00,538] {processor.py:161} INFO - Processing /home/airflow/.local/lib/python3.7/site-packages/airflow/example_dags/tutorial.py took 0.240 seconds
[2023-07-12 00:26:30,753] {processor.py:153} INFO - Started process (PID=646) to work on /home/airflow/.local/lib/python3.7/site-packages/airflow/example_dags/tutorial.py
[2023-07-12 00:26:30,753] {processor.py:641} INFO - Processing file /home/airflow/.local/lib/python3.7/site-packages/airflow/example_dags/tutorial.py for tasks to queue
[2023-07-12 00:26:30,754] {logging_mixin.py:115} INFO - [2023-07-12 00:26:30,754] {dagbag.py:508} INFO - Filling up the DagBag from /home/airflow/.local/lib/python3.7/site-packages/airflow/example_dags/tutorial.py
[2023-07-12 00:26:30,760] {processor.py:651} INFO - DAG(s) dict_keys(['tutorial']) retrieved from /home/airflow/.local/lib/python3.7/site-packages/airflow/example_dags/tutorial.py
[2023-07-12 00:26:30,803] {logging_mixin.py:115} INFO - [2023-07-12 00:26:30,803] {dag.py:2420} INFO - Sync 1 DAGs
[2023-07-12 00:26:31,027] {logging_mixin.py:115} INFO - [2023-07-12 00:26:31,026] {dag.py:2972} INFO - Setting next_dagrun for tutorial to 2023-07-11T00:26:31.026641+00:00, run_after=2023-07-12T00:26:31.026641+00:00
[2023-07-12 00:26:31,045] {processor.py:161} INFO - Processing /home/airflow/.local/lib/python3.7/site-packages/airflow/example_dags/tutorial.py took 0.296 seconds
[2023-07-12 00:27:01,874] {processor.py:153} INFO - Started process (PID=706) to work on /home/airflow/.local/lib/python3.7/site-packages/airflow/example_dags/tutorial.py
[2023-07-12 00:27:01,881] {processor.py:641} INFO - Processing file /home/airflow/.local/lib/python3.7/site-packages/airflow/example_dags/tutorial.py for tasks to queue
[2023-07-12 00:27:01,881] {logging_mixin.py:115} INFO - [2023-07-12 00:27:01,881] {dagbag.py:508} INFO - Filling up the DagBag from /home/airflow/.local/lib/python3.7/site-packages/airflow/example_dags/tutorial.py
[2023-07-12 00:27:01,911] {processor.py:651} INFO - DAG(s) dict_keys(['tutorial']) retrieved from /home/airflow/.local/lib/python3.7/site-packages/airflow/example_dags/tutorial.py
[2023-07-12 00:27:01,995] {logging_mixin.py:115} INFO - [2023-07-12 00:27:01,994] {dag.py:2420} INFO - Sync 1 DAGs
[2023-07-12 00:27:02,568] {logging_mixin.py:115} INFO - [2023-07-12 00:27:02,568] {dag.py:2972} INFO - Setting next_dagrun for tutorial to 2023-07-11T00:27:02.568026+00:00, run_after=2023-07-12T00:27:02.568026+00:00
[2023-07-12 00:27:02,632] {processor.py:161} INFO - Processing /home/airflow/.local/lib/python3.7/site-packages/airflow/example_dags/tutorial.py took 0.765 seconds
[2023-07-12 00:27:33,461] {processor.py:153} INFO - Started process (PID=759) to work on /home/airflow/.local/lib/python3.7/site-packages/airflow/example_dags/tutorial.py
[2023-07-12 00:27:33,463] {processor.py:641} INFO - Processing file /home/airflow/.local/lib/python3.7/site-packages/airflow/example_dags/tutorial.py for tasks to queue
[2023-07-12 00:27:33,463] {logging_mixin.py:115} INFO - [2023-07-12 00:27:33,463] {dagbag.py:508} INFO - Filling up the DagBag from /home/airflow/.local/lib/python3.7/site-packages/airflow/example_dags/tutorial.py
[2023-07-12 00:27:33,477] {processor.py:651} INFO - DAG(s) dict_keys(['tutorial']) retrieved from /home/airflow/.local/lib/python3.7/site-packages/airflow/example_dags/tutorial.py
[2023-07-12 00:27:33,528] {logging_mixin.py:115} INFO - [2023-07-12 00:27:33,528] {dag.py:2420} INFO - Sync 1 DAGs
[2023-07-12 00:27:33,760] {logging_mixin.py:115} INFO - [2023-07-12 00:27:33,760] {dag.py:2972} INFO - Setting next_dagrun for tutorial to 2023-07-11T00:27:33.760010+00:00, run_after=2023-07-12T00:27:33.760010+00:00
[2023-07-12 00:27:33,782] {processor.py:161} INFO - Processing /home/airflow/.local/lib/python3.7/site-packages/airflow/example_dags/tutorial.py took 0.332 seconds
[2023-07-12 00:28:04,741] {processor.py:153} INFO - Started process (PID=811) to work on /home/airflow/.local/lib/python3.7/site-packages/airflow/example_dags/tutorial.py
[2023-07-12 00:28:04,742] {processor.py:641} INFO - Processing file /home/airflow/.local/lib/python3.7/site-packages/airflow/example_dags/tutorial.py for tasks to queue
[2023-07-12 00:28:04,742] {logging_mixin.py:115} INFO - [2023-07-12 00:28:04,742] {dagbag.py:508} INFO - Filling up the DagBag from /home/airflow/.local/lib/python3.7/site-packages/airflow/example_dags/tutorial.py
[2023-07-12 00:28:04,749] {processor.py:651} INFO - DAG(s) dict_keys(['tutorial']) retrieved from /home/airflow/.local/lib/python3.7/site-packages/airflow/example_dags/tutorial.py
[2023-07-12 00:28:04,788] {logging_mixin.py:115} INFO - [2023-07-12 00:28:04,788] {dag.py:2420} INFO - Sync 1 DAGs
[2023-07-12 00:28:04,961] {logging_mixin.py:115} INFO - [2023-07-12 00:28:04,961] {dag.py:2972} INFO - Setting next_dagrun for tutorial to 2023-07-11T00:28:04.961025+00:00, run_after=2023-07-12T00:28:04.961025+00:00
[2023-07-12 00:28:04,975] {processor.py:161} INFO - Processing /home/airflow/.local/lib/python3.7/site-packages/airflow/example_dags/tutorial.py took 0.238 seconds
[2023-07-12 00:28:35,381] {processor.py:153} INFO - Started process (PID=872) to work on /home/airflow/.local/lib/python3.7/site-packages/airflow/example_dags/tutorial.py
[2023-07-12 00:28:35,381] {processor.py:641} INFO - Processing file /home/airflow/.local/lib/python3.7/site-packages/airflow/example_dags/tutorial.py for tasks to queue
[2023-07-12 00:28:35,382] {logging_mixin.py:115} INFO - [2023-07-12 00:28:35,382] {dagbag.py:508} INFO - Filling up the DagBag from /home/airflow/.local/lib/python3.7/site-packages/airflow/example_dags/tutorial.py
[2023-07-12 00:28:35,387] {processor.py:651} INFO - DAG(s) dict_keys(['tutorial']) retrieved from /home/airflow/.local/lib/python3.7/site-packages/airflow/example_dags/tutorial.py
[2023-07-12 00:28:35,430] {logging_mixin.py:115} INFO - [2023-07-12 00:28:35,430] {dag.py:2420} INFO - Sync 1 DAGs
[2023-07-12 00:28:35,603] {logging_mixin.py:115} INFO - [2023-07-12 00:28:35,603] {dag.py:2972} INFO - Setting next_dagrun for tutorial to 2023-07-11T00:28:35.603403+00:00, run_after=2023-07-12T00:28:35.603403+00:00
[2023-07-12 00:28:35,620] {processor.py:161} INFO - Processing /home/airflow/.local/lib/python3.7/site-packages/airflow/example_dags/tutorial.py took 0.243 seconds
[2023-07-12 00:29:05,696] {processor.py:153} INFO - Started process (PID=923) to work on /home/airflow/.local/lib/python3.7/site-packages/airflow/example_dags/tutorial.py
[2023-07-12 00:29:05,699] {processor.py:641} INFO - Processing file /home/airflow/.local/lib/python3.7/site-packages/airflow/example_dags/tutorial.py for tasks to queue
[2023-07-12 00:29:05,701] {logging_mixin.py:115} INFO - [2023-07-12 00:29:05,701] {dagbag.py:508} INFO - Filling up the DagBag from /home/airflow/.local/lib/python3.7/site-packages/airflow/example_dags/tutorial.py
[2023-07-12 00:29:05,728] {processor.py:651} INFO - DAG(s) dict_keys(['tutorial']) retrieved from /home/airflow/.local/lib/python3.7/site-packages/airflow/example_dags/tutorial.py
[2023-07-12 00:29:05,839] {logging_mixin.py:115} INFO - [2023-07-12 00:29:05,839] {dag.py:2420} INFO - Sync 1 DAGs
[2023-07-12 00:29:06,190] {logging_mixin.py:115} INFO - [2023-07-12 00:29:06,190] {dag.py:2972} INFO - Setting next_dagrun for tutorial to 2023-07-11T00:29:06.190369+00:00, run_after=2023-07-12T00:29:06.190369+00:00
[2023-07-12 00:29:06,231] {processor.py:161} INFO - Processing /home/airflow/.local/lib/python3.7/site-packages/airflow/example_dags/tutorial.py took 0.549 seconds
[2023-07-12 00:30:36,263] {processor.py:153} INFO - Started process (PID=58) to work on /home/airflow/.local/lib/python3.7/site-packages/airflow/example_dags/tutorial.py
[2023-07-12 00:30:36,302] {processor.py:641} INFO - Processing file /home/airflow/.local/lib/python3.7/site-packages/airflow/example_dags/tutorial.py for tasks to queue
[2023-07-12 00:30:36,313] {logging_mixin.py:115} INFO - [2023-07-12 00:30:36,312] {dagbag.py:508} INFO - Filling up the DagBag from /home/airflow/.local/lib/python3.7/site-packages/airflow/example_dags/tutorial.py
[2023-07-12 00:30:36,378] {processor.py:651} INFO - DAG(s) dict_keys(['tutorial']) retrieved from /home/airflow/.local/lib/python3.7/site-packages/airflow/example_dags/tutorial.py
[2023-07-12 00:30:36,480] {logging_mixin.py:115} INFO - [2023-07-12 00:30:36,480] {dag.py:2420} INFO - Sync 1 DAGs
[2023-07-12 00:30:37,049] {logging_mixin.py:115} INFO - [2023-07-12 00:30:37,048] {dag.py:2972} INFO - Setting next_dagrun for tutorial to 2023-07-11T00:30:37.048201+00:00, run_after=2023-07-12T00:30:37.048201+00:00
[2023-07-12 00:30:37,080] {processor.py:161} INFO - Processing /home/airflow/.local/lib/python3.7/site-packages/airflow/example_dags/tutorial.py took 0.849 seconds
[2023-07-12 00:31:07,331] {processor.py:153} INFO - Started process (PID=111) to work on /home/airflow/.local/lib/python3.7/site-packages/airflow/example_dags/tutorial.py
[2023-07-12 00:31:07,333] {processor.py:641} INFO - Processing file /home/airflow/.local/lib/python3.7/site-packages/airflow/example_dags/tutorial.py for tasks to queue
[2023-07-12 00:31:07,334] {logging_mixin.py:115} INFO - [2023-07-12 00:31:07,334] {dagbag.py:508} INFO - Filling up the DagBag from /home/airflow/.local/lib/python3.7/site-packages/airflow/example_dags/tutorial.py
[2023-07-12 00:31:07,358] {processor.py:651} INFO - DAG(s) dict_keys(['tutorial']) retrieved from /home/airflow/.local/lib/python3.7/site-packages/airflow/example_dags/tutorial.py
[2023-07-12 00:31:07,429] {logging_mixin.py:115} INFO - [2023-07-12 00:31:07,429] {dag.py:2420} INFO - Sync 1 DAGs
[2023-07-12 00:31:07,666] {logging_mixin.py:115} INFO - [2023-07-12 00:31:07,666] {dag.py:2972} INFO - Setting next_dagrun for tutorial to 2023-07-11T00:31:07.666353+00:00, run_after=2023-07-12T00:31:07.666353+00:00
[2023-07-12 00:31:07,685] {processor.py:161} INFO - Processing /home/airflow/.local/lib/python3.7/site-packages/airflow/example_dags/tutorial.py took 0.361 seconds
[2023-07-12 00:31:38,118] {processor.py:153} INFO - Started process (PID=172) to work on /home/airflow/.local/lib/python3.7/site-packages/airflow/example_dags/tutorial.py
[2023-07-12 00:31:38,123] {processor.py:641} INFO - Processing file /home/airflow/.local/lib/python3.7/site-packages/airflow/example_dags/tutorial.py for tasks to queue
[2023-07-12 00:31:38,124] {logging_mixin.py:115} INFO - [2023-07-12 00:31:38,124] {dagbag.py:508} INFO - Filling up the DagBag from /home/airflow/.local/lib/python3.7/site-packages/airflow/example_dags/tutorial.py
[2023-07-12 00:31:38,136] {processor.py:651} INFO - DAG(s) dict_keys(['tutorial']) retrieved from /home/airflow/.local/lib/python3.7/site-packages/airflow/example_dags/tutorial.py
[2023-07-12 00:31:38,229] {logging_mixin.py:115} INFO - [2023-07-12 00:31:38,229] {dag.py:2420} INFO - Sync 1 DAGs
[2023-07-12 00:31:38,556] {logging_mixin.py:115} INFO - [2023-07-12 00:31:38,555] {dag.py:2972} INFO - Setting next_dagrun for tutorial to 2023-07-11T00:31:38.555369+00:00, run_after=2023-07-12T00:31:38.555369+00:00
[2023-07-12 00:31:38,580] {processor.py:161} INFO - Processing /home/airflow/.local/lib/python3.7/site-packages/airflow/example_dags/tutorial.py took 0.467 seconds
[2023-07-12 00:32:08,757] {processor.py:153} INFO - Started process (PID=224) to work on /home/airflow/.local/lib/python3.7/site-packages/airflow/example_dags/tutorial.py
[2023-07-12 00:32:08,758] {processor.py:641} INFO - Processing file /home/airflow/.local/lib/python3.7/site-packages/airflow/example_dags/tutorial.py for tasks to queue
[2023-07-12 00:32:08,759] {logging_mixin.py:115} INFO - [2023-07-12 00:32:08,759] {dagbag.py:508} INFO - Filling up the DagBag from /home/airflow/.local/lib/python3.7/site-packages/airflow/example_dags/tutorial.py
[2023-07-12 00:32:08,764] {processor.py:651} INFO - DAG(s) dict_keys(['tutorial']) retrieved from /home/airflow/.local/lib/python3.7/site-packages/airflow/example_dags/tutorial.py
[2023-07-12 00:32:08,793] {logging_mixin.py:115} INFO - [2023-07-12 00:32:08,793] {dag.py:2420} INFO - Sync 1 DAGs
[2023-07-12 00:32:08,973] {logging_mixin.py:115} INFO - [2023-07-12 00:32:08,973] {dag.py:2972} INFO - Setting next_dagrun for tutorial to 2023-07-11T00:32:08.973400+00:00, run_after=2023-07-12T00:32:08.973400+00:00
[2023-07-12 00:32:08,991] {processor.py:161} INFO - Processing /home/airflow/.local/lib/python3.7/site-packages/airflow/example_dags/tutorial.py took 0.238 seconds
[2023-07-12 00:32:40,722] {processor.py:153} INFO - Started process (PID=278) to work on /home/airflow/.local/lib/python3.7/site-packages/airflow/example_dags/tutorial.py
[2023-07-12 00:32:40,722] {processor.py:641} INFO - Processing file /home/airflow/.local/lib/python3.7/site-packages/airflow/example_dags/tutorial.py for tasks to queue
[2023-07-12 00:32:40,723] {logging_mixin.py:115} INFO - [2023-07-12 00:32:40,723] {dagbag.py:508} INFO - Filling up the DagBag from /home/airflow/.local/lib/python3.7/site-packages/airflow/example_dags/tutorial.py
[2023-07-12 00:32:40,729] {processor.py:651} INFO - DAG(s) dict_keys(['tutorial']) retrieved from /home/airflow/.local/lib/python3.7/site-packages/airflow/example_dags/tutorial.py
[2023-07-12 00:32:40,766] {logging_mixin.py:115} INFO - [2023-07-12 00:32:40,766] {dag.py:2420} INFO - Sync 1 DAGs
[2023-07-12 00:32:40,949] {logging_mixin.py:115} INFO - [2023-07-12 00:32:40,949] {dag.py:2972} INFO - Setting next_dagrun for tutorial to 2023-07-11T00:32:40.949497+00:00, run_after=2023-07-12T00:32:40.949497+00:00
[2023-07-12 00:32:40,967] {processor.py:161} INFO - Processing /home/airflow/.local/lib/python3.7/site-packages/airflow/example_dags/tutorial.py took 0.249 seconds
[2023-07-12 00:33:22,235] {processor.py:153} INFO - Started process (PID=381) to work on /home/airflow/.local/lib/python3.7/site-packages/airflow/example_dags/tutorial.py
[2023-07-12 00:33:22,243] {processor.py:641} INFO - Processing file /home/airflow/.local/lib/python3.7/site-packages/airflow/example_dags/tutorial.py for tasks to queue
[2023-07-12 00:33:22,244] {logging_mixin.py:115} INFO - [2023-07-12 00:33:22,244] {dagbag.py:508} INFO - Filling up the DagBag from /home/airflow/.local/lib/python3.7/site-packages/airflow/example_dags/tutorial.py
[2023-07-12 00:33:22,317] {processor.py:651} INFO - DAG(s) dict_keys(['tutorial']) retrieved from /home/airflow/.local/lib/python3.7/site-packages/airflow/example_dags/tutorial.py
[2023-07-12 00:33:22,621] {logging_mixin.py:115} INFO - [2023-07-12 00:33:22,621] {dag.py:2420} INFO - Sync 1 DAGs
[2023-07-12 00:33:23,877] {logging_mixin.py:115} INFO - [2023-07-12 00:33:23,877] {dag.py:2972} INFO - Setting next_dagrun for tutorial to 2023-07-11T00:33:23.876921+00:00, run_after=2023-07-12T00:33:23.876921+00:00
[2023-07-12 00:33:23,967] {processor.py:161} INFO - Processing /home/airflow/.local/lib/python3.7/site-packages/airflow/example_dags/tutorial.py took 1.762 seconds
[2023-07-12 00:33:56,327] {processor.py:153} INFO - Started process (PID=458) to work on /home/airflow/.local/lib/python3.7/site-packages/airflow/example_dags/tutorial.py
[2023-07-12 00:33:56,328] {processor.py:641} INFO - Processing file /home/airflow/.local/lib/python3.7/site-packages/airflow/example_dags/tutorial.py for tasks to queue
[2023-07-12 00:33:56,329] {logging_mixin.py:115} INFO - [2023-07-12 00:33:56,329] {dagbag.py:508} INFO - Filling up the DagBag from /home/airflow/.local/lib/python3.7/site-packages/airflow/example_dags/tutorial.py
[2023-07-12 00:33:56,366] {processor.py:651} INFO - DAG(s) dict_keys(['tutorial']) retrieved from /home/airflow/.local/lib/python3.7/site-packages/airflow/example_dags/tutorial.py
[2023-07-12 00:33:56,559] {logging_mixin.py:115} INFO - [2023-07-12 00:33:56,559] {dag.py:2420} INFO - Sync 1 DAGs
[2023-07-12 00:33:57,487] {logging_mixin.py:115} INFO - [2023-07-12 00:33:57,487] {dag.py:2972} INFO - Setting next_dagrun for tutorial to 2023-07-11T00:33:57.485870+00:00, run_after=2023-07-12T00:33:57.485870+00:00
[2023-07-12 00:33:57,559] {processor.py:161} INFO - Processing /home/airflow/.local/lib/python3.7/site-packages/airflow/example_dags/tutorial.py took 1.282 seconds
[2023-07-12 00:34:28,333] {processor.py:153} INFO - Started process (PID=532) to work on /home/airflow/.local/lib/python3.7/site-packages/airflow/example_dags/tutorial.py
[2023-07-12 00:34:28,334] {processor.py:641} INFO - Processing file /home/airflow/.local/lib/python3.7/site-packages/airflow/example_dags/tutorial.py for tasks to queue
[2023-07-12 00:34:28,337] {logging_mixin.py:115} INFO - [2023-07-12 00:34:28,337] {dagbag.py:508} INFO - Filling up the DagBag from /home/airflow/.local/lib/python3.7/site-packages/airflow/example_dags/tutorial.py
[2023-07-12 00:34:28,370] {processor.py:651} INFO - DAG(s) dict_keys(['tutorial']) retrieved from /home/airflow/.local/lib/python3.7/site-packages/airflow/example_dags/tutorial.py
[2023-07-12 00:34:28,571] {logging_mixin.py:115} INFO - [2023-07-12 00:34:28,571] {dag.py:2420} INFO - Sync 1 DAGs
[2023-07-12 00:34:28,917] {logging_mixin.py:115} INFO - [2023-07-12 00:34:28,917] {dag.py:2972} INFO - Setting next_dagrun for tutorial to 2023-07-11T00:34:28.916941+00:00, run_after=2023-07-12T00:34:28.916941+00:00
[2023-07-12 00:34:28,963] {processor.py:161} INFO - Processing /home/airflow/.local/lib/python3.7/site-packages/airflow/example_dags/tutorial.py took 0.648 seconds
[2023-07-12 00:34:59,524] {processor.py:153} INFO - Started process (PID=585) to work on /home/airflow/.local/lib/python3.7/site-packages/airflow/example_dags/tutorial.py
[2023-07-12 00:34:59,527] {processor.py:641} INFO - Processing file /home/airflow/.local/lib/python3.7/site-packages/airflow/example_dags/tutorial.py for tasks to queue
[2023-07-12 00:34:59,529] {logging_mixin.py:115} INFO - [2023-07-12 00:34:59,528] {dagbag.py:508} INFO - Filling up the DagBag from /home/airflow/.local/lib/python3.7/site-packages/airflow/example_dags/tutorial.py
[2023-07-12 00:34:59,539] {processor.py:651} INFO - DAG(s) dict_keys(['tutorial']) retrieved from /home/airflow/.local/lib/python3.7/site-packages/airflow/example_dags/tutorial.py
[2023-07-12 00:34:59,668] {logging_mixin.py:115} INFO - [2023-07-12 00:34:59,668] {dag.py:2420} INFO - Sync 1 DAGs
[2023-07-12 00:34:59,991] {logging_mixin.py:115} INFO - [2023-07-12 00:34:59,991] {dag.py:2972} INFO - Setting next_dagrun for tutorial to 2023-07-11T00:34:59.991162+00:00, run_after=2023-07-12T00:34:59.991162+00:00
[2023-07-12 00:35:00,022] {processor.py:161} INFO - Processing /home/airflow/.local/lib/python3.7/site-packages/airflow/example_dags/tutorial.py took 0.503 seconds
