[2023-07-13 21:59:28,140] {taskinstance.py:1179} INFO - Dependencies all met for <TaskInstance: mi_primer_dag_v3.tercera_tarea scheduled__2023-03-13T00:00:00+00:00 [queued]>
[2023-07-13 21:59:28,174] {taskinstance.py:1179} INFO - Dependencies all met for <TaskInstance: mi_primer_dag_v3.tercera_tarea scheduled__2023-03-13T00:00:00+00:00 [queued]>
[2023-07-13 21:59:28,174] {taskinstance.py:1376} INFO - 
--------------------------------------------------------------------------------
[2023-07-13 21:59:28,174] {taskinstance.py:1377} INFO - Starting attempt 1 of 6
[2023-07-13 21:59:28,174] {taskinstance.py:1378} INFO - 
--------------------------------------------------------------------------------
[2023-07-13 21:59:28,228] {taskinstance.py:1397} INFO - Executing <Task(BashOperator): tercera_tarea> on 2023-03-13 00:00:00+00:00
[2023-07-13 21:59:28,243] {standard_task_runner.py:52} INFO - Started process 1395 to run task
[2023-07-13 21:59:28,257] {standard_task_runner.py:79} INFO - Running: ['***', 'tasks', 'run', 'mi_primer_dag_v3', 'tercera_tarea', 'scheduled__2023-03-13T00:00:00+00:00', '--job-id', '690', '--raw', '--subdir', 'DAGS_FOLDER/primer_dag_v3.py', '--cfg-path', '/tmp/tmp9hwxvudz', '--error-file', '/tmp/tmp8pge9gyc']
[2023-07-13 21:59:28,258] {standard_task_runner.py:80} INFO - Job 690: Subtask tercera_tarea
[2023-07-13 21:59:29,509] {task_command.py:371} INFO - Running <TaskInstance: mi_primer_dag_v3.tercera_tarea scheduled__2023-03-13T00:00:00+00:00 [running]> on host 7a1b6d75866e
[2023-07-13 21:59:30,746] {taskinstance.py:1591} INFO - Exporting the following env vars:
AIRFLOW_CTX_DAG_OWNER=Ari Feldman
AIRFLOW_CTX_DAG_ID=mi_primer_dag_v3
AIRFLOW_CTX_TASK_ID=tercera_tarea
AIRFLOW_CTX_EXECUTION_DATE=2023-03-13T00:00:00+00:00
AIRFLOW_CTX_TRY_NUMBER=1
AIRFLOW_CTX_DAG_RUN_ID=scheduled__2023-03-13T00:00:00+00:00
[2023-07-13 21:59:30,748] {subprocess.py:62} INFO - Tmp dir root location: 
 /tmp
[2023-07-13 21:59:30,749] {subprocess.py:74} INFO - Running command: ['bash', '-c', 'echo hola, soy la tarea 3 y sere corrida luego de Tarea 1 al mismo tiempo que Tarea 2']
[2023-07-13 21:59:30,790] {subprocess.py:85} INFO - Output:
[2023-07-13 21:59:30,803] {subprocess.py:92} INFO - hola, soy la tarea 3 y sere corrida luego de Tarea 1 al mismo tiempo que Tarea 2
[2023-07-13 21:59:30,810] {subprocess.py:96} INFO - Command exited with return code 0
[2023-07-13 21:59:31,744] {taskinstance.py:1420} INFO - Marking task as SUCCESS. dag_id=mi_primer_dag_v3, task_id=tercera_tarea, execution_date=20230313T000000, start_date=20230713T215928, end_date=20230713T215931
[2023-07-13 21:59:31,966] {local_task_job.py:156} INFO - Task exited with return code 0
[2023-07-13 21:59:32,559] {local_task_job.py:273} INFO - 0 downstream tasks scheduled from follow-on schedule check
