[2023-08-01 22:53:44,269] {taskinstance.py:1179} INFO - Dependencies all met for <TaskInstance: etl_api_marvel.transform manual__2023-08-01T22:53:39.933524+00:00 [queued]>
[2023-08-01 22:53:44,282] {taskinstance.py:1179} INFO - Dependencies all met for <TaskInstance: etl_api_marvel.transform manual__2023-08-01T22:53:39.933524+00:00 [queued]>
[2023-08-01 22:53:44,283] {taskinstance.py:1376} INFO - 
--------------------------------------------------------------------------------
[2023-08-01 22:53:44,283] {taskinstance.py:1377} INFO - Starting attempt 1 of 2
[2023-08-01 22:53:44,283] {taskinstance.py:1378} INFO - 
--------------------------------------------------------------------------------
[2023-08-01 22:53:44,300] {taskinstance.py:1397} INFO - Executing <Task(PythonOperator): transform> on 2023-08-01 22:53:39.933524+00:00
[2023-08-01 22:53:44,309] {standard_task_runner.py:52} INFO - Started process 615 to run task
[2023-08-01 22:53:44,314] {standard_task_runner.py:79} INFO - Running: ['***', 'tasks', 'run', 'etl_api_marvel', 'transform', 'manual__2023-08-01T22:53:39.933524+00:00', '--job-id', '1251', '--raw', '--subdir', 'DAGS_FOLDER/dag_etl_multiple_tasks_failure.py', '--cfg-path', '/tmp/tmpwab3w0gb', '--error-file', '/tmp/tmpr4lleque']
[2023-08-01 22:53:44,315] {standard_task_runner.py:80} INFO - Job 1251: Subtask transform
[2023-08-01 22:53:44,406] {task_command.py:371} INFO - Running <TaskInstance: etl_api_marvel.transform manual__2023-08-01T22:53:39.933524+00:00 [running]> on host 24cbf2f01ed0
[2023-08-01 22:53:44,502] {taskinstance.py:1591} INFO - Exporting the following env vars:
AIRFLOW_CTX_DAG_EMAIL=arielmfeldman.af@gmail.com
AIRFLOW_CTX_DAG_OWNER=Ariel Feldman
AIRFLOW_CTX_DAG_ID=etl_api_marvel
AIRFLOW_CTX_TASK_ID=transform
AIRFLOW_CTX_EXECUTION_DATE=2023-08-01T22:53:39.933524+00:00
AIRFLOW_CTX_TRY_NUMBER=1
AIRFLOW_CTX_DAG_RUN_ID=manual__2023-08-01T22:53:39.933524+00:00
[2023-08-01 22:53:44,560] {python.py:173} INFO - Done. Returned value was: None
[2023-08-01 22:53:44,577] {taskinstance.py:1420} INFO - Marking task as SUCCESS. dag_id=etl_api_marvel, task_id=transform, execution_date=20230801T225339, start_date=20230801T225344, end_date=20230801T225344
[2023-08-01 22:53:44,607] {local_task_job.py:156} INFO - Task exited with return code 0
[2023-08-01 22:53:44,635] {warnings.py:110} WARNING - /home/***/.local/lib/python3.7/site-packages/***/utils/context.py:202: AirflowContextDeprecationWarning: Accessing 'next_execution_date' from the template is deprecated and will be removed in a future version. Please use 'data_interval_end' instead.
  warnings.warn(_create_deprecation_warning(key, self._deprecation_replacements[key]))

[2023-08-01 22:53:44,636] {logging_mixin.py:115} INFO - conf
[2023-08-01 22:53:44,636] {logging_mixin.py:115} INFO - dag
[2023-08-01 22:53:44,636] {logging_mixin.py:115} INFO - dag_run
[2023-08-01 22:53:44,636] {logging_mixin.py:115} INFO - data_interval_end
[2023-08-01 22:53:44,636] {logging_mixin.py:115} INFO - data_interval_start
[2023-08-01 22:53:44,636] {logging_mixin.py:115} INFO - ds
[2023-08-01 22:53:44,636] {logging_mixin.py:115} INFO - ds_nodash
[2023-08-01 22:53:44,636] {logging_mixin.py:115} INFO - execution_date
[2023-08-01 22:53:44,636] {logging_mixin.py:115} INFO - inlets
[2023-08-01 22:53:44,637] {logging_mixin.py:115} INFO - logical_date
[2023-08-01 22:53:44,637] {logging_mixin.py:115} INFO - macros
[2023-08-01 22:53:44,637] {logging_mixin.py:115} INFO - next_ds
[2023-08-01 22:53:44,637] {logging_mixin.py:115} INFO - next_ds_nodash
[2023-08-01 22:53:44,637] {logging_mixin.py:115} INFO - next_execution_date
[2023-08-01 22:53:44,637] {logging_mixin.py:115} INFO - outlets
[2023-08-01 22:53:44,637] {logging_mixin.py:115} INFO - params
[2023-08-01 22:53:44,637] {logging_mixin.py:115} INFO - prev_data_interval_start_success
[2023-08-01 22:53:44,637] {logging_mixin.py:115} INFO - prev_data_interval_end_success
[2023-08-01 22:53:44,637] {logging_mixin.py:115} INFO - prev_ds
[2023-08-01 22:53:44,637] {logging_mixin.py:115} INFO - prev_ds_nodash
[2023-08-01 22:53:44,637] {logging_mixin.py:115} INFO - prev_execution_date
[2023-08-01 22:53:44,637] {logging_mixin.py:115} INFO - prev_execution_date_success
[2023-08-01 22:53:44,637] {logging_mixin.py:115} INFO - prev_start_date_success
[2023-08-01 22:53:44,637] {logging_mixin.py:115} INFO - run_id
[2023-08-01 22:53:44,638] {logging_mixin.py:115} INFO - task
[2023-08-01 22:53:44,638] {logging_mixin.py:115} INFO - task_instance
[2023-08-01 22:53:44,638] {logging_mixin.py:115} INFO - task_instance_key_str
[2023-08-01 22:53:44,638] {logging_mixin.py:115} INFO - test_mode
[2023-08-01 22:53:44,638] {logging_mixin.py:115} INFO - ti
[2023-08-01 22:53:44,638] {logging_mixin.py:115} INFO - tomorrow_ds
[2023-08-01 22:53:44,638] {logging_mixin.py:115} INFO - tomorrow_ds_nodash
[2023-08-01 22:53:44,638] {logging_mixin.py:115} INFO - ts
[2023-08-01 22:53:44,638] {logging_mixin.py:115} INFO - ts_nodash
[2023-08-01 22:53:44,638] {logging_mixin.py:115} INFO - ts_nodash_with_tz
[2023-08-01 22:53:44,638] {logging_mixin.py:115} INFO - var
[2023-08-01 22:53:44,638] {logging_mixin.py:115} INFO - conn
[2023-08-01 22:53:44,638] {logging_mixin.py:115} INFO - yesterday_ds
[2023-08-01 22:53:44,639] {logging_mixin.py:115} INFO - yesterday_ds_nodash
[2023-08-01 22:53:47,014] {local_task_job.py:273} INFO - 0 downstream tasks scheduled from follow-on schedule check
