[2023-08-01 21:04:28,907] {taskinstance.py:1179} INFO - Dependencies all met for <TaskInstance: etl_api_marvel_hacia_aws_redshift_multitask_failure.extraer_data manual__2023-08-01T21:04:26.700190+00:00 [queued]>
[2023-08-01 21:04:28,922] {taskinstance.py:1179} INFO - Dependencies all met for <TaskInstance: etl_api_marvel_hacia_aws_redshift_multitask_failure.extraer_data manual__2023-08-01T21:04:26.700190+00:00 [queued]>
[2023-08-01 21:04:28,922] {taskinstance.py:1376} INFO - 
--------------------------------------------------------------------------------
[2023-08-01 21:04:28,922] {taskinstance.py:1377} INFO - Starting attempt 1 of 2
[2023-08-01 21:04:28,922] {taskinstance.py:1378} INFO - 
--------------------------------------------------------------------------------
[2023-08-01 21:04:28,942] {taskinstance.py:1397} INFO - Executing <Task(PythonOperator): extraer_data> on 2023-08-01 21:04:26.700190+00:00
[2023-08-01 21:04:28,951] {standard_task_runner.py:52} INFO - Started process 394 to run task
[2023-08-01 21:04:28,957] {standard_task_runner.py:79} INFO - Running: ['***', 'tasks', 'run', 'etl_api_marvel_hacia_aws_redshift_multitask_failure', 'extraer_data', 'manual__2023-08-01T21:04:26.700190+00:00', '--job-id', '1163', '--raw', '--subdir', 'DAGS_FOLDER/dag_etl_multiple_tasks_failure.py', '--cfg-path', '/tmp/tmptkk727i_', '--error-file', '/tmp/tmp62__bt6q']
[2023-08-01 21:04:28,958] {standard_task_runner.py:80} INFO - Job 1163: Subtask extraer_data
[2023-08-01 21:04:29,054] {task_command.py:371} INFO - Running <TaskInstance: etl_api_marvel_hacia_aws_redshift_multitask_failure.extraer_data manual__2023-08-01T21:04:26.700190+00:00 [running]> on host 24cbf2f01ed0
[2023-08-01 21:04:29,296] {taskinstance.py:1591} INFO - Exporting the following env vars:
AIRFLOW_CTX_DAG_EMAIL=arielmfeldman.af@gmail.com
AIRFLOW_CTX_DAG_OWNER=Ariel Feldman
AIRFLOW_CTX_DAG_ID=etl_api_marvel_hacia_aws_redshift_multitask_failure
AIRFLOW_CTX_TASK_ID=extraer_data
AIRFLOW_CTX_EXECUTION_DATE=2023-08-01T21:04:26.700190+00:00
AIRFLOW_CTX_TRY_NUMBER=1
AIRFLOW_CTX_DAG_RUN_ID=manual__2023-08-01T21:04:26.700190+00:00
[2023-08-01 21:04:30,842] {python.py:173} INFO - Done. Returned value was: None
[2023-08-01 21:04:30,888] {taskinstance.py:1420} INFO - Marking task as SUCCESS. dag_id=etl_api_marvel_hacia_aws_redshift_multitask_failure, task_id=extraer_data, execution_date=20230801T210426, start_date=20230801T210428, end_date=20230801T210430
[2023-08-01 21:04:30,980] {local_task_job.py:156} INFO - Task exited with return code 0
[2023-08-01 21:04:31,051] {warnings.py:110} WARNING - /home/***/.local/lib/python3.7/site-packages/***/utils/context.py:202: AirflowContextDeprecationWarning: Accessing 'execution_date' from the template is deprecated and will be removed in a future version. Please use 'data_interval_start' or 'logical_date' instead.
  warnings.warn(_create_deprecation_warning(key, self._deprecation_replacements[key]))

[2023-08-01 21:04:31,052] {warnings.py:110} WARNING - /home/***/.local/lib/python3.7/site-packages/***/utils/context.py:202: AirflowContextDeprecationWarning: Accessing 'next_execution_date' from the template is deprecated and will be removed in a future version. Please use 'data_interval_end' instead.
  warnings.warn(_create_deprecation_warning(key, self._deprecation_replacements[key]))

[2023-08-01 21:04:34,307] {logging_mixin.py:115} INFO - Exito
[2023-08-01 21:04:34,337] {local_task_job.py:273} INFO - 0 downstream tasks scheduled from follow-on schedule check
