[2023-08-01 03:23:42,859] {taskinstance.py:1179} INFO - Dependencies all met for <TaskInstance: etl_api_marvel_hacia_aws_redshift_multitask.cargar_data scheduled__2023-08-01T03:21:35.277444+00:00 [queued]>
[2023-08-01 03:23:42,877] {taskinstance.py:1179} INFO - Dependencies all met for <TaskInstance: etl_api_marvel_hacia_aws_redshift_multitask.cargar_data scheduled__2023-08-01T03:21:35.277444+00:00 [queued]>
[2023-08-01 03:23:42,878] {taskinstance.py:1376} INFO - 
--------------------------------------------------------------------------------
[2023-08-01 03:23:42,878] {taskinstance.py:1377} INFO - Starting attempt 1 of 11
[2023-08-01 03:23:42,878] {taskinstance.py:1378} INFO - 
--------------------------------------------------------------------------------
[2023-08-01 03:23:42,911] {taskinstance.py:1397} INFO - Executing <Task(PythonOperator): cargar_data> on 2023-08-01 03:21:35.277444+00:00
[2023-08-01 03:23:42,922] {standard_task_runner.py:52} INFO - Started process 5968 to run task
[2023-08-01 03:23:42,927] {standard_task_runner.py:79} INFO - Running: ['***', 'tasks', 'run', 'etl_api_marvel_hacia_aws_redshift_multitask', 'cargar_data', 'scheduled__2023-08-01T03:21:35.277444+00:00', '--job-id', '793', '--raw', '--subdir', 'DAGS_FOLDER/dag_etl_multiple_tasks.py', '--cfg-path', '/tmp/tmp2l62m1px', '--error-file', '/tmp/tmpcbs5z_7p']
[2023-08-01 03:23:42,930] {standard_task_runner.py:80} INFO - Job 793: Subtask cargar_data
[2023-08-01 03:23:43,037] {task_command.py:371} INFO - Running <TaskInstance: etl_api_marvel_hacia_aws_redshift_multitask.cargar_data scheduled__2023-08-01T03:21:35.277444+00:00 [running]> on host 24cbf2f01ed0
[2023-08-01 03:23:43,148] {taskinstance.py:1591} INFO - Exporting the following env vars:
AIRFLOW_CTX_DAG_EMAIL=arielmfeldman.af@gmail.com
AIRFLOW_CTX_DAG_OWNER=Ariel Feldman
AIRFLOW_CTX_DAG_ID=etl_api_marvel_hacia_aws_redshift_multitask
AIRFLOW_CTX_TASK_ID=cargar_data
AIRFLOW_CTX_EXECUTION_DATE=2023-08-01T03:21:35.277444+00:00
AIRFLOW_CTX_TRY_NUMBER=1
AIRFLOW_CTX_DAG_RUN_ID=scheduled__2023-08-01T03:21:35.277444+00:00
[2023-08-01 03:23:43,167] {logging_mixin.py:115} INFO - Columnas en load data
[2023-08-01 03:23:43,168] {logging_mixin.py:115} INFO -  Index(['id_character', 'nombre', 'descripcion', 'cantidad_de_comics',
       'cantidad_de_series', 'cantidad_de_historias', 'fecha_modificacion',
       'fecha_insercion_bd'],
      dtype='object')
[2023-08-01 03:23:53,989] {python.py:173} INFO - Done. Returned value was: None
[2023-08-01 03:23:54,018] {taskinstance.py:1420} INFO - Marking task as SUCCESS. dag_id=etl_api_marvel_hacia_aws_redshift_multitask, task_id=cargar_data, execution_date=20230801T032135, start_date=20230801T032342, end_date=20230801T032354
[2023-08-01 03:23:54,074] {local_task_job.py:156} INFO - Task exited with return code 0
[2023-08-01 03:23:54,114] {warnings.py:110} WARNING - /home/***/.local/lib/python3.7/site-packages/***/utils/context.py:202: AirflowContextDeprecationWarning: Accessing 'execution_date' from the template is deprecated and will be removed in a future version. Please use 'data_interval_start' or 'logical_date' instead.
  warnings.warn(_create_deprecation_warning(key, self._deprecation_replacements[key]))

[2023-08-01 03:23:54,116] {warnings.py:110} WARNING - /home/***/.local/lib/python3.7/site-packages/***/utils/context.py:202: AirflowContextDeprecationWarning: Accessing 'next_execution_date' from the template is deprecated and will be removed in a future version. Please use 'data_interval_end' instead.
  warnings.warn(_create_deprecation_warning(key, self._deprecation_replacements[key]))

[2023-08-01 03:23:56,630] {local_task_job.py:273} INFO - 0 downstream tasks scheduled from follow-on schedule check
