[2023-07-30 22:05:36,119] {taskinstance.py:1179} INFO - Dependencies all met for <TaskInstance: dag_smtp_email_automatico.dag_envio scheduled__2023-04-05T00:00:00+00:00 [queued]>
[2023-07-30 22:05:36,141] {taskinstance.py:1179} INFO - Dependencies all met for <TaskInstance: dag_smtp_email_automatico.dag_envio scheduled__2023-04-05T00:00:00+00:00 [queued]>
[2023-07-30 22:05:36,142] {taskinstance.py:1376} INFO - 
--------------------------------------------------------------------------------
[2023-07-30 22:05:36,142] {taskinstance.py:1377} INFO - Starting attempt 1 of 1
[2023-07-30 22:05:36,142] {taskinstance.py:1378} INFO - 
--------------------------------------------------------------------------------
[2023-07-30 22:05:36,162] {taskinstance.py:1397} INFO - Executing <Task(PythonOperator): dag_envio> on 2023-04-05 00:00:00+00:00
[2023-07-30 22:05:36,169] {standard_task_runner.py:52} INFO - Started process 1299 to run task
[2023-07-30 22:05:36,173] {standard_task_runner.py:79} INFO - Running: ['***', 'tasks', 'run', 'dag_smtp_email_automatico', 'dag_envio', 'scheduled__2023-04-05T00:00:00+00:00', '--job-id', '212', '--raw', '--subdir', 'DAGS_FOLDER/dag_smtp_email.py', '--cfg-path', '/tmp/tmpnvwueni6', '--error-file', '/tmp/tmphy76fc9j']
[2023-07-30 22:05:36,174] {standard_task_runner.py:80} INFO - Job 212: Subtask dag_envio
[2023-07-30 22:05:36,268] {task_command.py:371} INFO - Running <TaskInstance: dag_smtp_email_automatico.dag_envio scheduled__2023-04-05T00:00:00+00:00 [running]> on host b0e2d990d7ae
[2023-07-30 22:05:36,467] {taskinstance.py:1591} INFO - Exporting the following env vars:
AIRFLOW_CTX_DAG_OWNER=Ariel Feldman
AIRFLOW_CTX_DAG_ID=dag_smtp_email_automatico
AIRFLOW_CTX_TASK_ID=dag_envio
AIRFLOW_CTX_EXECUTION_DATE=2023-04-05T00:00:00+00:00
AIRFLOW_CTX_TRY_NUMBER=1
AIRFLOW_CTX_DAG_RUN_ID=scheduled__2023-04-05T00:00:00+00:00
[2023-07-30 22:05:37,976] {logging_mixin.py:115} INFO - (535, b'5.7.8 Username and Password not accepted. Learn more at\n5.7.8  https://support.google.com/mail/?p=BadCredentials e15-20020a9d6e0f000000b006b94904baf5sm3564624otr.74 - gsmtp')
[2023-07-30 22:05:37,977] {logging_mixin.py:115} INFO - Failure
[2023-07-30 22:05:37,977] {python.py:173} INFO - Done. Returned value was: None
[2023-07-30 22:05:38,066] {taskinstance.py:1420} INFO - Marking task as SUCCESS. dag_id=dag_smtp_email_automatico, task_id=dag_envio, execution_date=20230405T000000, start_date=20230730T220536, end_date=20230730T220538
[2023-07-30 22:05:38,166] {local_task_job.py:156} INFO - Task exited with return code 0
[2023-07-30 22:05:38,244] {local_task_job.py:273} INFO - 0 downstream tasks scheduled from follow-on schedule check
