[2023-08-01 00:00:43,553] {taskinstance.py:1179} INFO - Dependencies all met for <TaskInstance: dag_smtp_email_automatico.dag_envio scheduled__2023-07-31T00:32:00+00:00 [queued]>
[2023-08-01 00:00:43,612] {taskinstance.py:1179} INFO - Dependencies all met for <TaskInstance: dag_smtp_email_automatico.dag_envio scheduled__2023-07-31T00:32:00+00:00 [queued]>
[2023-08-01 00:00:43,613] {taskinstance.py:1376} INFO - 
--------------------------------------------------------------------------------
[2023-08-01 00:00:43,613] {taskinstance.py:1377} INFO - Starting attempt 1 of 11
[2023-08-01 00:00:43,617] {taskinstance.py:1378} INFO - 
--------------------------------------------------------------------------------
[2023-08-01 00:00:43,712] {taskinstance.py:1397} INFO - Executing <Task(PythonOperator): dag_envio> on 2023-07-31 00:32:00+00:00
[2023-08-01 00:00:43,726] {standard_task_runner.py:52} INFO - Started process 17794 to run task
[2023-08-01 00:00:43,744] {standard_task_runner.py:79} INFO - Running: ['***', 'tasks', 'run', 'dag_smtp_email_automatico', 'dag_envio', 'scheduled__2023-07-31T00:32:00+00:00', '--job-id', '474', '--raw', '--subdir', 'DAGS_FOLDER/dag_smtp_email.py', '--cfg-path', '/tmp/tmpdjvzx2j4', '--error-file', '/tmp/tmpernkpj29']
[2023-08-01 00:00:43,745] {standard_task_runner.py:80} INFO - Job 474: Subtask dag_envio
[2023-08-01 00:00:44,002] {task_command.py:371} INFO - Running <TaskInstance: dag_smtp_email_automatico.dag_envio scheduled__2023-07-31T00:32:00+00:00 [running]> on host b0e2d990d7ae
[2023-08-01 00:00:44,300] {taskinstance.py:1591} INFO - Exporting the following env vars:
AIRFLOW_CTX_DAG_EMAIL=arielmfeldman.af@gmail.com
AIRFLOW_CTX_DAG_OWNER=Ariel Feldman
AIRFLOW_CTX_DAG_ID=dag_smtp_email_automatico
AIRFLOW_CTX_TASK_ID=dag_envio
AIRFLOW_CTX_EXECUTION_DATE=2023-07-31T00:32:00+00:00
AIRFLOW_CTX_TRY_NUMBER=1
AIRFLOW_CTX_DAG_RUN_ID=scheduled__2023-07-31T00:32:00+00:00
[2023-08-01 00:00:47,179] {logging_mixin.py:115} INFO - Exito
[2023-08-01 00:00:47,179] {python.py:173} INFO - Done. Returned value was: None
[2023-08-01 00:00:47,201] {taskinstance.py:1420} INFO - Marking task as SUCCESS. dag_id=dag_smtp_email_automatico, task_id=dag_envio, execution_date=20230731T003200, start_date=20230801T000043, end_date=20230801T000047
[2023-08-01 00:00:47,225] {local_task_job.py:156} INFO - Task exited with return code 0
[2023-08-01 00:00:47,277] {local_task_job.py:273} INFO - 0 downstream tasks scheduled from follow-on schedule check
