[2023-07-30 21:31:25,018] {processor.py:153} INFO - Started process (PID=2872) to work on /opt/airflow/dags/dag_smtp_email.py
[2023-07-30 21:31:25,019] {processor.py:641} INFO - Processing file /opt/airflow/dags/dag_smtp_email.py for tasks to queue
[2023-07-30 21:31:25,021] {logging_mixin.py:115} INFO - [2023-07-30 21:31:25,020] {dagbag.py:508} INFO - Filling up the DagBag from /opt/airflow/dags/dag_smtp_email.py
[2023-07-30 21:31:25,044] {processor.py:651} INFO - DAG(s) dict_keys(['dag_smtp_email_automatico']) retrieved from /opt/airflow/dags/dag_smtp_email.py
[2023-07-30 21:31:25,469] {logging_mixin.py:115} INFO - [2023-07-30 21:31:25,469] {manager.py:508} INFO - Created Permission View: can edit on DAG:dag_smtp_email_automatico
[2023-07-30 21:31:25,592] {logging_mixin.py:115} INFO - [2023-07-30 21:31:25,591] {manager.py:508} INFO - Created Permission View: can read on DAG:dag_smtp_email_automatico
[2023-07-30 21:31:25,641] {logging_mixin.py:115} INFO - [2023-07-30 21:31:25,641] {manager.py:508} INFO - Created Permission View: can delete on DAG:dag_smtp_email_automatico
[2023-07-30 21:31:25,641] {logging_mixin.py:115} INFO - [2023-07-30 21:31:25,641] {dag.py:2420} INFO - Sync 1 DAGs
[2023-07-30 21:31:25,714] {logging_mixin.py:115} INFO - [2023-07-30 21:31:25,714] {dag.py:2439} INFO - Creating ORM DAG for dag_smtp_email_automatico
[2023-07-30 21:31:25,836] {logging_mixin.py:115} INFO - [2023-07-30 21:31:25,836] {dag.py:2972} INFO - Setting next_dagrun for dag_smtp_email_automatico to 2022-09-06T00:00:00+00:00, run_after=2022-09-07T00:00:00+00:00
[2023-07-30 21:31:26,031] {processor.py:161} INFO - Processing /opt/airflow/dags/dag_smtp_email.py took 1.023 seconds
[2023-07-30 21:31:56,321] {processor.py:153} INFO - Started process (PID=2935) to work on /opt/airflow/dags/dag_smtp_email.py
[2023-07-30 21:31:56,323] {processor.py:641} INFO - Processing file /opt/airflow/dags/dag_smtp_email.py for tasks to queue
[2023-07-30 21:31:56,324] {logging_mixin.py:115} INFO - [2023-07-30 21:31:56,324] {dagbag.py:508} INFO - Filling up the DagBag from /opt/airflow/dags/dag_smtp_email.py
[2023-07-30 21:31:56,338] {processor.py:651} INFO - DAG(s) dict_keys(['dag_smtp_email_automatico']) retrieved from /opt/airflow/dags/dag_smtp_email.py
[2023-07-30 21:31:56,378] {logging_mixin.py:115} INFO - [2023-07-30 21:31:56,378] {dag.py:2420} INFO - Sync 1 DAGs
[2023-07-30 21:31:56,424] {logging_mixin.py:115} INFO - [2023-07-30 21:31:56,424] {dag.py:2972} INFO - Setting next_dagrun for dag_smtp_email_automatico to 2022-09-06T00:00:00+00:00, run_after=2022-09-07T00:00:00+00:00
[2023-07-30 21:31:56,444] {processor.py:161} INFO - Processing /opt/airflow/dags/dag_smtp_email.py took 0.128 seconds
[2023-07-30 21:32:26,545] {processor.py:153} INFO - Started process (PID=2997) to work on /opt/airflow/dags/dag_smtp_email.py
[2023-07-30 21:32:26,547] {processor.py:641} INFO - Processing file /opt/airflow/dags/dag_smtp_email.py for tasks to queue
[2023-07-30 21:32:26,549] {logging_mixin.py:115} INFO - [2023-07-30 21:32:26,549] {dagbag.py:508} INFO - Filling up the DagBag from /opt/airflow/dags/dag_smtp_email.py
[2023-07-30 21:32:26,586] {processor.py:651} INFO - DAG(s) dict_keys(['dag_smtp_email_automatico']) retrieved from /opt/airflow/dags/dag_smtp_email.py
[2023-07-30 21:32:26,655] {logging_mixin.py:115} INFO - [2023-07-30 21:32:26,655] {dag.py:2420} INFO - Sync 1 DAGs
[2023-07-30 21:32:26,709] {logging_mixin.py:115} INFO - [2023-07-30 21:32:26,709] {dag.py:2972} INFO - Setting next_dagrun for dag_smtp_email_automatico to 2022-09-06T00:00:00+00:00, run_after=2022-09-07T00:00:00+00:00
[2023-07-30 21:32:26,732] {processor.py:161} INFO - Processing /opt/airflow/dags/dag_smtp_email.py took 0.202 seconds
[2023-07-30 21:32:36,580] {processor.py:153} INFO - Started process (PID=3016) to work on /opt/airflow/dags/dag_smtp_email.py
[2023-07-30 21:32:36,582] {processor.py:641} INFO - Processing file /opt/airflow/dags/dag_smtp_email.py for tasks to queue
[2023-07-30 21:32:36,583] {logging_mixin.py:115} INFO - [2023-07-30 21:32:36,583] {dagbag.py:508} INFO - Filling up the DagBag from /opt/airflow/dags/dag_smtp_email.py
[2023-07-30 21:32:36,601] {processor.py:651} INFO - DAG(s) dict_keys(['dag_smtp_email_automatico']) retrieved from /opt/airflow/dags/dag_smtp_email.py
[2023-07-30 21:32:36,655] {logging_mixin.py:115} INFO - [2023-07-30 21:32:36,655] {dag.py:2420} INFO - Sync 1 DAGs
[2023-07-30 21:32:36,798] {logging_mixin.py:115} INFO - [2023-07-30 21:32:36,798] {dag.py:2972} INFO - Setting next_dagrun for dag_smtp_email_automatico to 2022-09-06T00:00:00+00:00, run_after=2022-09-07T00:00:00+00:00
[2023-07-30 21:32:36,822] {processor.py:161} INFO - Processing /opt/airflow/dags/dag_smtp_email.py took 0.247 seconds
[2023-07-30 21:33:07,114] {processor.py:153} INFO - Started process (PID=3070) to work on /opt/airflow/dags/dag_smtp_email.py
[2023-07-30 21:33:07,385] {processor.py:641} INFO - Processing file /opt/airflow/dags/dag_smtp_email.py for tasks to queue
[2023-07-30 21:33:07,385] {logging_mixin.py:115} INFO - [2023-07-30 21:33:07,385] {dagbag.py:508} INFO - Filling up the DagBag from /opt/airflow/dags/dag_smtp_email.py
[2023-07-30 21:33:07,415] {processor.py:651} INFO - DAG(s) dict_keys(['dag_smtp_email_automatico']) retrieved from /opt/airflow/dags/dag_smtp_email.py
[2023-07-30 21:33:07,495] {logging_mixin.py:115} INFO - [2023-07-30 21:33:07,494] {dag.py:2420} INFO - Sync 1 DAGs
[2023-07-30 21:33:07,569] {logging_mixin.py:115} INFO - [2023-07-30 21:33:07,569] {dag.py:2972} INFO - Setting next_dagrun for dag_smtp_email_automatico to 2022-09-06T00:00:00+00:00, run_after=2022-09-07T00:00:00+00:00
[2023-07-30 21:33:10,225] {processor.py:161} INFO - Processing /opt/airflow/dags/dag_smtp_email.py took 3.157 seconds
[2023-07-30 21:33:41,058] {processor.py:153} INFO - Started process (PID=3140) to work on /opt/airflow/dags/dag_smtp_email.py
[2023-07-30 21:33:41,069] {processor.py:641} INFO - Processing file /opt/airflow/dags/dag_smtp_email.py for tasks to queue
[2023-07-30 21:33:41,070] {logging_mixin.py:115} INFO - [2023-07-30 21:33:41,069] {dagbag.py:508} INFO - Filling up the DagBag from /opt/airflow/dags/dag_smtp_email.py
[2023-07-30 21:33:41,106] {processor.py:651} INFO - DAG(s) dict_keys(['dag_smtp_email_automatico']) retrieved from /opt/airflow/dags/dag_smtp_email.py
[2023-07-30 21:33:41,193] {logging_mixin.py:115} INFO - [2023-07-30 21:33:41,193] {dag.py:2420} INFO - Sync 1 DAGs
[2023-07-30 21:33:41,277] {logging_mixin.py:115} INFO - [2023-07-30 21:33:41,277] {dag.py:2972} INFO - Setting next_dagrun for dag_smtp_email_automatico to 2022-09-06T00:00:00+00:00, run_after=2022-09-07T00:00:00+00:00
[2023-07-30 21:33:41,302] {processor.py:161} INFO - Processing /opt/airflow/dags/dag_smtp_email.py took 0.252 seconds
[2023-07-30 21:34:11,807] {processor.py:153} INFO - Started process (PID=3203) to work on /opt/airflow/dags/dag_smtp_email.py
[2023-07-30 21:34:11,813] {processor.py:641} INFO - Processing file /opt/airflow/dags/dag_smtp_email.py for tasks to queue
[2023-07-30 21:34:11,814] {logging_mixin.py:115} INFO - [2023-07-30 21:34:11,814] {dagbag.py:508} INFO - Filling up the DagBag from /opt/airflow/dags/dag_smtp_email.py
[2023-07-30 21:34:11,918] {processor.py:651} INFO - DAG(s) dict_keys(['dag_smtp_email_automatico']) retrieved from /opt/airflow/dags/dag_smtp_email.py
[2023-07-30 21:34:12,317] {logging_mixin.py:115} INFO - [2023-07-30 21:34:12,316] {dag.py:2420} INFO - Sync 1 DAGs
[2023-07-30 21:34:12,602] {logging_mixin.py:115} INFO - [2023-07-30 21:34:12,602] {dag.py:2972} INFO - Setting next_dagrun for dag_smtp_email_automatico to 2022-09-06T00:00:00+00:00, run_after=2022-09-07T00:00:00+00:00
[2023-07-30 21:34:12,699] {processor.py:161} INFO - Processing /opt/airflow/dags/dag_smtp_email.py took 0.908 seconds
[2023-07-30 21:34:43,148] {processor.py:153} INFO - Started process (PID=3259) to work on /opt/airflow/dags/dag_smtp_email.py
[2023-07-30 21:34:43,149] {processor.py:641} INFO - Processing file /opt/airflow/dags/dag_smtp_email.py for tasks to queue
[2023-07-30 21:34:43,151] {logging_mixin.py:115} INFO - [2023-07-30 21:34:43,150] {dagbag.py:508} INFO - Filling up the DagBag from /opt/airflow/dags/dag_smtp_email.py
[2023-07-30 21:34:43,184] {processor.py:651} INFO - DAG(s) dict_keys(['dag_smtp_email_automatico']) retrieved from /opt/airflow/dags/dag_smtp_email.py
[2023-07-30 21:34:43,277] {logging_mixin.py:115} INFO - [2023-07-30 21:34:43,277] {dag.py:2420} INFO - Sync 1 DAGs
[2023-07-30 21:34:43,341] {logging_mixin.py:115} INFO - [2023-07-30 21:34:43,341] {dag.py:2972} INFO - Setting next_dagrun for dag_smtp_email_automatico to 2022-09-06T00:00:00+00:00, run_after=2022-09-07T00:00:00+00:00
[2023-07-30 21:34:43,368] {processor.py:161} INFO - Processing /opt/airflow/dags/dag_smtp_email.py took 0.240 seconds
[2023-07-30 21:35:14,060] {processor.py:153} INFO - Started process (PID=3320) to work on /opt/airflow/dags/dag_smtp_email.py
[2023-07-30 21:35:14,100] {processor.py:641} INFO - Processing file /opt/airflow/dags/dag_smtp_email.py for tasks to queue
[2023-07-30 21:35:14,101] {logging_mixin.py:115} INFO - [2023-07-30 21:35:14,101] {dagbag.py:508} INFO - Filling up the DagBag from /opt/airflow/dags/dag_smtp_email.py
[2023-07-30 21:35:14,165] {processor.py:651} INFO - DAG(s) dict_keys(['dag_smtp_email_automatico']) retrieved from /opt/airflow/dags/dag_smtp_email.py
[2023-07-30 21:35:14,362] {logging_mixin.py:115} INFO - [2023-07-30 21:35:14,361] {dag.py:2420} INFO - Sync 1 DAGs
[2023-07-30 21:35:14,584] {logging_mixin.py:115} INFO - [2023-07-30 21:35:14,584] {dag.py:2972} INFO - Setting next_dagrun for dag_smtp_email_automatico to 2022-09-06T00:00:00+00:00, run_after=2022-09-07T00:00:00+00:00
[2023-07-30 21:35:14,693] {processor.py:161} INFO - Processing /opt/airflow/dags/dag_smtp_email.py took 0.650 seconds
[2023-07-30 21:35:46,551] {processor.py:153} INFO - Started process (PID=3379) to work on /opt/airflow/dags/dag_smtp_email.py
[2023-07-30 21:35:46,554] {processor.py:641} INFO - Processing file /opt/airflow/dags/dag_smtp_email.py for tasks to queue
[2023-07-30 21:35:46,555] {logging_mixin.py:115} INFO - [2023-07-30 21:35:46,555] {dagbag.py:508} INFO - Filling up the DagBag from /opt/airflow/dags/dag_smtp_email.py
[2023-07-30 21:35:46,572] {processor.py:651} INFO - DAG(s) dict_keys(['dag_smtp_email_automatico']) retrieved from /opt/airflow/dags/dag_smtp_email.py
[2023-07-30 21:35:46,646] {logging_mixin.py:115} INFO - [2023-07-30 21:35:46,646] {dag.py:2420} INFO - Sync 1 DAGs
[2023-07-30 21:35:46,746] {logging_mixin.py:115} INFO - [2023-07-30 21:35:46,745] {dag.py:2972} INFO - Setting next_dagrun for dag_smtp_email_automatico to 2022-09-06T00:00:00+00:00, run_after=2022-09-07T00:00:00+00:00
[2023-07-30 21:35:46,807] {processor.py:161} INFO - Processing /opt/airflow/dags/dag_smtp_email.py took 0.325 seconds
[2023-07-30 21:36:17,883] {processor.py:153} INFO - Started process (PID=3437) to work on /opt/airflow/dags/dag_smtp_email.py
[2023-07-30 21:36:17,896] {processor.py:641} INFO - Processing file /opt/airflow/dags/dag_smtp_email.py for tasks to queue
[2023-07-30 21:36:17,897] {logging_mixin.py:115} INFO - [2023-07-30 21:36:17,897] {dagbag.py:508} INFO - Filling up the DagBag from /opt/airflow/dags/dag_smtp_email.py
[2023-07-30 21:36:17,968] {processor.py:651} INFO - DAG(s) dict_keys(['dag_smtp_email_automatico']) retrieved from /opt/airflow/dags/dag_smtp_email.py
[2023-07-30 21:36:18,172] {logging_mixin.py:115} INFO - [2023-07-30 21:36:18,171] {dag.py:2420} INFO - Sync 1 DAGs
[2023-07-30 21:36:18,338] {logging_mixin.py:115} INFO - [2023-07-30 21:36:18,338] {dag.py:2972} INFO - Setting next_dagrun for dag_smtp_email_automatico to 2022-09-06T00:00:00+00:00, run_after=2022-09-07T00:00:00+00:00
[2023-07-30 21:36:18,409] {processor.py:161} INFO - Processing /opt/airflow/dags/dag_smtp_email.py took 0.531 seconds
