[2023-08-01 23:16:27,563] {processor.py:153} INFO - Started process (PID=4722) to work on /opt/airflow/dags/dag_etl_failure.py
[2023-08-01 23:16:27,564] {processor.py:641} INFO - Processing file /opt/airflow/dags/dag_etl_failure.py for tasks to queue
[2023-08-01 23:16:27,564] {logging_mixin.py:115} INFO - [2023-08-01 23:16:27,564] {dagbag.py:508} INFO - Filling up the DagBag from /opt/airflow/dags/dag_etl_failure.py
[2023-08-01 23:16:28,230] {processor.py:651} INFO - DAG(s) dict_keys(['etl_api_marvel_2']) retrieved from /opt/airflow/dags/dag_etl_failure.py
[2023-08-01 23:16:28,386] {logging_mixin.py:115} INFO - [2023-08-01 23:16:28,385] {dag.py:2420} INFO - Sync 1 DAGs
[2023-08-01 23:16:28,436] {logging_mixin.py:115} INFO - [2023-08-01 23:16:28,436] {dag.py:2972} INFO - Setting next_dagrun for etl_api_marvel_2 to 2023-08-01T00:00:00+00:00, run_after=2023-08-02T00:00:00+00:00
[2023-08-01 23:16:28,463] {processor.py:161} INFO - Processing /opt/airflow/dags/dag_etl_failure.py took 0.903 seconds
[2023-08-01 23:16:51,066] {processor.py:153} INFO - Started process (PID=4776) to work on /opt/airflow/dags/dag_etl_failure.py
[2023-08-01 23:16:51,067] {processor.py:641} INFO - Processing file /opt/airflow/dags/dag_etl_failure.py for tasks to queue
[2023-08-01 23:16:51,067] {logging_mixin.py:115} INFO - [2023-08-01 23:16:51,067] {dagbag.py:508} INFO - Filling up the DagBag from /opt/airflow/dags/dag_etl_failure.py
[2023-08-01 23:16:51,387] {processor.py:651} INFO - DAG(s) dict_keys(['etl_api_marvel_2']) retrieved from /opt/airflow/dags/dag_etl_failure.py
[2023-08-01 23:16:51,392] {logging_mixin.py:115} INFO - [2023-08-01 23:16:51,391] {dag.py:2420} INFO - Sync 1 DAGs
[2023-08-01 23:16:51,419] {logging_mixin.py:115} INFO - [2023-08-01 23:16:51,419] {dag.py:2972} INFO - Setting next_dagrun for etl_api_marvel_2 to 2023-08-01T00:00:00+00:00, run_after=2023-08-02T00:00:00+00:00
[2023-08-01 23:16:51,434] {processor.py:161} INFO - Processing /opt/airflow/dags/dag_etl_failure.py took 0.371 seconds
[2023-08-01 23:17:21,646] {processor.py:153} INFO - Started process (PID=4841) to work on /opt/airflow/dags/dag_etl_failure.py
[2023-08-01 23:17:21,646] {processor.py:641} INFO - Processing file /opt/airflow/dags/dag_etl_failure.py for tasks to queue
[2023-08-01 23:17:21,647] {logging_mixin.py:115} INFO - [2023-08-01 23:17:21,647] {dagbag.py:508} INFO - Filling up the DagBag from /opt/airflow/dags/dag_etl_failure.py
[2023-08-01 23:17:21,950] {processor.py:651} INFO - DAG(s) dict_keys(['etl_api_marvel_2']) retrieved from /opt/airflow/dags/dag_etl_failure.py
[2023-08-01 23:17:21,981] {logging_mixin.py:115} INFO - [2023-08-01 23:17:21,980] {dag.py:2420} INFO - Sync 1 DAGs
[2023-08-01 23:17:22,032] {logging_mixin.py:115} INFO - [2023-08-01 23:17:22,032] {dag.py:2972} INFO - Setting next_dagrun for etl_api_marvel_2 to 2023-08-01T00:00:00+00:00, run_after=2023-08-02T00:00:00+00:00
[2023-08-01 23:17:22,047] {processor.py:161} INFO - Processing /opt/airflow/dags/dag_etl_failure.py took 0.404 seconds
[2023-08-01 23:17:52,150] {processor.py:153} INFO - Started process (PID=4914) to work on /opt/airflow/dags/dag_etl_failure.py
[2023-08-01 23:17:52,150] {processor.py:641} INFO - Processing file /opt/airflow/dags/dag_etl_failure.py for tasks to queue
[2023-08-01 23:17:52,151] {logging_mixin.py:115} INFO - [2023-08-01 23:17:52,150] {dagbag.py:508} INFO - Filling up the DagBag from /opt/airflow/dags/dag_etl_failure.py
[2023-08-01 23:17:52,466] {processor.py:651} INFO - DAG(s) dict_keys(['etl_api_marvel_2']) retrieved from /opt/airflow/dags/dag_etl_failure.py
[2023-08-01 23:17:52,498] {logging_mixin.py:115} INFO - [2023-08-01 23:17:52,497] {dag.py:2420} INFO - Sync 1 DAGs
[2023-08-01 23:17:52,522] {logging_mixin.py:115} INFO - [2023-08-01 23:17:52,522] {dag.py:2972} INFO - Setting next_dagrun for etl_api_marvel_2 to 2023-08-01T00:00:00+00:00, run_after=2023-08-02T00:00:00+00:00
[2023-08-01 23:17:52,536] {processor.py:161} INFO - Processing /opt/airflow/dags/dag_etl_failure.py took 0.389 seconds
[2023-08-01 23:18:22,736] {processor.py:153} INFO - Started process (PID=4979) to work on /opt/airflow/dags/dag_etl_failure.py
[2023-08-01 23:18:22,737] {processor.py:641} INFO - Processing file /opt/airflow/dags/dag_etl_failure.py for tasks to queue
[2023-08-01 23:18:22,738] {logging_mixin.py:115} INFO - [2023-08-01 23:18:22,737] {dagbag.py:508} INFO - Filling up the DagBag from /opt/airflow/dags/dag_etl_failure.py
[2023-08-01 23:18:23,114] {processor.py:651} INFO - DAG(s) dict_keys(['etl_api_marvel_2']) retrieved from /opt/airflow/dags/dag_etl_failure.py
[2023-08-01 23:18:23,156] {logging_mixin.py:115} INFO - [2023-08-01 23:18:23,155] {dag.py:2420} INFO - Sync 1 DAGs
[2023-08-01 23:18:23,195] {logging_mixin.py:115} INFO - [2023-08-01 23:18:23,195] {dag.py:2972} INFO - Setting next_dagrun for etl_api_marvel_2 to 2023-08-01T00:00:00+00:00, run_after=2023-08-02T00:00:00+00:00
[2023-08-01 23:18:23,208] {processor.py:161} INFO - Processing /opt/airflow/dags/dag_etl_failure.py took 0.477 seconds
[2023-08-01 23:18:53,407] {processor.py:153} INFO - Started process (PID=5052) to work on /opt/airflow/dags/dag_etl_failure.py
[2023-08-01 23:18:53,407] {processor.py:641} INFO - Processing file /opt/airflow/dags/dag_etl_failure.py for tasks to queue
[2023-08-01 23:18:53,407] {logging_mixin.py:115} INFO - [2023-08-01 23:18:53,407] {dagbag.py:508} INFO - Filling up the DagBag from /opt/airflow/dags/dag_etl_failure.py
[2023-08-01 23:18:53,793] {processor.py:651} INFO - DAG(s) dict_keys(['etl_api_marvel_2']) retrieved from /opt/airflow/dags/dag_etl_failure.py
[2023-08-01 23:18:53,824] {logging_mixin.py:115} INFO - [2023-08-01 23:18:53,823] {dag.py:2420} INFO - Sync 1 DAGs
[2023-08-01 23:18:53,848] {logging_mixin.py:115} INFO - [2023-08-01 23:18:53,848] {dag.py:2972} INFO - Setting next_dagrun for etl_api_marvel_2 to 2023-08-01T00:00:00+00:00, run_after=2023-08-02T00:00:00+00:00
[2023-08-01 23:18:53,860] {processor.py:161} INFO - Processing /opt/airflow/dags/dag_etl_failure.py took 0.457 seconds
[2023-08-01 23:19:24,748] {processor.py:153} INFO - Started process (PID=5126) to work on /opt/airflow/dags/dag_etl_failure.py
[2023-08-01 23:19:24,748] {processor.py:641} INFO - Processing file /opt/airflow/dags/dag_etl_failure.py for tasks to queue
[2023-08-01 23:19:24,749] {logging_mixin.py:115} INFO - [2023-08-01 23:19:24,749] {dagbag.py:508} INFO - Filling up the DagBag from /opt/airflow/dags/dag_etl_failure.py
[2023-08-01 23:19:25,377] {processor.py:651} INFO - DAG(s) dict_keys(['etl_api_marvel_2']) retrieved from /opt/airflow/dags/dag_etl_failure.py
[2023-08-01 23:19:25,437] {logging_mixin.py:115} INFO - [2023-08-01 23:19:25,435] {dag.py:2420} INFO - Sync 1 DAGs
[2023-08-01 23:19:25,480] {logging_mixin.py:115} INFO - [2023-08-01 23:19:25,480] {dag.py:2972} INFO - Setting next_dagrun for etl_api_marvel_2 to 2023-08-01T00:00:00+00:00, run_after=2023-08-02T00:00:00+00:00
[2023-08-01 23:19:25,498] {processor.py:161} INFO - Processing /opt/airflow/dags/dag_etl_failure.py took 0.763 seconds
[2023-08-01 23:19:56,407] {processor.py:153} INFO - Started process (PID=5193) to work on /opt/airflow/dags/dag_etl_failure.py
[2023-08-01 23:19:56,408] {processor.py:641} INFO - Processing file /opt/airflow/dags/dag_etl_failure.py for tasks to queue
[2023-08-01 23:19:56,409] {logging_mixin.py:115} INFO - [2023-08-01 23:19:56,409] {dagbag.py:508} INFO - Filling up the DagBag from /opt/airflow/dags/dag_etl_failure.py
[2023-08-01 23:19:56,807] {processor.py:651} INFO - DAG(s) dict_keys(['etl_api_marvel_2']) retrieved from /opt/airflow/dags/dag_etl_failure.py
[2023-08-01 23:19:56,840] {logging_mixin.py:115} INFO - [2023-08-01 23:19:56,839] {dag.py:2420} INFO - Sync 1 DAGs
[2023-08-01 23:19:56,866] {logging_mixin.py:115} INFO - [2023-08-01 23:19:56,866] {dag.py:2972} INFO - Setting next_dagrun for etl_api_marvel_2 to 2023-08-01T00:00:00+00:00, run_after=2023-08-02T00:00:00+00:00
[2023-08-01 23:19:56,927] {processor.py:161} INFO - Processing /opt/airflow/dags/dag_etl_failure.py took 0.525 seconds
[2023-08-01 23:20:27,182] {processor.py:153} INFO - Started process (PID=5266) to work on /opt/airflow/dags/dag_etl_failure.py
[2023-08-01 23:20:27,183] {processor.py:641} INFO - Processing file /opt/airflow/dags/dag_etl_failure.py for tasks to queue
[2023-08-01 23:20:27,184] {logging_mixin.py:115} INFO - [2023-08-01 23:20:27,184] {dagbag.py:508} INFO - Filling up the DagBag from /opt/airflow/dags/dag_etl_failure.py
[2023-08-01 23:20:27,658] {processor.py:651} INFO - DAG(s) dict_keys(['etl_api_marvel_2']) retrieved from /opt/airflow/dags/dag_etl_failure.py
[2023-08-01 23:20:27,703] {logging_mixin.py:115} INFO - [2023-08-01 23:20:27,702] {dag.py:2420} INFO - Sync 1 DAGs
[2023-08-01 23:20:27,740] {logging_mixin.py:115} INFO - [2023-08-01 23:20:27,740] {dag.py:2972} INFO - Setting next_dagrun for etl_api_marvel_2 to 2023-08-01T00:00:00+00:00, run_after=2023-08-02T00:00:00+00:00
[2023-08-01 23:20:27,754] {processor.py:161} INFO - Processing /opt/airflow/dags/dag_etl_failure.py took 0.597 seconds
[2023-08-01 23:20:58,226] {processor.py:153} INFO - Started process (PID=5332) to work on /opt/airflow/dags/dag_etl_failure.py
[2023-08-01 23:20:58,227] {processor.py:641} INFO - Processing file /opt/airflow/dags/dag_etl_failure.py for tasks to queue
[2023-08-01 23:20:58,228] {logging_mixin.py:115} INFO - [2023-08-01 23:20:58,228] {dagbag.py:508} INFO - Filling up the DagBag from /opt/airflow/dags/dag_etl_failure.py
[2023-08-01 23:20:58,805] {processor.py:651} INFO - DAG(s) dict_keys(['etl_api_marvel_2']) retrieved from /opt/airflow/dags/dag_etl_failure.py
[2023-08-01 23:20:58,860] {logging_mixin.py:115} INFO - [2023-08-01 23:20:58,859] {dag.py:2420} INFO - Sync 1 DAGs
[2023-08-01 23:20:58,900] {logging_mixin.py:115} INFO - [2023-08-01 23:20:58,899] {dag.py:2972} INFO - Setting next_dagrun for etl_api_marvel_2 to 2023-08-01T00:00:00+00:00, run_after=2023-08-02T00:00:00+00:00
[2023-08-01 23:20:58,915] {processor.py:161} INFO - Processing /opt/airflow/dags/dag_etl_failure.py took 0.700 seconds
[2023-08-01 23:21:29,723] {processor.py:153} INFO - Started process (PID=5407) to work on /opt/airflow/dags/dag_etl_failure.py
[2023-08-01 23:21:29,724] {processor.py:641} INFO - Processing file /opt/airflow/dags/dag_etl_failure.py for tasks to queue
[2023-08-01 23:21:29,724] {logging_mixin.py:115} INFO - [2023-08-01 23:21:29,724] {dagbag.py:508} INFO - Filling up the DagBag from /opt/airflow/dags/dag_etl_failure.py
[2023-08-01 23:21:30,145] {processor.py:651} INFO - DAG(s) dict_keys(['etl_api_marvel_2']) retrieved from /opt/airflow/dags/dag_etl_failure.py
[2023-08-01 23:21:30,192] {logging_mixin.py:115} INFO - [2023-08-01 23:21:30,191] {dag.py:2420} INFO - Sync 1 DAGs
[2023-08-01 23:21:30,223] {logging_mixin.py:115} INFO - [2023-08-01 23:21:30,223] {dag.py:2972} INFO - Setting next_dagrun for etl_api_marvel_2 to 2023-08-01T00:00:00+00:00, run_after=2023-08-02T00:00:00+00:00
[2023-08-01 23:21:30,236] {processor.py:161} INFO - Processing /opt/airflow/dags/dag_etl_failure.py took 0.517 seconds
[2023-08-01 23:22:00,270] {processor.py:153} INFO - Started process (PID=5475) to work on /opt/airflow/dags/dag_etl_failure.py
[2023-08-01 23:22:00,270] {processor.py:641} INFO - Processing file /opt/airflow/dags/dag_etl_failure.py for tasks to queue
[2023-08-01 23:22:00,271] {logging_mixin.py:115} INFO - [2023-08-01 23:22:00,271] {dagbag.py:508} INFO - Filling up the DagBag from /opt/airflow/dags/dag_etl_failure.py
[2023-08-01 23:22:00,709] {processor.py:651} INFO - DAG(s) dict_keys(['etl_api_marvel_2']) retrieved from /opt/airflow/dags/dag_etl_failure.py
[2023-08-01 23:22:00,741] {logging_mixin.py:115} INFO - [2023-08-01 23:22:00,740] {dag.py:2420} INFO - Sync 1 DAGs
[2023-08-01 23:22:00,766] {logging_mixin.py:115} INFO - [2023-08-01 23:22:00,766] {dag.py:2972} INFO - Setting next_dagrun for etl_api_marvel_2 to 2023-08-01T00:00:00+00:00, run_after=2023-08-02T00:00:00+00:00
[2023-08-01 23:22:00,780] {processor.py:161} INFO - Processing /opt/airflow/dags/dag_etl_failure.py took 0.513 seconds
[2023-08-01 23:22:31,031] {processor.py:153} INFO - Started process (PID=5552) to work on /opt/airflow/dags/dag_etl_failure.py
[2023-08-01 23:22:31,032] {processor.py:641} INFO - Processing file /opt/airflow/dags/dag_etl_failure.py for tasks to queue
[2023-08-01 23:22:31,032] {logging_mixin.py:115} INFO - [2023-08-01 23:22:31,032] {dagbag.py:508} INFO - Filling up the DagBag from /opt/airflow/dags/dag_etl_failure.py
[2023-08-01 23:22:31,348] {processor.py:651} INFO - DAG(s) dict_keys(['etl_api_marvel_2']) retrieved from /opt/airflow/dags/dag_etl_failure.py
[2023-08-01 23:22:31,385] {logging_mixin.py:115} INFO - [2023-08-01 23:22:31,384] {dag.py:2420} INFO - Sync 1 DAGs
[2023-08-01 23:22:31,411] {logging_mixin.py:115} INFO - [2023-08-01 23:22:31,411] {dag.py:2972} INFO - Setting next_dagrun for etl_api_marvel_2 to 2023-08-01T00:00:00+00:00, run_after=2023-08-02T00:00:00+00:00
[2023-08-01 23:22:31,423] {processor.py:161} INFO - Processing /opt/airflow/dags/dag_etl_failure.py took 0.396 seconds
[2023-08-01 23:22:47,829] {processor.py:153} INFO - Started process (PID=5586) to work on /opt/airflow/dags/dag_etl_failure.py
[2023-08-01 23:22:47,830] {processor.py:641} INFO - Processing file /opt/airflow/dags/dag_etl_failure.py for tasks to queue
[2023-08-01 23:22:47,830] {logging_mixin.py:115} INFO - [2023-08-01 23:22:47,830] {dagbag.py:508} INFO - Filling up the DagBag from /opt/airflow/dags/dag_etl_failure.py
[2023-08-01 23:22:48,267] {processor.py:651} INFO - DAG(s) dict_keys(['etl_api_marvel_2']) retrieved from /opt/airflow/dags/dag_etl_failure.py
[2023-08-01 23:22:48,359] {logging_mixin.py:115} INFO - [2023-08-01 23:22:48,358] {dag.py:2420} INFO - Sync 1 DAGs
[2023-08-01 23:22:48,385] {logging_mixin.py:115} INFO - [2023-08-01 23:22:48,385] {dag.py:2972} INFO - Setting next_dagrun for etl_api_marvel_2 to 2023-08-01T00:00:00+00:00, run_after=2023-08-02T00:00:00+00:00
[2023-08-01 23:22:48,404] {processor.py:161} INFO - Processing /opt/airflow/dags/dag_etl_failure.py took 0.578 seconds
[2023-08-01 23:23:18,786] {processor.py:153} INFO - Started process (PID=5652) to work on /opt/airflow/dags/dag_etl_failure.py
[2023-08-01 23:23:18,791] {processor.py:641} INFO - Processing file /opt/airflow/dags/dag_etl_failure.py for tasks to queue
[2023-08-01 23:23:18,792] {logging_mixin.py:115} INFO - [2023-08-01 23:23:18,792] {dagbag.py:508} INFO - Filling up the DagBag from /opt/airflow/dags/dag_etl_failure.py
[2023-08-01 23:23:19,532] {processor.py:651} INFO - DAG(s) dict_keys(['etl_api_marvel_2']) retrieved from /opt/airflow/dags/dag_etl_failure.py
[2023-08-01 23:23:19,581] {logging_mixin.py:115} INFO - [2023-08-01 23:23:19,580] {dag.py:2420} INFO - Sync 1 DAGs
[2023-08-01 23:23:19,609] {logging_mixin.py:115} INFO - [2023-08-01 23:23:19,609] {dag.py:2972} INFO - Setting next_dagrun for etl_api_marvel_2 to 2023-08-01T00:00:00+00:00, run_after=2023-08-02T00:00:00+00:00
[2023-08-01 23:23:19,621] {processor.py:161} INFO - Processing /opt/airflow/dags/dag_etl_failure.py took 0.846 seconds
[2023-08-01 23:23:49,842] {processor.py:153} INFO - Started process (PID=5725) to work on /opt/airflow/dags/dag_etl_failure.py
[2023-08-01 23:23:49,842] {processor.py:641} INFO - Processing file /opt/airflow/dags/dag_etl_failure.py for tasks to queue
[2023-08-01 23:23:49,843] {logging_mixin.py:115} INFO - [2023-08-01 23:23:49,843] {dagbag.py:508} INFO - Filling up the DagBag from /opt/airflow/dags/dag_etl_failure.py
[2023-08-01 23:23:50,175] {processor.py:651} INFO - DAG(s) dict_keys(['etl_api_marvel_2']) retrieved from /opt/airflow/dags/dag_etl_failure.py
[2023-08-01 23:23:50,218] {logging_mixin.py:115} INFO - [2023-08-01 23:23:50,217] {dag.py:2420} INFO - Sync 1 DAGs
[2023-08-01 23:23:50,246] {logging_mixin.py:115} INFO - [2023-08-01 23:23:50,246] {dag.py:2972} INFO - Setting next_dagrun for etl_api_marvel_2 to 2023-08-01T00:00:00+00:00, run_after=2023-08-02T00:00:00+00:00
[2023-08-01 23:23:50,259] {processor.py:161} INFO - Processing /opt/airflow/dags/dag_etl_failure.py took 0.422 seconds
[2023-08-01 23:24:20,310] {processor.py:153} INFO - Started process (PID=5790) to work on /opt/airflow/dags/dag_etl_failure.py
[2023-08-01 23:24:20,311] {processor.py:641} INFO - Processing file /opt/airflow/dags/dag_etl_failure.py for tasks to queue
[2023-08-01 23:24:20,311] {logging_mixin.py:115} INFO - [2023-08-01 23:24:20,311] {dagbag.py:508} INFO - Filling up the DagBag from /opt/airflow/dags/dag_etl_failure.py
[2023-08-01 23:24:20,686] {processor.py:651} INFO - DAG(s) dict_keys(['etl_api_marvel_2']) retrieved from /opt/airflow/dags/dag_etl_failure.py
[2023-08-01 23:24:20,723] {logging_mixin.py:115} INFO - [2023-08-01 23:24:20,722] {dag.py:2420} INFO - Sync 1 DAGs
[2023-08-01 23:24:20,752] {logging_mixin.py:115} INFO - [2023-08-01 23:24:20,752] {dag.py:2972} INFO - Setting next_dagrun for etl_api_marvel_2 to 2023-08-01T00:00:00+00:00, run_after=2023-08-02T00:00:00+00:00
[2023-08-01 23:24:20,766] {processor.py:161} INFO - Processing /opt/airflow/dags/dag_etl_failure.py took 0.461 seconds
[2023-08-01 23:24:51,522] {processor.py:153} INFO - Started process (PID=5855) to work on /opt/airflow/dags/dag_etl_failure.py
[2023-08-01 23:24:51,523] {processor.py:641} INFO - Processing file /opt/airflow/dags/dag_etl_failure.py for tasks to queue
[2023-08-01 23:24:51,524] {logging_mixin.py:115} INFO - [2023-08-01 23:24:51,524] {dagbag.py:508} INFO - Filling up the DagBag from /opt/airflow/dags/dag_etl_failure.py
[2023-08-01 23:24:52,014] {processor.py:651} INFO - DAG(s) dict_keys(['etl_api_marvel_2']) retrieved from /opt/airflow/dags/dag_etl_failure.py
[2023-08-01 23:24:52,082] {logging_mixin.py:115} INFO - [2023-08-01 23:24:52,081] {dag.py:2420} INFO - Sync 1 DAGs
[2023-08-01 23:24:52,150] {logging_mixin.py:115} INFO - [2023-08-01 23:24:52,150] {dag.py:2972} INFO - Setting next_dagrun for etl_api_marvel_2 to 2023-08-01T00:00:00+00:00, run_after=2023-08-02T00:00:00+00:00
[2023-08-01 23:24:52,181] {processor.py:161} INFO - Processing /opt/airflow/dags/dag_etl_failure.py took 0.665 seconds
[2023-08-01 23:25:22,317] {processor.py:153} INFO - Started process (PID=5929) to work on /opt/airflow/dags/dag_etl_failure.py
[2023-08-01 23:25:22,318] {processor.py:641} INFO - Processing file /opt/airflow/dags/dag_etl_failure.py for tasks to queue
[2023-08-01 23:25:22,318] {logging_mixin.py:115} INFO - [2023-08-01 23:25:22,318] {dagbag.py:508} INFO - Filling up the DagBag from /opt/airflow/dags/dag_etl_failure.py
[2023-08-01 23:25:22,662] {processor.py:651} INFO - DAG(s) dict_keys(['etl_api_marvel_2']) retrieved from /opt/airflow/dags/dag_etl_failure.py
[2023-08-01 23:25:22,695] {logging_mixin.py:115} INFO - [2023-08-01 23:25:22,695] {dag.py:2420} INFO - Sync 1 DAGs
[2023-08-01 23:25:22,725] {logging_mixin.py:115} INFO - [2023-08-01 23:25:22,725] {dag.py:2972} INFO - Setting next_dagrun for etl_api_marvel_2 to 2023-08-01T00:00:00+00:00, run_after=2023-08-02T00:00:00+00:00
[2023-08-01 23:25:22,743] {processor.py:161} INFO - Processing /opt/airflow/dags/dag_etl_failure.py took 0.429 seconds
[2023-08-01 23:25:24,327] {processor.py:153} INFO - Started process (PID=5931) to work on /opt/airflow/dags/dag_etl_failure.py
[2023-08-01 23:25:24,327] {processor.py:641} INFO - Processing file /opt/airflow/dags/dag_etl_failure.py for tasks to queue
[2023-08-01 23:25:24,328] {logging_mixin.py:115} INFO - [2023-08-01 23:25:24,328] {dagbag.py:508} INFO - Filling up the DagBag from /opt/airflow/dags/dag_etl_failure.py
[2023-08-01 23:25:24,659] {processor.py:651} INFO - DAG(s) dict_keys(['etl_api_marvel_2']) retrieved from /opt/airflow/dags/dag_etl_failure.py
[2023-08-01 23:25:24,743] {logging_mixin.py:115} INFO - [2023-08-01 23:25:24,742] {dag.py:2420} INFO - Sync 1 DAGs
[2023-08-01 23:25:24,770] {logging_mixin.py:115} INFO - [2023-08-01 23:25:24,770] {dag.py:2972} INFO - Setting next_dagrun for etl_api_marvel_2 to 2023-08-01T00:00:00+00:00, run_after=2023-08-02T00:00:00+00:00
[2023-08-01 23:25:24,789] {processor.py:161} INFO - Processing /opt/airflow/dags/dag_etl_failure.py took 0.466 seconds
[2023-08-01 23:25:55,180] {processor.py:153} INFO - Started process (PID=5996) to work on /opt/airflow/dags/dag_etl_failure.py
[2023-08-01 23:25:55,181] {processor.py:641} INFO - Processing file /opt/airflow/dags/dag_etl_failure.py for tasks to queue
[2023-08-01 23:25:55,181] {logging_mixin.py:115} INFO - [2023-08-01 23:25:55,181] {dagbag.py:508} INFO - Filling up the DagBag from /opt/airflow/dags/dag_etl_failure.py
[2023-08-01 23:25:55,526] {processor.py:651} INFO - DAG(s) dict_keys(['etl_api_marvel_2']) retrieved from /opt/airflow/dags/dag_etl_failure.py
[2023-08-01 23:25:55,563] {logging_mixin.py:115} INFO - [2023-08-01 23:25:55,563] {dag.py:2420} INFO - Sync 1 DAGs
[2023-08-01 23:25:55,593] {logging_mixin.py:115} INFO - [2023-08-01 23:25:55,593] {dag.py:2972} INFO - Setting next_dagrun for etl_api_marvel_2 to 2023-08-01T00:00:00+00:00, run_after=2023-08-02T00:00:00+00:00
[2023-08-01 23:25:55,607] {processor.py:161} INFO - Processing /opt/airflow/dags/dag_etl_failure.py took 0.430 seconds
[2023-08-01 23:26:26,079] {processor.py:153} INFO - Started process (PID=6070) to work on /opt/airflow/dags/dag_etl_failure.py
[2023-08-01 23:26:26,080] {processor.py:641} INFO - Processing file /opt/airflow/dags/dag_etl_failure.py for tasks to queue
[2023-08-01 23:26:26,081] {logging_mixin.py:115} INFO - [2023-08-01 23:26:26,081] {dagbag.py:508} INFO - Filling up the DagBag from /opt/airflow/dags/dag_etl_failure.py
[2023-08-01 23:26:26,456] {processor.py:651} INFO - DAG(s) dict_keys(['etl_api_marvel_2']) retrieved from /opt/airflow/dags/dag_etl_failure.py
[2023-08-01 23:26:26,493] {logging_mixin.py:115} INFO - [2023-08-01 23:26:26,492] {dag.py:2420} INFO - Sync 1 DAGs
[2023-08-01 23:26:26,522] {logging_mixin.py:115} INFO - [2023-08-01 23:26:26,522] {dag.py:2972} INFO - Setting next_dagrun for etl_api_marvel_2 to 2023-08-01T00:00:00+00:00, run_after=2023-08-02T00:00:00+00:00
[2023-08-01 23:26:26,538] {processor.py:161} INFO - Processing /opt/airflow/dags/dag_etl_failure.py took 0.463 seconds
[2023-08-01 23:26:56,599] {processor.py:153} INFO - Started process (PID=6135) to work on /opt/airflow/dags/dag_etl_failure.py
[2023-08-01 23:26:56,599] {processor.py:641} INFO - Processing file /opt/airflow/dags/dag_etl_failure.py for tasks to queue
[2023-08-01 23:26:56,600] {logging_mixin.py:115} INFO - [2023-08-01 23:26:56,600] {dagbag.py:508} INFO - Filling up the DagBag from /opt/airflow/dags/dag_etl_failure.py
[2023-08-01 23:26:57,066] {processor.py:651} INFO - DAG(s) dict_keys(['etl_api_marvel_2']) retrieved from /opt/airflow/dags/dag_etl_failure.py
[2023-08-01 23:26:57,136] {logging_mixin.py:115} INFO - [2023-08-01 23:26:57,135] {dag.py:2420} INFO - Sync 1 DAGs
[2023-08-01 23:26:57,204] {logging_mixin.py:115} INFO - [2023-08-01 23:26:57,204] {dag.py:2972} INFO - Setting next_dagrun for etl_api_marvel_2 to 2023-08-01T00:00:00+00:00, run_after=2023-08-02T00:00:00+00:00
[2023-08-01 23:26:57,233] {processor.py:161} INFO - Processing /opt/airflow/dags/dag_etl_failure.py took 0.639 seconds
[2023-08-01 23:27:14,925] {processor.py:153} INFO - Started process (PID=6184) to work on /opt/airflow/dags/dag_etl_failure.py
[2023-08-01 23:27:14,926] {processor.py:641} INFO - Processing file /opt/airflow/dags/dag_etl_failure.py for tasks to queue
[2023-08-01 23:27:14,927] {logging_mixin.py:115} INFO - [2023-08-01 23:27:14,927] {dagbag.py:508} INFO - Filling up the DagBag from /opt/airflow/dags/dag_etl_failure.py
[2023-08-01 23:27:15,272] {processor.py:651} INFO - DAG(s) dict_keys(['etl_api_marvel_2']) retrieved from /opt/airflow/dags/dag_etl_failure.py
[2023-08-01 23:27:15,357] {logging_mixin.py:115} INFO - [2023-08-01 23:27:15,356] {dag.py:2420} INFO - Sync 1 DAGs
[2023-08-01 23:27:15,383] {logging_mixin.py:115} INFO - [2023-08-01 23:27:15,383] {dag.py:2972} INFO - Setting next_dagrun for etl_api_marvel_2 to 2023-08-01T00:00:00+00:00, run_after=2023-08-02T00:00:00+00:00
[2023-08-01 23:27:15,403] {processor.py:161} INFO - Processing /opt/airflow/dags/dag_etl_failure.py took 0.483 seconds
[2023-08-01 23:27:41,289] {processor.py:153} INFO - Started process (PID=6242) to work on /opt/airflow/dags/dag_etl_failure.py
[2023-08-01 23:27:41,290] {processor.py:641} INFO - Processing file /opt/airflow/dags/dag_etl_failure.py for tasks to queue
[2023-08-01 23:27:41,291] {logging_mixin.py:115} INFO - [2023-08-01 23:27:41,291] {dagbag.py:508} INFO - Filling up the DagBag from /opt/airflow/dags/dag_etl_failure.py
[2023-08-01 23:27:42,054] {processor.py:651} INFO - DAG(s) dict_keys(['etl_api_marvel_2']) retrieved from /opt/airflow/dags/dag_etl_failure.py
[2023-08-01 23:27:42,066] {logging_mixin.py:115} INFO - [2023-08-01 23:27:42,064] {dag.py:2420} INFO - Sync 1 DAGs
[2023-08-01 23:27:42,140] {logging_mixin.py:115} INFO - [2023-08-01 23:27:42,140] {dag.py:2972} INFO - Setting next_dagrun for etl_api_marvel_2 to 2023-08-01T00:00:00+00:00, run_after=2023-08-02T00:00:00+00:00
[2023-08-01 23:27:42,169] {processor.py:161} INFO - Processing /opt/airflow/dags/dag_etl_failure.py took 0.885 seconds
[2023-08-01 23:28:12,235] {processor.py:153} INFO - Started process (PID=6309) to work on /opt/airflow/dags/dag_etl_failure.py
[2023-08-01 23:28:12,236] {processor.py:641} INFO - Processing file /opt/airflow/dags/dag_etl_failure.py for tasks to queue
[2023-08-01 23:28:12,236] {logging_mixin.py:115} INFO - [2023-08-01 23:28:12,236] {dagbag.py:508} INFO - Filling up the DagBag from /opt/airflow/dags/dag_etl_failure.py
[2023-08-01 23:28:12,570] {processor.py:651} INFO - DAG(s) dict_keys(['etl_api_marvel_2']) retrieved from /opt/airflow/dags/dag_etl_failure.py
[2023-08-01 23:28:12,654] {logging_mixin.py:115} INFO - [2023-08-01 23:28:12,653] {dag.py:2420} INFO - Sync 1 DAGs
[2023-08-01 23:28:12,680] {logging_mixin.py:115} INFO - [2023-08-01 23:28:12,680] {dag.py:2972} INFO - Setting next_dagrun for etl_api_marvel_2 to 2023-08-01T00:00:00+00:00, run_after=2023-08-02T00:00:00+00:00
[2023-08-01 23:28:12,697] {processor.py:161} INFO - Processing /opt/airflow/dags/dag_etl_failure.py took 0.465 seconds
[2023-08-01 23:28:18,482] {processor.py:153} INFO - Started process (PID=6327) to work on /opt/airflow/dags/dag_etl_failure.py
[2023-08-01 23:28:18,486] {processor.py:641} INFO - Processing file /opt/airflow/dags/dag_etl_failure.py for tasks to queue
[2023-08-01 23:28:18,487] {logging_mixin.py:115} INFO - [2023-08-01 23:28:18,487] {dagbag.py:508} INFO - Filling up the DagBag from /opt/airflow/dags/dag_etl_failure.py
[2023-08-01 23:28:19,157] {processor.py:651} INFO - DAG(s) dict_keys(['etl_api_marvel_2']) retrieved from /opt/airflow/dags/dag_etl_failure.py
[2023-08-01 23:28:19,181] {logging_mixin.py:115} INFO - [2023-08-01 23:28:19,179] {dag.py:2420} INFO - Sync 1 DAGs
[2023-08-01 23:28:19,225] {logging_mixin.py:115} INFO - [2023-08-01 23:28:19,225] {dag.py:2972} INFO - Setting next_dagrun for etl_api_marvel_2 to 2023-08-01T00:00:00+00:00, run_after=2023-08-02T00:00:00+00:00
[2023-08-01 23:28:19,244] {processor.py:161} INFO - Processing /opt/airflow/dags/dag_etl_failure.py took 0.768 seconds
[2023-08-01 23:28:50,259] {processor.py:153} INFO - Started process (PID=6392) to work on /opt/airflow/dags/dag_etl_failure.py
[2023-08-01 23:28:50,259] {processor.py:641} INFO - Processing file /opt/airflow/dags/dag_etl_failure.py for tasks to queue
[2023-08-01 23:28:50,260] {logging_mixin.py:115} INFO - [2023-08-01 23:28:50,260] {dagbag.py:508} INFO - Filling up the DagBag from /opt/airflow/dags/dag_etl_failure.py
[2023-08-01 23:28:50,845] {processor.py:651} INFO - DAG(s) dict_keys(['etl_api_marvel_2']) retrieved from /opt/airflow/dags/dag_etl_failure.py
[2023-08-01 23:28:50,956] {logging_mixin.py:115} INFO - [2023-08-01 23:28:50,955] {dag.py:2420} INFO - Sync 1 DAGs
[2023-08-01 23:28:50,995] {logging_mixin.py:115} INFO - [2023-08-01 23:28:50,995] {dag.py:2972} INFO - Setting next_dagrun for etl_api_marvel_2 to 2023-08-01T00:00:00+00:00, run_after=2023-08-02T00:00:00+00:00
[2023-08-01 23:28:51,012] {processor.py:161} INFO - Processing /opt/airflow/dags/dag_etl_failure.py took 0.758 seconds
[2023-08-01 23:29:17,048] {processor.py:153} INFO - Started process (PID=6461) to work on /opt/airflow/dags/dag_etl_failure.py
[2023-08-01 23:29:17,049] {processor.py:641} INFO - Processing file /opt/airflow/dags/dag_etl_failure.py for tasks to queue
[2023-08-01 23:29:17,050] {logging_mixin.py:115} INFO - [2023-08-01 23:29:17,050] {dagbag.py:508} INFO - Filling up the DagBag from /opt/airflow/dags/dag_etl_failure.py
[2023-08-01 23:29:17,567] {processor.py:651} INFO - DAG(s) dict_keys(['etl_api_marvel_2']) retrieved from /opt/airflow/dags/dag_etl_failure.py
[2023-08-01 23:29:17,574] {logging_mixin.py:115} INFO - [2023-08-01 23:29:17,573] {dag.py:2420} INFO - Sync 1 DAGs
[2023-08-01 23:29:17,621] {logging_mixin.py:115} INFO - [2023-08-01 23:29:17,621] {dag.py:2972} INFO - Setting next_dagrun for etl_api_marvel_2 to 2023-08-01T00:00:00+00:00, run_after=2023-08-02T00:00:00+00:00
[2023-08-01 23:29:17,644] {processor.py:161} INFO - Processing /opt/airflow/dags/dag_etl_failure.py took 0.600 seconds
[2023-08-01 23:29:48,317] {processor.py:153} INFO - Started process (PID=6526) to work on /opt/airflow/dags/dag_etl_failure.py
[2023-08-01 23:29:48,317] {processor.py:641} INFO - Processing file /opt/airflow/dags/dag_etl_failure.py for tasks to queue
[2023-08-01 23:29:48,318] {logging_mixin.py:115} INFO - [2023-08-01 23:29:48,318] {dagbag.py:508} INFO - Filling up the DagBag from /opt/airflow/dags/dag_etl_failure.py
[2023-08-01 23:29:48,737] {processor.py:651} INFO - DAG(s) dict_keys(['etl_api_marvel_2']) retrieved from /opt/airflow/dags/dag_etl_failure.py
[2023-08-01 23:29:48,861] {logging_mixin.py:115} INFO - [2023-08-01 23:29:48,859] {dag.py:2420} INFO - Sync 1 DAGs
[2023-08-01 23:29:48,897] {logging_mixin.py:115} INFO - [2023-08-01 23:29:48,897] {dag.py:2972} INFO - Setting next_dagrun for etl_api_marvel_2 to 2023-08-01T00:00:00+00:00, run_after=2023-08-02T00:00:00+00:00
[2023-08-01 23:29:48,919] {processor.py:161} INFO - Processing /opt/airflow/dags/dag_etl_failure.py took 0.606 seconds
[2023-08-01 23:30:19,079] {processor.py:153} INFO - Started process (PID=6591) to work on /opt/airflow/dags/dag_etl_failure.py
[2023-08-01 23:30:19,080] {processor.py:641} INFO - Processing file /opt/airflow/dags/dag_etl_failure.py for tasks to queue
[2023-08-01 23:30:19,080] {logging_mixin.py:115} INFO - [2023-08-01 23:30:19,080] {dagbag.py:508} INFO - Filling up the DagBag from /opt/airflow/dags/dag_etl_failure.py
[2023-08-01 23:30:20,239] {processor.py:651} INFO - DAG(s) dict_keys(['etl_api_marvel_2']) retrieved from /opt/airflow/dags/dag_etl_failure.py
[2023-08-01 23:30:20,354] {logging_mixin.py:115} INFO - [2023-08-01 23:30:20,353] {dag.py:2420} INFO - Sync 1 DAGs
[2023-08-01 23:30:20,451] {logging_mixin.py:115} INFO - [2023-08-01 23:30:20,450] {dag.py:2972} INFO - Setting next_dagrun for etl_api_marvel_2 to 2023-08-01T00:00:00+00:00, run_after=2023-08-02T00:00:00+00:00
[2023-08-01 23:30:20,498] {processor.py:161} INFO - Processing /opt/airflow/dags/dag_etl_failure.py took 1.428 seconds
[2023-08-01 23:30:35,448] {processor.py:153} INFO - Started process (PID=6627) to work on /opt/airflow/dags/dag_etl_failure.py
[2023-08-01 23:30:35,450] {processor.py:641} INFO - Processing file /opt/airflow/dags/dag_etl_failure.py for tasks to queue
[2023-08-01 23:30:35,451] {logging_mixin.py:115} INFO - [2023-08-01 23:30:35,450] {dagbag.py:508} INFO - Filling up the DagBag from /opt/airflow/dags/dag_etl_failure.py
[2023-08-01 23:30:36,190] {processor.py:651} INFO - DAG(s) dict_keys(['etl_api_marvel_2']) retrieved from /opt/airflow/dags/dag_etl_failure.py
[2023-08-01 23:30:36,354] {logging_mixin.py:115} INFO - [2023-08-01 23:30:36,353] {dag.py:2420} INFO - Sync 1 DAGs
[2023-08-01 23:30:36,386] {logging_mixin.py:115} INFO - [2023-08-01 23:30:36,386] {dag.py:2972} INFO - Setting next_dagrun for etl_api_marvel_2 to 2023-08-01T00:00:00+00:00, run_after=2023-08-02T00:00:00+00:00
[2023-08-01 23:30:36,412] {processor.py:161} INFO - Processing /opt/airflow/dags/dag_etl_failure.py took 0.969 seconds
[2023-08-01 23:30:58,424] {processor.py:153} INFO - Started process (PID=6681) to work on /opt/airflow/dags/dag_etl_failure.py
[2023-08-01 23:30:58,425] {processor.py:641} INFO - Processing file /opt/airflow/dags/dag_etl_failure.py for tasks to queue
[2023-08-01 23:30:58,426] {logging_mixin.py:115} INFO - [2023-08-01 23:30:58,426] {dagbag.py:508} INFO - Filling up the DagBag from /opt/airflow/dags/dag_etl_failure.py
[2023-08-01 23:30:58,989] {processor.py:651} INFO - DAG(s) dict_keys(['etl_api_marvel_2']) retrieved from /opt/airflow/dags/dag_etl_failure.py
[2023-08-01 23:30:59,004] {logging_mixin.py:115} INFO - [2023-08-01 23:30:59,001] {dag.py:2420} INFO - Sync 1 DAGs
[2023-08-01 23:30:59,113] {logging_mixin.py:115} INFO - [2023-08-01 23:30:59,113] {dag.py:2972} INFO - Setting next_dagrun for etl_api_marvel_2 to 2023-08-01T00:00:00+00:00, run_after=2023-08-02T00:00:00+00:00
[2023-08-01 23:30:59,167] {processor.py:161} INFO - Processing /opt/airflow/dags/dag_etl_failure.py took 0.748 seconds
[2023-08-01 23:31:16,791] {processor.py:153} INFO - Started process (PID=6730) to work on /opt/airflow/dags/dag_etl_failure.py
[2023-08-01 23:31:16,807] {processor.py:641} INFO - Processing file /opt/airflow/dags/dag_etl_failure.py for tasks to queue
[2023-08-01 23:31:16,808] {logging_mixin.py:115} INFO - [2023-08-01 23:31:16,808] {dagbag.py:508} INFO - Filling up the DagBag from /opt/airflow/dags/dag_etl_failure.py
[2023-08-01 23:31:17,547] {processor.py:651} INFO - DAG(s) dict_keys(['etl_api_marvel_2']) retrieved from /opt/airflow/dags/dag_etl_failure.py
[2023-08-01 23:31:17,832] {logging_mixin.py:115} INFO - [2023-08-01 23:31:17,831] {dag.py:2420} INFO - Sync 1 DAGs
[2023-08-01 23:31:17,861] {logging_mixin.py:115} INFO - [2023-08-01 23:31:17,861] {dag.py:2972} INFO - Setting next_dagrun for etl_api_marvel_2 to 2023-08-01T00:00:00+00:00, run_after=2023-08-02T00:00:00+00:00
[2023-08-01 23:31:17,883] {processor.py:161} INFO - Processing /opt/airflow/dags/dag_etl_failure.py took 1.102 seconds
[2023-08-01 23:31:38,004] {processor.py:153} INFO - Started process (PID=6765) to work on /opt/airflow/dags/dag_etl_failure.py
[2023-08-01 23:31:38,007] {processor.py:641} INFO - Processing file /opt/airflow/dags/dag_etl_failure.py for tasks to queue
[2023-08-01 23:31:38,010] {logging_mixin.py:115} INFO - [2023-08-01 23:31:38,010] {dagbag.py:508} INFO - Filling up the DagBag from /opt/airflow/dags/dag_etl_failure.py
[2023-08-01 23:31:39,370] {processor.py:651} INFO - DAG(s) dict_keys(['etl_api_marvel_2']) retrieved from /opt/airflow/dags/dag_etl_failure.py
[2023-08-01 23:31:39,387] {logging_mixin.py:115} INFO - [2023-08-01 23:31:39,386] {dag.py:2420} INFO - Sync 1 DAGs
[2023-08-01 23:31:39,431] {logging_mixin.py:115} INFO - [2023-08-01 23:31:39,431] {dag.py:2972} INFO - Setting next_dagrun for etl_api_marvel_2 to 2023-08-01T00:00:00+00:00, run_after=2023-08-02T00:00:00+00:00
[2023-08-01 23:31:39,467] {processor.py:161} INFO - Processing /opt/airflow/dags/dag_etl_failure.py took 1.479 seconds
[2023-08-01 23:32:10,035] {processor.py:153} INFO - Started process (PID=6839) to work on /opt/airflow/dags/dag_etl_failure.py
[2023-08-01 23:32:10,036] {processor.py:641} INFO - Processing file /opt/airflow/dags/dag_etl_failure.py for tasks to queue
[2023-08-01 23:32:10,037] {logging_mixin.py:115} INFO - [2023-08-01 23:32:10,037] {dagbag.py:508} INFO - Filling up the DagBag from /opt/airflow/dags/dag_etl_failure.py
[2023-08-01 23:32:10,459] {processor.py:651} INFO - DAG(s) dict_keys(['etl_api_marvel_2']) retrieved from /opt/airflow/dags/dag_etl_failure.py
[2023-08-01 23:32:10,546] {logging_mixin.py:115} INFO - [2023-08-01 23:32:10,546] {dag.py:2420} INFO - Sync 1 DAGs
[2023-08-01 23:32:10,571] {logging_mixin.py:115} INFO - [2023-08-01 23:32:10,571] {dag.py:2972} INFO - Setting next_dagrun for etl_api_marvel_2 to 2023-08-01T00:00:00+00:00, run_after=2023-08-02T00:00:00+00:00
[2023-08-01 23:32:10,589] {processor.py:161} INFO - Processing /opt/airflow/dags/dag_etl_failure.py took 0.558 seconds
[2023-08-01 23:32:19,335] {processor.py:153} INFO - Started process (PID=6874) to work on /opt/airflow/dags/dag_etl_failure.py
[2023-08-01 23:32:19,339] {processor.py:641} INFO - Processing file /opt/airflow/dags/dag_etl_failure.py for tasks to queue
[2023-08-01 23:32:19,340] {logging_mixin.py:115} INFO - [2023-08-01 23:32:19,340] {dagbag.py:508} INFO - Filling up the DagBag from /opt/airflow/dags/dag_etl_failure.py
[2023-08-01 23:32:20,106] {processor.py:651} INFO - DAG(s) dict_keys(['etl_api_marvel_2']) retrieved from /opt/airflow/dags/dag_etl_failure.py
[2023-08-01 23:32:20,115] {logging_mixin.py:115} INFO - [2023-08-01 23:32:20,114] {dag.py:2420} INFO - Sync 1 DAGs
[2023-08-01 23:32:20,155] {logging_mixin.py:115} INFO - [2023-08-01 23:32:20,155] {dag.py:2972} INFO - Setting next_dagrun for etl_api_marvel_2 to 2023-08-01T00:00:00+00:00, run_after=2023-08-02T00:00:00+00:00
[2023-08-01 23:32:20,193] {processor.py:161} INFO - Processing /opt/airflow/dags/dag_etl_failure.py took 0.899 seconds
[2023-08-01 23:32:50,905] {processor.py:153} INFO - Started process (PID=6940) to work on /opt/airflow/dags/dag_etl_failure.py
[2023-08-01 23:32:50,906] {processor.py:641} INFO - Processing file /opt/airflow/dags/dag_etl_failure.py for tasks to queue
[2023-08-01 23:32:50,907] {logging_mixin.py:115} INFO - [2023-08-01 23:32:50,906] {dagbag.py:508} INFO - Filling up the DagBag from /opt/airflow/dags/dag_etl_failure.py
[2023-08-01 23:32:51,263] {processor.py:651} INFO - DAG(s) dict_keys(['etl_api_marvel_2']) retrieved from /opt/airflow/dags/dag_etl_failure.py
[2023-08-01 23:32:51,355] {logging_mixin.py:115} INFO - [2023-08-01 23:32:51,354] {dag.py:2420} INFO - Sync 1 DAGs
[2023-08-01 23:32:51,381] {logging_mixin.py:115} INFO - [2023-08-01 23:32:51,381] {dag.py:2972} INFO - Setting next_dagrun for etl_api_marvel_2 to 2023-08-01T00:00:00+00:00, run_after=2023-08-02T00:00:00+00:00
[2023-08-01 23:32:51,398] {processor.py:161} INFO - Processing /opt/airflow/dags/dag_etl_failure.py took 0.496 seconds
[2023-08-01 23:33:21,451] {processor.py:153} INFO - Started process (PID=7014) to work on /opt/airflow/dags/dag_etl_failure.py
[2023-08-01 23:33:21,452] {processor.py:641} INFO - Processing file /opt/airflow/dags/dag_etl_failure.py for tasks to queue
[2023-08-01 23:33:21,452] {logging_mixin.py:115} INFO - [2023-08-01 23:33:21,452] {dagbag.py:508} INFO - Filling up the DagBag from /opt/airflow/dags/dag_etl_failure.py
[2023-08-01 23:33:21,824] {processor.py:651} INFO - DAG(s) dict_keys(['etl_api_marvel_2']) retrieved from /opt/airflow/dags/dag_etl_failure.py
[2023-08-01 23:33:21,882] {logging_mixin.py:115} INFO - [2023-08-01 23:33:21,881] {dag.py:2420} INFO - Sync 1 DAGs
[2023-08-01 23:33:21,931] {logging_mixin.py:115} INFO - [2023-08-01 23:33:21,931] {dag.py:2972} INFO - Setting next_dagrun for etl_api_marvel_2 to 2023-08-01T00:00:00+00:00, run_after=2023-08-02T00:00:00+00:00
[2023-08-01 23:33:21,949] {processor.py:161} INFO - Processing /opt/airflow/dags/dag_etl_failure.py took 0.501 seconds
[2023-08-01 23:33:52,055] {processor.py:153} INFO - Started process (PID=7078) to work on /opt/airflow/dags/dag_etl_failure.py
[2023-08-01 23:33:52,055] {processor.py:641} INFO - Processing file /opt/airflow/dags/dag_etl_failure.py for tasks to queue
[2023-08-01 23:33:52,056] {logging_mixin.py:115} INFO - [2023-08-01 23:33:52,056] {dagbag.py:508} INFO - Filling up the DagBag from /opt/airflow/dags/dag_etl_failure.py
[2023-08-01 23:33:52,367] {processor.py:651} INFO - DAG(s) dict_keys(['etl_api_marvel_2']) retrieved from /opt/airflow/dags/dag_etl_failure.py
[2023-08-01 23:33:52,400] {logging_mixin.py:115} INFO - [2023-08-01 23:33:52,399] {dag.py:2420} INFO - Sync 1 DAGs
[2023-08-01 23:33:52,432] {logging_mixin.py:115} INFO - [2023-08-01 23:33:52,431] {dag.py:2972} INFO - Setting next_dagrun for etl_api_marvel_2 to 2023-08-01T00:00:00+00:00, run_after=2023-08-02T00:00:00+00:00
[2023-08-01 23:33:52,445] {processor.py:161} INFO - Processing /opt/airflow/dags/dag_etl_failure.py took 0.393 seconds
[2023-08-01 23:34:22,873] {processor.py:153} INFO - Started process (PID=7151) to work on /opt/airflow/dags/dag_etl_failure.py
[2023-08-01 23:34:22,874] {processor.py:641} INFO - Processing file /opt/airflow/dags/dag_etl_failure.py for tasks to queue
[2023-08-01 23:34:22,874] {logging_mixin.py:115} INFO - [2023-08-01 23:34:22,874] {dagbag.py:508} INFO - Filling up the DagBag from /opt/airflow/dags/dag_etl_failure.py
[2023-08-01 23:34:23,226] {processor.py:651} INFO - DAG(s) dict_keys(['etl_api_marvel_2']) retrieved from /opt/airflow/dags/dag_etl_failure.py
[2023-08-01 23:34:23,259] {logging_mixin.py:115} INFO - [2023-08-01 23:34:23,258] {dag.py:2420} INFO - Sync 1 DAGs
[2023-08-01 23:34:23,285] {logging_mixin.py:115} INFO - [2023-08-01 23:34:23,285] {dag.py:2972} INFO - Setting next_dagrun for etl_api_marvel_2 to 2023-08-01T00:00:00+00:00, run_after=2023-08-02T00:00:00+00:00
[2023-08-01 23:34:23,297] {processor.py:161} INFO - Processing /opt/airflow/dags/dag_etl_failure.py took 0.427 seconds
[2023-08-01 23:34:53,903] {processor.py:153} INFO - Started process (PID=7223) to work on /opt/airflow/dags/dag_etl_failure.py
[2023-08-01 23:34:53,904] {processor.py:641} INFO - Processing file /opt/airflow/dags/dag_etl_failure.py for tasks to queue
[2023-08-01 23:34:53,904] {logging_mixin.py:115} INFO - [2023-08-01 23:34:53,904] {dagbag.py:508} INFO - Filling up the DagBag from /opt/airflow/dags/dag_etl_failure.py
[2023-08-01 23:34:54,405] {processor.py:651} INFO - DAG(s) dict_keys(['etl_api_marvel_2']) retrieved from /opt/airflow/dags/dag_etl_failure.py
[2023-08-01 23:34:54,454] {logging_mixin.py:115} INFO - [2023-08-01 23:34:54,453] {dag.py:2420} INFO - Sync 1 DAGs
[2023-08-01 23:34:54,494] {logging_mixin.py:115} INFO - [2023-08-01 23:34:54,494] {dag.py:2972} INFO - Setting next_dagrun for etl_api_marvel_2 to 2023-08-01T00:00:00+00:00, run_after=2023-08-02T00:00:00+00:00
[2023-08-01 23:34:54,513] {processor.py:161} INFO - Processing /opt/airflow/dags/dag_etl_failure.py took 0.615 seconds
[2023-08-01 23:35:24,729] {processor.py:153} INFO - Started process (PID=7291) to work on /opt/airflow/dags/dag_etl_failure.py
[2023-08-01 23:35:24,730] {processor.py:641} INFO - Processing file /opt/airflow/dags/dag_etl_failure.py for tasks to queue
[2023-08-01 23:35:24,731] {logging_mixin.py:115} INFO - [2023-08-01 23:35:24,731] {dagbag.py:508} INFO - Filling up the DagBag from /opt/airflow/dags/dag_etl_failure.py
[2023-08-01 23:35:25,343] {processor.py:651} INFO - DAG(s) dict_keys(['etl_api_marvel_2']) retrieved from /opt/airflow/dags/dag_etl_failure.py
[2023-08-01 23:35:25,390] {logging_mixin.py:115} INFO - [2023-08-01 23:35:25,389] {dag.py:2420} INFO - Sync 1 DAGs
[2023-08-01 23:35:25,426] {logging_mixin.py:115} INFO - [2023-08-01 23:35:25,426] {dag.py:2972} INFO - Setting next_dagrun for etl_api_marvel_2 to 2023-08-01T00:00:00+00:00, run_after=2023-08-02T00:00:00+00:00
[2023-08-01 23:35:25,444] {processor.py:161} INFO - Processing /opt/airflow/dags/dag_etl_failure.py took 0.720 seconds
