[2023-08-01 23:16:27,554] {processor.py:153} INFO - Started process (PID=4721) to work on /opt/airflow/dags/dag_etl_ok.py
[2023-08-01 23:16:27,554] {processor.py:641} INFO - Processing file /opt/airflow/dags/dag_etl_ok.py for tasks to queue
[2023-08-01 23:16:27,555] {logging_mixin.py:115} INFO - [2023-08-01 23:16:27,555] {dagbag.py:508} INFO - Filling up the DagBag from /opt/airflow/dags/dag_etl_ok.py
[2023-08-01 23:16:28,361] {processor.py:651} INFO - DAG(s) dict_keys(['etl_api_marvel']) retrieved from /opt/airflow/dags/dag_etl_ok.py
[2023-08-01 23:16:28,487] {logging_mixin.py:115} INFO - [2023-08-01 23:16:28,486] {dag.py:2420} INFO - Sync 1 DAGs
[2023-08-01 23:16:28,532] {logging_mixin.py:115} INFO - [2023-08-01 23:16:28,532] {dag.py:2972} INFO - Setting next_dagrun for etl_api_marvel to 2023-08-01T00:00:00+00:00, run_after=2023-08-02T00:00:00+00:00
[2023-08-01 23:16:28,559] {processor.py:161} INFO - Processing /opt/airflow/dags/dag_etl_ok.py took 1.009 seconds
[2023-08-01 23:16:58,954] {processor.py:153} INFO - Started process (PID=4798) to work on /opt/airflow/dags/dag_etl_ok.py
[2023-08-01 23:16:58,955] {processor.py:641} INFO - Processing file /opt/airflow/dags/dag_etl_ok.py for tasks to queue
[2023-08-01 23:16:58,955] {logging_mixin.py:115} INFO - [2023-08-01 23:16:58,955] {dagbag.py:508} INFO - Filling up the DagBag from /opt/airflow/dags/dag_etl_ok.py
[2023-08-01 23:16:59,507] {processor.py:651} INFO - DAG(s) dict_keys(['etl_api_marvel']) retrieved from /opt/airflow/dags/dag_etl_ok.py
[2023-08-01 23:16:59,544] {logging_mixin.py:115} INFO - [2023-08-01 23:16:59,543] {dag.py:2420} INFO - Sync 1 DAGs
[2023-08-01 23:16:59,578] {logging_mixin.py:115} INFO - [2023-08-01 23:16:59,578] {dag.py:2972} INFO - Setting next_dagrun for etl_api_marvel to 2023-08-01T00:00:00+00:00, run_after=2023-08-02T00:00:00+00:00
[2023-08-01 23:16:59,597] {processor.py:161} INFO - Processing /opt/airflow/dags/dag_etl_ok.py took 0.648 seconds
[2023-08-01 23:17:29,670] {processor.py:153} INFO - Started process (PID=4865) to work on /opt/airflow/dags/dag_etl_ok.py
[2023-08-01 23:17:29,671] {processor.py:641} INFO - Processing file /opt/airflow/dags/dag_etl_ok.py for tasks to queue
[2023-08-01 23:17:29,671] {logging_mixin.py:115} INFO - [2023-08-01 23:17:29,671] {dagbag.py:508} INFO - Filling up the DagBag from /opt/airflow/dags/dag_etl_ok.py
[2023-08-01 23:17:30,204] {processor.py:651} INFO - DAG(s) dict_keys(['etl_api_marvel']) retrieved from /opt/airflow/dags/dag_etl_ok.py
[2023-08-01 23:17:30,245] {logging_mixin.py:115} INFO - [2023-08-01 23:17:30,244] {dag.py:2420} INFO - Sync 1 DAGs
[2023-08-01 23:17:30,275] {logging_mixin.py:115} INFO - [2023-08-01 23:17:30,275] {dag.py:2972} INFO - Setting next_dagrun for etl_api_marvel to 2023-08-01T00:00:00+00:00, run_after=2023-08-02T00:00:00+00:00
[2023-08-01 23:17:30,288] {processor.py:161} INFO - Processing /opt/airflow/dags/dag_etl_ok.py took 0.622 seconds
[2023-08-01 23:18:00,467] {processor.py:153} INFO - Started process (PID=4939) to work on /opt/airflow/dags/dag_etl_ok.py
[2023-08-01 23:18:00,468] {processor.py:641} INFO - Processing file /opt/airflow/dags/dag_etl_ok.py for tasks to queue
[2023-08-01 23:18:00,469] {logging_mixin.py:115} INFO - [2023-08-01 23:18:00,469] {dagbag.py:508} INFO - Filling up the DagBag from /opt/airflow/dags/dag_etl_ok.py
[2023-08-01 23:18:00,879] {processor.py:651} INFO - DAG(s) dict_keys(['etl_api_marvel']) retrieved from /opt/airflow/dags/dag_etl_ok.py
[2023-08-01 23:18:00,914] {logging_mixin.py:115} INFO - [2023-08-01 23:18:00,913] {dag.py:2420} INFO - Sync 1 DAGs
[2023-08-01 23:18:00,944] {logging_mixin.py:115} INFO - [2023-08-01 23:18:00,943] {dag.py:2972} INFO - Setting next_dagrun for etl_api_marvel to 2023-08-01T00:00:00+00:00, run_after=2023-08-02T00:00:00+00:00
[2023-08-01 23:18:00,957] {processor.py:161} INFO - Processing /opt/airflow/dags/dag_etl_ok.py took 0.495 seconds
[2023-08-01 23:18:31,781] {processor.py:153} INFO - Started process (PID=5004) to work on /opt/airflow/dags/dag_etl_ok.py
[2023-08-01 23:18:31,782] {processor.py:641} INFO - Processing file /opt/airflow/dags/dag_etl_ok.py for tasks to queue
[2023-08-01 23:18:31,783] {logging_mixin.py:115} INFO - [2023-08-01 23:18:31,783] {dagbag.py:508} INFO - Filling up the DagBag from /opt/airflow/dags/dag_etl_ok.py
[2023-08-01 23:18:32,214] {processor.py:651} INFO - DAG(s) dict_keys(['etl_api_marvel']) retrieved from /opt/airflow/dags/dag_etl_ok.py
[2023-08-01 23:18:32,269] {logging_mixin.py:115} INFO - [2023-08-01 23:18:32,268] {dag.py:2420} INFO - Sync 1 DAGs
[2023-08-01 23:18:32,307] {logging_mixin.py:115} INFO - [2023-08-01 23:18:32,307] {dag.py:2972} INFO - Setting next_dagrun for etl_api_marvel to 2023-08-01T00:00:00+00:00, run_after=2023-08-02T00:00:00+00:00
[2023-08-01 23:18:32,322] {processor.py:161} INFO - Processing /opt/airflow/dags/dag_etl_ok.py took 0.545 seconds
[2023-08-01 23:19:02,406] {processor.py:153} INFO - Started process (PID=5077) to work on /opt/airflow/dags/dag_etl_ok.py
[2023-08-01 23:19:02,407] {processor.py:641} INFO - Processing file /opt/airflow/dags/dag_etl_ok.py for tasks to queue
[2023-08-01 23:19:02,407] {logging_mixin.py:115} INFO - [2023-08-01 23:19:02,407] {dagbag.py:508} INFO - Filling up the DagBag from /opt/airflow/dags/dag_etl_ok.py
[2023-08-01 23:19:02,717] {processor.py:651} INFO - DAG(s) dict_keys(['etl_api_marvel']) retrieved from /opt/airflow/dags/dag_etl_ok.py
[2023-08-01 23:19:02,750] {logging_mixin.py:115} INFO - [2023-08-01 23:19:02,749] {dag.py:2420} INFO - Sync 1 DAGs
[2023-08-01 23:19:02,776] {logging_mixin.py:115} INFO - [2023-08-01 23:19:02,776] {dag.py:2972} INFO - Setting next_dagrun for etl_api_marvel to 2023-08-01T00:00:00+00:00, run_after=2023-08-02T00:00:00+00:00
[2023-08-01 23:19:02,788] {processor.py:161} INFO - Processing /opt/airflow/dags/dag_etl_ok.py took 0.386 seconds
[2023-08-01 23:19:33,051] {processor.py:153} INFO - Started process (PID=5142) to work on /opt/airflow/dags/dag_etl_ok.py
[2023-08-01 23:19:33,051] {processor.py:641} INFO - Processing file /opt/airflow/dags/dag_etl_ok.py for tasks to queue
[2023-08-01 23:19:33,052] {logging_mixin.py:115} INFO - [2023-08-01 23:19:33,052] {dagbag.py:508} INFO - Filling up the DagBag from /opt/airflow/dags/dag_etl_ok.py
[2023-08-01 23:19:33,531] {processor.py:651} INFO - DAG(s) dict_keys(['etl_api_marvel']) retrieved from /opt/airflow/dags/dag_etl_ok.py
[2023-08-01 23:19:33,580] {logging_mixin.py:115} INFO - [2023-08-01 23:19:33,579] {dag.py:2420} INFO - Sync 1 DAGs
[2023-08-01 23:19:33,610] {logging_mixin.py:115} INFO - [2023-08-01 23:19:33,610] {dag.py:2972} INFO - Setting next_dagrun for etl_api_marvel to 2023-08-01T00:00:00+00:00, run_after=2023-08-02T00:00:00+00:00
[2023-08-01 23:19:33,624] {processor.py:161} INFO - Processing /opt/airflow/dags/dag_etl_ok.py took 0.578 seconds
[2023-08-01 23:20:03,803] {processor.py:153} INFO - Started process (PID=5220) to work on /opt/airflow/dags/dag_etl_ok.py
[2023-08-01 23:20:03,833] {processor.py:641} INFO - Processing file /opt/airflow/dags/dag_etl_ok.py for tasks to queue
[2023-08-01 23:20:03,834] {logging_mixin.py:115} INFO - [2023-08-01 23:20:03,834] {dagbag.py:508} INFO - Filling up the DagBag from /opt/airflow/dags/dag_etl_ok.py
[2023-08-01 23:20:04,174] {processor.py:651} INFO - DAG(s) dict_keys(['etl_api_marvel']) retrieved from /opt/airflow/dags/dag_etl_ok.py
[2023-08-01 23:20:04,206] {logging_mixin.py:115} INFO - [2023-08-01 23:20:04,206] {dag.py:2420} INFO - Sync 1 DAGs
[2023-08-01 23:20:04,232] {logging_mixin.py:115} INFO - [2023-08-01 23:20:04,231] {dag.py:2972} INFO - Setting next_dagrun for etl_api_marvel to 2023-08-01T00:00:00+00:00, run_after=2023-08-02T00:00:00+00:00
[2023-08-01 23:20:04,277] {processor.py:161} INFO - Processing /opt/airflow/dags/dag_etl_ok.py took 0.478 seconds
[2023-08-01 23:20:34,339] {processor.py:153} INFO - Started process (PID=5284) to work on /opt/airflow/dags/dag_etl_ok.py
[2023-08-01 23:20:34,339] {processor.py:641} INFO - Processing file /opt/airflow/dags/dag_etl_ok.py for tasks to queue
[2023-08-01 23:20:34,340] {logging_mixin.py:115} INFO - [2023-08-01 23:20:34,340] {dagbag.py:508} INFO - Filling up the DagBag from /opt/airflow/dags/dag_etl_ok.py
[2023-08-01 23:20:34,828] {processor.py:651} INFO - DAG(s) dict_keys(['etl_api_marvel']) retrieved from /opt/airflow/dags/dag_etl_ok.py
[2023-08-01 23:20:34,879] {logging_mixin.py:115} INFO - [2023-08-01 23:20:34,878] {dag.py:2420} INFO - Sync 1 DAGs
[2023-08-01 23:20:34,917] {logging_mixin.py:115} INFO - [2023-08-01 23:20:34,917] {dag.py:2972} INFO - Setting next_dagrun for etl_api_marvel to 2023-08-01T00:00:00+00:00, run_after=2023-08-02T00:00:00+00:00
[2023-08-01 23:20:34,932] {processor.py:161} INFO - Processing /opt/airflow/dags/dag_etl_ok.py took 0.598 seconds
[2023-08-01 23:21:05,161] {processor.py:153} INFO - Started process (PID=5359) to work on /opt/airflow/dags/dag_etl_ok.py
[2023-08-01 23:21:05,162] {processor.py:641} INFO - Processing file /opt/airflow/dags/dag_etl_ok.py for tasks to queue
[2023-08-01 23:21:05,163] {logging_mixin.py:115} INFO - [2023-08-01 23:21:05,163] {dagbag.py:508} INFO - Filling up the DagBag from /opt/airflow/dags/dag_etl_ok.py
[2023-08-01 23:21:05,610] {processor.py:651} INFO - DAG(s) dict_keys(['etl_api_marvel']) retrieved from /opt/airflow/dags/dag_etl_ok.py
[2023-08-01 23:21:05,640] {logging_mixin.py:115} INFO - [2023-08-01 23:21:05,639] {dag.py:2420} INFO - Sync 1 DAGs
[2023-08-01 23:21:05,664] {logging_mixin.py:115} INFO - [2023-08-01 23:21:05,664] {dag.py:2972} INFO - Setting next_dagrun for etl_api_marvel to 2023-08-01T00:00:00+00:00, run_after=2023-08-02T00:00:00+00:00
[2023-08-01 23:21:05,675] {processor.py:161} INFO - Processing /opt/airflow/dags/dag_etl_ok.py took 0.519 seconds
[2023-08-01 23:21:35,804] {processor.py:153} INFO - Started process (PID=5424) to work on /opt/airflow/dags/dag_etl_ok.py
[2023-08-01 23:21:35,805] {processor.py:641} INFO - Processing file /opt/airflow/dags/dag_etl_ok.py for tasks to queue
[2023-08-01 23:21:35,805] {logging_mixin.py:115} INFO - [2023-08-01 23:21:35,805] {dagbag.py:508} INFO - Filling up the DagBag from /opt/airflow/dags/dag_etl_ok.py
[2023-08-01 23:21:36,206] {processor.py:651} INFO - DAG(s) dict_keys(['etl_api_marvel']) retrieved from /opt/airflow/dags/dag_etl_ok.py
[2023-08-01 23:21:36,237] {logging_mixin.py:115} INFO - [2023-08-01 23:21:36,236] {dag.py:2420} INFO - Sync 1 DAGs
[2023-08-01 23:21:36,261] {logging_mixin.py:115} INFO - [2023-08-01 23:21:36,261] {dag.py:2972} INFO - Setting next_dagrun for etl_api_marvel to 2023-08-01T00:00:00+00:00, run_after=2023-08-02T00:00:00+00:00
[2023-08-01 23:21:36,274] {processor.py:161} INFO - Processing /opt/airflow/dags/dag_etl_ok.py took 0.474 seconds
[2023-08-01 23:22:06,352] {processor.py:153} INFO - Started process (PID=5498) to work on /opt/airflow/dags/dag_etl_ok.py
[2023-08-01 23:22:06,353] {processor.py:641} INFO - Processing file /opt/airflow/dags/dag_etl_ok.py for tasks to queue
[2023-08-01 23:22:06,354] {logging_mixin.py:115} INFO - [2023-08-01 23:22:06,354] {dagbag.py:508} INFO - Filling up the DagBag from /opt/airflow/dags/dag_etl_ok.py
[2023-08-01 23:22:06,670] {processor.py:651} INFO - DAG(s) dict_keys(['etl_api_marvel']) retrieved from /opt/airflow/dags/dag_etl_ok.py
[2023-08-01 23:22:06,701] {logging_mixin.py:115} INFO - [2023-08-01 23:22:06,700] {dag.py:2420} INFO - Sync 1 DAGs
[2023-08-01 23:22:06,726] {logging_mixin.py:115} INFO - [2023-08-01 23:22:06,726] {dag.py:2972} INFO - Setting next_dagrun for etl_api_marvel to 2023-08-01T00:00:00+00:00, run_after=2023-08-02T00:00:00+00:00
[2023-08-01 23:22:06,739] {processor.py:161} INFO - Processing /opt/airflow/dags/dag_etl_ok.py took 0.390 seconds
[2023-08-01 23:22:37,548] {processor.py:153} INFO - Started process (PID=5563) to work on /opt/airflow/dags/dag_etl_ok.py
[2023-08-01 23:22:37,548] {processor.py:641} INFO - Processing file /opt/airflow/dags/dag_etl_ok.py for tasks to queue
[2023-08-01 23:22:37,549] {logging_mixin.py:115} INFO - [2023-08-01 23:22:37,549] {dagbag.py:508} INFO - Filling up the DagBag from /opt/airflow/dags/dag_etl_ok.py
[2023-08-01 23:22:37,931] {processor.py:651} INFO - DAG(s) dict_keys(['etl_api_marvel']) retrieved from /opt/airflow/dags/dag_etl_ok.py
[2023-08-01 23:22:37,961] {logging_mixin.py:115} INFO - [2023-08-01 23:22:37,961] {dag.py:2420} INFO - Sync 1 DAGs
[2023-08-01 23:22:37,985] {logging_mixin.py:115} INFO - [2023-08-01 23:22:37,985] {dag.py:2972} INFO - Setting next_dagrun for etl_api_marvel to 2023-08-01T00:00:00+00:00, run_after=2023-08-02T00:00:00+00:00
[2023-08-01 23:22:37,996] {processor.py:161} INFO - Processing /opt/airflow/dags/dag_etl_ok.py took 0.452 seconds
[2023-08-01 23:23:08,485] {processor.py:153} INFO - Started process (PID=5637) to work on /opt/airflow/dags/dag_etl_ok.py
[2023-08-01 23:23:08,492] {processor.py:641} INFO - Processing file /opt/airflow/dags/dag_etl_ok.py for tasks to queue
[2023-08-01 23:23:08,499] {logging_mixin.py:115} INFO - [2023-08-01 23:23:08,493] {dagbag.py:508} INFO - Filling up the DagBag from /opt/airflow/dags/dag_etl_ok.py
[2023-08-01 23:23:09,341] {processor.py:651} INFO - DAG(s) dict_keys(['etl_api_marvel']) retrieved from /opt/airflow/dags/dag_etl_ok.py
[2023-08-01 23:23:09,429] {logging_mixin.py:115} INFO - [2023-08-01 23:23:09,427] {dag.py:2420} INFO - Sync 1 DAGs
[2023-08-01 23:23:09,491] {logging_mixin.py:115} INFO - [2023-08-01 23:23:09,491] {dag.py:2972} INFO - Setting next_dagrun for etl_api_marvel to 2023-08-01T00:00:00+00:00, run_after=2023-08-02T00:00:00+00:00
[2023-08-01 23:23:09,525] {processor.py:161} INFO - Processing /opt/airflow/dags/dag_etl_ok.py took 1.049 seconds
[2023-08-01 23:23:31,690] {processor.py:153} INFO - Started process (PID=5677) to work on /opt/airflow/dags/dag_etl_ok.py
[2023-08-01 23:23:31,691] {processor.py:641} INFO - Processing file /opt/airflow/dags/dag_etl_ok.py for tasks to queue
[2023-08-01 23:23:31,691] {logging_mixin.py:115} INFO - [2023-08-01 23:23:31,691] {dagbag.py:508} INFO - Filling up the DagBag from /opt/airflow/dags/dag_etl_ok.py
[2023-08-01 23:23:32,639] {processor.py:651} INFO - DAG(s) dict_keys(['etl_api_marvel']) retrieved from /opt/airflow/dags/dag_etl_ok.py
[2023-08-01 23:23:32,751] {logging_mixin.py:115} INFO - [2023-08-01 23:23:32,750] {dag.py:2420} INFO - Sync 1 DAGs
[2023-08-01 23:23:32,842] {logging_mixin.py:115} INFO - [2023-08-01 23:23:32,842] {dag.py:2972} INFO - Setting next_dagrun for etl_api_marvel to 2023-08-01T00:00:00+00:00, run_after=2023-08-02T00:00:00+00:00
[2023-08-01 23:23:32,914] {processor.py:161} INFO - Processing /opt/airflow/dags/dag_etl_ok.py took 1.229 seconds
[2023-08-01 23:24:03,193] {processor.py:153} INFO - Started process (PID=5752) to work on /opt/airflow/dags/dag_etl_ok.py
[2023-08-01 23:24:03,193] {processor.py:641} INFO - Processing file /opt/airflow/dags/dag_etl_ok.py for tasks to queue
[2023-08-01 23:24:03,194] {logging_mixin.py:115} INFO - [2023-08-01 23:24:03,194] {dagbag.py:508} INFO - Filling up the DagBag from /opt/airflow/dags/dag_etl_ok.py
[2023-08-01 23:24:03,649] {processor.py:651} INFO - DAG(s) dict_keys(['etl_api_marvel']) retrieved from /opt/airflow/dags/dag_etl_ok.py
[2023-08-01 23:24:03,683] {logging_mixin.py:115} INFO - [2023-08-01 23:24:03,683] {dag.py:2420} INFO - Sync 1 DAGs
[2023-08-01 23:24:03,713] {logging_mixin.py:115} INFO - [2023-08-01 23:24:03,712] {dag.py:2972} INFO - Setting next_dagrun for etl_api_marvel to 2023-08-01T00:00:00+00:00, run_after=2023-08-02T00:00:00+00:00
[2023-08-01 23:24:03,726] {processor.py:161} INFO - Processing /opt/airflow/dags/dag_etl_ok.py took 0.538 seconds
[2023-08-01 23:24:33,910] {processor.py:153} INFO - Started process (PID=5816) to work on /opt/airflow/dags/dag_etl_ok.py
[2023-08-01 23:24:33,912] {processor.py:641} INFO - Processing file /opt/airflow/dags/dag_etl_ok.py for tasks to queue
[2023-08-01 23:24:33,913] {logging_mixin.py:115} INFO - [2023-08-01 23:24:33,913] {dagbag.py:508} INFO - Filling up the DagBag from /opt/airflow/dags/dag_etl_ok.py
[2023-08-01 23:24:34,364] {processor.py:651} INFO - DAG(s) dict_keys(['etl_api_marvel']) retrieved from /opt/airflow/dags/dag_etl_ok.py
[2023-08-01 23:24:34,426] {logging_mixin.py:115} INFO - [2023-08-01 23:24:34,425] {dag.py:2420} INFO - Sync 1 DAGs
[2023-08-01 23:24:34,466] {logging_mixin.py:115} INFO - [2023-08-01 23:24:34,466] {dag.py:2972} INFO - Setting next_dagrun for etl_api_marvel to 2023-08-01T00:00:00+00:00, run_after=2023-08-02T00:00:00+00:00
[2023-08-01 23:24:34,484] {processor.py:161} INFO - Processing /opt/airflow/dags/dag_etl_ok.py took 0.578 seconds
[2023-08-01 23:25:04,824] {processor.py:153} INFO - Started process (PID=5881) to work on /opt/airflow/dags/dag_etl_ok.py
[2023-08-01 23:25:04,824] {processor.py:641} INFO - Processing file /opt/airflow/dags/dag_etl_ok.py for tasks to queue
[2023-08-01 23:25:04,825] {logging_mixin.py:115} INFO - [2023-08-01 23:25:04,825] {dagbag.py:508} INFO - Filling up the DagBag from /opt/airflow/dags/dag_etl_ok.py
[2023-08-01 23:25:05,527] {processor.py:651} INFO - DAG(s) dict_keys(['etl_api_marvel']) retrieved from /opt/airflow/dags/dag_etl_ok.py
[2023-08-01 23:25:05,601] {logging_mixin.py:115} INFO - [2023-08-01 23:25:05,599] {dag.py:2420} INFO - Sync 1 DAGs
[2023-08-01 23:25:05,666] {logging_mixin.py:115} INFO - [2023-08-01 23:25:05,666] {dag.py:2972} INFO - Setting next_dagrun for etl_api_marvel to 2023-08-01T00:00:00+00:00, run_after=2023-08-02T00:00:00+00:00
[2023-08-01 23:25:05,695] {processor.py:161} INFO - Processing /opt/airflow/dags/dag_etl_ok.py took 0.876 seconds
[2023-08-01 23:25:36,092] {processor.py:153} INFO - Started process (PID=5956) to work on /opt/airflow/dags/dag_etl_ok.py
[2023-08-01 23:25:36,093] {processor.py:641} INFO - Processing file /opt/airflow/dags/dag_etl_ok.py for tasks to queue
[2023-08-01 23:25:36,094] {logging_mixin.py:115} INFO - [2023-08-01 23:25:36,094] {dagbag.py:508} INFO - Filling up the DagBag from /opt/airflow/dags/dag_etl_ok.py
[2023-08-01 23:25:36,521] {processor.py:651} INFO - DAG(s) dict_keys(['etl_api_marvel']) retrieved from /opt/airflow/dags/dag_etl_ok.py
[2023-08-01 23:25:36,560] {logging_mixin.py:115} INFO - [2023-08-01 23:25:36,559] {dag.py:2420} INFO - Sync 1 DAGs
[2023-08-01 23:25:36,592] {logging_mixin.py:115} INFO - [2023-08-01 23:25:36,592] {dag.py:2972} INFO - Setting next_dagrun for etl_api_marvel to 2023-08-01T00:00:00+00:00, run_after=2023-08-02T00:00:00+00:00
[2023-08-01 23:25:36,606] {processor.py:161} INFO - Processing /opt/airflow/dags/dag_etl_ok.py took 0.518 seconds
[2023-08-01 23:26:06,724] {processor.py:153} INFO - Started process (PID=6022) to work on /opt/airflow/dags/dag_etl_ok.py
[2023-08-01 23:26:06,725] {processor.py:641} INFO - Processing file /opt/airflow/dags/dag_etl_ok.py for tasks to queue
[2023-08-01 23:26:06,725] {logging_mixin.py:115} INFO - [2023-08-01 23:26:06,725] {dagbag.py:508} INFO - Filling up the DagBag from /opt/airflow/dags/dag_etl_ok.py
[2023-08-01 23:26:07,217] {processor.py:651} INFO - DAG(s) dict_keys(['etl_api_marvel']) retrieved from /opt/airflow/dags/dag_etl_ok.py
[2023-08-01 23:26:07,255] {logging_mixin.py:115} INFO - [2023-08-01 23:26:07,254] {dag.py:2420} INFO - Sync 1 DAGs
[2023-08-01 23:26:07,287] {logging_mixin.py:115} INFO - [2023-08-01 23:26:07,287] {dag.py:2972} INFO - Setting next_dagrun for etl_api_marvel to 2023-08-01T00:00:00+00:00, run_after=2023-08-02T00:00:00+00:00
[2023-08-01 23:26:07,301] {processor.py:161} INFO - Processing /opt/airflow/dags/dag_etl_ok.py took 0.581 seconds
[2023-08-01 23:26:37,440] {processor.py:153} INFO - Started process (PID=6099) to work on /opt/airflow/dags/dag_etl_ok.py
[2023-08-01 23:26:37,441] {processor.py:641} INFO - Processing file /opt/airflow/dags/dag_etl_ok.py for tasks to queue
[2023-08-01 23:26:37,442] {logging_mixin.py:115} INFO - [2023-08-01 23:26:37,442] {dagbag.py:508} INFO - Filling up the DagBag from /opt/airflow/dags/dag_etl_ok.py
[2023-08-01 23:26:37,816] {processor.py:651} INFO - DAG(s) dict_keys(['etl_api_marvel']) retrieved from /opt/airflow/dags/dag_etl_ok.py
[2023-08-01 23:26:37,851] {logging_mixin.py:115} INFO - [2023-08-01 23:26:37,850] {dag.py:2420} INFO - Sync 1 DAGs
[2023-08-01 23:26:37,878] {logging_mixin.py:115} INFO - [2023-08-01 23:26:37,878] {dag.py:2972} INFO - Setting next_dagrun for etl_api_marvel to 2023-08-01T00:00:00+00:00, run_after=2023-08-02T00:00:00+00:00
[2023-08-01 23:26:37,892] {processor.py:161} INFO - Processing /opt/airflow/dags/dag_etl_ok.py took 0.459 seconds
[2023-08-01 23:27:08,743] {processor.py:153} INFO - Started process (PID=6164) to work on /opt/airflow/dags/dag_etl_ok.py
[2023-08-01 23:27:08,743] {processor.py:641} INFO - Processing file /opt/airflow/dags/dag_etl_ok.py for tasks to queue
[2023-08-01 23:27:08,744] {logging_mixin.py:115} INFO - [2023-08-01 23:27:08,744] {dagbag.py:508} INFO - Filling up the DagBag from /opt/airflow/dags/dag_etl_ok.py
[2023-08-01 23:27:09,079] {processor.py:651} INFO - DAG(s) dict_keys(['etl_api_marvel']) retrieved from /opt/airflow/dags/dag_etl_ok.py
[2023-08-01 23:27:09,116] {logging_mixin.py:115} INFO - [2023-08-01 23:27:09,115] {dag.py:2420} INFO - Sync 1 DAGs
[2023-08-01 23:27:09,147] {logging_mixin.py:115} INFO - [2023-08-01 23:27:09,147] {dag.py:2972} INFO - Setting next_dagrun for etl_api_marvel to 2023-08-01T00:00:00+00:00, run_after=2023-08-02T00:00:00+00:00
[2023-08-01 23:27:09,161] {processor.py:161} INFO - Processing /opt/airflow/dags/dag_etl_ok.py took 0.422 seconds
[2023-08-01 23:27:39,629] {processor.py:153} INFO - Started process (PID=6238) to work on /opt/airflow/dags/dag_etl_ok.py
[2023-08-01 23:27:39,631] {processor.py:641} INFO - Processing file /opt/airflow/dags/dag_etl_ok.py for tasks to queue
[2023-08-01 23:27:39,631] {logging_mixin.py:115} INFO - [2023-08-01 23:27:39,631] {dagbag.py:508} INFO - Filling up the DagBag from /opt/airflow/dags/dag_etl_ok.py
[2023-08-01 23:27:40,225] {processor.py:651} INFO - DAG(s) dict_keys(['etl_api_marvel']) retrieved from /opt/airflow/dags/dag_etl_ok.py
[2023-08-01 23:27:40,288] {logging_mixin.py:115} INFO - [2023-08-01 23:27:40,286] {dag.py:2420} INFO - Sync 1 DAGs
[2023-08-01 23:27:40,336] {logging_mixin.py:115} INFO - [2023-08-01 23:27:40,336] {dag.py:2972} INFO - Setting next_dagrun for etl_api_marvel to 2023-08-01T00:00:00+00:00, run_after=2023-08-02T00:00:00+00:00
[2023-08-01 23:27:40,358] {processor.py:161} INFO - Processing /opt/airflow/dags/dag_etl_ok.py took 0.735 seconds
[2023-08-01 23:28:10,443] {processor.py:153} INFO - Started process (PID=6303) to work on /opt/airflow/dags/dag_etl_ok.py
[2023-08-01 23:28:10,443] {processor.py:641} INFO - Processing file /opt/airflow/dags/dag_etl_ok.py for tasks to queue
[2023-08-01 23:28:10,444] {logging_mixin.py:115} INFO - [2023-08-01 23:28:10,444] {dagbag.py:508} INFO - Filling up the DagBag from /opt/airflow/dags/dag_etl_ok.py
[2023-08-01 23:28:10,778] {processor.py:651} INFO - DAG(s) dict_keys(['etl_api_marvel']) retrieved from /opt/airflow/dags/dag_etl_ok.py
[2023-08-01 23:28:10,812] {logging_mixin.py:115} INFO - [2023-08-01 23:28:10,811] {dag.py:2420} INFO - Sync 1 DAGs
[2023-08-01 23:28:10,839] {logging_mixin.py:115} INFO - [2023-08-01 23:28:10,839] {dag.py:2972} INFO - Setting next_dagrun for etl_api_marvel to 2023-08-01T00:00:00+00:00, run_after=2023-08-02T00:00:00+00:00
[2023-08-01 23:28:10,852] {processor.py:161} INFO - Processing /opt/airflow/dags/dag_etl_ok.py took 0.412 seconds
[2023-08-01 23:28:40,950] {processor.py:153} INFO - Started process (PID=6377) to work on /opt/airflow/dags/dag_etl_ok.py
[2023-08-01 23:28:40,951] {processor.py:641} INFO - Processing file /opt/airflow/dags/dag_etl_ok.py for tasks to queue
[2023-08-01 23:28:40,952] {logging_mixin.py:115} INFO - [2023-08-01 23:28:40,951] {dagbag.py:508} INFO - Filling up the DagBag from /opt/airflow/dags/dag_etl_ok.py
[2023-08-01 23:28:41,355] {processor.py:651} INFO - DAG(s) dict_keys(['etl_api_marvel']) retrieved from /opt/airflow/dags/dag_etl_ok.py
[2023-08-01 23:28:41,398] {logging_mixin.py:115} INFO - [2023-08-01 23:28:41,397] {dag.py:2420} INFO - Sync 1 DAGs
[2023-08-01 23:28:41,428] {logging_mixin.py:115} INFO - [2023-08-01 23:28:41,427] {dag.py:2972} INFO - Setting next_dagrun for etl_api_marvel to 2023-08-01T00:00:00+00:00, run_after=2023-08-02T00:00:00+00:00
[2023-08-01 23:28:41,443] {processor.py:161} INFO - Processing /opt/airflow/dags/dag_etl_ok.py took 0.497 seconds
[2023-08-01 23:29:11,575] {processor.py:153} INFO - Started process (PID=6444) to work on /opt/airflow/dags/dag_etl_ok.py
[2023-08-01 23:29:11,575] {processor.py:641} INFO - Processing file /opt/airflow/dags/dag_etl_ok.py for tasks to queue
[2023-08-01 23:29:11,576] {logging_mixin.py:115} INFO - [2023-08-01 23:29:11,576] {dagbag.py:508} INFO - Filling up the DagBag from /opt/airflow/dags/dag_etl_ok.py
[2023-08-01 23:29:11,984] {processor.py:651} INFO - DAG(s) dict_keys(['etl_api_marvel']) retrieved from /opt/airflow/dags/dag_etl_ok.py
[2023-08-01 23:29:12,036] {logging_mixin.py:115} INFO - [2023-08-01 23:29:12,035] {dag.py:2420} INFO - Sync 1 DAGs
[2023-08-01 23:29:12,077] {logging_mixin.py:115} INFO - [2023-08-01 23:29:12,077] {dag.py:2972} INFO - Setting next_dagrun for etl_api_marvel to 2023-08-01T00:00:00+00:00, run_after=2023-08-02T00:00:00+00:00
[2023-08-01 23:29:12,095] {processor.py:161} INFO - Processing /opt/airflow/dags/dag_etl_ok.py took 0.525 seconds
[2023-08-01 23:29:42,269] {processor.py:153} INFO - Started process (PID=6517) to work on /opt/airflow/dags/dag_etl_ok.py
[2023-08-01 23:29:42,270] {processor.py:641} INFO - Processing file /opt/airflow/dags/dag_etl_ok.py for tasks to queue
[2023-08-01 23:29:42,271] {logging_mixin.py:115} INFO - [2023-08-01 23:29:42,270] {dagbag.py:508} INFO - Filling up the DagBag from /opt/airflow/dags/dag_etl_ok.py
[2023-08-01 23:29:42,691] {processor.py:651} INFO - DAG(s) dict_keys(['etl_api_marvel']) retrieved from /opt/airflow/dags/dag_etl_ok.py
[2023-08-01 23:29:42,743] {logging_mixin.py:115} INFO - [2023-08-01 23:29:42,742] {dag.py:2420} INFO - Sync 1 DAGs
[2023-08-01 23:29:42,792] {logging_mixin.py:115} INFO - [2023-08-01 23:29:42,792] {dag.py:2972} INFO - Setting next_dagrun for etl_api_marvel to 2023-08-01T00:00:00+00:00, run_after=2023-08-02T00:00:00+00:00
[2023-08-01 23:29:42,816] {processor.py:161} INFO - Processing /opt/airflow/dags/dag_etl_ok.py took 0.553 seconds
[2023-08-01 23:30:13,306] {processor.py:153} INFO - Started process (PID=6581) to work on /opt/airflow/dags/dag_etl_ok.py
[2023-08-01 23:30:13,307] {processor.py:641} INFO - Processing file /opt/airflow/dags/dag_etl_ok.py for tasks to queue
[2023-08-01 23:30:13,307] {logging_mixin.py:115} INFO - [2023-08-01 23:30:13,307] {dagbag.py:508} INFO - Filling up the DagBag from /opt/airflow/dags/dag_etl_ok.py
[2023-08-01 23:30:13,732] {processor.py:651} INFO - DAG(s) dict_keys(['etl_api_marvel']) retrieved from /opt/airflow/dags/dag_etl_ok.py
[2023-08-01 23:30:13,773] {logging_mixin.py:115} INFO - [2023-08-01 23:30:13,773] {dag.py:2420} INFO - Sync 1 DAGs
[2023-08-01 23:30:13,808] {logging_mixin.py:115} INFO - [2023-08-01 23:30:13,808] {dag.py:2972} INFO - Setting next_dagrun for etl_api_marvel to 2023-08-01T00:00:00+00:00, run_after=2023-08-02T00:00:00+00:00
[2023-08-01 23:30:13,824] {processor.py:161} INFO - Processing /opt/airflow/dags/dag_etl_ok.py took 0.523 seconds
[2023-08-01 23:30:43,912] {processor.py:153} INFO - Started process (PID=6648) to work on /opt/airflow/dags/dag_etl_ok.py
[2023-08-01 23:30:43,913] {processor.py:641} INFO - Processing file /opt/airflow/dags/dag_etl_ok.py for tasks to queue
[2023-08-01 23:30:43,913] {logging_mixin.py:115} INFO - [2023-08-01 23:30:43,913] {dagbag.py:508} INFO - Filling up the DagBag from /opt/airflow/dags/dag_etl_ok.py
[2023-08-01 23:30:44,336] {processor.py:651} INFO - DAG(s) dict_keys(['etl_api_marvel']) retrieved from /opt/airflow/dags/dag_etl_ok.py
[2023-08-01 23:30:44,375] {logging_mixin.py:115} INFO - [2023-08-01 23:30:44,374] {dag.py:2420} INFO - Sync 1 DAGs
[2023-08-01 23:30:44,412] {logging_mixin.py:115} INFO - [2023-08-01 23:30:44,412] {dag.py:2972} INFO - Setting next_dagrun for etl_api_marvel to 2023-08-01T00:00:00+00:00, run_after=2023-08-02T00:00:00+00:00
[2023-08-01 23:30:44,455] {processor.py:161} INFO - Processing /opt/airflow/dags/dag_etl_ok.py took 0.547 seconds
[2023-08-01 23:31:14,608] {processor.py:153} INFO - Started process (PID=6723) to work on /opt/airflow/dags/dag_etl_ok.py
[2023-08-01 23:31:14,609] {processor.py:641} INFO - Processing file /opt/airflow/dags/dag_etl_ok.py for tasks to queue
[2023-08-01 23:31:14,610] {logging_mixin.py:115} INFO - [2023-08-01 23:31:14,609] {dagbag.py:508} INFO - Filling up the DagBag from /opt/airflow/dags/dag_etl_ok.py
[2023-08-01 23:31:15,530] {processor.py:651} INFO - DAG(s) dict_keys(['etl_api_marvel']) retrieved from /opt/airflow/dags/dag_etl_ok.py
[2023-08-01 23:31:15,621] {logging_mixin.py:115} INFO - [2023-08-01 23:31:15,620] {dag.py:2420} INFO - Sync 1 DAGs
[2023-08-01 23:31:15,673] {logging_mixin.py:115} INFO - [2023-08-01 23:31:15,672] {dag.py:2972} INFO - Setting next_dagrun for etl_api_marvel to 2023-08-01T00:00:00+00:00, run_after=2023-08-02T00:00:00+00:00
[2023-08-01 23:31:15,693] {processor.py:161} INFO - Processing /opt/airflow/dags/dag_etl_ok.py took 1.094 seconds
[2023-08-01 23:31:46,408] {processor.py:153} INFO - Started process (PID=6792) to work on /opt/airflow/dags/dag_etl_ok.py
[2023-08-01 23:31:46,409] {processor.py:641} INFO - Processing file /opt/airflow/dags/dag_etl_ok.py for tasks to queue
[2023-08-01 23:31:46,410] {logging_mixin.py:115} INFO - [2023-08-01 23:31:46,410] {dagbag.py:508} INFO - Filling up the DagBag from /opt/airflow/dags/dag_etl_ok.py
[2023-08-01 23:31:46,883] {processor.py:651} INFO - DAG(s) dict_keys(['etl_api_marvel']) retrieved from /opt/airflow/dags/dag_etl_ok.py
[2023-08-01 23:31:46,933] {logging_mixin.py:115} INFO - [2023-08-01 23:31:46,932] {dag.py:2420} INFO - Sync 1 DAGs
[2023-08-01 23:31:46,962] {logging_mixin.py:115} INFO - [2023-08-01 23:31:46,962] {dag.py:2972} INFO - Setting next_dagrun for etl_api_marvel to 2023-08-01T00:00:00+00:00, run_after=2023-08-02T00:00:00+00:00
[2023-08-01 23:31:46,976] {processor.py:161} INFO - Processing /opt/airflow/dags/dag_etl_ok.py took 0.572 seconds
[2023-08-01 23:32:17,151] {processor.py:153} INFO - Started process (PID=6864) to work on /opt/airflow/dags/dag_etl_ok.py
[2023-08-01 23:32:17,154] {processor.py:641} INFO - Processing file /opt/airflow/dags/dag_etl_ok.py for tasks to queue
[2023-08-01 23:32:17,155] {logging_mixin.py:115} INFO - [2023-08-01 23:32:17,155] {dagbag.py:508} INFO - Filling up the DagBag from /opt/airflow/dags/dag_etl_ok.py
[2023-08-01 23:32:17,714] {processor.py:651} INFO - DAG(s) dict_keys(['etl_api_marvel']) retrieved from /opt/airflow/dags/dag_etl_ok.py
[2023-08-01 23:32:17,763] {logging_mixin.py:115} INFO - [2023-08-01 23:32:17,762] {dag.py:2420} INFO - Sync 1 DAGs
[2023-08-01 23:32:17,813] {logging_mixin.py:115} INFO - [2023-08-01 23:32:17,813] {dag.py:2972} INFO - Setting next_dagrun for etl_api_marvel to 2023-08-01T00:00:00+00:00, run_after=2023-08-02T00:00:00+00:00
[2023-08-01 23:32:17,833] {processor.py:161} INFO - Processing /opt/airflow/dags/dag_etl_ok.py took 0.687 seconds
[2023-08-01 23:32:48,531] {processor.py:153} INFO - Started process (PID=6934) to work on /opt/airflow/dags/dag_etl_ok.py
[2023-08-01 23:32:48,532] {processor.py:641} INFO - Processing file /opt/airflow/dags/dag_etl_ok.py for tasks to queue
[2023-08-01 23:32:48,533] {logging_mixin.py:115} INFO - [2023-08-01 23:32:48,532] {dagbag.py:508} INFO - Filling up the DagBag from /opt/airflow/dags/dag_etl_ok.py
[2023-08-01 23:32:48,957] {processor.py:651} INFO - DAG(s) dict_keys(['etl_api_marvel']) retrieved from /opt/airflow/dags/dag_etl_ok.py
[2023-08-01 23:32:49,019] {logging_mixin.py:115} INFO - [2023-08-01 23:32:49,017] {dag.py:2420} INFO - Sync 1 DAGs
[2023-08-01 23:32:49,059] {logging_mixin.py:115} INFO - [2023-08-01 23:32:49,058] {dag.py:2972} INFO - Setting next_dagrun for etl_api_marvel to 2023-08-01T00:00:00+00:00, run_after=2023-08-02T00:00:00+00:00
[2023-08-01 23:32:49,076] {processor.py:161} INFO - Processing /opt/airflow/dags/dag_etl_ok.py took 0.551 seconds
[2023-08-01 23:33:19,142] {processor.py:153} INFO - Started process (PID=7008) to work on /opt/airflow/dags/dag_etl_ok.py
[2023-08-01 23:33:19,143] {processor.py:641} INFO - Processing file /opt/airflow/dags/dag_etl_ok.py for tasks to queue
[2023-08-01 23:33:19,143] {logging_mixin.py:115} INFO - [2023-08-01 23:33:19,143] {dagbag.py:508} INFO - Filling up the DagBag from /opt/airflow/dags/dag_etl_ok.py
[2023-08-01 23:33:19,513] {processor.py:651} INFO - DAG(s) dict_keys(['etl_api_marvel']) retrieved from /opt/airflow/dags/dag_etl_ok.py
[2023-08-01 23:33:19,604] {logging_mixin.py:115} INFO - [2023-08-01 23:33:19,603] {dag.py:2420} INFO - Sync 1 DAGs
[2023-08-01 23:33:19,664] {logging_mixin.py:115} INFO - [2023-08-01 23:33:19,664] {dag.py:2972} INFO - Setting next_dagrun for etl_api_marvel to 2023-08-01T00:00:00+00:00, run_after=2023-08-02T00:00:00+00:00
[2023-08-01 23:33:19,699] {processor.py:161} INFO - Processing /opt/airflow/dags/dag_etl_ok.py took 0.562 seconds
[2023-08-01 23:33:50,458] {processor.py:153} INFO - Started process (PID=7073) to work on /opt/airflow/dags/dag_etl_ok.py
[2023-08-01 23:33:50,459] {processor.py:641} INFO - Processing file /opt/airflow/dags/dag_etl_ok.py for tasks to queue
[2023-08-01 23:33:50,460] {logging_mixin.py:115} INFO - [2023-08-01 23:33:50,459] {dagbag.py:508} INFO - Filling up the DagBag from /opt/airflow/dags/dag_etl_ok.py
[2023-08-01 23:33:50,847] {processor.py:651} INFO - DAG(s) dict_keys(['etl_api_marvel']) retrieved from /opt/airflow/dags/dag_etl_ok.py
[2023-08-01 23:33:50,886] {logging_mixin.py:115} INFO - [2023-08-01 23:33:50,885] {dag.py:2420} INFO - Sync 1 DAGs
[2023-08-01 23:33:50,917] {logging_mixin.py:115} INFO - [2023-08-01 23:33:50,917] {dag.py:2972} INFO - Setting next_dagrun for etl_api_marvel to 2023-08-01T00:00:00+00:00, run_after=2023-08-02T00:00:00+00:00
[2023-08-01 23:33:50,931] {processor.py:161} INFO - Processing /opt/airflow/dags/dag_etl_ok.py took 0.477 seconds
[2023-08-01 23:34:21,186] {processor.py:153} INFO - Started process (PID=7146) to work on /opt/airflow/dags/dag_etl_ok.py
[2023-08-01 23:34:21,187] {processor.py:641} INFO - Processing file /opt/airflow/dags/dag_etl_ok.py for tasks to queue
[2023-08-01 23:34:21,188] {logging_mixin.py:115} INFO - [2023-08-01 23:34:21,187] {dagbag.py:508} INFO - Filling up the DagBag from /opt/airflow/dags/dag_etl_ok.py
[2023-08-01 23:34:21,672] {processor.py:651} INFO - DAG(s) dict_keys(['etl_api_marvel']) retrieved from /opt/airflow/dags/dag_etl_ok.py
[2023-08-01 23:34:21,788] {logging_mixin.py:115} INFO - [2023-08-01 23:34:21,787] {dag.py:2420} INFO - Sync 1 DAGs
[2023-08-01 23:34:21,884] {logging_mixin.py:115} INFO - [2023-08-01 23:34:21,884] {dag.py:2972} INFO - Setting next_dagrun for etl_api_marvel to 2023-08-01T00:00:00+00:00, run_after=2023-08-02T00:00:00+00:00
[2023-08-01 23:34:21,906] {processor.py:161} INFO - Processing /opt/airflow/dags/dag_etl_ok.py took 0.724 seconds
[2023-08-01 23:34:52,733] {processor.py:153} INFO - Started process (PID=7213) to work on /opt/airflow/dags/dag_etl_ok.py
[2023-08-01 23:34:52,734] {processor.py:641} INFO - Processing file /opt/airflow/dags/dag_etl_ok.py for tasks to queue
[2023-08-01 23:34:52,735] {logging_mixin.py:115} INFO - [2023-08-01 23:34:52,735] {dagbag.py:508} INFO - Filling up the DagBag from /opt/airflow/dags/dag_etl_ok.py
[2023-08-01 23:34:53,061] {processor.py:651} INFO - DAG(s) dict_keys(['etl_api_marvel']) retrieved from /opt/airflow/dags/dag_etl_ok.py
[2023-08-01 23:34:53,090] {logging_mixin.py:115} INFO - [2023-08-01 23:34:53,089] {dag.py:2420} INFO - Sync 1 DAGs
[2023-08-01 23:34:53,115] {logging_mixin.py:115} INFO - [2023-08-01 23:34:53,114] {dag.py:2972} INFO - Setting next_dagrun for etl_api_marvel to 2023-08-01T00:00:00+00:00, run_after=2023-08-02T00:00:00+00:00
[2023-08-01 23:34:53,132] {processor.py:161} INFO - Processing /opt/airflow/dags/dag_etl_ok.py took 0.402 seconds
[2023-08-01 23:35:23,291] {processor.py:153} INFO - Started process (PID=7286) to work on /opt/airflow/dags/dag_etl_ok.py
[2023-08-01 23:35:23,292] {processor.py:641} INFO - Processing file /opt/airflow/dags/dag_etl_ok.py for tasks to queue
[2023-08-01 23:35:23,292] {logging_mixin.py:115} INFO - [2023-08-01 23:35:23,292] {dagbag.py:508} INFO - Filling up the DagBag from /opt/airflow/dags/dag_etl_ok.py
[2023-08-01 23:35:23,959] {processor.py:651} INFO - DAG(s) dict_keys(['etl_api_marvel']) retrieved from /opt/airflow/dags/dag_etl_ok.py
[2023-08-01 23:35:24,020] {logging_mixin.py:115} INFO - [2023-08-01 23:35:24,018] {dag.py:2420} INFO - Sync 1 DAGs
[2023-08-01 23:35:24,069] {logging_mixin.py:115} INFO - [2023-08-01 23:35:24,069] {dag.py:2972} INFO - Setting next_dagrun for etl_api_marvel to 2023-08-01T00:00:00+00:00, run_after=2023-08-02T00:00:00+00:00
[2023-08-01 23:35:24,096] {processor.py:161} INFO - Processing /opt/airflow/dags/dag_etl_ok.py took 0.811 seconds
