[2023-07-13 21:08:37,806] {taskinstance.py:1179} INFO - Dependencies all met for <TaskInstance: mi_primer_dag_v3.primera_tarea scheduled__2022-10-15T00:00:00+00:00 [queued]>
[2023-07-13 21:08:38,226] {taskinstance.py:1179} INFO - Dependencies all met for <TaskInstance: mi_primer_dag_v3.primera_tarea scheduled__2022-10-15T00:00:00+00:00 [queued]>
[2023-07-13 21:08:38,226] {taskinstance.py:1376} INFO - 
--------------------------------------------------------------------------------
[2023-07-13 21:08:38,226] {taskinstance.py:1377} INFO - Starting attempt 1 of 6
[2023-07-13 21:08:38,226] {taskinstance.py:1378} INFO - 
--------------------------------------------------------------------------------
[2023-07-13 21:08:38,779] {taskinstance.py:1397} INFO - Executing <Task(BashOperator): primera_tarea> on 2022-10-15 00:00:00+00:00
[2023-07-13 21:08:38,802] {standard_task_runner.py:52} INFO - Started process 1370 to run task
[2023-07-13 21:08:38,874] {standard_task_runner.py:79} INFO - Running: ['***', 'tasks', 'run', 'mi_primer_dag_v3', 'primera_tarea', 'scheduled__2022-10-15T00:00:00+00:00', '--job-id', '221', '--raw', '--subdir', 'DAGS_FOLDER/primer_dag_v3.py', '--cfg-path', '/tmp/tmpq9sus0ao', '--error-file', '/tmp/tmpcd3incsz']
[2023-07-13 21:08:38,875] {standard_task_runner.py:80} INFO - Job 221: Subtask primera_tarea
[2023-07-13 21:08:40,317] {task_command.py:371} INFO - Running <TaskInstance: mi_primer_dag_v3.primera_tarea scheduled__2022-10-15T00:00:00+00:00 [running]> on host 7a1b6d75866e
[2023-07-13 21:08:42,184] {taskinstance.py:1591} INFO - Exporting the following env vars:
AIRFLOW_CTX_DAG_OWNER=Ari Feldman
AIRFLOW_CTX_DAG_ID=mi_primer_dag_v3
AIRFLOW_CTX_TASK_ID=primera_tarea
AIRFLOW_CTX_EXECUTION_DATE=2022-10-15T00:00:00+00:00
AIRFLOW_CTX_TRY_NUMBER=1
AIRFLOW_CTX_DAG_RUN_ID=scheduled__2022-10-15T00:00:00+00:00
[2023-07-13 21:08:42,186] {subprocess.py:62} INFO - Tmp dir root location: 
 /tmp
[2023-07-13 21:08:42,187] {subprocess.py:74} INFO - Running command: ['bash', '-c', 'echo hola mundo, esta es nuestra primera tarea!']
[2023-07-13 21:08:42,309] {subprocess.py:85} INFO - Output:
[2023-07-13 21:08:42,342] {subprocess.py:92} INFO - hola mundo, esta es nuestra primera tarea!
[2023-07-13 21:08:42,346] {subprocess.py:96} INFO - Command exited with return code 0
[2023-07-13 21:08:43,513] {taskinstance.py:1420} INFO - Marking task as SUCCESS. dag_id=mi_primer_dag_v3, task_id=primera_tarea, execution_date=20221015T000000, start_date=20230713T210837, end_date=20230713T210843
[2023-07-13 21:08:44,778] {local_task_job.py:156} INFO - Task exited with return code 0
[2023-07-13 21:08:45,388] {local_task_job.py:273} INFO - 0 downstream tasks scheduled from follow-on schedule check
