[2023-08-01 22:44:28,220] {taskinstance.py:1179} INFO - Dependencies all met for <TaskInstance: etl_api_marvel.extract manual__2023-08-01T22:44:26.564706+00:00 [queued]>
[2023-08-01 22:44:28,238] {taskinstance.py:1179} INFO - Dependencies all met for <TaskInstance: etl_api_marvel.extract manual__2023-08-01T22:44:26.564706+00:00 [queued]>
[2023-08-01 22:44:28,238] {taskinstance.py:1376} INFO - 
--------------------------------------------------------------------------------
[2023-08-01 22:44:28,238] {taskinstance.py:1377} INFO - Starting attempt 1 of 2
[2023-08-01 22:44:28,239] {taskinstance.py:1378} INFO - 
--------------------------------------------------------------------------------
[2023-08-01 22:44:28,263] {taskinstance.py:1397} INFO - Executing <Task(PythonOperator): extract> on 2023-08-01 22:44:26.564706+00:00
[2023-08-01 22:44:28,273] {standard_task_runner.py:52} INFO - Started process 186 to run task
[2023-08-01 22:44:28,276] {standard_task_runner.py:79} INFO - Running: ['***', 'tasks', 'run', 'etl_api_marvel', 'extract', 'manual__2023-08-01T22:44:26.564706+00:00', '--job-id', '1239', '--raw', '--subdir', 'DAGS_FOLDER/dag_etl_multiple_tasks_failure.py', '--cfg-path', '/tmp/tmpsidzx6y0', '--error-file', '/tmp/tmpvohkxtfj']
[2023-08-01 22:44:28,277] {standard_task_runner.py:80} INFO - Job 1239: Subtask extract
[2023-08-01 22:44:28,379] {task_command.py:371} INFO - Running <TaskInstance: etl_api_marvel.extract manual__2023-08-01T22:44:26.564706+00:00 [running]> on host 24cbf2f01ed0
[2023-08-01 22:44:28,490] {taskinstance.py:1591} INFO - Exporting the following env vars:
AIRFLOW_CTX_DAG_EMAIL=arielmfeldman.af@gmail.com
AIRFLOW_CTX_DAG_OWNER=Ariel Feldman
AIRFLOW_CTX_DAG_ID=etl_api_marvel
AIRFLOW_CTX_TASK_ID=extract
AIRFLOW_CTX_EXECUTION_DATE=2023-08-01T22:44:26.564706+00:00
AIRFLOW_CTX_TRY_NUMBER=1
AIRFLOW_CTX_DAG_RUN_ID=manual__2023-08-01T22:44:26.564706+00:00
[2023-08-01 22:44:29,550] {python.py:173} INFO - Done. Returned value was: None
[2023-08-01 22:44:29,575] {taskinstance.py:1420} INFO - Marking task as SUCCESS. dag_id=etl_api_marvel, task_id=extract, execution_date=20230801T224426, start_date=20230801T224428, end_date=20230801T224429
[2023-08-01 22:44:29,612] {local_task_job.py:156} INFO - Task exited with return code 0
[2023-08-01 22:44:29,651] {logging_mixin.py:115} INFO - conf
[2023-08-01 22:44:29,651] {logging_mixin.py:115} INFO - dag
[2023-08-01 22:44:29,652] {logging_mixin.py:115} INFO - dag_run
[2023-08-01 22:44:29,652] {logging_mixin.py:115} INFO - data_interval_end
[2023-08-01 22:44:29,652] {logging_mixin.py:115} INFO - data_interval_start
[2023-08-01 22:44:29,652] {logging_mixin.py:115} INFO - ds
[2023-08-01 22:44:29,652] {logging_mixin.py:115} INFO - ds_nodash
[2023-08-01 22:44:29,652] {logging_mixin.py:115} INFO - execution_date
[2023-08-01 22:44:29,653] {logging_mixin.py:115} INFO - inlets
[2023-08-01 22:44:29,653] {logging_mixin.py:115} INFO - logical_date
[2023-08-01 22:44:29,653] {logging_mixin.py:115} INFO - macros
[2023-08-01 22:44:29,653] {logging_mixin.py:115} INFO - next_ds
[2023-08-01 22:44:29,653] {logging_mixin.py:115} INFO - next_ds_nodash
[2023-08-01 22:44:29,653] {logging_mixin.py:115} INFO - next_execution_date
[2023-08-01 22:44:29,653] {logging_mixin.py:115} INFO - outlets
[2023-08-01 22:44:29,653] {logging_mixin.py:115} INFO - params
[2023-08-01 22:44:29,653] {logging_mixin.py:115} INFO - prev_data_interval_start_success
[2023-08-01 22:44:29,654] {logging_mixin.py:115} INFO - prev_data_interval_end_success
[2023-08-01 22:44:29,654] {logging_mixin.py:115} INFO - prev_ds
[2023-08-01 22:44:29,654] {logging_mixin.py:115} INFO - prev_ds_nodash
[2023-08-01 22:44:29,654] {logging_mixin.py:115} INFO - prev_execution_date
[2023-08-01 22:44:29,654] {logging_mixin.py:115} INFO - prev_execution_date_success
[2023-08-01 22:44:29,654] {logging_mixin.py:115} INFO - prev_start_date_success
[2023-08-01 22:44:29,654] {logging_mixin.py:115} INFO - run_id
[2023-08-01 22:44:29,654] {logging_mixin.py:115} INFO - task
[2023-08-01 22:44:29,654] {logging_mixin.py:115} INFO - task_instance
[2023-08-01 22:44:29,655] {logging_mixin.py:115} INFO - task_instance_key_str
[2023-08-01 22:44:29,655] {logging_mixin.py:115} INFO - test_mode
[2023-08-01 22:44:29,655] {logging_mixin.py:115} INFO - ti
[2023-08-01 22:44:29,655] {logging_mixin.py:115} INFO - tomorrow_ds
[2023-08-01 22:44:29,655] {logging_mixin.py:115} INFO - tomorrow_ds_nodash
[2023-08-01 22:44:29,655] {logging_mixin.py:115} INFO - ts
[2023-08-01 22:44:29,655] {logging_mixin.py:115} INFO - ts_nodash
[2023-08-01 22:44:29,655] {logging_mixin.py:115} INFO - ts_nodash_with_tz
[2023-08-01 22:44:29,655] {logging_mixin.py:115} INFO - var
[2023-08-01 22:44:29,655] {logging_mixin.py:115} INFO - conn
[2023-08-01 22:44:29,656] {logging_mixin.py:115} INFO - yesterday_ds
[2023-08-01 22:44:29,656] {logging_mixin.py:115} INFO - yesterday_ds_nodash
[2023-08-01 22:44:33,044] {local_task_job.py:273} INFO - 0 downstream tasks scheduled from follow-on schedule check
