[2023-07-30 22:07:06,716] {taskinstance.py:1179} INFO - Dependencies all met for <TaskInstance: dag_smtp_email_automatico.dag_envio scheduled__2023-07-14T00:00:00+00:00 [queued]>
[2023-07-30 22:07:06,833] {taskinstance.py:1179} INFO - Dependencies all met for <TaskInstance: dag_smtp_email_automatico.dag_envio scheduled__2023-07-14T00:00:00+00:00 [queued]>
[2023-07-30 22:07:06,833] {taskinstance.py:1376} INFO - 
--------------------------------------------------------------------------------
[2023-07-30 22:07:06,833] {taskinstance.py:1377} INFO - Starting attempt 1 of 1
[2023-07-30 22:07:06,834] {taskinstance.py:1378} INFO - 
--------------------------------------------------------------------------------
[2023-07-30 22:07:06,997] {taskinstance.py:1397} INFO - Executing <Task(PythonOperator): dag_envio> on 2023-07-14 00:00:00+00:00
[2023-07-30 22:07:07,031] {standard_task_runner.py:52} INFO - Started process 1552 to run task
[2023-07-30 22:07:07,047] {standard_task_runner.py:79} INFO - Running: ['***', 'tasks', 'run', 'dag_smtp_email_automatico', 'dag_envio', 'scheduled__2023-07-14T00:00:00+00:00', '--job-id', '312', '--raw', '--subdir', 'DAGS_FOLDER/dag_smtp_email.py', '--cfg-path', '/tmp/tmp86vtxmjg', '--error-file', '/tmp/tmp2j93znif']
[2023-07-30 22:07:07,048] {standard_task_runner.py:80} INFO - Job 312: Subtask dag_envio
[2023-07-30 22:07:07,530] {task_command.py:371} INFO - Running <TaskInstance: dag_smtp_email_automatico.dag_envio scheduled__2023-07-14T00:00:00+00:00 [running]> on host b0e2d990d7ae
[2023-07-30 22:07:08,334] {taskinstance.py:1591} INFO - Exporting the following env vars:
AIRFLOW_CTX_DAG_OWNER=Ariel Feldman
AIRFLOW_CTX_DAG_ID=dag_smtp_email_automatico
AIRFLOW_CTX_TASK_ID=dag_envio
AIRFLOW_CTX_EXECUTION_DATE=2023-07-14T00:00:00+00:00
AIRFLOW_CTX_TRY_NUMBER=1
AIRFLOW_CTX_DAG_RUN_ID=scheduled__2023-07-14T00:00:00+00:00
[2023-07-30 22:07:09,368] {logging_mixin.py:115} INFO - Connection unexpectedly closed
[2023-07-30 22:07:09,368] {logging_mixin.py:115} INFO - Failure
[2023-07-30 22:07:09,368] {python.py:173} INFO - Done. Returned value was: None
[2023-07-30 22:07:09,409] {taskinstance.py:1420} INFO - Marking task as SUCCESS. dag_id=dag_smtp_email_automatico, task_id=dag_envio, execution_date=20230714T000000, start_date=20230730T220706, end_date=20230730T220709
[2023-07-30 22:07:09,477] {local_task_job.py:156} INFO - Task exited with return code 0
[2023-07-30 22:07:09,546] {local_task_job.py:273} INFO - 0 downstream tasks scheduled from follow-on schedule check
