[2023-07-12 00:32:57,714] {taskinstance.py:1179} INFO - Dependencies all met for <TaskInstance: mi_primer_dag_v3.primera_tarea scheduled__2022-08-11T00:00:00+00:00 [queued]>
[2023-07-12 00:32:58,066] {taskinstance.py:1179} INFO - Dependencies all met for <TaskInstance: mi_primer_dag_v3.primera_tarea scheduled__2022-08-11T00:00:00+00:00 [queued]>
[2023-07-12 00:32:58,069] {taskinstance.py:1376} INFO - 
--------------------------------------------------------------------------------
[2023-07-12 00:32:58,069] {taskinstance.py:1377} INFO - Starting attempt 1 of 6
[2023-07-12 00:32:58,069] {taskinstance.py:1378} INFO - 
--------------------------------------------------------------------------------
[2023-07-12 00:32:58,425] {taskinstance.py:1397} INFO - Executing <Task(BashOperator): primera_tarea> on 2022-08-11 00:00:00+00:00
[2023-07-12 00:32:58,474] {standard_task_runner.py:52} INFO - Started process 201 to run task
[2023-07-12 00:32:58,575] {standard_task_runner.py:79} INFO - Running: ['***', 'tasks', 'run', 'mi_primer_dag_v3', 'primera_tarea', 'scheduled__2022-08-11T00:00:00+00:00', '--job-id', '22', '--raw', '--subdir', 'DAGS_FOLDER/primer_dag_v3.py', '--cfg-path', '/tmp/tmpt2ta00qv', '--error-file', '/tmp/tmpstw5svia']
[2023-07-12 00:32:58,581] {standard_task_runner.py:80} INFO - Job 22: Subtask primera_tarea
[2023-07-12 00:32:59,335] {task_command.py:371} INFO - Running <TaskInstance: mi_primer_dag_v3.primera_tarea scheduled__2022-08-11T00:00:00+00:00 [running]> on host 7a1b6d75866e
[2023-07-12 00:33:00,950] {taskinstance.py:1591} INFO - Exporting the following env vars:
AIRFLOW_CTX_DAG_OWNER=DavidBU
AIRFLOW_CTX_DAG_ID=mi_primer_dag_v3
AIRFLOW_CTX_TASK_ID=primera_tarea
AIRFLOW_CTX_EXECUTION_DATE=2022-08-11T00:00:00+00:00
AIRFLOW_CTX_TRY_NUMBER=1
AIRFLOW_CTX_DAG_RUN_ID=scheduled__2022-08-11T00:00:00+00:00
[2023-07-12 00:33:00,992] {subprocess.py:62} INFO - Tmp dir root location: 
 /tmp
[2023-07-12 00:33:00,993] {subprocess.py:74} INFO - Running command: ['bash', '-c', 'echo hola mundo, esta es nuestra primera tarea!']
[2023-07-12 00:33:01,300] {subprocess.py:85} INFO - Output:
[2023-07-12 00:33:01,307] {subprocess.py:92} INFO - hola mundo, esta es nuestra primera tarea!
[2023-07-12 00:33:01,308] {subprocess.py:96} INFO - Command exited with return code 0
[2023-07-12 00:33:02,502] {taskinstance.py:1420} INFO - Marking task as SUCCESS. dag_id=mi_primer_dag_v3, task_id=primera_tarea, execution_date=20220811T000000, start_date=20230712T003257, end_date=20230712T003302
[2023-07-12 00:33:02,771] {local_task_job.py:156} INFO - Task exited with return code 0
[2023-07-12 00:33:03,723] {local_task_job.py:273} INFO - 0 downstream tasks scheduled from follow-on schedule check
