[2023-07-31 00:00:23,453] {taskinstance.py:1179} INFO - Dependencies all met for <TaskInstance: hello_world.hello_task scheduled__2017-03-22T00:00:00+00:00 [queued]>
[2023-07-31 00:00:23,505] {taskinstance.py:1179} INFO - Dependencies all met for <TaskInstance: hello_world.hello_task scheduled__2017-03-22T00:00:00+00:00 [queued]>
[2023-07-31 00:00:23,505] {taskinstance.py:1376} INFO - 
--------------------------------------------------------------------------------
[2023-07-31 00:00:23,506] {taskinstance.py:1377} INFO - Starting attempt 1 of 1
[2023-07-31 00:00:23,506] {taskinstance.py:1378} INFO - 
--------------------------------------------------------------------------------
[2023-07-31 00:00:23,587] {taskinstance.py:1397} INFO - Executing <Task(PythonOperator): hello_task> on 2017-03-22 00:00:00+00:00
[2023-07-31 00:00:23,596] {standard_task_runner.py:52} INFO - Started process 6439 to run task
[2023-07-31 00:00:23,655] {standard_task_runner.py:79} INFO - Running: ['***', 'tasks', 'run', 'hello_world', 'hello_task', 'scheduled__2017-03-22T00:00:00+00:00', '--job-id', '333', '--raw', '--subdir', 'DAGS_FOLDER/dag_smtp_test.py', '--cfg-path', '/tmp/tmplqs75byc', '--error-file', '/tmp/tmp9sxbwfht']
[2023-07-31 00:00:23,664] {standard_task_runner.py:80} INFO - Job 333: Subtask hello_task
[2023-07-31 00:00:24,163] {task_command.py:371} INFO - Running <TaskInstance: hello_world.hello_task scheduled__2017-03-22T00:00:00+00:00 [running]> on host b0e2d990d7ae
[2023-07-31 00:00:24,733] {taskinstance.py:1591} INFO - Exporting the following env vars:
AIRFLOW_CTX_DAG_OWNER=***
AIRFLOW_CTX_DAG_ID=hello_world
AIRFLOW_CTX_TASK_ID=hello_task
AIRFLOW_CTX_EXECUTION_DATE=2017-03-22T00:00:00+00:00
AIRFLOW_CTX_TRY_NUMBER=1
AIRFLOW_CTX_DAG_RUN_ID=scheduled__2017-03-22T00:00:00+00:00
[2023-07-31 00:00:24,742] {logging_mixin.py:115} INFO - Hello world!
[2023-07-31 00:00:24,743] {python.py:173} INFO - Done. Returned value was: None
[2023-07-31 00:00:25,100] {taskinstance.py:1420} INFO - Marking task as SUCCESS. dag_id=hello_world, task_id=hello_task, execution_date=20170322T000000, start_date=20230731T000023, end_date=20230731T000025
[2023-07-31 00:00:25,202] {local_task_job.py:156} INFO - Task exited with return code 0
[2023-07-31 00:00:25,615] {local_task_job.py:273} INFO - 1 downstream tasks scheduled from follow-on schedule check
