[2023-07-31 00:00:58,933] {taskinstance.py:1179} INFO - Dependencies all met for <TaskInstance: hello_world.send_email scheduled__2017-04-05T00:00:00+00:00 [queued]>
[2023-07-31 00:00:59,090] {taskinstance.py:1179} INFO - Dependencies all met for <TaskInstance: hello_world.send_email scheduled__2017-04-05T00:00:00+00:00 [queued]>
[2023-07-31 00:00:59,090] {taskinstance.py:1376} INFO - 
--------------------------------------------------------------------------------
[2023-07-31 00:00:59,090] {taskinstance.py:1377} INFO - Starting attempt 1 of 1
[2023-07-31 00:00:59,090] {taskinstance.py:1378} INFO - 
--------------------------------------------------------------------------------
[2023-07-31 00:00:59,330] {taskinstance.py:1397} INFO - Executing <Task(EmailOperator): send_email> on 2017-04-05 00:00:00+00:00
[2023-07-31 00:00:59,374] {standard_task_runner.py:79} INFO - Running: ['***', 'tasks', 'run', 'hello_world', 'send_email', 'scheduled__2017-04-05T00:00:00+00:00', '--job-id', '370', '--raw', '--subdir', 'DAGS_FOLDER/dag_smtp_test.py', '--cfg-path', '/tmp/tmp_v__7ydx', '--error-file', '/tmp/tmps5gu_04t']
[2023-07-31 00:00:59,375] {standard_task_runner.py:80} INFO - Job 370: Subtask send_email
[2023-07-31 00:00:59,389] {standard_task_runner.py:52} INFO - Started process 6532 to run task
[2023-07-31 00:01:00,076] {task_command.py:371} INFO - Running <TaskInstance: hello_world.send_email scheduled__2017-04-05T00:00:00+00:00 [running]> on host b0e2d990d7ae
[2023-07-31 00:01:01,043] {taskinstance.py:1591} INFO - Exporting the following env vars:
AIRFLOW_CTX_DAG_OWNER=***
AIRFLOW_CTX_DAG_ID=hello_world
AIRFLOW_CTX_TASK_ID=send_email
AIRFLOW_CTX_EXECUTION_DATE=2017-04-05T00:00:00+00:00
AIRFLOW_CTX_TRY_NUMBER=1
AIRFLOW_CTX_DAG_RUN_ID=scheduled__2017-04-05T00:00:00+00:00
[2023-07-31 00:01:01,156] {warnings.py:110} WARNING - /home/***/.local/lib/python3.7/site-packages/***/utils/email.py:119: PendingDeprecationWarning: Fetching SMTP credentials from configuration variables will be deprecated in a future release. Please set credentials using a connection instead.
  send_mime_email(e_from=mail_from, e_to=recipients, mime_msg=msg, conn_id=conn_id, dryrun=dryrun)

[2023-07-31 00:01:01,156] {configuration.py:552} WARNING - section/key [smtp/smtp_user] not found in config
[2023-07-31 00:01:01,157] {email.py:228} INFO - Email alerting: attempt 1
[2023-07-31 00:01:01,176] {taskinstance.py:1909} ERROR - Task failed with exception
Traceback (most recent call last):
  File "/home/airflow/.local/lib/python3.7/site-packages/airflow/operators/email.py", line 85, in execute
    custom_headers=self.custom_headers,
  File "/home/airflow/.local/lib/python3.7/site-packages/airflow/utils/email.py", line 71, in send_email
    **kwargs,
  File "/home/airflow/.local/lib/python3.7/site-packages/airflow/utils/email.py", line 119, in send_email_smtp
    send_mime_email(e_from=mail_from, e_to=recipients, mime_msg=msg, conn_id=conn_id, dryrun=dryrun)
  File "/home/airflow/.local/lib/python3.7/site-packages/airflow/utils/email.py", line 230, in send_mime_email
    smtp_conn = _get_smtp_connection(smtp_host, smtp_port, smtp_timeout, smtp_ssl)
  File "/home/airflow/.local/lib/python3.7/site-packages/airflow/utils/email.py", line 264, in _get_smtp_connection
    else smtplib.SMTP(host=host, port=port, timeout=timeout)
  File "/usr/local/lib/python3.7/smtplib.py", line 251, in __init__
    (code, msg) = self.connect(host, port)
  File "/usr/local/lib/python3.7/smtplib.py", line 336, in connect
    self.sock = self._get_socket(host, port, self.timeout)
  File "/usr/local/lib/python3.7/smtplib.py", line 307, in _get_socket
    self.source_address)
  File "/usr/local/lib/python3.7/socket.py", line 728, in create_connection
    raise err
  File "/usr/local/lib/python3.7/socket.py", line 716, in create_connection
    sock.connect(sa)
OSError: [Errno 99] Cannot assign requested address
[2023-07-31 00:01:01,232] {taskinstance.py:1420} INFO - Marking task as FAILED. dag_id=hello_world, task_id=send_email, execution_date=20170405T000000, start_date=20230731T000058, end_date=20230731T000101
[2023-07-31 00:01:01,325] {standard_task_runner.py:97} ERROR - Failed to execute job 370 for task send_email ([Errno 99] Cannot assign requested address; 6532)
[2023-07-31 00:01:01,389] {local_task_job.py:156} INFO - Task exited with return code 1
[2023-07-31 00:01:02,267] {local_task_job.py:273} INFO - 0 downstream tasks scheduled from follow-on schedule check
