[2023-08-01 23:23:25,715] {taskinstance.py:1179} INFO - Dependencies all met for <TaskInstance: etl_api_marvel_2.extract manual__2023-08-01T23:23:24.300759+00:00 [queued]>
[2023-08-01 23:23:25,729] {taskinstance.py:1179} INFO - Dependencies all met for <TaskInstance: etl_api_marvel_2.extract manual__2023-08-01T23:23:24.300759+00:00 [queued]>
[2023-08-01 23:23:25,729] {taskinstance.py:1376} INFO - 
--------------------------------------------------------------------------------
[2023-08-01 23:23:25,729] {taskinstance.py:1377} INFO - Starting attempt 1 of 2
[2023-08-01 23:23:25,729] {taskinstance.py:1378} INFO - 
--------------------------------------------------------------------------------
[2023-08-01 23:23:25,746] {taskinstance.py:1397} INFO - Executing <Task(PythonOperator): extract> on 2023-08-01 23:23:24.300759+00:00
[2023-08-01 23:23:25,755] {standard_task_runner.py:52} INFO - Started process 1908 to run task
[2023-08-01 23:23:25,759] {standard_task_runner.py:79} INFO - Running: ['***', 'tasks', 'run', 'etl_api_marvel_2', 'extract', 'manual__2023-08-01T23:23:24.300759+00:00', '--job-id', '1269', '--raw', '--subdir', 'DAGS_FOLDER/dag_etl_failure.py', '--cfg-path', '/tmp/tmpk9bfzgni', '--error-file', '/tmp/tmpj56_y1it']
[2023-08-01 23:23:25,760] {standard_task_runner.py:80} INFO - Job 1269: Subtask extract
[2023-08-01 23:23:25,843] {task_command.py:371} INFO - Running <TaskInstance: etl_api_marvel_2.extract manual__2023-08-01T23:23:24.300759+00:00 [running]> on host 24cbf2f01ed0
[2023-08-01 23:23:26,004] {taskinstance.py:1591} INFO - Exporting the following env vars:
AIRFLOW_CTX_DAG_EMAIL=arielmfeldman.af@gmail.com
AIRFLOW_CTX_DAG_OWNER=Ariel Feldman
AIRFLOW_CTX_DAG_ID=etl_api_marvel_2
AIRFLOW_CTX_TASK_ID=extract
AIRFLOW_CTX_EXECUTION_DATE=2023-08-01T23:23:24.300759+00:00
AIRFLOW_CTX_TRY_NUMBER=1
AIRFLOW_CTX_DAG_RUN_ID=manual__2023-08-01T23:23:24.300759+00:00
[2023-08-01 23:23:27,435] {python.py:173} INFO - Done. Returned value was: None
[2023-08-01 23:23:27,463] {taskinstance.py:1420} INFO - Marking task as SUCCESS. dag_id=etl_api_marvel_2, task_id=extract, execution_date=20230801T232324, start_date=20230801T232325, end_date=20230801T232327
[2023-08-01 23:23:27,497] {local_task_job.py:156} INFO - Task exited with return code 0
[2023-08-01 23:23:27,534] {taskinstance.py:1760} ERROR - Error when executing on_success_callback
Traceback (most recent call last):
  File "/home/airflow/.local/lib/python3.7/site-packages/airflow/models/taskinstance.py", line 1758, in _run_finished_callback
    task.on_success_callback(context)
TypeError: send_email() missing 1 required positional argument: 'context'
[2023-08-01 23:23:27,570] {local_task_job.py:273} INFO - 1 downstream tasks scheduled from follow-on schedule check
